Linux 5.3.0-61-generic (cw-zenbook) 	07/16/2020 	_x86_64_	(8 CPU)

05:18:48 PM  CPU    %usr   %nice    %sys %iowait    %irq   %soft  %steal  %guest  %gnice   %idle
05:18:49 PM    0   53.47    0.00   23.76    0.00    0.00    1.98    0.00    0.00    0.00   20.79

05:18:49 PM  CPU    %usr   %nice    %sys %iowait    %irq   %soft  %steal  %guest  %gnice   %idle
05:18:50 PM    0   50.00    0.00   21.57    0.00    0.00    6.86    0.00    0.00    0.00   21.57

05:18:50 PM  CPU    %usr   %nice    %sys %iowait    %irq   %soft  %steal  %guest  %gnice   %idle
05:18:51 PM    0   49.48    0.00   22.68    0.00    0.00    6.19    0.00    0.00    0.00   21.65

05:18:51 PM  CPU    %usr   %nice    %sys %iowait    %irq   %soft  %steal  %guest  %gnice   %idle
05:18:52 PM    0   50.00    0.00   25.51    0.00    0.00    3.06    0.00    0.00    0.00   21.43

05:18:52 PM  CPU    %usr   %nice    %sys %iowait    %irq   %soft  %steal  %guest  %gnice   %idle
05:18:53 PM    0   52.94    0.00   22.55    0.00    0.00    3.92    0.00    0.00    0.00   20.59

05:18:53 PM  CPU    %usr   %nice    %sys %iowait    %irq   %soft  %steal  %guest  %gnice   %idle
05:18:54 PM    0   54.46    0.00   21.78    0.00    0.00    2.97    0.00    0.00    0.00   20.79

05:18:54 PM  CPU    %usr   %nice    %sys %iowait    %irq   %soft  %steal  %guest  %gnice   %idle
05:18:55 PM    0   49.50    0.00   21.78    0.00    0.00    7.92    0.00    0.00    0.00   20.79

05:18:55 PM  CPU    %usr   %nice    %sys %iowait    %irq   %soft  %steal  %guest  %gnice   %idle
05:18:56 PM    0   53.06    0.00   20.41    0.00    0.00    5.10    0.00    0.00    0.00   21.43

05:18:56 PM  CPU    %usr   %nice    %sys %iowait    %irq   %soft  %steal  %guest  %gnice   %idle
05:18:57 PM    0   53.61    0.00   20.62    0.00    0.00    4.12    0.00    0.00    0.00   21.65

05:18:57 PM  CPU    %usr   %nice    %sys %iowait    %irq   %soft  %steal  %guest  %gnice   %idle
05:18:58 PM    0   52.04    0.00   19.39    0.00    0.00    7.14    0.00    0.00    0.00   21.43

05:18:58 PM  CPU    %usr   %nice    %sys %iowait    %irq   %soft  %steal  %guest  %gnice   %idle
05:18:59 PM    0   55.88    0.00   21.57    0.00    0.00    2.94    0.00    0.00    0.00   19.61

05:18:59 PM  CPU    %usr   %nice    %sys %iowait    %irq   %soft  %steal  %guest  %gnice   %idle
05:19:00 PM    0   59.80    0.00   14.71    0.00    0.00    3.92    0.00    0.00    0.00   21.57

05:19:00 PM  CPU    %usr   %nice    %sys %iowait    %irq   %soft  %steal  %guest  %gnice   %idle
05:19:01 PM    0   51.52    0.00   22.22    0.00    0.00    4.04    0.00    0.00    0.00   22.22

05:19:01 PM  CPU    %usr   %nice    %sys %iowait    %irq   %soft  %steal  %guest  %gnice   %idle
05:19:02 PM    0   52.53    0.00   19.19    0.00    0.00    6.06    0.00    0.00    0.00   22.22

05:19:02 PM  CPU    %usr   %nice    %sys %iowait    %irq   %soft  %steal  %guest  %gnice   %idle
05:19:03 PM    0   52.00    0.00   22.00    0.00    0.00    5.00    0.00    0.00    0.00   21.00

05:19:03 PM  CPU    %usr   %nice    %sys %iowait    %irq   %soft  %steal  %guest  %gnice   %idle
05:19:04 PM    0   51.02    0.00   21.43    0.00    0.00    5.10    0.00    0.00    0.00   22.45

05:19:04 PM  CPU    %usr   %nice    %sys %iowait    %irq   %soft  %steal  %guest  %gnice   %idle
05:19:05 PM    0   53.54    0.00   20.20    0.00    0.00    5.05    0.00    0.00    0.00   21.21

05:19:05 PM  CPU    %usr   %nice    %sys %iowait    %irq   %soft  %steal  %guest  %gnice   %idle
05:19:06 PM    0   52.00    0.00   21.00    0.00    0.00    5.00    0.00    0.00    0.00   22.00

05:19:06 PM  CPU    %usr   %nice    %sys %iowait    %irq   %soft  %steal  %guest  %gnice   %idle
05:19:07 PM    0   55.45    0.00   19.80    0.00    0.00    3.96    0.00    0.00    0.00   20.79

05:19:07 PM  CPU    %usr   %nice    %sys %iowait    %irq   %soft  %steal  %guest  %gnice   %idle
05:19:08 PM    0   48.00    0.00   22.00    0.00    0.00    8.00    0.00    0.00    0.00   22.00

05:19:08 PM  CPU    %usr   %nice    %sys %iowait    %irq   %soft  %steal  %guest  %gnice   %idle
05:19:09 PM    0   51.52    0.00   20.20    0.00    0.00    7.07    0.00    0.00    0.00   21.21

05:19:09 PM  CPU    %usr   %nice    %sys %iowait    %irq   %soft  %steal  %guest  %gnice   %idle
05:19:10 PM    0   50.00    0.00   21.43    0.00    0.00    7.14    0.00    0.00    0.00   21.43

05:19:10 PM  CPU    %usr   %nice    %sys %iowait    %irq   %soft  %steal  %guest  %gnice   %idle
05:19:11 PM    0   50.00    0.00   25.00    0.00    0.00    3.85    0.00    0.00    0.00   21.15

05:19:11 PM  CPU    %usr   %nice    %sys %iowait    %irq   %soft  %steal  %guest  %gnice   %idle
05:19:12 PM    0   54.37    0.00   19.42    0.00    0.00    5.83    0.00    0.00    0.00   20.39

05:19:12 PM  CPU    %usr   %nice    %sys %iowait    %irq   %soft  %steal  %guest  %gnice   %idle
05:19:13 PM    0   51.02    0.00   19.39    0.00    0.00    7.14    0.00    0.00    0.00   22.45

05:19:13 PM  CPU    %usr   %nice    %sys %iowait    %irq   %soft  %steal  %guest  %gnice   %idle
05:19:14 PM    0   53.06    0.00   21.43    0.00    0.00    4.08    0.00    0.00    0.00   21.43

05:19:14 PM  CPU    %usr   %nice    %sys %iowait    %irq   %soft  %steal  %guest  %gnice   %idle
05:19:15 PM    0   46.00    0.00   24.00    0.00    0.00    8.00    0.00    0.00    0.00   22.00

05:19:15 PM  CPU    %usr   %nice    %sys %iowait    %irq   %soft  %steal  %guest  %gnice   %idle
05:19:16 PM    0   50.51    0.00   24.24    0.00    0.00    4.04    0.00    0.00    0.00   21.21

05:19:16 PM  CPU    %usr   %nice    %sys %iowait    %irq   %soft  %steal  %guest  %gnice   %idle
05:19:17 PM    0   50.98    0.00   24.51    0.00    0.00    3.92    0.00    0.00    0.00   20.59

05:19:17 PM  CPU    %usr   %nice    %sys %iowait    %irq   %soft  %steal  %guest  %gnice   %idle
05:19:18 PM    0   53.00    0.00   20.00    0.00    0.00    5.00    0.00    0.00    0.00   22.00

05:19:18 PM  CPU    %usr   %nice    %sys %iowait    %irq   %soft  %steal  %guest  %gnice   %idle
05:19:19 PM    0   54.08    0.00   20.41    0.00    0.00    4.08    0.00    0.00    0.00   21.43

05:19:19 PM  CPU    %usr   %nice    %sys %iowait    %irq   %soft  %steal  %guest  %gnice   %idle
05:19:20 PM    0   53.54    0.00   25.25    0.00    0.00    1.01    0.00    0.00    0.00   20.20

05:19:20 PM  CPU    %usr   %nice    %sys %iowait    %irq   %soft  %steal  %guest  %gnice   %idle
05:19:21 PM    0   53.00    0.00   18.00    0.00    0.00    7.00    0.00    0.00    0.00   22.00

05:19:21 PM  CPU    %usr   %nice    %sys %iowait    %irq   %soft  %steal  %guest  %gnice   %idle
05:19:22 PM    0   42.86    0.00   29.59    0.00    0.00    6.12    0.00    0.00    0.00   21.43

05:19:22 PM  CPU    %usr   %nice    %sys %iowait    %irq   %soft  %steal  %guest  %gnice   %idle
05:19:23 PM    0   51.96    0.00   21.57    0.00    0.00    4.90    0.00    0.00    0.00   21.57

05:19:23 PM  CPU    %usr   %nice    %sys %iowait    %irq   %soft  %steal  %guest  %gnice   %idle
05:19:24 PM    0   53.00    0.00   22.00    0.00    0.00    5.00    0.00    0.00    0.00   20.00

05:19:24 PM  CPU    %usr   %nice    %sys %iowait    %irq   %soft  %steal  %guest  %gnice   %idle
05:19:25 PM    0   54.00    0.00   20.00    0.00    0.00    5.00    0.00    0.00    0.00   21.00

05:19:25 PM  CPU    %usr   %nice    %sys %iowait    %irq   %soft  %steal  %guest  %gnice   %idle
05:19:26 PM    0   52.53    0.00   17.17    0.00    0.00    8.08    0.00    0.00    0.00   22.22

05:19:26 PM  CPU    %usr   %nice    %sys %iowait    %irq   %soft  %steal  %guest  %gnice   %idle
05:19:27 PM    0   56.57    0.00   16.16    0.00    0.00    5.05    0.00    0.00    0.00   22.22

05:19:27 PM  CPU    %usr   %nice    %sys %iowait    %irq   %soft  %steal  %guest  %gnice   %idle
05:19:28 PM    0   58.00    0.00   18.00    0.00    0.00    3.00    0.00    0.00    0.00   21.00

05:19:28 PM  CPU    %usr   %nice    %sys %iowait    %irq   %soft  %steal  %guest  %gnice   %idle
05:19:29 PM    0   52.00    0.00   21.00    0.00    0.00    6.00    0.00    0.00    0.00   21.00

05:19:29 PM  CPU    %usr   %nice    %sys %iowait    %irq   %soft  %steal  %guest  %gnice   %idle
05:19:30 PM    0   53.61    0.00   19.59    0.00    0.00    5.15    0.00    0.00    0.00   21.65

05:19:30 PM  CPU    %usr   %nice    %sys %iowait    %irq   %soft  %steal  %guest  %gnice   %idle
05:19:31 PM    0   51.00    0.00   20.00    0.00    0.00    8.00    0.00    0.00    0.00   21.00

05:19:31 PM  CPU    %usr   %nice    %sys %iowait    %irq   %soft  %steal  %guest  %gnice   %idle
05:19:32 PM    0   55.00    0.00   18.00    0.00    0.00    5.00    0.00    0.00    0.00   22.00

05:19:32 PM  CPU    %usr   %nice    %sys %iowait    %irq   %soft  %steal  %guest  %gnice   %idle
05:19:33 PM    0   50.00    0.00   22.00    0.00    0.00    6.00    0.00    0.00    0.00   22.00

05:19:33 PM  CPU    %usr   %nice    %sys %iowait    %irq   %soft  %steal  %guest  %gnice   %idle
05:19:34 PM    0   52.53    0.00   19.19    0.00    0.00    7.07    0.00    0.00    0.00   21.21

05:19:34 PM  CPU    %usr   %nice    %sys %iowait    %irq   %soft  %steal  %guest  %gnice   %idle
05:19:35 PM    0   55.56    0.00   20.20    0.00    0.00    3.03    0.00    0.00    0.00   21.21

05:19:35 PM  CPU    %usr   %nice    %sys %iowait    %irq   %soft  %steal  %guest  %gnice   %idle
05:19:36 PM    0   53.54    0.00   20.20    0.00    0.00    5.05    0.00    0.00    0.00   21.21

05:19:36 PM  CPU    %usr   %nice    %sys %iowait    %irq   %soft  %steal  %guest  %gnice   %idle
05:19:37 PM    0   54.08    0.00   19.39    0.00    0.00    5.10    0.00    0.00    0.00   21.43

05:19:37 PM  CPU    %usr   %nice    %sys %iowait    %irq   %soft  %steal  %guest  %gnice   %idle
05:19:38 PM    0   49.00    0.00   25.00    0.00    0.00    5.00    0.00    0.00    0.00   21.00

05:19:38 PM  CPU    %usr   %nice    %sys %iowait    %irq   %soft  %steal  %guest  %gnice   %idle
05:19:39 PM    0   55.10    0.00   18.37    0.00    0.00    4.08    0.00    0.00    0.00   22.45

05:19:39 PM  CPU    %usr   %nice    %sys %iowait    %irq   %soft  %steal  %guest  %gnice   %idle
05:19:40 PM    0   55.10    0.00   20.41    0.00    0.00    3.06    0.00    0.00    0.00   21.43

05:19:40 PM  CPU    %usr   %nice    %sys %iowait    %irq   %soft  %steal  %guest  %gnice   %idle
05:19:41 PM    0   54.64    0.00   20.62    0.00    0.00    3.09    0.00    0.00    0.00   21.65

05:19:41 PM  CPU    %usr   %nice    %sys %iowait    %irq   %soft  %steal  %guest  %gnice   %idle
05:19:42 PM    0   55.45    0.00   19.80    0.00    0.00    3.96    0.00    0.00    0.00   20.79

05:19:42 PM  CPU    %usr   %nice    %sys %iowait    %irq   %soft  %steal  %guest  %gnice   %idle
05:19:43 PM    0   53.00    0.00   18.00    0.00    0.00    7.00    0.00    0.00    0.00   22.00

05:19:43 PM  CPU    %usr   %nice    %sys %iowait    %irq   %soft  %steal  %guest  %gnice   %idle
05:19:44 PM    0   48.45    0.00   23.71    0.00    0.00    6.19    0.00    0.00    0.00   21.65

05:19:44 PM  CPU    %usr   %nice    %sys %iowait    %irq   %soft  %steal  %guest  %gnice   %idle
05:19:45 PM    0   54.00    0.00   20.00    0.00    0.00    4.00    0.00    0.00    0.00   22.00

05:19:45 PM  CPU    %usr   %nice    %sys %iowait    %irq   %soft  %steal  %guest  %gnice   %idle
05:19:46 PM    0   55.00    0.00   21.00    0.00    0.00    3.00    0.00    0.00    0.00   21.00

05:19:46 PM  CPU    %usr   %nice    %sys %iowait    %irq   %soft  %steal  %guest  %gnice   %idle
05:19:47 PM    0   51.49    0.00   22.77    0.00    0.00    5.94    0.00    0.00    0.00   19.80

05:19:47 PM  CPU    %usr   %nice    %sys %iowait    %irq   %soft  %steal  %guest  %gnice   %idle
05:19:48 PM    0   54.81    0.00   19.23    0.00    0.00    5.77    0.00    0.00    0.00   20.19

05:19:48 PM  CPU    %usr   %nice    %sys %iowait    %irq   %soft  %steal  %guest  %gnice   %idle
05:19:49 PM    0   54.55    0.00   18.18    0.00    0.00    6.06    0.00    0.00    0.00   21.21

05:19:49 PM  CPU    %usr   %nice    %sys %iowait    %irq   %soft  %steal  %guest  %gnice   %idle
05:19:50 PM    0   57.00    0.00   20.00    0.00    0.00    3.00    0.00    0.00    0.00   20.00

05:19:50 PM  CPU    %usr   %nice    %sys %iowait    %irq   %soft  %steal  %guest  %gnice   %idle
05:19:51 PM    0   54.46    0.00   19.80    0.00    0.00    4.95    0.00    0.00    0.00   20.79

05:19:51 PM  CPU    %usr   %nice    %sys %iowait    %irq   %soft  %steal  %guest  %gnice   %idle
05:19:52 PM    0   44.00    0.00   27.00    0.00    0.00    7.00    0.00    0.00    0.00   22.00

05:19:52 PM  CPU    %usr   %nice    %sys %iowait    %irq   %soft  %steal  %guest  %gnice   %idle
05:19:53 PM    0   53.00    0.00   21.00    0.00    0.00    5.00    0.00    0.00    0.00   21.00

05:19:53 PM  CPU    %usr   %nice    %sys %iowait    %irq   %soft  %steal  %guest  %gnice   %idle
05:19:54 PM    0   56.00    0.00   20.00    0.00    0.00    3.00    0.00    0.00    0.00   21.00

05:19:54 PM  CPU    %usr   %nice    %sys %iowait    %irq   %soft  %steal  %guest  %gnice   %idle
05:19:55 PM    0   53.47    0.00   22.77    0.00    0.00    2.97    0.00    0.00    0.00   20.79

05:19:55 PM  CPU    %usr   %nice    %sys %iowait    %irq   %soft  %steal  %guest  %gnice   %idle
05:19:56 PM    0   50.00    0.00   23.00    0.00    0.00    6.00    0.00    0.00    0.00   21.00

05:19:56 PM  CPU    %usr   %nice    %sys %iowait    %irq   %soft  %steal  %guest  %gnice   %idle
05:19:57 PM    0   54.90    0.00   18.63    0.00    0.00    6.86    0.00    0.00    0.00   19.61

05:19:57 PM  CPU    %usr   %nice    %sys %iowait    %irq   %soft  %steal  %guest  %gnice   %idle
05:19:58 PM    0   54.55    0.00   19.19    0.00    0.00    5.05    0.00    0.00    0.00   21.21

05:19:58 PM  CPU    %usr   %nice    %sys %iowait    %irq   %soft  %steal  %guest  %gnice   %idle
05:19:59 PM    0   53.92    0.00   21.57    0.00    0.00    3.92    0.00    0.00    0.00   20.59

05:19:59 PM  CPU    %usr   %nice    %sys %iowait    %irq   %soft  %steal  %guest  %gnice   %idle
05:20:00 PM    0   55.00    0.00   18.00    0.00    0.00    6.00    0.00    0.00    0.00   21.00

05:20:00 PM  CPU    %usr   %nice    %sys %iowait    %irq   %soft  %steal  %guest  %gnice   %idle
05:20:01 PM    0   47.96    0.00   21.43    0.00    0.00    8.16    0.00    0.00    0.00   22.45

05:20:01 PM  CPU    %usr   %nice    %sys %iowait    %irq   %soft  %steal  %guest  %gnice   %idle
05:20:02 PM    0   51.02    0.00   18.37    0.00    0.00    8.16    0.00    0.00    0.00   22.45

05:20:02 PM  CPU    %usr   %nice    %sys %iowait    %irq   %soft  %steal  %guest  %gnice   %idle
05:20:03 PM    0   55.34    0.00   18.45    0.00    0.00    5.83    0.00    0.00    0.00   20.39

05:20:03 PM  CPU    %usr   %nice    %sys %iowait    %irq   %soft  %steal  %guest  %gnice   %idle
05:20:04 PM    0   53.47    0.00   19.80    0.00    0.00    5.94    0.00    0.00    0.00   20.79

05:20:04 PM  CPU    %usr   %nice    %sys %iowait    %irq   %soft  %steal  %guest  %gnice   %idle
05:20:05 PM    0   56.00    0.00   19.00    0.00    0.00    4.00    0.00    0.00    0.00   21.00

05:20:05 PM  CPU    %usr   %nice    %sys %iowait    %irq   %soft  %steal  %guest  %gnice   %idle
05:20:06 PM    0   56.84    0.00   17.89    0.00    0.00    3.16    0.00    0.00    0.00   22.11

05:20:06 PM  CPU    %usr   %nice    %sys %iowait    %irq   %soft  %steal  %guest  %gnice   %idle
05:20:07 PM    0   51.49    0.00   22.77    0.00    0.00    4.95    0.00    0.00    0.00   20.79

05:20:07 PM  CPU    %usr   %nice    %sys %iowait    %irq   %soft  %steal  %guest  %gnice   %idle
05:20:08 PM    0   56.00    0.00   19.00    0.00    0.00    4.00    0.00    0.00    0.00   21.00

05:20:08 PM  CPU    %usr   %nice    %sys %iowait    %irq   %soft  %steal  %guest  %gnice   %idle
05:20:09 PM    0   54.46    0.00   21.78    0.00    0.00    2.97    0.00    0.00    0.00   20.79

05:20:09 PM  CPU    %usr   %nice    %sys %iowait    %irq   %soft  %steal  %guest  %gnice   %idle
05:20:10 PM    0   50.00    0.00   21.00    0.00    0.00    7.00    0.00    0.00    0.00   22.00

05:20:10 PM  CPU    %usr   %nice    %sys %iowait    %irq   %soft  %steal  %guest  %gnice   %idle
05:20:11 PM    0   57.14    0.00   16.33    0.00    0.00    5.10    0.00    0.00    0.00   21.43

05:20:11 PM  CPU    %usr   %nice    %sys %iowait    %irq   %soft  %steal  %guest  %gnice   %idle
05:20:12 PM    0   53.06    0.00   18.37    0.00    0.00    7.14    0.00    0.00    0.00   21.43

05:20:12 PM  CPU    %usr   %nice    %sys %iowait    %irq   %soft  %steal  %guest  %gnice   %idle
05:20:13 PM    0   54.74    0.00   18.95    0.00    0.00    5.26    0.00    0.00    0.00   21.05

05:20:13 PM  CPU    %usr   %nice    %sys %iowait    %irq   %soft  %steal  %guest  %gnice   %idle
05:20:14 PM    0   51.46    0.00   23.30    0.00    0.00    3.88    0.00    0.00    0.00   21.36

05:20:14 PM  CPU    %usr   %nice    %sys %iowait    %irq   %soft  %steal  %guest  %gnice   %idle
05:20:15 PM    0   52.04    0.00   22.45    0.00    0.00    5.10    0.00    0.00    0.00   20.41

05:20:15 PM  CPU    %usr   %nice    %sys %iowait    %irq   %soft  %steal  %guest  %gnice   %idle
05:20:16 PM    0   53.00    0.00   19.00    0.00    0.00    6.00    0.00    0.00    0.00   22.00

05:20:16 PM  CPU    %usr   %nice    %sys %iowait    %irq   %soft  %steal  %guest  %gnice   %idle
05:20:17 PM    0   50.51    0.00   22.22    0.00    0.00    6.06    0.00    0.00    0.00   21.21

05:20:17 PM  CPU    %usr   %nice    %sys %iowait    %irq   %soft  %steal  %guest  %gnice   %idle
05:20:18 PM    0   56.44    0.00   16.83    0.00    0.00    5.94    0.00    0.00    0.00   20.79

05:20:18 PM  CPU    %usr   %nice    %sys %iowait    %irq   %soft  %steal  %guest  %gnice   %idle
05:20:19 PM    0   55.00    0.00   20.00    0.00    0.00    4.00    0.00    0.00    0.00   21.00

05:20:19 PM  CPU    %usr   %nice    %sys %iowait    %irq   %soft  %steal  %guest  %gnice   %idle
05:20:20 PM    0   53.12    0.00   19.79    0.00    0.00    5.21    0.00    0.00    0.00   21.88

05:20:20 PM  CPU    %usr   %nice    %sys %iowait    %irq   %soft  %steal  %guest  %gnice   %idle
05:20:21 PM    0   53.47    0.00   20.79    0.00    0.00    4.95    0.00    0.00    0.00   20.79

05:20:21 PM  CPU    %usr   %nice    %sys %iowait    %irq   %soft  %steal  %guest  %gnice   %idle
05:20:22 PM    0   53.54    0.00   19.19    0.00    0.00    6.06    0.00    0.00    0.00   21.21

05:20:22 PM  CPU    %usr   %nice    %sys %iowait    %irq   %soft  %steal  %guest  %gnice   %idle
05:20:23 PM    0   50.49    0.00   24.27    0.00    0.00    4.85    0.00    0.00    0.00   20.39

05:20:23 PM  CPU    %usr   %nice    %sys %iowait    %irq   %soft  %steal  %guest  %gnice   %idle
05:20:24 PM    0   54.55    0.00   17.17    0.00    0.00    8.08    0.00    0.00    0.00   20.20

05:20:24 PM  CPU    %usr   %nice    %sys %iowait    %irq   %soft  %steal  %guest  %gnice   %idle
05:20:25 PM    0   54.55    0.00   18.18    0.00    0.00    6.06    0.00    0.00    0.00   21.21

05:20:25 PM  CPU    %usr   %nice    %sys %iowait    %irq   %soft  %steal  %guest  %gnice   %idle
05:20:26 PM    0   55.10    0.00   17.35    0.00    0.00    5.10    0.00    0.00    0.00   22.45

05:20:26 PM  CPU    %usr   %nice    %sys %iowait    %irq   %soft  %steal  %guest  %gnice   %idle
05:20:27 PM    0   51.55    0.00   19.59    0.00    0.00    7.22    0.00    0.00    0.00   21.65

05:20:27 PM  CPU    %usr   %nice    %sys %iowait    %irq   %soft  %steal  %guest  %gnice   %idle
05:20:28 PM    0   53.47    0.00   21.78    0.00    0.00    4.95    0.00    0.00    0.00   19.80

05:20:28 PM  CPU    %usr   %nice    %sys %iowait    %irq   %soft  %steal  %guest  %gnice   %idle
05:20:29 PM    0   51.00    0.00   20.00    0.00    0.00    7.00    0.00    0.00    0.00   22.00

05:20:29 PM  CPU    %usr   %nice    %sys %iowait    %irq   %soft  %steal  %guest  %gnice   %idle
05:20:30 PM    0   51.52    0.00   21.21    0.00    0.00    6.06    0.00    0.00    0.00   21.21

05:20:30 PM  CPU    %usr   %nice    %sys %iowait    %irq   %soft  %steal  %guest  %gnice   %idle
05:20:31 PM    0   53.54    0.00   21.21    0.00    0.00    5.05    0.00    0.00    0.00   20.20

05:20:31 PM  CPU    %usr   %nice    %sys %iowait    %irq   %soft  %steal  %guest  %gnice   %idle
05:20:32 PM    0   52.58    0.00   21.65    0.00    0.00    4.12    0.00    0.00    0.00   21.65

05:20:32 PM  CPU    %usr   %nice    %sys %iowait    %irq   %soft  %steal  %guest  %gnice   %idle
05:20:33 PM    0   54.55    0.00   20.20    0.00    0.00    4.04    0.00    0.00    0.00   21.21

05:20:33 PM  CPU    %usr   %nice    %sys %iowait    %irq   %soft  %steal  %guest  %gnice   %idle
05:20:34 PM    0   54.55    0.00   21.21    0.00    0.00    4.04    0.00    0.00    0.00   20.20

05:20:34 PM  CPU    %usr   %nice    %sys %iowait    %irq   %soft  %steal  %guest  %gnice   %idle
05:20:35 PM    0   50.00    0.00   21.00    0.00    0.00    8.00    0.00    0.00    0.00   21.00

05:20:35 PM  CPU    %usr   %nice    %sys %iowait    %irq   %soft  %steal  %guest  %gnice   %idle
05:20:36 PM    0   54.46    0.00   20.79    0.00    0.00    3.96    0.00    0.00    0.00   20.79

05:20:36 PM  CPU    %usr   %nice    %sys %iowait    %irq   %soft  %steal  %guest  %gnice   %idle
05:20:37 PM    0   55.56    0.00   18.18    0.00    0.00    5.05    0.00    0.00    0.00   21.21

05:20:37 PM  CPU    %usr   %nice    %sys %iowait    %irq   %soft  %steal  %guest  %gnice   %idle
05:20:38 PM    0   51.49    0.00   23.76    0.00    0.00    3.96    0.00    0.00    0.00   20.79

05:20:38 PM  CPU    %usr   %nice    %sys %iowait    %irq   %soft  %steal  %guest  %gnice   %idle
05:20:39 PM    0   54.55    0.00   18.18    0.00    0.00    6.06    0.00    0.00    0.00   21.21

05:20:39 PM  CPU    %usr   %nice    %sys %iowait    %irq   %soft  %steal  %guest  %gnice   %idle
05:20:40 PM    0   55.10    0.00   16.33    0.00    0.00    7.14    0.00    0.00    0.00   21.43

05:20:40 PM  CPU    %usr   %nice    %sys %iowait    %irq   %soft  %steal  %guest  %gnice   %idle
05:20:41 PM    0   56.00    0.00   16.00    0.00    0.00    7.00    0.00    0.00    0.00   21.00

05:20:41 PM  CPU    %usr   %nice    %sys %iowait    %irq   %soft  %steal  %guest  %gnice   %idle
05:20:42 PM    0   52.48    0.00   23.76    0.00    0.00    2.97    0.00    0.00    0.00   20.79

05:20:42 PM  CPU    %usr   %nice    %sys %iowait    %irq   %soft  %steal  %guest  %gnice   %idle
05:20:43 PM    0   50.51    0.00   22.22    0.00    0.00    6.06    0.00    0.00    0.00   21.21

05:20:43 PM  CPU    %usr   %nice    %sys %iowait    %irq   %soft  %steal  %guest  %gnice   %idle
05:20:44 PM    0   52.00    0.00   24.00    0.00    0.00    3.00    0.00    0.00    0.00   21.00

05:20:44 PM  CPU    %usr   %nice    %sys %iowait    %irq   %soft  %steal  %guest  %gnice   %idle
05:20:45 PM    0   57.00    0.00   16.00    0.00    0.00    6.00    0.00    0.00    0.00   21.00

05:20:45 PM  CPU    %usr   %nice    %sys %iowait    %irq   %soft  %steal  %guest  %gnice   %idle
05:20:46 PM    0   53.61    0.00   19.59    0.00    0.00    5.15    0.00    0.00    0.00   21.65

05:20:46 PM  CPU    %usr   %nice    %sys %iowait    %irq   %soft  %steal  %guest  %gnice   %idle
05:20:47 PM    0   54.08    0.00   19.39    0.00    0.00    5.10    0.00    0.00    0.00   21.43

05:20:47 PM  CPU    %usr   %nice    %sys %iowait    %irq   %soft  %steal  %guest  %gnice   %idle
05:20:48 PM    0   52.48    0.00   19.80    0.00    0.00    6.93    0.00    0.00    0.00   20.79

Average:     CPU    %usr   %nice    %sys %iowait    %irq   %soft  %steal  %guest  %gnice   %idle
Average:       0   52.98    0.00   20.58    0.00    0.00    5.22    0.00    0.00    0.00   21.22
