Linux 5.3.0-61-generic (cw-zenbook) 	07/16/2020 	_x86_64_	(8 CPU)

03:10:31 PM  CPU    %usr   %nice    %sys %iowait    %irq   %soft  %steal  %guest  %gnice   %idle
03:10:32 PM    0   50.96    0.00   21.15    0.00    0.00    6.73    0.00    0.00    0.00   21.15

03:10:32 PM  CPU    %usr   %nice    %sys %iowait    %irq   %soft  %steal  %guest  %gnice   %idle
03:10:33 PM    0   48.98    0.00   24.49    0.00    0.00    4.08    0.00    0.00    0.00   22.45

03:10:33 PM  CPU    %usr   %nice    %sys %iowait    %irq   %soft  %steal  %guest  %gnice   %idle
03:10:34 PM    0   52.63    0.00   18.95    0.00    0.00    6.32    0.00    0.00    0.00   22.11

03:10:34 PM  CPU    %usr   %nice    %sys %iowait    %irq   %soft  %steal  %guest  %gnice   %idle
03:10:35 PM    0   53.00    0.00   21.00    0.00    0.00    4.00    0.00    0.00    0.00   22.00

03:10:35 PM  CPU    %usr   %nice    %sys %iowait    %irq   %soft  %steal  %guest  %gnice   %idle
03:10:36 PM    0   46.46    0.00   25.25    0.00    0.00    6.06    0.00    0.00    0.00   22.22

03:10:36 PM  CPU    %usr   %nice    %sys %iowait    %irq   %soft  %steal  %guest  %gnice   %idle
03:10:37 PM    0   54.08    0.00   19.39    0.00    0.00    5.10    0.00    0.00    0.00   21.43

03:10:37 PM  CPU    %usr   %nice    %sys %iowait    %irq   %soft  %steal  %guest  %gnice   %idle
03:10:38 PM    0   50.00    0.00   22.00    0.00    0.00    6.00    0.00    0.00    0.00   22.00

03:10:38 PM  CPU    %usr   %nice    %sys %iowait    %irq   %soft  %steal  %guest  %gnice   %idle
03:10:39 PM    0   51.02    0.00   23.47    0.00    0.00    4.08    0.00    0.00    0.00   21.43

03:10:39 PM  CPU    %usr   %nice    %sys %iowait    %irq   %soft  %steal  %guest  %gnice   %idle
03:10:40 PM    0   52.48    0.00   18.81    0.00    0.00    6.93    0.00    0.00    0.00   21.78

03:10:40 PM  CPU    %usr   %nice    %sys %iowait    %irq   %soft  %steal  %guest  %gnice   %idle
03:10:41 PM    0   50.00    0.00   24.00    0.00    0.00    5.00    0.00    0.00    0.00   21.00

03:10:41 PM  CPU    %usr   %nice    %sys %iowait    %irq   %soft  %steal  %guest  %gnice   %idle
03:10:42 PM    0   53.61    0.00   18.56    0.00    0.00    5.15    0.00    0.00    0.00   22.68

03:10:42 PM  CPU    %usr   %nice    %sys %iowait    %irq   %soft  %steal  %guest  %gnice   %idle
03:10:43 PM    0   49.49    0.00   24.24    0.00    0.00    5.05    0.00    0.00    0.00   21.21

03:10:43 PM  CPU    %usr   %nice    %sys %iowait    %irq   %soft  %steal  %guest  %gnice   %idle
03:10:44 PM    0   59.41    0.00   13.86    0.00    0.00    4.95    0.00    0.00    0.00   21.78

03:10:44 PM  CPU    %usr   %nice    %sys %iowait    %irq   %soft  %steal  %guest  %gnice   %idle
03:10:45 PM    0   53.54    0.00   19.19    0.00    0.00    6.06    0.00    0.00    0.00   21.21

03:10:45 PM  CPU    %usr   %nice    %sys %iowait    %irq   %soft  %steal  %guest  %gnice   %idle
03:10:46 PM    0   53.40    0.00   19.42    0.00    0.00    5.83    0.00    0.00    0.00   21.36

03:10:46 PM  CPU    %usr   %nice    %sys %iowait    %irq   %soft  %steal  %guest  %gnice   %idle
03:10:47 PM    0   50.52    0.00   24.74    0.00    0.00    3.09    0.00    0.00    0.00   21.65

03:10:47 PM  CPU    %usr   %nice    %sys %iowait    %irq   %soft  %steal  %guest  %gnice   %idle
03:10:48 PM    0   53.00    0.00   20.00    0.00    0.00    5.00    0.00    0.00    0.00   22.00

03:10:48 PM  CPU    %usr   %nice    %sys %iowait    %irq   %soft  %steal  %guest  %gnice   %idle
03:10:49 PM    0   49.02    0.00   18.63    0.00    0.00   10.78    0.00    0.00    0.00   21.57

03:10:49 PM  CPU    %usr   %nice    %sys %iowait    %irq   %soft  %steal  %guest  %gnice   %idle
03:10:50 PM    0   54.55    0.00   18.18    0.00    0.00    6.06    0.00    0.00    0.00   21.21

03:10:50 PM  CPU    %usr   %nice    %sys %iowait    %irq   %soft  %steal  %guest  %gnice   %idle
03:10:51 PM    0   51.52    0.00   20.20    0.00    0.00    6.06    0.00    0.00    0.00   22.22

03:10:51 PM  CPU    %usr   %nice    %sys %iowait    %irq   %soft  %steal  %guest  %gnice   %idle
03:10:52 PM    0   49.50    0.00   24.75    0.00    0.00    4.95    0.00    0.00    0.00   20.79

03:10:52 PM  CPU    %usr   %nice    %sys %iowait    %irq   %soft  %steal  %guest  %gnice   %idle
03:10:53 PM    0   52.48    0.00   22.77    0.00    0.00    4.95    0.00    0.00    0.00   19.80

03:10:53 PM  CPU    %usr   %nice    %sys %iowait    %irq   %soft  %steal  %guest  %gnice   %idle
03:10:54 PM    0   49.50    0.00   23.76    0.00    0.00    4.95    0.00    0.00    0.00   21.78

03:10:54 PM  CPU    %usr   %nice    %sys %iowait    %irq   %soft  %steal  %guest  %gnice   %idle
03:10:55 PM    0   57.14    0.00   16.33    0.00    0.00    4.08    0.00    0.00    0.00   22.45

03:10:55 PM  CPU    %usr   %nice    %sys %iowait    %irq   %soft  %steal  %guest  %gnice   %idle
03:10:56 PM    0   53.06    0.00   21.43    0.00    0.00    4.08    0.00    0.00    0.00   21.43

03:10:56 PM  CPU    %usr   %nice    %sys %iowait    %irq   %soft  %steal  %guest  %gnice   %idle
03:10:57 PM    0   51.92    0.00   20.19    0.00    0.00    6.73    0.00    0.00    0.00   21.15

03:10:57 PM  CPU    %usr   %nice    %sys %iowait    %irq   %soft  %steal  %guest  %gnice   %idle
03:10:58 PM    0   55.56    0.00   18.18    0.00    0.00    5.05    0.00    0.00    0.00   21.21

03:10:58 PM  CPU    %usr   %nice    %sys %iowait    %irq   %soft  %steal  %guest  %gnice   %idle
03:10:59 PM    0   49.48    0.00   23.71    0.00    0.00    5.15    0.00    0.00    0.00   21.65

03:10:59 PM  CPU    %usr   %nice    %sys %iowait    %irq   %soft  %steal  %guest  %gnice   %idle
03:11:00 PM    0   47.96    0.00   24.49    0.00    0.00    4.08    0.00    0.00    0.00   23.47

03:11:00 PM  CPU    %usr   %nice    %sys %iowait    %irq   %soft  %steal  %guest  %gnice   %idle
03:11:01 PM    0   53.47    0.00   19.80    0.00    0.00    5.94    0.00    0.00    0.00   20.79

03:11:01 PM  CPU    %usr   %nice    %sys %iowait    %irq   %soft  %steal  %guest  %gnice   %idle
03:11:02 PM    0   51.49    0.00   19.80    0.00    0.00    6.93    0.00    0.00    0.00   21.78

03:11:02 PM  CPU    %usr   %nice    %sys %iowait    %irq   %soft  %steal  %guest  %gnice   %idle
03:11:03 PM    0   47.96    0.00   23.47    0.00    0.00    7.14    0.00    0.00    0.00   21.43

03:11:03 PM  CPU    %usr   %nice    %sys %iowait    %irq   %soft  %steal  %guest  %gnice   %idle
03:11:04 PM    0   51.52    0.00   22.22    0.00    0.00    4.04    0.00    0.00    0.00   22.22

03:11:04 PM  CPU    %usr   %nice    %sys %iowait    %irq   %soft  %steal  %guest  %gnice   %idle
03:11:05 PM    0   50.51    0.00   22.22    0.00    0.00    6.06    0.00    0.00    0.00   21.21

03:11:05 PM  CPU    %usr   %nice    %sys %iowait    %irq   %soft  %steal  %guest  %gnice   %idle
03:11:06 PM    0   48.98    0.00   22.45    0.00    0.00    7.14    0.00    0.00    0.00   21.43

03:11:06 PM  CPU    %usr   %nice    %sys %iowait    %irq   %soft  %steal  %guest  %gnice   %idle
03:11:07 PM    0   51.00    0.00   23.00    0.00    0.00    6.00    0.00    0.00    0.00   20.00

03:11:07 PM  CPU    %usr   %nice    %sys %iowait    %irq   %soft  %steal  %guest  %gnice   %idle
03:11:08 PM    0   50.00    0.00   21.43    0.00    0.00    5.10    0.00    0.00    0.00   23.47

03:11:08 PM  CPU    %usr   %nice    %sys %iowait    %irq   %soft  %steal  %guest  %gnice   %idle
03:11:09 PM    0   56.57    0.00   19.19    0.00    0.00    3.03    0.00    0.00    0.00   21.21

03:11:09 PM  CPU    %usr   %nice    %sys %iowait    %irq   %soft  %steal  %guest  %gnice   %idle
03:11:10 PM    0   51.02    0.00   20.41    0.00    0.00    6.12    0.00    0.00    0.00   22.45

03:11:10 PM  CPU    %usr   %nice    %sys %iowait    %irq   %soft  %steal  %guest  %gnice   %idle
03:11:11 PM    0   57.43    0.00   16.83    0.00    0.00    4.95    0.00    0.00    0.00   20.79

03:11:11 PM  CPU    %usr   %nice    %sys %iowait    %irq   %soft  %steal  %guest  %gnice   %idle
03:11:12 PM    0   51.55    0.00   22.68    0.00    0.00    3.09    0.00    0.00    0.00   22.68

03:11:12 PM  CPU    %usr   %nice    %sys %iowait    %irq   %soft  %steal  %guest  %gnice   %idle
03:11:13 PM    0   50.50    0.00   21.78    0.00    0.00    5.94    0.00    0.00    0.00   21.78

03:11:13 PM  CPU    %usr   %nice    %sys %iowait    %irq   %soft  %steal  %guest  %gnice   %idle
03:11:14 PM    0   53.00    0.00   22.00    0.00    0.00    4.00    0.00    0.00    0.00   21.00

03:11:14 PM  CPU    %usr   %nice    %sys %iowait    %irq   %soft  %steal  %guest  %gnice   %idle
03:11:15 PM    0   57.43    0.00   17.82    0.00    0.00    2.97    0.00    0.00    0.00   21.78

03:11:15 PM  CPU    %usr   %nice    %sys %iowait    %irq   %soft  %steal  %guest  %gnice   %idle
03:11:16 PM    0   58.42    0.00   15.84    0.00    0.00    3.96    0.00    0.00    0.00   21.78

03:11:16 PM  CPU    %usr   %nice    %sys %iowait    %irq   %soft  %steal  %guest  %gnice   %idle
03:11:17 PM    0   51.49    0.00   23.76    0.00    0.00    3.96    0.00    0.00    0.00   20.79

03:11:17 PM  CPU    %usr   %nice    %sys %iowait    %irq   %soft  %steal  %guest  %gnice   %idle
03:11:18 PM    0   53.54    0.00   19.19    0.00    0.00    5.05    0.00    0.00    0.00   22.22

03:11:18 PM  CPU    %usr   %nice    %sys %iowait    %irq   %soft  %steal  %guest  %gnice   %idle
03:11:19 PM    0   54.08    0.00   21.43    0.00    0.00    3.06    0.00    0.00    0.00   21.43

03:11:19 PM  CPU    %usr   %nice    %sys %iowait    %irq   %soft  %steal  %guest  %gnice   %idle
03:11:20 PM    0   56.12    0.00   17.35    0.00    0.00    4.08    0.00    0.00    0.00   22.45

03:11:20 PM  CPU    %usr   %nice    %sys %iowait    %irq   %soft  %steal  %guest  %gnice   %idle
03:11:21 PM    0   51.02    0.00   22.45    0.00    0.00    5.10    0.00    0.00    0.00   21.43

03:11:21 PM  CPU    %usr   %nice    %sys %iowait    %irq   %soft  %steal  %guest  %gnice   %idle
03:11:22 PM    0   51.02    0.00   22.45    0.00    0.00    4.08    0.00    0.00    0.00   22.45

03:11:22 PM  CPU    %usr   %nice    %sys %iowait    %irq   %soft  %steal  %guest  %gnice   %idle
03:11:23 PM    0   54.37    0.00   22.33    0.00    0.00    2.91    0.00    0.00    0.00   20.39

03:11:23 PM  CPU    %usr   %nice    %sys %iowait    %irq   %soft  %steal  %guest  %gnice   %idle
03:11:24 PM    0   44.55    0.00   26.73    0.00    0.00    6.93    0.00    0.00    0.00   21.78

03:11:24 PM  CPU    %usr   %nice    %sys %iowait    %irq   %soft  %steal  %guest  %gnice   %idle
03:11:25 PM    0   50.00    0.00   17.35    0.00    0.00   10.20    0.00    0.00    0.00   22.45

03:11:25 PM  CPU    %usr   %nice    %sys %iowait    %irq   %soft  %steal  %guest  %gnice   %idle
03:11:26 PM    0   48.98    0.00   23.47    0.00    0.00    6.12    0.00    0.00    0.00   21.43

03:11:26 PM  CPU    %usr   %nice    %sys %iowait    %irq   %soft  %steal  %guest  %gnice   %idle
03:11:27 PM    0   53.00    0.00   21.00    0.00    0.00    5.00    0.00    0.00    0.00   21.00

03:11:27 PM  CPU    %usr   %nice    %sys %iowait    %irq   %soft  %steal  %guest  %gnice   %idle
03:11:28 PM    0   52.53    0.00   22.22    0.00    0.00    3.03    0.00    0.00    0.00   22.22

03:11:28 PM  CPU    %usr   %nice    %sys %iowait    %irq   %soft  %steal  %guest  %gnice   %idle
03:11:29 PM    0   52.00    0.00   21.00    0.00    0.00    6.00    0.00    0.00    0.00   21.00

03:11:29 PM  CPU    %usr   %nice    %sys %iowait    %irq   %soft  %steal  %guest  %gnice   %idle
03:11:30 PM    0   46.94    0.00   25.51    0.00    0.00    5.10    0.00    0.00    0.00   22.45

03:11:30 PM  CPU    %usr   %nice    %sys %iowait    %irq   %soft  %steal  %guest  %gnice   %idle
03:11:31 PM    0   54.08    0.00   19.39    0.00    0.00    4.08    0.00    0.00    0.00   22.45

03:11:31 PM  CPU    %usr   %nice    %sys %iowait    %irq   %soft  %steal  %guest  %gnice   %idle
03:11:32 PM    0   54.90    0.00   21.57    0.00    0.00    2.94    0.00    0.00    0.00   20.59

03:11:32 PM  CPU    %usr   %nice    %sys %iowait    %irq   %soft  %steal  %guest  %gnice   %idle
03:11:33 PM    0   54.00    0.00   21.00    0.00    0.00    4.00    0.00    0.00    0.00   21.00

03:11:33 PM  CPU    %usr   %nice    %sys %iowait    %irq   %soft  %steal  %guest  %gnice   %idle
03:11:34 PM    0   51.04    0.00   21.88    0.00    0.00    4.17    0.00    0.00    0.00   22.92

03:11:34 PM  CPU    %usr   %nice    %sys %iowait    %irq   %soft  %steal  %guest  %gnice   %idle
03:11:35 PM    0   54.00    0.00   20.00    0.00    0.00    4.00    0.00    0.00    0.00   22.00

03:11:35 PM  CPU    %usr   %nice    %sys %iowait    %irq   %soft  %steal  %guest  %gnice   %idle
03:11:36 PM    0   55.45    0.00   17.82    0.00    0.00    4.95    0.00    0.00    0.00   21.78

03:11:36 PM  CPU    %usr   %nice    %sys %iowait    %irq   %soft  %steal  %guest  %gnice   %idle
03:11:37 PM    0   52.58    0.00   20.62    0.00    0.00    4.12    0.00    0.00    0.00   22.68

03:11:37 PM  CPU    %usr   %nice    %sys %iowait    %irq   %soft  %steal  %guest  %gnice   %idle
03:11:38 PM    0   50.50    0.00   20.79    0.00    0.00    6.93    0.00    0.00    0.00   21.78

03:11:38 PM  CPU    %usr   %nice    %sys %iowait    %irq   %soft  %steal  %guest  %gnice   %idle
03:11:39 PM    0   52.53    0.00   21.21    0.00    0.00    5.05    0.00    0.00    0.00   21.21

03:11:39 PM  CPU    %usr   %nice    %sys %iowait    %irq   %soft  %steal  %guest  %gnice   %idle
03:11:40 PM    0   55.00    0.00   19.00    0.00    0.00    5.00    0.00    0.00    0.00   21.00

03:11:40 PM  CPU    %usr   %nice    %sys %iowait    %irq   %soft  %steal  %guest  %gnice   %idle
03:11:41 PM    0   49.50    0.00   21.78    0.00    0.00    6.93    0.00    0.00    0.00   21.78

03:11:41 PM  CPU    %usr   %nice    %sys %iowait    %irq   %soft  %steal  %guest  %gnice   %idle
03:11:42 PM    0   53.06    0.00   20.41    0.00    0.00    5.10    0.00    0.00    0.00   21.43

03:11:42 PM  CPU    %usr   %nice    %sys %iowait    %irq   %soft  %steal  %guest  %gnice   %idle
03:11:43 PM    0   49.00    0.00   22.00    0.00    0.00    6.00    0.00    0.00    0.00   23.00

03:11:43 PM  CPU    %usr   %nice    %sys %iowait    %irq   %soft  %steal  %guest  %gnice   %idle
03:11:44 PM    0   53.54    0.00   21.21    0.00    0.00    4.04    0.00    0.00    0.00   21.21

03:11:44 PM  CPU    %usr   %nice    %sys %iowait    %irq   %soft  %steal  %guest  %gnice   %idle
03:11:45 PM    0   52.48    0.00   18.81    0.00    0.00    6.93    0.00    0.00    0.00   21.78

03:11:45 PM  CPU    %usr   %nice    %sys %iowait    %irq   %soft  %steal  %guest  %gnice   %idle
03:11:46 PM    0   54.55    0.00   18.18    0.00    0.00    5.05    0.00    0.00    0.00   22.22

03:11:46 PM  CPU    %usr   %nice    %sys %iowait    %irq   %soft  %steal  %guest  %gnice   %idle
03:11:47 PM    0   52.04    0.00   22.45    0.00    0.00    3.06    0.00    0.00    0.00   22.45

03:11:47 PM  CPU    %usr   %nice    %sys %iowait    %irq   %soft  %steal  %guest  %gnice   %idle
03:11:48 PM    0   50.50    0.00   22.77    0.00    0.00    4.95    0.00    0.00    0.00   21.78

03:11:48 PM  CPU    %usr   %nice    %sys %iowait    %irq   %soft  %steal  %guest  %gnice   %idle
03:11:49 PM    0   54.46    0.00   18.81    0.00    0.00    4.95    0.00    0.00    0.00   21.78

03:11:49 PM  CPU    %usr   %nice    %sys %iowait    %irq   %soft  %steal  %guest  %gnice   %idle
03:11:50 PM    0   53.40    0.00   19.42    0.00    0.00    5.83    0.00    0.00    0.00   21.36

03:11:50 PM  CPU    %usr   %nice    %sys %iowait    %irq   %soft  %steal  %guest  %gnice   %idle
03:11:51 PM    0   52.53    0.00   22.22    0.00    0.00    4.04    0.00    0.00    0.00   21.21

03:11:51 PM  CPU    %usr   %nice    %sys %iowait    %irq   %soft  %steal  %guest  %gnice   %idle
03:11:52 PM    0   52.48    0.00   20.79    0.00    0.00    4.95    0.00    0.00    0.00   21.78

03:11:52 PM  CPU    %usr   %nice    %sys %iowait    %irq   %soft  %steal  %guest  %gnice   %idle
03:11:53 PM    0   55.00    0.00   15.00    0.00    0.00    8.00    0.00    0.00    0.00   22.00

03:11:53 PM  CPU    %usr   %nice    %sys %iowait    %irq   %soft  %steal  %guest  %gnice   %idle
03:11:54 PM    0   53.06    0.00   20.41    0.00    0.00    4.08    0.00    0.00    0.00   22.45

03:11:54 PM  CPU    %usr   %nice    %sys %iowait    %irq   %soft  %steal  %guest  %gnice   %idle
03:11:55 PM    0   55.00    0.00   18.00    0.00    0.00    5.00    0.00    0.00    0.00   22.00

03:11:55 PM  CPU    %usr   %nice    %sys %iowait    %irq   %soft  %steal  %guest  %gnice   %idle
03:11:56 PM    0   54.64    0.00   19.59    0.00    0.00    3.09    0.00    0.00    0.00   22.68

03:11:56 PM  CPU    %usr   %nice    %sys %iowait    %irq   %soft  %steal  %guest  %gnice   %idle
03:11:57 PM    0   49.00    0.00   23.00    0.00    0.00    6.00    0.00    0.00    0.00   22.00

03:11:57 PM  CPU    %usr   %nice    %sys %iowait    %irq   %soft  %steal  %guest  %gnice   %idle
03:11:58 PM    0   49.48    0.00   24.74    0.00    0.00    4.12    0.00    0.00    0.00   21.65

03:11:58 PM  CPU    %usr   %nice    %sys %iowait    %irq   %soft  %steal  %guest  %gnice   %idle
03:11:59 PM    0   50.00    0.00   23.00    0.00    0.00    5.00    0.00    0.00    0.00   22.00

03:11:59 PM  CPU    %usr   %nice    %sys %iowait    %irq   %soft  %steal  %guest  %gnice   %idle
03:12:00 PM    0   47.42    0.00   23.71    0.00    0.00    6.19    0.00    0.00    0.00   22.68

03:12:00 PM  CPU    %usr   %nice    %sys %iowait    %irq   %soft  %steal  %guest  %gnice   %idle
03:12:01 PM    0   51.55    0.00   18.56    0.00    0.00    6.19    0.00    0.00    0.00   23.71

03:12:01 PM  CPU    %usr   %nice    %sys %iowait    %irq   %soft  %steal  %guest  %gnice   %idle
03:12:02 PM    0   49.02    0.00   25.49    0.00    0.00    4.90    0.00    0.00    0.00   20.59

03:12:02 PM  CPU    %usr   %nice    %sys %iowait    %irq   %soft  %steal  %guest  %gnice   %idle
03:12:03 PM    0   50.50    0.00   21.78    0.00    0.00    5.94    0.00    0.00    0.00   21.78

03:12:03 PM  CPU    %usr   %nice    %sys %iowait    %irq   %soft  %steal  %guest  %gnice   %idle
03:12:04 PM    0   54.46    0.00   20.79    0.00    0.00    4.95    0.00    0.00    0.00   19.80

03:12:04 PM  CPU    %usr   %nice    %sys %iowait    %irq   %soft  %steal  %guest  %gnice   %idle
03:12:05 PM    0   52.00    0.00   23.00    0.00    0.00    3.00    0.00    0.00    0.00   22.00

03:12:05 PM  CPU    %usr   %nice    %sys %iowait    %irq   %soft  %steal  %guest  %gnice   %idle
03:12:06 PM    0   45.36    0.00   27.84    0.00    0.00    5.15    0.00    0.00    0.00   21.65

03:12:06 PM  CPU    %usr   %nice    %sys %iowait    %irq   %soft  %steal  %guest  %gnice   %idle
03:12:07 PM    0   53.54    0.00   19.19    0.00    0.00    5.05    0.00    0.00    0.00   22.22

03:12:07 PM  CPU    %usr   %nice    %sys %iowait    %irq   %soft  %steal  %guest  %gnice   %idle
03:12:08 PM    0   53.06    0.00   18.37    0.00    0.00    7.14    0.00    0.00    0.00   21.43

03:12:08 PM  CPU    %usr   %nice    %sys %iowait    %irq   %soft  %steal  %guest  %gnice   %idle
03:12:09 PM    0   49.49    0.00   21.21    0.00    0.00    7.07    0.00    0.00    0.00   22.22

03:12:09 PM  CPU    %usr   %nice    %sys %iowait    %irq   %soft  %steal  %guest  %gnice   %idle
03:12:10 PM    0   52.48    0.00   22.77    0.00    0.00    3.96    0.00    0.00    0.00   20.79

03:12:10 PM  CPU    %usr   %nice    %sys %iowait    %irq   %soft  %steal  %guest  %gnice   %idle
03:12:11 PM    0   53.06    0.00   18.37    0.00    0.00    6.12    0.00    0.00    0.00   22.45

03:12:11 PM  CPU    %usr   %nice    %sys %iowait    %irq   %soft  %steal  %guest  %gnice   %idle
03:12:12 PM    0   48.48    0.00   22.22    0.00    0.00    7.07    0.00    0.00    0.00   22.22

03:12:12 PM  CPU    %usr   %nice    %sys %iowait    %irq   %soft  %steal  %guest  %gnice   %idle
03:12:13 PM    0   53.61    0.00   18.56    0.00    0.00    5.15    0.00    0.00    0.00   22.68

03:12:13 PM  CPU    %usr   %nice    %sys %iowait    %irq   %soft  %steal  %guest  %gnice   %idle
03:12:14 PM    0   53.06    0.00   20.41    0.00    0.00    6.12    0.00    0.00    0.00   20.41

03:12:14 PM  CPU    %usr   %nice    %sys %iowait    %irq   %soft  %steal  %guest  %gnice   %idle
03:12:15 PM    0   53.47    0.00   18.81    0.00    0.00    5.94    0.00    0.00    0.00   21.78

03:12:15 PM  CPU    %usr   %nice    %sys %iowait    %irq   %soft  %steal  %guest  %gnice   %idle
03:12:16 PM    0   49.00    0.00   21.00    0.00    0.00    9.00    0.00    0.00    0.00   21.00

03:12:16 PM  CPU    %usr   %nice    %sys %iowait    %irq   %soft  %steal  %guest  %gnice   %idle
03:12:17 PM    0   49.00    0.00   26.00    0.00    0.00    3.00    0.00    0.00    0.00   22.00

03:12:17 PM  CPU    %usr   %nice    %sys %iowait    %irq   %soft  %steal  %guest  %gnice   %idle
03:12:18 PM    0   52.48    0.00   18.81    0.00    0.00    6.93    0.00    0.00    0.00   21.78

03:12:18 PM  CPU    %usr   %nice    %sys %iowait    %irq   %soft  %steal  %guest  %gnice   %idle
03:12:19 PM    0   51.00    0.00   20.00    0.00    0.00    7.00    0.00    0.00    0.00   22.00

03:12:19 PM  CPU    %usr   %nice    %sys %iowait    %irq   %soft  %steal  %guest  %gnice   %idle
03:12:20 PM    0   48.51    0.00   24.75    0.00    0.00    4.95    0.00    0.00    0.00   21.78

03:12:20 PM  CPU    %usr   %nice    %sys %iowait    %irq   %soft  %steal  %guest  %gnice   %idle
03:12:21 PM    0   50.51    0.00   22.22    0.00    0.00    5.05    0.00    0.00    0.00   22.22

03:12:21 PM  CPU    %usr   %nice    %sys %iowait    %irq   %soft  %steal  %guest  %gnice   %idle
03:12:22 PM    0   49.50    0.00   24.75    0.00    0.00    3.96    0.00    0.00    0.00   21.78

03:12:22 PM  CPU    %usr   %nice    %sys %iowait    %irq   %soft  %steal  %guest  %gnice   %idle
03:12:23 PM    0   54.00    0.00   19.00    0.00    0.00    6.00    0.00    0.00    0.00   21.00

03:12:23 PM  CPU    %usr   %nice    %sys %iowait    %irq   %soft  %steal  %guest  %gnice   %idle
03:12:24 PM    0   55.56    0.00   20.20    0.00    0.00    2.02    0.00    0.00    0.00   22.22

03:12:24 PM  CPU    %usr   %nice    %sys %iowait    %irq   %soft  %steal  %guest  %gnice   %idle
03:12:25 PM    0   50.51    0.00   20.20    0.00    0.00    7.07    0.00    0.00    0.00   22.22

03:12:25 PM  CPU    %usr   %nice    %sys %iowait    %irq   %soft  %steal  %guest  %gnice   %idle
03:12:26 PM    0   48.98    0.00   20.41    0.00    0.00    8.16    0.00    0.00    0.00   22.45

03:12:26 PM  CPU    %usr   %nice    %sys %iowait    %irq   %soft  %steal  %guest  %gnice   %idle
03:12:27 PM    0   53.54    0.00   20.20    0.00    0.00    5.05    0.00    0.00    0.00   21.21

03:12:27 PM  CPU    %usr   %nice    %sys %iowait    %irq   %soft  %steal  %guest  %gnice   %idle
03:12:28 PM    0   48.48    0.00   24.24    0.00    0.00    6.06    0.00    0.00    0.00   21.21

03:12:28 PM  CPU    %usr   %nice    %sys %iowait    %irq   %soft  %steal  %guest  %gnice   %idle
03:12:29 PM    0   53.47    0.00   19.80    0.00    0.00    4.95    0.00    0.00    0.00   21.78

03:12:29 PM  CPU    %usr   %nice    %sys %iowait    %irq   %soft  %steal  %guest  %gnice   %idle
03:12:30 PM    0   49.48    0.00   21.65    0.00    0.00    7.22    0.00    0.00    0.00   21.65

03:12:30 PM  CPU    %usr   %nice    %sys %iowait    %irq   %soft  %steal  %guest  %gnice   %idle
03:12:31 PM    0   49.50    0.00   21.78    0.00    0.00    6.93    0.00    0.00    0.00   21.78

Average:     CPU    %usr   %nice    %sys %iowait    %irq   %soft  %steal  %guest  %gnice   %idle
Average:       0   51.89    0.00   21.08    0.00    0.00    5.30    0.00    0.00    0.00   21.73
