Linux 5.3.0-61-generic (cw-zenbook) 	07/16/2020 	_x86_64_	(8 CPU)

03:07:54 PM  CPU    %usr   %nice    %sys %iowait    %irq   %soft  %steal  %guest  %gnice   %idle
03:07:55 PM    0   51.46    0.00   18.45    0.00    0.00    7.77    0.00    0.00    0.00   22.33

03:07:55 PM  CPU    %usr   %nice    %sys %iowait    %irq   %soft  %steal  %guest  %gnice   %idle
03:07:56 PM    0   52.58    0.00   21.65    0.00    0.00    3.09    0.00    0.00    0.00   22.68

03:07:56 PM  CPU    %usr   %nice    %sys %iowait    %irq   %soft  %steal  %guest  %gnice   %idle
03:07:57 PM    0   53.47    0.00   20.79    0.00    0.00    3.96    0.00    0.00    0.00   21.78

03:07:57 PM  CPU    %usr   %nice    %sys %iowait    %irq   %soft  %steal  %guest  %gnice   %idle
03:07:58 PM    0   50.51    0.00   23.23    0.00    0.00    4.04    0.00    0.00    0.00   22.22

03:07:58 PM  CPU    %usr   %nice    %sys %iowait    %irq   %soft  %steal  %guest  %gnice   %idle
03:07:59 PM    0   50.52    0.00   21.65    0.00    0.00    5.15    0.00    0.00    0.00   22.68

03:07:59 PM  CPU    %usr   %nice    %sys %iowait    %irq   %soft  %steal  %guest  %gnice   %idle
03:08:00 PM    0   49.00    0.00   26.00    0.00    0.00    2.00    0.00    0.00    0.00   23.00

03:08:00 PM  CPU    %usr   %nice    %sys %iowait    %irq   %soft  %steal  %guest  %gnice   %idle
03:08:01 PM    0   52.48    0.00   20.79    0.00    0.00    3.96    0.00    0.00    0.00   22.77

03:08:01 PM  CPU    %usr   %nice    %sys %iowait    %irq   %soft  %steal  %guest  %gnice   %idle
03:08:02 PM    0   53.47    0.00   15.84    0.00    0.00    8.91    0.00    0.00    0.00   21.78

03:08:02 PM  CPU    %usr   %nice    %sys %iowait    %irq   %soft  %steal  %guest  %gnice   %idle
03:08:03 PM    0   52.04    0.00   18.37    0.00    0.00    7.14    0.00    0.00    0.00   22.45

03:08:03 PM  CPU    %usr   %nice    %sys %iowait    %irq   %soft  %steal  %guest  %gnice   %idle
03:08:04 PM    0   51.02    0.00   18.37    0.00    0.00    8.16    0.00    0.00    0.00   22.45

03:08:04 PM  CPU    %usr   %nice    %sys %iowait    %irq   %soft  %steal  %guest  %gnice   %idle
03:08:05 PM    0   52.00    0.00   22.00    0.00    0.00    4.00    0.00    0.00    0.00   22.00

03:08:05 PM  CPU    %usr   %nice    %sys %iowait    %irq   %soft  %steal  %guest  %gnice   %idle
03:08:06 PM    0   52.00    0.00   21.00    0.00    0.00    5.00    0.00    0.00    0.00   22.00

03:08:06 PM  CPU    %usr   %nice    %sys %iowait    %irq   %soft  %steal  %guest  %gnice   %idle
03:08:07 PM    0   54.00    0.00   17.00    0.00    0.00    7.00    0.00    0.00    0.00   22.00

03:08:07 PM  CPU    %usr   %nice    %sys %iowait    %irq   %soft  %steal  %guest  %gnice   %idle
03:08:08 PM    0   52.43    0.00   20.39    0.00    0.00    5.83    0.00    0.00    0.00   21.36

03:08:08 PM  CPU    %usr   %nice    %sys %iowait    %irq   %soft  %steal  %guest  %gnice   %idle
03:08:09 PM    0   51.02    0.00   19.39    0.00    0.00    6.12    0.00    0.00    0.00   23.47

03:08:09 PM  CPU    %usr   %nice    %sys %iowait    %irq   %soft  %steal  %guest  %gnice   %idle
03:08:10 PM    0   51.02    0.00   23.47    0.00    0.00    3.06    0.00    0.00    0.00   22.45

03:08:10 PM  CPU    %usr   %nice    %sys %iowait    %irq   %soft  %steal  %guest  %gnice   %idle
03:08:11 PM    0   46.00    0.00   26.00    0.00    0.00    6.00    0.00    0.00    0.00   22.00

03:08:11 PM  CPU    %usr   %nice    %sys %iowait    %irq   %soft  %steal  %guest  %gnice   %idle
03:08:12 PM    0   55.00    0.00   16.00    0.00    0.00    6.00    0.00    0.00    0.00   23.00

03:08:12 PM  CPU    %usr   %nice    %sys %iowait    %irq   %soft  %steal  %guest  %gnice   %idle
03:08:13 PM    0   54.64    0.00   18.56    0.00    0.00    4.12    0.00    0.00    0.00   22.68

03:08:13 PM  CPU    %usr   %nice    %sys %iowait    %irq   %soft  %steal  %guest  %gnice   %idle
03:08:14 PM    0   52.00    0.00   19.00    0.00    0.00    6.00    0.00    0.00    0.00   23.00

03:08:14 PM  CPU    %usr   %nice    %sys %iowait    %irq   %soft  %steal  %guest  %gnice   %idle
03:08:15 PM    0   52.53    0.00   22.22    0.00    0.00    2.02    0.00    0.00    0.00   23.23

03:08:15 PM  CPU    %usr   %nice    %sys %iowait    %irq   %soft  %steal  %guest  %gnice   %idle
03:08:16 PM    0   50.52    0.00   20.62    0.00    0.00    6.19    0.00    0.00    0.00   22.68

03:08:16 PM  CPU    %usr   %nice    %sys %iowait    %irq   %soft  %steal  %guest  %gnice   %idle
03:08:17 PM    0   50.98    0.00   22.55    0.00    0.00    3.92    0.00    0.00    0.00   22.55

03:08:17 PM  CPU    %usr   %nice    %sys %iowait    %irq   %soft  %steal  %guest  %gnice   %idle
03:08:18 PM    0   52.48    0.00   20.79    0.00    0.00    4.95    0.00    0.00    0.00   21.78

03:08:18 PM  CPU    %usr   %nice    %sys %iowait    %irq   %soft  %steal  %guest  %gnice   %idle
03:08:19 PM    0   51.00    0.00   20.00    0.00    0.00    6.00    0.00    0.00    0.00   23.00

03:08:19 PM  CPU    %usr   %nice    %sys %iowait    %irq   %soft  %steal  %guest  %gnice   %idle
03:08:20 PM    0   51.55    0.00   21.65    0.00    0.00    4.12    0.00    0.00    0.00   22.68

03:08:20 PM  CPU    %usr   %nice    %sys %iowait    %irq   %soft  %steal  %guest  %gnice   %idle
03:08:21 PM    0   50.00    0.00   25.00    0.00    0.00    4.00    0.00    0.00    0.00   21.00

03:08:21 PM  CPU    %usr   %nice    %sys %iowait    %irq   %soft  %steal  %guest  %gnice   %idle
03:08:22 PM    0   47.47    0.00   25.25    0.00    0.00    4.04    0.00    0.00    0.00   23.23

03:08:22 PM  CPU    %usr   %nice    %sys %iowait    %irq   %soft  %steal  %guest  %gnice   %idle
03:08:23 PM    0   48.96    0.00   20.83    0.00    0.00    7.29    0.00    0.00    0.00   22.92

03:08:23 PM  CPU    %usr   %nice    %sys %iowait    %irq   %soft  %steal  %guest  %gnice   %idle
03:08:24 PM    0   52.43    0.00   21.36    0.00    0.00    4.85    0.00    0.00    0.00   21.36

03:08:24 PM  CPU    %usr   %nice    %sys %iowait    %irq   %soft  %steal  %guest  %gnice   %idle
03:08:25 PM    0   53.47    0.00   20.79    0.00    0.00    3.96    0.00    0.00    0.00   21.78

03:08:25 PM  CPU    %usr   %nice    %sys %iowait    %irq   %soft  %steal  %guest  %gnice   %idle
03:08:26 PM    0   53.06    0.00   19.39    0.00    0.00    5.10    0.00    0.00    0.00   22.45

03:08:26 PM  CPU    %usr   %nice    %sys %iowait    %irq   %soft  %steal  %guest  %gnice   %idle
03:08:27 PM    0   47.06    0.00   23.53    0.00    0.00    6.86    0.00    0.00    0.00   22.55

03:08:27 PM  CPU    %usr   %nice    %sys %iowait    %irq   %soft  %steal  %guest  %gnice   %idle
03:08:28 PM    0   52.00    0.00   22.00    0.00    0.00    5.00    0.00    0.00    0.00   21.00

03:08:28 PM  CPU    %usr   %nice    %sys %iowait    %irq   %soft  %steal  %guest  %gnice   %idle
03:08:29 PM    0   56.44    0.00   16.83    0.00    0.00    4.95    0.00    0.00    0.00   21.78

03:08:29 PM  CPU    %usr   %nice    %sys %iowait    %irq   %soft  %steal  %guest  %gnice   %idle
03:08:30 PM    0   53.54    0.00   20.20    0.00    0.00    4.04    0.00    0.00    0.00   22.22

03:08:30 PM  CPU    %usr   %nice    %sys %iowait    %irq   %soft  %steal  %guest  %gnice   %idle
03:08:31 PM    0   51.96    0.00   19.61    0.00    0.00    6.86    0.00    0.00    0.00   21.57

03:08:31 PM  CPU    %usr   %nice    %sys %iowait    %irq   %soft  %steal  %guest  %gnice   %idle
03:08:32 PM    0   53.06    0.00   21.43    0.00    0.00    3.06    0.00    0.00    0.00   22.45

03:08:32 PM  CPU    %usr   %nice    %sys %iowait    %irq   %soft  %steal  %guest  %gnice   %idle
03:08:33 PM    0   52.48    0.00   19.80    0.00    0.00    5.94    0.00    0.00    0.00   21.78

03:08:33 PM  CPU    %usr   %nice    %sys %iowait    %irq   %soft  %steal  %guest  %gnice   %idle
03:08:34 PM    0   47.92    0.00   21.88    0.00    0.00    6.25    0.00    0.00    0.00   23.96

03:08:34 PM  CPU    %usr   %nice    %sys %iowait    %irq   %soft  %steal  %guest  %gnice   %idle
03:08:35 PM    0   51.52    0.00   22.22    0.00    0.00    5.05    0.00    0.00    0.00   21.21

03:08:35 PM  CPU    %usr   %nice    %sys %iowait    %irq   %soft  %steal  %guest  %gnice   %idle
03:08:36 PM    0   50.51    0.00   21.21    0.00    0.00    6.06    0.00    0.00    0.00   22.22

03:08:36 PM  CPU    %usr   %nice    %sys %iowait    %irq   %soft  %steal  %guest  %gnice   %idle
03:08:37 PM    0   56.70    0.00   15.46    0.00    0.00    5.15    0.00    0.00    0.00   22.68

03:08:37 PM  CPU    %usr   %nice    %sys %iowait    %irq   %soft  %steal  %guest  %gnice   %idle
03:08:38 PM    0   53.54    0.00   19.19    0.00    0.00    4.04    0.00    0.00    0.00   23.23

03:08:38 PM  CPU    %usr   %nice    %sys %iowait    %irq   %soft  %steal  %guest  %gnice   %idle
03:08:39 PM    0   52.48    0.00   20.79    0.00    0.00    4.95    0.00    0.00    0.00   21.78

03:08:39 PM  CPU    %usr   %nice    %sys %iowait    %irq   %soft  %steal  %guest  %gnice   %idle
03:08:40 PM    0   50.00    0.00   22.92    0.00    0.00    4.17    0.00    0.00    0.00   22.92

03:08:40 PM  CPU    %usr   %nice    %sys %iowait    %irq   %soft  %steal  %guest  %gnice   %idle
03:08:41 PM    0   49.50    0.00   22.77    0.00    0.00    4.95    0.00    0.00    0.00   22.77

03:08:41 PM  CPU    %usr   %nice    %sys %iowait    %irq   %soft  %steal  %guest  %gnice   %idle
03:08:42 PM    0   51.00    0.00   25.00    0.00    0.00    3.00    0.00    0.00    0.00   21.00

03:08:42 PM  CPU    %usr   %nice    %sys %iowait    %irq   %soft  %steal  %guest  %gnice   %idle
03:08:43 PM    0   52.53    0.00   20.20    0.00    0.00    5.05    0.00    0.00    0.00   22.22

03:08:43 PM  CPU    %usr   %nice    %sys %iowait    %irq   %soft  %steal  %guest  %gnice   %idle
03:08:44 PM    0   50.00    0.00   22.34    0.00    0.00    4.26    0.00    0.00    0.00   23.40

03:08:44 PM  CPU    %usr   %nice    %sys %iowait    %irq   %soft  %steal  %guest  %gnice   %idle
03:08:45 PM    0   55.00    0.00   17.00    0.00    0.00    5.00    0.00    0.00    0.00   23.00

03:08:45 PM  CPU    %usr   %nice    %sys %iowait    %irq   %soft  %steal  %guest  %gnice   %idle
03:08:46 PM    0   52.53    0.00   21.21    0.00    0.00    4.04    0.00    0.00    0.00   22.22

03:08:46 PM  CPU    %usr   %nice    %sys %iowait    %irq   %soft  %steal  %guest  %gnice   %idle
03:08:47 PM    0   52.53    0.00   21.21    0.00    0.00    4.04    0.00    0.00    0.00   22.22

03:08:47 PM  CPU    %usr   %nice    %sys %iowait    %irq   %soft  %steal  %guest  %gnice   %idle
03:08:48 PM    0   59.00    0.00   16.00    0.00    0.00    3.00    0.00    0.00    0.00   22.00

03:08:48 PM  CPU    %usr   %nice    %sys %iowait    %irq   %soft  %steal  %guest  %gnice   %idle
03:08:49 PM    0   48.48    0.00   22.22    0.00    0.00    7.07    0.00    0.00    0.00   22.22

03:08:49 PM  CPU    %usr   %nice    %sys %iowait    %irq   %soft  %steal  %guest  %gnice   %idle
03:08:50 PM    0   51.52    0.00   22.22    0.00    0.00    3.03    0.00    0.00    0.00   23.23

03:08:50 PM  CPU    %usr   %nice    %sys %iowait    %irq   %soft  %steal  %guest  %gnice   %idle
03:08:51 PM    0   52.48    0.00   19.80    0.00    0.00    5.94    0.00    0.00    0.00   21.78

03:08:51 PM  CPU    %usr   %nice    %sys %iowait    %irq   %soft  %steal  %guest  %gnice   %idle
03:08:52 PM    0   50.50    0.00   23.76    0.00    0.00    3.96    0.00    0.00    0.00   21.78

03:08:52 PM  CPU    %usr   %nice    %sys %iowait    %irq   %soft  %steal  %guest  %gnice   %idle
03:08:53 PM    0   53.00    0.00   21.00    0.00    0.00    4.00    0.00    0.00    0.00   22.00

03:08:53 PM  CPU    %usr   %nice    %sys %iowait    %irq   %soft  %steal  %guest  %gnice   %idle
03:08:54 PM    0   52.04    0.00   20.41    0.00    0.00    5.10    0.00    0.00    0.00   22.45

03:08:54 PM  CPU    %usr   %nice    %sys %iowait    %irq   %soft  %steal  %guest  %gnice   %idle
03:08:55 PM    0   53.54    0.00   19.19    0.00    0.00    5.05    0.00    0.00    0.00   22.22

03:08:55 PM  CPU    %usr   %nice    %sys %iowait    %irq   %soft  %steal  %guest  %gnice   %idle
03:08:56 PM    0   56.44    0.00   18.81    0.00    0.00    2.97    0.00    0.00    0.00   21.78

03:08:56 PM  CPU    %usr   %nice    %sys %iowait    %irq   %soft  %steal  %guest  %gnice   %idle
03:08:57 PM    0   53.47    0.00   19.80    0.00    0.00    4.95    0.00    0.00    0.00   21.78

03:08:57 PM  CPU    %usr   %nice    %sys %iowait    %irq   %soft  %steal  %guest  %gnice   %idle
03:08:58 PM    0   49.49    0.00   25.25    0.00    0.00    3.03    0.00    0.00    0.00   22.22

03:08:58 PM  CPU    %usr   %nice    %sys %iowait    %irq   %soft  %steal  %guest  %gnice   %idle
03:08:59 PM    0   45.92    0.00   21.43    0.00    0.00    9.18    0.00    0.00    0.00   23.47

03:08:59 PM  CPU    %usr   %nice    %sys %iowait    %irq   %soft  %steal  %guest  %gnice   %idle
03:09:00 PM    0   55.88    0.00   16.67    0.00    0.00    4.90    0.00    0.00    0.00   22.55

03:09:00 PM  CPU    %usr   %nice    %sys %iowait    %irq   %soft  %steal  %guest  %gnice   %idle
03:09:01 PM    0   46.00    0.00   27.00    0.00    0.00    5.00    0.00    0.00    0.00   22.00

03:09:01 PM  CPU    %usr   %nice    %sys %iowait    %irq   %soft  %steal  %guest  %gnice   %idle
03:09:02 PM    0   52.48    0.00   20.79    0.00    0.00    3.96    0.00    0.00    0.00   22.77

03:09:02 PM  CPU    %usr   %nice    %sys %iowait    %irq   %soft  %steal  %guest  %gnice   %idle
03:09:03 PM    0   53.00    0.00   21.00    0.00    0.00    4.00    0.00    0.00    0.00   22.00

03:09:03 PM  CPU    %usr   %nice    %sys %iowait    %irq   %soft  %steal  %guest  %gnice   %idle
03:09:04 PM    0   48.98    0.00   24.49    0.00    0.00    4.08    0.00    0.00    0.00   22.45

03:09:04 PM  CPU    %usr   %nice    %sys %iowait    %irq   %soft  %steal  %guest  %gnice   %idle
03:09:05 PM    0   54.00    0.00   17.00    0.00    0.00    7.00    0.00    0.00    0.00   22.00

03:09:05 PM  CPU    %usr   %nice    %sys %iowait    %irq   %soft  %steal  %guest  %gnice   %idle
03:09:06 PM    0   54.08    0.00   19.39    0.00    0.00    4.08    0.00    0.00    0.00   22.45

03:09:06 PM  CPU    %usr   %nice    %sys %iowait    %irq   %soft  %steal  %guest  %gnice   %idle
03:09:07 PM    0   54.46    0.00   21.78    0.00    0.00    2.97    0.00    0.00    0.00   20.79

03:09:07 PM  CPU    %usr   %nice    %sys %iowait    %irq   %soft  %steal  %guest  %gnice   %idle
03:09:08 PM    0   54.37    0.00   19.42    0.00    0.00    4.85    0.00    0.00    0.00   21.36

03:09:08 PM  CPU    %usr   %nice    %sys %iowait    %irq   %soft  %steal  %guest  %gnice   %idle
03:09:09 PM    0   51.96    0.00   23.53    0.00    0.00    2.94    0.00    0.00    0.00   21.57

03:09:09 PM  CPU    %usr   %nice    %sys %iowait    %irq   %soft  %steal  %guest  %gnice   %idle
03:09:10 PM    0   55.00    0.00   20.00    0.00    0.00    3.00    0.00    0.00    0.00   22.00

03:09:10 PM  CPU    %usr   %nice    %sys %iowait    %irq   %soft  %steal  %guest  %gnice   %idle
03:09:11 PM    0   50.00    0.00   22.45    0.00    0.00    5.10    0.00    0.00    0.00   22.45

03:09:11 PM  CPU    %usr   %nice    %sys %iowait    %irq   %soft  %steal  %guest  %gnice   %idle
03:09:12 PM    0   50.51    0.00   21.21    0.00    0.00    6.06    0.00    0.00    0.00   22.22

03:09:12 PM  CPU    %usr   %nice    %sys %iowait    %irq   %soft  %steal  %guest  %gnice   %idle
03:09:13 PM    0   50.52    0.00   23.71    0.00    0.00    3.09    0.00    0.00    0.00   22.68

03:09:13 PM  CPU    %usr   %nice    %sys %iowait    %irq   %soft  %steal  %guest  %gnice   %idle
03:09:14 PM    0   52.04    0.00   17.35    0.00    0.00    8.16    0.00    0.00    0.00   22.45

03:09:14 PM  CPU    %usr   %nice    %sys %iowait    %irq   %soft  %steal  %guest  %gnice   %idle
03:09:15 PM    0   48.51    0.00   23.76    0.00    0.00    4.95    0.00    0.00    0.00   22.77

03:09:15 PM  CPU    %usr   %nice    %sys %iowait    %irq   %soft  %steal  %guest  %gnice   %idle
03:09:16 PM    0   49.00    0.00   22.00    0.00    0.00    7.00    0.00    0.00    0.00   22.00

03:09:16 PM  CPU    %usr   %nice    %sys %iowait    %irq   %soft  %steal  %guest  %gnice   %idle
03:09:17 PM    0   50.51    0.00   23.23    0.00    0.00    5.05    0.00    0.00    0.00   21.21

03:09:17 PM  CPU    %usr   %nice    %sys %iowait    %irq   %soft  %steal  %guest  %gnice   %idle
03:09:18 PM    0   46.94    0.00   23.47    0.00    0.00    7.14    0.00    0.00    0.00   22.45

03:09:18 PM  CPU    %usr   %nice    %sys %iowait    %irq   %soft  %steal  %guest  %gnice   %idle
03:09:19 PM    0   54.00    0.00   17.00    0.00    0.00    6.00    0.00    0.00    0.00   23.00

03:09:19 PM  CPU    %usr   %nice    %sys %iowait    %irq   %soft  %steal  %guest  %gnice   %idle
03:09:20 PM    0   50.51    0.00   21.21    0.00    0.00    6.06    0.00    0.00    0.00   22.22

03:09:20 PM  CPU    %usr   %nice    %sys %iowait    %irq   %soft  %steal  %guest  %gnice   %idle
03:09:21 PM    0   50.51    0.00   21.21    0.00    0.00    6.06    0.00    0.00    0.00   22.22

03:09:21 PM  CPU    %usr   %nice    %sys %iowait    %irq   %soft  %steal  %guest  %gnice   %idle
03:09:22 PM    0   48.51    0.00   23.76    0.00    0.00    5.94    0.00    0.00    0.00   21.78

03:09:22 PM  CPU    %usr   %nice    %sys %iowait    %irq   %soft  %steal  %guest  %gnice   %idle
03:09:23 PM    0   55.00    0.00   17.00    0.00    0.00    6.00    0.00    0.00    0.00   22.00

03:09:23 PM  CPU    %usr   %nice    %sys %iowait    %irq   %soft  %steal  %guest  %gnice   %idle
03:09:24 PM    0   54.55    0.00   20.20    0.00    0.00    3.03    0.00    0.00    0.00   22.22

03:09:24 PM  CPU    %usr   %nice    %sys %iowait    %irq   %soft  %steal  %guest  %gnice   %idle
03:09:25 PM    0   57.00    0.00   18.00    0.00    0.00    4.00    0.00    0.00    0.00   21.00

03:09:25 PM  CPU    %usr   %nice    %sys %iowait    %irq   %soft  %steal  %guest  %gnice   %idle
03:09:26 PM    0   51.02    0.00   19.39    0.00    0.00    6.12    0.00    0.00    0.00   23.47

03:09:26 PM  CPU    %usr   %nice    %sys %iowait    %irq   %soft  %steal  %guest  %gnice   %idle
03:09:27 PM    0   52.48    0.00   20.79    0.00    0.00    4.95    0.00    0.00    0.00   21.78

03:09:27 PM  CPU    %usr   %nice    %sys %iowait    %irq   %soft  %steal  %guest  %gnice   %idle
03:09:28 PM    0   54.55    0.00   18.18    0.00    0.00    5.05    0.00    0.00    0.00   22.22

03:09:28 PM  CPU    %usr   %nice    %sys %iowait    %irq   %soft  %steal  %guest  %gnice   %idle
03:09:29 PM    0   47.96    0.00   24.49    0.00    0.00    5.10    0.00    0.00    0.00   22.45

03:09:29 PM  CPU    %usr   %nice    %sys %iowait    %irq   %soft  %steal  %guest  %gnice   %idle
03:09:30 PM    0   57.00    0.00   18.00    0.00    0.00    3.00    0.00    0.00    0.00   22.00

03:09:30 PM  CPU    %usr   %nice    %sys %iowait    %irq   %soft  %steal  %guest  %gnice   %idle
03:09:31 PM    0   50.51    0.00   22.22    0.00    0.00    5.05    0.00    0.00    0.00   22.22

03:09:31 PM  CPU    %usr   %nice    %sys %iowait    %irq   %soft  %steal  %guest  %gnice   %idle
03:09:32 PM    0   50.50    0.00   21.78    0.00    0.00    4.95    0.00    0.00    0.00   22.77

03:09:32 PM  CPU    %usr   %nice    %sys %iowait    %irq   %soft  %steal  %guest  %gnice   %idle
03:09:33 PM    0   54.55    0.00   17.17    0.00    0.00    6.06    0.00    0.00    0.00   22.22

03:09:33 PM  CPU    %usr   %nice    %sys %iowait    %irq   %soft  %steal  %guest  %gnice   %idle
03:09:34 PM    0   52.00    0.00   21.00    0.00    0.00    5.00    0.00    0.00    0.00   22.00

03:09:34 PM  CPU    %usr   %nice    %sys %iowait    %irq   %soft  %steal  %guest  %gnice   %idle
03:09:35 PM    0   53.47    0.00   19.80    0.00    0.00    3.96    0.00    0.00    0.00   22.77

03:09:35 PM  CPU    %usr   %nice    %sys %iowait    %irq   %soft  %steal  %guest  %gnice   %idle
03:09:36 PM    0   51.52    0.00   20.20    0.00    0.00    6.06    0.00    0.00    0.00   22.22

03:09:36 PM  CPU    %usr   %nice    %sys %iowait    %irq   %soft  %steal  %guest  %gnice   %idle
03:09:37 PM    0   52.94    0.00   19.61    0.00    0.00    4.90    0.00    0.00    0.00   22.55

03:09:37 PM  CPU    %usr   %nice    %sys %iowait    %irq   %soft  %steal  %guest  %gnice   %idle
03:09:38 PM    0   50.51    0.00   20.20    0.00    0.00    6.06    0.00    0.00    0.00   23.23

03:09:38 PM  CPU    %usr   %nice    %sys %iowait    %irq   %soft  %steal  %guest  %gnice   %idle
03:09:39 PM    0   52.53    0.00   18.18    0.00    0.00    7.07    0.00    0.00    0.00   22.22

03:09:39 PM  CPU    %usr   %nice    %sys %iowait    %irq   %soft  %steal  %guest  %gnice   %idle
03:09:40 PM    0   55.45    0.00   18.81    0.00    0.00    2.97    0.00    0.00    0.00   22.77

03:09:40 PM  CPU    %usr   %nice    %sys %iowait    %irq   %soft  %steal  %guest  %gnice   %idle
03:09:41 PM    0   52.04    0.00   20.41    0.00    0.00    4.08    0.00    0.00    0.00   23.47

03:09:41 PM  CPU    %usr   %nice    %sys %iowait    %irq   %soft  %steal  %guest  %gnice   %idle
03:09:42 PM    0   51.00    0.00   21.00    0.00    0.00    6.00    0.00    0.00    0.00   22.00

03:09:42 PM  CPU    %usr   %nice    %sys %iowait    %irq   %soft  %steal  %guest  %gnice   %idle
03:09:43 PM    0   53.00    0.00   18.00    0.00    0.00    6.00    0.00    0.00    0.00   23.00

03:09:43 PM  CPU    %usr   %nice    %sys %iowait    %irq   %soft  %steal  %guest  %gnice   %idle
03:09:44 PM    0   50.51    0.00   21.21    0.00    0.00    6.06    0.00    0.00    0.00   22.22

03:09:44 PM  CPU    %usr   %nice    %sys %iowait    %irq   %soft  %steal  %guest  %gnice   %idle
03:09:45 PM    0   58.00    0.00   17.00    0.00    0.00    3.00    0.00    0.00    0.00   22.00

03:09:45 PM  CPU    %usr   %nice    %sys %iowait    %irq   %soft  %steal  %guest  %gnice   %idle
03:09:46 PM    0   50.00    0.00   20.83    0.00    0.00    6.25    0.00    0.00    0.00   22.92

03:09:46 PM  CPU    %usr   %nice    %sys %iowait    %irq   %soft  %steal  %guest  %gnice   %idle
03:09:47 PM    0   55.88    0.00   17.65    0.00    0.00    4.90    0.00    0.00    0.00   21.57

03:09:47 PM  CPU    %usr   %nice    %sys %iowait    %irq   %soft  %steal  %guest  %gnice   %idle
03:09:48 PM    0   55.00    0.00   18.00    0.00    0.00    4.00    0.00    0.00    0.00   23.00

03:09:48 PM  CPU    %usr   %nice    %sys %iowait    %irq   %soft  %steal  %guest  %gnice   %idle
03:09:49 PM    0   55.00    0.00   18.00    0.00    0.00    5.00    0.00    0.00    0.00   22.00

03:09:49 PM  CPU    %usr   %nice    %sys %iowait    %irq   %soft  %steal  %guest  %gnice   %idle
03:09:50 PM    0   48.98    0.00   21.43    0.00    0.00    7.14    0.00    0.00    0.00   22.45

03:09:50 PM  CPU    %usr   %nice    %sys %iowait    %irq   %soft  %steal  %guest  %gnice   %idle
03:09:51 PM    0   53.47    0.00   18.81    0.00    0.00    4.95    0.00    0.00    0.00   22.77

03:09:51 PM  CPU    %usr   %nice    %sys %iowait    %irq   %soft  %steal  %guest  %gnice   %idle
03:09:52 PM    0   55.10    0.00   18.37    0.00    0.00    4.08    0.00    0.00    0.00   22.45

03:09:52 PM  CPU    %usr   %nice    %sys %iowait    %irq   %soft  %steal  %guest  %gnice   %idle
03:09:53 PM    0   56.44    0.00   18.81    0.00    0.00    2.97    0.00    0.00    0.00   21.78

03:09:53 PM  CPU    %usr   %nice    %sys %iowait    %irq   %soft  %steal  %guest  %gnice   %idle
03:09:54 PM    0   54.55    0.00   19.19    0.00    0.00    4.04    0.00    0.00    0.00   22.22

Average:     CPU    %usr   %nice    %sys %iowait    %irq   %soft  %steal  %guest  %gnice   %idle
Average:       0   52.12    0.00   20.58    0.00    0.00    4.99    0.00    0.00    0.00   22.31
