Linux 5.3.0-61-generic (cw-zenbook) 	07/16/2020 	_x86_64_	(8 CPU)

12:09:53 PM  CPU    %usr   %nice    %sys %iowait    %irq   %soft  %steal  %guest  %gnice   %idle
12:09:54 PM    0   39.00    0.00   18.00    0.00    0.00    3.00    0.00    0.00    0.00   40.00

12:09:54 PM  CPU    %usr   %nice    %sys %iowait    %irq   %soft  %steal  %guest  %gnice   %idle
12:09:55 PM    0   38.14    0.00   16.49    0.00    0.00    3.09    0.00    0.00    0.00   42.27

12:09:55 PM  CPU    %usr   %nice    %sys %iowait    %irq   %soft  %steal  %guest  %gnice   %idle
12:09:56 PM    0   40.62    0.00   13.54    0.00    0.00    4.17    0.00    0.00    0.00   41.67

12:09:56 PM  CPU    %usr   %nice    %sys %iowait    %irq   %soft  %steal  %guest  %gnice   %idle
12:09:57 PM    0   42.42    0.00   13.13    0.00    0.00    3.03    0.00    0.00    0.00   41.41

12:09:57 PM  CPU    %usr   %nice    %sys %iowait    %irq   %soft  %steal  %guest  %gnice   %idle
12:09:58 PM    0   38.38    0.00   15.15    0.00    0.00    5.05    0.00    0.00    0.00   41.41

12:09:58 PM  CPU    %usr   %nice    %sys %iowait    %irq   %soft  %steal  %guest  %gnice   %idle
12:09:59 PM    0   36.36    0.00   18.18    0.00    0.00    5.05    0.00    0.00    0.00   40.40

12:09:59 PM  CPU    %usr   %nice    %sys %iowait    %irq   %soft  %steal  %guest  %gnice   %idle
12:10:00 PM    0   38.78    0.00   14.29    0.00    0.00    5.10    0.00    0.00    0.00   41.84

12:10:00 PM  CPU    %usr   %nice    %sys %iowait    %irq   %soft  %steal  %guest  %gnice   %idle
12:10:01 PM    0   40.00    0.00   15.00    0.00    0.00    3.00    0.00    0.00    0.00   42.00

12:10:01 PM  CPU    %usr   %nice    %sys %iowait    %irq   %soft  %steal  %guest  %gnice   %idle
12:10:02 PM    0   39.80    0.00   15.31    0.00    0.00    3.06    0.00    0.00    0.00   41.84

12:10:02 PM  CPU    %usr   %nice    %sys %iowait    %irq   %soft  %steal  %guest  %gnice   %idle
12:10:03 PM    0   34.34    0.00   16.16    0.00    0.00    7.07    0.00    0.00    0.00   42.42

12:10:03 PM  CPU    %usr   %nice    %sys %iowait    %irq   %soft  %steal  %guest  %gnice   %idle
12:10:04 PM    0   39.80    0.00   14.29    0.00    0.00    4.08    0.00    0.00    0.00   41.84

12:10:04 PM  CPU    %usr   %nice    %sys %iowait    %irq   %soft  %steal  %guest  %gnice   %idle
12:10:05 PM    0   40.00    0.00   11.00    0.00    0.00    7.00    0.00    0.00    0.00   42.00

12:10:05 PM  CPU    %usr   %nice    %sys %iowait    %irq   %soft  %steal  %guest  %gnice   %idle
12:10:06 PM    0   41.75    0.00   13.59    0.00    0.00    3.88    0.00    0.00    0.00   40.78

12:10:06 PM  CPU    %usr   %nice    %sys %iowait    %irq   %soft  %steal  %guest  %gnice   %idle
12:10:07 PM    0   38.61    0.00   16.83    0.00    0.00    2.97    0.00    0.00    0.00   41.58

12:10:07 PM  CPU    %usr   %nice    %sys %iowait    %irq   %soft  %steal  %guest  %gnice   %idle
12:10:08 PM    0   37.00    0.00   19.00    0.00    0.00    2.00    0.00    0.00    0.00   42.00

12:10:08 PM  CPU    %usr   %nice    %sys %iowait    %irq   %soft  %steal  %guest  %gnice   %idle
12:10:09 PM    0   37.37    0.00   16.16    0.00    0.00    4.04    0.00    0.00    0.00   42.42

12:10:09 PM  CPU    %usr   %nice    %sys %iowait    %irq   %soft  %steal  %guest  %gnice   %idle
12:10:10 PM    0   38.78    0.00   14.29    0.00    0.00    5.10    0.00    0.00    0.00   41.84

12:10:10 PM  CPU    %usr   %nice    %sys %iowait    %irq   %soft  %steal  %guest  %gnice   %idle
12:10:11 PM    0   39.39    0.00   14.14    0.00    0.00    5.05    0.00    0.00    0.00   41.41

12:10:11 PM  CPU    %usr   %nice    %sys %iowait    %irq   %soft  %steal  %guest  %gnice   %idle
12:10:12 PM    0   39.18    0.00   13.40    0.00    0.00    4.12    0.00    0.00    0.00   43.30

12:10:12 PM  CPU    %usr   %nice    %sys %iowait    %irq   %soft  %steal  %guest  %gnice   %idle
12:10:13 PM    0   40.40    0.00   15.15    0.00    0.00    2.02    0.00    0.00    0.00   42.42

12:10:13 PM  CPU    %usr   %nice    %sys %iowait    %irq   %soft  %steal  %guest  %gnice   %idle
12:10:14 PM    0   43.00    0.00   12.00    0.00    0.00    3.00    0.00    0.00    0.00   42.00

12:10:14 PM  CPU    %usr   %nice    %sys %iowait    %irq   %soft  %steal  %guest  %gnice   %idle
12:10:15 PM    0   37.00    0.00   17.00    0.00    0.00    5.00    0.00    0.00    0.00   41.00

12:10:15 PM  CPU    %usr   %nice    %sys %iowait    %irq   %soft  %steal  %guest  %gnice   %idle
12:10:16 PM    0   37.76    0.00   17.35    0.00    0.00    2.04    0.00    0.00    0.00   42.86

12:10:16 PM  CPU    %usr   %nice    %sys %iowait    %irq   %soft  %steal  %guest  %gnice   %idle
12:10:17 PM    0   43.69    0.00   13.59    0.00    0.00    2.91    0.00    0.00    0.00   39.81

12:10:17 PM  CPU    %usr   %nice    %sys %iowait    %irq   %soft  %steal  %guest  %gnice   %idle
12:10:18 PM    0   42.00    0.00   14.00    0.00    0.00    2.00    0.00    0.00    0.00   42.00

12:10:18 PM  CPU    %usr   %nice    %sys %iowait    %irq   %soft  %steal  %guest  %gnice   %idle
12:10:19 PM    0   41.84    0.00   12.24    0.00    0.00    3.06    0.00    0.00    0.00   42.86

12:10:19 PM  CPU    %usr   %nice    %sys %iowait    %irq   %soft  %steal  %guest  %gnice   %idle
12:10:20 PM    0   38.83    0.00   17.48    0.00    0.00    2.91    0.00    0.00    0.00   40.78

12:10:20 PM  CPU    %usr   %nice    %sys %iowait    %irq   %soft  %steal  %guest  %gnice   %idle
12:10:21 PM    0   39.58    0.00   14.58    0.00    0.00    3.12    0.00    0.00    0.00   42.71

12:10:21 PM  CPU    %usr   %nice    %sys %iowait    %irq   %soft  %steal  %guest  %gnice   %idle
12:10:22 PM    0   42.00    0.00   12.00    0.00    0.00    4.00    0.00    0.00    0.00   42.00

12:10:22 PM  CPU    %usr   %nice    %sys %iowait    %irq   %soft  %steal  %guest  %gnice   %idle
12:10:23 PM    0   37.76    0.00   14.29    0.00    0.00    5.10    0.00    0.00    0.00   42.86

12:10:23 PM  CPU    %usr   %nice    %sys %iowait    %irq   %soft  %steal  %guest  %gnice   %idle
12:10:24 PM    0   41.24    0.00   13.40    0.00    0.00    3.09    0.00    0.00    0.00   42.27

12:10:24 PM  CPU    %usr   %nice    %sys %iowait    %irq   %soft  %steal  %guest  %gnice   %idle
12:10:25 PM    0   41.18    0.00   13.73    0.00    0.00    3.92    0.00    0.00    0.00   41.18

12:10:25 PM  CPU    %usr   %nice    %sys %iowait    %irq   %soft  %steal  %guest  %gnice   %idle
12:10:26 PM    0   38.00    0.00   13.00    0.00    0.00    6.00    0.00    0.00    0.00   43.00

12:10:26 PM  CPU    %usr   %nice    %sys %iowait    %irq   %soft  %steal  %guest  %gnice   %idle
12:10:27 PM    0   36.00    0.00   15.00    0.00    0.00    7.00    0.00    0.00    0.00   42.00

12:10:27 PM  CPU    %usr   %nice    %sys %iowait    %irq   %soft  %steal  %guest  %gnice   %idle
12:10:28 PM    0   37.37    0.00   15.15    0.00    0.00    6.06    0.00    0.00    0.00   41.41

12:10:28 PM  CPU    %usr   %nice    %sys %iowait    %irq   %soft  %steal  %guest  %gnice   %idle
12:10:29 PM    0   42.00    0.00   12.00    0.00    0.00    4.00    0.00    0.00    0.00   42.00

12:10:29 PM  CPU    %usr   %nice    %sys %iowait    %irq   %soft  %steal  %guest  %gnice   %idle
12:10:30 PM    0   41.05    0.00   12.63    0.00    0.00    3.16    0.00    0.00    0.00   43.16

12:10:30 PM  CPU    %usr   %nice    %sys %iowait    %irq   %soft  %steal  %guest  %gnice   %idle
12:10:31 PM    0   35.35    0.00   15.15    0.00    0.00    6.06    0.00    0.00    0.00   43.43

12:10:31 PM  CPU    %usr   %nice    %sys %iowait    %irq   %soft  %steal  %guest  %gnice   %idle
12:10:32 PM    0   40.21    0.00   15.46    0.00    0.00    2.06    0.00    0.00    0.00   42.27

12:10:32 PM  CPU    %usr   %nice    %sys %iowait    %irq   %soft  %steal  %guest  %gnice   %idle
12:10:33 PM    0   40.00    0.00   12.00    0.00    0.00    6.00    0.00    0.00    0.00   42.00

12:10:33 PM  CPU    %usr   %nice    %sys %iowait    %irq   %soft  %steal  %guest  %gnice   %idle
12:10:34 PM    0   37.62    0.00   15.84    0.00    0.00    3.96    0.00    0.00    0.00   42.57

12:10:34 PM  CPU    %usr   %nice    %sys %iowait    %irq   %soft  %steal  %guest  %gnice   %idle
12:10:35 PM    0   38.00    0.00   14.00    0.00    0.00    6.00    0.00    0.00    0.00   42.00

12:10:35 PM  CPU    %usr   %nice    %sys %iowait    %irq   %soft  %steal  %guest  %gnice   %idle
12:10:36 PM    0   36.00    0.00   18.00    0.00    0.00    5.00    0.00    0.00    0.00   41.00

12:10:36 PM  CPU    %usr   %nice    %sys %iowait    %irq   %soft  %steal  %guest  %gnice   %idle
12:10:37 PM    0   38.14    0.00   16.49    0.00    0.00    3.09    0.00    0.00    0.00   42.27

12:10:37 PM  CPU    %usr   %nice    %sys %iowait    %irq   %soft  %steal  %guest  %gnice   %idle
12:10:38 PM    0   41.84    0.00   14.29    0.00    0.00    2.04    0.00    0.00    0.00   41.84

12:10:38 PM  CPU    %usr   %nice    %sys %iowait    %irq   %soft  %steal  %guest  %gnice   %idle
12:10:39 PM    0   36.73    0.00   15.31    0.00    0.00    6.12    0.00    0.00    0.00   41.84

12:10:39 PM  CPU    %usr   %nice    %sys %iowait    %irq   %soft  %steal  %guest  %gnice   %idle
12:10:40 PM    0   38.78    0.00   15.31    0.00    0.00    3.06    0.00    0.00    0.00   42.86

12:10:40 PM  CPU    %usr   %nice    %sys %iowait    %irq   %soft  %steal  %guest  %gnice   %idle
12:10:41 PM    0   35.00    0.00   17.00    0.00    0.00    6.00    0.00    0.00    0.00   42.00

12:10:41 PM  CPU    %usr   %nice    %sys %iowait    %irq   %soft  %steal  %guest  %gnice   %idle
12:10:42 PM    0   42.00    0.00   13.00    0.00    0.00    5.00    0.00    0.00    0.00   40.00

12:10:42 PM  CPU    %usr   %nice    %sys %iowait    %irq   %soft  %steal  %guest  %gnice   %idle
12:10:43 PM    0   41.84    0.00   10.20    0.00    0.00    6.12    0.00    0.00    0.00   41.84

12:10:43 PM  CPU    %usr   %nice    %sys %iowait    %irq   %soft  %steal  %guest  %gnice   %idle
12:10:44 PM    0   40.00    0.00   13.68    0.00    0.00    3.16    0.00    0.00    0.00   43.16

12:10:44 PM  CPU    %usr   %nice    %sys %iowait    %irq   %soft  %steal  %guest  %gnice   %idle
12:10:45 PM    0   36.00    0.00   17.00    0.00    0.00    5.00    0.00    0.00    0.00   42.00

12:10:45 PM  CPU    %usr   %nice    %sys %iowait    %irq   %soft  %steal  %guest  %gnice   %idle
12:10:46 PM    0   40.00    0.00   16.00    0.00    0.00    2.00    0.00    0.00    0.00   42.00

12:10:46 PM  CPU    %usr   %nice    %sys %iowait    %irq   %soft  %steal  %guest  %gnice   %idle
12:10:47 PM    0   41.41    0.00   10.10    0.00    0.00    6.06    0.00    0.00    0.00   42.42

12:10:47 PM  CPU    %usr   %nice    %sys %iowait    %irq   %soft  %steal  %guest  %gnice   %idle
12:10:48 PM    0   38.95    0.00   13.68    0.00    0.00    3.16    0.00    0.00    0.00   44.21

12:10:48 PM  CPU    %usr   %nice    %sys %iowait    %irq   %soft  %steal  %guest  %gnice   %idle
12:10:49 PM    0   32.67    0.00   21.78    0.00    0.00    3.96    0.00    0.00    0.00   41.58

12:10:49 PM  CPU    %usr   %nice    %sys %iowait    %irq   %soft  %steal  %guest  %gnice   %idle
12:10:50 PM    0   34.69    0.00   19.39    0.00    0.00    3.06    0.00    0.00    0.00   42.86

12:10:50 PM  CPU    %usr   %nice    %sys %iowait    %irq   %soft  %steal  %guest  %gnice   %idle
12:10:51 PM    0   36.36    0.00   16.16    0.00    0.00    5.05    0.00    0.00    0.00   42.42

12:10:51 PM  CPU    %usr   %nice    %sys %iowait    %irq   %soft  %steal  %guest  %gnice   %idle
12:10:52 PM    0   40.82    0.00   14.29    0.00    0.00    3.06    0.00    0.00    0.00   41.84

12:10:52 PM  CPU    %usr   %nice    %sys %iowait    %irq   %soft  %steal  %guest  %gnice   %idle
12:10:53 PM    0   35.05    0.00   17.53    0.00    0.00    4.12    0.00    0.00    0.00   43.30

12:10:53 PM  CPU    %usr   %nice    %sys %iowait    %irq   %soft  %steal  %guest  %gnice   %idle
12:10:54 PM    0   43.56    0.00   14.85    0.00    0.00    1.98    0.00    0.00    0.00   39.60

12:10:54 PM  CPU    %usr   %nice    %sys %iowait    %irq   %soft  %steal  %guest  %gnice   %idle
12:10:55 PM    0   39.22    0.00   14.71    0.00    0.00    5.88    0.00    0.00    0.00   40.20

12:10:55 PM  CPU    %usr   %nice    %sys %iowait    %irq   %soft  %steal  %guest  %gnice   %idle
12:10:56 PM    0   39.39    0.00   15.15    0.00    0.00    4.04    0.00    0.00    0.00   41.41

12:10:56 PM  CPU    %usr   %nice    %sys %iowait    %irq   %soft  %steal  %guest  %gnice   %idle
12:10:57 PM    0   38.61    0.00   15.84    0.00    0.00    3.96    0.00    0.00    0.00   41.58

12:10:57 PM  CPU    %usr   %nice    %sys %iowait    %irq   %soft  %steal  %guest  %gnice   %idle
12:10:58 PM    0   37.11    0.00   14.43    0.00    0.00    6.19    0.00    0.00    0.00   42.27

12:10:58 PM  CPU    %usr   %nice    %sys %iowait    %irq   %soft  %steal  %guest  %gnice   %idle
12:11:00 PM    0   38.78    0.00   16.33    0.00    0.00    3.06    0.00    0.00    0.00   41.84

12:11:00 PM  CPU    %usr   %nice    %sys %iowait    %irq   %soft  %steal  %guest  %gnice   %idle
12:11:01 PM    0   35.35    0.00   18.18    0.00    0.00    4.04    0.00    0.00    0.00   42.42

12:11:01 PM  CPU    %usr   %nice    %sys %iowait    %irq   %soft  %steal  %guest  %gnice   %idle
12:11:02 PM    0   36.73    0.00   16.33    0.00    0.00    4.08    0.00    0.00    0.00   42.86

12:11:02 PM  CPU    %usr   %nice    %sys %iowait    %irq   %soft  %steal  %guest  %gnice   %idle
12:11:03 PM    0   34.34    0.00   17.17    0.00    0.00    7.07    0.00    0.00    0.00   41.41

12:11:03 PM  CPU    %usr   %nice    %sys %iowait    %irq   %soft  %steal  %guest  %gnice   %idle
12:11:04 PM    0   35.35    0.00   18.18    0.00    0.00    4.04    0.00    0.00    0.00   42.42

12:11:04 PM  CPU    %usr   %nice    %sys %iowait    %irq   %soft  %steal  %guest  %gnice   %idle
12:11:05 PM    0   35.42    0.00   18.75    0.00    0.00    3.12    0.00    0.00    0.00   42.71

12:11:05 PM  CPU    %usr   %nice    %sys %iowait    %irq   %soft  %steal  %guest  %gnice   %idle
12:11:06 PM    0   38.00    0.00   16.00    0.00    0.00    5.00    0.00    0.00    0.00   41.00

12:11:06 PM  CPU    %usr   %nice    %sys %iowait    %irq   %soft  %steal  %guest  %gnice   %idle
12:11:07 PM    0   35.00    0.00   20.00    0.00    0.00    4.00    0.00    0.00    0.00   41.00

12:11:07 PM  CPU    %usr   %nice    %sys %iowait    %irq   %soft  %steal  %guest  %gnice   %idle
12:11:08 PM    0   40.40    0.00   14.14    0.00    0.00    4.04    0.00    0.00    0.00   41.41

12:11:08 PM  CPU    %usr   %nice    %sys %iowait    %irq   %soft  %steal  %guest  %gnice   %idle
12:11:09 PM    0   33.66    0.00   20.79    0.00    0.00    3.96    0.00    0.00    0.00   41.58

12:11:09 PM  CPU    %usr   %nice    %sys %iowait    %irq   %soft  %steal  %guest  %gnice   %idle
12:11:10 PM    0   39.00    0.00   14.00    0.00    0.00    5.00    0.00    0.00    0.00   42.00

12:11:10 PM  CPU    %usr   %nice    %sys %iowait    %irq   %soft  %steal  %guest  %gnice   %idle
12:11:11 PM    0   36.73    0.00   15.31    0.00    0.00    6.12    0.00    0.00    0.00   41.84

12:11:11 PM  CPU    %usr   %nice    %sys %iowait    %irq   %soft  %steal  %guest  %gnice   %idle
12:11:12 PM    0   41.24    0.00   14.43    0.00    0.00    2.06    0.00    0.00    0.00   42.27

12:11:12 PM  CPU    %usr   %nice    %sys %iowait    %irq   %soft  %steal  %guest  %gnice   %idle
12:11:13 PM    0   37.76    0.00   17.35    0.00    0.00    3.06    0.00    0.00    0.00   41.84

12:11:13 PM  CPU    %usr   %nice    %sys %iowait    %irq   %soft  %steal  %guest  %gnice   %idle
12:11:14 PM    0   36.08    0.00   16.49    0.00    0.00    5.15    0.00    0.00    0.00   42.27

12:11:14 PM  CPU    %usr   %nice    %sys %iowait    %irq   %soft  %steal  %guest  %gnice   %idle
12:11:15 PM    0   42.00    0.00   12.00    0.00    0.00    5.00    0.00    0.00    0.00   41.00

12:11:15 PM  CPU    %usr   %nice    %sys %iowait    %irq   %soft  %steal  %guest  %gnice   %idle
12:11:16 PM    0   40.00    0.00   16.00    0.00    0.00    2.00    0.00    0.00    0.00   42.00

12:11:16 PM  CPU    %usr   %nice    %sys %iowait    %irq   %soft  %steal  %guest  %gnice   %idle
12:11:17 PM    0   36.63    0.00   18.81    0.00    0.00    4.95    0.00    0.00    0.00   39.60

12:11:17 PM  CPU    %usr   %nice    %sys %iowait    %irq   %soft  %steal  %guest  %gnice   %idle
12:11:18 PM    0   35.71    0.00   16.33    0.00    0.00    6.12    0.00    0.00    0.00   41.84

12:11:18 PM  CPU    %usr   %nice    %sys %iowait    %irq   %soft  %steal  %guest  %gnice   %idle
12:11:19 PM    0   41.84    0.00   13.27    0.00    0.00    3.06    0.00    0.00    0.00   41.84

12:11:19 PM  CPU    %usr   %nice    %sys %iowait    %irq   %soft  %steal  %guest  %gnice   %idle
12:11:20 PM    0   37.11    0.00   16.49    0.00    0.00    4.12    0.00    0.00    0.00   42.27

12:11:20 PM  CPU    %usr   %nice    %sys %iowait    %irq   %soft  %steal  %guest  %gnice   %idle
12:11:21 PM    0   39.22    0.00   16.67    0.00    0.00    3.92    0.00    0.00    0.00   40.20

12:11:21 PM  CPU    %usr   %nice    %sys %iowait    %irq   %soft  %steal  %guest  %gnice   %idle
12:11:22 PM    0   37.76    0.00   14.29    0.00    0.00    6.12    0.00    0.00    0.00   41.84

12:11:22 PM  CPU    %usr   %nice    %sys %iowait    %irq   %soft  %steal  %guest  %gnice   %idle
12:11:23 PM    0   42.57    0.00   11.88    0.00    0.00    3.96    0.00    0.00    0.00   41.58

12:11:23 PM  CPU    %usr   %nice    %sys %iowait    %irq   %soft  %steal  %guest  %gnice   %idle
12:11:24 PM    0   38.61    0.00   16.83    0.00    0.00    2.97    0.00    0.00    0.00   41.58

12:11:24 PM  CPU    %usr   %nice    %sys %iowait    %irq   %soft  %steal  %guest  %gnice   %idle
12:11:25 PM    0   34.02    0.00   16.49    0.00    0.00    6.19    0.00    0.00    0.00   43.30

12:11:25 PM  CPU    %usr   %nice    %sys %iowait    %irq   %soft  %steal  %guest  %gnice   %idle
12:11:26 PM    0   35.05    0.00   18.56    0.00    0.00    3.09    0.00    0.00    0.00   43.30

12:11:26 PM  CPU    %usr   %nice    %sys %iowait    %irq   %soft  %steal  %guest  %gnice   %idle
12:11:27 PM    0   39.39    0.00   16.16    0.00    0.00    3.03    0.00    0.00    0.00   41.41

12:11:27 PM  CPU    %usr   %nice    %sys %iowait    %irq   %soft  %steal  %guest  %gnice   %idle
12:11:28 PM    0   40.82    0.00   12.24    0.00    0.00    4.08    0.00    0.00    0.00   42.86

12:11:28 PM  CPU    %usr   %nice    %sys %iowait    %irq   %soft  %steal  %guest  %gnice   %idle
12:11:29 PM    0   38.38    0.00   17.17    0.00    0.00    3.03    0.00    0.00    0.00   41.41

12:11:29 PM  CPU    %usr   %nice    %sys %iowait    %irq   %soft  %steal  %guest  %gnice   %idle
12:11:30 PM    0   39.58    0.00   13.54    0.00    0.00    3.12    0.00    0.00    0.00   43.75

12:11:30 PM  CPU    %usr   %nice    %sys %iowait    %irq   %soft  %steal  %guest  %gnice   %idle
12:11:31 PM    0   36.63    0.00   17.82    0.00    0.00    3.96    0.00    0.00    0.00   41.58

12:11:31 PM  CPU    %usr   %nice    %sys %iowait    %irq   %soft  %steal  %guest  %gnice   %idle
12:11:32 PM    0   40.82    0.00   13.27    0.00    0.00    4.08    0.00    0.00    0.00   41.84

12:11:32 PM  CPU    %usr   %nice    %sys %iowait    %irq   %soft  %steal  %guest  %gnice   %idle
12:11:33 PM    0   38.38    0.00   15.15    0.00    0.00    5.05    0.00    0.00    0.00   41.41

12:11:33 PM  CPU    %usr   %nice    %sys %iowait    %irq   %soft  %steal  %guest  %gnice   %idle
12:11:34 PM    0   38.14    0.00   15.46    0.00    0.00    4.12    0.00    0.00    0.00   42.27

12:11:34 PM  CPU    %usr   %nice    %sys %iowait    %irq   %soft  %steal  %guest  %gnice   %idle
12:11:35 PM    0   34.69    0.00   18.37    0.00    0.00    4.08    0.00    0.00    0.00   42.86

12:11:35 PM  CPU    %usr   %nice    %sys %iowait    %irq   %soft  %steal  %guest  %gnice   %idle
12:11:36 PM    0   36.08    0.00   17.53    0.00    0.00    3.09    0.00    0.00    0.00   43.30

12:11:36 PM  CPU    %usr   %nice    %sys %iowait    %irq   %soft  %steal  %guest  %gnice   %idle
12:11:37 PM    0   43.00    0.00   12.00    0.00    0.00    3.00    0.00    0.00    0.00   42.00

12:11:37 PM  CPU    %usr   %nice    %sys %iowait    %irq   %soft  %steal  %guest  %gnice   %idle
12:11:38 PM    0   36.08    0.00   17.53    0.00    0.00    3.09    0.00    0.00    0.00   43.30

12:11:38 PM  CPU    %usr   %nice    %sys %iowait    %irq   %soft  %steal  %guest  %gnice   %idle
12:11:39 PM    0   34.74    0.00   18.95    0.00    0.00    3.16    0.00    0.00    0.00   43.16

12:11:39 PM  CPU    %usr   %nice    %sys %iowait    %irq   %soft  %steal  %guest  %gnice   %idle
12:11:40 PM    0   37.00    0.00   17.00    0.00    0.00    6.00    0.00    0.00    0.00   40.00

12:11:40 PM  CPU    %usr   %nice    %sys %iowait    %irq   %soft  %steal  %guest  %gnice   %idle
12:11:41 PM    0   35.71    0.00   16.33    0.00    0.00    7.14    0.00    0.00    0.00   40.82

12:11:41 PM  CPU    %usr   %nice    %sys %iowait    %irq   %soft  %steal  %guest  %gnice   %idle
12:11:42 PM    0   36.73    0.00   18.37    0.00    0.00    3.06    0.00    0.00    0.00   41.84

12:11:42 PM  CPU    %usr   %nice    %sys %iowait    %irq   %soft  %steal  %guest  %gnice   %idle
12:11:43 PM    0   38.14    0.00   14.43    0.00    0.00    4.12    0.00    0.00    0.00   43.30

12:11:43 PM  CPU    %usr   %nice    %sys %iowait    %irq   %soft  %steal  %guest  %gnice   %idle
12:11:44 PM    0   44.44    0.00   12.12    0.00    0.00    3.03    0.00    0.00    0.00   40.40

12:11:44 PM  CPU    %usr   %nice    %sys %iowait    %irq   %soft  %steal  %guest  %gnice   %idle
12:11:45 PM    0   37.76    0.00   17.35    0.00    0.00    3.06    0.00    0.00    0.00   41.84

12:11:45 PM  CPU    %usr   %nice    %sys %iowait    %irq   %soft  %steal  %guest  %gnice   %idle
12:11:46 PM    0   37.89    0.00   16.84    0.00    0.00    3.16    0.00    0.00    0.00   42.11

12:11:46 PM  CPU    %usr   %nice    %sys %iowait    %irq   %soft  %steal  %guest  %gnice   %idle
12:11:47 PM    0   38.61    0.00   17.82    0.00    0.00    2.97    0.00    0.00    0.00   40.59

12:11:47 PM  CPU    %usr   %nice    %sys %iowait    %irq   %soft  %steal  %guest  %gnice   %idle
12:11:48 PM    0   38.95    0.00   14.74    0.00    0.00    2.11    0.00    0.00    0.00   44.21

12:11:48 PM  CPU    %usr   %nice    %sys %iowait    %irq   %soft  %steal  %guest  %gnice   %idle
12:11:49 PM    0   38.78    0.00   10.20    0.00    0.00    8.16    0.00    0.00    0.00   42.86

12:11:49 PM  CPU    %usr   %nice    %sys %iowait    %irq   %soft  %steal  %guest  %gnice   %idle
12:11:50 PM    0   35.05    0.00   15.46    0.00    0.00    6.19    0.00    0.00    0.00   43.30

12:11:50 PM  CPU    %usr   %nice    %sys %iowait    %irq   %soft  %steal  %guest  %gnice   %idle
12:11:51 PM    0   37.37    0.00   18.18    0.00    0.00    2.02    0.00    0.00    0.00   42.42

12:11:51 PM  CPU    %usr   %nice    %sys %iowait    %irq   %soft  %steal  %guest  %gnice   %idle
12:11:52 PM    0   35.92    0.00   18.45    0.00    0.00    4.85    0.00    0.00    0.00   40.78

12:11:52 PM  CPU    %usr   %nice    %sys %iowait    %irq   %soft  %steal  %guest  %gnice   %idle
12:11:53 PM    0   39.39    0.00   13.13    0.00    0.00    5.05    0.00    0.00    0.00   42.42

12:11:53 PM  CPU    %usr   %nice    %sys %iowait    %irq   %soft  %steal  %guest  %gnice   %idle
12:11:54 PM    0   33.67    0.00   18.37    0.00    0.00    5.10    0.00    0.00    0.00   42.86

Average:     CPU    %usr   %nice    %sys %iowait    %irq   %soft  %steal  %guest  %gnice   %idle
Average:       0   38.44    0.00   15.45    0.00    0.00    4.15    0.00    0.00    0.00   41.95
