Linux 5.3.0-61-generic (cw-zenbook) 	07/16/2020 	_x86_64_	(8 CPU)

02:49:35 PM  CPU    %usr   %nice    %sys %iowait    %irq   %soft  %steal  %guest  %gnice   %idle
02:49:36 PM    0   54.37    0.00   15.53    0.00    0.00    7.77    0.00    0.00    0.00   22.33

02:49:36 PM  CPU    %usr   %nice    %sys %iowait    %irq   %soft  %steal  %guest  %gnice   %idle
02:49:37 PM    0   52.04    0.00   20.41    0.00    0.00    4.08    0.00    0.00    0.00   23.47

02:49:37 PM  CPU    %usr   %nice    %sys %iowait    %irq   %soft  %steal  %guest  %gnice   %idle
02:49:38 PM    0   52.08    0.00   20.83    0.00    0.00    4.17    0.00    0.00    0.00   22.92

02:49:38 PM  CPU    %usr   %nice    %sys %iowait    %irq   %soft  %steal  %guest  %gnice   %idle
02:49:39 PM    0   53.54    0.00   18.18    0.00    0.00    4.04    0.00    0.00    0.00   24.24

02:49:39 PM  CPU    %usr   %nice    %sys %iowait    %irq   %soft  %steal  %guest  %gnice   %idle
02:49:40 PM    0   50.52    0.00   19.59    0.00    0.00    7.22    0.00    0.00    0.00   22.68

02:49:40 PM  CPU    %usr   %nice    %sys %iowait    %irq   %soft  %steal  %guest  %gnice   %idle
02:49:41 PM    0   53.92    0.00   18.63    0.00    0.00    5.88    0.00    0.00    0.00   21.57

02:49:41 PM  CPU    %usr   %nice    %sys %iowait    %irq   %soft  %steal  %guest  %gnice   %idle
02:49:42 PM    0   51.52    0.00   21.21    0.00    0.00    5.05    0.00    0.00    0.00   22.22

02:49:42 PM  CPU    %usr   %nice    %sys %iowait    %irq   %soft  %steal  %guest  %gnice   %idle
02:49:43 PM    0   50.98    0.00   21.57    0.00    0.00    4.90    0.00    0.00    0.00   22.55

02:49:43 PM  CPU    %usr   %nice    %sys %iowait    %irq   %soft  %steal  %guest  %gnice   %idle
02:49:44 PM    0   56.00    0.00   17.00    0.00    0.00    5.00    0.00    0.00    0.00   22.00

02:49:44 PM  CPU    %usr   %nice    %sys %iowait    %irq   %soft  %steal  %guest  %gnice   %idle
02:49:45 PM    0   53.54    0.00   19.19    0.00    0.00    5.05    0.00    0.00    0.00   22.22

02:49:45 PM  CPU    %usr   %nice    %sys %iowait    %irq   %soft  %steal  %guest  %gnice   %idle
02:49:46 PM    0   57.14    0.00   16.33    0.00    0.00    3.06    0.00    0.00    0.00   23.47

02:49:46 PM  CPU    %usr   %nice    %sys %iowait    %irq   %soft  %steal  %guest  %gnice   %idle
02:49:47 PM    0   54.00    0.00   20.00    0.00    0.00    4.00    0.00    0.00    0.00   22.00

02:49:47 PM  CPU    %usr   %nice    %sys %iowait    %irq   %soft  %steal  %guest  %gnice   %idle
02:49:48 PM    0   53.40    0.00   20.39    0.00    0.00    4.85    0.00    0.00    0.00   21.36

02:49:48 PM  CPU    %usr   %nice    %sys %iowait    %irq   %soft  %steal  %guest  %gnice   %idle
02:49:49 PM    0   51.00    0.00   21.00    0.00    0.00    5.00    0.00    0.00    0.00   23.00

02:49:49 PM  CPU    %usr   %nice    %sys %iowait    %irq   %soft  %steal  %guest  %gnice   %idle
02:49:50 PM    0   50.51    0.00   22.22    0.00    0.00    5.05    0.00    0.00    0.00   22.22

02:49:50 PM  CPU    %usr   %nice    %sys %iowait    %irq   %soft  %steal  %guest  %gnice   %idle
02:49:51 PM    0   47.47    0.00   24.24    0.00    0.00    5.05    0.00    0.00    0.00   23.23

02:49:51 PM  CPU    %usr   %nice    %sys %iowait    %irq   %soft  %steal  %guest  %gnice   %idle
02:49:52 PM    0   51.02    0.00   19.39    0.00    0.00    6.12    0.00    0.00    0.00   23.47

02:49:52 PM  CPU    %usr   %nice    %sys %iowait    %irq   %soft  %steal  %guest  %gnice   %idle
02:49:53 PM    0   56.70    0.00   16.49    0.00    0.00    4.12    0.00    0.00    0.00   22.68

02:49:53 PM  CPU    %usr   %nice    %sys %iowait    %irq   %soft  %steal  %guest  %gnice   %idle
02:49:54 PM    0   51.04    0.00   19.79    0.00    0.00    6.25    0.00    0.00    0.00   22.92

02:49:54 PM  CPU    %usr   %nice    %sys %iowait    %irq   %soft  %steal  %guest  %gnice   %idle
02:49:55 PM    0   55.88    0.00   16.67    0.00    0.00    4.90    0.00    0.00    0.00   22.55

02:49:55 PM  CPU    %usr   %nice    %sys %iowait    %irq   %soft  %steal  %guest  %gnice   %idle
02:49:56 PM    0   47.96    0.00   24.49    0.00    0.00    6.12    0.00    0.00    0.00   21.43

02:49:56 PM  CPU    %usr   %nice    %sys %iowait    %irq   %soft  %steal  %guest  %gnice   %idle
02:49:57 PM    0   50.49    0.00   19.42    0.00    0.00    7.77    0.00    0.00    0.00   22.33

02:49:57 PM  CPU    %usr   %nice    %sys %iowait    %irq   %soft  %steal  %guest  %gnice   %idle
02:49:58 PM    0   54.55    0.00   18.18    0.00    0.00    5.05    0.00    0.00    0.00   22.22

02:49:58 PM  CPU    %usr   %nice    %sys %iowait    %irq   %soft  %steal  %guest  %gnice   %idle
02:49:59 PM    0   52.53    0.00   18.18    0.00    0.00    6.06    0.00    0.00    0.00   23.23

02:49:59 PM  CPU    %usr   %nice    %sys %iowait    %irq   %soft  %steal  %guest  %gnice   %idle
02:50:00 PM    0   53.00    0.00   22.00    0.00    0.00    3.00    0.00    0.00    0.00   22.00

02:50:00 PM  CPU    %usr   %nice    %sys %iowait    %irq   %soft  %steal  %guest  %gnice   %idle
02:50:01 PM    0   50.98    0.00   20.59    0.00    0.00    5.88    0.00    0.00    0.00   22.55

02:50:01 PM  CPU    %usr   %nice    %sys %iowait    %irq   %soft  %steal  %guest  %gnice   %idle
02:50:02 PM    0   55.10    0.00   17.35    0.00    0.00    5.10    0.00    0.00    0.00   22.45

02:50:02 PM  CPU    %usr   %nice    %sys %iowait    %irq   %soft  %steal  %guest  %gnice   %idle
02:50:03 PM    0   50.51    0.00   20.20    0.00    0.00    6.06    0.00    0.00    0.00   23.23

02:50:03 PM  CPU    %usr   %nice    %sys %iowait    %irq   %soft  %steal  %guest  %gnice   %idle
02:50:04 PM    0   48.04    0.00   23.53    0.00    0.00    5.88    0.00    0.00    0.00   22.55

02:50:04 PM  CPU    %usr   %nice    %sys %iowait    %irq   %soft  %steal  %guest  %gnice   %idle
02:50:05 PM    0   53.00    0.00   20.00    0.00    0.00    5.00    0.00    0.00    0.00   22.00

02:50:05 PM  CPU    %usr   %nice    %sys %iowait    %irq   %soft  %steal  %guest  %gnice   %idle
02:50:06 PM    0   56.00    0.00   16.00    0.00    0.00    6.00    0.00    0.00    0.00   22.00

02:50:06 PM  CPU    %usr   %nice    %sys %iowait    %irq   %soft  %steal  %guest  %gnice   %idle
02:50:07 PM    0   50.00    0.00   20.00    0.00    0.00    7.00    0.00    0.00    0.00   23.00

02:50:07 PM  CPU    %usr   %nice    %sys %iowait    %irq   %soft  %steal  %guest  %gnice   %idle
02:50:08 PM    0   49.02    0.00   26.47    0.00    0.00    2.94    0.00    0.00    0.00   21.57

02:50:08 PM  CPU    %usr   %nice    %sys %iowait    %irq   %soft  %steal  %guest  %gnice   %idle
02:50:09 PM    0   53.92    0.00   17.65    0.00    0.00    5.88    0.00    0.00    0.00   22.55

02:50:09 PM  CPU    %usr   %nice    %sys %iowait    %irq   %soft  %steal  %guest  %gnice   %idle
02:50:10 PM    0   53.06    0.00   21.43    0.00    0.00    3.06    0.00    0.00    0.00   22.45

02:50:10 PM  CPU    %usr   %nice    %sys %iowait    %irq   %soft  %steal  %guest  %gnice   %idle
02:50:11 PM    0   48.00    0.00   23.00    0.00    0.00    6.00    0.00    0.00    0.00   23.00

02:50:11 PM  CPU    %usr   %nice    %sys %iowait    %irq   %soft  %steal  %guest  %gnice   %idle
02:50:12 PM    0   52.00    0.00   18.00    0.00    0.00    7.00    0.00    0.00    0.00   23.00

02:50:12 PM  CPU    %usr   %nice    %sys %iowait    %irq   %soft  %steal  %guest  %gnice   %idle
02:50:13 PM    0   48.98    0.00   22.45    0.00    0.00    6.12    0.00    0.00    0.00   22.45

02:50:13 PM  CPU    %usr   %nice    %sys %iowait    %irq   %soft  %steal  %guest  %gnice   %idle
02:50:14 PM    0   54.64    0.00   18.56    0.00    0.00    4.12    0.00    0.00    0.00   22.68

02:50:14 PM  CPU    %usr   %nice    %sys %iowait    %irq   %soft  %steal  %guest  %gnice   %idle
02:50:15 PM    0   50.00    0.00   23.00    0.00    0.00    5.00    0.00    0.00    0.00   22.00

02:50:15 PM  CPU    %usr   %nice    %sys %iowait    %irq   %soft  %steal  %guest  %gnice   %idle
02:50:16 PM    0   50.51    0.00   20.20    0.00    0.00    7.07    0.00    0.00    0.00   22.22

02:50:16 PM  CPU    %usr   %nice    %sys %iowait    %irq   %soft  %steal  %guest  %gnice   %idle
02:50:17 PM    0   50.52    0.00   20.62    0.00    0.00    6.19    0.00    0.00    0.00   22.68

02:50:17 PM  CPU    %usr   %nice    %sys %iowait    %irq   %soft  %steal  %guest  %gnice   %idle
02:50:18 PM    0   56.86    0.00   17.65    0.00    0.00    3.92    0.00    0.00    0.00   21.57

02:50:18 PM  CPU    %usr   %nice    %sys %iowait    %irq   %soft  %steal  %guest  %gnice   %idle
02:50:19 PM    0   55.00    0.00   16.00    0.00    0.00    6.00    0.00    0.00    0.00   23.00

02:50:19 PM  CPU    %usr   %nice    %sys %iowait    %irq   %soft  %steal  %guest  %gnice   %idle
02:50:20 PM    0   55.88    0.00   17.65    0.00    0.00    4.90    0.00    0.00    0.00   21.57

02:50:20 PM  CPU    %usr   %nice    %sys %iowait    %irq   %soft  %steal  %guest  %gnice   %idle
02:50:21 PM    0   48.48    0.00   22.22    0.00    0.00    7.07    0.00    0.00    0.00   22.22

02:50:21 PM  CPU    %usr   %nice    %sys %iowait    %irq   %soft  %steal  %guest  %gnice   %idle
02:50:22 PM    0   50.00    0.00   23.00    0.00    0.00    5.00    0.00    0.00    0.00   22.00

02:50:22 PM  CPU    %usr   %nice    %sys %iowait    %irq   %soft  %steal  %guest  %gnice   %idle
02:50:23 PM    0   48.45    0.00   24.74    0.00    0.00    4.12    0.00    0.00    0.00   22.68

02:50:23 PM  CPU    %usr   %nice    %sys %iowait    %irq   %soft  %steal  %guest  %gnice   %idle
02:50:24 PM    0   54.55    0.00   19.19    0.00    0.00    4.04    0.00    0.00    0.00   22.22

02:50:24 PM  CPU    %usr   %nice    %sys %iowait    %irq   %soft  %steal  %guest  %gnice   %idle
02:50:25 PM    0   51.49    0.00   20.79    0.00    0.00    4.95    0.00    0.00    0.00   22.77

02:50:25 PM  CPU    %usr   %nice    %sys %iowait    %irq   %soft  %steal  %guest  %gnice   %idle
02:50:26 PM    0   56.00    0.00   16.00    0.00    0.00    6.00    0.00    0.00    0.00   22.00

02:50:26 PM  CPU    %usr   %nice    %sys %iowait    %irq   %soft  %steal  %guest  %gnice   %idle
02:50:27 PM    0   52.53    0.00   20.20    0.00    0.00    5.05    0.00    0.00    0.00   22.22

02:50:27 PM  CPU    %usr   %nice    %sys %iowait    %irq   %soft  %steal  %guest  %gnice   %idle
02:50:28 PM    0   53.00    0.00   20.00    0.00    0.00    4.00    0.00    0.00    0.00   23.00

02:50:28 PM  CPU    %usr   %nice    %sys %iowait    %irq   %soft  %steal  %guest  %gnice   %idle
02:50:29 PM    0   53.47    0.00   20.79    0.00    0.00    3.96    0.00    0.00    0.00   21.78

02:50:29 PM  CPU    %usr   %nice    %sys %iowait    %irq   %soft  %steal  %guest  %gnice   %idle
02:50:30 PM    0   53.54    0.00   19.19    0.00    0.00    5.05    0.00    0.00    0.00   22.22

02:50:30 PM  CPU    %usr   %nice    %sys %iowait    %irq   %soft  %steal  %guest  %gnice   %idle
02:50:31 PM    0   53.06    0.00   20.41    0.00    0.00    4.08    0.00    0.00    0.00   22.45

02:50:31 PM  CPU    %usr   %nice    %sys %iowait    %irq   %soft  %steal  %guest  %gnice   %idle
02:50:32 PM    0   53.54    0.00   19.19    0.00    0.00    4.04    0.00    0.00    0.00   23.23

02:50:32 PM  CPU    %usr   %nice    %sys %iowait    %irq   %soft  %steal  %guest  %gnice   %idle
02:50:33 PM    0   52.58    0.00   19.59    0.00    0.00    5.15    0.00    0.00    0.00   22.68

02:50:33 PM  CPU    %usr   %nice    %sys %iowait    %irq   %soft  %steal  %guest  %gnice   %idle
02:50:34 PM    0   48.04    0.00   24.51    0.00    0.00    5.88    0.00    0.00    0.00   21.57

02:50:34 PM  CPU    %usr   %nice    %sys %iowait    %irq   %soft  %steal  %guest  %gnice   %idle
02:50:35 PM    0   51.00    0.00   22.00    0.00    0.00    4.00    0.00    0.00    0.00   23.00

02:50:35 PM  CPU    %usr   %nice    %sys %iowait    %irq   %soft  %steal  %guest  %gnice   %idle
02:50:36 PM    0   46.46    0.00   21.21    0.00    0.00    9.09    0.00    0.00    0.00   23.23

02:50:36 PM  CPU    %usr   %nice    %sys %iowait    %irq   %soft  %steal  %guest  %gnice   %idle
02:50:37 PM    0   54.00    0.00   19.00    0.00    0.00    5.00    0.00    0.00    0.00   22.00

02:50:37 PM  CPU    %usr   %nice    %sys %iowait    %irq   %soft  %steal  %guest  %gnice   %idle
02:50:38 PM    0   57.14    0.00   18.37    0.00    0.00    2.04    0.00    0.00    0.00   22.45

02:50:38 PM  CPU    %usr   %nice    %sys %iowait    %irq   %soft  %steal  %guest  %gnice   %idle
02:50:39 PM    0   52.48    0.00   19.80    0.00    0.00    4.95    0.00    0.00    0.00   22.77

02:50:39 PM  CPU    %usr   %nice    %sys %iowait    %irq   %soft  %steal  %guest  %gnice   %idle
02:50:40 PM    0   50.00    0.00   23.53    0.00    0.00    3.92    0.00    0.00    0.00   22.55

02:50:40 PM  CPU    %usr   %nice    %sys %iowait    %irq   %soft  %steal  %guest  %gnice   %idle
02:50:41 PM    0   50.51    0.00   23.23    0.00    0.00    4.04    0.00    0.00    0.00   22.22

02:50:41 PM  CPU    %usr   %nice    %sys %iowait    %irq   %soft  %steal  %guest  %gnice   %idle
02:50:42 PM    0   50.51    0.00   20.20    0.00    0.00    7.07    0.00    0.00    0.00   22.22

02:50:42 PM  CPU    %usr   %nice    %sys %iowait    %irq   %soft  %steal  %guest  %gnice   %idle
02:50:43 PM    0   50.51    0.00   23.23    0.00    0.00    3.03    0.00    0.00    0.00   23.23

02:50:43 PM  CPU    %usr   %nice    %sys %iowait    %irq   %soft  %steal  %guest  %gnice   %idle
02:50:44 PM    0   44.44    0.00   25.25    0.00    0.00    7.07    0.00    0.00    0.00   23.23

02:50:44 PM  CPU    %usr   %nice    %sys %iowait    %irq   %soft  %steal  %guest  %gnice   %idle
02:50:45 PM    0   53.54    0.00   18.18    0.00    0.00    6.06    0.00    0.00    0.00   22.22

02:50:45 PM  CPU    %usr   %nice    %sys %iowait    %irq   %soft  %steal  %guest  %gnice   %idle
02:50:46 PM    0   53.54    0.00   19.19    0.00    0.00    4.04    0.00    0.00    0.00   23.23

02:50:46 PM  CPU    %usr   %nice    %sys %iowait    %irq   %soft  %steal  %guest  %gnice   %idle
02:50:47 PM    0   53.00    0.00   18.00    0.00    0.00    6.00    0.00    0.00    0.00   23.00

02:50:47 PM  CPU    %usr   %nice    %sys %iowait    %irq   %soft  %steal  %guest  %gnice   %idle
02:50:48 PM    0   50.00    0.00   22.55    0.00    0.00    4.90    0.00    0.00    0.00   22.55

02:50:48 PM  CPU    %usr   %nice    %sys %iowait    %irq   %soft  %steal  %guest  %gnice   %idle
02:50:49 PM    0   51.02    0.00   21.43    0.00    0.00    5.10    0.00    0.00    0.00   22.45

02:50:49 PM  CPU    %usr   %nice    %sys %iowait    %irq   %soft  %steal  %guest  %gnice   %idle
02:50:50 PM    0   52.53    0.00   18.18    0.00    0.00    6.06    0.00    0.00    0.00   23.23

02:50:50 PM  CPU    %usr   %nice    %sys %iowait    %irq   %soft  %steal  %guest  %gnice   %idle
02:50:51 PM    0   49.00    0.00   25.00    0.00    0.00    4.00    0.00    0.00    0.00   22.00

02:50:51 PM  CPU    %usr   %nice    %sys %iowait    %irq   %soft  %steal  %guest  %gnice   %idle
02:50:52 PM    0   50.51    0.00   20.20    0.00    0.00    6.06    0.00    0.00    0.00   23.23

02:50:52 PM  CPU    %usr   %nice    %sys %iowait    %irq   %soft  %steal  %guest  %gnice   %idle
02:50:53 PM    0   51.52    0.00   23.23    0.00    0.00    3.03    0.00    0.00    0.00   22.22

02:50:53 PM  CPU    %usr   %nice    %sys %iowait    %irq   %soft  %steal  %guest  %gnice   %idle
02:50:54 PM    0   47.47    0.00   22.22    0.00    0.00    7.07    0.00    0.00    0.00   23.23

02:50:54 PM  CPU    %usr   %nice    %sys %iowait    %irq   %soft  %steal  %guest  %gnice   %idle
02:50:55 PM    0   50.00    0.00   20.41    0.00    0.00    6.12    0.00    0.00    0.00   23.47

02:50:55 PM  CPU    %usr   %nice    %sys %iowait    %irq   %soft  %steal  %guest  %gnice   %idle
02:50:56 PM    0   48.00    0.00   23.00    0.00    0.00    7.00    0.00    0.00    0.00   22.00

02:50:56 PM  CPU    %usr   %nice    %sys %iowait    %irq   %soft  %steal  %guest  %gnice   %idle
02:50:57 PM    0   51.52    0.00   23.23    0.00    0.00    3.03    0.00    0.00    0.00   22.22

02:50:57 PM  CPU    %usr   %nice    %sys %iowait    %irq   %soft  %steal  %guest  %gnice   %idle
02:50:58 PM    0   52.04    0.00   20.41    0.00    0.00    4.08    0.00    0.00    0.00   23.47

02:50:58 PM  CPU    %usr   %nice    %sys %iowait    %irq   %soft  %steal  %guest  %gnice   %idle
02:50:59 PM    0   56.57    0.00   19.19    0.00    0.00    2.02    0.00    0.00    0.00   22.22

02:50:59 PM  CPU    %usr   %nice    %sys %iowait    %irq   %soft  %steal  %guest  %gnice   %idle
02:51:00 PM    0   50.00    0.00   22.00    0.00    0.00    6.00    0.00    0.00    0.00   22.00

02:51:00 PM  CPU    %usr   %nice    %sys %iowait    %irq   %soft  %steal  %guest  %gnice   %idle
02:51:01 PM    0   53.06    0.00   19.39    0.00    0.00    6.12    0.00    0.00    0.00   21.43

02:51:01 PM  CPU    %usr   %nice    %sys %iowait    %irq   %soft  %steal  %guest  %gnice   %idle
02:51:02 PM    0   50.98    0.00   21.57    0.00    0.00    4.90    0.00    0.00    0.00   22.55

02:51:02 PM  CPU    %usr   %nice    %sys %iowait    %irq   %soft  %steal  %guest  %gnice   %idle
02:51:03 PM    0   48.98    0.00   23.47    0.00    0.00    5.10    0.00    0.00    0.00   22.45

02:51:03 PM  CPU    %usr   %nice    %sys %iowait    %irq   %soft  %steal  %guest  %gnice   %idle
02:51:04 PM    0   55.56    0.00   15.15    0.00    0.00    6.06    0.00    0.00    0.00   23.23

02:51:04 PM  CPU    %usr   %nice    %sys %iowait    %irq   %soft  %steal  %guest  %gnice   %idle
02:51:05 PM    0   57.43    0.00   17.82    0.00    0.00    2.97    0.00    0.00    0.00   21.78

02:51:05 PM  CPU    %usr   %nice    %sys %iowait    %irq   %soft  %steal  %guest  %gnice   %idle
02:51:06 PM    0   50.98    0.00   17.65    0.00    0.00    8.82    0.00    0.00    0.00   22.55

02:51:06 PM  CPU    %usr   %nice    %sys %iowait    %irq   %soft  %steal  %guest  %gnice   %idle
02:51:07 PM    0   50.52    0.00   20.62    0.00    0.00    6.19    0.00    0.00    0.00   22.68

02:51:07 PM  CPU    %usr   %nice    %sys %iowait    %irq   %soft  %steal  %guest  %gnice   %idle
02:51:08 PM    0   53.85    0.00   19.23    0.00    0.00    5.77    0.00    0.00    0.00   21.15

02:51:08 PM  CPU    %usr   %nice    %sys %iowait    %irq   %soft  %steal  %guest  %gnice   %idle
02:51:09 PM    0   57.14    0.00   15.31    0.00    0.00    5.10    0.00    0.00    0.00   22.45

02:51:09 PM  CPU    %usr   %nice    %sys %iowait    %irq   %soft  %steal  %guest  %gnice   %idle
02:51:10 PM    0   56.44    0.00   15.84    0.00    0.00    4.95    0.00    0.00    0.00   22.77

02:51:10 PM  CPU    %usr   %nice    %sys %iowait    %irq   %soft  %steal  %guest  %gnice   %idle
02:51:11 PM    0   52.53    0.00   21.21    0.00    0.00    4.04    0.00    0.00    0.00   22.22

02:51:11 PM  CPU    %usr   %nice    %sys %iowait    %irq   %soft  %steal  %guest  %gnice   %idle
02:51:12 PM    0   53.54    0.00   18.18    0.00    0.00    6.06    0.00    0.00    0.00   22.22

02:51:12 PM  CPU    %usr   %nice    %sys %iowait    %irq   %soft  %steal  %guest  %gnice   %idle
02:51:13 PM    0   50.00    0.00   21.57    0.00    0.00    5.88    0.00    0.00    0.00   22.55

02:51:13 PM  CPU    %usr   %nice    %sys %iowait    %irq   %soft  %steal  %guest  %gnice   %idle
02:51:14 PM    0   50.51    0.00   21.21    0.00    0.00    6.06    0.00    0.00    0.00   22.22

02:51:14 PM  CPU    %usr   %nice    %sys %iowait    %irq   %soft  %steal  %guest  %gnice   %idle
02:51:15 PM    0   54.00    0.00   19.00    0.00    0.00    5.00    0.00    0.00    0.00   22.00

02:51:15 PM  CPU    %usr   %nice    %sys %iowait    %irq   %soft  %steal  %guest  %gnice   %idle
02:51:16 PM    0   55.00    0.00   19.00    0.00    0.00    4.00    0.00    0.00    0.00   22.00

02:51:16 PM  CPU    %usr   %nice    %sys %iowait    %irq   %soft  %steal  %guest  %gnice   %idle
02:51:17 PM    0   50.50    0.00   20.79    0.00    0.00    6.93    0.00    0.00    0.00   21.78

02:51:17 PM  CPU    %usr   %nice    %sys %iowait    %irq   %soft  %steal  %guest  %gnice   %idle
02:51:18 PM    0   56.00    0.00   17.00    0.00    0.00    4.00    0.00    0.00    0.00   23.00

02:51:18 PM  CPU    %usr   %nice    %sys %iowait    %irq   %soft  %steal  %guest  %gnice   %idle
02:51:19 PM    0   52.00    0.00   20.00    0.00    0.00    6.00    0.00    0.00    0.00   22.00

02:51:19 PM  CPU    %usr   %nice    %sys %iowait    %irq   %soft  %steal  %guest  %gnice   %idle
02:51:20 PM    0   50.00    0.00   21.43    0.00    0.00    7.14    0.00    0.00    0.00   21.43

02:51:20 PM  CPU    %usr   %nice    %sys %iowait    %irq   %soft  %steal  %guest  %gnice   %idle
02:51:21 PM    0   50.52    0.00   22.68    0.00    0.00    3.09    0.00    0.00    0.00   23.71

02:51:21 PM  CPU    %usr   %nice    %sys %iowait    %irq   %soft  %steal  %guest  %gnice   %idle
02:51:22 PM    0   50.00    0.00   22.00    0.00    0.00    6.00    0.00    0.00    0.00   22.00

02:51:22 PM  CPU    %usr   %nice    %sys %iowait    %irq   %soft  %steal  %guest  %gnice   %idle
02:51:23 PM    0   52.53    0.00   20.20    0.00    0.00    4.04    0.00    0.00    0.00   23.23

02:51:23 PM  CPU    %usr   %nice    %sys %iowait    %irq   %soft  %steal  %guest  %gnice   %idle
02:51:24 PM    0   51.96    0.00   21.57    0.00    0.00    4.90    0.00    0.00    0.00   21.57

02:51:24 PM  CPU    %usr   %nice    %sys %iowait    %irq   %soft  %steal  %guest  %gnice   %idle
02:51:25 PM    0   52.00    0.00   22.00    0.00    0.00    5.00    0.00    0.00    0.00   21.00

02:51:25 PM  CPU    %usr   %nice    %sys %iowait    %irq   %soft  %steal  %guest  %gnice   %idle
02:51:26 PM    0   56.57    0.00   18.18    0.00    0.00    3.03    0.00    0.00    0.00   22.22

02:51:26 PM  CPU    %usr   %nice    %sys %iowait    %irq   %soft  %steal  %guest  %gnice   %idle
02:51:27 PM    0   56.12    0.00   17.35    0.00    0.00    4.08    0.00    0.00    0.00   22.45

02:51:27 PM  CPU    %usr   %nice    %sys %iowait    %irq   %soft  %steal  %guest  %gnice   %idle
02:51:28 PM    0   50.50    0.00   22.77    0.00    0.00    4.95    0.00    0.00    0.00   21.78

02:51:28 PM  CPU    %usr   %nice    %sys %iowait    %irq   %soft  %steal  %guest  %gnice   %idle
02:51:29 PM    0   50.50    0.00   20.79    0.00    0.00    6.93    0.00    0.00    0.00   21.78

02:51:29 PM  CPU    %usr   %nice    %sys %iowait    %irq   %soft  %steal  %guest  %gnice   %idle
02:51:30 PM    0   47.57    0.00   24.27    0.00    0.00    5.83    0.00    0.00    0.00   22.33

02:51:30 PM  CPU    %usr   %nice    %sys %iowait    %irq   %soft  %steal  %guest  %gnice   %idle
02:51:31 PM    0   50.98    0.00   24.51    0.00    0.00    2.94    0.00    0.00    0.00   21.57

02:51:31 PM  CPU    %usr   %nice    %sys %iowait    %irq   %soft  %steal  %guest  %gnice   %idle
02:51:32 PM    0   54.00    0.00   19.00    0.00    0.00    5.00    0.00    0.00    0.00   22.00

02:51:32 PM  CPU    %usr   %nice    %sys %iowait    %irq   %soft  %steal  %guest  %gnice   %idle
02:51:33 PM    0   57.29    0.00   16.67    0.00    0.00    3.12    0.00    0.00    0.00   22.92

02:51:33 PM  CPU    %usr   %nice    %sys %iowait    %irq   %soft  %steal  %guest  %gnice   %idle
02:51:34 PM    0   47.12    0.00   23.08    0.00    0.00    7.69    0.00    0.00    0.00   22.12

02:51:34 PM  CPU    %usr   %nice    %sys %iowait    %irq   %soft  %steal  %guest  %gnice   %idle
02:51:35 PM    0   50.00    0.00   21.00    0.00    0.00    7.00    0.00    0.00    0.00   22.00

Average:     CPU    %usr   %nice    %sys %iowait    %irq   %soft  %steal  %guest  %gnice   %idle
Average:       0   52.08    0.00   20.29    0.00    0.00    5.19    0.00    0.00    0.00   22.43
