Linux 5.3.0-61-generic (cw-zenbook) 	07/16/2020 	_x86_64_	(8 CPU)

11:28:00 AM  CPU    %usr   %nice    %sys %iowait    %irq   %soft  %steal  %guest  %gnice   %idle
11:28:01 AM    0   12.00    0.00    5.00    0.00    0.00    2.00    0.00    0.00    0.00   81.00

11:28:01 AM  CPU    %usr   %nice    %sys %iowait    %irq   %soft  %steal  %guest  %gnice   %idle
11:28:02 AM    0   10.89    0.00    7.92    0.00    0.00    0.99    0.00    0.00    0.00   80.20

11:28:02 AM  CPU    %usr   %nice    %sys %iowait    %irq   %soft  %steal  %guest  %gnice   %idle
11:28:03 AM    0   12.00    0.00    4.00    0.00    0.00    3.00    0.00    0.00    0.00   81.00

11:28:03 AM  CPU    %usr   %nice    %sys %iowait    %irq   %soft  %steal  %guest  %gnice   %idle
11:28:04 AM    0   10.20    0.00    6.12    0.00    0.00    1.02    0.00    0.00    0.00   82.65

11:28:04 AM  CPU    %usr   %nice    %sys %iowait    %irq   %soft  %steal  %guest  %gnice   %idle
11:28:05 AM    0   10.00    0.00    6.00    0.00    0.00    3.00    0.00    0.00    0.00   81.00

11:28:05 AM  CPU    %usr   %nice    %sys %iowait    %irq   %soft  %steal  %guest  %gnice   %idle
11:28:06 AM    0   12.00    0.00    4.00    0.00    0.00    3.00    0.00    0.00    0.00   81.00

11:28:06 AM  CPU    %usr   %nice    %sys %iowait    %irq   %soft  %steal  %guest  %gnice   %idle
11:28:07 AM    0   10.20    0.00    5.10    0.00    0.00    2.04    0.00    0.00    0.00   82.65

11:28:07 AM  CPU    %usr   %nice    %sys %iowait    %irq   %soft  %steal  %guest  %gnice   %idle
11:28:08 AM    0   14.85    0.00    3.96    0.00    0.00    0.99    0.00    0.00    0.00   80.20

11:28:08 AM  CPU    %usr   %nice    %sys %iowait    %irq   %soft  %steal  %guest  %gnice   %idle
11:28:09 AM    0   11.11    0.00    5.05    0.00    0.00    2.02    0.00    0.00    0.00   81.82

11:28:09 AM  CPU    %usr   %nice    %sys %iowait    %irq   %soft  %steal  %guest  %gnice   %idle
11:28:10 AM    0    8.08    0.00    8.08    0.00    0.00    2.02    0.00    0.00    0.00   81.82

11:28:10 AM  CPU    %usr   %nice    %sys %iowait    %irq   %soft  %steal  %guest  %gnice   %idle
11:28:11 AM    0   12.12    0.00    5.05    0.00    0.00    2.02    0.00    0.00    0.00   80.81

11:28:11 AM  CPU    %usr   %nice    %sys %iowait    %irq   %soft  %steal  %guest  %gnice   %idle
11:28:12 AM    0    8.00    0.00    5.00    0.00    0.00    5.00    0.00    0.00    0.00   82.00

11:28:12 AM  CPU    %usr   %nice    %sys %iowait    %irq   %soft  %steal  %guest  %gnice   %idle
11:28:13 AM    0   10.00    0.00    6.00    0.00    0.00    3.00    0.00    0.00    0.00   81.00

11:28:13 AM  CPU    %usr   %nice    %sys %iowait    %irq   %soft  %steal  %guest  %gnice   %idle
11:28:14 AM    0    9.28    0.00    8.25    0.00    0.00    0.00    0.00    0.00    0.00   82.47

11:28:14 AM  CPU    %usr   %nice    %sys %iowait    %irq   %soft  %steal  %guest  %gnice   %idle
11:28:15 AM    0   10.89    0.00    3.96    0.00    0.00    3.96    0.00    0.00    0.00   81.19

11:28:15 AM  CPU    %usr   %nice    %sys %iowait    %irq   %soft  %steal  %guest  %gnice   %idle
11:28:16 AM    0   10.89    0.00    6.93    0.00    0.00    1.98    0.00    0.00    0.00   80.20

11:28:16 AM  CPU    %usr   %nice    %sys %iowait    %irq   %soft  %steal  %guest  %gnice   %idle
11:28:17 AM    0   12.87    0.00    4.95    0.00    0.00    1.98    0.00    0.00    0.00   80.20

11:28:17 AM  CPU    %usr   %nice    %sys %iowait    %irq   %soft  %steal  %guest  %gnice   %idle
11:28:18 AM    0   10.00    0.00    7.00    0.00    0.00    2.00    0.00    0.00    0.00   81.00

11:28:18 AM  CPU    %usr   %nice    %sys %iowait    %irq   %soft  %steal  %guest  %gnice   %idle
11:28:19 AM    0   11.11    0.00    6.06    0.00    0.00    1.01    0.00    0.00    0.00   81.82

11:28:19 AM  CPU    %usr   %nice    %sys %iowait    %irq   %soft  %steal  %guest  %gnice   %idle
11:28:20 AM    0   12.00    0.00    4.00    0.00    0.00    3.00    0.00    0.00    0.00   81.00

11:28:20 AM  CPU    %usr   %nice    %sys %iowait    %irq   %soft  %steal  %guest  %gnice   %idle
11:28:21 AM    0   10.10    0.00    8.08    0.00    0.00    0.00    0.00    0.00    0.00   81.82

11:28:21 AM  CPU    %usr   %nice    %sys %iowait    %irq   %soft  %steal  %guest  %gnice   %idle
11:28:22 AM    0   11.34    0.00    3.09    0.00    0.00    2.06    0.00    0.00    0.00   83.51

11:28:22 AM  CPU    %usr   %nice    %sys %iowait    %irq   %soft  %steal  %guest  %gnice   %idle
11:28:23 AM    0   12.00    0.00    6.00    0.00    0.00    1.00    0.00    0.00    0.00   81.00

11:28:23 AM  CPU    %usr   %nice    %sys %iowait    %irq   %soft  %steal  %guest  %gnice   %idle
11:28:24 AM    0   12.24    0.00    3.06    0.00    0.00    3.06    0.00    0.00    0.00   81.63

11:28:24 AM  CPU    %usr   %nice    %sys %iowait    %irq   %soft  %steal  %guest  %gnice   %idle
11:28:25 AM    0   11.88    0.00    5.94    0.00    0.00    0.99    0.00    0.00    0.00   81.19

11:28:25 AM  CPU    %usr   %nice    %sys %iowait    %irq   %soft  %steal  %guest  %gnice   %idle
11:28:26 AM    0   12.24    0.00    5.10    0.00    0.00    1.02    0.00    0.00    0.00   81.63

11:28:26 AM  CPU    %usr   %nice    %sys %iowait    %irq   %soft  %steal  %guest  %gnice   %idle
11:28:27 AM    0   10.00    0.00    6.00    0.00    0.00    3.00    0.00    0.00    0.00   81.00

11:28:27 AM  CPU    %usr   %nice    %sys %iowait    %irq   %soft  %steal  %guest  %gnice   %idle
11:28:28 AM    0   11.34    0.00    3.09    0.00    0.00    2.06    0.00    0.00    0.00   83.51

11:28:28 AM  CPU    %usr   %nice    %sys %iowait    %irq   %soft  %steal  %guest  %gnice   %idle
11:28:29 AM    0   13.00    0.00    4.00    0.00    0.00    2.00    0.00    0.00    0.00   81.00

11:28:29 AM  CPU    %usr   %nice    %sys %iowait    %irq   %soft  %steal  %guest  %gnice   %idle
11:28:30 AM    0   12.00    0.00    5.00    0.00    0.00    3.00    0.00    0.00    0.00   80.00

11:28:30 AM  CPU    %usr   %nice    %sys %iowait    %irq   %soft  %steal  %guest  %gnice   %idle
11:28:31 AM    0   14.00    0.00    5.00    0.00    0.00    0.00    0.00    0.00    0.00   81.00

11:28:31 AM  CPU    %usr   %nice    %sys %iowait    %irq   %soft  %steal  %guest  %gnice   %idle
11:28:32 AM    0   10.00    0.00    5.00    0.00    0.00    4.00    0.00    0.00    0.00   81.00

11:28:32 AM  CPU    %usr   %nice    %sys %iowait    %irq   %soft  %steal  %guest  %gnice   %idle
11:28:33 AM    0   14.00    0.00    3.00    0.00    0.00    2.00    0.00    0.00    0.00   81.00

11:28:33 AM  CPU    %usr   %nice    %sys %iowait    %irq   %soft  %steal  %guest  %gnice   %idle
11:28:34 AM    0   12.00    0.00    5.00    0.00    0.00    2.00    0.00    0.00    0.00   81.00

11:28:34 AM  CPU    %usr   %nice    %sys %iowait    %irq   %soft  %steal  %guest  %gnice   %idle
11:28:35 AM    0   11.00    0.00    6.00    0.00    0.00    2.00    0.00    0.00    0.00   81.00

11:28:35 AM  CPU    %usr   %nice    %sys %iowait    %irq   %soft  %steal  %guest  %gnice   %idle
11:28:36 AM    0   12.00    0.00    7.00    0.00    0.00    0.00    0.00    0.00    0.00   81.00

11:28:36 AM  CPU    %usr   %nice    %sys %iowait    %irq   %soft  %steal  %guest  %gnice   %idle
11:28:37 AM    0   10.89    0.00    6.93    0.00    0.00    1.98    0.00    0.00    0.00   80.20

11:28:37 AM  CPU    %usr   %nice    %sys %iowait    %irq   %soft  %steal  %guest  %gnice   %idle
11:28:38 AM    0   12.87    0.00    4.95    0.00    0.00    1.98    0.00    0.00    0.00   80.20

11:28:38 AM  CPU    %usr   %nice    %sys %iowait    %irq   %soft  %steal  %guest  %gnice   %idle
11:28:39 AM    0    9.18    0.00    7.14    0.00    0.00    1.02    0.00    0.00    0.00   82.65

11:28:39 AM  CPU    %usr   %nice    %sys %iowait    %irq   %soft  %steal  %guest  %gnice   %idle
11:28:40 AM    0   12.00    0.00    6.00    0.00    0.00    1.00    0.00    0.00    0.00   81.00

11:28:40 AM  CPU    %usr   %nice    %sys %iowait    %irq   %soft  %steal  %guest  %gnice   %idle
11:28:41 AM    0   14.14    0.00    4.04    0.00    0.00    0.00    0.00    0.00    0.00   81.82

11:28:41 AM  CPU    %usr   %nice    %sys %iowait    %irq   %soft  %steal  %guest  %gnice   %idle
11:28:42 AM    0   11.11    0.00    5.05    0.00    0.00    2.02    0.00    0.00    0.00   81.82

11:28:42 AM  CPU    %usr   %nice    %sys %iowait    %irq   %soft  %steal  %guest  %gnice   %idle
11:28:43 AM    0   11.34    0.00    3.09    0.00    0.00    2.06    0.00    0.00    0.00   83.51

11:28:43 AM  CPU    %usr   %nice    %sys %iowait    %irq   %soft  %steal  %guest  %gnice   %idle
11:28:44 AM    0   16.00    0.00    2.00    0.00    0.00    1.00    0.00    0.00    0.00   81.00

11:28:44 AM  CPU    %usr   %nice    %sys %iowait    %irq   %soft  %steal  %guest  %gnice   %idle
11:28:45 AM    0   13.86    0.00    3.96    0.00    0.00    1.98    0.00    0.00    0.00   80.20

11:28:45 AM  CPU    %usr   %nice    %sys %iowait    %irq   %soft  %steal  %guest  %gnice   %idle
11:28:46 AM    0   12.12    0.00    4.04    0.00    0.00    2.02    0.00    0.00    0.00   81.82

11:28:46 AM  CPU    %usr   %nice    %sys %iowait    %irq   %soft  %steal  %guest  %gnice   %idle
11:28:47 AM    0   12.24    0.00    3.06    0.00    0.00    2.04    0.00    0.00    0.00   82.65

11:28:47 AM  CPU    %usr   %nice    %sys %iowait    %irq   %soft  %steal  %guest  %gnice   %idle
11:28:48 AM    0   14.14    0.00    3.03    0.00    0.00    1.01    0.00    0.00    0.00   81.82

11:28:48 AM  CPU    %usr   %nice    %sys %iowait    %irq   %soft  %steal  %guest  %gnice   %idle
11:28:49 AM    0   11.88    0.00    5.94    0.00    0.00    1.98    0.00    0.00    0.00   80.20

11:28:49 AM  CPU    %usr   %nice    %sys %iowait    %irq   %soft  %steal  %guest  %gnice   %idle
11:28:50 AM    0   13.27    0.00    3.06    0.00    0.00    1.02    0.00    0.00    0.00   82.65

11:28:50 AM  CPU    %usr   %nice    %sys %iowait    %irq   %soft  %steal  %guest  %gnice   %idle
11:28:51 AM    0    9.18    0.00    7.14    0.00    0.00    1.02    0.00    0.00    0.00   82.65

11:28:51 AM  CPU    %usr   %nice    %sys %iowait    %irq   %soft  %steal  %guest  %gnice   %idle
11:28:52 AM    0   11.11    0.00    5.05    0.00    0.00    2.02    0.00    0.00    0.00   81.82

11:28:52 AM  CPU    %usr   %nice    %sys %iowait    %irq   %soft  %steal  %guest  %gnice   %idle
11:28:53 AM    0   13.00    0.00    4.00    0.00    0.00    2.00    0.00    0.00    0.00   81.00

11:28:53 AM  CPU    %usr   %nice    %sys %iowait    %irq   %soft  %steal  %guest  %gnice   %idle
11:28:54 AM    0   10.31    0.00    4.12    0.00    0.00    2.06    0.00    0.00    0.00   83.51

11:28:54 AM  CPU    %usr   %nice    %sys %iowait    %irq   %soft  %steal  %guest  %gnice   %idle
11:28:55 AM    0    9.18    0.00    7.14    0.00    0.00    1.02    0.00    0.00    0.00   82.65

11:28:55 AM  CPU    %usr   %nice    %sys %iowait    %irq   %soft  %steal  %guest  %gnice   %idle
11:28:56 AM    0   11.22    0.00    4.08    0.00    0.00    2.04    0.00    0.00    0.00   82.65

11:28:56 AM  CPU    %usr   %nice    %sys %iowait    %irq   %soft  %steal  %guest  %gnice   %idle
11:28:57 AM    0   12.24    0.00    3.06    0.00    0.00    2.04    0.00    0.00    0.00   82.65

11:28:57 AM  CPU    %usr   %nice    %sys %iowait    %irq   %soft  %steal  %guest  %gnice   %idle
11:28:58 AM    0   10.00    0.00    6.00    0.00    0.00    3.00    0.00    0.00    0.00   81.00

11:28:58 AM  CPU    %usr   %nice    %sys %iowait    %irq   %soft  %steal  %guest  %gnice   %idle
11:28:59 AM    0   14.14    0.00    4.04    0.00    0.00    0.00    0.00    0.00    0.00   81.82

11:28:59 AM  CPU    %usr   %nice    %sys %iowait    %irq   %soft  %steal  %guest  %gnice   %idle
11:29:00 AM    0   10.89    0.00    6.93    0.00    0.00    1.98    0.00    0.00    0.00   80.20

11:29:00 AM  CPU    %usr   %nice    %sys %iowait    %irq   %soft  %steal  %guest  %gnice   %idle
11:29:01 AM    0   15.53    0.00    3.88    0.00    0.00    1.94    0.00    0.00    0.00   78.64

11:29:01 AM  CPU    %usr   %nice    %sys %iowait    %irq   %soft  %steal  %guest  %gnice   %idle
11:29:02 AM    0   11.34    0.00    5.15    0.00    0.00    1.03    0.00    0.00    0.00   82.47

11:29:02 AM  CPU    %usr   %nice    %sys %iowait    %irq   %soft  %steal  %guest  %gnice   %idle
11:29:03 AM    0   10.10    0.00    6.06    0.00    0.00    2.02    0.00    0.00    0.00   81.82

11:29:03 AM  CPU    %usr   %nice    %sys %iowait    %irq   %soft  %steal  %guest  %gnice   %idle
11:29:04 AM    0   13.00    0.00    5.00    0.00    0.00    1.00    0.00    0.00    0.00   81.00

11:29:04 AM  CPU    %usr   %nice    %sys %iowait    %irq   %soft  %steal  %guest  %gnice   %idle
11:29:05 AM    0   10.31    0.00    4.12    0.00    0.00    2.06    0.00    0.00    0.00   83.51

11:29:05 AM  CPU    %usr   %nice    %sys %iowait    %irq   %soft  %steal  %guest  %gnice   %idle
11:29:06 AM    0   12.12    0.00    3.03    0.00    0.00    3.03    0.00    0.00    0.00   81.82

11:29:06 AM  CPU    %usr   %nice    %sys %iowait    %irq   %soft  %steal  %guest  %gnice   %idle
11:29:07 AM    0   10.31    0.00    6.19    0.00    0.00    0.00    0.00    0.00    0.00   83.51

11:29:07 AM  CPU    %usr   %nice    %sys %iowait    %irq   %soft  %steal  %guest  %gnice   %idle
11:29:08 AM    0   12.00    0.00    4.00    0.00    0.00    3.00    0.00    0.00    0.00   81.00

11:29:08 AM  CPU    %usr   %nice    %sys %iowait    %irq   %soft  %steal  %guest  %gnice   %idle
11:29:09 AM    0   11.11    0.00    5.05    0.00    0.00    2.02    0.00    0.00    0.00   81.82

11:29:09 AM  CPU    %usr   %nice    %sys %iowait    %irq   %soft  %steal  %guest  %gnice   %idle
11:29:10 AM    0   10.31    0.00    5.15    0.00    0.00    1.03    0.00    0.00    0.00   83.51

11:29:10 AM  CPU    %usr   %nice    %sys %iowait    %irq   %soft  %steal  %guest  %gnice   %idle
11:29:11 AM    0   12.75    0.00    5.88    0.00    0.00    0.98    0.00    0.00    0.00   80.39

11:29:11 AM  CPU    %usr   %nice    %sys %iowait    %irq   %soft  %steal  %guest  %gnice   %idle
11:29:12 AM    0   11.88    0.00    4.95    0.00    0.00    2.97    0.00    0.00    0.00   80.20

11:29:12 AM  CPU    %usr   %nice    %sys %iowait    %irq   %soft  %steal  %guest  %gnice   %idle
11:29:13 AM    0   11.34    0.00    3.09    0.00    0.00    2.06    0.00    0.00    0.00   83.51

11:29:13 AM  CPU    %usr   %nice    %sys %iowait    %irq   %soft  %steal  %guest  %gnice   %idle
11:29:14 AM    0   12.87    0.00    4.95    0.00    0.00    1.98    0.00    0.00    0.00   80.20

11:29:14 AM  CPU    %usr   %nice    %sys %iowait    %irq   %soft  %steal  %guest  %gnice   %idle
11:29:15 AM    0   13.27    0.00    3.06    0.00    0.00    1.02    0.00    0.00    0.00   82.65

11:29:15 AM  CPU    %usr   %nice    %sys %iowait    %irq   %soft  %steal  %guest  %gnice   %idle
11:29:16 AM    0   12.75    0.00    4.90    0.00    0.00    2.94    0.00    0.00    0.00   79.41

11:29:16 AM  CPU    %usr   %nice    %sys %iowait    %irq   %soft  %steal  %guest  %gnice   %idle
11:29:17 AM    0   12.12    0.00    5.05    0.00    0.00    1.01    0.00    0.00    0.00   81.82

11:29:17 AM  CPU    %usr   %nice    %sys %iowait    %irq   %soft  %steal  %guest  %gnice   %idle
11:29:18 AM    0   11.22    0.00    4.08    0.00    0.00    2.04    0.00    0.00    0.00   82.65

11:29:18 AM  CPU    %usr   %nice    %sys %iowait    %irq   %soft  %steal  %guest  %gnice   %idle
11:29:19 AM    0   12.00    0.00    5.00    0.00    0.00    2.00    0.00    0.00    0.00   81.00

11:29:19 AM  CPU    %usr   %nice    %sys %iowait    %irq   %soft  %steal  %guest  %gnice   %idle
11:29:20 AM    0   11.00    0.00    6.00    0.00    0.00    2.00    0.00    0.00    0.00   81.00

11:29:20 AM  CPU    %usr   %nice    %sys %iowait    %irq   %soft  %steal  %guest  %gnice   %idle
11:29:21 AM    0   12.24    0.00    5.10    0.00    0.00    0.00    0.00    0.00    0.00   82.65

11:29:21 AM  CPU    %usr   %nice    %sys %iowait    %irq   %soft  %steal  %guest  %gnice   %idle
11:29:22 AM    0   10.31    0.00    4.12    0.00    0.00    2.06    0.00    0.00    0.00   83.51

11:29:22 AM  CPU    %usr   %nice    %sys %iowait    %irq   %soft  %steal  %guest  %gnice   %idle
11:29:23 AM    0   11.00    0.00    7.00    0.00    0.00    1.00    0.00    0.00    0.00   81.00

11:29:23 AM  CPU    %usr   %nice    %sys %iowait    %irq   %soft  %steal  %guest  %gnice   %idle
11:29:24 AM    0   12.12    0.00    5.05    0.00    0.00    1.01    0.00    0.00    0.00   81.82

11:29:24 AM  CPU    %usr   %nice    %sys %iowait    %irq   %soft  %steal  %guest  %gnice   %idle
11:29:25 AM    0   11.00    0.00    6.00    0.00    0.00    2.00    0.00    0.00    0.00   81.00

11:29:25 AM  CPU    %usr   %nice    %sys %iowait    %irq   %soft  %steal  %guest  %gnice   %idle
11:29:26 AM    0   12.87    0.00    3.96    0.00    0.00    2.97    0.00    0.00    0.00   80.20

11:29:26 AM  CPU    %usr   %nice    %sys %iowait    %irq   %soft  %steal  %guest  %gnice   %idle
11:29:27 AM    0   14.14    0.00    3.03    0.00    0.00    1.01    0.00    0.00    0.00   81.82

11:29:27 AM  CPU    %usr   %nice    %sys %iowait    %irq   %soft  %steal  %guest  %gnice   %idle
11:29:28 AM    0   12.00    0.00    4.00    0.00    0.00    3.00    0.00    0.00    0.00   81.00

11:29:28 AM  CPU    %usr   %nice    %sys %iowait    %irq   %soft  %steal  %guest  %gnice   %idle
11:29:29 AM    0   10.00    0.00    7.00    0.00    0.00    2.00    0.00    0.00    0.00   81.00

11:29:29 AM  CPU    %usr   %nice    %sys %iowait    %irq   %soft  %steal  %guest  %gnice   %idle
11:29:30 AM    0   11.11    0.00    5.05    0.00    0.00    2.02    0.00    0.00    0.00   81.82

11:29:30 AM  CPU    %usr   %nice    %sys %iowait    %irq   %soft  %steal  %guest  %gnice   %idle
11:29:31 AM    0   11.00    0.00    7.00    0.00    0.00    1.00    0.00    0.00    0.00   81.00

11:29:31 AM  CPU    %usr   %nice    %sys %iowait    %irq   %soft  %steal  %guest  %gnice   %idle
11:29:32 AM    0   13.86    0.00    4.95    0.00    0.00    0.99    0.00    0.00    0.00   80.20

11:29:32 AM  CPU    %usr   %nice    %sys %iowait    %irq   %soft  %steal  %guest  %gnice   %idle
11:29:33 AM    0   13.00    0.00    4.00    0.00    0.00    2.00    0.00    0.00    0.00   81.00

11:29:33 AM  CPU    %usr   %nice    %sys %iowait    %irq   %soft  %steal  %guest  %gnice   %idle
11:29:34 AM    0   11.11    0.00    5.05    0.00    0.00    2.02    0.00    0.00    0.00   81.82

11:29:34 AM  CPU    %usr   %nice    %sys %iowait    %irq   %soft  %steal  %guest  %gnice   %idle
11:29:35 AM    0   10.78    0.00    6.86    0.00    0.00    2.94    0.00    0.00    0.00   79.41

11:29:35 AM  CPU    %usr   %nice    %sys %iowait    %irq   %soft  %steal  %guest  %gnice   %idle
11:29:36 AM    0   14.00    0.00    3.00    0.00    0.00    2.00    0.00    0.00    0.00   81.00

11:29:36 AM  CPU    %usr   %nice    %sys %iowait    %irq   %soft  %steal  %guest  %gnice   %idle
11:29:37 AM    0   12.12    0.00    4.04    0.00    0.00    2.02    0.00    0.00    0.00   81.82

11:29:37 AM  CPU    %usr   %nice    %sys %iowait    %irq   %soft  %steal  %guest  %gnice   %idle
11:29:38 AM    0    9.18    0.00    5.10    0.00    0.00    3.06    0.00    0.00    0.00   82.65

11:29:38 AM  CPU    %usr   %nice    %sys %iowait    %irq   %soft  %steal  %guest  %gnice   %idle
11:29:39 AM    0   10.89    0.00    5.94    0.00    0.00    2.97    0.00    0.00    0.00   80.20

11:29:39 AM  CPU    %usr   %nice    %sys %iowait    %irq   %soft  %steal  %guest  %gnice   %idle
11:29:40 AM    0   11.11    0.00    4.04    0.00    0.00    3.03    0.00    0.00    0.00   81.82

11:29:40 AM  CPU    %usr   %nice    %sys %iowait    %irq   %soft  %steal  %guest  %gnice   %idle
11:29:41 AM    0   11.00    0.00    6.00    0.00    0.00    2.00    0.00    0.00    0.00   81.00

11:29:41 AM  CPU    %usr   %nice    %sys %iowait    %irq   %soft  %steal  %guest  %gnice   %idle
11:29:42 AM    0   10.20    0.00    6.12    0.00    0.00    1.02    0.00    0.00    0.00   82.65

11:29:42 AM  CPU    %usr   %nice    %sys %iowait    %irq   %soft  %steal  %guest  %gnice   %idle
11:29:43 AM    0   13.13    0.00    4.04    0.00    0.00    1.01    0.00    0.00    0.00   81.82

11:29:43 AM  CPU    %usr   %nice    %sys %iowait    %irq   %soft  %steal  %guest  %gnice   %idle
11:29:44 AM    0   10.20    0.00    4.08    0.00    0.00    3.06    0.00    0.00    0.00   82.65

11:29:44 AM  CPU    %usr   %nice    %sys %iowait    %irq   %soft  %steal  %guest  %gnice   %idle
11:29:45 AM    0   11.11    0.00    4.04    0.00    0.00    3.03    0.00    0.00    0.00   81.82

11:29:45 AM  CPU    %usr   %nice    %sys %iowait    %irq   %soft  %steal  %guest  %gnice   %idle
11:29:46 AM    0   11.22    0.00    4.08    0.00    0.00    2.04    0.00    0.00    0.00   82.65

11:29:46 AM  CPU    %usr   %nice    %sys %iowait    %irq   %soft  %steal  %guest  %gnice   %idle
11:29:47 AM    0   11.22    0.00    6.12    0.00    0.00    0.00    0.00    0.00    0.00   82.65

11:29:47 AM  CPU    %usr   %nice    %sys %iowait    %irq   %soft  %steal  %guest  %gnice   %idle
11:29:48 AM    0   10.10    0.00    5.05    0.00    0.00    3.03    0.00    0.00    0.00   81.82

11:29:48 AM  CPU    %usr   %nice    %sys %iowait    %irq   %soft  %steal  %guest  %gnice   %idle
11:29:49 AM    0   13.00    0.00    5.00    0.00    0.00    1.00    0.00    0.00    0.00   81.00

11:29:49 AM  CPU    %usr   %nice    %sys %iowait    %irq   %soft  %steal  %guest  %gnice   %idle
11:29:50 AM    0   13.13    0.00    4.04    0.00    0.00    1.01    0.00    0.00    0.00   81.82

11:29:50 AM  CPU    %usr   %nice    %sys %iowait    %irq   %soft  %steal  %guest  %gnice   %idle
11:29:51 AM    0    7.14    0.00    8.16    4.08    0.00    2.04    0.00    0.00    0.00   78.57

11:29:51 AM  CPU    %usr   %nice    %sys %iowait    %irq   %soft  %steal  %guest  %gnice   %idle
11:29:52 AM    0   11.88    0.00    3.96    0.00    0.00    3.96    0.00    0.00    0.00   80.20

11:29:52 AM  CPU    %usr   %nice    %sys %iowait    %irq   %soft  %steal  %guest  %gnice   %idle
11:29:53 AM    0   12.12    0.00    4.04    0.00    0.00    2.02    0.00    0.00    0.00   81.82

11:29:53 AM  CPU    %usr   %nice    %sys %iowait    %irq   %soft  %steal  %guest  %gnice   %idle
11:29:54 AM    0   13.00    0.00    4.00    0.00    0.00    2.00    0.00    0.00    0.00   81.00

11:29:54 AM  CPU    %usr   %nice    %sys %iowait    %irq   %soft  %steal  %guest  %gnice   %idle
11:29:55 AM    0   13.13    0.00    3.03    0.00    0.00    2.02    0.00    0.00    0.00   81.82

11:29:55 AM  CPU    %usr   %nice    %sys %iowait    %irq   %soft  %steal  %guest  %gnice   %idle
11:29:56 AM    0   13.73    0.00    3.92    0.00    0.00    2.94    0.00    0.00    0.00   79.41

11:29:56 AM  CPU    %usr   %nice    %sys %iowait    %irq   %soft  %steal  %guest  %gnice   %idle
11:29:57 AM    0   12.24    0.00    4.08    0.00    0.00    1.02    0.00    0.00    0.00   82.65

11:29:57 AM  CPU    %usr   %nice    %sys %iowait    %irq   %soft  %steal  %guest  %gnice   %idle
11:29:58 AM    0   11.00    0.00    6.00    0.00    0.00    2.00    0.00    0.00    0.00   81.00

11:29:58 AM  CPU    %usr   %nice    %sys %iowait    %irq   %soft  %steal  %guest  %gnice   %idle
11:29:59 AM    0   11.11    0.00    7.07    0.00    0.00    0.00    0.00    0.00    0.00   81.82

11:29:59 AM  CPU    %usr   %nice    %sys %iowait    %irq   %soft  %steal  %guest  %gnice   %idle
11:30:00 AM    0   10.10    0.00    6.06    0.00    0.00    3.03    0.00    0.00    0.00   80.81

Average:     CPU    %usr   %nice    %sys %iowait    %irq   %soft  %steal  %guest  %gnice   %idle
Average:       0   11.63    0.00    5.01    0.03    0.00    1.87    0.00    0.00    0.00   81.46
