Linux 5.3.0-61-generic (cw-zenbook) 	07/16/2020 	_x86_64_	(8 CPU)

12:51:47 PM  CPU    %usr   %nice    %sys %iowait    %irq   %soft  %steal  %guest  %gnice   %idle
12:51:48 PM    0   55.45    0.00   18.81    0.00    0.00    3.96    0.00    0.00    0.00   21.78

12:51:48 PM  CPU    %usr   %nice    %sys %iowait    %irq   %soft  %steal  %guest  %gnice   %idle
12:51:49 PM    0   48.98    0.00   24.49    0.00    0.00    5.10    0.00    0.00    0.00   21.43

12:51:49 PM  CPU    %usr   %nice    %sys %iowait    %irq   %soft  %steal  %guest  %gnice   %idle
12:51:50 PM    0   51.55    0.00   19.59    0.00    0.00    6.19    0.00    0.00    0.00   22.68

12:51:50 PM  CPU    %usr   %nice    %sys %iowait    %irq   %soft  %steal  %guest  %gnice   %idle
12:51:51 PM    0   57.28    0.00   16.50    0.00    0.00    4.85    0.00    0.00    0.00   21.36

12:51:51 PM  CPU    %usr   %nice    %sys %iowait    %irq   %soft  %steal  %guest  %gnice   %idle
12:51:52 PM    0   52.00    0.00   19.00    0.00    0.00    7.00    0.00    0.00    0.00   22.00

12:51:52 PM  CPU    %usr   %nice    %sys %iowait    %irq   %soft  %steal  %guest  %gnice   %idle
12:51:53 PM    0   50.52    0.00   22.68    0.00    0.00    4.12    0.00    0.00    0.00   22.68

12:51:53 PM  CPU    %usr   %nice    %sys %iowait    %irq   %soft  %steal  %guest  %gnice   %idle
12:51:54 PM    0   52.53    0.00   21.21    0.00    0.00    4.04    0.00    0.00    0.00   22.22

12:51:54 PM  CPU    %usr   %nice    %sys %iowait    %irq   %soft  %steal  %guest  %gnice   %idle
12:51:55 PM    0   52.00    0.00   22.00    0.00    0.00    4.00    0.00    0.00    0.00   22.00

12:51:55 PM  CPU    %usr   %nice    %sys %iowait    %irq   %soft  %steal  %guest  %gnice   %idle
12:51:56 PM    0   48.00    0.00   24.00    0.00    0.00    6.00    0.00    0.00    0.00   22.00

12:51:56 PM  CPU    %usr   %nice    %sys %iowait    %irq   %soft  %steal  %guest  %gnice   %idle
12:51:57 PM    0   50.50    0.00   20.79    0.00    0.00    6.93    0.00    0.00    0.00   21.78

12:51:57 PM  CPU    %usr   %nice    %sys %iowait    %irq   %soft  %steal  %guest  %gnice   %idle
12:51:58 PM    0   49.00    0.00   23.00    0.00    0.00    5.00    0.00    0.00    0.00   23.00

12:51:58 PM  CPU    %usr   %nice    %sys %iowait    %irq   %soft  %steal  %guest  %gnice   %idle
12:51:59 PM    0   54.55    0.00   19.19    0.00    0.00    5.05    0.00    0.00    0.00   21.21

12:51:59 PM  CPU    %usr   %nice    %sys %iowait    %irq   %soft  %steal  %guest  %gnice   %idle
12:52:00 PM    0   53.12    0.00   20.83    0.00    0.00    3.12    0.00    0.00    0.00   22.92

12:52:00 PM  CPU    %usr   %nice    %sys %iowait    %irq   %soft  %steal  %guest  %gnice   %idle
12:52:01 PM    0   51.96    0.00   18.63    0.00    0.00    6.86    0.00    0.00    0.00   22.55

12:52:01 PM  CPU    %usr   %nice    %sys %iowait    %irq   %soft  %steal  %guest  %gnice   %idle
12:52:02 PM    0   56.00    0.00   16.00    0.00    0.00    6.00    0.00    0.00    0.00   22.00

12:52:02 PM  CPU    %usr   %nice    %sys %iowait    %irq   %soft  %steal  %guest  %gnice   %idle
12:52:03 PM    0   60.42    0.00   14.58    0.00    0.00    2.08    0.00    0.00    0.00   22.92

12:52:03 PM  CPU    %usr   %nice    %sys %iowait    %irq   %soft  %steal  %guest  %gnice   %idle
12:52:04 PM    0   49.49    0.00   24.24    0.00    0.00    4.04    0.00    0.00    0.00   22.22

12:52:04 PM  CPU    %usr   %nice    %sys %iowait    %irq   %soft  %steal  %guest  %gnice   %idle
12:52:05 PM    0   52.00    0.00   20.00    0.00    0.00    6.00    0.00    0.00    0.00   22.00

12:52:05 PM  CPU    %usr   %nice    %sys %iowait    %irq   %soft  %steal  %guest  %gnice   %idle
12:52:06 PM    0   54.00    0.00   18.00    0.00    0.00    5.00    0.00    0.00    0.00   23.00

12:52:06 PM  CPU    %usr   %nice    %sys %iowait    %irq   %soft  %steal  %guest  %gnice   %idle
12:52:07 PM    0   50.52    0.00   22.68    0.00    0.00    4.12    0.00    0.00    0.00   22.68

12:52:07 PM  CPU    %usr   %nice    %sys %iowait    %irq   %soft  %steal  %guest  %gnice   %idle
12:52:08 PM    0   56.86    0.00   16.67    0.00    0.00    3.92    0.00    0.00    0.00   22.55

12:52:08 PM  CPU    %usr   %nice    %sys %iowait    %irq   %soft  %steal  %guest  %gnice   %idle
12:52:09 PM    0   54.55    0.00   19.19    0.00    0.00    5.05    0.00    0.00    0.00   21.21

12:52:09 PM  CPU    %usr   %nice    %sys %iowait    %irq   %soft  %steal  %guest  %gnice   %idle
12:52:10 PM    0   52.00    0.00   19.00    0.00    0.00    6.00    0.00    0.00    0.00   23.00

12:52:10 PM  CPU    %usr   %nice    %sys %iowait    %irq   %soft  %steal  %guest  %gnice   %idle
12:52:11 PM    0   57.14    0.00   16.33    0.00    0.00    5.10    0.00    0.00    0.00   21.43

12:52:11 PM  CPU    %usr   %nice    %sys %iowait    %irq   %soft  %steal  %guest  %gnice   %idle
12:52:12 PM    0   50.50    0.00   18.81    0.00    0.00    7.92    0.00    0.00    0.00   22.77

12:52:12 PM  CPU    %usr   %nice    %sys %iowait    %irq   %soft  %steal  %guest  %gnice   %idle
12:52:13 PM    0   54.46    0.00   18.81    0.00    0.00    4.95    0.00    0.00    0.00   21.78

12:52:13 PM  CPU    %usr   %nice    %sys %iowait    %irq   %soft  %steal  %guest  %gnice   %idle
12:52:14 PM    0   51.52    0.00   19.19    0.00    0.00    7.07    0.00    0.00    0.00   22.22

12:52:14 PM  CPU    %usr   %nice    %sys %iowait    %irq   %soft  %steal  %guest  %gnice   %idle
12:52:15 PM    0   48.51    0.00   21.78    0.00    0.00    7.92    0.00    0.00    0.00   21.78

12:52:15 PM  CPU    %usr   %nice    %sys %iowait    %irq   %soft  %steal  %guest  %gnice   %idle
12:52:16 PM    0   50.00    0.00   22.00    0.00    0.00    6.00    0.00    0.00    0.00   22.00

12:52:16 PM  CPU    %usr   %nice    %sys %iowait    %irq   %soft  %steal  %guest  %gnice   %idle
12:52:17 PM    0   52.58    0.00   19.59    0.00    0.00    6.19    0.00    0.00    0.00   21.65

12:52:17 PM  CPU    %usr   %nice    %sys %iowait    %irq   %soft  %steal  %guest  %gnice   %idle
12:52:18 PM    0   50.50    0.00   20.79    0.00    0.00    5.94    0.00    0.00    0.00   22.77

12:52:18 PM  CPU    %usr   %nice    %sys %iowait    %irq   %soft  %steal  %guest  %gnice   %idle
12:52:19 PM    0   50.50    0.00   21.78    0.00    0.00    5.94    0.00    0.00    0.00   21.78

12:52:19 PM  CPU    %usr   %nice    %sys %iowait    %irq   %soft  %steal  %guest  %gnice   %idle
12:52:20 PM    0   48.98    0.00   20.41    0.00    0.00    7.14    0.00    0.00    0.00   23.47

12:52:20 PM  CPU    %usr   %nice    %sys %iowait    %irq   %soft  %steal  %guest  %gnice   %idle
12:52:21 PM    0   56.25    0.00   17.71    0.00    0.00    3.12    0.00    0.00    0.00   22.92

12:52:21 PM  CPU    %usr   %nice    %sys %iowait    %irq   %soft  %steal  %guest  %gnice   %idle
12:52:22 PM    0   50.00    0.00   22.45    0.00    0.00    6.12    0.00    0.00    0.00   21.43

12:52:22 PM  CPU    %usr   %nice    %sys %iowait    %irq   %soft  %steal  %guest  %gnice   %idle
12:52:23 PM    0   50.51    0.00   20.20    0.00    0.00    6.06    0.00    0.00    0.00   23.23

12:52:23 PM  CPU    %usr   %nice    %sys %iowait    %irq   %soft  %steal  %guest  %gnice   %idle
12:52:24 PM    0   51.00    0.00   21.00    0.00    0.00    6.00    0.00    0.00    0.00   22.00

12:52:24 PM  CPU    %usr   %nice    %sys %iowait    %irq   %soft  %steal  %guest  %gnice   %idle
12:52:25 PM    0   53.54    0.00   21.21    0.00    0.00    3.03    0.00    0.00    0.00   22.22

12:52:25 PM  CPU    %usr   %nice    %sys %iowait    %irq   %soft  %steal  %guest  %gnice   %idle
12:52:26 PM    0   46.53    0.00   24.75    0.00    0.00    6.93    0.00    0.00    0.00   21.78

12:52:26 PM  CPU    %usr   %nice    %sys %iowait    %irq   %soft  %steal  %guest  %gnice   %idle
12:52:27 PM    0   56.12    0.00   18.37    0.00    0.00    4.08    0.00    0.00    0.00   21.43

12:52:27 PM  CPU    %usr   %nice    %sys %iowait    %irq   %soft  %steal  %guest  %gnice   %idle
12:52:28 PM    0   53.06    0.00   18.37    0.00    0.00    6.12    0.00    0.00    0.00   22.45

12:52:28 PM  CPU    %usr   %nice    %sys %iowait    %irq   %soft  %steal  %guest  %gnice   %idle
12:52:29 PM    0   49.00    0.00   26.00    0.00    0.00    3.00    0.00    0.00    0.00   22.00

12:52:29 PM  CPU    %usr   %nice    %sys %iowait    %irq   %soft  %steal  %guest  %gnice   %idle
12:52:30 PM    0   52.94    0.00   17.65    0.00    0.00    7.84    0.00    0.00    0.00   21.57

12:52:30 PM  CPU    %usr   %nice    %sys %iowait    %irq   %soft  %steal  %guest  %gnice   %idle
12:52:31 PM    0   54.55    0.00   16.16    0.00    0.00    7.07    0.00    0.00    0.00   22.22

12:52:31 PM  CPU    %usr   %nice    %sys %iowait    %irq   %soft  %steal  %guest  %gnice   %idle
12:52:32 PM    0   50.52    0.00   22.68    0.00    0.00    4.12    0.00    0.00    0.00   22.68

12:52:32 PM  CPU    %usr   %nice    %sys %iowait    %irq   %soft  %steal  %guest  %gnice   %idle
12:52:33 PM    0   48.00    0.00   23.00    0.00    0.00    8.00    0.00    0.00    0.00   21.00

12:52:33 PM  CPU    %usr   %nice    %sys %iowait    %irq   %soft  %steal  %guest  %gnice   %idle
12:52:34 PM    0   51.02    0.00   19.39    0.00    0.00    7.14    0.00    0.00    0.00   22.45

12:52:34 PM  CPU    %usr   %nice    %sys %iowait    %irq   %soft  %steal  %guest  %gnice   %idle
12:52:35 PM    0   50.00    0.00   24.49    0.00    0.00    3.06    0.00    0.00    0.00   22.45

12:52:35 PM  CPU    %usr   %nice    %sys %iowait    %irq   %soft  %steal  %guest  %gnice   %idle
12:52:36 PM    0   55.21    0.00   18.75    0.00    0.00    3.12    0.00    0.00    0.00   22.92

12:52:36 PM  CPU    %usr   %nice    %sys %iowait    %irq   %soft  %steal  %guest  %gnice   %idle
12:52:37 PM    0   50.51    0.00   18.18    0.00    0.00    9.09    0.00    0.00    0.00   22.22

12:52:37 PM  CPU    %usr   %nice    %sys %iowait    %irq   %soft  %steal  %guest  %gnice   %idle
12:52:38 PM    0   54.46    0.00   19.80    0.00    0.00    3.96    0.00    0.00    0.00   21.78

12:52:38 PM  CPU    %usr   %nice    %sys %iowait    %irq   %soft  %steal  %guest  %gnice   %idle
12:52:39 PM    0   54.90    0.00   19.61    0.00    0.00    3.92    0.00    0.00    0.00   21.57

12:52:39 PM  CPU    %usr   %nice    %sys %iowait    %irq   %soft  %steal  %guest  %gnice   %idle
12:52:40 PM    0   55.56    0.00   17.17    0.00    0.00    5.05    0.00    0.00    0.00   22.22

12:52:40 PM  CPU    %usr   %nice    %sys %iowait    %irq   %soft  %steal  %guest  %gnice   %idle
12:52:41 PM    0   53.00    0.00   20.00    0.00    0.00    5.00    0.00    0.00    0.00   22.00

12:52:41 PM  CPU    %usr   %nice    %sys %iowait    %irq   %soft  %steal  %guest  %gnice   %idle
12:52:42 PM    0   52.00    0.00   21.00    0.00    0.00    5.00    0.00    0.00    0.00   22.00

12:52:42 PM  CPU    %usr   %nice    %sys %iowait    %irq   %soft  %steal  %guest  %gnice   %idle
12:52:43 PM    0   55.56    0.00   20.20    0.00    0.00    3.03    0.00    0.00    0.00   21.21

12:52:43 PM  CPU    %usr   %nice    %sys %iowait    %irq   %soft  %steal  %guest  %gnice   %idle
12:52:44 PM    0   49.00    0.00   24.00    0.00    0.00    5.00    0.00    0.00    0.00   22.00

12:52:44 PM  CPU    %usr   %nice    %sys %iowait    %irq   %soft  %steal  %guest  %gnice   %idle
12:52:45 PM    0   51.00    0.00   20.00    0.00    0.00    7.00    0.00    0.00    0.00   22.00

12:52:45 PM  CPU    %usr   %nice    %sys %iowait    %irq   %soft  %steal  %guest  %gnice   %idle
12:52:46 PM    0   51.02    0.00   21.43    0.00    0.00    5.10    0.00    0.00    0.00   22.45

12:52:46 PM  CPU    %usr   %nice    %sys %iowait    %irq   %soft  %steal  %guest  %gnice   %idle
12:52:47 PM    0   50.98    0.00   20.59    0.00    0.00    6.86    0.00    0.00    0.00   21.57

12:52:47 PM  CPU    %usr   %nice    %sys %iowait    %irq   %soft  %steal  %guest  %gnice   %idle
12:52:48 PM    0   48.98    0.00   26.53    0.00    0.00    2.04    0.00    0.00    0.00   22.45

12:52:48 PM  CPU    %usr   %nice    %sys %iowait    %irq   %soft  %steal  %guest  %gnice   %idle
12:52:49 PM    0   53.54    0.00   19.19    0.00    0.00    5.05    0.00    0.00    0.00   22.22

12:52:49 PM  CPU    %usr   %nice    %sys %iowait    %irq   %soft  %steal  %guest  %gnice   %idle
12:52:50 PM    0   51.58    0.00   18.95    0.00    0.00    6.32    0.00    0.00    0.00   23.16

12:52:50 PM  CPU    %usr   %nice    %sys %iowait    %irq   %soft  %steal  %guest  %gnice   %idle
12:52:51 PM    0   51.00    0.00   19.00    0.00    0.00    8.00    0.00    0.00    0.00   22.00

12:52:51 PM  CPU    %usr   %nice    %sys %iowait    %irq   %soft  %steal  %guest  %gnice   %idle
12:52:52 PM    0   55.10    0.00   17.35    0.00    0.00    5.10    0.00    0.00    0.00   22.45

12:52:52 PM  CPU    %usr   %nice    %sys %iowait    %irq   %soft  %steal  %guest  %gnice   %idle
12:52:53 PM    0   55.56    0.00   17.17    0.00    0.00    5.05    0.00    0.00    0.00   22.22

12:52:53 PM  CPU    %usr   %nice    %sys %iowait    %irq   %soft  %steal  %guest  %gnice   %idle
12:52:54 PM    0   51.49    0.00   20.79    0.00    0.00    4.95    0.00    0.00    0.00   22.77

12:52:54 PM  CPU    %usr   %nice    %sys %iowait    %irq   %soft  %steal  %guest  %gnice   %idle
12:52:55 PM    0   54.08    0.00   19.39    0.00    0.00    4.08    0.00    0.00    0.00   22.45

12:52:55 PM  CPU    %usr   %nice    %sys %iowait    %irq   %soft  %steal  %guest  %gnice   %idle
12:52:56 PM    0   50.00    0.00   21.43    0.00    0.00    6.12    0.00    0.00    0.00   22.45

12:52:56 PM  CPU    %usr   %nice    %sys %iowait    %irq   %soft  %steal  %guest  %gnice   %idle
12:52:57 PM    0   55.45    0.00   18.81    0.00    0.00    3.96    0.00    0.00    0.00   21.78

12:52:57 PM  CPU    %usr   %nice    %sys %iowait    %irq   %soft  %steal  %guest  %gnice   %idle
12:52:58 PM    0   48.51    0.00   22.77    0.00    0.00    6.93    0.00    0.00    0.00   21.78

12:52:58 PM  CPU    %usr   %nice    %sys %iowait    %irq   %soft  %steal  %guest  %gnice   %idle
12:52:59 PM    0   51.52    0.00   19.19    0.00    0.00    7.07    0.00    0.00    0.00   22.22

12:52:59 PM  CPU    %usr   %nice    %sys %iowait    %irq   %soft  %steal  %guest  %gnice   %idle
12:53:00 PM    0   50.98    0.00   21.57    0.00    0.00    5.88    0.00    0.00    0.00   21.57

12:53:00 PM  CPU    %usr   %nice    %sys %iowait    %irq   %soft  %steal  %guest  %gnice   %idle
12:53:01 PM    0   53.47    0.00   20.79    0.00    0.00    2.97    0.00    0.00    0.00   22.77

12:53:01 PM  CPU    %usr   %nice    %sys %iowait    %irq   %soft  %steal  %guest  %gnice   %idle
12:53:02 PM    0   52.53    0.00   20.20    0.00    0.00    5.05    0.00    0.00    0.00   22.22

12:53:02 PM  CPU    %usr   %nice    %sys %iowait    %irq   %soft  %steal  %guest  %gnice   %idle
12:53:03 PM    0   56.44    0.00   19.80    0.00    0.00    1.98    0.00    0.00    0.00   21.78

12:53:03 PM  CPU    %usr   %nice    %sys %iowait    %irq   %soft  %steal  %guest  %gnice   %idle
12:53:04 PM    0   58.16    0.00   14.29    0.00    0.00    6.12    0.00    0.00    0.00   21.43

12:53:04 PM  CPU    %usr   %nice    %sys %iowait    %irq   %soft  %steal  %guest  %gnice   %idle
12:53:05 PM    0   49.00    0.00   20.00    0.00    0.00    9.00    0.00    0.00    0.00   22.00

12:53:05 PM  CPU    %usr   %nice    %sys %iowait    %irq   %soft  %steal  %guest  %gnice   %idle
12:53:06 PM    0   53.06    0.00   20.41    0.00    0.00    4.08    0.00    0.00    0.00   22.45

12:53:06 PM  CPU    %usr   %nice    %sys %iowait    %irq   %soft  %steal  %guest  %gnice   %idle
12:53:07 PM    0   52.53    0.00   18.18    0.00    0.00    6.06    0.00    0.00    0.00   23.23

12:53:07 PM  CPU    %usr   %nice    %sys %iowait    %irq   %soft  %steal  %guest  %gnice   %idle
12:53:08 PM    0   54.64    0.00   18.56    0.00    0.00    4.12    0.00    0.00    0.00   22.68

12:53:08 PM  CPU    %usr   %nice    %sys %iowait    %irq   %soft  %steal  %guest  %gnice   %idle
12:53:09 PM    0   51.96    0.00   22.55    0.00    0.00    4.90    0.00    0.00    0.00   20.59

12:53:09 PM  CPU    %usr   %nice    %sys %iowait    %irq   %soft  %steal  %guest  %gnice   %idle
12:53:10 PM    0   54.46    0.00   17.82    0.00    0.00    5.94    0.00    0.00    0.00   21.78

12:53:10 PM  CPU    %usr   %nice    %sys %iowait    %irq   %soft  %steal  %guest  %gnice   %idle
12:53:11 PM    0   53.00    0.00   17.00    0.00    0.00    8.00    0.00    0.00    0.00   22.00

12:53:11 PM  CPU    %usr   %nice    %sys %iowait    %irq   %soft  %steal  %guest  %gnice   %idle
12:53:12 PM    0   44.79    0.00   23.96    0.00    0.00    8.33    0.00    0.00    0.00   22.92

12:53:12 PM  CPU    %usr   %nice    %sys %iowait    %irq   %soft  %steal  %guest  %gnice   %idle
12:53:13 PM    0   56.12    0.00   18.37    0.00    0.00    3.06    0.00    0.00    0.00   22.45

12:53:13 PM  CPU    %usr   %nice    %sys %iowait    %irq   %soft  %steal  %guest  %gnice   %idle
12:53:14 PM    0   48.48    0.00   23.23    0.00    0.00    5.05    0.00    0.00    0.00   23.23

12:53:14 PM  CPU    %usr   %nice    %sys %iowait    %irq   %soft  %steal  %guest  %gnice   %idle
12:53:15 PM    0   55.88    0.00   19.61    0.00    0.00    3.92    0.00    0.00    0.00   20.59

12:53:15 PM  CPU    %usr   %nice    %sys %iowait    %irq   %soft  %steal  %guest  %gnice   %idle
12:53:16 PM    0   51.49    0.00   21.78    0.00    0.00    4.95    0.00    0.00    0.00   21.78

12:53:16 PM  CPU    %usr   %nice    %sys %iowait    %irq   %soft  %steal  %guest  %gnice   %idle
12:53:17 PM    0   54.55    0.00   20.20    0.00    0.00    3.03    0.00    0.00    0.00   22.22

12:53:17 PM  CPU    %usr   %nice    %sys %iowait    %irq   %soft  %steal  %guest  %gnice   %idle
12:53:18 PM    0   53.06    0.00   19.39    0.00    0.00    5.10    0.00    0.00    0.00   22.45

12:53:18 PM  CPU    %usr   %nice    %sys %iowait    %irq   %soft  %steal  %guest  %gnice   %idle
12:53:19 PM    0   52.88    0.00   21.15    0.00    0.00    4.81    0.00    0.00    0.00   21.15

12:53:19 PM  CPU    %usr   %nice    %sys %iowait    %irq   %soft  %steal  %guest  %gnice   %idle
12:53:20 PM    0   48.98    0.00   19.39    0.00    0.00    9.18    0.00    0.00    0.00   22.45

12:53:20 PM  CPU    %usr   %nice    %sys %iowait    %irq   %soft  %steal  %guest  %gnice   %idle
12:53:21 PM    0   54.90    0.00   18.63    0.00    0.00    4.90    0.00    0.00    0.00   21.57

12:53:21 PM  CPU    %usr   %nice    %sys %iowait    %irq   %soft  %steal  %guest  %gnice   %idle
12:53:22 PM    0   50.51    0.00   23.23    0.00    0.00    4.04    0.00    0.00    0.00   22.22

12:53:22 PM  CPU    %usr   %nice    %sys %iowait    %irq   %soft  %steal  %guest  %gnice   %idle
12:53:23 PM    0   56.57    0.00   17.17    0.00    0.00    4.04    0.00    0.00    0.00   22.22

12:53:23 PM  CPU    %usr   %nice    %sys %iowait    %irq   %soft  %steal  %guest  %gnice   %idle
12:53:24 PM    0   47.96    0.00   23.47    0.00    0.00    6.12    0.00    0.00    0.00   22.45

12:53:24 PM  CPU    %usr   %nice    %sys %iowait    %irq   %soft  %steal  %guest  %gnice   %idle
12:53:25 PM    0   49.00    0.00   22.00    0.00    0.00    7.00    0.00    0.00    0.00   22.00

12:53:25 PM  CPU    %usr   %nice    %sys %iowait    %irq   %soft  %steal  %guest  %gnice   %idle
12:53:26 PM    0   52.48    0.00   18.81    0.00    0.00    6.93    0.00    0.00    0.00   21.78

12:53:26 PM  CPU    %usr   %nice    %sys %iowait    %irq   %soft  %steal  %guest  %gnice   %idle
12:53:27 PM    0   49.50    0.00   22.77    0.00    0.00    5.94    0.00    0.00    0.00   21.78

12:53:27 PM  CPU    %usr   %nice    %sys %iowait    %irq   %soft  %steal  %guest  %gnice   %idle
12:53:28 PM    0   52.58    0.00   21.65    0.00    0.00    3.09    0.00    0.00    0.00   22.68

12:53:28 PM  CPU    %usr   %nice    %sys %iowait    %irq   %soft  %steal  %guest  %gnice   %idle
12:53:29 PM    0   50.00    0.00   21.57    0.00    0.00    6.86    0.00    0.00    0.00   21.57

12:53:29 PM  CPU    %usr   %nice    %sys %iowait    %irq   %soft  %steal  %guest  %gnice   %idle
12:53:30 PM    0   55.45    0.00   15.84    0.00    0.00    7.92    0.00    0.00    0.00   20.79

12:53:30 PM  CPU    %usr   %nice    %sys %iowait    %irq   %soft  %steal  %guest  %gnice   %idle
12:53:31 PM    0   49.00    0.00   23.00    0.00    0.00    6.00    0.00    0.00    0.00   22.00

12:53:31 PM  CPU    %usr   %nice    %sys %iowait    %irq   %soft  %steal  %guest  %gnice   %idle
12:53:32 PM    0   49.49    0.00   23.23    0.00    0.00    5.05    0.00    0.00    0.00   22.22

12:53:32 PM  CPU    %usr   %nice    %sys %iowait    %irq   %soft  %steal  %guest  %gnice   %idle
12:53:33 PM    0   53.06    0.00   21.43    0.00    0.00    3.06    0.00    0.00    0.00   22.45

12:53:33 PM  CPU    %usr   %nice    %sys %iowait    %irq   %soft  %steal  %guest  %gnice   %idle
12:53:34 PM    0   51.02    0.00   22.45    0.00    0.00    5.10    0.00    0.00    0.00   21.43

12:53:34 PM  CPU    %usr   %nice    %sys %iowait    %irq   %soft  %steal  %guest  %gnice   %idle
12:53:35 PM    0   51.49    0.00   22.77    0.00    0.00    2.97    0.00    0.00    0.00   22.77

12:53:35 PM  CPU    %usr   %nice    %sys %iowait    %irq   %soft  %steal  %guest  %gnice   %idle
12:53:36 PM    0   49.50    0.00   23.76    0.00    0.00    4.95    0.00    0.00    0.00   21.78

12:53:36 PM  CPU    %usr   %nice    %sys %iowait    %irq   %soft  %steal  %guest  %gnice   %idle
12:53:37 PM    0   52.48    0.00   19.80    0.00    0.00    4.95    0.00    0.00    0.00   22.77

12:53:37 PM  CPU    %usr   %nice    %sys %iowait    %irq   %soft  %steal  %guest  %gnice   %idle
12:53:38 PM    0   55.34    0.00   19.42    0.00    0.00    3.88    0.00    0.00    0.00   21.36

12:53:38 PM  CPU    %usr   %nice    %sys %iowait    %irq   %soft  %steal  %guest  %gnice   %idle
12:53:39 PM    0   53.06    0.00   17.35    0.00    0.00    7.14    0.00    0.00    0.00   22.45

12:53:39 PM  CPU    %usr   %nice    %sys %iowait    %irq   %soft  %steal  %guest  %gnice   %idle
12:53:40 PM    0   50.00    0.00   19.61    0.00    0.00    8.82    0.00    0.00    0.00   21.57

12:53:40 PM  CPU    %usr   %nice    %sys %iowait    %irq   %soft  %steal  %guest  %gnice   %idle
12:53:41 PM    0   51.00    0.00   21.00    0.00    0.00    6.00    0.00    0.00    0.00   22.00

12:53:41 PM  CPU    %usr   %nice    %sys %iowait    %irq   %soft  %steal  %guest  %gnice   %idle
12:53:42 PM    0   53.06    0.00   18.37    0.00    0.00    6.12    0.00    0.00    0.00   22.45

12:53:42 PM  CPU    %usr   %nice    %sys %iowait    %irq   %soft  %steal  %guest  %gnice   %idle
12:53:43 PM    0   54.00    0.00   18.00    0.00    0.00    6.00    0.00    0.00    0.00   22.00

12:53:43 PM  CPU    %usr   %nice    %sys %iowait    %irq   %soft  %steal  %guest  %gnice   %idle
12:53:44 PM    0   53.00    0.00   18.00    0.00    0.00    7.00    0.00    0.00    0.00   22.00

12:53:44 PM  CPU    %usr   %nice    %sys %iowait    %irq   %soft  %steal  %guest  %gnice   %idle
12:53:45 PM    0   53.00    0.00   19.00    0.00    0.00    6.00    0.00    0.00    0.00   22.00

12:53:45 PM  CPU    %usr   %nice    %sys %iowait    %irq   %soft  %steal  %guest  %gnice   %idle
12:53:46 PM    0   47.47    0.00   25.25    0.00    0.00    5.05    0.00    0.00    0.00   22.22

12:53:46 PM  CPU    %usr   %nice    %sys %iowait    %irq   %soft  %steal  %guest  %gnice   %idle
12:53:47 PM    0   48.48    0.00   22.22    0.00    0.00    6.06    0.00    0.00    0.00   23.23

Average:     CPU    %usr   %nice    %sys %iowait    %irq   %soft  %steal  %guest  %gnice   %idle
Average:       0   52.17    0.00   20.28    0.00    0.00    5.42    0.00    0.00    0.00   22.13
