Linux 5.3.0-61-generic (cw-zenbook) 	07/16/2020 	_x86_64_	(8 CPU)

04:00:16 PM  CPU    %usr   %nice    %sys %iowait    %irq   %soft  %steal  %guest  %gnice   %idle
04:00:17 PM    0   11.00    0.00    5.00    0.00    0.00    3.00    0.00    0.00    0.00   81.00

04:00:17 PM  CPU    %usr   %nice    %sys %iowait    %irq   %soft  %steal  %guest  %gnice   %idle
04:00:18 PM    0   10.20    0.00    6.12    0.00    0.00    1.02    0.00    0.00    0.00   82.65

04:00:18 PM  CPU    %usr   %nice    %sys %iowait    %irq   %soft  %steal  %guest  %gnice   %idle
04:00:19 PM    0   10.00    0.00    7.00    0.00    0.00    2.00    0.00    0.00    0.00   81.00

04:00:19 PM  CPU    %usr   %nice    %sys %iowait    %irq   %soft  %steal  %guest  %gnice   %idle
04:00:20 PM    0   12.75    0.00    4.90    0.00    0.00    2.94    0.00    0.00    0.00   79.41

04:00:20 PM  CPU    %usr   %nice    %sys %iowait    %irq   %soft  %steal  %guest  %gnice   %idle
04:00:21 PM    0   11.46    0.00    4.17    0.00    0.00    0.00    0.00    0.00    0.00   84.38

04:00:21 PM  CPU    %usr   %nice    %sys %iowait    %irq   %soft  %steal  %guest  %gnice   %idle
04:00:22 PM    0   13.00    0.00    5.00    0.00    0.00    1.00    0.00    0.00    0.00   81.00

04:00:22 PM  CPU    %usr   %nice    %sys %iowait    %irq   %soft  %steal  %guest  %gnice   %idle
04:00:23 PM    0   12.87    0.00    3.96    0.00    0.00    2.97    0.00    0.00    0.00   80.20

04:00:23 PM  CPU    %usr   %nice    %sys %iowait    %irq   %soft  %steal  %guest  %gnice   %idle
04:00:24 PM    0   11.88    0.00    5.94    0.00    0.00    0.99    0.00    0.00    0.00   81.19

04:00:24 PM  CPU    %usr   %nice    %sys %iowait    %irq   %soft  %steal  %guest  %gnice   %idle
04:00:25 PM    0   10.10    0.00    6.06    0.00    0.00    2.02    0.00    0.00    0.00   81.82

04:00:25 PM  CPU    %usr   %nice    %sys %iowait    %irq   %soft  %steal  %guest  %gnice   %idle
04:00:26 PM    0   12.24    0.00    3.06    0.00    0.00    2.04    0.00    0.00    0.00   82.65

04:00:26 PM  CPU    %usr   %nice    %sys %iowait    %irq   %soft  %steal  %guest  %gnice   %idle
04:00:27 PM    0   11.00    0.00    6.00    0.00    0.00    2.00    0.00    0.00    0.00   81.00

04:00:27 PM  CPU    %usr   %nice    %sys %iowait    %irq   %soft  %steal  %guest  %gnice   %idle
04:00:28 PM    0   13.86    0.00    3.96    0.00    0.00    1.98    0.00    0.00    0.00   80.20

04:00:28 PM  CPU    %usr   %nice    %sys %iowait    %irq   %soft  %steal  %guest  %gnice   %idle
04:00:29 PM    0   11.22    0.00    4.08    0.00    0.00    2.04    0.00    0.00    0.00   82.65

04:00:29 PM  CPU    %usr   %nice    %sys %iowait    %irq   %soft  %steal  %guest  %gnice   %idle
04:00:30 PM    0   13.13    0.00    5.05    0.00    0.00    0.00    0.00    0.00    0.00   81.82

04:00:30 PM  CPU    %usr   %nice    %sys %iowait    %irq   %soft  %steal  %guest  %gnice   %idle
04:00:31 PM    0   11.00    0.00    5.00    0.00    0.00    3.00    0.00    0.00    0.00   81.00

04:00:31 PM  CPU    %usr   %nice    %sys %iowait    %irq   %soft  %steal  %guest  %gnice   %idle
04:00:32 PM    0   13.00    0.00    5.00    0.00    0.00    1.00    0.00    0.00    0.00   81.00

04:00:32 PM  CPU    %usr   %nice    %sys %iowait    %irq   %soft  %steal  %guest  %gnice   %idle
04:00:33 PM    0   11.34    0.00    4.12    0.00    0.00    1.03    0.00    0.00    0.00   83.51

04:00:33 PM  CPU    %usr   %nice    %sys %iowait    %irq   %soft  %steal  %guest  %gnice   %idle
04:00:34 PM    0   13.13    0.00    4.04    0.00    0.00    1.01    0.00    0.00    0.00   81.82

04:00:34 PM  CPU    %usr   %nice    %sys %iowait    %irq   %soft  %steal  %guest  %gnice   %idle
04:00:35 PM    0   11.88    0.00    4.95    0.00    0.00    2.97    0.00    0.00    0.00   80.20

04:00:35 PM  CPU    %usr   %nice    %sys %iowait    %irq   %soft  %steal  %guest  %gnice   %idle
04:00:36 PM    0   10.00    0.00    7.00    0.00    0.00    2.00    0.00    0.00    0.00   81.00

04:00:36 PM  CPU    %usr   %nice    %sys %iowait    %irq   %soft  %steal  %guest  %gnice   %idle
04:00:37 PM    0   12.00    0.00    4.00    0.00    0.00    3.00    0.00    0.00    0.00   81.00

04:00:37 PM  CPU    %usr   %nice    %sys %iowait    %irq   %soft  %steal  %guest  %gnice   %idle
04:00:38 PM    0   13.00    0.00    5.00    0.00    0.00    1.00    0.00    0.00    0.00   81.00

04:00:38 PM  CPU    %usr   %nice    %sys %iowait    %irq   %soft  %steal  %guest  %gnice   %idle
04:00:39 PM    0   12.87    0.00    4.95    0.00    0.00    1.98    0.00    0.00    0.00   80.20

04:00:39 PM  CPU    %usr   %nice    %sys %iowait    %irq   %soft  %steal  %guest  %gnice   %idle
04:00:40 PM    0   12.87    0.00    4.95    0.00    0.00    1.98    0.00    0.00    0.00   80.20

04:00:40 PM  CPU    %usr   %nice    %sys %iowait    %irq   %soft  %steal  %guest  %gnice   %idle
04:00:41 PM    0   15.84    0.00    2.97    0.00    0.00    0.99    0.00    0.00    0.00   80.20

04:00:41 PM  CPU    %usr   %nice    %sys %iowait    %irq   %soft  %steal  %guest  %gnice   %idle
04:00:42 PM    0    9.90    0.00    6.93    0.00    0.00    1.98    0.00    0.00    0.00   81.19

04:00:42 PM  CPU    %usr   %nice    %sys %iowait    %irq   %soft  %steal  %guest  %gnice   %idle
04:00:43 PM    0   11.00    0.00    6.00    0.00    0.00    2.00    0.00    0.00    0.00   81.00

04:00:43 PM  CPU    %usr   %nice    %sys %iowait    %irq   %soft  %steal  %guest  %gnice   %idle
04:00:44 PM    0   12.00    0.00    4.00    0.00    0.00    3.00    0.00    0.00    0.00   81.00

04:00:44 PM  CPU    %usr   %nice    %sys %iowait    %irq   %soft  %steal  %guest  %gnice   %idle
04:00:45 PM    0   12.87    0.00    4.95    0.00    0.00    1.98    0.00    0.00    0.00   80.20

04:00:45 PM  CPU    %usr   %nice    %sys %iowait    %irq   %soft  %steal  %guest  %gnice   %idle
04:00:46 PM    0    9.90    0.00    8.91    0.00    0.00    0.99    0.00    0.00    0.00   80.20

04:00:46 PM  CPU    %usr   %nice    %sys %iowait    %irq   %soft  %steal  %guest  %gnice   %idle
04:00:47 PM    0   13.00    0.00    2.00    0.00    0.00    4.00    0.00    0.00    0.00   81.00

04:00:47 PM  CPU    %usr   %nice    %sys %iowait    %irq   %soft  %steal  %guest  %gnice   %idle
04:00:48 PM    0    9.18    0.00    7.14    0.00    0.00    1.02    0.00    0.00    0.00   82.65

04:00:48 PM  CPU    %usr   %nice    %sys %iowait    %irq   %soft  %steal  %guest  %gnice   %idle
04:00:49 PM    0   11.22    0.00    5.10    0.00    0.00    1.02    0.00    0.00    0.00   82.65

04:00:49 PM  CPU    %usr   %nice    %sys %iowait    %irq   %soft  %steal  %guest  %gnice   %idle
04:00:50 PM    0   11.00    0.00    6.00    0.00    0.00    2.00    0.00    0.00    0.00   81.00

04:00:50 PM  CPU    %usr   %nice    %sys %iowait    %irq   %soft  %steal  %guest  %gnice   %idle
04:00:51 PM    0   12.87    0.00    5.94    0.00    0.00    0.99    0.00    0.00    0.00   80.20

04:00:51 PM  CPU    %usr   %nice    %sys %iowait    %irq   %soft  %steal  %guest  %gnice   %idle
04:00:52 PM    0   13.00    0.00    5.00    0.00    0.00    1.00    0.00    0.00    0.00   81.00

04:00:52 PM  CPU    %usr   %nice    %sys %iowait    %irq   %soft  %steal  %guest  %gnice   %idle
04:00:53 PM    0   11.00    0.00    6.00    0.00    0.00    2.00    0.00    0.00    0.00   81.00

04:00:53 PM  CPU    %usr   %nice    %sys %iowait    %irq   %soft  %steal  %guest  %gnice   %idle
04:00:54 PM    0    9.09    0.00    7.07    0.00    0.00    2.02    0.00    0.00    0.00   81.82

04:00:54 PM  CPU    %usr   %nice    %sys %iowait    %irq   %soft  %steal  %guest  %gnice   %idle
04:00:55 PM    0   13.86    0.00    3.96    0.00    0.00    1.98    0.00    0.00    0.00   80.20

04:00:55 PM  CPU    %usr   %nice    %sys %iowait    %irq   %soft  %steal  %guest  %gnice   %idle
04:00:56 PM    0   11.88    0.00    4.95    0.00    0.00    2.97    0.00    0.00    0.00   80.20

04:00:56 PM  CPU    %usr   %nice    %sys %iowait    %irq   %soft  %steal  %guest  %gnice   %idle
04:00:57 PM    0   13.13    0.00    5.05    0.00    0.00    0.00    0.00    0.00    0.00   81.82

04:00:57 PM  CPU    %usr   %nice    %sys %iowait    %irq   %soft  %steal  %guest  %gnice   %idle
04:00:58 PM    0    9.09    0.00    6.06    0.00    0.00    2.02    0.00    0.00    0.00   82.83

04:00:58 PM  CPU    %usr   %nice    %sys %iowait    %irq   %soft  %steal  %guest  %gnice   %idle
04:00:59 PM    0   13.00    0.00    4.00    0.00    0.00    2.00    0.00    0.00    0.00   81.00

04:00:59 PM  CPU    %usr   %nice    %sys %iowait    %irq   %soft  %steal  %guest  %gnice   %idle
04:01:00 PM    0   13.00    0.00    4.00    0.00    0.00    2.00    0.00    0.00    0.00   81.00

04:01:00 PM  CPU    %usr   %nice    %sys %iowait    %irq   %soft  %steal  %guest  %gnice   %idle
04:01:01 PM    0   12.12    0.00    4.04    0.00    0.00    3.03    0.00    0.00    0.00   80.81

04:01:01 PM  CPU    %usr   %nice    %sys %iowait    %irq   %soft  %steal  %guest  %gnice   %idle
04:01:02 PM    0   13.00    0.00    4.00    0.00    0.00    2.00    0.00    0.00    0.00   81.00

04:01:02 PM  CPU    %usr   %nice    %sys %iowait    %irq   %soft  %steal  %guest  %gnice   %idle
04:01:03 PM    0   11.00    0.00    6.00    0.00    0.00    2.00    0.00    0.00    0.00   81.00

04:01:03 PM  CPU    %usr   %nice    %sys %iowait    %irq   %soft  %steal  %guest  %gnice   %idle
04:01:04 PM    0   10.89    0.00    6.93    0.00    0.00    1.98    0.00    0.00    0.00   80.20

04:01:04 PM  CPU    %usr   %nice    %sys %iowait    %irq   %soft  %steal  %guest  %gnice   %idle
04:01:05 PM    0   10.89    0.00    6.93    0.00    0.00    1.98    0.00    0.00    0.00   80.20

04:01:05 PM  CPU    %usr   %nice    %sys %iowait    %irq   %soft  %steal  %guest  %gnice   %idle
04:01:06 PM    0   11.22    0.00    4.08    0.00    0.00    2.04    0.00    0.00    0.00   82.65

04:01:06 PM  CPU    %usr   %nice    %sys %iowait    %irq   %soft  %steal  %guest  %gnice   %idle
04:01:07 PM    0   12.00    0.00    6.00    0.00    0.00    1.00    0.00    0.00    0.00   81.00

04:01:07 PM  CPU    %usr   %nice    %sys %iowait    %irq   %soft  %steal  %guest  %gnice   %idle
04:01:08 PM    0   12.12    0.00    5.05    0.00    0.00    1.01    0.00    0.00    0.00   81.82

04:01:08 PM  CPU    %usr   %nice    %sys %iowait    %irq   %soft  %steal  %guest  %gnice   %idle
04:01:09 PM    0   12.12    0.00    5.05    0.00    0.00    1.01    0.00    0.00    0.00   81.82

04:01:09 PM  CPU    %usr   %nice    %sys %iowait    %irq   %soft  %steal  %guest  %gnice   %idle
04:01:10 PM    0    8.91    0.00    6.93    0.00    0.00    3.96    0.00    0.00    0.00   80.20

04:01:10 PM  CPU    %usr   %nice    %sys %iowait    %irq   %soft  %steal  %guest  %gnice   %idle
04:01:11 PM    0    9.71    0.00    6.80    0.00    0.00    3.88    0.00    0.00    0.00   79.61

04:01:11 PM  CPU    %usr   %nice    %sys %iowait    %irq   %soft  %steal  %guest  %gnice   %idle
04:01:12 PM    0   12.00    0.00    6.00    0.00    0.00    1.00    0.00    0.00    0.00   81.00

04:01:12 PM  CPU    %usr   %nice    %sys %iowait    %irq   %soft  %steal  %guest  %gnice   %idle
04:01:13 PM    0   13.00    0.00    5.00    0.00    0.00    1.00    0.00    0.00    0.00   81.00

04:01:13 PM  CPU    %usr   %nice    %sys %iowait    %irq   %soft  %steal  %guest  %gnice   %idle
04:01:14 PM    0   11.22    0.00    5.10    0.00    0.00    1.02    0.00    0.00    0.00   82.65

04:01:14 PM  CPU    %usr   %nice    %sys %iowait    %irq   %soft  %steal  %guest  %gnice   %idle
04:01:15 PM    0   12.75    0.00    6.86    0.00    0.00    0.98    0.00    0.00    0.00   79.41

04:01:15 PM  CPU    %usr   %nice    %sys %iowait    %irq   %soft  %steal  %guest  %gnice   %idle
04:01:16 PM    0   10.89    0.00    7.92    0.00    0.00    0.99    0.00    0.00    0.00   80.20

04:01:16 PM  CPU    %usr   %nice    %sys %iowait    %irq   %soft  %steal  %guest  %gnice   %idle
04:01:17 PM    0   11.11    0.00    5.05    0.00    0.00    2.02    0.00    0.00    0.00   81.82

04:01:17 PM  CPU    %usr   %nice    %sys %iowait    %irq   %soft  %steal  %guest  %gnice   %idle
04:01:18 PM    0   12.87    0.00    5.94    0.00    0.00    0.99    0.00    0.00    0.00   80.20

04:01:18 PM  CPU    %usr   %nice    %sys %iowait    %irq   %soft  %steal  %guest  %gnice   %idle
04:01:19 PM    0   13.00    0.00    4.00    0.00    0.00    2.00    0.00    0.00    0.00   81.00

04:01:19 PM  CPU    %usr   %nice    %sys %iowait    %irq   %soft  %steal  %guest  %gnice   %idle
04:01:20 PM    0   10.31    0.00    3.09    0.00    0.00    3.09    0.00    0.00    0.00   83.51

04:01:20 PM  CPU    %usr   %nice    %sys %iowait    %irq   %soft  %steal  %guest  %gnice   %idle
04:01:21 PM    0   11.22    0.00    6.12    0.00    0.00    0.00    0.00    0.00    0.00   82.65

04:01:21 PM  CPU    %usr   %nice    %sys %iowait    %irq   %soft  %steal  %guest  %gnice   %idle
04:01:22 PM    0   12.00    0.00    5.00    0.00    0.00    2.00    0.00    0.00    0.00   81.00

04:01:22 PM  CPU    %usr   %nice    %sys %iowait    %irq   %soft  %steal  %guest  %gnice   %idle
04:01:23 PM    0   10.20    0.00    4.08    0.00    0.00    3.06    0.00    0.00    0.00   82.65

04:01:23 PM  CPU    %usr   %nice    %sys %iowait    %irq   %soft  %steal  %guest  %gnice   %idle
04:01:24 PM    0   12.00    0.00    6.00    0.00    0.00    1.00    0.00    0.00    0.00   81.00

04:01:24 PM  CPU    %usr   %nice    %sys %iowait    %irq   %soft  %steal  %guest  %gnice   %idle
04:01:25 PM    0   11.00    0.00    5.00    0.00    0.00    3.00    0.00    0.00    0.00   81.00

04:01:25 PM  CPU    %usr   %nice    %sys %iowait    %irq   %soft  %steal  %guest  %gnice   %idle
04:01:26 PM    0   12.87    0.00    4.95    0.00    0.00    1.98    0.00    0.00    0.00   80.20

04:01:26 PM  CPU    %usr   %nice    %sys %iowait    %irq   %soft  %steal  %guest  %gnice   %idle
04:01:27 PM    0   12.12    0.00    3.03    0.00    0.00    2.02    0.00    0.00    0.00   82.83

04:01:27 PM  CPU    %usr   %nice    %sys %iowait    %irq   %soft  %steal  %guest  %gnice   %idle
04:01:28 PM    0   11.88    0.00    5.94    0.00    0.00    1.98    0.00    0.00    0.00   80.20

04:01:28 PM  CPU    %usr   %nice    %sys %iowait    %irq   %soft  %steal  %guest  %gnice   %idle
04:01:29 PM    0   12.87    0.00    4.95    0.00    0.00    1.98    0.00    0.00    0.00   80.20

04:01:29 PM  CPU    %usr   %nice    %sys %iowait    %irq   %soft  %steal  %guest  %gnice   %idle
04:01:30 PM    0   12.12    0.00    4.04    0.00    0.00    2.02    0.00    0.00    0.00   81.82

04:01:30 PM  CPU    %usr   %nice    %sys %iowait    %irq   %soft  %steal  %guest  %gnice   %idle
04:01:31 PM    0   14.00    0.00    4.00    0.00    0.00    1.00    0.00    0.00    0.00   81.00

04:01:31 PM  CPU    %usr   %nice    %sys %iowait    %irq   %soft  %steal  %guest  %gnice   %idle
04:01:32 PM    0   12.00    0.00    6.00    0.00    0.00    1.00    0.00    0.00    0.00   81.00

04:01:32 PM  CPU    %usr   %nice    %sys %iowait    %irq   %soft  %steal  %guest  %gnice   %idle
04:01:33 PM    0   12.00    0.00    5.00    0.00    0.00    2.00    0.00    0.00    0.00   81.00

04:01:33 PM  CPU    %usr   %nice    %sys %iowait    %irq   %soft  %steal  %guest  %gnice   %idle
04:01:34 PM    0   12.24    0.00    4.08    0.00    0.00    1.02    0.00    0.00    0.00   82.65

04:01:34 PM  CPU    %usr   %nice    %sys %iowait    %irq   %soft  %steal  %guest  %gnice   %idle
04:01:35 PM    0   12.00    0.00    5.00    0.00    0.00    2.00    0.00    0.00    0.00   81.00

04:01:35 PM  CPU    %usr   %nice    %sys %iowait    %irq   %soft  %steal  %guest  %gnice   %idle
04:01:36 PM    0    9.00    0.00    6.00    0.00    0.00    4.00    0.00    0.00    0.00   81.00

04:01:36 PM  CPU    %usr   %nice    %sys %iowait    %irq   %soft  %steal  %guest  %gnice   %idle
04:01:37 PM    0   14.00    0.00    4.00    0.00    0.00    1.00    0.00    0.00    0.00   81.00

04:01:37 PM  CPU    %usr   %nice    %sys %iowait    %irq   %soft  %steal  %guest  %gnice   %idle
04:01:38 PM    0   11.11    0.00    4.04    0.00    0.00    3.03    0.00    0.00    0.00   81.82

04:01:38 PM  CPU    %usr   %nice    %sys %iowait    %irq   %soft  %steal  %guest  %gnice   %idle
04:01:39 PM    0   11.11    0.00    6.06    0.00    0.00    1.01    0.00    0.00    0.00   81.82

04:01:39 PM  CPU    %usr   %nice    %sys %iowait    %irq   %soft  %steal  %guest  %gnice   %idle
04:01:40 PM    0   11.22    0.00    4.08    0.00    0.00    2.04    0.00    0.00    0.00   82.65

04:01:40 PM  CPU    %usr   %nice    %sys %iowait    %irq   %soft  %steal  %guest  %gnice   %idle
04:01:41 PM    0   11.22    0.00    6.12    0.00    0.00    0.00    0.00    0.00    0.00   82.65

04:01:41 PM  CPU    %usr   %nice    %sys %iowait    %irq   %soft  %steal  %guest  %gnice   %idle
04:01:42 PM    0   11.88    0.00    5.94    0.00    0.00    1.98    0.00    0.00    0.00   80.20

04:01:42 PM  CPU    %usr   %nice    %sys %iowait    %irq   %soft  %steal  %guest  %gnice   %idle
04:01:43 PM    0   12.87    0.00    5.94    0.00    0.00    0.99    0.00    0.00    0.00   80.20

04:01:43 PM  CPU    %usr   %nice    %sys %iowait    %irq   %soft  %steal  %guest  %gnice   %idle
04:01:44 PM    0   14.14    0.00    2.02    0.00    0.00    2.02    0.00    0.00    0.00   81.82

04:01:44 PM  CPU    %usr   %nice    %sys %iowait    %irq   %soft  %steal  %guest  %gnice   %idle
04:01:45 PM    0   10.89    0.00    5.94    0.00    0.00    2.97    0.00    0.00    0.00   80.20

04:01:45 PM  CPU    %usr   %nice    %sys %iowait    %irq   %soft  %steal  %guest  %gnice   %idle
04:01:46 PM    0   12.12    0.00    4.04    0.00    0.00    2.02    0.00    0.00    0.00   81.82

04:01:46 PM  CPU    %usr   %nice    %sys %iowait    %irq   %soft  %steal  %guest  %gnice   %idle
04:01:47 PM    0   11.00    0.00    5.00    0.00    0.00    3.00    0.00    0.00    0.00   81.00

04:01:47 PM  CPU    %usr   %nice    %sys %iowait    %irq   %soft  %steal  %guest  %gnice   %idle
04:01:48 PM    0   13.00    0.00    4.00    0.00    0.00    2.00    0.00    0.00    0.00   81.00

04:01:48 PM  CPU    %usr   %nice    %sys %iowait    %irq   %soft  %steal  %guest  %gnice   %idle
04:01:49 PM    0   10.10    0.00    7.07    0.00    0.00    1.01    0.00    0.00    0.00   81.82

04:01:49 PM  CPU    %usr   %nice    %sys %iowait    %irq   %soft  %steal  %guest  %gnice   %idle
04:01:50 PM    0   12.12    0.00    4.04    0.00    0.00    2.02    0.00    0.00    0.00   81.82

04:01:50 PM  CPU    %usr   %nice    %sys %iowait    %irq   %soft  %steal  %guest  %gnice   %idle
04:01:51 PM    0   15.69    0.00    1.96    0.00    0.00    1.96    0.00    0.00    0.00   80.39

04:01:51 PM  CPU    %usr   %nice    %sys %iowait    %irq   %soft  %steal  %guest  %gnice   %idle
04:01:52 PM    0   11.11    0.00    4.04    0.00    0.00    3.03    0.00    0.00    0.00   81.82

04:01:52 PM  CPU    %usr   %nice    %sys %iowait    %irq   %soft  %steal  %guest  %gnice   %idle
04:01:53 PM    0   14.85    0.00    3.96    0.00    0.00    0.99    0.00    0.00    0.00   80.20

04:01:53 PM  CPU    %usr   %nice    %sys %iowait    %irq   %soft  %steal  %guest  %gnice   %idle
04:01:54 PM    0   10.10    0.00    7.07    0.00    0.00    1.01    0.00    0.00    0.00   81.82

04:01:54 PM  CPU    %usr   %nice    %sys %iowait    %irq   %soft  %steal  %guest  %gnice   %idle
04:01:55 PM    0   13.86    0.00    4.95    0.00    0.00    0.99    0.00    0.00    0.00   80.20

04:01:55 PM  CPU    %usr   %nice    %sys %iowait    %irq   %soft  %steal  %guest  %gnice   %idle
04:01:56 PM    0   13.00    0.00    5.00    0.00    0.00    1.00    0.00    0.00    0.00   81.00

04:01:56 PM  CPU    %usr   %nice    %sys %iowait    %irq   %soft  %steal  %guest  %gnice   %idle
04:01:57 PM    0   11.22    0.00    3.06    0.00    0.00    3.06    0.00    0.00    0.00   82.65

04:01:57 PM  CPU    %usr   %nice    %sys %iowait    %irq   %soft  %steal  %guest  %gnice   %idle
04:01:58 PM    0   12.00    0.00    6.00    0.00    0.00    1.00    0.00    0.00    0.00   81.00

04:01:58 PM  CPU    %usr   %nice    %sys %iowait    %irq   %soft  %steal  %guest  %gnice   %idle
04:01:59 PM    0   13.27    0.00    4.08    0.00    0.00    0.00    0.00    0.00    0.00   82.65

04:01:59 PM  CPU    %usr   %nice    %sys %iowait    %irq   %soft  %steal  %guest  %gnice   %idle
04:02:00 PM    0   11.00    0.00    6.00    0.00    0.00    2.00    0.00    0.00    0.00   81.00

04:02:00 PM  CPU    %usr   %nice    %sys %iowait    %irq   %soft  %steal  %guest  %gnice   %idle
04:02:01 PM    0   12.37    0.00    3.09    0.00    0.00    1.03    0.00    0.00    0.00   83.51

04:02:01 PM  CPU    %usr   %nice    %sys %iowait    %irq   %soft  %steal  %guest  %gnice   %idle
04:02:02 PM    0   11.22    0.00    4.08    0.00    0.00    2.04    0.00    0.00    0.00   82.65

04:02:02 PM  CPU    %usr   %nice    %sys %iowait    %irq   %soft  %steal  %guest  %gnice   %idle
04:02:03 PM    0   13.13    0.00    3.03    0.00    0.00    2.02    0.00    0.00    0.00   81.82

04:02:03 PM  CPU    %usr   %nice    %sys %iowait    %irq   %soft  %steal  %guest  %gnice   %idle
04:02:04 PM    0   11.11    0.00    6.06    0.00    0.00    1.01    0.00    0.00    0.00   81.82

04:02:04 PM  CPU    %usr   %nice    %sys %iowait    %irq   %soft  %steal  %guest  %gnice   %idle
04:02:05 PM    0   10.89    0.00    4.95    0.00    0.00    3.96    0.00    0.00    0.00   80.20

04:02:05 PM  CPU    %usr   %nice    %sys %iowait    %irq   %soft  %steal  %guest  %gnice   %idle
04:02:06 PM    0   13.86    0.00    4.95    0.00    0.00    0.99    0.00    0.00    0.00   80.20

04:02:06 PM  CPU    %usr   %nice    %sys %iowait    %irq   %soft  %steal  %guest  %gnice   %idle
04:02:07 PM    0   12.12    0.00    4.04    0.00    0.00    2.02    0.00    0.00    0.00   81.82

04:02:07 PM  CPU    %usr   %nice    %sys %iowait    %irq   %soft  %steal  %guest  %gnice   %idle
04:02:08 PM    0   12.12    0.00    4.04    0.00    0.00    2.02    0.00    0.00    0.00   81.82

04:02:08 PM  CPU    %usr   %nice    %sys %iowait    %irq   %soft  %steal  %guest  %gnice   %idle
04:02:09 PM    0   12.87    0.00    5.94    0.00    0.00    0.99    0.00    0.00    0.00   80.20

04:02:09 PM  CPU    %usr   %nice    %sys %iowait    %irq   %soft  %steal  %guest  %gnice   %idle
04:02:10 PM    0   11.34    0.00    4.12    0.00    0.00    1.03    0.00    0.00    0.00   83.51

04:02:10 PM  CPU    %usr   %nice    %sys %iowait    %irq   %soft  %steal  %guest  %gnice   %idle
04:02:11 PM    0   11.22    0.00    4.08    0.00    0.00    2.04    0.00    0.00    0.00   82.65

04:02:11 PM  CPU    %usr   %nice    %sys %iowait    %irq   %soft  %steal  %guest  %gnice   %idle
04:02:12 PM    0   12.12    0.00    4.04    0.00    0.00    2.02    0.00    0.00    0.00   81.82

04:02:12 PM  CPU    %usr   %nice    %sys %iowait    %irq   %soft  %steal  %guest  %gnice   %idle
04:02:13 PM    0   10.00    0.00    6.00    0.00    0.00    2.00    0.00    0.00    0.00   82.00

04:02:13 PM  CPU    %usr   %nice    %sys %iowait    %irq   %soft  %steal  %guest  %gnice   %idle
04:02:14 PM    0   12.12    0.00    4.04    0.00    0.00    3.03    0.00    0.00    0.00   80.81

04:02:14 PM  CPU    %usr   %nice    %sys %iowait    %irq   %soft  %steal  %guest  %gnice   %idle
04:02:15 PM    0   10.89    0.00    5.94    0.00    0.00    1.98    0.00    0.00    0.00   81.19

04:02:15 PM  CPU    %usr   %nice    %sys %iowait    %irq   %soft  %steal  %guest  %gnice   %idle
04:02:16 PM    0    8.33    0.00    4.17    0.00    0.00    3.12    0.00    0.00    0.00   84.38

Average:     CPU    %usr   %nice    %sys %iowait    %irq   %soft  %steal  %guest  %gnice   %idle
Average:       0   11.85    0.00    5.02    0.00    0.00    1.81    0.00    0.00    0.00   81.31
