Linux 5.3.0-61-generic (cw-zenbook) 	07/16/2020 	_x86_64_	(8 CPU)

02:33:52 PM  CPU    %usr   %nice    %sys %iowait    %irq   %soft  %steal  %guest  %gnice   %idle
02:33:53 PM    0   40.59    0.00   13.86    0.00    0.00    4.95    0.00    0.00    0.00   40.59

02:33:53 PM  CPU    %usr   %nice    %sys %iowait    %irq   %soft  %steal  %guest  %gnice   %idle
02:33:54 PM    0   37.37    0.00   18.18    0.00    0.00    4.04    0.00    0.00    0.00   40.40

02:33:54 PM  CPU    %usr   %nice    %sys %iowait    %irq   %soft  %steal  %guest  %gnice   %idle
02:33:55 PM    0   39.22    0.00   17.65    0.00    0.00    3.92    0.00    0.00    0.00   39.22

02:33:55 PM  CPU    %usr   %nice    %sys %iowait    %irq   %soft  %steal  %guest  %gnice   %idle
02:33:56 PM    0   36.84    0.00   13.68    0.00    0.00    7.37    0.00    0.00    0.00   42.11

02:33:56 PM  CPU    %usr   %nice    %sys %iowait    %irq   %soft  %steal  %guest  %gnice   %idle
02:33:57 PM    0   42.00    0.00   15.00    0.00    0.00    3.00    0.00    0.00    0.00   40.00

02:33:57 PM  CPU    %usr   %nice    %sys %iowait    %irq   %soft  %steal  %guest  %gnice   %idle
02:33:58 PM    0   35.42    0.00   15.62    0.00    0.00    6.25    0.00    0.00    0.00   42.71

02:33:58 PM  CPU    %usr   %nice    %sys %iowait    %irq   %soft  %steal  %guest  %gnice   %idle
02:33:59 PM    0   43.00    0.00   12.00    0.00    0.00    5.00    0.00    0.00    0.00   40.00

02:33:59 PM  CPU    %usr   %nice    %sys %iowait    %irq   %soft  %steal  %guest  %gnice   %idle
02:34:00 PM    0   39.18    0.00   12.37    0.00    0.00    6.19    0.00    0.00    0.00   42.27

02:34:00 PM  CPU    %usr   %nice    %sys %iowait    %irq   %soft  %steal  %guest  %gnice   %idle
02:34:01 PM    0   38.38    0.00   15.15    0.00    0.00    4.04    0.00    0.00    0.00   42.42

02:34:01 PM  CPU    %usr   %nice    %sys %iowait    %irq   %soft  %steal  %guest  %gnice   %idle
02:34:02 PM    0   36.08    0.00   19.59    0.00    0.00    3.09    0.00    0.00    0.00   41.24

02:34:02 PM  CPU    %usr   %nice    %sys %iowait    %irq   %soft  %steal  %guest  %gnice   %idle
02:34:03 PM    0   42.00    0.00   14.00    0.00    0.00    5.00    0.00    0.00    0.00   39.00

02:34:03 PM  CPU    %usr   %nice    %sys %iowait    %irq   %soft  %steal  %guest  %gnice   %idle
02:34:04 PM    0   37.37    0.00   17.17    0.00    0.00    5.05    0.00    0.00    0.00   40.40

02:34:04 PM  CPU    %usr   %nice    %sys %iowait    %irq   %soft  %steal  %guest  %gnice   %idle
02:34:05 PM    0   42.71    0.00   13.54    0.00    0.00    3.12    0.00    0.00    0.00   40.62

02:34:05 PM  CPU    %usr   %nice    %sys %iowait    %irq   %soft  %steal  %guest  %gnice   %idle
02:34:06 PM    0   40.00    0.00   15.00    0.00    0.00    5.00    0.00    0.00    0.00   40.00

02:34:06 PM  CPU    %usr   %nice    %sys %iowait    %irq   %soft  %steal  %guest  %gnice   %idle
02:34:07 PM    0   40.40    0.00   17.17    0.00    0.00    2.02    0.00    0.00    0.00   40.40

02:34:07 PM  CPU    %usr   %nice    %sys %iowait    %irq   %soft  %steal  %guest  %gnice   %idle
02:34:08 PM    0   41.84    0.00   14.29    0.00    0.00    3.06    0.00    0.00    0.00   40.82

02:34:08 PM  CPU    %usr   %nice    %sys %iowait    %irq   %soft  %steal  %guest  %gnice   %idle
02:34:09 PM    0   40.82    0.00   15.31    0.00    0.00    3.06    0.00    0.00    0.00   40.82

02:34:09 PM  CPU    %usr   %nice    %sys %iowait    %irq   %soft  %steal  %guest  %gnice   %idle
02:34:10 PM    0   42.71    0.00   15.62    0.00    0.00    1.04    0.00    0.00    0.00   40.62

02:34:10 PM  CPU    %usr   %nice    %sys %iowait    %irq   %soft  %steal  %guest  %gnice   %idle
02:34:11 PM    0   40.21    0.00   14.43    0.00    0.00    5.15    0.00    0.00    0.00   40.21

02:34:11 PM  CPU    %usr   %nice    %sys %iowait    %irq   %soft  %steal  %guest  %gnice   %idle
02:34:12 PM    0   37.37    0.00   18.18    0.00    0.00    4.04    0.00    0.00    0.00   40.40

02:34:12 PM  CPU    %usr   %nice    %sys %iowait    %irq   %soft  %steal  %guest  %gnice   %idle
02:34:13 PM    0   41.41    0.00   12.12    0.00    0.00    6.06    0.00    0.00    0.00   40.40

02:34:13 PM  CPU    %usr   %nice    %sys %iowait    %irq   %soft  %steal  %guest  %gnice   %idle
02:34:14 PM    0   35.35    0.00   20.20    0.00    0.00    4.04    0.00    0.00    0.00   40.40

02:34:14 PM  CPU    %usr   %nice    %sys %iowait    %irq   %soft  %steal  %guest  %gnice   %idle
02:34:15 PM    0   41.58    0.00   12.87    0.00    0.00    5.94    0.00    0.00    0.00   39.60

02:34:15 PM  CPU    %usr   %nice    %sys %iowait    %irq   %soft  %steal  %guest  %gnice   %idle
02:34:16 PM    0   37.11    0.00   19.59    0.00    0.00    3.09    0.00    0.00    0.00   40.21

02:34:16 PM  CPU    %usr   %nice    %sys %iowait    %irq   %soft  %steal  %guest  %gnice   %idle
02:34:17 PM    0   38.54    0.00   14.58    0.00    0.00    5.21    0.00    0.00    0.00   41.67

02:34:17 PM  CPU    %usr   %nice    %sys %iowait    %irq   %soft  %steal  %guest  %gnice   %idle
02:34:18 PM    0   37.62    0.00   14.85    0.00    0.00    7.92    0.00    0.00    0.00   39.60

02:34:18 PM  CPU    %usr   %nice    %sys %iowait    %irq   %soft  %steal  %guest  %gnice   %idle
02:34:19 PM    0   39.00    0.00   18.00    0.00    0.00    3.00    0.00    0.00    0.00   40.00

02:34:19 PM  CPU    %usr   %nice    %sys %iowait    %irq   %soft  %steal  %guest  %gnice   %idle
02:34:20 PM    0   44.33    0.00    9.28    0.00    0.00    5.15    0.00    0.00    0.00   41.24

02:34:20 PM  CPU    %usr   %nice    %sys %iowait    %irq   %soft  %steal  %guest  %gnice   %idle
02:34:21 PM    0   39.80    0.00   14.29    0.00    0.00    5.10    0.00    0.00    0.00   40.82

02:34:21 PM  CPU    %usr   %nice    %sys %iowait    %irq   %soft  %steal  %guest  %gnice   %idle
02:34:22 PM    0   42.00    0.00   14.00    0.00    0.00    3.00    0.00    0.00    0.00   41.00

02:34:22 PM  CPU    %usr   %nice    %sys %iowait    %irq   %soft  %steal  %guest  %gnice   %idle
02:34:23 PM    0   38.54    0.00   14.58    0.00    0.00    4.17    0.00    0.00    0.00   42.71

02:34:23 PM  CPU    %usr   %nice    %sys %iowait    %irq   %soft  %steal  %guest  %gnice   %idle
02:34:24 PM    0   38.00    0.00   17.00    0.00    0.00    4.00    0.00    0.00    0.00   41.00

02:34:24 PM  CPU    %usr   %nice    %sys %iowait    %irq   %soft  %steal  %guest  %gnice   %idle
02:34:25 PM    0   40.40    0.00   15.15    0.00    0.00    3.03    0.00    0.00    0.00   41.41

02:34:25 PM  CPU    %usr   %nice    %sys %iowait    %irq   %soft  %steal  %guest  %gnice   %idle
02:34:26 PM    0   38.78    0.00   16.33    0.00    0.00    3.06    0.00    0.00    0.00   41.84

02:34:26 PM  CPU    %usr   %nice    %sys %iowait    %irq   %soft  %steal  %guest  %gnice   %idle
02:34:27 PM    0   43.00    0.00   15.00    0.00    0.00    2.00    0.00    0.00    0.00   40.00

02:34:27 PM  CPU    %usr   %nice    %sys %iowait    %irq   %soft  %steal  %guest  %gnice   %idle
02:34:28 PM    0   34.00    0.00   16.00    0.00    0.00   10.00    0.00    0.00    0.00   40.00

02:34:28 PM  CPU    %usr   %nice    %sys %iowait    %irq   %soft  %steal  %guest  %gnice   %idle
02:34:29 PM    0   40.59    0.00   16.83    0.00    0.00    2.97    0.00    0.00    0.00   39.60

02:34:29 PM  CPU    %usr   %nice    %sys %iowait    %irq   %soft  %steal  %guest  %gnice   %idle
02:34:30 PM    0   42.00    0.00   14.00    0.00    0.00    4.00    0.00    0.00    0.00   40.00

02:34:30 PM  CPU    %usr   %nice    %sys %iowait    %irq   %soft  %steal  %guest  %gnice   %idle
02:34:31 PM    0   37.76    0.00   16.33    0.00    0.00    5.10    0.00    0.00    0.00   40.82

02:34:31 PM  CPU    %usr   %nice    %sys %iowait    %irq   %soft  %steal  %guest  %gnice   %idle
02:34:32 PM    0   42.16    0.00   11.76    0.00    0.00    6.86    0.00    0.00    0.00   39.22

02:34:32 PM  CPU    %usr   %nice    %sys %iowait    %irq   %soft  %steal  %guest  %gnice   %idle
02:34:33 PM    0   42.42    0.00   13.13    0.00    0.00    3.03    0.00    0.00    0.00   41.41

02:34:33 PM  CPU    %usr   %nice    %sys %iowait    %irq   %soft  %steal  %guest  %gnice   %idle
02:34:34 PM    0   37.00    0.00   14.00    0.00    0.00    9.00    0.00    0.00    0.00   40.00

02:34:34 PM  CPU    %usr   %nice    %sys %iowait    %irq   %soft  %steal  %guest  %gnice   %idle
02:34:35 PM    0   40.38    0.00   16.35    0.00    0.00    3.85    0.00    0.00    0.00   39.42

02:34:35 PM  CPU    %usr   %nice    %sys %iowait    %irq   %soft  %steal  %guest  %gnice   %idle
02:34:36 PM    0   39.00    0.00   17.00    0.00    0.00    3.00    0.00    0.00    0.00   41.00

02:34:36 PM  CPU    %usr   %nice    %sys %iowait    %irq   %soft  %steal  %guest  %gnice   %idle
02:34:37 PM    0   38.00    0.00   18.00    0.00    0.00    5.00    0.00    0.00    0.00   39.00

02:34:37 PM  CPU    %usr   %nice    %sys %iowait    %irq   %soft  %steal  %guest  %gnice   %idle
02:34:38 PM    0   40.00    0.00   16.00    0.00    0.00    4.00    0.00    0.00    0.00   40.00

02:34:38 PM  CPU    %usr   %nice    %sys %iowait    %irq   %soft  %steal  %guest  %gnice   %idle
02:34:39 PM    0   41.58    0.00   13.86    0.00    0.00    2.97    0.00    0.00    0.00   41.58

02:34:39 PM  CPU    %usr   %nice    %sys %iowait    %irq   %soft  %steal  %guest  %gnice   %idle
02:34:40 PM    0   45.92    0.00   10.20    0.00    0.00    2.04    0.00    0.00    0.00   41.84

02:34:40 PM  CPU    %usr   %nice    %sys %iowait    %irq   %soft  %steal  %guest  %gnice   %idle
02:34:41 PM    0   38.54    0.00   15.62    0.00    0.00    3.12    0.00    0.00    0.00   42.71

02:34:41 PM  CPU    %usr   %nice    %sys %iowait    %irq   %soft  %steal  %guest  %gnice   %idle
02:34:42 PM    0   40.20    0.00   15.69    0.00    0.00    3.92    0.00    0.00    0.00   40.20

02:34:42 PM  CPU    %usr   %nice    %sys %iowait    %irq   %soft  %steal  %guest  %gnice   %idle
02:34:43 PM    0   35.29    0.00   19.61    0.00    0.00    4.90    0.00    0.00    0.00   40.20

02:34:43 PM  CPU    %usr   %nice    %sys %iowait    %irq   %soft  %steal  %guest  %gnice   %idle
02:34:44 PM    0   39.60    0.00   15.84    0.00    0.00    2.97    0.00    0.00    0.00   41.58

02:34:44 PM  CPU    %usr   %nice    %sys %iowait    %irq   %soft  %steal  %guest  %gnice   %idle
02:34:45 PM    0   36.00    0.00   18.00    0.00    0.00    5.00    0.00    0.00    0.00   41.00

02:34:45 PM  CPU    %usr   %nice    %sys %iowait    %irq   %soft  %steal  %guest  %gnice   %idle
02:34:46 PM    0   38.78    0.00   16.33    0.00    0.00    3.06    0.00    0.00    0.00   41.84

02:34:46 PM  CPU    %usr   %nice    %sys %iowait    %irq   %soft  %steal  %guest  %gnice   %idle
02:34:47 PM    0   40.40    0.00   15.15    0.00    0.00    3.03    0.00    0.00    0.00   41.41

02:34:47 PM  CPU    %usr   %nice    %sys %iowait    %irq   %soft  %steal  %guest  %gnice   %idle
02:34:48 PM    0   37.00    0.00   15.00    0.00    0.00    7.00    0.00    0.00    0.00   41.00

02:34:48 PM  CPU    %usr   %nice    %sys %iowait    %irq   %soft  %steal  %guest  %gnice   %idle
02:34:49 PM    0   44.00    0.00   13.00    0.00    0.00    3.00    0.00    0.00    0.00   40.00

02:34:49 PM  CPU    %usr   %nice    %sys %iowait    %irq   %soft  %steal  %guest  %gnice   %idle
02:34:50 PM    0   35.35    0.00   20.20    0.00    0.00    3.03    0.00    0.00    0.00   41.41

02:34:50 PM  CPU    %usr   %nice    %sys %iowait    %irq   %soft  %steal  %guest  %gnice   %idle
02:34:51 PM    0   36.36    0.00   16.16    0.00    0.00    7.07    0.00    0.00    0.00   40.40

02:34:51 PM  CPU    %usr   %nice    %sys %iowait    %irq   %soft  %steal  %guest  %gnice   %idle
02:34:52 PM    0   40.21    0.00   15.46    0.00    0.00    2.06    0.00    0.00    0.00   42.27

02:34:52 PM  CPU    %usr   %nice    %sys %iowait    %irq   %soft  %steal  %guest  %gnice   %idle
02:34:53 PM    0   43.43    0.00   13.13    0.00    0.00    2.02    0.00    0.00    0.00   41.41

02:34:53 PM  CPU    %usr   %nice    %sys %iowait    %irq   %soft  %steal  %guest  %gnice   %idle
02:34:54 PM    0   40.00    0.00   15.00    0.00    0.00    5.00    0.00    0.00    0.00   40.00

02:34:54 PM  CPU    %usr   %nice    %sys %iowait    %irq   %soft  %steal  %guest  %gnice   %idle
02:34:55 PM    0   36.63    0.00   18.81    0.00    0.00    2.97    0.00    0.00    0.00   41.58

02:34:55 PM  CPU    %usr   %nice    %sys %iowait    %irq   %soft  %steal  %guest  %gnice   %idle
02:34:56 PM    0   31.00    0.00   23.00    0.00    0.00    5.00    0.00    0.00    0.00   41.00

02:34:56 PM  CPU    %usr   %nice    %sys %iowait    %irq   %soft  %steal  %guest  %gnice   %idle
02:34:57 PM    0   40.00    0.00   15.00    0.00    0.00    4.00    0.00    0.00    0.00   41.00

02:34:57 PM  CPU    %usr   %nice    %sys %iowait    %irq   %soft  %steal  %guest  %gnice   %idle
02:34:58 PM    0   40.82    0.00   14.29    0.00    0.00    3.06    0.00    0.00    0.00   41.84

02:34:58 PM  CPU    %usr   %nice    %sys %iowait    %irq   %soft  %steal  %guest  %gnice   %idle
02:34:59 PM    0   40.82    0.00   13.27    0.00    0.00    3.06    0.00    0.00    0.00   42.86

02:34:59 PM  CPU    %usr   %nice    %sys %iowait    %irq   %soft  %steal  %guest  %gnice   %idle
02:35:00 PM    0   38.78    0.00   17.35    0.00    0.00    1.02    0.00    0.00    0.00   42.86

02:35:00 PM  CPU    %usr   %nice    %sys %iowait    %irq   %soft  %steal  %guest  %gnice   %idle
02:35:01 PM    0   36.08    0.00   15.46    0.00    0.00    6.19    0.00    0.00    0.00   42.27

02:35:01 PM  CPU    %usr   %nice    %sys %iowait    %irq   %soft  %steal  %guest  %gnice   %idle
02:35:02 PM    0   39.39    0.00   16.16    0.00    0.00    3.03    0.00    0.00    0.00   41.41

02:35:02 PM  CPU    %usr   %nice    %sys %iowait    %irq   %soft  %steal  %guest  %gnice   %idle
02:35:03 PM    0   39.00    0.00   17.00    0.00    0.00    3.00    0.00    0.00    0.00   41.00

02:35:03 PM  CPU    %usr   %nice    %sys %iowait    %irq   %soft  %steal  %guest  %gnice   %idle
02:35:04 PM    0   42.42    0.00   14.14    0.00    0.00    3.03    0.00    0.00    0.00   40.40

02:35:04 PM  CPU    %usr   %nice    %sys %iowait    %irq   %soft  %steal  %guest  %gnice   %idle
02:35:05 PM    0   41.84    0.00   12.24    0.00    0.00    4.08    0.00    0.00    0.00   41.84

02:35:05 PM  CPU    %usr   %nice    %sys %iowait    %irq   %soft  %steal  %guest  %gnice   %idle
02:35:06 PM    0   41.41    0.00   13.13    0.00    0.00    5.05    0.00    0.00    0.00   40.40

02:35:06 PM  CPU    %usr   %nice    %sys %iowait    %irq   %soft  %steal  %guest  %gnice   %idle
02:35:07 PM    0   36.00    0.00   16.00    0.00    0.00    7.00    0.00    0.00    0.00   41.00

02:35:07 PM  CPU    %usr   %nice    %sys %iowait    %irq   %soft  %steal  %guest  %gnice   %idle
02:35:08 PM    0   36.36    0.00   16.16    0.00    0.00    6.06    0.00    0.00    0.00   41.41

02:35:08 PM  CPU    %usr   %nice    %sys %iowait    %irq   %soft  %steal  %guest  %gnice   %idle
02:35:09 PM    0   33.67    0.00   20.41    0.00    0.00    4.08    0.00    0.00    0.00   41.84

02:35:09 PM  CPU    %usr   %nice    %sys %iowait    %irq   %soft  %steal  %guest  %gnice   %idle
02:35:10 PM    0   38.38    0.00   12.12    0.00    0.00    7.07    0.00    0.00    0.00   42.42

02:35:10 PM  CPU    %usr   %nice    %sys %iowait    %irq   %soft  %steal  %guest  %gnice   %idle
02:35:11 PM    0   41.41    0.00   12.12    0.00    0.00    4.04    0.00    0.00    0.00   42.42

02:35:11 PM  CPU    %usr   %nice    %sys %iowait    %irq   %soft  %steal  %guest  %gnice   %idle
02:35:12 PM    0   40.00    0.00   15.00    0.00    0.00    3.00    0.00    0.00    0.00   42.00

02:35:12 PM  CPU    %usr   %nice    %sys %iowait    %irq   %soft  %steal  %guest  %gnice   %idle
02:35:13 PM    0   41.00    0.00   15.00    0.00    0.00    3.00    0.00    0.00    0.00   41.00

02:35:13 PM  CPU    %usr   %nice    %sys %iowait    %irq   %soft  %steal  %guest  %gnice   %idle
02:35:14 PM    0   40.40    0.00   15.15    0.00    0.00    3.03    0.00    0.00    0.00   41.41

02:35:14 PM  CPU    %usr   %nice    %sys %iowait    %irq   %soft  %steal  %guest  %gnice   %idle
02:35:15 PM    0   40.00    0.00   15.00    0.00    0.00    5.00    0.00    0.00    0.00   40.00

02:35:15 PM  CPU    %usr   %nice    %sys %iowait    %irq   %soft  %steal  %guest  %gnice   %idle
02:35:16 PM    0   37.37    0.00   14.14    0.00    0.00    6.06    0.00    0.00    0.00   42.42

02:35:16 PM  CPU    %usr   %nice    %sys %iowait    %irq   %soft  %steal  %guest  %gnice   %idle
02:35:17 PM    0   40.21    0.00   13.40    0.00    0.00    4.12    0.00    0.00    0.00   42.27

02:35:17 PM  CPU    %usr   %nice    %sys %iowait    %irq   %soft  %steal  %guest  %gnice   %idle
02:35:18 PM    0   35.71    0.00   15.31    0.00    0.00    7.14    0.00    0.00    0.00   41.84

02:35:18 PM  CPU    %usr   %nice    %sys %iowait    %irq   %soft  %steal  %guest  %gnice   %idle
02:35:19 PM    0   38.14    0.00   14.43    0.00    0.00    4.12    0.00    0.00    0.00   43.30

02:35:19 PM  CPU    %usr   %nice    %sys %iowait    %irq   %soft  %steal  %guest  %gnice   %idle
02:35:20 PM    0   38.00    0.00   16.00    0.00    0.00    5.00    0.00    0.00    0.00   41.00

02:35:20 PM  CPU    %usr   %nice    %sys %iowait    %irq   %soft  %steal  %guest  %gnice   %idle
02:35:21 PM    0   40.82    0.00   14.29    0.00    0.00    3.06    0.00    0.00    0.00   41.84

02:35:21 PM  CPU    %usr   %nice    %sys %iowait    %irq   %soft  %steal  %guest  %gnice   %idle
02:35:22 PM    0   37.62    0.00   15.84    0.00    0.00    4.95    0.00    0.00    0.00   41.58

02:35:22 PM  CPU    %usr   %nice    %sys %iowait    %irq   %soft  %steal  %guest  %gnice   %idle
02:35:23 PM    0   38.00    0.00   16.00    0.00    0.00    4.00    0.00    0.00    0.00   42.00

02:35:23 PM  CPU    %usr   %nice    %sys %iowait    %irq   %soft  %steal  %guest  %gnice   %idle
02:35:24 PM    0   37.25    0.00   17.65    0.00    0.00    3.92    0.00    0.00    0.00   41.18

02:35:24 PM  CPU    %usr   %nice    %sys %iowait    %irq   %soft  %steal  %guest  %gnice   %idle
02:35:25 PM    0   38.00    0.00   16.00    0.00    0.00    5.00    0.00    0.00    0.00   41.00

02:35:25 PM  CPU    %usr   %nice    %sys %iowait    %irq   %soft  %steal  %guest  %gnice   %idle
02:35:26 PM    0   41.84    0.00   11.22    0.00    0.00    5.10    0.00    0.00    0.00   41.84

02:35:26 PM  CPU    %usr   %nice    %sys %iowait    %irq   %soft  %steal  %guest  %gnice   %idle
02:35:27 PM    0   39.80    0.00   12.24    0.00    0.00    6.12    0.00    0.00    0.00   41.84

02:35:27 PM  CPU    %usr   %nice    %sys %iowait    %irq   %soft  %steal  %guest  %gnice   %idle
02:35:28 PM    0   40.00    0.00   17.00    0.00    0.00    2.00    0.00    0.00    0.00   41.00

02:35:28 PM  CPU    %usr   %nice    %sys %iowait    %irq   %soft  %steal  %guest  %gnice   %idle
02:35:29 PM    0   36.63    0.00   16.83    0.00    0.00    5.94    0.00    0.00    0.00   40.59

02:35:29 PM  CPU    %usr   %nice    %sys %iowait    %irq   %soft  %steal  %guest  %gnice   %idle
02:35:30 PM    0   38.38    0.00   17.17    0.00    0.00    4.04    0.00    0.00    0.00   40.40

02:35:30 PM  CPU    %usr   %nice    %sys %iowait    %irq   %soft  %steal  %guest  %gnice   %idle
02:35:31 PM    0   40.59    0.00   14.85    0.00    0.00    3.96    0.00    0.00    0.00   40.59

02:35:31 PM  CPU    %usr   %nice    %sys %iowait    %irq   %soft  %steal  %guest  %gnice   %idle
02:35:32 PM    0   42.86    0.00   13.27    0.00    0.00    3.06    0.00    0.00    0.00   40.82

02:35:32 PM  CPU    %usr   %nice    %sys %iowait    %irq   %soft  %steal  %guest  %gnice   %idle
02:35:33 PM    0   36.36    0.00   17.17    0.00    0.00    5.05    0.00    0.00    0.00   41.41

02:35:33 PM  CPU    %usr   %nice    %sys %iowait    %irq   %soft  %steal  %guest  %gnice   %idle
02:35:34 PM    0   42.42    0.00   14.14    0.00    0.00    2.02    0.00    0.00    0.00   41.41

02:35:34 PM  CPU    %usr   %nice    %sys %iowait    %irq   %soft  %steal  %guest  %gnice   %idle
02:35:35 PM    0   38.54    0.00   15.62    0.00    0.00    3.12    0.00    0.00    0.00   42.71

02:35:35 PM  CPU    %usr   %nice    %sys %iowait    %irq   %soft  %steal  %guest  %gnice   %idle
02:35:36 PM    0   39.39    0.00   16.16    0.00    0.00    2.02    0.00    0.00    0.00   42.42

02:35:36 PM  CPU    %usr   %nice    %sys %iowait    %irq   %soft  %steal  %guest  %gnice   %idle
02:35:37 PM    0   40.40    0.00   15.15    0.00    0.00    3.03    0.00    0.00    0.00   41.41

02:35:37 PM  CPU    %usr   %nice    %sys %iowait    %irq   %soft  %steal  %guest  %gnice   %idle
02:35:38 PM    0   37.86    0.00   16.50    0.00    0.00    5.83    0.00    0.00    0.00   39.81

02:35:38 PM  CPU    %usr   %nice    %sys %iowait    %irq   %soft  %steal  %guest  %gnice   %idle
02:35:39 PM    0   38.00    0.00   15.00    0.00    0.00    6.00    0.00    0.00    0.00   41.00

02:35:39 PM  CPU    %usr   %nice    %sys %iowait    %irq   %soft  %steal  %guest  %gnice   %idle
02:35:40 PM    0   38.54    0.00   14.58    0.00    0.00    4.17    0.00    0.00    0.00   42.71

02:35:40 PM  CPU    %usr   %nice    %sys %iowait    %irq   %soft  %steal  %guest  %gnice   %idle
02:35:41 PM    0   33.67    0.00   19.39    0.00    0.00    5.10    0.00    0.00    0.00   41.84

02:35:41 PM  CPU    %usr   %nice    %sys %iowait    %irq   %soft  %steal  %guest  %gnice   %idle
02:35:42 PM    0   39.80    0.00   16.33    0.00    0.00    3.06    0.00    0.00    0.00   40.82

02:35:42 PM  CPU    %usr   %nice    %sys %iowait    %irq   %soft  %steal  %guest  %gnice   %idle
02:35:43 PM    0   40.82    0.00   11.22    0.00    0.00    6.12    0.00    0.00    0.00   41.84

02:35:43 PM  CPU    %usr   %nice    %sys %iowait    %irq   %soft  %steal  %guest  %gnice   %idle
02:35:44 PM    0   34.74    0.00   16.84    0.00    0.00    5.26    0.00    0.00    0.00   43.16

02:35:44 PM  CPU    %usr   %nice    %sys %iowait    %irq   %soft  %steal  %guest  %gnice   %idle
02:35:45 PM    0   40.20    0.00   15.69    0.00    0.00    3.92    0.00    0.00    0.00   40.20

02:35:45 PM  CPU    %usr   %nice    %sys %iowait    %irq   %soft  %steal  %guest  %gnice   %idle
02:35:46 PM    0   38.78    0.00   17.35    0.00    0.00    2.04    0.00    0.00    0.00   41.84

02:35:46 PM  CPU    %usr   %nice    %sys %iowait    %irq   %soft  %steal  %guest  %gnice   %idle
02:35:47 PM    0   41.67    0.00   13.54    0.00    0.00    3.12    0.00    0.00    0.00   41.67

02:35:47 PM  CPU    %usr   %nice    %sys %iowait    %irq   %soft  %steal  %guest  %gnice   %idle
02:35:48 PM    0   39.58    0.00   13.54    0.00    0.00    4.17    0.00    0.00    0.00   42.71

02:35:48 PM  CPU    %usr   %nice    %sys %iowait    %irq   %soft  %steal  %guest  %gnice   %idle
02:35:49 PM    0   34.00    0.00   21.00    0.00    0.00    5.00    0.00    0.00    0.00   40.00

02:35:49 PM  CPU    %usr   %nice    %sys %iowait    %irq   %soft  %steal  %guest  %gnice   %idle
02:35:50 PM    0   37.11    0.00   17.53    0.00    0.00    3.09    0.00    0.00    0.00   42.27

02:35:50 PM  CPU    %usr   %nice    %sys %iowait    %irq   %soft  %steal  %guest  %gnice   %idle
02:35:51 PM    0   37.50    0.00   16.67    0.00    0.00    4.17    0.00    0.00    0.00   41.67

02:35:51 PM  CPU    %usr   %nice    %sys %iowait    %irq   %soft  %steal  %guest  %gnice   %idle
02:35:52 PM    0   38.00    0.00   15.00    0.00    0.00    6.00    0.00    0.00    0.00   41.00

Average:     CPU    %usr   %nice    %sys %iowait    %irq   %soft  %steal  %guest  %gnice   %idle
Average:       0   39.16    0.00   15.46    0.00    0.00    4.27    0.00    0.00    0.00   41.11
