Linux 5.3.0-61-generic (cw-zenbook) 	07/16/2020 	_x86_64_	(8 CPU)

03:31:28 PM  CPU    %usr   %nice    %sys %iowait    %irq   %soft  %steal  %guest  %gnice   %idle
03:31:29 PM    0   61.39    0.00   29.70    0.00    0.00    6.93    0.00    0.00    0.00    1.98

03:31:29 PM  CPU    %usr   %nice    %sys %iowait    %irq   %soft  %steal  %guest  %gnice   %idle
03:31:30 PM    0   66.00    0.00   26.00    0.00    0.00    7.00    0.00    0.00    0.00    1.00

03:31:30 PM  CPU    %usr   %nice    %sys %iowait    %irq   %soft  %steal  %guest  %gnice   %idle
03:31:31 PM    0   68.69    0.00   26.26    0.00    0.00    4.04    0.00    0.00    0.00    1.01

03:31:31 PM  CPU    %usr   %nice    %sys %iowait    %irq   %soft  %steal  %guest  %gnice   %idle
03:31:32 PM    0   65.66    0.00   25.25    0.00    0.00    7.07    0.00    0.00    0.00    2.02

03:31:32 PM  CPU    %usr   %nice    %sys %iowait    %irq   %soft  %steal  %guest  %gnice   %idle
03:31:33 PM    0   62.24    0.00   27.55    0.00    0.00    7.14    0.00    0.00    0.00    3.06

03:31:33 PM  CPU    %usr   %nice    %sys %iowait    %irq   %soft  %steal  %guest  %gnice   %idle
03:31:34 PM    0   65.35    0.00   26.73    0.00    0.00    6.93    0.00    0.00    0.00    0.99

03:31:34 PM  CPU    %usr   %nice    %sys %iowait    %irq   %soft  %steal  %guest  %gnice   %idle
03:31:35 PM    0   70.00    0.00   22.00    0.00    0.00    7.00    0.00    0.00    0.00    1.00

03:31:35 PM  CPU    %usr   %nice    %sys %iowait    %irq   %soft  %steal  %guest  %gnice   %idle
03:31:36 PM    0   64.65    0.00   28.28    0.00    0.00    6.06    0.00    0.00    0.00    1.01

03:31:36 PM  CPU    %usr   %nice    %sys %iowait    %irq   %soft  %steal  %guest  %gnice   %idle
03:31:37 PM    0   70.00    0.00   24.00    0.00    0.00    6.00    0.00    0.00    0.00    0.00

03:31:37 PM  CPU    %usr   %nice    %sys %iowait    %irq   %soft  %steal  %guest  %gnice   %idle
03:31:38 PM    0   70.30    0.00   21.78    0.00    0.00    7.92    0.00    0.00    0.00    0.00

03:31:38 PM  CPU    %usr   %nice    %sys %iowait    %irq   %soft  %steal  %guest  %gnice   %idle
03:31:39 PM    0   65.00    0.00   25.00    0.00    0.00    9.00    0.00    0.00    0.00    1.00

03:31:39 PM  CPU    %usr   %nice    %sys %iowait    %irq   %soft  %steal  %guest  %gnice   %idle
03:31:40 PM    0   68.00    0.00   28.00    0.00    0.00    4.00    0.00    0.00    0.00    0.00

03:31:40 PM  CPU    %usr   %nice    %sys %iowait    %irq   %soft  %steal  %guest  %gnice   %idle
03:31:41 PM    0   68.69    0.00   24.24    0.00    0.00    7.07    0.00    0.00    0.00    0.00

03:31:41 PM  CPU    %usr   %nice    %sys %iowait    %irq   %soft  %steal  %guest  %gnice   %idle
03:31:42 PM    0   69.00    0.00   25.00    0.00    0.00    6.00    0.00    0.00    0.00    0.00

03:31:42 PM  CPU    %usr   %nice    %sys %iowait    %irq   %soft  %steal  %guest  %gnice   %idle
03:31:43 PM    0   65.66    0.00   24.24    0.00    0.00    9.09    0.00    0.00    0.00    1.01

03:31:43 PM  CPU    %usr   %nice    %sys %iowait    %irq   %soft  %steal  %guest  %gnice   %idle
03:31:44 PM    0   67.00    0.00   25.00    0.00    0.00    7.00    0.00    0.00    0.00    1.00

03:31:44 PM  CPU    %usr   %nice    %sys %iowait    %irq   %soft  %steal  %guest  %gnice   %idle
03:31:45 PM    0   63.00    0.00   29.00    0.00    0.00    7.00    0.00    0.00    0.00    1.00

03:31:45 PM  CPU    %usr   %nice    %sys %iowait    %irq   %soft  %steal  %guest  %gnice   %idle
03:31:46 PM    0   64.36    0.00   27.72    0.00    0.00    6.93    0.00    0.00    0.00    0.99

03:31:46 PM  CPU    %usr   %nice    %sys %iowait    %irq   %soft  %steal  %guest  %gnice   %idle
03:31:47 PM    0   65.00    0.00   27.00    0.00    0.00    7.00    0.00    0.00    0.00    1.00

03:31:47 PM  CPU    %usr   %nice    %sys %iowait    %irq   %soft  %steal  %guest  %gnice   %idle
03:31:48 PM    0   73.00    0.00   18.00    0.00    0.00    7.00    0.00    0.00    0.00    2.00

03:31:48 PM  CPU    %usr   %nice    %sys %iowait    %irq   %soft  %steal  %guest  %gnice   %idle
03:31:49 PM    0   68.32    0.00   21.78    0.00    0.00    7.92    0.00    0.00    0.00    1.98

03:31:49 PM  CPU    %usr   %nice    %sys %iowait    %irq   %soft  %steal  %guest  %gnice   %idle
03:31:50 PM    0   62.63    0.00   30.30    0.00    0.00    4.04    0.00    0.00    0.00    3.03

03:31:50 PM  CPU    %usr   %nice    %sys %iowait    %irq   %soft  %steal  %guest  %gnice   %idle
03:31:51 PM    0   62.00    0.00   27.00    0.00    0.00    7.00    0.00    0.00    0.00    4.00

03:31:51 PM  CPU    %usr   %nice    %sys %iowait    %irq   %soft  %steal  %guest  %gnice   %idle
03:31:52 PM    0   65.35    0.00   22.77    0.00    0.00    6.93    0.00    0.00    0.00    4.95

03:31:52 PM  CPU    %usr   %nice    %sys %iowait    %irq   %soft  %steal  %guest  %gnice   %idle
03:31:53 PM    0   66.00    0.00   23.00    0.00    0.00    6.00    0.00    0.00    0.00    5.00

03:31:53 PM  CPU    %usr   %nice    %sys %iowait    %irq   %soft  %steal  %guest  %gnice   %idle
03:31:54 PM    0   65.35    0.00   23.76    0.00    0.00    5.94    0.00    0.00    0.00    4.95

03:31:54 PM  CPU    %usr   %nice    %sys %iowait    %irq   %soft  %steal  %guest  %gnice   %idle
03:31:55 PM    0   65.98    0.00   23.71    0.00    0.00    7.22    0.00    0.00    0.00    3.09

03:31:55 PM  CPU    %usr   %nice    %sys %iowait    %irq   %soft  %steal  %guest  %gnice   %idle
03:31:56 PM    0   69.07    0.00   22.68    0.00    0.00    5.15    0.00    0.00    0.00    3.09

03:31:56 PM  CPU    %usr   %nice    %sys %iowait    %irq   %soft  %steal  %guest  %gnice   %idle
03:31:57 PM    0   67.33    0.00   25.74    0.00    0.00    2.97    0.00    0.00    0.00    3.96

03:31:57 PM  CPU    %usr   %nice    %sys %iowait    %irq   %soft  %steal  %guest  %gnice   %idle
03:31:58 PM    0   64.00    0.00   26.00    0.00    0.00    8.00    0.00    0.00    0.00    2.00

03:31:58 PM  CPU    %usr   %nice    %sys %iowait    %irq   %soft  %steal  %guest  %gnice   %idle
03:31:59 PM    0   68.00    0.00   25.00    0.00    0.00    4.00    0.00    0.00    0.00    3.00

03:31:59 PM  CPU    %usr   %nice    %sys %iowait    %irq   %soft  %steal  %guest  %gnice   %idle
03:32:00 PM    0   62.00    0.00   26.00    0.00    0.00    7.00    0.00    0.00    0.00    5.00

03:32:00 PM  CPU    %usr   %nice    %sys %iowait    %irq   %soft  %steal  %guest  %gnice   %idle
03:32:01 PM    0   63.64    0.00   24.24    0.00    0.00    7.07    0.00    0.00    0.00    5.05

03:32:01 PM  CPU    %usr   %nice    %sys %iowait    %irq   %soft  %steal  %guest  %gnice   %idle
03:32:02 PM    0   66.67    0.00   23.23    0.00    0.00    7.07    0.00    0.00    0.00    3.03

03:32:02 PM  CPU    %usr   %nice    %sys %iowait    %irq   %soft  %steal  %guest  %gnice   %idle
03:32:03 PM    0   63.00    0.00   27.00    0.00    0.00    6.00    0.00    0.00    0.00    4.00

03:32:03 PM  CPU    %usr   %nice    %sys %iowait    %irq   %soft  %steal  %guest  %gnice   %idle
03:32:04 PM    0   60.82    0.00   26.80    0.00    0.00    7.22    0.00    0.00    0.00    5.15

03:32:04 PM  CPU    %usr   %nice    %sys %iowait    %irq   %soft  %steal  %guest  %gnice   %idle
03:32:05 PM    0   66.67    0.00   21.57    0.00    0.00    6.86    0.00    0.00    0.00    4.90

03:32:05 PM  CPU    %usr   %nice    %sys %iowait    %irq   %soft  %steal  %guest  %gnice   %idle
03:32:06 PM    0   66.00    0.00   26.00    0.00    0.00    6.00    0.00    0.00    0.00    2.00

03:32:06 PM  CPU    %usr   %nice    %sys %iowait    %irq   %soft  %steal  %guest  %gnice   %idle
03:32:07 PM    0   63.27    0.00   26.53    0.00    0.00    7.14    0.00    0.00    0.00    3.06

03:32:07 PM  CPU    %usr   %nice    %sys %iowait    %irq   %soft  %steal  %guest  %gnice   %idle
03:32:08 PM    0   67.35    0.00   23.47    0.00    0.00    7.14    0.00    0.00    0.00    2.04

03:32:08 PM  CPU    %usr   %nice    %sys %iowait    %irq   %soft  %steal  %guest  %gnice   %idle
03:32:09 PM    0   66.34    0.00   26.73    0.00    0.00    5.94    0.00    0.00    0.00    0.99

03:32:09 PM  CPU    %usr   %nice    %sys %iowait    %irq   %soft  %steal  %guest  %gnice   %idle
03:32:10 PM    0   59.00    0.00   29.00    0.00    0.00   10.00    0.00    0.00    0.00    2.00

03:32:10 PM  CPU    %usr   %nice    %sys %iowait    %irq   %soft  %steal  %guest  %gnice   %idle
03:32:11 PM    0   68.00    0.00   24.00    0.00    0.00    7.00    0.00    0.00    0.00    1.00

03:32:11 PM  CPU    %usr   %nice    %sys %iowait    %irq   %soft  %steal  %guest  %gnice   %idle
03:32:12 PM    0   62.38    0.00   28.71    0.00    0.00    7.92    0.00    0.00    0.00    0.99

03:32:12 PM  CPU    %usr   %nice    %sys %iowait    %irq   %soft  %steal  %guest  %gnice   %idle
03:32:13 PM    0   61.62    0.00   29.29    0.00    0.00    8.08    0.00    0.00    0.00    1.01

03:32:13 PM  CPU    %usr   %nice    %sys %iowait    %irq   %soft  %steal  %guest  %gnice   %idle
03:32:14 PM    0   66.00    0.00   26.00    0.00    0.00    7.00    0.00    0.00    0.00    1.00

03:32:14 PM  CPU    %usr   %nice    %sys %iowait    %irq   %soft  %steal  %guest  %gnice   %idle
03:32:15 PM    0   65.66    0.00   24.24    0.00    0.00    9.09    0.00    0.00    0.00    1.01

03:32:15 PM  CPU    %usr   %nice    %sys %iowait    %irq   %soft  %steal  %guest  %gnice   %idle
03:32:16 PM    0   68.32    0.00   26.73    0.00    0.00    3.96    0.00    0.00    0.00    0.99

03:32:16 PM  CPU    %usr   %nice    %sys %iowait    %irq   %soft  %steal  %guest  %gnice   %idle
03:32:17 PM    0   68.69    0.00   25.25    0.00    0.00    6.06    0.00    0.00    0.00    0.00

03:32:17 PM  CPU    %usr   %nice    %sys %iowait    %irq   %soft  %steal  %guest  %gnice   %idle
03:32:18 PM    0   64.00    0.00   28.00    0.00    0.00    7.00    0.00    0.00    0.00    1.00

03:32:18 PM  CPU    %usr   %nice    %sys %iowait    %irq   %soft  %steal  %guest  %gnice   %idle
03:32:19 PM    0   72.00    0.00   22.00    0.00    0.00    5.00    0.00    0.00    0.00    1.00

03:32:19 PM  CPU    %usr   %nice    %sys %iowait    %irq   %soft  %steal  %guest  %gnice   %idle
03:32:20 PM    0   66.00    0.00   25.00    0.00    0.00    6.00    0.00    0.00    0.00    3.00

03:32:20 PM  CPU    %usr   %nice    %sys %iowait    %irq   %soft  %steal  %guest  %gnice   %idle
03:32:21 PM    0   61.00    0.00   30.00    0.00    0.00    7.00    0.00    0.00    0.00    2.00

03:32:21 PM  CPU    %usr   %nice    %sys %iowait    %irq   %soft  %steal  %guest  %gnice   %idle
03:32:22 PM    0   69.70    0.00   22.22    0.00    0.00    6.06    0.00    0.00    0.00    2.02

03:32:22 PM  CPU    %usr   %nice    %sys %iowait    %irq   %soft  %steal  %guest  %gnice   %idle
03:32:23 PM    0   68.00    0.00   25.00    0.00    0.00    5.00    0.00    0.00    0.00    2.00

03:32:23 PM  CPU    %usr   %nice    %sys %iowait    %irq   %soft  %steal  %guest  %gnice   %idle
03:32:24 PM    0   69.70    0.00   22.22    0.00    0.00    7.07    0.00    0.00    0.00    1.01

03:32:24 PM  CPU    %usr   %nice    %sys %iowait    %irq   %soft  %steal  %guest  %gnice   %idle
03:32:25 PM    0   58.59    0.00   31.31    0.00    0.00    7.07    0.00    0.00    0.00    3.03

03:32:25 PM  CPU    %usr   %nice    %sys %iowait    %irq   %soft  %steal  %guest  %gnice   %idle
03:32:26 PM    0   63.00    0.00   30.00    0.00    0.00    4.00    0.00    0.00    0.00    3.00

03:32:26 PM  CPU    %usr   %nice    %sys %iowait    %irq   %soft  %steal  %guest  %gnice   %idle
03:32:27 PM    0   62.00    0.00   27.00    0.00    0.00    7.00    0.00    0.00    0.00    4.00

03:32:27 PM  CPU    %usr   %nice    %sys %iowait    %irq   %soft  %steal  %guest  %gnice   %idle
03:32:28 PM    0   70.30    0.00   18.81    0.00    0.00    6.93    0.00    0.00    0.00    3.96

03:32:28 PM  CPU    %usr   %nice    %sys %iowait    %irq   %soft  %steal  %guest  %gnice   %idle
03:32:29 PM    0   65.35    0.00   24.75    0.00    0.00    5.94    0.00    0.00    0.00    3.96

03:32:29 PM  CPU    %usr   %nice    %sys %iowait    %irq   %soft  %steal  %guest  %gnice   %idle
03:32:30 PM    0   64.00    0.00   26.00    0.00    0.00    7.00    0.00    0.00    0.00    3.00

03:32:30 PM  CPU    %usr   %nice    %sys %iowait    %irq   %soft  %steal  %guest  %gnice   %idle
03:32:31 PM    0   65.00    0.00   28.00    0.00    0.00    6.00    0.00    0.00    0.00    1.00

03:32:31 PM  CPU    %usr   %nice    %sys %iowait    %irq   %soft  %steal  %guest  %gnice   %idle
03:32:32 PM    0   67.35    0.00   25.51    0.00    0.00    6.12    0.00    0.00    0.00    1.02

03:32:32 PM  CPU    %usr   %nice    %sys %iowait    %irq   %soft  %steal  %guest  %gnice   %idle
03:32:33 PM    0   60.00    0.00   32.00    0.00    0.00    6.00    0.00    0.00    0.00    2.00

03:32:33 PM  CPU    %usr   %nice    %sys %iowait    %irq   %soft  %steal  %guest  %gnice   %idle
03:32:34 PM    0   66.33    0.00   23.47    0.00    0.00    8.16    0.00    0.00    0.00    2.04

03:32:34 PM  CPU    %usr   %nice    %sys %iowait    %irq   %soft  %steal  %guest  %gnice   %idle
03:32:35 PM    0   69.70    0.00   22.22    0.00    0.00    6.06    0.00    0.00    0.00    2.02

03:32:35 PM  CPU    %usr   %nice    %sys %iowait    %irq   %soft  %steal  %guest  %gnice   %idle
03:32:36 PM    0   64.65    0.00   29.29    0.00    0.00    5.05    0.00    0.00    0.00    1.01

03:32:36 PM  CPU    %usr   %nice    %sys %iowait    %irq   %soft  %steal  %guest  %gnice   %idle
03:32:37 PM    0   63.37    0.00   28.71    0.00    0.00    5.94    0.00    0.00    0.00    1.98

03:32:37 PM  CPU    %usr   %nice    %sys %iowait    %irq   %soft  %steal  %guest  %gnice   %idle
03:32:38 PM    0   65.66    0.00   27.27    0.00    0.00    5.05    0.00    0.00    0.00    2.02

03:32:38 PM  CPU    %usr   %nice    %sys %iowait    %irq   %soft  %steal  %guest  %gnice   %idle
03:32:39 PM    0   61.00    0.00   30.00    0.00    0.00    6.00    0.00    0.00    0.00    3.00

03:32:39 PM  CPU    %usr   %nice    %sys %iowait    %irq   %soft  %steal  %guest  %gnice   %idle
03:32:40 PM    0   67.68    0.00   23.23    0.00    0.00    7.07    0.00    0.00    0.00    2.02

03:32:40 PM  CPU    %usr   %nice    %sys %iowait    %irq   %soft  %steal  %guest  %gnice   %idle
03:32:41 PM    0   64.36    0.00   25.74    0.00    0.00    8.91    0.00    0.00    0.00    0.99

03:32:41 PM  CPU    %usr   %nice    %sys %iowait    %irq   %soft  %steal  %guest  %gnice   %idle
03:32:42 PM    0   67.00    0.00   26.00    0.00    0.00    6.00    0.00    0.00    0.00    1.00

03:32:42 PM  CPU    %usr   %nice    %sys %iowait    %irq   %soft  %steal  %guest  %gnice   %idle
03:32:43 PM    0   68.69    0.00   26.26    0.00    0.00    5.05    0.00    0.00    0.00    0.00

03:32:43 PM  CPU    %usr   %nice    %sys %iowait    %irq   %soft  %steal  %guest  %gnice   %idle
03:32:44 PM    0   61.76    0.00   32.35    0.00    0.00    4.90    0.00    0.00    0.00    0.98

03:32:44 PM  CPU    %usr   %nice    %sys %iowait    %irq   %soft  %steal  %guest  %gnice   %idle
03:32:45 PM    0   73.00    0.00   20.00    0.00    0.00    6.00    0.00    0.00    0.00    1.00

03:32:45 PM  CPU    %usr   %nice    %sys %iowait    %irq   %soft  %steal  %guest  %gnice   %idle
03:32:46 PM    0   68.00    0.00   25.00    0.00    0.00    6.00    0.00    0.00    0.00    1.00

03:32:46 PM  CPU    %usr   %nice    %sys %iowait    %irq   %soft  %steal  %guest  %gnice   %idle
03:32:47 PM    0   65.35    0.00   25.74    0.00    0.00    7.92    0.00    0.00    0.00    0.99

03:32:47 PM  CPU    %usr   %nice    %sys %iowait    %irq   %soft  %steal  %guest  %gnice   %idle
03:32:48 PM    0   65.00    0.00   27.00    0.00    0.00    6.00    0.00    0.00    0.00    2.00

03:32:48 PM  CPU    %usr   %nice    %sys %iowait    %irq   %soft  %steal  %guest  %gnice   %idle
03:32:49 PM    0   70.00    0.00   22.00    0.00    0.00    6.00    0.00    0.00    0.00    2.00

03:32:49 PM  CPU    %usr   %nice    %sys %iowait    %irq   %soft  %steal  %guest  %gnice   %idle
03:32:50 PM    0   65.35    0.00   24.75    0.00    0.00    5.94    0.00    0.00    0.00    3.96

03:32:50 PM  CPU    %usr   %nice    %sys %iowait    %irq   %soft  %steal  %guest  %gnice   %idle
03:32:51 PM    0   63.73    0.00   24.51    0.00    0.00    7.84    0.00    0.00    0.00    3.92

03:32:51 PM  CPU    %usr   %nice    %sys %iowait    %irq   %soft  %steal  %guest  %gnice   %idle
03:32:52 PM    0   62.63    0.00   28.28    0.00    0.00    5.05    0.00    0.00    0.00    4.04

03:32:52 PM  CPU    %usr   %nice    %sys %iowait    %irq   %soft  %steal  %guest  %gnice   %idle
03:32:53 PM    0   64.36    0.00   23.76    0.00    0.00    7.92    0.00    0.00    0.00    3.96

03:32:53 PM  CPU    %usr   %nice    %sys %iowait    %irq   %soft  %steal  %guest  %gnice   %idle
03:32:54 PM    0   67.68    0.00   23.23    0.00    0.00    7.07    0.00    0.00    0.00    2.02

03:32:54 PM  CPU    %usr   %nice    %sys %iowait    %irq   %soft  %steal  %guest  %gnice   %idle
03:32:55 PM    0   73.00    0.00   21.00    0.00    0.00    3.00    0.00    0.00    0.00    3.00

03:32:55 PM  CPU    %usr   %nice    %sys %iowait    %irq   %soft  %steal  %guest  %gnice   %idle
03:32:56 PM    0   62.38    0.00   24.75    0.00    0.00    7.92    0.00    0.00    0.00    4.95

03:32:56 PM  CPU    %usr   %nice    %sys %iowait    %irq   %soft  %steal  %guest  %gnice   %idle
03:32:57 PM    0   65.66    0.00   25.25    0.00    0.00    5.05    0.00    0.00    0.00    4.04

03:32:57 PM  CPU    %usr   %nice    %sys %iowait    %irq   %soft  %steal  %guest  %gnice   %idle
03:32:58 PM    0   73.47    0.00   19.39    0.00    0.00    3.06    0.00    0.00    0.00    4.08

03:32:58 PM  CPU    %usr   %nice    %sys %iowait    %irq   %soft  %steal  %guest  %gnice   %idle
03:32:59 PM    0   58.59    0.00   30.30    0.00    0.00    9.09    0.00    0.00    0.00    2.02

03:32:59 PM  CPU    %usr   %nice    %sys %iowait    %irq   %soft  %steal  %guest  %gnice   %idle
03:33:00 PM    0   65.00    0.00   26.00    0.00    0.00    6.00    0.00    0.00    0.00    3.00

03:33:00 PM  CPU    %usr   %nice    %sys %iowait    %irq   %soft  %steal  %guest  %gnice   %idle
03:33:01 PM    0   66.00    0.00   25.00    0.00    0.00    6.00    0.00    0.00    0.00    3.00

03:33:01 PM  CPU    %usr   %nice    %sys %iowait    %irq   %soft  %steal  %guest  %gnice   %idle
03:33:02 PM    0   65.00    0.00   25.00    0.00    0.00    7.00    0.00    0.00    0.00    3.00

03:33:02 PM  CPU    %usr   %nice    %sys %iowait    %irq   %soft  %steal  %guest  %gnice   %idle
03:33:03 PM    0   64.00    0.00   25.00    0.00    0.00    8.00    0.00    0.00    0.00    3.00

03:33:03 PM  CPU    %usr   %nice    %sys %iowait    %irq   %soft  %steal  %guest  %gnice   %idle
03:33:04 PM    0   68.69    0.00   23.23    0.00    0.00    6.06    0.00    0.00    0.00    2.02

03:33:04 PM  CPU    %usr   %nice    %sys %iowait    %irq   %soft  %steal  %guest  %gnice   %idle
03:33:05 PM    0   63.37    0.00   27.72    0.00    0.00    6.93    0.00    0.00    0.00    1.98

03:33:05 PM  CPU    %usr   %nice    %sys %iowait    %irq   %soft  %steal  %guest  %gnice   %idle
03:33:06 PM    0   61.22    0.00   28.57    0.00    0.00    9.18    0.00    0.00    0.00    1.02

03:33:06 PM  CPU    %usr   %nice    %sys %iowait    %irq   %soft  %steal  %guest  %gnice   %idle
03:33:07 PM    0   64.08    0.00   27.18    0.00    0.00    4.85    0.00    0.00    0.00    3.88

03:33:07 PM  CPU    %usr   %nice    %sys %iowait    %irq   %soft  %steal  %guest  %gnice   %idle
03:33:08 PM    0   62.00    0.00   25.00    0.00    0.00    8.00    0.00    0.00    0.00    5.00

03:33:08 PM  CPU    %usr   %nice    %sys %iowait    %irq   %soft  %steal  %guest  %gnice   %idle
03:33:09 PM    0   59.18    0.00   28.57    0.00    0.00    8.16    0.00    0.00    0.00    4.08

03:33:09 PM  CPU    %usr   %nice    %sys %iowait    %irq   %soft  %steal  %guest  %gnice   %idle
03:33:10 PM    0   59.80    0.00   26.47    0.00    0.00    8.82    0.00    0.00    0.00    4.90

03:33:10 PM  CPU    %usr   %nice    %sys %iowait    %irq   %soft  %steal  %guest  %gnice   %idle
03:33:11 PM    0   65.69    0.00   26.47    0.00    0.00    4.90    0.00    0.00    0.00    2.94

03:33:11 PM  CPU    %usr   %nice    %sys %iowait    %irq   %soft  %steal  %guest  %gnice   %idle
03:33:12 PM    0   64.65    0.00   26.26    0.00    0.00    6.06    0.00    0.00    0.00    3.03

03:33:12 PM  CPU    %usr   %nice    %sys %iowait    %irq   %soft  %steal  %guest  %gnice   %idle
03:33:13 PM    0   66.00    0.00   27.00    0.00    0.00    5.00    0.00    0.00    0.00    2.00

03:33:13 PM  CPU    %usr   %nice    %sys %iowait    %irq   %soft  %steal  %guest  %gnice   %idle
03:33:14 PM    0   66.34    0.00   27.72    0.00    0.00    4.95    0.00    0.00    0.00    0.99

03:33:14 PM  CPU    %usr   %nice    %sys %iowait    %irq   %soft  %steal  %guest  %gnice   %idle
03:33:15 PM    0   70.71    0.00   21.21    0.00    0.00    8.08    0.00    0.00    0.00    0.00

03:33:15 PM  CPU    %usr   %nice    %sys %iowait    %irq   %soft  %steal  %guest  %gnice   %idle
03:33:16 PM    0   69.31    0.00   24.75    0.00    0.00    3.96    0.00    0.00    0.00    1.98

03:33:16 PM  CPU    %usr   %nice    %sys %iowait    %irq   %soft  %steal  %guest  %gnice   %idle
03:33:17 PM    0   65.00    0.00   26.00    0.00    0.00    7.00    0.00    0.00    0.00    2.00

03:33:17 PM  CPU    %usr   %nice    %sys %iowait    %irq   %soft  %steal  %guest  %gnice   %idle
03:33:18 PM    0   66.00    0.00   24.00    0.00    0.00    7.00    0.00    0.00    0.00    3.00

03:33:18 PM  CPU    %usr   %nice    %sys %iowait    %irq   %soft  %steal  %guest  %gnice   %idle
03:33:19 PM    0   67.35    0.00   23.47    0.00    0.00    6.12    0.00    0.00    0.00    3.06

03:33:19 PM  CPU    %usr   %nice    %sys %iowait    %irq   %soft  %steal  %guest  %gnice   %idle
03:33:20 PM    0   66.34    0.00   23.76    0.00    0.00    5.94    0.00    0.00    0.00    3.96

03:33:20 PM  CPU    %usr   %nice    %sys %iowait    %irq   %soft  %steal  %guest  %gnice   %idle
03:33:21 PM    0   61.39    0.00   25.74    0.00    0.00    8.91    0.00    0.00    0.00    3.96

03:33:21 PM  CPU    %usr   %nice    %sys %iowait    %irq   %soft  %steal  %guest  %gnice   %idle
03:33:22 PM    0   62.38    0.00   26.73    0.00    0.00    6.93    0.00    0.00    0.00    3.96

03:33:22 PM  CPU    %usr   %nice    %sys %iowait    %irq   %soft  %steal  %guest  %gnice   %idle
03:33:23 PM    0   64.65    0.00   27.27    0.00    0.00    7.07    0.00    0.00    0.00    1.01

03:33:23 PM  CPU    %usr   %nice    %sys %iowait    %irq   %soft  %steal  %guest  %gnice   %idle
03:33:24 PM    0   63.37    0.00   28.71    0.00    0.00    6.93    0.00    0.00    0.00    0.99

03:33:24 PM  CPU    %usr   %nice    %sys %iowait    %irq   %soft  %steal  %guest  %gnice   %idle
03:33:25 PM    0   66.67    0.00   26.26    0.00    0.00    6.06    0.00    0.00    0.00    1.01

03:33:25 PM  CPU    %usr   %nice    %sys %iowait    %irq   %soft  %steal  %guest  %gnice   %idle
03:33:26 PM    0   59.41    0.00   27.72    0.00    0.00   11.88    0.00    0.00    0.00    0.99

03:33:26 PM  CPU    %usr   %nice    %sys %iowait    %irq   %soft  %steal  %guest  %gnice   %idle
03:33:27 PM    0   66.34    0.00   24.75    0.00    0.00    6.93    0.00    0.00    0.00    1.98

03:33:27 PM  CPU    %usr   %nice    %sys %iowait    %irq   %soft  %steal  %guest  %gnice   %idle
03:33:28 PM    0   61.62    0.00   27.27    0.00    0.00    9.09    0.00    0.00    0.00    2.02

Average:     CPU    %usr   %nice    %sys %iowait    %irq   %soft  %steal  %guest  %gnice   %idle
Average:       0   65.48    0.00   25.65    0.00    0.00    6.59    0.00    0.00    0.00    2.28
