Linux 5.3.0-61-generic (cw-zenbook) 	07/16/2020 	_x86_64_	(8 CPU)

03:36:42 PM  CPU    %usr   %nice    %sys %iowait    %irq   %soft  %steal  %guest  %gnice   %idle
03:36:43 PM    0   64.65    0.00   25.25    0.00    0.00    7.07    0.00    0.00    0.00    3.03

03:36:43 PM  CPU    %usr   %nice    %sys %iowait    %irq   %soft  %steal  %guest  %gnice   %idle
03:36:44 PM    0   69.31    0.00   24.75    0.00    0.00    3.96    0.00    0.00    0.00    1.98

03:36:44 PM  CPU    %usr   %nice    %sys %iowait    %irq   %soft  %steal  %guest  %gnice   %idle
03:36:45 PM    0   61.22    0.00   29.59    0.00    0.00    8.16    0.00    0.00    0.00    1.02

03:36:45 PM  CPU    %usr   %nice    %sys %iowait    %irq   %soft  %steal  %guest  %gnice   %idle
03:36:46 PM    0   64.00    0.00   26.00    0.00    0.00    8.00    0.00    0.00    0.00    2.00

03:36:46 PM  CPU    %usr   %nice    %sys %iowait    %irq   %soft  %steal  %guest  %gnice   %idle
03:36:47 PM    0   68.00    0.00   24.00    0.00    0.00    6.00    0.00    0.00    0.00    2.00

03:36:47 PM  CPU    %usr   %nice    %sys %iowait    %irq   %soft  %steal  %guest  %gnice   %idle
03:36:48 PM    0   64.65    0.00   27.27    0.00    0.00    6.06    0.00    0.00    0.00    2.02

03:36:48 PM  CPU    %usr   %nice    %sys %iowait    %irq   %soft  %steal  %guest  %gnice   %idle
03:36:49 PM    0   64.36    0.00   23.76    0.00    0.00    9.90    0.00    0.00    0.00    1.98

03:36:49 PM  CPU    %usr   %nice    %sys %iowait    %irq   %soft  %steal  %guest  %gnice   %idle
03:36:50 PM    0   65.00    0.00   27.00    0.00    0.00    6.00    0.00    0.00    0.00    2.00

03:36:50 PM  CPU    %usr   %nice    %sys %iowait    %irq   %soft  %steal  %guest  %gnice   %idle
03:36:51 PM    0   65.66    0.00   24.24    0.00    0.00    8.08    0.00    0.00    0.00    2.02

03:36:51 PM  CPU    %usr   %nice    %sys %iowait    %irq   %soft  %steal  %guest  %gnice   %idle
03:36:52 PM    0   67.96    0.00   23.30    0.00    0.00    5.83    0.00    0.00    0.00    2.91

03:36:52 PM  CPU    %usr   %nice    %sys %iowait    %irq   %soft  %steal  %guest  %gnice   %idle
03:36:53 PM    0   66.00    0.00   24.00    0.00    0.00    8.00    0.00    0.00    0.00    2.00

03:36:53 PM  CPU    %usr   %nice    %sys %iowait    %irq   %soft  %steal  %guest  %gnice   %idle
03:36:54 PM    0   70.00    0.00   26.00    0.00    0.00    3.00    0.00    0.00    0.00    1.00

03:36:54 PM  CPU    %usr   %nice    %sys %iowait    %irq   %soft  %steal  %guest  %gnice   %idle
03:36:55 PM    0   66.34    0.00   25.74    0.00    0.00    7.92    0.00    0.00    0.00    0.00

03:36:55 PM  CPU    %usr   %nice    %sys %iowait    %irq   %soft  %steal  %guest  %gnice   %idle
03:36:56 PM    0   62.00    0.00   29.00    0.00    0.00    7.00    0.00    0.00    0.00    2.00

03:36:56 PM  CPU    %usr   %nice    %sys %iowait    %irq   %soft  %steal  %guest  %gnice   %idle
03:36:57 PM    0   63.64    0.00   29.29    0.00    0.00    6.06    0.00    0.00    0.00    1.01

03:36:57 PM  CPU    %usr   %nice    %sys %iowait    %irq   %soft  %steal  %guest  %gnice   %idle
03:36:58 PM    0   60.00    0.00   28.00    0.00    0.00    8.00    0.00    0.00    0.00    4.00

03:36:58 PM  CPU    %usr   %nice    %sys %iowait    %irq   %soft  %steal  %guest  %gnice   %idle
03:36:59 PM    0   65.35    0.00   24.75    0.00    0.00    6.93    0.00    0.00    0.00    2.97

03:36:59 PM  CPU    %usr   %nice    %sys %iowait    %irq   %soft  %steal  %guest  %gnice   %idle
03:37:00 PM    0   68.00    0.00   25.00    0.00    0.00    4.00    0.00    0.00    0.00    3.00

03:37:00 PM  CPU    %usr   %nice    %sys %iowait    %irq   %soft  %steal  %guest  %gnice   %idle
03:37:01 PM    0   54.46    0.00   38.61    0.00    0.00    4.95    0.00    0.00    0.00    1.98

03:37:01 PM  CPU    %usr   %nice    %sys %iowait    %irq   %soft  %steal  %guest  %gnice   %idle
03:37:02 PM    0   70.71    0.00   23.23    0.00    0.00    4.04    0.00    0.00    0.00    2.02

03:37:02 PM  CPU    %usr   %nice    %sys %iowait    %irq   %soft  %steal  %guest  %gnice   %idle
03:37:03 PM    0   63.00    0.00   28.00    0.00    0.00    8.00    0.00    0.00    0.00    1.00

03:37:03 PM  CPU    %usr   %nice    %sys %iowait    %irq   %soft  %steal  %guest  %gnice   %idle
03:37:04 PM    0   62.63    0.00   26.26    0.00    0.00   10.10    0.00    0.00    0.00    1.01

03:37:04 PM  CPU    %usr   %nice    %sys %iowait    %irq   %soft  %steal  %guest  %gnice   %idle
03:37:05 PM    0   54.37    0.00   33.01    0.00    0.00    9.71    0.00    0.00    0.00    2.91

03:37:05 PM  CPU    %usr   %nice    %sys %iowait    %irq   %soft  %steal  %guest  %gnice   %idle
03:37:06 PM    0   67.68    0.00   24.24    0.00    0.00    7.07    0.00    0.00    0.00    1.01

03:37:06 PM  CPU    %usr   %nice    %sys %iowait    %irq   %soft  %steal  %guest  %gnice   %idle
03:37:07 PM    0   66.67    0.00   24.24    0.00    0.00    7.07    0.00    0.00    0.00    2.02

03:37:07 PM  CPU    %usr   %nice    %sys %iowait    %irq   %soft  %steal  %guest  %gnice   %idle
03:37:08 PM    0   60.61    0.00   30.30    0.00    0.00    7.07    0.00    0.00    0.00    2.02

03:37:08 PM  CPU    %usr   %nice    %sys %iowait    %irq   %soft  %steal  %guest  %gnice   %idle
03:37:09 PM    0   61.39    0.00   28.71    0.00    0.00    5.94    0.00    0.00    0.00    3.96

03:37:09 PM  CPU    %usr   %nice    %sys %iowait    %irq   %soft  %steal  %guest  %gnice   %idle
03:37:10 PM    0   67.35    0.00   23.47    0.00    0.00    6.12    0.00    0.00    0.00    3.06

03:37:10 PM  CPU    %usr   %nice    %sys %iowait    %irq   %soft  %steal  %guest  %gnice   %idle
03:37:11 PM    0   67.68    0.00   24.24    0.00    0.00    5.05    0.00    0.00    0.00    3.03

03:37:11 PM  CPU    %usr   %nice    %sys %iowait    %irq   %soft  %steal  %guest  %gnice   %idle
03:37:12 PM    0   61.62    0.00   31.31    0.00    0.00    5.05    0.00    0.00    0.00    2.02

03:37:12 PM  CPU    %usr   %nice    %sys %iowait    %irq   %soft  %steal  %guest  %gnice   %idle
03:37:13 PM    0   63.37    0.00   28.71    0.00    0.00    5.94    0.00    0.00    0.00    1.98

03:37:13 PM  CPU    %usr   %nice    %sys %iowait    %irq   %soft  %steal  %guest  %gnice   %idle
03:37:14 PM    0   57.00    0.00   34.00    0.00    0.00    6.00    0.00    0.00    0.00    3.00

03:37:14 PM  CPU    %usr   %nice    %sys %iowait    %irq   %soft  %steal  %guest  %gnice   %idle
03:37:15 PM    0   67.00    0.00   25.00    0.00    0.00    6.00    0.00    0.00    0.00    2.00

03:37:15 PM  CPU    %usr   %nice    %sys %iowait    %irq   %soft  %steal  %guest  %gnice   %idle
03:37:16 PM    0   61.39    0.00   26.73    0.00    0.00    8.91    0.00    0.00    0.00    2.97

03:37:16 PM  CPU    %usr   %nice    %sys %iowait    %irq   %soft  %steal  %guest  %gnice   %idle
03:37:17 PM    0   66.00    0.00   25.00    0.00    0.00    6.00    0.00    0.00    0.00    3.00

03:37:17 PM  CPU    %usr   %nice    %sys %iowait    %irq   %soft  %steal  %guest  %gnice   %idle
03:37:18 PM    0   63.37    0.00   26.73    0.00    0.00    5.94    0.00    0.00    0.00    3.96

03:37:18 PM  CPU    %usr   %nice    %sys %iowait    %irq   %soft  %steal  %guest  %gnice   %idle
03:37:19 PM    0   66.00    0.00   24.00    0.00    0.00    7.00    0.00    0.00    0.00    3.00

03:37:19 PM  CPU    %usr   %nice    %sys %iowait    %irq   %soft  %steal  %guest  %gnice   %idle
03:37:20 PM    0   63.37    0.00   28.71    0.00    0.00    4.95    0.00    0.00    0.00    2.97

03:37:20 PM  CPU    %usr   %nice    %sys %iowait    %irq   %soft  %steal  %guest  %gnice   %idle
03:37:21 PM    0   63.64    0.00   24.24    0.00    0.00    8.08    0.00    0.00    0.00    4.04

03:37:21 PM  CPU    %usr   %nice    %sys %iowait    %irq   %soft  %steal  %guest  %gnice   %idle
03:37:22 PM    0   70.41    0.00   21.43    0.00    0.00    5.10    0.00    0.00    0.00    3.06

03:37:22 PM  CPU    %usr   %nice    %sys %iowait    %irq   %soft  %steal  %guest  %gnice   %idle
03:37:23 PM    0   62.75    0.00   25.49    0.00    0.00    6.86    0.00    0.00    0.00    4.90

03:37:23 PM  CPU    %usr   %nice    %sys %iowait    %irq   %soft  %steal  %guest  %gnice   %idle
03:37:24 PM    0   60.61    0.00   32.32    0.00    0.00    4.04    0.00    0.00    0.00    3.03

03:37:24 PM  CPU    %usr   %nice    %sys %iowait    %irq   %soft  %steal  %guest  %gnice   %idle
03:37:25 PM    0   67.33    0.00   24.75    0.00    0.00    4.95    0.00    0.00    0.00    2.97

03:37:25 PM  CPU    %usr   %nice    %sys %iowait    %irq   %soft  %steal  %guest  %gnice   %idle
03:37:26 PM    0   66.33    0.00   28.57    0.00    0.00    2.04    0.00    0.00    0.00    3.06

03:37:26 PM  CPU    %usr   %nice    %sys %iowait    %irq   %soft  %steal  %guest  %gnice   %idle
03:37:27 PM    0   68.00    0.00   22.00    0.00    0.00    7.00    0.00    0.00    0.00    3.00

03:37:27 PM  CPU    %usr   %nice    %sys %iowait    %irq   %soft  %steal  %guest  %gnice   %idle
03:37:28 PM    0   67.68    0.00   25.25    0.00    0.00    5.05    0.00    0.00    0.00    2.02

03:37:28 PM  CPU    %usr   %nice    %sys %iowait    %irq   %soft  %steal  %guest  %gnice   %idle
03:37:29 PM    0   58.00    0.00   30.00    0.00    0.00    8.00    0.00    0.00    0.00    4.00

03:37:29 PM  CPU    %usr   %nice    %sys %iowait    %irq   %soft  %steal  %guest  %gnice   %idle
03:37:30 PM    0   64.36    0.00   25.74    0.00    0.00    7.92    0.00    0.00    0.00    1.98

03:37:30 PM  CPU    %usr   %nice    %sys %iowait    %irq   %soft  %steal  %guest  %gnice   %idle
03:37:31 PM    0   70.71    0.00   20.20    0.00    0.00    7.07    0.00    0.00    0.00    2.02

03:37:31 PM  CPU    %usr   %nice    %sys %iowait    %irq   %soft  %steal  %guest  %gnice   %idle
03:37:32 PM    0   66.34    0.00   23.76    0.00    0.00    7.92    0.00    0.00    0.00    1.98

03:37:32 PM  CPU    %usr   %nice    %sys %iowait    %irq   %soft  %steal  %guest  %gnice   %idle
03:37:33 PM    0   63.64    0.00   29.29    0.00    0.00    5.05    0.00    0.00    0.00    2.02

03:37:33 PM  CPU    %usr   %nice    %sys %iowait    %irq   %soft  %steal  %guest  %gnice   %idle
03:37:34 PM    0   65.00    0.00   29.00    0.00    0.00    5.00    0.00    0.00    0.00    1.00

03:37:34 PM  CPU    %usr   %nice    %sys %iowait    %irq   %soft  %steal  %guest  %gnice   %idle
03:37:35 PM    0   68.32    0.00   20.79    0.00    0.00    8.91    0.00    0.00    0.00    1.98

03:37:35 PM  CPU    %usr   %nice    %sys %iowait    %irq   %soft  %steal  %guest  %gnice   %idle
03:37:36 PM    0   71.72    0.00   22.22    0.00    0.00    5.05    0.00    0.00    0.00    1.01

03:37:36 PM  CPU    %usr   %nice    %sys %iowait    %irq   %soft  %steal  %guest  %gnice   %idle
03:37:37 PM    0   68.32    0.00   26.73    0.00    0.00    3.96    0.00    0.00    0.00    0.99

03:37:37 PM  CPU    %usr   %nice    %sys %iowait    %irq   %soft  %steal  %guest  %gnice   %idle
03:37:38 PM    0   61.39    0.00   26.73    0.00    0.00   10.89    0.00    0.00    0.00    0.99

03:37:38 PM  CPU    %usr   %nice    %sys %iowait    %irq   %soft  %steal  %guest  %gnice   %idle
03:37:39 PM    0   63.00    0.00   31.00    0.00    0.00    5.00    0.00    0.00    0.00    1.00

03:37:39 PM  CPU    %usr   %nice    %sys %iowait    %irq   %soft  %steal  %guest  %gnice   %idle
03:37:40 PM    0   71.00    0.00   23.00    0.00    0.00    6.00    0.00    0.00    0.00    0.00

03:37:40 PM  CPU    %usr   %nice    %sys %iowait    %irq   %soft  %steal  %guest  %gnice   %idle
03:37:41 PM    0   69.70    0.00   25.25    0.00    0.00    5.05    0.00    0.00    0.00    0.00

03:37:41 PM  CPU    %usr   %nice    %sys %iowait    %irq   %soft  %steal  %guest  %gnice   %idle
03:37:42 PM    0   68.32    0.00   23.76    0.00    0.00    6.93    0.00    0.00    0.00    0.99

03:37:42 PM  CPU    %usr   %nice    %sys %iowait    %irq   %soft  %steal  %guest  %gnice   %idle
03:37:43 PM    0   69.00    0.00   26.00    0.00    0.00    5.00    0.00    0.00    0.00    0.00

03:37:43 PM  CPU    %usr   %nice    %sys %iowait    %irq   %soft  %steal  %guest  %gnice   %idle
03:37:44 PM    0   68.69    0.00   23.23    0.00    0.00    7.07    0.00    0.00    0.00    1.01

03:37:44 PM  CPU    %usr   %nice    %sys %iowait    %irq   %soft  %steal  %guest  %gnice   %idle
03:37:45 PM    0   65.00    0.00   27.00    0.00    0.00    7.00    0.00    0.00    0.00    1.00

03:37:45 PM  CPU    %usr   %nice    %sys %iowait    %irq   %soft  %steal  %guest  %gnice   %idle
03:37:46 PM    0   70.00    0.00   24.00    0.00    0.00    5.00    0.00    0.00    0.00    1.00

03:37:46 PM  CPU    %usr   %nice    %sys %iowait    %irq   %soft  %steal  %guest  %gnice   %idle
03:37:47 PM    0   66.67    0.00   25.49    0.00    0.00    5.88    0.00    0.00    0.00    1.96

03:37:47 PM  CPU    %usr   %nice    %sys %iowait    %irq   %soft  %steal  %guest  %gnice   %idle
03:37:48 PM    0   69.00    0.00   25.00    0.00    0.00    6.00    0.00    0.00    0.00    0.00

03:37:48 PM  CPU    %usr   %nice    %sys %iowait    %irq   %soft  %steal  %guest  %gnice   %idle
03:37:49 PM    0   65.69    0.00   28.43    0.00    0.00    3.92    0.00    0.00    0.00    1.96

03:37:49 PM  CPU    %usr   %nice    %sys %iowait    %irq   %soft  %steal  %guest  %gnice   %idle
03:37:50 PM    0   67.00    0.00   26.00    0.00    0.00    5.00    0.00    0.00    0.00    2.00

03:37:50 PM  CPU    %usr   %nice    %sys %iowait    %irq   %soft  %steal  %guest  %gnice   %idle
03:37:51 PM    0   64.00    0.00   27.00    0.00    0.00    7.00    0.00    0.00    0.00    2.00

03:37:51 PM  CPU    %usr   %nice    %sys %iowait    %irq   %soft  %steal  %guest  %gnice   %idle
03:37:52 PM    0   70.71    0.00   19.19    0.00    0.00    8.08    0.00    0.00    0.00    2.02

03:37:52 PM  CPU    %usr   %nice    %sys %iowait    %irq   %soft  %steal  %guest  %gnice   %idle
03:37:53 PM    0   61.39    0.00   27.72    0.00    0.00    7.92    0.00    0.00    0.00    2.97

03:37:53 PM  CPU    %usr   %nice    %sys %iowait    %irq   %soft  %steal  %guest  %gnice   %idle
03:37:54 PM    0   63.64    0.00   27.27    0.00    0.00    6.06    0.00    0.00    0.00    3.03

03:37:54 PM  CPU    %usr   %nice    %sys %iowait    %irq   %soft  %steal  %guest  %gnice   %idle
03:37:55 PM    0   63.37    0.00   25.74    0.00    0.00    6.93    0.00    0.00    0.00    3.96

03:37:55 PM  CPU    %usr   %nice    %sys %iowait    %irq   %soft  %steal  %guest  %gnice   %idle
03:37:56 PM    0   66.34    0.00   23.76    0.00    0.00    6.93    0.00    0.00    0.00    2.97

03:37:56 PM  CPU    %usr   %nice    %sys %iowait    %irq   %soft  %steal  %guest  %gnice   %idle
03:37:57 PM    0   67.68    0.00   22.22    0.00    0.00    8.08    0.00    0.00    0.00    2.02

03:37:57 PM  CPU    %usr   %nice    %sys %iowait    %irq   %soft  %steal  %guest  %gnice   %idle
03:37:58 PM    0   66.34    0.00   24.75    0.00    0.00    5.94    0.00    0.00    0.00    2.97

03:37:58 PM  CPU    %usr   %nice    %sys %iowait    %irq   %soft  %steal  %guest  %gnice   %idle
03:37:59 PM    0   62.38    0.00   27.72    0.00    0.00    7.92    0.00    0.00    0.00    1.98

03:37:59 PM  CPU    %usr   %nice    %sys %iowait    %irq   %soft  %steal  %guest  %gnice   %idle
03:38:00 PM    0   66.67    0.00   23.53    0.00    0.00    5.88    0.00    0.00    0.00    3.92

03:38:00 PM  CPU    %usr   %nice    %sys %iowait    %irq   %soft  %steal  %guest  %gnice   %idle
03:38:01 PM    0   67.68    0.00   20.20    0.00    0.00    9.09    0.00    0.00    0.00    3.03

03:38:01 PM  CPU    %usr   %nice    %sys %iowait    %irq   %soft  %steal  %guest  %gnice   %idle
03:38:02 PM    0   68.63    0.00   23.53    0.00    0.00    4.90    0.00    0.00    0.00    2.94

03:38:02 PM  CPU    %usr   %nice    %sys %iowait    %irq   %soft  %steal  %guest  %gnice   %idle
03:38:03 PM    0   61.62    0.00   26.26    0.00    0.00   11.11    0.00    0.00    0.00    1.01

03:38:03 PM  CPU    %usr   %nice    %sys %iowait    %irq   %soft  %steal  %guest  %gnice   %idle
03:38:04 PM    0   68.32    0.00   25.74    0.00    0.00    4.95    0.00    0.00    0.00    0.99

03:38:04 PM  CPU    %usr   %nice    %sys %iowait    %irq   %soft  %steal  %guest  %gnice   %idle
03:38:05 PM    0   66.34    0.00   25.74    0.00    0.00    6.93    0.00    0.00    0.00    0.99

03:38:05 PM  CPU    %usr   %nice    %sys %iowait    %irq   %soft  %steal  %guest  %gnice   %idle
03:38:06 PM    0   63.64    0.00   25.25    0.00    0.00   11.11    0.00    0.00    0.00    0.00

03:38:06 PM  CPU    %usr   %nice    %sys %iowait    %irq   %soft  %steal  %guest  %gnice   %idle
03:38:07 PM    0   63.64    0.00   27.27    0.00    0.00    8.08    0.00    0.00    0.00    1.01

03:38:07 PM  CPU    %usr   %nice    %sys %iowait    %irq   %soft  %steal  %guest  %gnice   %idle
03:38:08 PM    0   66.34    0.00   26.73    0.00    0.00    5.94    0.00    0.00    0.00    0.99

03:38:08 PM  CPU    %usr   %nice    %sys %iowait    %irq   %soft  %steal  %guest  %gnice   %idle
03:38:09 PM    0   65.00    0.00   27.00    0.00    0.00    6.00    0.00    0.00    0.00    2.00

03:38:09 PM  CPU    %usr   %nice    %sys %iowait    %irq   %soft  %steal  %guest  %gnice   %idle
03:38:10 PM    0   65.66    0.00   30.30    0.00    0.00    4.04    0.00    0.00    0.00    0.00

03:38:10 PM  CPU    %usr   %nice    %sys %iowait    %irq   %soft  %steal  %guest  %gnice   %idle
03:38:11 PM    0   68.32    0.00   21.78    0.00    0.00    8.91    0.00    0.00    0.00    0.99

03:38:11 PM  CPU    %usr   %nice    %sys %iowait    %irq   %soft  %steal  %guest  %gnice   %idle
03:38:12 PM    0   69.70    0.00   22.22    0.00    0.00    7.07    0.00    0.00    0.00    1.01

03:38:12 PM  CPU    %usr   %nice    %sys %iowait    %irq   %soft  %steal  %guest  %gnice   %idle
03:38:13 PM    0   64.65    0.00   25.25    0.00    0.00    8.08    0.00    0.00    0.00    2.02

03:38:13 PM  CPU    %usr   %nice    %sys %iowait    %irq   %soft  %steal  %guest  %gnice   %idle
03:38:14 PM    0   62.38    0.00   26.73    0.00    0.00    7.92    0.00    0.00    0.00    2.97

03:38:14 PM  CPU    %usr   %nice    %sys %iowait    %irq   %soft  %steal  %guest  %gnice   %idle
03:38:15 PM    0   64.65    0.00   26.26    0.00    0.00    7.07    0.00    0.00    0.00    2.02

03:38:15 PM  CPU    %usr   %nice    %sys %iowait    %irq   %soft  %steal  %guest  %gnice   %idle
03:38:16 PM    0   63.00    0.00   26.00    0.00    0.00    9.00    0.00    0.00    0.00    2.00

03:38:16 PM  CPU    %usr   %nice    %sys %iowait    %irq   %soft  %steal  %guest  %gnice   %idle
03:38:17 PM    0   61.62    0.00   30.30    0.00    0.00    7.07    0.00    0.00    0.00    1.01

03:38:17 PM  CPU    %usr   %nice    %sys %iowait    %irq   %soft  %steal  %guest  %gnice   %idle
03:38:18 PM    0   67.68    0.00   23.23    0.00    0.00    7.07    0.00    0.00    0.00    2.02

03:38:18 PM  CPU    %usr   %nice    %sys %iowait    %irq   %soft  %steal  %guest  %gnice   %idle
03:38:19 PM    0   69.00    0.00   23.00    0.00    0.00    7.00    0.00    0.00    0.00    1.00

03:38:19 PM  CPU    %usr   %nice    %sys %iowait    %irq   %soft  %steal  %guest  %gnice   %idle
03:38:20 PM    0   65.00    0.00   26.00    0.00    0.00    7.00    0.00    0.00    0.00    2.00

03:38:20 PM  CPU    %usr   %nice    %sys %iowait    %irq   %soft  %steal  %guest  %gnice   %idle
03:38:21 PM    0   63.37    0.00   29.70    0.00    0.00    5.94    0.00    0.00    0.00    0.99

03:38:21 PM  CPU    %usr   %nice    %sys %iowait    %irq   %soft  %steal  %guest  %gnice   %idle
03:38:22 PM    0   65.35    0.00   29.70    0.00    0.00    3.96    0.00    0.00    0.00    0.99

03:38:22 PM  CPU    %usr   %nice    %sys %iowait    %irq   %soft  %steal  %guest  %gnice   %idle
03:38:23 PM    0   60.61    0.00   30.30    0.00    0.00    8.08    0.00    0.00    0.00    1.01

03:38:23 PM  CPU    %usr   %nice    %sys %iowait    %irq   %soft  %steal  %guest  %gnice   %idle
03:38:24 PM    0   65.35    0.00   25.74    0.00    0.00    7.92    0.00    0.00    0.00    0.99

03:38:24 PM  CPU    %usr   %nice    %sys %iowait    %irq   %soft  %steal  %guest  %gnice   %idle
03:38:25 PM    0   64.65    0.00   29.29    0.00    0.00    6.06    0.00    0.00    0.00    0.00

03:38:25 PM  CPU    %usr   %nice    %sys %iowait    %irq   %soft  %steal  %guest  %gnice   %idle
03:38:26 PM    0   72.28    0.00   20.79    0.00    0.00    4.95    0.00    0.00    0.00    1.98

03:38:26 PM  CPU    %usr   %nice    %sys %iowait    %irq   %soft  %steal  %guest  %gnice   %idle
03:38:27 PM    0   64.36    0.00   27.72    0.00    0.00    6.93    0.00    0.00    0.00    0.99

03:38:27 PM  CPU    %usr   %nice    %sys %iowait    %irq   %soft  %steal  %guest  %gnice   %idle
03:38:28 PM    0   69.00    0.00   28.00    0.00    0.00    3.00    0.00    0.00    0.00    0.00

03:38:28 PM  CPU    %usr   %nice    %sys %iowait    %irq   %soft  %steal  %guest  %gnice   %idle
03:38:29 PM    0   65.98    0.00   25.77    0.00    0.00    7.22    0.00    0.00    0.00    1.03

03:38:29 PM  CPU    %usr   %nice    %sys %iowait    %irq   %soft  %steal  %guest  %gnice   %idle
03:38:30 PM    0   69.00    0.00   25.00    0.00    0.00    5.00    0.00    0.00    0.00    1.00

03:38:30 PM  CPU    %usr   %nice    %sys %iowait    %irq   %soft  %steal  %guest  %gnice   %idle
03:38:31 PM    0   68.00    0.00   24.00    0.00    0.00    7.00    0.00    0.00    0.00    1.00

03:38:31 PM  CPU    %usr   %nice    %sys %iowait    %irq   %soft  %steal  %guest  %gnice   %idle
03:38:32 PM    0   69.31    0.00   23.76    0.00    0.00    6.93    0.00    0.00    0.00    0.00

03:38:32 PM  CPU    %usr   %nice    %sys %iowait    %irq   %soft  %steal  %guest  %gnice   %idle
03:38:33 PM    0   70.00    0.00   24.00    0.00    0.00    6.00    0.00    0.00    0.00    0.00

03:38:33 PM  CPU    %usr   %nice    %sys %iowait    %irq   %soft  %steal  %guest  %gnice   %idle
03:38:34 PM    0   66.34    0.00   27.72    0.00    0.00    4.95    0.00    0.00    0.00    0.99

03:38:34 PM  CPU    %usr   %nice    %sys %iowait    %irq   %soft  %steal  %guest  %gnice   %idle
03:38:35 PM    0   62.63    0.00   32.32    0.00    0.00    5.05    0.00    0.00    0.00    0.00

03:38:35 PM  CPU    %usr   %nice    %sys %iowait    %irq   %soft  %steal  %guest  %gnice   %idle
03:38:36 PM    0   67.00    0.00   28.00    0.00    0.00    5.00    0.00    0.00    0.00    0.00

03:38:36 PM  CPU    %usr   %nice    %sys %iowait    %irq   %soft  %steal  %guest  %gnice   %idle
03:38:37 PM    0   69.31    0.00   25.74    0.00    0.00    3.96    0.00    0.00    0.00    0.99

03:38:37 PM  CPU    %usr   %nice    %sys %iowait    %irq   %soft  %steal  %guest  %gnice   %idle
03:38:38 PM    0   68.00    0.00   24.00    0.00    0.00    8.00    0.00    0.00    0.00    0.00

03:38:38 PM  CPU    %usr   %nice    %sys %iowait    %irq   %soft  %steal  %guest  %gnice   %idle
03:38:39 PM    0   65.00    0.00   27.00    0.00    0.00    7.00    0.00    0.00    0.00    1.00

03:38:39 PM  CPU    %usr   %nice    %sys %iowait    %irq   %soft  %steal  %guest  %gnice   %idle
03:38:40 PM    0   61.00    0.00   34.00    0.00    0.00    4.00    0.00    0.00    0.00    1.00

03:38:40 PM  CPU    %usr   %nice    %sys %iowait    %irq   %soft  %steal  %guest  %gnice   %idle
03:38:41 PM    0   68.00    0.00   26.00    0.00    0.00    5.00    0.00    0.00    0.00    1.00

03:38:41 PM  CPU    %usr   %nice    %sys %iowait    %irq   %soft  %steal  %guest  %gnice   %idle
03:38:42 PM    0   66.34    0.00   26.73    0.00    0.00    6.93    0.00    0.00    0.00    0.00

Average:     CPU    %usr   %nice    %sys %iowait    %irq   %soft  %steal  %guest  %gnice   %idle
Average:       0   65.54    0.00   26.18    0.00    0.00    6.50    0.00    0.00    0.00    1.78
