Linux 5.3.0-61-generic (cw-zenbook) 	07/16/2020 	_x86_64_	(8 CPU)

12:17:45 PM  CPU    %usr   %nice    %sys %iowait    %irq   %soft  %steal  %guest  %gnice   %idle
12:17:46 PM    0   39.39    0.00   17.17    0.00    0.00    3.03    0.00    0.00    0.00   40.40

12:17:46 PM  CPU    %usr   %nice    %sys %iowait    %irq   %soft  %steal  %guest  %gnice   %idle
12:17:47 PM    0   37.76    0.00   18.37    0.00    0.00    3.06    0.00    0.00    0.00   40.82

12:17:47 PM  CPU    %usr   %nice    %sys %iowait    %irq   %soft  %steal  %guest  %gnice   %idle
12:17:48 PM    0   35.71    0.00   19.39    0.00    0.00    4.08    0.00    0.00    0.00   40.82

12:17:48 PM  CPU    %usr   %nice    %sys %iowait    %irq   %soft  %steal  %guest  %gnice   %idle
12:17:49 PM    0   41.41    0.00   14.14    0.00    0.00    4.04    0.00    0.00    0.00   40.40

12:17:49 PM  CPU    %usr   %nice    %sys %iowait    %irq   %soft  %steal  %guest  %gnice   %idle
12:17:50 PM    0   38.54    0.00   14.58    0.00    0.00    5.21    0.00    0.00    0.00   41.67

12:17:50 PM  CPU    %usr   %nice    %sys %iowait    %irq   %soft  %steal  %guest  %gnice   %idle
12:17:51 PM    0   41.58    0.00   14.85    0.00    0.00    4.95    0.00    0.00    0.00   38.61

12:17:51 PM  CPU    %usr   %nice    %sys %iowait    %irq   %soft  %steal  %guest  %gnice   %idle
12:17:52 PM    0   42.16    0.00   14.71    0.00    0.00    3.92    0.00    0.00    0.00   39.22

12:17:52 PM  CPU    %usr   %nice    %sys %iowait    %irq   %soft  %steal  %guest  %gnice   %idle
12:17:53 PM    0   38.00    0.00   18.00    0.00    0.00    4.00    0.00    0.00    0.00   40.00

12:17:53 PM  CPU    %usr   %nice    %sys %iowait    %irq   %soft  %steal  %guest  %gnice   %idle
12:17:54 PM    0   39.80    0.00   14.29    0.00    0.00    5.10    0.00    0.00    0.00   40.82

12:17:54 PM  CPU    %usr   %nice    %sys %iowait    %irq   %soft  %steal  %guest  %gnice   %idle
12:17:55 PM    0   39.60    0.00   15.84    0.00    0.00    3.96    0.00    0.00    0.00   40.59

12:17:55 PM  CPU    %usr   %nice    %sys %iowait    %irq   %soft  %steal  %guest  %gnice   %idle
12:17:56 PM    0   39.80    0.00   14.29    0.00    0.00    4.08    0.00    0.00    0.00   41.84

12:17:56 PM  CPU    %usr   %nice    %sys %iowait    %irq   %soft  %steal  %guest  %gnice   %idle
12:17:57 PM    0   35.71    0.00   16.33    0.00    0.00    7.14    0.00    0.00    0.00   40.82

12:17:57 PM  CPU    %usr   %nice    %sys %iowait    %irq   %soft  %steal  %guest  %gnice   %idle
12:17:58 PM    0   40.20    0.00   16.67    0.00    0.00    2.94    0.00    0.00    0.00   40.20

12:17:58 PM  CPU    %usr   %nice    %sys %iowait    %irq   %soft  %steal  %guest  %gnice   %idle
12:17:59 PM    0   35.71    0.00   19.39    0.00    0.00    4.08    0.00    0.00    0.00   40.82

12:17:59 PM  CPU    %usr   %nice    %sys %iowait    %irq   %soft  %steal  %guest  %gnice   %idle
12:18:00 PM    0   40.82    0.00   14.29    0.00    0.00    4.08    0.00    0.00    0.00   40.82

12:18:00 PM  CPU    %usr   %nice    %sys %iowait    %irq   %soft  %steal  %guest  %gnice   %idle
12:18:01 PM    0   38.38    0.00   16.16    0.00    0.00    4.04    0.00    0.00    0.00   41.41

12:18:01 PM  CPU    %usr   %nice    %sys %iowait    %irq   %soft  %steal  %guest  %gnice   %idle
12:18:02 PM    0   39.22    0.00   14.71    0.00    0.00    6.86    0.00    0.00    0.00   39.22

12:18:02 PM  CPU    %usr   %nice    %sys %iowait    %irq   %soft  %steal  %guest  %gnice   %idle
12:18:03 PM    0   42.42    0.00   14.14    0.00    0.00    2.02    0.00    0.00    0.00   41.41

12:18:03 PM  CPU    %usr   %nice    %sys %iowait    %irq   %soft  %steal  %guest  %gnice   %idle
12:18:04 PM    0   32.99    0.00   19.59    0.00    0.00    5.15    0.00    0.00    0.00   42.27

12:18:04 PM  CPU    %usr   %nice    %sys %iowait    %irq   %soft  %steal  %guest  %gnice   %idle
12:18:05 PM    0   39.18    0.00   14.43    0.00    0.00    4.12    0.00    0.00    0.00   42.27

12:18:05 PM  CPU    %usr   %nice    %sys %iowait    %irq   %soft  %steal  %guest  %gnice   %idle
12:18:06 PM    0   38.14    0.00   14.43    0.00    0.00    6.19    0.00    0.00    0.00   41.24

12:18:06 PM  CPU    %usr   %nice    %sys %iowait    %irq   %soft  %steal  %guest  %gnice   %idle
12:18:07 PM    0   40.82    0.00   14.29    0.00    0.00    3.06    0.00    0.00    0.00   41.84

12:18:07 PM  CPU    %usr   %nice    %sys %iowait    %irq   %soft  %steal  %guest  %gnice   %idle
12:18:08 PM    0   41.00    0.00   14.00    0.00    0.00    4.00    0.00    0.00    0.00   41.00

12:18:08 PM  CPU    %usr   %nice    %sys %iowait    %irq   %soft  %steal  %guest  %gnice   %idle
12:18:09 PM    0   37.76    0.00   17.35    0.00    0.00    3.06    0.00    0.00    0.00   41.84

12:18:09 PM  CPU    %usr   %nice    %sys %iowait    %irq   %soft  %steal  %guest  %gnice   %idle
12:18:10 PM    0   40.00    0.00   15.00    0.00    0.00    4.00    0.00    0.00    0.00   41.00

12:18:10 PM  CPU    %usr   %nice    %sys %iowait    %irq   %soft  %steal  %guest  %gnice   %idle
12:18:11 PM    0   35.29    0.00   18.63    0.00    0.00    4.90    0.00    0.00    0.00   41.18

12:18:11 PM  CPU    %usr   %nice    %sys %iowait    %irq   %soft  %steal  %guest  %gnice   %idle
12:18:12 PM    0   38.61    0.00   16.83    0.00    0.00    4.95    0.00    0.00    0.00   39.60

12:18:12 PM  CPU    %usr   %nice    %sys %iowait    %irq   %soft  %steal  %guest  %gnice   %idle
12:18:13 PM    0   39.00    0.00   16.00    0.00    0.00    5.00    0.00    0.00    0.00   40.00

12:18:13 PM  CPU    %usr   %nice    %sys %iowait    %irq   %soft  %steal  %guest  %gnice   %idle
12:18:14 PM    0   41.00    0.00   17.00    0.00    0.00    3.00    0.00    0.00    0.00   39.00

12:18:14 PM  CPU    %usr   %nice    %sys %iowait    %irq   %soft  %steal  %guest  %gnice   %idle
12:18:15 PM    0   37.37    0.00   17.17    0.00    0.00    4.04    0.00    0.00    0.00   41.41

12:18:15 PM  CPU    %usr   %nice    %sys %iowait    %irq   %soft  %steal  %guest  %gnice   %idle
12:18:16 PM    0   38.14    0.00   17.53    0.00    0.00    2.06    0.00    0.00    0.00   42.27

12:18:16 PM  CPU    %usr   %nice    %sys %iowait    %irq   %soft  %steal  %guest  %gnice   %idle
12:18:17 PM    0   42.00    0.00   13.00    0.00    0.00    4.00    0.00    0.00    0.00   41.00

12:18:17 PM  CPU    %usr   %nice    %sys %iowait    %irq   %soft  %steal  %guest  %gnice   %idle
12:18:18 PM    0   39.60    0.00   19.80    0.00    0.00    0.99    0.00    0.00    0.00   39.60

12:18:18 PM  CPU    %usr   %nice    %sys %iowait    %irq   %soft  %steal  %guest  %gnice   %idle
12:18:19 PM    0   39.18    0.00   13.40    0.00    0.00    5.15    0.00    0.00    0.00   42.27

12:18:19 PM  CPU    %usr   %nice    %sys %iowait    %irq   %soft  %steal  %guest  %gnice   %idle
12:18:20 PM    0   39.80    0.00   15.31    0.00    0.00    4.08    0.00    0.00    0.00   40.82

12:18:20 PM  CPU    %usr   %nice    %sys %iowait    %irq   %soft  %steal  %guest  %gnice   %idle
12:18:21 PM    0   41.84    0.00   15.31    0.00    0.00    2.04    0.00    0.00    0.00   40.82

12:18:21 PM  CPU    %usr   %nice    %sys %iowait    %irq   %soft  %steal  %guest  %gnice   %idle
12:18:22 PM    0   39.18    0.00   17.53    0.00    0.00    2.06    0.00    0.00    0.00   41.24

12:18:22 PM  CPU    %usr   %nice    %sys %iowait    %irq   %soft  %steal  %guest  %gnice   %idle
12:18:23 PM    0   38.24    0.00   16.67    0.00    0.00    4.90    0.00    0.00    0.00   40.20

12:18:23 PM  CPU    %usr   %nice    %sys %iowait    %irq   %soft  %steal  %guest  %gnice   %idle
12:18:24 PM    0   38.00    0.00   19.00    0.00    0.00    3.00    0.00    0.00    0.00   40.00

12:18:24 PM  CPU    %usr   %nice    %sys %iowait    %irq   %soft  %steal  %guest  %gnice   %idle
12:18:25 PM    0   39.18    0.00   16.49    0.00    0.00    3.09    0.00    0.00    0.00   41.24

12:18:25 PM  CPU    %usr   %nice    %sys %iowait    %irq   %soft  %steal  %guest  %gnice   %idle
12:18:26 PM    0   41.41    0.00   14.14    0.00    0.00    3.03    0.00    0.00    0.00   41.41

12:18:26 PM  CPU    %usr   %nice    %sys %iowait    %irq   %soft  %steal  %guest  %gnice   %idle
12:18:27 PM    0   42.42    0.00   14.14    0.00    0.00    3.03    0.00    0.00    0.00   40.40

12:18:27 PM  CPU    %usr   %nice    %sys %iowait    %irq   %soft  %steal  %guest  %gnice   %idle
12:18:28 PM    0   37.37    0.00   18.18    0.00    0.00    3.03    0.00    0.00    0.00   41.41

12:18:28 PM  CPU    %usr   %nice    %sys %iowait    %irq   %soft  %steal  %guest  %gnice   %idle
12:18:29 PM    0   39.39    0.00   16.16    0.00    0.00    3.03    0.00    0.00    0.00   41.41

12:18:29 PM  CPU    %usr   %nice    %sys %iowait    %irq   %soft  %steal  %guest  %gnice   %idle
12:18:30 PM    0   38.78    0.00   17.35    0.00    0.00    3.06    0.00    0.00    0.00   40.82

12:18:30 PM  CPU    %usr   %nice    %sys %iowait    %irq   %soft  %steal  %guest  %gnice   %idle
12:18:31 PM    0   41.75    0.00   12.62    0.00    0.00    5.83    0.00    0.00    0.00   39.81

12:18:31 PM  CPU    %usr   %nice    %sys %iowait    %irq   %soft  %steal  %guest  %gnice   %idle
12:18:32 PM    0   39.80    0.00   14.29    0.00    0.00    3.06    0.00    0.00    0.00   42.86

12:18:32 PM  CPU    %usr   %nice    %sys %iowait    %irq   %soft  %steal  %guest  %gnice   %idle
12:18:33 PM    0   37.37    0.00   18.18    0.00    0.00    3.03    0.00    0.00    0.00   41.41

12:18:33 PM  CPU    %usr   %nice    %sys %iowait    %irq   %soft  %steal  %guest  %gnice   %idle
12:18:34 PM    0   40.20    0.00   13.73    0.00    0.00    6.86    0.00    0.00    0.00   39.22

12:18:34 PM  CPU    %usr   %nice    %sys %iowait    %irq   %soft  %steal  %guest  %gnice   %idle
12:18:35 PM    0   38.78    0.00   15.31    0.00    0.00    4.08    0.00    0.00    0.00   41.84

12:18:35 PM  CPU    %usr   %nice    %sys %iowait    %irq   %soft  %steal  %guest  %gnice   %idle
12:18:36 PM    0   39.00    0.00   16.00    0.00    0.00    4.00    0.00    0.00    0.00   41.00

12:18:36 PM  CPU    %usr   %nice    %sys %iowait    %irq   %soft  %steal  %guest  %gnice   %idle
12:18:37 PM    0   39.39    0.00   14.14    0.00    0.00    5.05    0.00    0.00    0.00   41.41

12:18:37 PM  CPU    %usr   %nice    %sys %iowait    %irq   %soft  %steal  %guest  %gnice   %idle
12:18:38 PM    0   41.75    0.00   12.62    0.00    0.00    4.85    0.00    0.00    0.00   40.78

12:18:38 PM  CPU    %usr   %nice    %sys %iowait    %irq   %soft  %steal  %guest  %gnice   %idle
12:18:39 PM    0   39.78    0.00   12.90    0.00    0.00    4.30    0.00    0.00    0.00   43.01

12:18:39 PM  CPU    %usr   %nice    %sys %iowait    %irq   %soft  %steal  %guest  %gnice   %idle
12:18:40 PM    0   39.60    0.00   16.83    0.00    0.00    1.98    0.00    0.00    0.00   41.58

12:18:40 PM  CPU    %usr   %nice    %sys %iowait    %irq   %soft  %steal  %guest  %gnice   %idle
12:18:41 PM    0   38.14    0.00   17.53    0.00    0.00    3.09    0.00    0.00    0.00   41.24

12:18:41 PM  CPU    %usr   %nice    %sys %iowait    %irq   %soft  %steal  %guest  %gnice   %idle
12:18:42 PM    0   41.24    0.00   11.34    0.00    0.00    4.12    0.00    0.00    0.00   43.30

12:18:42 PM  CPU    %usr   %nice    %sys %iowait    %irq   %soft  %steal  %guest  %gnice   %idle
12:18:43 PM    0   39.39    0.00   16.16    0.00    0.00    3.03    0.00    0.00    0.00   41.41

12:18:43 PM  CPU    %usr   %nice    %sys %iowait    %irq   %soft  %steal  %guest  %gnice   %idle
12:18:44 PM    0   44.44    0.00   10.10    0.00    0.00    4.04    0.00    0.00    0.00   41.41

12:18:44 PM  CPU    %usr   %nice    %sys %iowait    %irq   %soft  %steal  %guest  %gnice   %idle
12:18:45 PM    0   37.37    0.00   17.17    0.00    0.00    4.04    0.00    0.00    0.00   41.41

12:18:45 PM  CPU    %usr   %nice    %sys %iowait    %irq   %soft  %steal  %guest  %gnice   %idle
12:18:46 PM    0   39.39    0.00   13.13    0.00    0.00    5.05    0.00    0.00    0.00   42.42

12:18:46 PM  CPU    %usr   %nice    %sys %iowait    %irq   %soft  %steal  %guest  %gnice   %idle
12:18:47 PM    0   40.40    0.00   13.13    0.00    0.00    4.04    0.00    0.00    0.00   42.42

12:18:47 PM  CPU    %usr   %nice    %sys %iowait    %irq   %soft  %steal  %guest  %gnice   %idle
12:18:48 PM    0   40.00    0.00   15.00    0.00    0.00    4.00    0.00    0.00    0.00   41.00

12:18:48 PM  CPU    %usr   %nice    %sys %iowait    %irq   %soft  %steal  %guest  %gnice   %idle
12:18:49 PM    0   40.00    0.00   14.00    0.00    0.00    6.00    0.00    0.00    0.00   40.00

12:18:49 PM  CPU    %usr   %nice    %sys %iowait    %irq   %soft  %steal  %guest  %gnice   %idle
12:18:50 PM    0   39.58    0.00   13.54    0.00    0.00    3.12    0.00    0.00    0.00   43.75

12:18:50 PM  CPU    %usr   %nice    %sys %iowait    %irq   %soft  %steal  %guest  %gnice   %idle
12:18:51 PM    0   42.27    0.00   12.37    0.00    0.00    3.09    0.00    0.00    0.00   42.27

12:18:51 PM  CPU    %usr   %nice    %sys %iowait    %irq   %soft  %steal  %guest  %gnice   %idle
12:18:52 PM    0   37.50    0.00   17.31    0.00    0.00    5.77    0.00    0.00    0.00   39.42

12:18:52 PM  CPU    %usr   %nice    %sys %iowait    %irq   %soft  %steal  %guest  %gnice   %idle
12:18:53 PM    0   35.71    0.00   18.37    0.00    0.00    4.08    0.00    0.00    0.00   41.84

12:18:53 PM  CPU    %usr   %nice    %sys %iowait    %irq   %soft  %steal  %guest  %gnice   %idle
12:18:54 PM    0   41.58    0.00   14.85    0.00    0.00    1.98    0.00    0.00    0.00   41.58

12:18:54 PM  CPU    %usr   %nice    %sys %iowait    %irq   %soft  %steal  %guest  %gnice   %idle
12:18:55 PM    0   37.25    0.00   16.67    0.00    0.00    4.90    0.00    0.00    0.00   41.18

12:18:55 PM  CPU    %usr   %nice    %sys %iowait    %irq   %soft  %steal  %guest  %gnice   %idle
12:18:56 PM    0   39.80    0.00   14.29    0.00    0.00    3.06    0.00    0.00    0.00   42.86

12:18:56 PM  CPU    %usr   %nice    %sys %iowait    %irq   %soft  %steal  %guest  %gnice   %idle
12:18:57 PM    0   39.60    0.00   14.85    0.00    0.00    4.95    0.00    0.00    0.00   40.59

12:18:57 PM  CPU    %usr   %nice    %sys %iowait    %irq   %soft  %steal  %guest  %gnice   %idle
12:18:58 PM    0   36.08    0.00   16.49    0.00    0.00    5.15    0.00    0.00    0.00   42.27

12:18:58 PM  CPU    %usr   %nice    %sys %iowait    %irq   %soft  %steal  %guest  %gnice   %idle
12:18:59 PM    0   35.05    0.00   16.49    0.00    0.00    6.19    0.00    0.00    0.00   42.27

12:18:59 PM  CPU    %usr   %nice    %sys %iowait    %irq   %soft  %steal  %guest  %gnice   %idle
12:19:00 PM    0   38.24    0.00   17.65    0.00    0.00    2.94    0.00    0.00    0.00   41.18

12:19:00 PM  CPU    %usr   %nice    %sys %iowait    %irq   %soft  %steal  %guest  %gnice   %idle
12:19:01 PM    0   34.00    0.00   19.00    0.00    0.00    5.00    0.00    0.00    0.00   42.00

12:19:01 PM  CPU    %usr   %nice    %sys %iowait    %irq   %soft  %steal  %guest  %gnice   %idle
12:19:02 PM    0   41.58    0.00   13.86    0.00    0.00    3.96    0.00    0.00    0.00   40.59

12:19:02 PM  CPU    %usr   %nice    %sys %iowait    %irq   %soft  %steal  %guest  %gnice   %idle
12:19:03 PM    0   40.82    0.00   13.27    0.00    0.00    4.08    0.00    0.00    0.00   41.84

12:19:03 PM  CPU    %usr   %nice    %sys %iowait    %irq   %soft  %steal  %guest  %gnice   %idle
12:19:04 PM    0   36.36    0.00   18.18    0.00    0.00    4.04    0.00    0.00    0.00   41.41

12:19:04 PM  CPU    %usr   %nice    %sys %iowait    %irq   %soft  %steal  %guest  %gnice   %idle
12:19:05 PM    0   42.27    0.00   13.40    0.00    0.00    3.09    0.00    0.00    0.00   41.24

12:19:05 PM  CPU    %usr   %nice    %sys %iowait    %irq   %soft  %steal  %guest  %gnice   %idle
12:19:06 PM    0   44.90    0.00   10.20    0.00    0.00    3.06    0.00    0.00    0.00   41.84

12:19:06 PM  CPU    %usr   %nice    %sys %iowait    %irq   %soft  %steal  %guest  %gnice   %idle
12:19:07 PM    0   40.59    0.00   14.85    0.00    0.00    3.96    0.00    0.00    0.00   40.59

12:19:07 PM  CPU    %usr   %nice    %sys %iowait    %irq   %soft  %steal  %guest  %gnice   %idle
12:19:08 PM    0   37.00    0.00   20.00    0.00    0.00    2.00    0.00    0.00    0.00   41.00

12:19:08 PM  CPU    %usr   %nice    %sys %iowait    %irq   %soft  %steal  %guest  %gnice   %idle
12:19:09 PM    0   41.41    0.00   14.14    0.00    0.00    3.03    0.00    0.00    0.00   41.41

12:19:09 PM  CPU    %usr   %nice    %sys %iowait    %irq   %soft  %steal  %guest  %gnice   %idle
12:19:10 PM    0   39.58    0.00   15.62    0.00    0.00    2.08    0.00    0.00    0.00   42.71

12:19:10 PM  CPU    %usr   %nice    %sys %iowait    %irq   %soft  %steal  %guest  %gnice   %idle
12:19:11 PM    0   38.24    0.00   15.69    0.00    0.00    4.90    0.00    0.00    0.00   41.18

12:19:11 PM  CPU    %usr   %nice    %sys %iowait    %irq   %soft  %steal  %guest  %gnice   %idle
12:19:12 PM    0   39.00    0.00   15.00    0.00    0.00    5.00    0.00    0.00    0.00   41.00

12:19:12 PM  CPU    %usr   %nice    %sys %iowait    %irq   %soft  %steal  %guest  %gnice   %idle
12:19:13 PM    0   37.76    0.00   17.35    0.00    0.00    2.04    0.00    0.00    0.00   42.86

12:19:13 PM  CPU    %usr   %nice    %sys %iowait    %irq   %soft  %steal  %guest  %gnice   %idle
12:19:14 PM    0   39.80    0.00   12.24    0.00    0.00    5.10    0.00    0.00    0.00   42.86

12:19:14 PM  CPU    %usr   %nice    %sys %iowait    %irq   %soft  %steal  %guest  %gnice   %idle
12:19:15 PM    0   36.73    0.00   16.33    0.00    0.00    4.08    0.00    0.00    0.00   42.86

12:19:15 PM  CPU    %usr   %nice    %sys %iowait    %irq   %soft  %steal  %guest  %gnice   %idle
12:19:16 PM    0   38.61    0.00   15.84    0.00    0.00    4.95    0.00    0.00    0.00   40.59

12:19:16 PM  CPU    %usr   %nice    %sys %iowait    %irq   %soft  %steal  %guest  %gnice   %idle
12:19:17 PM    0   37.76    0.00   17.35    0.00    0.00    3.06    0.00    0.00    0.00   41.84

12:19:17 PM  CPU    %usr   %nice    %sys %iowait    %irq   %soft  %steal  %guest  %gnice   %idle
12:19:18 PM    0   38.78    0.00   14.29    0.00    0.00    5.10    0.00    0.00    0.00   41.84

12:19:18 PM  CPU    %usr   %nice    %sys %iowait    %irq   %soft  %steal  %guest  %gnice   %idle
12:19:19 PM    0   40.00    0.00   15.00    0.00    0.00    4.00    0.00    0.00    0.00   41.00

12:19:19 PM  CPU    %usr   %nice    %sys %iowait    %irq   %soft  %steal  %guest  %gnice   %idle
12:19:20 PM    0   38.54    0.00   14.58    0.00    0.00    4.17    0.00    0.00    0.00   42.71

12:19:20 PM  CPU    %usr   %nice    %sys %iowait    %irq   %soft  %steal  %guest  %gnice   %idle
12:19:21 PM    0   41.18    0.00   14.71    0.00    0.00    4.90    0.00    0.00    0.00   39.22

12:19:21 PM  CPU    %usr   %nice    %sys %iowait    %irq   %soft  %steal  %guest  %gnice   %idle
12:19:22 PM    0   33.33    0.00   18.28    0.00    0.00    4.30    0.00    0.00    0.00   44.09

12:19:22 PM  CPU    %usr   %nice    %sys %iowait    %irq   %soft  %steal  %guest  %gnice   %idle
12:19:23 PM    0   43.00    0.00   12.00    0.00    0.00    4.00    0.00    0.00    0.00   41.00

12:19:23 PM  CPU    %usr   %nice    %sys %iowait    %irq   %soft  %steal  %guest  %gnice   %idle
12:19:24 PM    0   42.11    0.00   13.68    0.00    0.00    2.11    0.00    0.00    0.00   42.11

12:19:24 PM  CPU    %usr   %nice    %sys %iowait    %irq   %soft  %steal  %guest  %gnice   %idle
12:19:25 PM    0   37.62    0.00   17.82    0.00    0.00    3.96    0.00    0.00    0.00   40.59

12:19:25 PM  CPU    %usr   %nice    %sys %iowait    %irq   %soft  %steal  %guest  %gnice   %idle
12:19:26 PM    0   42.86    0.00   13.27    0.00    0.00    4.08    0.00    0.00    0.00   39.80

12:19:26 PM  CPU    %usr   %nice    %sys %iowait    %irq   %soft  %steal  %guest  %gnice   %idle
12:19:27 PM    0   43.00    0.00   12.00    0.00    0.00    4.00    0.00    0.00    0.00   41.00

12:19:27 PM  CPU    %usr   %nice    %sys %iowait    %irq   %soft  %steal  %guest  %gnice   %idle
12:19:28 PM    0   40.62    0.00   14.58    0.00    0.00    3.12    0.00    0.00    0.00   41.67

12:19:28 PM  CPU    %usr   %nice    %sys %iowait    %irq   %soft  %steal  %guest  %gnice   %idle
12:19:29 PM    0   37.37    0.00   14.14    0.00    0.00    7.07    0.00    0.00    0.00   41.41

12:19:29 PM  CPU    %usr   %nice    %sys %iowait    %irq   %soft  %steal  %guest  %gnice   %idle
12:19:30 PM    0   38.00    0.00   17.00    0.00    0.00    4.00    0.00    0.00    0.00   41.00

12:19:30 PM  CPU    %usr   %nice    %sys %iowait    %irq   %soft  %steal  %guest  %gnice   %idle
12:19:31 PM    0   39.00    0.00   17.00    0.00    0.00    3.00    0.00    0.00    0.00   41.00

12:19:31 PM  CPU    %usr   %nice    %sys %iowait    %irq   %soft  %steal  %guest  %gnice   %idle
12:19:32 PM    0   40.40    0.00   16.16    0.00    0.00    2.02    0.00    0.00    0.00   41.41

12:19:32 PM  CPU    %usr   %nice    %sys %iowait    %irq   %soft  %steal  %guest  %gnice   %idle
12:19:33 PM    0   39.00    0.00   16.00    0.00    0.00    4.00    0.00    0.00    0.00   41.00

12:19:33 PM  CPU    %usr   %nice    %sys %iowait    %irq   %soft  %steal  %guest  %gnice   %idle
12:19:34 PM    0   39.18    0.00   15.46    0.00    0.00    3.09    0.00    0.00    0.00   42.27

12:19:34 PM  CPU    %usr   %nice    %sys %iowait    %irq   %soft  %steal  %guest  %gnice   %idle
12:19:35 PM    0   42.57    0.00   14.85    0.00    0.00    2.97    0.00    0.00    0.00   39.60

12:19:35 PM  CPU    %usr   %nice    %sys %iowait    %irq   %soft  %steal  %guest  %gnice   %idle
12:19:36 PM    0   39.39    0.00   16.16    0.00    0.00    4.04    0.00    0.00    0.00   40.40

12:19:36 PM  CPU    %usr   %nice    %sys %iowait    %irq   %soft  %steal  %guest  %gnice   %idle
12:19:37 PM    0   41.58    0.00   13.86    0.00    0.00    3.96    0.00    0.00    0.00   40.59

12:19:37 PM  CPU    %usr   %nice    %sys %iowait    %irq   %soft  %steal  %guest  %gnice   %idle
12:19:38 PM    0   37.00    0.00   16.00    0.00    0.00    6.00    0.00    0.00    0.00   41.00

12:19:38 PM  CPU    %usr   %nice    %sys %iowait    %irq   %soft  %steal  %guest  %gnice   %idle
12:19:39 PM    0   38.95    0.00   15.79    0.00    0.00    3.16    0.00    0.00    0.00   42.11

12:19:39 PM  CPU    %usr   %nice    %sys %iowait    %irq   %soft  %steal  %guest  %gnice   %idle
12:19:40 PM    0   35.71    0.00   21.43    0.00    0.00    2.04    0.00    0.00    0.00   40.82

12:19:40 PM  CPU    %usr   %nice    %sys %iowait    %irq   %soft  %steal  %guest  %gnice   %idle
12:19:41 PM    0   40.59    0.00   17.82    0.00    0.00    2.97    0.00    0.00    0.00   38.61

12:19:41 PM  CPU    %usr   %nice    %sys %iowait    %irq   %soft  %steal  %guest  %gnice   %idle
12:19:42 PM    0   39.18    0.00   16.49    0.00    0.00    3.09    0.00    0.00    0.00   41.24

12:19:42 PM  CPU    %usr   %nice    %sys %iowait    %irq   %soft  %steal  %guest  %gnice   %idle
12:19:43 PM    0   42.42    0.00   15.15    0.00    0.00    1.01    0.00    0.00    0.00   41.41

12:19:43 PM  CPU    %usr   %nice    %sys %iowait    %irq   %soft  %steal  %guest  %gnice   %idle
12:19:44 PM    0   41.41    0.00   15.15    0.00    0.00    3.03    0.00    0.00    0.00   40.40

12:19:44 PM  CPU    %usr   %nice    %sys %iowait    %irq   %soft  %steal  %guest  %gnice   %idle
12:19:45 PM    0   38.61    0.00   13.86    0.00    0.00    5.94    0.00    0.00    0.00   41.58

Average:     CPU    %usr   %nice    %sys %iowait    %irq   %soft  %steal  %guest  %gnice   %idle
Average:       0   39.34    0.00   15.57    0.00    0.00    3.91    0.00    0.00    0.00   41.18
