Linux 5.3.0-61-generic (cw-zenbook) 	07/16/2020 	_x86_64_	(8 CPU)

02:05:05 PM  CPU    %usr   %nice    %sys %iowait    %irq   %soft  %steal  %guest  %gnice   %idle
02:05:06 PM    0   23.23    0.00   11.11    0.00    0.00    4.04    0.00    0.00    0.00   61.62

02:05:06 PM  CPU    %usr   %nice    %sys %iowait    %irq   %soft  %steal  %guest  %gnice   %idle
02:05:07 PM    0   26.53    0.00    9.18    0.00    0.00    3.06    0.00    0.00    0.00   61.22

02:05:07 PM  CPU    %usr   %nice    %sys %iowait    %irq   %soft  %steal  %guest  %gnice   %idle
02:05:08 PM    0   25.00    0.00   11.00    0.00    0.00    4.00    0.00    0.00    0.00   60.00

02:05:08 PM  CPU    %usr   %nice    %sys %iowait    %irq   %soft  %steal  %guest  %gnice   %idle
02:05:09 PM    0   25.51    0.00   10.20    0.00    0.00    2.04    0.00    0.00    0.00   62.24

02:05:09 PM  CPU    %usr   %nice    %sys %iowait    %irq   %soft  %steal  %guest  %gnice   %idle
02:05:10 PM    0   26.47    0.00   11.76    0.00    0.00    2.94    0.00    0.00    0.00   58.82

02:05:10 PM  CPU    %usr   %nice    %sys %iowait    %irq   %soft  %steal  %guest  %gnice   %idle
02:05:11 PM    0   25.74    0.00    8.91    0.00    0.00    4.95    0.00    0.00    0.00   60.40

02:05:11 PM  CPU    %usr   %nice    %sys %iowait    %irq   %soft  %steal  %guest  %gnice   %idle
02:05:12 PM    0   26.00    0.00   10.00    0.00    0.00    4.00    0.00    0.00    0.00   60.00

02:05:12 PM  CPU    %usr   %nice    %sys %iowait    %irq   %soft  %steal  %guest  %gnice   %idle
02:05:13 PM    0   28.71    0.00    9.90    0.00    0.00    1.98    0.00    0.00    0.00   59.41

02:05:13 PM  CPU    %usr   %nice    %sys %iowait    %irq   %soft  %steal  %guest  %gnice   %idle
02:05:14 PM    0   24.74    0.00   11.34    0.00    0.00    2.06    0.00    0.00    0.00   61.86

02:05:14 PM  CPU    %usr   %nice    %sys %iowait    %irq   %soft  %steal  %guest  %gnice   %idle
02:05:15 PM    0   27.27    0.00   11.11    0.00    0.00    1.01    0.00    0.00    0.00   60.61

02:05:15 PM  CPU    %usr   %nice    %sys %iowait    %irq   %soft  %steal  %guest  %gnice   %idle
02:05:16 PM    0   26.73    0.00    9.90    0.00    0.00    3.96    0.00    0.00    0.00   59.41

02:05:16 PM  CPU    %usr   %nice    %sys %iowait    %irq   %soft  %steal  %guest  %gnice   %idle
02:05:17 PM    0   24.00    0.00   12.00    0.00    0.00    4.00    0.00    0.00    0.00   60.00

02:05:17 PM  CPU    %usr   %nice    %sys %iowait    %irq   %soft  %steal  %guest  %gnice   %idle
02:05:18 PM    0   27.84    0.00    6.19    0.00    0.00    4.12    0.00    0.00    0.00   61.86

02:05:18 PM  CPU    %usr   %nice    %sys %iowait    %irq   %soft  %steal  %guest  %gnice   %idle
02:05:19 PM    0   29.81    0.00    8.65    0.00    0.00    3.85    0.00    0.00    0.00   57.69

02:05:19 PM  CPU    %usr   %nice    %sys %iowait    %irq   %soft  %steal  %guest  %gnice   %idle
02:05:20 PM    0   26.26    0.00   10.10    0.00    0.00    4.04    0.00    0.00    0.00   59.60

02:05:20 PM  CPU    %usr   %nice    %sys %iowait    %irq   %soft  %steal  %guest  %gnice   %idle
02:05:21 PM    0   23.96    0.00   11.46    2.08    0.00    4.17    0.00    0.00    0.00   58.33

02:05:21 PM  CPU    %usr   %nice    %sys %iowait    %irq   %soft  %steal  %guest  %gnice   %idle
02:05:22 PM    0   27.72    0.00    8.91    0.00    0.00    3.96    0.00    0.00    0.00   59.41

02:05:22 PM  CPU    %usr   %nice    %sys %iowait    %irq   %soft  %steal  %guest  %gnice   %idle
02:05:23 PM    0   27.27    0.00    6.06    0.00    0.00    5.05    0.00    0.00    0.00   61.62

02:05:23 PM  CPU    %usr   %nice    %sys %iowait    %irq   %soft  %steal  %guest  %gnice   %idle
02:05:24 PM    0   24.51    0.00   13.73    0.00    0.00    1.96    0.00    0.00    0.00   59.80

02:05:24 PM  CPU    %usr   %nice    %sys %iowait    %irq   %soft  %steal  %guest  %gnice   %idle
02:05:25 PM    0   23.23    0.00   11.11    0.00    0.00    3.03    0.00    0.00    0.00   62.63

02:05:25 PM  CPU    %usr   %nice    %sys %iowait    %irq   %soft  %steal  %guest  %gnice   %idle
02:05:26 PM    0   26.73    0.00    9.90    0.00    0.00    3.96    0.00    0.00    0.00   59.41

02:05:26 PM  CPU    %usr   %nice    %sys %iowait    %irq   %soft  %steal  %guest  %gnice   %idle
02:05:27 PM    0   25.00    0.00   10.00    0.00    0.00    5.00    0.00    0.00    0.00   60.00

02:05:27 PM  CPU    %usr   %nice    %sys %iowait    %irq   %soft  %steal  %guest  %gnice   %idle
02:05:28 PM    0   24.49    0.00   11.22    0.00    0.00    3.06    0.00    0.00    0.00   61.22

02:05:28 PM  CPU    %usr   %nice    %sys %iowait    %irq   %soft  %steal  %guest  %gnice   %idle
02:05:29 PM    0   27.72    0.00    9.90    0.00    0.00    2.97    0.00    0.00    0.00   59.41

02:05:29 PM  CPU    %usr   %nice    %sys %iowait    %irq   %soft  %steal  %guest  %gnice   %idle
02:05:30 PM    0   25.00    0.00   12.00    0.00    0.00    3.00    0.00    0.00    0.00   60.00

02:05:30 PM  CPU    %usr   %nice    %sys %iowait    %irq   %soft  %steal  %guest  %gnice   %idle
02:05:31 PM    0   25.74    0.00   10.89    0.00    0.00    2.97    0.00    0.00    0.00   60.40

02:05:31 PM  CPU    %usr   %nice    %sys %iowait    %irq   %soft  %steal  %guest  %gnice   %idle
02:05:32 PM    0   28.43    0.00    9.80    0.00    0.00    1.96    0.00    0.00    0.00   59.80

02:05:32 PM  CPU    %usr   %nice    %sys %iowait    %irq   %soft  %steal  %guest  %gnice   %idle
02:05:33 PM    0   23.23    0.00   14.14    0.00    0.00    3.03    0.00    0.00    0.00   59.60

02:05:33 PM  CPU    %usr   %nice    %sys %iowait    %irq   %soft  %steal  %guest  %gnice   %idle
02:05:34 PM    0   25.74    0.00   11.88    0.00    0.00    2.97    0.00    0.00    0.00   59.41

02:05:34 PM  CPU    %usr   %nice    %sys %iowait    %irq   %soft  %steal  %guest  %gnice   %idle
02:05:35 PM    0   27.00    0.00    9.00    0.00    0.00    3.00    0.00    0.00    0.00   61.00

02:05:35 PM  CPU    %usr   %nice    %sys %iowait    %irq   %soft  %steal  %guest  %gnice   %idle
02:05:36 PM    0   25.77    0.00   10.31    0.00    0.00    2.06    0.00    0.00    0.00   61.86

02:05:36 PM  CPU    %usr   %nice    %sys %iowait    %irq   %soft  %steal  %guest  %gnice   %idle
02:05:37 PM    0   25.24    0.00   12.62    0.00    0.00    2.91    0.00    0.00    0.00   59.22

02:05:37 PM  CPU    %usr   %nice    %sys %iowait    %irq   %soft  %steal  %guest  %gnice   %idle
02:05:38 PM    0   25.25    0.00   10.10    0.00    0.00    3.03    0.00    0.00    0.00   61.62

02:05:38 PM  CPU    %usr   %nice    %sys %iowait    %irq   %soft  %steal  %guest  %gnice   %idle
02:05:39 PM    0   26.47    0.00   10.78    0.00    0.00    3.92    0.00    0.00    0.00   58.82

02:05:39 PM  CPU    %usr   %nice    %sys %iowait    %irq   %soft  %steal  %guest  %gnice   %idle
02:05:40 PM    0   27.00    0.00    9.00    0.00    0.00    4.00    0.00    0.00    0.00   60.00

02:05:40 PM  CPU    %usr   %nice    %sys %iowait    %irq   %soft  %steal  %guest  %gnice   %idle
02:05:41 PM    0   25.25    0.00   12.12    0.00    0.00    2.02    0.00    0.00    0.00   60.61

02:05:41 PM  CPU    %usr   %nice    %sys %iowait    %irq   %soft  %steal  %guest  %gnice   %idle
02:05:42 PM    0   26.80    0.00    8.25    0.00    0.00    2.06    0.00    0.00    0.00   62.89

02:05:42 PM  CPU    %usr   %nice    %sys %iowait    %irq   %soft  %steal  %guest  %gnice   %idle
02:05:43 PM    0   27.45    0.00    9.80    0.00    0.00    2.94    0.00    0.00    0.00   59.80

02:05:43 PM  CPU    %usr   %nice    %sys %iowait    %irq   %soft  %steal  %guest  %gnice   %idle
02:05:44 PM    0   25.00    0.00   10.00    0.00    0.00    4.00    0.00    0.00    0.00   61.00

02:05:44 PM  CPU    %usr   %nice    %sys %iowait    %irq   %soft  %steal  %guest  %gnice   %idle
02:05:45 PM    0   26.73    0.00    9.90    0.00    0.00    2.97    0.00    0.00    0.00   60.40

02:05:45 PM  CPU    %usr   %nice    %sys %iowait    %irq   %soft  %steal  %guest  %gnice   %idle
02:05:46 PM    0   27.00    0.00   10.00    0.00    0.00    2.00    0.00    0.00    0.00   61.00

02:05:46 PM  CPU    %usr   %nice    %sys %iowait    %irq   %soft  %steal  %guest  %gnice   %idle
02:05:47 PM    0   28.00    0.00    7.00    0.00    0.00    4.00    0.00    0.00    0.00   61.00

02:05:47 PM  CPU    %usr   %nice    %sys %iowait    %irq   %soft  %steal  %guest  %gnice   %idle
02:05:48 PM    0   24.00    0.00   13.00    0.00    0.00    3.00    0.00    0.00    0.00   60.00

02:05:48 PM  CPU    %usr   %nice    %sys %iowait    %irq   %soft  %steal  %guest  %gnice   %idle
02:05:49 PM    0   25.74    0.00    9.90    0.00    0.00    4.95    0.00    0.00    0.00   59.41

02:05:49 PM  CPU    %usr   %nice    %sys %iowait    %irq   %soft  %steal  %guest  %gnice   %idle
02:05:50 PM    0   29.00    0.00    9.00    0.00    0.00    2.00    0.00    0.00    0.00   60.00

02:05:50 PM  CPU    %usr   %nice    %sys %iowait    %irq   %soft  %steal  %guest  %gnice   %idle
02:05:51 PM    0   23.71    0.00   11.34    0.00    0.00    3.09    0.00    0.00    0.00   61.86

02:05:51 PM  CPU    %usr   %nice    %sys %iowait    %irq   %soft  %steal  %guest  %gnice   %idle
02:05:52 PM    0   29.41    0.00    9.80    0.00    0.00    2.94    0.00    0.00    0.00   57.84

02:05:52 PM  CPU    %usr   %nice    %sys %iowait    %irq   %soft  %steal  %guest  %gnice   %idle
02:05:53 PM    0   28.28    0.00    6.06    0.00    0.00    4.04    0.00    0.00    0.00   61.62

02:05:53 PM  CPU    %usr   %nice    %sys %iowait    %irq   %soft  %steal  %guest  %gnice   %idle
02:05:54 PM    0   23.53    0.00   12.75    0.00    0.00    3.92    0.00    0.00    0.00   59.80

02:05:54 PM  CPU    %usr   %nice    %sys %iowait    %irq   %soft  %steal  %guest  %gnice   %idle
02:05:55 PM    0   25.25    0.00   10.10    0.00    0.00    4.04    0.00    0.00    0.00   60.61

02:05:55 PM  CPU    %usr   %nice    %sys %iowait    %irq   %soft  %steal  %guest  %gnice   %idle
02:05:56 PM    0   23.23    0.00   12.12    0.00    0.00    3.03    0.00    0.00    0.00   61.62

02:05:56 PM  CPU    %usr   %nice    %sys %iowait    %irq   %soft  %steal  %guest  %gnice   %idle
02:05:57 PM    0   23.23    0.00   13.13    0.00    0.00    3.03    0.00    0.00    0.00   60.61

02:05:57 PM  CPU    %usr   %nice    %sys %iowait    %irq   %soft  %steal  %guest  %gnice   %idle
02:05:58 PM    0   26.73    0.00    9.90    0.00    0.00    2.97    0.00    0.00    0.00   60.40

02:05:58 PM  CPU    %usr   %nice    %sys %iowait    %irq   %soft  %steal  %guest  %gnice   %idle
02:05:59 PM    0   24.75    0.00   13.86    0.00    0.00    1.98    0.00    0.00    0.00   59.41

02:05:59 PM  CPU    %usr   %nice    %sys %iowait    %irq   %soft  %steal  %guest  %gnice   %idle
02:06:00 PM    0   25.49    0.00   10.78    0.00    0.00    3.92    0.00    0.00    0.00   59.80

02:06:00 PM  CPU    %usr   %nice    %sys %iowait    %irq   %soft  %steal  %guest  %gnice   %idle
02:06:01 PM    0   25.00    0.00   10.00    0.00    0.00    5.00    0.00    0.00    0.00   60.00

02:06:01 PM  CPU    %usr   %nice    %sys %iowait    %irq   %soft  %steal  %guest  %gnice   %idle
02:06:02 PM    0   22.00    0.00   14.00    0.00    0.00    4.00    0.00    0.00    0.00   60.00

02:06:02 PM  CPU    %usr   %nice    %sys %iowait    %irq   %soft  %steal  %guest  %gnice   %idle
02:06:03 PM    0   26.00    0.00    8.00    0.00    0.00    6.00    0.00    0.00    0.00   60.00

02:06:03 PM  CPU    %usr   %nice    %sys %iowait    %irq   %soft  %steal  %guest  %gnice   %idle
02:06:04 PM    0   27.55    0.00    8.16    0.00    0.00    2.04    0.00    0.00    0.00   62.24

02:06:04 PM  CPU    %usr   %nice    %sys %iowait    %irq   %soft  %steal  %guest  %gnice   %idle
02:06:05 PM    0   24.75    0.00   12.87    0.00    0.00    0.99    0.00    0.00    0.00   61.39

02:06:05 PM  CPU    %usr   %nice    %sys %iowait    %irq   %soft  %steal  %guest  %gnice   %idle
02:06:06 PM    0   23.00    0.00   12.00    0.00    0.00    4.00    0.00    0.00    0.00   61.00

02:06:06 PM  CPU    %usr   %nice    %sys %iowait    %irq   %soft  %steal  %guest  %gnice   %idle
02:06:07 PM    0   28.00    0.00    8.00    0.00    0.00    3.00    0.00    0.00    0.00   61.00

02:06:07 PM  CPU    %usr   %nice    %sys %iowait    %irq   %soft  %steal  %guest  %gnice   %idle
02:06:08 PM    0   26.73    0.00   10.89    0.00    0.00    1.98    0.00    0.00    0.00   60.40

02:06:08 PM  CPU    %usr   %nice    %sys %iowait    %irq   %soft  %steal  %guest  %gnice   %idle
02:06:09 PM    0   22.92    0.00   11.46    0.00    0.00    3.12    0.00    0.00    0.00   62.50

02:06:09 PM  CPU    %usr   %nice    %sys %iowait    %irq   %soft  %steal  %guest  %gnice   %idle
02:06:10 PM    0   24.74    0.00    9.28    0.00    0.00    3.09    0.00    0.00    0.00   62.89

02:06:10 PM  CPU    %usr   %nice    %sys %iowait    %irq   %soft  %steal  %guest  %gnice   %idle
02:06:11 PM    0   25.51    0.00   10.20    0.00    0.00    2.04    0.00    0.00    0.00   62.24

02:06:11 PM  CPU    %usr   %nice    %sys %iowait    %irq   %soft  %steal  %guest  %gnice   %idle
02:06:12 PM    0   24.75    0.00   10.89    0.00    0.00    3.96    0.00    0.00    0.00   60.40

02:06:12 PM  CPU    %usr   %nice    %sys %iowait    %irq   %soft  %steal  %guest  %gnice   %idle
02:06:13 PM    0   25.25    0.00   10.10    0.00    0.00    3.03    0.00    0.00    0.00   61.62

02:06:13 PM  CPU    %usr   %nice    %sys %iowait    %irq   %soft  %steal  %guest  %gnice   %idle
02:06:14 PM    0   23.71    0.00   11.34    0.00    0.00    3.09    0.00    0.00    0.00   61.86

02:06:14 PM  CPU    %usr   %nice    %sys %iowait    %irq   %soft  %steal  %guest  %gnice   %idle
02:06:15 PM    0   24.00    0.00   12.00    0.00    0.00    3.00    0.00    0.00    0.00   61.00

02:06:15 PM  CPU    %usr   %nice    %sys %iowait    %irq   %soft  %steal  %guest  %gnice   %idle
02:06:16 PM    0   30.30    0.00    7.07    0.00    0.00    2.02    0.00    0.00    0.00   60.61

02:06:16 PM  CPU    %usr   %nice    %sys %iowait    %irq   %soft  %steal  %guest  %gnice   %idle
02:06:17 PM    0   26.26    0.00   12.12    0.00    0.00    1.01    0.00    0.00    0.00   60.61

02:06:17 PM  CPU    %usr   %nice    %sys %iowait    %irq   %soft  %steal  %guest  %gnice   %idle
02:06:18 PM    0   27.00    0.00   10.00    0.00    0.00    2.00    0.00    0.00    0.00   61.00

02:06:18 PM  CPU    %usr   %nice    %sys %iowait    %irq   %soft  %steal  %guest  %gnice   %idle
02:06:19 PM    0   27.27    0.00    8.08    0.00    0.00    4.04    0.00    0.00    0.00   60.61

02:06:19 PM  CPU    %usr   %nice    %sys %iowait    %irq   %soft  %steal  %guest  %gnice   %idle
02:06:20 PM    0   26.00    0.00   13.00    0.00    0.00    1.00    0.00    0.00    0.00   60.00

02:06:20 PM  CPU    %usr   %nice    %sys %iowait    %irq   %soft  %steal  %guest  %gnice   %idle
02:06:21 PM    0   25.25    0.00   11.11    0.00    0.00    3.03    0.00    0.00    0.00   60.61

02:06:21 PM  CPU    %usr   %nice    %sys %iowait    %irq   %soft  %steal  %guest  %gnice   %idle
02:06:22 PM    0   26.26    0.00    9.09    0.00    0.00    4.04    0.00    0.00    0.00   60.61

02:06:22 PM  CPU    %usr   %nice    %sys %iowait    %irq   %soft  %steal  %guest  %gnice   %idle
02:06:23 PM    0   26.73    0.00    9.90    0.00    0.00    2.97    0.00    0.00    0.00   60.40

02:06:23 PM  CPU    %usr   %nice    %sys %iowait    %irq   %soft  %steal  %guest  %gnice   %idle
02:06:24 PM    0   21.43    0.00   13.27    0.00    0.00    3.06    0.00    0.00    0.00   62.24

02:06:24 PM  CPU    %usr   %nice    %sys %iowait    %irq   %soft  %steal  %guest  %gnice   %idle
02:06:25 PM    0   24.24    0.00   12.12    0.00    0.00    2.02    0.00    0.00    0.00   61.62

02:06:25 PM  CPU    %usr   %nice    %sys %iowait    %irq   %soft  %steal  %guest  %gnice   %idle
02:06:26 PM    0   23.23    0.00   12.12    0.00    0.00    4.04    0.00    0.00    0.00   60.61

02:06:26 PM  CPU    %usr   %nice    %sys %iowait    %irq   %soft  %steal  %guest  %gnice   %idle
02:06:27 PM    0   24.49    0.00   10.20    0.00    0.00    4.08    0.00    0.00    0.00   61.22

02:06:27 PM  CPU    %usr   %nice    %sys %iowait    %irq   %soft  %steal  %guest  %gnice   %idle
02:06:28 PM    0   25.00    0.00   10.00    0.00    0.00    4.00    0.00    0.00    0.00   61.00

02:06:28 PM  CPU    %usr   %nice    %sys %iowait    %irq   %soft  %steal  %guest  %gnice   %idle
02:06:29 PM    0   26.73    0.00   10.89    0.00    0.00    1.98    0.00    0.00    0.00   60.40

02:06:29 PM  CPU    %usr   %nice    %sys %iowait    %irq   %soft  %steal  %guest  %gnice   %idle
02:06:30 PM    0   26.26    0.00   10.10    0.00    0.00    2.02    0.00    0.00    0.00   61.62

02:06:30 PM  CPU    %usr   %nice    %sys %iowait    %irq   %soft  %steal  %guest  %gnice   %idle
02:06:31 PM    0   22.45    0.00    9.18    0.00    0.00    5.10    0.00    0.00    0.00   63.27

02:06:31 PM  CPU    %usr   %nice    %sys %iowait    %irq   %soft  %steal  %guest  %gnice   %idle
02:06:32 PM    0   26.47    0.00    9.80    0.00    0.00    4.90    0.00    0.00    0.00   58.82

02:06:32 PM  CPU    %usr   %nice    %sys %iowait    %irq   %soft  %steal  %guest  %gnice   %idle
02:06:33 PM    0   23.23    0.00   14.14    0.00    0.00    2.02    0.00    0.00    0.00   60.61

02:06:33 PM  CPU    %usr   %nice    %sys %iowait    %irq   %soft  %steal  %guest  %gnice   %idle
02:06:34 PM    0   26.26    0.00    8.08    0.00    0.00    4.04    0.00    0.00    0.00   61.62

02:06:34 PM  CPU    %usr   %nice    %sys %iowait    %irq   %soft  %steal  %guest  %gnice   %idle
02:06:35 PM    0   26.53    0.00   10.20    0.00    0.00    2.04    0.00    0.00    0.00   61.22

02:06:35 PM  CPU    %usr   %nice    %sys %iowait    %irq   %soft  %steal  %guest  %gnice   %idle
02:06:36 PM    0   26.21    0.00   10.68    0.00    0.00    3.88    0.00    0.00    0.00   59.22

02:06:36 PM  CPU    %usr   %nice    %sys %iowait    %irq   %soft  %steal  %guest  %gnice   %idle
02:06:37 PM    0   25.25    0.00   11.11    0.00    0.00    2.02    0.00    0.00    0.00   61.62

02:06:37 PM  CPU    %usr   %nice    %sys %iowait    %irq   %soft  %steal  %guest  %gnice   %idle
02:06:38 PM    0   24.24    0.00   10.10    0.00    0.00    4.04    0.00    0.00    0.00   61.62

02:06:38 PM  CPU    %usr   %nice    %sys %iowait    %irq   %soft  %steal  %guest  %gnice   %idle
02:06:39 PM    0   24.49    0.00    8.16    0.00    0.00    5.10    0.00    0.00    0.00   62.24

02:06:39 PM  CPU    %usr   %nice    %sys %iowait    %irq   %soft  %steal  %guest  %gnice   %idle
02:06:40 PM    0   27.18    0.00   10.68    0.00    0.00    2.91    0.00    0.00    0.00   59.22

02:06:40 PM  CPU    %usr   %nice    %sys %iowait    %irq   %soft  %steal  %guest  %gnice   %idle
02:06:41 PM    0   24.74    0.00   10.31    0.00    0.00    3.09    0.00    0.00    0.00   61.86

02:06:41 PM  CPU    %usr   %nice    %sys %iowait    %irq   %soft  %steal  %guest  %gnice   %idle
02:06:42 PM    0   23.00    0.00   14.00    0.00    0.00    3.00    0.00    0.00    0.00   60.00

02:06:42 PM  CPU    %usr   %nice    %sys %iowait    %irq   %soft  %steal  %guest  %gnice   %idle
02:06:43 PM    0   29.00    0.00    7.00    0.00    0.00    3.00    0.00    0.00    0.00   61.00

02:06:43 PM  CPU    %usr   %nice    %sys %iowait    %irq   %soft  %steal  %guest  %gnice   %idle
02:06:44 PM    0   24.00    0.00   12.00    0.00    0.00    3.00    0.00    0.00    0.00   61.00

02:06:44 PM  CPU    %usr   %nice    %sys %iowait    %irq   %soft  %steal  %guest  %gnice   %idle
02:06:45 PM    0   24.21    0.00    8.42    0.00    0.00    3.16    0.00    0.00    0.00   64.21

02:06:45 PM  CPU    %usr   %nice    %sys %iowait    %irq   %soft  %steal  %guest  %gnice   %idle
02:06:46 PM    0   21.78    0.00   14.85    0.00    0.00    2.97    0.00    0.00    0.00   60.40

02:06:46 PM  CPU    %usr   %nice    %sys %iowait    %irq   %soft  %steal  %guest  %gnice   %idle
02:06:47 PM    0   26.00    0.00   10.00    0.00    0.00    3.00    0.00    0.00    0.00   61.00

02:06:47 PM  CPU    %usr   %nice    %sys %iowait    %irq   %soft  %steal  %guest  %gnice   %idle
02:06:48 PM    0   22.22    0.00   13.13    0.00    0.00    2.02    0.00    0.00    0.00   62.63

02:06:48 PM  CPU    %usr   %nice    %sys %iowait    %irq   %soft  %steal  %guest  %gnice   %idle
02:06:49 PM    0   26.00    0.00   11.00    0.00    0.00    3.00    0.00    0.00    0.00   60.00

02:06:49 PM  CPU    %usr   %nice    %sys %iowait    %irq   %soft  %steal  %guest  %gnice   %idle
02:06:50 PM    0   23.00    0.00   15.00    0.00    0.00    1.00    0.00    0.00    0.00   61.00

02:06:50 PM  CPU    %usr   %nice    %sys %iowait    %irq   %soft  %steal  %guest  %gnice   %idle
02:06:51 PM    0   22.92    0.00   14.58    0.00    0.00    1.04    0.00    0.00    0.00   61.46

02:06:51 PM  CPU    %usr   %nice    %sys %iowait    %irq   %soft  %steal  %guest  %gnice   %idle
02:06:52 PM    0   23.00    0.00   13.00    0.00    0.00    4.00    0.00    0.00    0.00   60.00

02:06:52 PM  CPU    %usr   %nice    %sys %iowait    %irq   %soft  %steal  %guest  %gnice   %idle
02:06:53 PM    0   28.16    0.00   10.68    0.00    0.00    2.91    0.00    0.00    0.00   58.25

02:06:53 PM  CPU    %usr   %nice    %sys %iowait    %irq   %soft  %steal  %guest  %gnice   %idle
02:06:54 PM    0   23.47    0.00   10.20    0.00    0.00    5.10    0.00    0.00    0.00   61.22

02:06:54 PM  CPU    %usr   %nice    %sys %iowait    %irq   %soft  %steal  %guest  %gnice   %idle
02:06:55 PM    0   27.00    0.00   10.00    0.00    0.00    2.00    0.00    0.00    0.00   61.00

02:06:55 PM  CPU    %usr   %nice    %sys %iowait    %irq   %soft  %steal  %guest  %gnice   %idle
02:06:56 PM    0   24.75    0.00   11.88    0.00    0.00    2.97    0.00    0.00    0.00   60.40

02:06:56 PM  CPU    %usr   %nice    %sys %iowait    %irq   %soft  %steal  %guest  %gnice   %idle
02:06:57 PM    0   27.27    0.00    8.08    0.00    0.00    3.03    0.00    0.00    0.00   61.62

02:06:57 PM  CPU    %usr   %nice    %sys %iowait    %irq   %soft  %steal  %guest  %gnice   %idle
02:06:58 PM    0   22.68    0.00   12.37    0.00    0.00    2.06    0.00    0.00    0.00   62.89

02:06:58 PM  CPU    %usr   %nice    %sys %iowait    %irq   %soft  %steal  %guest  %gnice   %idle
02:06:59 PM    0   25.74    0.00   10.89    0.00    0.00    2.97    0.00    0.00    0.00   60.40

02:06:59 PM  CPU    %usr   %nice    %sys %iowait    %irq   %soft  %steal  %guest  %gnice   %idle
02:07:00 PM    0   29.00    0.00    7.00    0.00    0.00    4.00    0.00    0.00    0.00   60.00

02:07:00 PM  CPU    %usr   %nice    %sys %iowait    %irq   %soft  %steal  %guest  %gnice   %idle
02:07:01 PM    0   24.51    0.00   12.75    0.00    0.00    2.94    0.00    0.00    0.00   59.80

02:07:01 PM  CPU    %usr   %nice    %sys %iowait    %irq   %soft  %steal  %guest  %gnice   %idle
02:07:02 PM    0   26.80    0.00    9.28    0.00    0.00    2.06    0.00    0.00    0.00   61.86

02:07:02 PM  CPU    %usr   %nice    %sys %iowait    %irq   %soft  %steal  %guest  %gnice   %idle
02:07:03 PM    0   25.74    0.00   11.88    0.00    0.00    1.98    0.00    0.00    0.00   60.40

02:07:03 PM  CPU    %usr   %nice    %sys %iowait    %irq   %soft  %steal  %guest  %gnice   %idle
02:07:04 PM    0   22.45    0.00   11.22    0.00    0.00    4.08    0.00    0.00    0.00   62.24

02:07:04 PM  CPU    %usr   %nice    %sys %iowait    %irq   %soft  %steal  %guest  %gnice   %idle
02:07:05 PM    0   27.27    0.00    9.09    0.00    0.00    3.03    0.00    0.00    0.00   60.61

Average:     CPU    %usr   %nice    %sys %iowait    %irq   %soft  %steal  %guest  %gnice   %idle
Average:       0   25.56    0.00   10.60    0.02    0.00    3.14    0.00    0.00    0.00   60.69
