Linux 5.3.0-61-generic (cw-zenbook) 	07/16/2020 	_x86_64_	(8 CPU)

01:17:57 PM  CPU    %usr   %nice    %sys %iowait    %irq   %soft  %steal  %guest  %gnice   %idle
01:17:58 PM    0   61.76    0.00   28.43    0.00    0.00    7.84    0.00    0.00    0.00    1.96

01:17:58 PM  CPU    %usr   %nice    %sys %iowait    %irq   %soft  %steal  %guest  %gnice   %idle
01:17:59 PM    0   67.00    0.00   24.00    0.00    0.00    7.00    0.00    0.00    0.00    2.00

01:17:59 PM  CPU    %usr   %nice    %sys %iowait    %irq   %soft  %steal  %guest  %gnice   %idle
01:18:00 PM    0   64.65    0.00   25.25    0.00    0.00    5.05    0.00    0.00    0.00    5.05

01:18:00 PM  CPU    %usr   %nice    %sys %iowait    %irq   %soft  %steal  %guest  %gnice   %idle
01:18:01 PM    0   63.00    0.00   28.00    0.00    0.00    6.00    0.00    0.00    0.00    3.00

01:18:01 PM  CPU    %usr   %nice    %sys %iowait    %irq   %soft  %steal  %guest  %gnice   %idle
01:18:02 PM    0   68.00    0.00   21.00    0.00    0.00    8.00    0.00    0.00    0.00    3.00

01:18:02 PM  CPU    %usr   %nice    %sys %iowait    %irq   %soft  %steal  %guest  %gnice   %idle
01:18:03 PM    0   65.00    0.00   25.00    0.00    0.00    6.00    0.00    0.00    0.00    4.00

01:18:03 PM  CPU    %usr   %nice    %sys %iowait    %irq   %soft  %steal  %guest  %gnice   %idle
01:18:04 PM    0   69.31    0.00   19.80    0.00    0.00    5.94    0.00    0.00    0.00    4.95

01:18:04 PM  CPU    %usr   %nice    %sys %iowait    %irq   %soft  %steal  %guest  %gnice   %idle
01:18:05 PM    0   62.63    0.00   25.25    0.00    0.00    6.06    0.00    0.00    0.00    6.06

01:18:05 PM  CPU    %usr   %nice    %sys %iowait    %irq   %soft  %steal  %guest  %gnice   %idle
01:18:06 PM    0   66.34    0.00   25.74    0.00    0.00    3.96    0.00    0.00    0.00    3.96

01:18:06 PM  CPU    %usr   %nice    %sys %iowait    %irq   %soft  %steal  %guest  %gnice   %idle
01:18:07 PM    0   65.31    0.00   24.49    0.00    0.00    7.14    0.00    0.00    0.00    3.06

01:18:07 PM  CPU    %usr   %nice    %sys %iowait    %irq   %soft  %steal  %guest  %gnice   %idle
01:18:08 PM    0   65.66    0.00   29.29    0.00    0.00    4.04    0.00    0.00    0.00    1.01

01:18:08 PM  CPU    %usr   %nice    %sys %iowait    %irq   %soft  %steal  %guest  %gnice   %idle
01:18:09 PM    0   68.69    0.00   20.20    0.00    0.00    8.08    0.00    0.00    0.00    3.03

01:18:09 PM  CPU    %usr   %nice    %sys %iowait    %irq   %soft  %steal  %guest  %gnice   %idle
01:18:10 PM    0   67.68    0.00   22.22    0.00    0.00    7.07    0.00    0.00    0.00    3.03

01:18:10 PM  CPU    %usr   %nice    %sys %iowait    %irq   %soft  %steal  %guest  %gnice   %idle
01:18:11 PM    0   69.70    0.00   23.23    0.00    0.00    5.05    0.00    0.00    0.00    2.02

01:18:11 PM  CPU    %usr   %nice    %sys %iowait    %irq   %soft  %steal  %guest  %gnice   %idle
01:18:12 PM    0   62.38    0.00   29.70    0.00    0.00    5.94    0.00    0.00    0.00    1.98

01:18:12 PM  CPU    %usr   %nice    %sys %iowait    %irq   %soft  %steal  %guest  %gnice   %idle
01:18:13 PM    0   62.38    0.00   30.69    0.00    0.00    5.94    0.00    0.00    0.00    0.99

01:18:13 PM  CPU    %usr   %nice    %sys %iowait    %irq   %soft  %steal  %guest  %gnice   %idle
01:18:14 PM    0   71.00    0.00   23.00    0.00    0.00    5.00    0.00    0.00    0.00    1.00

01:18:14 PM  CPU    %usr   %nice    %sys %iowait    %irq   %soft  %steal  %guest  %gnice   %idle
01:18:15 PM    0   68.00    0.00   25.00    0.00    0.00    4.00    0.00    0.00    0.00    3.00

01:18:15 PM  CPU    %usr   %nice    %sys %iowait    %irq   %soft  %steal  %guest  %gnice   %idle
01:18:16 PM    0   65.69    0.00   21.57    0.00    0.00    7.84    0.00    0.00    0.00    4.90

01:18:16 PM  CPU    %usr   %nice    %sys %iowait    %irq   %soft  %steal  %guest  %gnice   %idle
01:18:17 PM    0   66.67    0.00   22.22    0.00    0.00    7.07    0.00    0.00    0.00    4.04

01:18:17 PM  CPU    %usr   %nice    %sys %iowait    %irq   %soft  %steal  %guest  %gnice   %idle
01:18:18 PM    0   66.00    0.00   27.00    0.00    0.00    4.00    0.00    0.00    0.00    3.00

01:18:18 PM  CPU    %usr   %nice    %sys %iowait    %irq   %soft  %steal  %guest  %gnice   %idle
01:18:19 PM    0   57.58    0.00   31.31    0.00    0.00    8.08    0.00    0.00    0.00    3.03

01:18:19 PM  CPU    %usr   %nice    %sys %iowait    %irq   %soft  %steal  %guest  %gnice   %idle
01:18:20 PM    0   69.31    0.00   24.75    0.00    0.00    3.96    0.00    0.00    0.00    1.98

01:18:20 PM  CPU    %usr   %nice    %sys %iowait    %irq   %soft  %steal  %guest  %gnice   %idle
01:18:21 PM    0   64.00    0.00   25.00    0.00    0.00    9.00    0.00    0.00    0.00    2.00

01:18:21 PM  CPU    %usr   %nice    %sys %iowait    %irq   %soft  %steal  %guest  %gnice   %idle
01:18:22 PM    0   63.64    0.00   26.26    0.00    0.00    8.08    0.00    0.00    0.00    2.02

01:18:22 PM  CPU    %usr   %nice    %sys %iowait    %irq   %soft  %steal  %guest  %gnice   %idle
01:18:23 PM    0   65.69    0.00   24.51    0.00    0.00    5.88    0.00    0.00    0.00    3.92

01:18:23 PM  CPU    %usr   %nice    %sys %iowait    %irq   %soft  %steal  %guest  %gnice   %idle
01:18:24 PM    0   68.00    0.00   27.00    0.00    0.00    4.00    0.00    0.00    0.00    1.00

01:18:24 PM  CPU    %usr   %nice    %sys %iowait    %irq   %soft  %steal  %guest  %gnice   %idle
01:18:25 PM    0   68.00    0.00   22.00    0.00    0.00    7.00    0.00    0.00    0.00    3.00

01:18:25 PM  CPU    %usr   %nice    %sys %iowait    %irq   %soft  %steal  %guest  %gnice   %idle
01:18:26 PM    0   64.65    0.00   26.26    0.00    0.00    6.06    0.00    0.00    0.00    3.03

01:18:26 PM  CPU    %usr   %nice    %sys %iowait    %irq   %soft  %steal  %guest  %gnice   %idle
01:18:27 PM    0   71.00    0.00   21.00    0.00    0.00    5.00    0.00    0.00    0.00    3.00

01:18:27 PM  CPU    %usr   %nice    %sys %iowait    %irq   %soft  %steal  %guest  %gnice   %idle
01:18:28 PM    0   62.63    0.00   25.25    0.00    0.00    8.08    0.00    0.00    0.00    4.04

01:18:28 PM  CPU    %usr   %nice    %sys %iowait    %irq   %soft  %steal  %guest  %gnice   %idle
01:18:29 PM    0   66.34    0.00   25.74    0.00    0.00    3.96    0.00    0.00    0.00    3.96

01:18:29 PM  CPU    %usr   %nice    %sys %iowait    %irq   %soft  %steal  %guest  %gnice   %idle
01:18:30 PM    0   62.24    0.00   30.61    0.00    0.00    4.08    0.00    0.00    0.00    3.06

01:18:30 PM  CPU    %usr   %nice    %sys %iowait    %irq   %soft  %steal  %guest  %gnice   %idle
01:18:31 PM    0   66.34    0.00   26.73    0.00    0.00    5.94    0.00    0.00    0.00    0.99

01:18:31 PM  CPU    %usr   %nice    %sys %iowait    %irq   %soft  %steal  %guest  %gnice   %idle
01:18:32 PM    0   66.00    0.00   24.00    0.00    0.00    6.00    0.00    0.00    0.00    4.00

01:18:32 PM  CPU    %usr   %nice    %sys %iowait    %irq   %soft  %steal  %guest  %gnice   %idle
01:18:33 PM    0   70.41    0.00   22.45    0.00    0.00    3.06    0.00    0.00    0.00    4.08

01:18:33 PM  CPU    %usr   %nice    %sys %iowait    %irq   %soft  %steal  %guest  %gnice   %idle
01:18:34 PM    0   65.66    0.00   25.25    0.00    0.00    5.05    0.00    0.00    0.00    4.04

01:18:34 PM  CPU    %usr   %nice    %sys %iowait    %irq   %soft  %steal  %guest  %gnice   %idle
01:18:35 PM    0   66.34    0.00   25.74    0.00    0.00    4.95    0.00    0.00    0.00    2.97

01:18:35 PM  CPU    %usr   %nice    %sys %iowait    %irq   %soft  %steal  %guest  %gnice   %idle
01:18:36 PM    0   64.36    0.00   23.76    0.00    0.00    7.92    0.00    0.00    0.00    3.96

01:18:36 PM  CPU    %usr   %nice    %sys %iowait    %irq   %soft  %steal  %guest  %gnice   %idle
01:18:37 PM    0   61.22    0.00   27.55    0.00    0.00    7.14    0.00    0.00    0.00    4.08

01:18:37 PM  CPU    %usr   %nice    %sys %iowait    %irq   %soft  %steal  %guest  %gnice   %idle
01:18:38 PM    0   64.00    0.00   23.00    0.00    0.00    8.00    0.00    0.00    0.00    5.00

01:18:38 PM  CPU    %usr   %nice    %sys %iowait    %irq   %soft  %steal  %guest  %gnice   %idle
01:18:39 PM    0   61.00    0.00   29.00    0.00    0.00    6.00    0.00    0.00    0.00    4.00

01:18:39 PM  CPU    %usr   %nice    %sys %iowait    %irq   %soft  %steal  %guest  %gnice   %idle
01:18:40 PM    0   69.00    0.00   23.00    0.00    0.00    4.00    0.00    0.00    0.00    4.00

01:18:40 PM  CPU    %usr   %nice    %sys %iowait    %irq   %soft  %steal  %guest  %gnice   %idle
01:18:41 PM    0   68.69    0.00   22.22    0.00    0.00    5.05    0.00    0.00    0.00    4.04

01:18:41 PM  CPU    %usr   %nice    %sys %iowait    %irq   %soft  %steal  %guest  %gnice   %idle
01:18:42 PM    0   68.69    0.00   22.22    0.00    0.00    4.04    0.00    0.00    0.00    5.05

01:18:42 PM  CPU    %usr   %nice    %sys %iowait    %irq   %soft  %steal  %guest  %gnice   %idle
01:18:43 PM    0   66.00    0.00   27.00    0.00    0.00    3.00    0.00    0.00    0.00    4.00

01:18:43 PM  CPU    %usr   %nice    %sys %iowait    %irq   %soft  %steal  %guest  %gnice   %idle
01:18:44 PM    0   63.27    0.00   25.51    0.00    0.00    6.12    0.00    0.00    0.00    5.10

01:18:44 PM  CPU    %usr   %nice    %sys %iowait    %irq   %soft  %steal  %guest  %gnice   %idle
01:18:45 PM    0   62.24    0.00   24.49    0.00    0.00    9.18    0.00    0.00    0.00    4.08

01:18:45 PM  CPU    %usr   %nice    %sys %iowait    %irq   %soft  %steal  %guest  %gnice   %idle
01:18:46 PM    0   64.00    0.00   26.00    0.00    0.00    7.00    0.00    0.00    0.00    3.00

01:18:46 PM  CPU    %usr   %nice    %sys %iowait    %irq   %soft  %steal  %guest  %gnice   %idle
01:18:47 PM    0   62.38    0.00   23.76    0.00    0.00    8.91    0.00    0.00    0.00    4.95

01:18:47 PM  CPU    %usr   %nice    %sys %iowait    %irq   %soft  %steal  %guest  %gnice   %idle
01:18:48 PM    0   65.00    0.00   26.00    0.00    0.00    5.00    0.00    0.00    0.00    4.00

01:18:48 PM  CPU    %usr   %nice    %sys %iowait    %irq   %soft  %steal  %guest  %gnice   %idle
01:18:49 PM    0   67.33    0.00   23.76    0.00    0.00    3.96    0.00    0.00    0.00    4.95

01:18:49 PM  CPU    %usr   %nice    %sys %iowait    %irq   %soft  %steal  %guest  %gnice   %idle
01:18:50 PM    0   71.00    0.00   17.00    0.00    0.00    6.00    0.00    0.00    0.00    6.00

01:18:50 PM  CPU    %usr   %nice    %sys %iowait    %irq   %soft  %steal  %guest  %gnice   %idle
01:18:51 PM    0   60.40    0.00   26.73    0.00    0.00    7.92    0.00    0.00    0.00    4.95

01:18:51 PM  CPU    %usr   %nice    %sys %iowait    %irq   %soft  %steal  %guest  %gnice   %idle
01:18:52 PM    0   68.00    0.00   22.00    0.00    0.00    6.00    0.00    0.00    0.00    4.00

01:18:52 PM  CPU    %usr   %nice    %sys %iowait    %irq   %soft  %steal  %guest  %gnice   %idle
01:18:53 PM    0   67.68    0.00   19.19    0.00    0.00    8.08    0.00    0.00    0.00    5.05

01:18:53 PM  CPU    %usr   %nice    %sys %iowait    %irq   %soft  %steal  %guest  %gnice   %idle
01:18:54 PM    0   60.00    0.00   27.00    0.00    0.00    9.00    0.00    0.00    0.00    4.00

01:18:54 PM  CPU    %usr   %nice    %sys %iowait    %irq   %soft  %steal  %guest  %gnice   %idle
01:18:55 PM    0   62.75    0.00   24.51    0.00    0.00    7.84    0.00    0.00    0.00    4.90

01:18:55 PM  CPU    %usr   %nice    %sys %iowait    %irq   %soft  %steal  %guest  %gnice   %idle
01:18:56 PM    0   63.73    0.00   26.47    0.00    0.00    4.90    0.00    0.00    0.00    4.90

01:18:56 PM  CPU    %usr   %nice    %sys %iowait    %irq   %soft  %steal  %guest  %gnice   %idle
01:18:57 PM    0   62.63    0.00   26.26    0.00    0.00    6.06    0.00    0.00    0.00    5.05

01:18:57 PM  CPU    %usr   %nice    %sys %iowait    %irq   %soft  %steal  %guest  %gnice   %idle
01:18:58 PM    0   59.18    0.00   29.59    0.00    0.00    6.12    0.00    0.00    0.00    5.10

01:18:58 PM  CPU    %usr   %nice    %sys %iowait    %irq   %soft  %steal  %guest  %gnice   %idle
01:18:59 PM    0   65.00    0.00   23.00    0.00    0.00    8.00    0.00    0.00    0.00    4.00

01:18:59 PM  CPU    %usr   %nice    %sys %iowait    %irq   %soft  %steal  %guest  %gnice   %idle
01:19:00 PM    0   61.62    0.00   27.27    0.00    0.00    6.06    0.00    0.00    0.00    5.05

01:19:00 PM  CPU    %usr   %nice    %sys %iowait    %irq   %soft  %steal  %guest  %gnice   %idle
01:19:01 PM    0   62.38    0.00   28.71    0.00    0.00    5.94    0.00    0.00    0.00    2.97

01:19:01 PM  CPU    %usr   %nice    %sys %iowait    %irq   %soft  %steal  %guest  %gnice   %idle
01:19:02 PM    0   63.37    0.00   23.76    0.00    0.00    8.91    0.00    0.00    0.00    3.96

01:19:02 PM  CPU    %usr   %nice    %sys %iowait    %irq   %soft  %steal  %guest  %gnice   %idle
01:19:03 PM    0   63.37    0.00   26.73    0.00    0.00    5.94    0.00    0.00    0.00    3.96

01:19:03 PM  CPU    %usr   %nice    %sys %iowait    %irq   %soft  %steal  %guest  %gnice   %idle
01:19:04 PM    0   67.00    0.00   25.00    0.00    0.00    5.00    0.00    0.00    0.00    3.00

01:19:04 PM  CPU    %usr   %nice    %sys %iowait    %irq   %soft  %steal  %guest  %gnice   %idle
01:19:05 PM    0   65.66    0.00   28.28    0.00    0.00    3.03    0.00    0.00    0.00    3.03

01:19:05 PM  CPU    %usr   %nice    %sys %iowait    %irq   %soft  %steal  %guest  %gnice   %idle
01:19:06 PM    0   64.36    0.00   24.75    0.00    0.00    6.93    0.00    0.00    0.00    3.96

01:19:06 PM  CPU    %usr   %nice    %sys %iowait    %irq   %soft  %steal  %guest  %gnice   %idle
01:19:07 PM    0   61.62    0.00   27.27    0.00    0.00    6.06    0.00    0.00    0.00    5.05

01:19:07 PM  CPU    %usr   %nice    %sys %iowait    %irq   %soft  %steal  %guest  %gnice   %idle
01:19:08 PM    0   66.67    0.00   25.49    0.00    0.00    3.92    0.00    0.00    0.00    3.92

01:19:08 PM  CPU    %usr   %nice    %sys %iowait    %irq   %soft  %steal  %guest  %gnice   %idle
01:19:09 PM    0   67.68    0.00   24.24    0.00    0.00    6.06    0.00    0.00    0.00    2.02

01:19:09 PM  CPU    %usr   %nice    %sys %iowait    %irq   %soft  %steal  %guest  %gnice   %idle
01:19:10 PM    0   62.38    0.00   27.72    0.00    0.00    7.92    0.00    0.00    0.00    1.98

01:19:10 PM  CPU    %usr   %nice    %sys %iowait    %irq   %soft  %steal  %guest  %gnice   %idle
01:19:11 PM    0   62.38    0.00   26.73    0.00    0.00    8.91    0.00    0.00    0.00    1.98

01:19:11 PM  CPU    %usr   %nice    %sys %iowait    %irq   %soft  %steal  %guest  %gnice   %idle
01:19:12 PM    0   70.41    0.00   21.43    0.00    0.00    6.12    0.00    0.00    0.00    2.04

01:19:12 PM  CPU    %usr   %nice    %sys %iowait    %irq   %soft  %steal  %guest  %gnice   %idle
01:19:13 PM    0   66.67    0.00   24.24    0.00    0.00    7.07    0.00    0.00    0.00    2.02

01:19:13 PM  CPU    %usr   %nice    %sys %iowait    %irq   %soft  %steal  %guest  %gnice   %idle
01:19:14 PM    0   72.28    0.00   22.77    0.00    0.00    2.97    0.00    0.00    0.00    1.98

01:19:14 PM  CPU    %usr   %nice    %sys %iowait    %irq   %soft  %steal  %guest  %gnice   %idle
01:19:15 PM    0   65.00    0.00   30.00    0.00    0.00    3.00    0.00    0.00    0.00    2.00

01:19:15 PM  CPU    %usr   %nice    %sys %iowait    %irq   %soft  %steal  %guest  %gnice   %idle
01:19:16 PM    0   73.74    0.00   19.19    0.00    0.00    6.06    0.00    0.00    0.00    1.01

01:19:16 PM  CPU    %usr   %nice    %sys %iowait    %irq   %soft  %steal  %guest  %gnice   %idle
01:19:17 PM    0   65.66    0.00   27.27    0.00    0.00    6.06    0.00    0.00    0.00    1.01

01:19:17 PM  CPU    %usr   %nice    %sys %iowait    %irq   %soft  %steal  %guest  %gnice   %idle
01:19:18 PM    0   68.00    0.00   26.00    0.00    0.00    6.00    0.00    0.00    0.00    0.00

01:19:18 PM  CPU    %usr   %nice    %sys %iowait    %irq   %soft  %steal  %guest  %gnice   %idle
01:19:19 PM    0   64.65    0.00   29.29    0.00    0.00    5.05    0.00    0.00    0.00    1.01

01:19:19 PM  CPU    %usr   %nice    %sys %iowait    %irq   %soft  %steal  %guest  %gnice   %idle
01:19:20 PM    0   66.34    0.00   22.77    0.00    0.00    8.91    0.00    0.00    0.00    1.98

01:19:20 PM  CPU    %usr   %nice    %sys %iowait    %irq   %soft  %steal  %guest  %gnice   %idle
01:19:21 PM    0   66.00    0.00   24.00    0.00    0.00    9.00    0.00    0.00    0.00    1.00

01:19:21 PM  CPU    %usr   %nice    %sys %iowait    %irq   %soft  %steal  %guest  %gnice   %idle
01:19:22 PM    0   63.37    0.00   27.72    0.00    0.00    6.93    0.00    0.00    0.00    1.98

01:19:22 PM  CPU    %usr   %nice    %sys %iowait    %irq   %soft  %steal  %guest  %gnice   %idle
01:19:23 PM    0   71.00    0.00   22.00    0.00    0.00    6.00    0.00    0.00    0.00    1.00

01:19:23 PM  CPU    %usr   %nice    %sys %iowait    %irq   %soft  %steal  %guest  %gnice   %idle
01:19:24 PM    0   63.64    0.00   27.27    0.00    0.00    8.08    0.00    0.00    0.00    1.01

01:19:24 PM  CPU    %usr   %nice    %sys %iowait    %irq   %soft  %steal  %guest  %gnice   %idle
01:19:25 PM    0   68.00    0.00   24.00    0.00    0.00    6.00    0.00    0.00    0.00    2.00

01:19:25 PM  CPU    %usr   %nice    %sys %iowait    %irq   %soft  %steal  %guest  %gnice   %idle
01:19:26 PM    0   58.00    0.00   31.00    0.00    0.00    8.00    0.00    0.00    0.00    3.00

01:19:26 PM  CPU    %usr   %nice    %sys %iowait    %irq   %soft  %steal  %guest  %gnice   %idle
01:19:27 PM    0   73.00    0.00   19.00    0.00    0.00    5.00    0.00    0.00    0.00    3.00

01:19:27 PM  CPU    %usr   %nice    %sys %iowait    %irq   %soft  %steal  %guest  %gnice   %idle
01:19:28 PM    0   63.00    0.00   27.00    0.00    0.00    7.00    0.00    0.00    0.00    3.00

01:19:28 PM  CPU    %usr   %nice    %sys %iowait    %irq   %soft  %steal  %guest  %gnice   %idle
01:19:29 PM    0   66.34    0.00   25.74    0.00    0.00    3.96    0.00    0.00    0.00    3.96

01:19:29 PM  CPU    %usr   %nice    %sys %iowait    %irq   %soft  %steal  %guest  %gnice   %idle
01:19:30 PM    0   65.66    0.00   25.25    0.00    0.00    6.06    0.00    0.00    0.00    3.03

01:19:30 PM  CPU    %usr   %nice    %sys %iowait    %irq   %soft  %steal  %guest  %gnice   %idle
01:19:31 PM    0   62.63    0.00   26.26    0.00    0.00    6.06    0.00    0.00    0.00    5.05

01:19:31 PM  CPU    %usr   %nice    %sys %iowait    %irq   %soft  %steal  %guest  %gnice   %idle
01:19:32 PM    0   62.75    0.00   25.49    0.00    0.00    8.82    0.00    0.00    0.00    2.94

01:19:32 PM  CPU    %usr   %nice    %sys %iowait    %irq   %soft  %steal  %guest  %gnice   %idle
01:19:33 PM    0   68.00    0.00   22.00    0.00    0.00    8.00    0.00    0.00    0.00    2.00

01:19:33 PM  CPU    %usr   %nice    %sys %iowait    %irq   %soft  %steal  %guest  %gnice   %idle
01:19:34 PM    0   67.68    0.00   25.25    0.00    0.00    6.06    0.00    0.00    0.00    1.01

01:19:34 PM  CPU    %usr   %nice    %sys %iowait    %irq   %soft  %steal  %guest  %gnice   %idle
01:19:35 PM    0   67.33    0.00   23.76    0.00    0.00    6.93    0.00    0.00    0.00    1.98

01:19:35 PM  CPU    %usr   %nice    %sys %iowait    %irq   %soft  %steal  %guest  %gnice   %idle
01:19:36 PM    0   65.66    0.00   25.25    0.00    0.00    8.08    0.00    0.00    0.00    1.01

01:19:36 PM  CPU    %usr   %nice    %sys %iowait    %irq   %soft  %steal  %guest  %gnice   %idle
01:19:37 PM    0   59.00    0.00   30.00    0.00    0.00   10.00    0.00    0.00    0.00    1.00

01:19:37 PM  CPU    %usr   %nice    %sys %iowait    %irq   %soft  %steal  %guest  %gnice   %idle
01:19:38 PM    0   67.68    0.00   26.26    0.00    0.00    5.05    0.00    0.00    0.00    1.01

01:19:38 PM  CPU    %usr   %nice    %sys %iowait    %irq   %soft  %steal  %guest  %gnice   %idle
01:19:39 PM    0   69.70    0.00   22.22    0.00    0.00    7.07    0.00    0.00    0.00    1.01

01:19:39 PM  CPU    %usr   %nice    %sys %iowait    %irq   %soft  %steal  %guest  %gnice   %idle
01:19:40 PM    0   66.00    0.00   24.00    0.00    0.00    8.00    0.00    0.00    0.00    2.00

01:19:40 PM  CPU    %usr   %nice    %sys %iowait    %irq   %soft  %steal  %guest  %gnice   %idle
01:19:41 PM    0   61.76    0.00   28.43    0.00    0.00    6.86    0.00    0.00    0.00    2.94

01:19:41 PM  CPU    %usr   %nice    %sys %iowait    %irq   %soft  %steal  %guest  %gnice   %idle
01:19:42 PM    0   65.66    0.00   25.25    0.00    0.00    5.05    0.00    0.00    0.00    4.04

01:19:42 PM  CPU    %usr   %nice    %sys %iowait    %irq   %soft  %steal  %guest  %gnice   %idle
01:19:43 PM    0   69.39    0.00   20.41    0.00    0.00    6.12    0.00    0.00    0.00    4.08

01:19:43 PM  CPU    %usr   %nice    %sys %iowait    %irq   %soft  %steal  %guest  %gnice   %idle
01:19:44 PM    0   65.66    0.00   23.23    0.00    0.00    7.07    0.00    0.00    0.00    4.04

01:19:44 PM  CPU    %usr   %nice    %sys %iowait    %irq   %soft  %steal  %guest  %gnice   %idle
01:19:45 PM    0   64.65    0.00   25.25    0.00    0.00    7.07    0.00    0.00    0.00    3.03

01:19:45 PM  CPU    %usr   %nice    %sys %iowait    %irq   %soft  %steal  %guest  %gnice   %idle
01:19:46 PM    0   66.33    0.00   26.53    0.00    0.00    4.08    0.00    0.00    0.00    3.06

01:19:46 PM  CPU    %usr   %nice    %sys %iowait    %irq   %soft  %steal  %guest  %gnice   %idle
01:19:47 PM    0   64.71    0.00   25.49    0.00    0.00    7.84    0.00    0.00    0.00    1.96

01:19:47 PM  CPU    %usr   %nice    %sys %iowait    %irq   %soft  %steal  %guest  %gnice   %idle
01:19:48 PM    0   65.31    0.00   25.51    0.00    0.00    6.12    0.00    0.00    0.00    3.06

01:19:48 PM  CPU    %usr   %nice    %sys %iowait    %irq   %soft  %steal  %guest  %gnice   %idle
01:19:49 PM    0   65.00    0.00   25.00    0.00    0.00    5.00    0.00    0.00    0.00    5.00

01:19:49 PM  CPU    %usr   %nice    %sys %iowait    %irq   %soft  %steal  %guest  %gnice   %idle
01:19:50 PM    0   65.35    0.00   25.74    0.00    0.00    5.94    0.00    0.00    0.00    2.97

01:19:50 PM  CPU    %usr   %nice    %sys %iowait    %irq   %soft  %steal  %guest  %gnice   %idle
01:19:51 PM    0   73.47    0.00   19.39    0.00    0.00    3.06    0.00    0.00    0.00    4.08

01:19:51 PM  CPU    %usr   %nice    %sys %iowait    %irq   %soft  %steal  %guest  %gnice   %idle
01:19:52 PM    0   66.67    0.00   25.25    0.00    0.00    6.06    0.00    0.00    0.00    2.02

01:19:52 PM  CPU    %usr   %nice    %sys %iowait    %irq   %soft  %steal  %guest  %gnice   %idle
01:19:53 PM    0   69.61    0.00   21.57    0.00    0.00    5.88    0.00    0.00    0.00    2.94

01:19:53 PM  CPU    %usr   %nice    %sys %iowait    %irq   %soft  %steal  %guest  %gnice   %idle
01:19:54 PM    0   68.00    0.00   25.00    0.00    0.00    5.00    0.00    0.00    0.00    2.00

01:19:54 PM  CPU    %usr   %nice    %sys %iowait    %irq   %soft  %steal  %guest  %gnice   %idle
01:19:55 PM    0   62.63    0.00   30.30    0.00    0.00    7.07    0.00    0.00    0.00    0.00

01:19:55 PM  CPU    %usr   %nice    %sys %iowait    %irq   %soft  %steal  %guest  %gnice   %idle
01:19:56 PM    0   63.37    0.00   24.75    0.00    0.00    9.90    0.00    0.00    0.00    1.98

01:19:56 PM  CPU    %usr   %nice    %sys %iowait    %irq   %soft  %steal  %guest  %gnice   %idle
01:19:57 PM    0   61.62    0.00   31.31    0.00    0.00    6.06    0.00    0.00    0.00    1.01

Average:     CPU    %usr   %nice    %sys %iowait    %irq   %soft  %steal  %guest  %gnice   %idle
Average:       0   65.55    0.00   25.13    0.00    0.00    6.26    0.00    0.00    0.00    3.06
