Linux 5.3.0-61-generic (cw-zenbook) 	07/16/2020 	_x86_64_	(8 CPU)

01:02:15 PM  CPU    %usr   %nice    %sys %iowait    %irq   %soft  %steal  %guest  %gnice   %idle
01:02:16 PM    0   62.63    0.00   29.29    0.00    0.00    7.07    0.00    0.00    0.00    1.01

01:02:16 PM  CPU    %usr   %nice    %sys %iowait    %irq   %soft  %steal  %guest  %gnice   %idle
01:02:17 PM    0   67.65    0.00   21.57    0.00    0.00    7.84    0.00    0.00    0.00    2.94

01:02:17 PM  CPU    %usr   %nice    %sys %iowait    %irq   %soft  %steal  %guest  %gnice   %idle
01:02:18 PM    0   70.00    0.00   22.00    0.00    0.00    5.00    0.00    0.00    0.00    3.00

01:02:18 PM  CPU    %usr   %nice    %sys %iowait    %irq   %soft  %steal  %guest  %gnice   %idle
01:02:19 PM    0   64.29    0.00   23.47    0.00    0.00   10.20    0.00    0.00    0.00    2.04

01:02:19 PM  CPU    %usr   %nice    %sys %iowait    %irq   %soft  %steal  %guest  %gnice   %idle
01:02:20 PM    0   67.00    0.00   25.00    0.00    0.00    5.00    0.00    0.00    0.00    3.00

01:02:20 PM  CPU    %usr   %nice    %sys %iowait    %irq   %soft  %steal  %guest  %gnice   %idle
01:02:21 PM    0   61.76    0.00   30.39    0.00    0.00    6.86    0.00    0.00    0.00    0.98

01:02:21 PM  CPU    %usr   %nice    %sys %iowait    %irq   %soft  %steal  %guest  %gnice   %idle
01:02:22 PM    0   70.41    0.00   23.47    0.00    0.00    6.12    0.00    0.00    0.00    0.00

01:02:22 PM  CPU    %usr   %nice    %sys %iowait    %irq   %soft  %steal  %guest  %gnice   %idle
01:02:23 PM    0   72.00    0.00   23.00    0.00    0.00    5.00    0.00    0.00    0.00    0.00

01:02:23 PM  CPU    %usr   %nice    %sys %iowait    %irq   %soft  %steal  %guest  %gnice   %idle
01:02:24 PM    0   68.00    0.00   22.00    0.00    0.00    9.00    0.00    0.00    0.00    1.00

01:02:24 PM  CPU    %usr   %nice    %sys %iowait    %irq   %soft  %steal  %guest  %gnice   %idle
01:02:25 PM    0   66.00    0.00   25.00    0.00    0.00    8.00    0.00    0.00    0.00    1.00

01:02:25 PM  CPU    %usr   %nice    %sys %iowait    %irq   %soft  %steal  %guest  %gnice   %idle
01:02:26 PM    0   70.00    0.00   22.00    0.00    0.00    8.00    0.00    0.00    0.00    0.00

01:02:26 PM  CPU    %usr   %nice    %sys %iowait    %irq   %soft  %steal  %guest  %gnice   %idle
01:02:27 PM    0   72.00    0.00   21.00    0.00    0.00    6.00    0.00    0.00    0.00    1.00

01:02:27 PM  CPU    %usr   %nice    %sys %iowait    %irq   %soft  %steal  %guest  %gnice   %idle
01:02:28 PM    0   65.66    0.00   27.27    0.00    0.00    6.06    0.00    0.00    0.00    1.01

01:02:28 PM  CPU    %usr   %nice    %sys %iowait    %irq   %soft  %steal  %guest  %gnice   %idle
01:02:29 PM    0   68.63    0.00   22.55    0.00    0.00    6.86    0.00    0.00    0.00    1.96

01:02:29 PM  CPU    %usr   %nice    %sys %iowait    %irq   %soft  %steal  %guest  %gnice   %idle
01:02:30 PM    0   67.35    0.00   25.51    0.00    0.00    7.14    0.00    0.00    0.00    0.00

01:02:30 PM  CPU    %usr   %nice    %sys %iowait    %irq   %soft  %steal  %guest  %gnice   %idle
01:02:31 PM    0   68.63    0.00   22.55    0.00    0.00    6.86    0.00    0.00    0.00    1.96

01:02:31 PM  CPU    %usr   %nice    %sys %iowait    %irq   %soft  %steal  %guest  %gnice   %idle
01:02:32 PM    0   69.70    0.00   22.22    0.00    0.00    7.07    0.00    0.00    0.00    1.01

01:02:32 PM  CPU    %usr   %nice    %sys %iowait    %irq   %soft  %steal  %guest  %gnice   %idle
01:02:33 PM    0   63.37    0.00   27.72    0.00    0.00    6.93    0.00    0.00    0.00    1.98

01:02:33 PM  CPU    %usr   %nice    %sys %iowait    %irq   %soft  %steal  %guest  %gnice   %idle
01:02:34 PM    0   64.71    0.00   28.43    0.00    0.00    5.88    0.00    0.00    0.00    0.98

01:02:34 PM  CPU    %usr   %nice    %sys %iowait    %irq   %soft  %steal  %guest  %gnice   %idle
01:02:35 PM    0   63.92    0.00   24.74    0.00    0.00    9.28    0.00    0.00    0.00    2.06

01:02:35 PM  CPU    %usr   %nice    %sys %iowait    %irq   %soft  %steal  %guest  %gnice   %idle
01:02:36 PM    0   70.00    0.00   24.00    0.00    0.00    5.00    0.00    0.00    0.00    1.00

01:02:36 PM  CPU    %usr   %nice    %sys %iowait    %irq   %soft  %steal  %guest  %gnice   %idle
01:02:37 PM    0   64.00    0.00   31.00    0.00    0.00    5.00    0.00    0.00    0.00    0.00

01:02:37 PM  CPU    %usr   %nice    %sys %iowait    %irq   %soft  %steal  %guest  %gnice   %idle
01:02:38 PM    0   57.43    0.00   32.67    0.00    0.00    6.93    0.00    0.00    0.00    2.97

01:02:38 PM  CPU    %usr   %nice    %sys %iowait    %irq   %soft  %steal  %guest  %gnice   %idle
01:02:39 PM    0   65.00    0.00   28.00    0.00    0.00    5.00    0.00    0.00    0.00    2.00

01:02:39 PM  CPU    %usr   %nice    %sys %iowait    %irq   %soft  %steal  %guest  %gnice   %idle
01:02:40 PM    0   66.00    0.00   26.00    0.00    0.00    6.00    0.00    0.00    0.00    2.00

01:02:40 PM  CPU    %usr   %nice    %sys %iowait    %irq   %soft  %steal  %guest  %gnice   %idle
01:02:41 PM    0   62.63    0.00   29.29    0.00    0.00    6.06    0.00    0.00    0.00    2.02

01:02:41 PM  CPU    %usr   %nice    %sys %iowait    %irq   %soft  %steal  %guest  %gnice   %idle
01:02:42 PM    0   66.67    0.00   24.24    0.00    0.00    7.07    0.00    0.00    0.00    2.02

01:02:42 PM  CPU    %usr   %nice    %sys %iowait    %irq   %soft  %steal  %guest  %gnice   %idle
01:02:43 PM    0   67.00    0.00   23.00    0.00    0.00    8.00    0.00    0.00    0.00    2.00

01:02:43 PM  CPU    %usr   %nice    %sys %iowait    %irq   %soft  %steal  %guest  %gnice   %idle
01:02:44 PM    0   64.71    0.00   26.47    0.00    0.00    6.86    0.00    0.00    0.00    1.96

01:02:44 PM  CPU    %usr   %nice    %sys %iowait    %irq   %soft  %steal  %guest  %gnice   %idle
01:02:45 PM    0   66.00    0.00   24.00    0.00    0.00    8.00    0.00    0.00    0.00    2.00

01:02:45 PM  CPU    %usr   %nice    %sys %iowait    %irq   %soft  %steal  %guest  %gnice   %idle
01:02:46 PM    0   70.00    0.00   25.00    0.00    0.00    3.00    0.00    0.00    0.00    2.00

01:02:46 PM  CPU    %usr   %nice    %sys %iowait    %irq   %soft  %steal  %guest  %gnice   %idle
01:02:47 PM    0   65.35    0.00   25.74    0.00    0.00    5.94    0.00    0.00    0.00    2.97

01:02:47 PM  CPU    %usr   %nice    %sys %iowait    %irq   %soft  %steal  %guest  %gnice   %idle
01:02:48 PM    0   69.00    0.00   22.00    0.00    0.00    6.00    0.00    0.00    0.00    3.00

01:02:48 PM  CPU    %usr   %nice    %sys %iowait    %irq   %soft  %steal  %guest  %gnice   %idle
01:02:49 PM    0   60.00    0.00   32.00    0.00    0.00    6.00    0.00    0.00    0.00    2.00

01:02:49 PM  CPU    %usr   %nice    %sys %iowait    %irq   %soft  %steal  %guest  %gnice   %idle
01:02:50 PM    0   65.00    0.00   27.00    0.00    0.00    7.00    0.00    0.00    0.00    1.00

01:02:50 PM  CPU    %usr   %nice    %sys %iowait    %irq   %soft  %steal  %guest  %gnice   %idle
01:02:51 PM    0   66.00    0.00   25.00    0.00    0.00    6.00    0.00    0.00    0.00    3.00

01:02:51 PM  CPU    %usr   %nice    %sys %iowait    %irq   %soft  %steal  %guest  %gnice   %idle
01:02:52 PM    0   59.79    0.00   27.84    0.00    0.00    9.28    0.00    0.00    0.00    3.09

01:02:52 PM  CPU    %usr   %nice    %sys %iowait    %irq   %soft  %steal  %guest  %gnice   %idle
01:02:53 PM    0   63.64    0.00   31.31    0.00    0.00    3.03    0.00    0.00    0.00    2.02

01:02:53 PM  CPU    %usr   %nice    %sys %iowait    %irq   %soft  %steal  %guest  %gnice   %idle
01:02:54 PM    0   64.29    0.00   26.53    0.00    0.00    6.12    0.00    0.00    0.00    3.06

01:02:54 PM  CPU    %usr   %nice    %sys %iowait    %irq   %soft  %steal  %guest  %gnice   %idle
01:02:55 PM    0   62.00    0.00   23.00    0.00    0.00   11.00    0.00    0.00    0.00    4.00

01:02:55 PM  CPU    %usr   %nice    %sys %iowait    %irq   %soft  %steal  %guest  %gnice   %idle
01:02:56 PM    0   70.30    0.00   21.78    0.00    0.00    4.95    0.00    0.00    0.00    2.97

01:02:56 PM  CPU    %usr   %nice    %sys %iowait    %irq   %soft  %steal  %guest  %gnice   %idle
01:02:57 PM    0   66.00    0.00   26.00    0.00    0.00    6.00    0.00    0.00    0.00    2.00

01:02:57 PM  CPU    %usr   %nice    %sys %iowait    %irq   %soft  %steal  %guest  %gnice   %idle
01:02:58 PM    0   68.32    0.00   21.78    0.00    0.00    7.92    0.00    0.00    0.00    1.98

01:02:58 PM  CPU    %usr   %nice    %sys %iowait    %irq   %soft  %steal  %guest  %gnice   %idle
01:02:59 PM    0   59.60    0.00   29.29    0.00    0.00    9.09    0.00    0.00    0.00    2.02

01:02:59 PM  CPU    %usr   %nice    %sys %iowait    %irq   %soft  %steal  %guest  %gnice   %idle
01:03:00 PM    0   69.00    0.00   21.00    0.00    0.00    7.00    0.00    0.00    0.00    3.00

01:03:00 PM  CPU    %usr   %nice    %sys %iowait    %irq   %soft  %steal  %guest  %gnice   %idle
01:03:01 PM    0   67.33    0.00   24.75    0.00    0.00    5.94    0.00    0.00    0.00    1.98

01:03:01 PM  CPU    %usr   %nice    %sys %iowait    %irq   %soft  %steal  %guest  %gnice   %idle
01:03:02 PM    0   65.00    0.00   29.00    0.00    0.00    5.00    0.00    0.00    0.00    1.00

01:03:02 PM  CPU    %usr   %nice    %sys %iowait    %irq   %soft  %steal  %guest  %gnice   %idle
01:03:03 PM    0   65.66    0.00   27.27    0.00    0.00    6.06    0.00    0.00    0.00    1.01

01:03:03 PM  CPU    %usr   %nice    %sys %iowait    %irq   %soft  %steal  %guest  %gnice   %idle
01:03:04 PM    0   62.63    0.00   30.30    0.00    0.00    6.06    0.00    0.00    0.00    1.01

01:03:04 PM  CPU    %usr   %nice    %sys %iowait    %irq   %soft  %steal  %guest  %gnice   %idle
01:03:05 PM    0   69.00    0.00   26.00    0.00    0.00    5.00    0.00    0.00    0.00    0.00

01:03:05 PM  CPU    %usr   %nice    %sys %iowait    %irq   %soft  %steal  %guest  %gnice   %idle
01:03:06 PM    0   70.71    0.00   22.22    0.00    0.00    7.07    0.00    0.00    0.00    0.00

01:03:06 PM  CPU    %usr   %nice    %sys %iowait    %irq   %soft  %steal  %guest  %gnice   %idle
01:03:07 PM    0   63.00    0.00   28.00    0.00    0.00    8.00    0.00    0.00    0.00    1.00

01:03:07 PM  CPU    %usr   %nice    %sys %iowait    %irq   %soft  %steal  %guest  %gnice   %idle
01:03:08 PM    0   68.69    0.00   24.24    0.00    0.00    6.06    0.00    0.00    0.00    1.01

01:03:08 PM  CPU    %usr   %nice    %sys %iowait    %irq   %soft  %steal  %guest  %gnice   %idle
01:03:09 PM    0   64.71    0.00   26.47    0.00    0.00    6.86    0.00    0.00    0.00    1.96

01:03:09 PM  CPU    %usr   %nice    %sys %iowait    %irq   %soft  %steal  %guest  %gnice   %idle
01:03:10 PM    0   63.37    0.00   27.72    0.00    0.00    6.93    0.00    0.00    0.00    1.98

01:03:10 PM  CPU    %usr   %nice    %sys %iowait    %irq   %soft  %steal  %guest  %gnice   %idle
01:03:11 PM    0   66.00    0.00   28.00    0.00    0.00    6.00    0.00    0.00    0.00    0.00

01:03:11 PM  CPU    %usr   %nice    %sys %iowait    %irq   %soft  %steal  %guest  %gnice   %idle
01:03:12 PM    0   65.35    0.00   25.74    0.00    0.00    7.92    0.00    0.00    0.00    0.99

01:03:12 PM  CPU    %usr   %nice    %sys %iowait    %irq   %soft  %steal  %guest  %gnice   %idle
01:03:13 PM    0   68.69    0.00   25.25    0.00    0.00    5.05    0.00    0.00    0.00    1.01

01:03:13 PM  CPU    %usr   %nice    %sys %iowait    %irq   %soft  %steal  %guest  %gnice   %idle
01:03:14 PM    0   67.68    0.00   26.26    0.00    0.00    4.04    0.00    0.00    0.00    2.02

01:03:14 PM  CPU    %usr   %nice    %sys %iowait    %irq   %soft  %steal  %guest  %gnice   %idle
01:03:15 PM    0   61.76    0.00   30.39    0.00    0.00    6.86    0.00    0.00    0.00    0.98

01:03:15 PM  CPU    %usr   %nice    %sys %iowait    %irq   %soft  %steal  %guest  %gnice   %idle
01:03:16 PM    0   62.63    0.00   30.30    0.00    0.00    7.07    0.00    0.00    0.00    0.00

01:03:16 PM  CPU    %usr   %nice    %sys %iowait    %irq   %soft  %steal  %guest  %gnice   %idle
01:03:17 PM    0   66.00    0.00   28.00    0.00    0.00    6.00    0.00    0.00    0.00    0.00

01:03:17 PM  CPU    %usr   %nice    %sys %iowait    %irq   %soft  %steal  %guest  %gnice   %idle
01:03:18 PM    0   65.00    0.00   25.00    0.00    0.00    8.00    0.00    0.00    0.00    2.00

01:03:18 PM  CPU    %usr   %nice    %sys %iowait    %irq   %soft  %steal  %guest  %gnice   %idle
01:03:19 PM    0   63.64    0.00   26.26    0.00    0.00    8.08    0.00    0.00    0.00    2.02

01:03:19 PM  CPU    %usr   %nice    %sys %iowait    %irq   %soft  %steal  %guest  %gnice   %idle
01:03:20 PM    0   67.33    0.00   25.74    0.00    0.00    5.94    0.00    0.00    0.00    0.99

01:03:20 PM  CPU    %usr   %nice    %sys %iowait    %irq   %soft  %steal  %guest  %gnice   %idle
01:03:21 PM    0   70.00    0.00   22.00    0.00    0.00    6.00    0.00    0.00    0.00    2.00

01:03:21 PM  CPU    %usr   %nice    %sys %iowait    %irq   %soft  %steal  %guest  %gnice   %idle
01:03:22 PM    0   62.63    0.00   29.29    0.00    0.00    8.08    0.00    0.00    0.00    0.00

01:03:22 PM  CPU    %usr   %nice    %sys %iowait    %irq   %soft  %steal  %guest  %gnice   %idle
01:03:23 PM    0   62.75    0.00   29.41    0.00    0.00    5.88    0.00    0.00    0.00    1.96

01:03:23 PM  CPU    %usr   %nice    %sys %iowait    %irq   %soft  %steal  %guest  %gnice   %idle
01:03:24 PM    0   66.67    0.00   27.27    0.00    0.00    3.03    0.00    0.00    0.00    3.03

01:03:24 PM  CPU    %usr   %nice    %sys %iowait    %irq   %soft  %steal  %guest  %gnice   %idle
01:03:25 PM    0   64.65    0.00   28.28    0.00    0.00    6.06    0.00    0.00    0.00    1.01

01:03:25 PM  CPU    %usr   %nice    %sys %iowait    %irq   %soft  %steal  %guest  %gnice   %idle
01:03:26 PM    0   66.00    0.00   26.00    0.00    0.00    8.00    0.00    0.00    0.00    0.00

01:03:26 PM  CPU    %usr   %nice    %sys %iowait    %irq   %soft  %steal  %guest  %gnice   %idle
01:03:27 PM    0   67.00    0.00   30.00    0.00    0.00    3.00    0.00    0.00    0.00    0.00

01:03:27 PM  CPU    %usr   %nice    %sys %iowait    %irq   %soft  %steal  %guest  %gnice   %idle
01:03:28 PM    0   71.00    0.00   24.00    0.00    0.00    5.00    0.00    0.00    0.00    0.00

01:03:28 PM  CPU    %usr   %nice    %sys %iowait    %irq   %soft  %steal  %guest  %gnice   %idle
01:03:29 PM    0   67.33    0.00   25.74    0.00    0.00    5.94    0.00    0.00    0.00    0.99

01:03:29 PM  CPU    %usr   %nice    %sys %iowait    %irq   %soft  %steal  %guest  %gnice   %idle
01:03:30 PM    0   63.00    0.00   31.00    0.00    0.00    5.00    0.00    0.00    0.00    1.00

01:03:30 PM  CPU    %usr   %nice    %sys %iowait    %irq   %soft  %steal  %guest  %gnice   %idle
01:03:31 PM    0   67.00    0.00   24.00    0.00    0.00    7.00    0.00    0.00    0.00    2.00

01:03:31 PM  CPU    %usr   %nice    %sys %iowait    %irq   %soft  %steal  %guest  %gnice   %idle
01:03:32 PM    0   67.33    0.00   22.77    0.00    0.00    8.91    0.00    0.00    0.00    0.99

01:03:32 PM  CPU    %usr   %nice    %sys %iowait    %irq   %soft  %steal  %guest  %gnice   %idle
01:03:33 PM    0   67.35    0.00   23.47    0.00    0.00    8.16    0.00    0.00    0.00    1.02

01:03:33 PM  CPU    %usr   %nice    %sys %iowait    %irq   %soft  %steal  %guest  %gnice   %idle
01:03:34 PM    0   66.02    0.00   25.24    0.00    0.00    6.80    0.00    0.00    0.00    1.94

01:03:34 PM  CPU    %usr   %nice    %sys %iowait    %irq   %soft  %steal  %guest  %gnice   %idle
01:03:35 PM    0   73.74    0.00   17.17    0.00    0.00    8.08    0.00    0.00    0.00    1.01

01:03:35 PM  CPU    %usr   %nice    %sys %iowait    %irq   %soft  %steal  %guest  %gnice   %idle
01:03:36 PM    0   56.57    0.00   33.33    0.00    0.00    9.09    0.00    0.00    0.00    1.01

01:03:36 PM  CPU    %usr   %nice    %sys %iowait    %irq   %soft  %steal  %guest  %gnice   %idle
01:03:37 PM    0   70.30    0.00   19.80    0.00    0.00    7.92    0.00    0.00    0.00    1.98

01:03:37 PM  CPU    %usr   %nice    %sys %iowait    %irq   %soft  %steal  %guest  %gnice   %idle
01:03:38 PM    0   70.00    0.00   22.00    0.00    0.00    6.00    0.00    0.00    0.00    2.00

01:03:38 PM  CPU    %usr   %nice    %sys %iowait    %irq   %soft  %steal  %guest  %gnice   %idle
01:03:39 PM    0   66.67    0.00   24.24    0.00    0.00    7.07    0.00    0.00    0.00    2.02

01:03:39 PM  CPU    %usr   %nice    %sys %iowait    %irq   %soft  %steal  %guest  %gnice   %idle
01:03:40 PM    0   69.00    0.00   21.00    0.00    0.00    8.00    0.00    0.00    0.00    2.00

01:03:40 PM  CPU    %usr   %nice    %sys %iowait    %irq   %soft  %steal  %guest  %gnice   %idle
01:03:41 PM    0   67.68    0.00   22.22    0.00    0.00    7.07    0.00    0.00    0.00    3.03

01:03:41 PM  CPU    %usr   %nice    %sys %iowait    %irq   %soft  %steal  %guest  %gnice   %idle
01:03:42 PM    0   61.00    0.00   29.00    0.00    0.00    8.00    0.00    0.00    0.00    2.00

01:03:42 PM  CPU    %usr   %nice    %sys %iowait    %irq   %soft  %steal  %guest  %gnice   %idle
01:03:43 PM    0   66.00    0.00   27.00    0.00    0.00    6.00    0.00    0.00    0.00    1.00

01:03:43 PM  CPU    %usr   %nice    %sys %iowait    %irq   %soft  %steal  %guest  %gnice   %idle
01:03:44 PM    0   68.37    0.00   24.49    0.00    0.00    6.12    0.00    0.00    0.00    1.02

01:03:44 PM  CPU    %usr   %nice    %sys %iowait    %irq   %soft  %steal  %guest  %gnice   %idle
01:03:45 PM    0   65.00    0.00   26.00    0.00    0.00    7.00    0.00    0.00    0.00    2.00

01:03:45 PM  CPU    %usr   %nice    %sys %iowait    %irq   %soft  %steal  %guest  %gnice   %idle
01:03:46 PM    0   65.00    0.00   27.00    0.00    0.00    7.00    0.00    0.00    0.00    1.00

01:03:46 PM  CPU    %usr   %nice    %sys %iowait    %irq   %soft  %steal  %guest  %gnice   %idle
01:03:47 PM    0   60.61    0.00   30.30    0.00    0.00    9.09    0.00    0.00    0.00    0.00

01:03:47 PM  CPU    %usr   %nice    %sys %iowait    %irq   %soft  %steal  %guest  %gnice   %idle
01:03:48 PM    0   67.33    0.00   25.74    0.00    0.00    5.94    0.00    0.00    0.00    0.99

01:03:48 PM  CPU    %usr   %nice    %sys %iowait    %irq   %soft  %steal  %guest  %gnice   %idle
01:03:49 PM    0   64.65    0.00   27.27    0.00    0.00    6.06    0.00    0.00    0.00    2.02

01:03:49 PM  CPU    %usr   %nice    %sys %iowait    %irq   %soft  %steal  %guest  %gnice   %idle
01:03:50 PM    0   68.00    0.00   27.00    0.00    0.00    4.00    0.00    0.00    0.00    1.00

01:03:50 PM  CPU    %usr   %nice    %sys %iowait    %irq   %soft  %steal  %guest  %gnice   %idle
01:03:51 PM    0   65.66    0.00   25.25    0.00    0.00    9.09    0.00    0.00    0.00    0.00

01:03:51 PM  CPU    %usr   %nice    %sys %iowait    %irq   %soft  %steal  %guest  %gnice   %idle
01:03:52 PM    0   62.38    0.00   31.68    0.00    0.00    4.95    0.00    0.00    0.00    0.99

01:03:52 PM  CPU    %usr   %nice    %sys %iowait    %irq   %soft  %steal  %guest  %gnice   %idle
01:03:53 PM    0   71.00    0.00   22.00    0.00    0.00    5.00    0.00    0.00    0.00    2.00

01:03:53 PM  CPU    %usr   %nice    %sys %iowait    %irq   %soft  %steal  %guest  %gnice   %idle
01:03:54 PM    0   68.32    0.00   25.74    0.00    0.00    2.97    0.00    0.00    0.00    2.97

01:03:54 PM  CPU    %usr   %nice    %sys %iowait    %irq   %soft  %steal  %guest  %gnice   %idle
01:03:55 PM    0   65.35    0.00   23.76    0.00    0.00    7.92    0.00    0.00    0.00    2.97

01:03:55 PM  CPU    %usr   %nice    %sys %iowait    %irq   %soft  %steal  %guest  %gnice   %idle
01:03:56 PM    0   65.31    0.00   26.53    0.00    0.00    7.14    0.00    0.00    0.00    1.02

01:03:56 PM  CPU    %usr   %nice    %sys %iowait    %irq   %soft  %steal  %guest  %gnice   %idle
01:03:57 PM    0   70.00    0.00   24.00    0.00    0.00    6.00    0.00    0.00    0.00    0.00

01:03:57 PM  CPU    %usr   %nice    %sys %iowait    %irq   %soft  %steal  %guest  %gnice   %idle
01:03:58 PM    0   66.00    0.00   26.00    0.00    0.00    7.00    0.00    0.00    0.00    1.00

01:03:58 PM  CPU    %usr   %nice    %sys %iowait    %irq   %soft  %steal  %guest  %gnice   %idle
01:03:59 PM    0   68.00    0.00   26.00    0.00    0.00    5.00    0.00    0.00    0.00    1.00

01:03:59 PM  CPU    %usr   %nice    %sys %iowait    %irq   %soft  %steal  %guest  %gnice   %idle
01:04:00 PM    0   64.65    0.00   30.30    0.00    0.00    3.03    0.00    0.00    0.00    2.02

01:04:00 PM  CPU    %usr   %nice    %sys %iowait    %irq   %soft  %steal  %guest  %gnice   %idle
01:04:01 PM    0   67.00    0.00   26.00    0.00    0.00    6.00    0.00    0.00    0.00    1.00

01:04:01 PM  CPU    %usr   %nice    %sys %iowait    %irq   %soft  %steal  %guest  %gnice   %idle
01:04:02 PM    0   65.35    0.00   26.73    0.00    0.00    5.94    0.00    0.00    0.00    1.98

01:04:02 PM  CPU    %usr   %nice    %sys %iowait    %irq   %soft  %steal  %guest  %gnice   %idle
01:04:03 PM    0   63.64    0.00   28.28    0.00    0.00    7.07    0.00    0.00    0.00    1.01

01:04:03 PM  CPU    %usr   %nice    %sys %iowait    %irq   %soft  %steal  %guest  %gnice   %idle
01:04:04 PM    0   65.00    0.00   29.00    0.00    0.00    4.00    0.00    0.00    0.00    2.00

01:04:04 PM  CPU    %usr   %nice    %sys %iowait    %irq   %soft  %steal  %guest  %gnice   %idle
01:04:05 PM    0   67.65    0.00   23.53    0.00    0.00    5.88    0.00    0.00    0.00    2.94

01:04:05 PM  CPU    %usr   %nice    %sys %iowait    %irq   %soft  %steal  %guest  %gnice   %idle
01:04:06 PM    0   68.37    0.00   24.49    0.00    0.00    5.10    0.00    0.00    0.00    2.04

01:04:06 PM  CPU    %usr   %nice    %sys %iowait    %irq   %soft  %steal  %guest  %gnice   %idle
01:04:07 PM    0   60.00    0.00   32.00    0.00    0.00    6.00    0.00    0.00    0.00    2.00

01:04:07 PM  CPU    %usr   %nice    %sys %iowait    %irq   %soft  %steal  %guest  %gnice   %idle
01:04:08 PM    0   62.63    0.00   29.29    0.00    0.00    6.06    0.00    0.00    0.00    2.02

01:04:08 PM  CPU    %usr   %nice    %sys %iowait    %irq   %soft  %steal  %guest  %gnice   %idle
01:04:09 PM    0   69.31    0.00   23.76    0.00    0.00    3.96    0.00    0.00    0.00    2.97

01:04:09 PM  CPU    %usr   %nice    %sys %iowait    %irq   %soft  %steal  %guest  %gnice   %idle
01:04:10 PM    0   63.73    0.00   26.47    0.00    0.00    6.86    0.00    0.00    0.00    2.94

01:04:10 PM  CPU    %usr   %nice    %sys %iowait    %irq   %soft  %steal  %guest  %gnice   %idle
01:04:11 PM    0   68.00    0.00   24.00    0.00    0.00    5.00    0.00    0.00    0.00    3.00

01:04:11 PM  CPU    %usr   %nice    %sys %iowait    %irq   %soft  %steal  %guest  %gnice   %idle
01:04:12 PM    0   68.69    0.00   22.22    0.00    0.00    6.06    0.00    0.00    0.00    3.03

01:04:12 PM  CPU    %usr   %nice    %sys %iowait    %irq   %soft  %steal  %guest  %gnice   %idle
01:04:13 PM    0   68.32    0.00   23.76    0.00    0.00    4.95    0.00    0.00    0.00    2.97

01:04:13 PM  CPU    %usr   %nice    %sys %iowait    %irq   %soft  %steal  %guest  %gnice   %idle
01:04:14 PM    0   66.34    0.00   23.76    0.00    0.00    5.94    0.00    0.00    0.00    3.96

01:04:14 PM  CPU    %usr   %nice    %sys %iowait    %irq   %soft  %steal  %guest  %gnice   %idle
01:04:15 PM    0   70.71    0.00   21.21    0.00    0.00    5.05    0.00    0.00    0.00    3.03

Average:     CPU    %usr   %nice    %sys %iowait    %irq   %soft  %steal  %guest  %gnice   %idle
Average:       0   66.13    0.00   25.82    0.00    0.00    6.43    0.00    0.00    0.00    1.63
