Linux 5.3.0-61-generic (cw-zenbook) 	07/16/2020 	_x86_64_	(8 CPU)

12:25:36 PM  CPU    %usr   %nice    %sys %iowait    %irq   %soft  %steal  %guest  %gnice   %idle
12:25:37 PM    0   40.00    0.00   15.00    0.00    0.00    5.00    0.00    0.00    0.00   40.00

12:25:37 PM  CPU    %usr   %nice    %sys %iowait    %irq   %soft  %steal  %guest  %gnice   %idle
12:25:38 PM    0   37.62    0.00   14.85    0.00    0.00    6.93    0.00    0.00    0.00   40.59

12:25:38 PM  CPU    %usr   %nice    %sys %iowait    %irq   %soft  %steal  %guest  %gnice   %idle
12:25:39 PM    0   38.54    0.00   15.62    0.00    0.00    3.12    0.00    0.00    0.00   42.71

12:25:39 PM  CPU    %usr   %nice    %sys %iowait    %irq   %soft  %steal  %guest  %gnice   %idle
12:25:40 PM    0   38.61    0.00   16.83    0.00    0.00    3.96    0.00    0.00    0.00   40.59

12:25:40 PM  CPU    %usr   %nice    %sys %iowait    %irq   %soft  %steal  %guest  %gnice   %idle
12:25:41 PM    0   37.76    0.00   18.37    0.00    0.00    2.04    0.00    0.00    0.00   41.84

12:25:41 PM  CPU    %usr   %nice    %sys %iowait    %irq   %soft  %steal  %guest  %gnice   %idle
12:25:42 PM    0   39.80    0.00   15.31    0.00    0.00    3.06    0.00    0.00    0.00   41.84

12:25:42 PM  CPU    %usr   %nice    %sys %iowait    %irq   %soft  %steal  %guest  %gnice   %idle
12:25:43 PM    0   42.72    0.00   14.56    0.00    0.00    2.91    0.00    0.00    0.00   39.81

12:25:43 PM  CPU    %usr   %nice    %sys %iowait    %irq   %soft  %steal  %guest  %gnice   %idle
12:25:44 PM    0   42.16    0.00   13.73    0.00    0.00    3.92    0.00    0.00    0.00   40.20

12:25:44 PM  CPU    %usr   %nice    %sys %iowait    %irq   %soft  %steal  %guest  %gnice   %idle
12:25:45 PM    0   37.37    0.00   18.18    0.00    0.00    2.02    0.00    0.00    0.00   42.42

12:25:45 PM  CPU    %usr   %nice    %sys %iowait    %irq   %soft  %steal  %guest  %gnice   %idle
12:25:46 PM    0   30.61    0.00   20.41    0.00    0.00    6.12    0.00    0.00    0.00   42.86

12:25:46 PM  CPU    %usr   %nice    %sys %iowait    %irq   %soft  %steal  %guest  %gnice   %idle
12:25:47 PM    0   38.00    0.00   15.00    0.00    0.00    4.00    0.00    0.00    0.00   43.00

12:25:47 PM  CPU    %usr   %nice    %sys %iowait    %irq   %soft  %steal  %guest  %gnice   %idle
12:25:48 PM    0   34.69    0.00   18.37    0.00    0.00    4.08    0.00    0.00    0.00   42.86

12:25:48 PM  CPU    %usr   %nice    %sys %iowait    %irq   %soft  %steal  %guest  %gnice   %idle
12:25:49 PM    0   37.50    0.00   13.54    0.00    0.00    4.17    0.00    0.00    0.00   44.79

12:25:49 PM  CPU    %usr   %nice    %sys %iowait    %irq   %soft  %steal  %guest  %gnice   %idle
12:25:50 PM    0   39.60    0.00   12.87    0.00    0.00    4.95    0.00    0.00    0.00   42.57

12:25:50 PM  CPU    %usr   %nice    %sys %iowait    %irq   %soft  %steal  %guest  %gnice   %idle
12:25:51 PM    0   38.00    0.00   18.00    0.00    0.00    3.00    0.00    0.00    0.00   41.00

12:25:51 PM  CPU    %usr   %nice    %sys %iowait    %irq   %soft  %steal  %guest  %gnice   %idle
12:25:52 PM    0   38.38    0.00   18.18    0.00    0.00    2.02    0.00    0.00    0.00   41.41

12:25:52 PM  CPU    %usr   %nice    %sys %iowait    %irq   %soft  %steal  %guest  %gnice   %idle
12:25:53 PM    0   45.92    0.00   10.20    0.00    0.00    2.04    0.00    0.00    0.00   41.84

12:25:53 PM  CPU    %usr   %nice    %sys %iowait    %irq   %soft  %steal  %guest  %gnice   %idle
12:25:54 PM    0   33.67    0.00   21.43    0.00    0.00    2.04    0.00    0.00    0.00   42.86

12:25:54 PM  CPU    %usr   %nice    %sys %iowait    %irq   %soft  %steal  %guest  %gnice   %idle
12:25:55 PM    0   34.00    0.00   20.00    0.00    0.00    4.00    0.00    0.00    0.00   42.00

12:25:55 PM  CPU    %usr   %nice    %sys %iowait    %irq   %soft  %steal  %guest  %gnice   %idle
12:25:56 PM    0   36.00    0.00   17.00    0.00    0.00    4.00    0.00    0.00    0.00   43.00

12:25:56 PM  CPU    %usr   %nice    %sys %iowait    %irq   %soft  %steal  %guest  %gnice   %idle
12:25:57 PM    0   39.18    0.00   15.46    0.00    0.00    2.06    0.00    0.00    0.00   43.30

12:25:57 PM  CPU    %usr   %nice    %sys %iowait    %irq   %soft  %steal  %guest  %gnice   %idle
12:25:58 PM    0   40.82    0.00   15.31    0.00    0.00    2.04    0.00    0.00    0.00   41.84

12:25:58 PM  CPU    %usr   %nice    %sys %iowait    %irq   %soft  %steal  %guest  %gnice   %idle
12:25:59 PM    0   40.40    0.00   13.13    0.00    0.00    5.05    0.00    0.00    0.00   41.41

12:25:59 PM  CPU    %usr   %nice    %sys %iowait    %irq   %soft  %steal  %guest  %gnice   %idle
12:26:00 PM    0   34.34    0.00   16.16    0.00    0.00    7.07    0.00    0.00    0.00   42.42

12:26:00 PM  CPU    %usr   %nice    %sys %iowait    %irq   %soft  %steal  %guest  %gnice   %idle
12:26:01 PM    0   40.59    0.00   15.84    0.00    0.00    2.97    0.00    0.00    0.00   40.59

12:26:01 PM  CPU    %usr   %nice    %sys %iowait    %irq   %soft  %steal  %guest  %gnice   %idle
12:26:02 PM    0   35.71    0.00   14.29    0.00    0.00    7.14    0.00    0.00    0.00   42.86

12:26:02 PM  CPU    %usr   %nice    %sys %iowait    %irq   %soft  %steal  %guest  %gnice   %idle
12:26:03 PM    0   40.82    0.00   12.24    0.00    0.00    4.08    0.00    0.00    0.00   42.86

12:26:03 PM  CPU    %usr   %nice    %sys %iowait    %irq   %soft  %steal  %guest  %gnice   %idle
12:26:04 PM    0   37.11    0.00   18.56    0.00    0.00    1.03    0.00    0.00    0.00   43.30

12:26:04 PM  CPU    %usr   %nice    %sys %iowait    %irq   %soft  %steal  %guest  %gnice   %idle
12:26:05 PM    0   39.39    0.00   16.16    0.00    0.00    3.03    0.00    0.00    0.00   41.41

12:26:05 PM  CPU    %usr   %nice    %sys %iowait    %irq   %soft  %steal  %guest  %gnice   %idle
12:26:06 PM    0   37.76    0.00   16.33    0.00    0.00    3.06    0.00    0.00    0.00   42.86

12:26:06 PM  CPU    %usr   %nice    %sys %iowait    %irq   %soft  %steal  %guest  %gnice   %idle
12:26:07 PM    0   40.59    0.00   15.84    0.00    0.00    1.98    0.00    0.00    0.00   41.58

12:26:07 PM  CPU    %usr   %nice    %sys %iowait    %irq   %soft  %steal  %guest  %gnice   %idle
12:26:08 PM    0   37.37    0.00   15.15    0.00    0.00    5.05    0.00    0.00    0.00   42.42

12:26:08 PM  CPU    %usr   %nice    %sys %iowait    %irq   %soft  %steal  %guest  %gnice   %idle
12:26:09 PM    0   37.76    0.00   17.35    0.00    0.00    2.04    0.00    0.00    0.00   42.86

12:26:09 PM  CPU    %usr   %nice    %sys %iowait    %irq   %soft  %steal  %guest  %gnice   %idle
12:26:10 PM    0   36.00    0.00   18.00    0.00    0.00    4.00    0.00    0.00    0.00   42.00

12:26:10 PM  CPU    %usr   %nice    %sys %iowait    %irq   %soft  %steal  %guest  %gnice   %idle
12:26:11 PM    0   38.46    0.00   15.38    0.00    0.00    6.73    0.00    0.00    0.00   39.42

12:26:11 PM  CPU    %usr   %nice    %sys %iowait    %irq   %soft  %steal  %guest  %gnice   %idle
12:26:12 PM    0   38.14    0.00   16.49    0.00    0.00    3.09    0.00    0.00    0.00   42.27

12:26:12 PM  CPU    %usr   %nice    %sys %iowait    %irq   %soft  %steal  %guest  %gnice   %idle
12:26:13 PM    0   35.35    0.00   20.20    0.00    0.00    2.02    0.00    0.00    0.00   42.42

12:26:13 PM  CPU    %usr   %nice    %sys %iowait    %irq   %soft  %steal  %guest  %gnice   %idle
12:26:14 PM    0   39.80    0.00   12.24    0.00    0.00    4.08    0.00    0.00    0.00   43.88

12:26:14 PM  CPU    %usr   %nice    %sys %iowait    %irq   %soft  %steal  %guest  %gnice   %idle
12:26:15 PM    0   39.80    0.00   14.29    0.00    0.00    2.04    0.00    0.00    0.00   43.88

12:26:15 PM  CPU    %usr   %nice    %sys %iowait    %irq   %soft  %steal  %guest  %gnice   %idle
12:26:16 PM    0   40.00    0.00   16.00    0.00    0.00    2.00    0.00    0.00    0.00   42.00

12:26:16 PM  CPU    %usr   %nice    %sys %iowait    %irq   %soft  %steal  %guest  %gnice   %idle
12:26:17 PM    0   42.57    0.00   12.87    0.00    0.00    2.97    0.00    0.00    0.00   41.58

12:26:17 PM  CPU    %usr   %nice    %sys %iowait    %irq   %soft  %steal  %guest  %gnice   %idle
12:26:18 PM    0   40.82    0.00   15.31    0.00    0.00    2.04    0.00    0.00    0.00   41.84

12:26:18 PM  CPU    %usr   %nice    %sys %iowait    %irq   %soft  %steal  %guest  %gnice   %idle
12:26:19 PM    0   45.54    0.00   11.88    0.00    0.00    2.97    0.00    0.00    0.00   39.60

12:26:19 PM  CPU    %usr   %nice    %sys %iowait    %irq   %soft  %steal  %guest  %gnice   %idle
12:26:20 PM    0   39.18    0.00   14.43    0.00    0.00    4.12    0.00    0.00    0.00   42.27

12:26:20 PM  CPU    %usr   %nice    %sys %iowait    %irq   %soft  %steal  %guest  %gnice   %idle
12:26:21 PM    0   34.00    0.00   21.00    0.00    0.00    4.00    0.00    0.00    0.00   41.00

12:26:21 PM  CPU    %usr   %nice    %sys %iowait    %irq   %soft  %steal  %guest  %gnice   %idle
12:26:22 PM    0   39.60    0.00   16.83    0.00    0.00    2.97    0.00    0.00    0.00   40.59

12:26:22 PM  CPU    %usr   %nice    %sys %iowait    %irq   %soft  %steal  %guest  %gnice   %idle
12:26:23 PM    0   34.02    0.00   19.59    0.00    0.00    5.15    0.00    0.00    0.00   41.24

12:26:23 PM  CPU    %usr   %nice    %sys %iowait    %irq   %soft  %steal  %guest  %gnice   %idle
12:26:24 PM    0   35.71    0.00   18.37    0.00    0.00    4.08    0.00    0.00    0.00   41.84

12:26:24 PM  CPU    %usr   %nice    %sys %iowait    %irq   %soft  %steal  %guest  %gnice   %idle
12:26:25 PM    0   39.00    0.00   16.00    0.00    0.00    4.00    0.00    0.00    0.00   41.00

12:26:25 PM  CPU    %usr   %nice    %sys %iowait    %irq   %soft  %steal  %guest  %gnice   %idle
12:26:26 PM    0   36.08    0.00   15.46    0.00    0.00    6.19    0.00    0.00    0.00   42.27

12:26:26 PM  CPU    %usr   %nice    %sys %iowait    %irq   %soft  %steal  %guest  %gnice   %idle
12:26:27 PM    0   36.46    0.00   16.67    0.00    0.00    4.17    0.00    0.00    0.00   42.71

12:26:27 PM  CPU    %usr   %nice    %sys %iowait    %irq   %soft  %steal  %guest  %gnice   %idle
12:26:28 PM    0   39.39    0.00   16.16    0.00    0.00    3.03    0.00    0.00    0.00   41.41

12:26:28 PM  CPU    %usr   %nice    %sys %iowait    %irq   %soft  %steal  %guest  %gnice   %idle
12:26:29 PM    0   37.00    0.00   15.00    0.00    0.00    6.00    0.00    0.00    0.00   42.00

12:26:29 PM  CPU    %usr   %nice    %sys %iowait    %irq   %soft  %steal  %guest  %gnice   %idle
12:26:30 PM    0   38.38    0.00   15.15    0.00    0.00    5.05    0.00    0.00    0.00   41.41

12:26:30 PM  CPU    %usr   %nice    %sys %iowait    %irq   %soft  %steal  %guest  %gnice   %idle
12:26:31 PM    0   39.60    0.00   14.85    0.00    0.00    3.96    0.00    0.00    0.00   41.58

12:26:31 PM  CPU    %usr   %nice    %sys %iowait    %irq   %soft  %steal  %guest  %gnice   %idle
12:26:32 PM    0   41.41    0.00   13.13    0.00    0.00    3.03    0.00    0.00    0.00   42.42

12:26:32 PM  CPU    %usr   %nice    %sys %iowait    %irq   %soft  %steal  %guest  %gnice   %idle
12:26:33 PM    0   35.05    0.00   20.62    0.00    0.00    2.06    0.00    0.00    0.00   42.27

12:26:33 PM  CPU    %usr   %nice    %sys %iowait    %irq   %soft  %steal  %guest  %gnice   %idle
12:26:34 PM    0   36.63    0.00   18.81    0.00    0.00    2.97    0.00    0.00    0.00   41.58

12:26:34 PM  CPU    %usr   %nice    %sys %iowait    %irq   %soft  %steal  %guest  %gnice   %idle
12:26:35 PM    0   38.78    0.00   14.29    0.00    0.00    4.08    0.00    0.00    0.00   42.86

12:26:35 PM  CPU    %usr   %nice    %sys %iowait    %irq   %soft  %steal  %guest  %gnice   %idle
12:26:36 PM    0   35.05    0.00   18.56    0.00    0.00    4.12    0.00    0.00    0.00   42.27

12:26:36 PM  CPU    %usr   %nice    %sys %iowait    %irq   %soft  %steal  %guest  %gnice   %idle
12:26:37 PM    0   37.37    0.00   17.17    0.00    0.00    4.04    0.00    0.00    0.00   41.41

12:26:37 PM  CPU    %usr   %nice    %sys %iowait    %irq   %soft  %steal  %guest  %gnice   %idle
12:26:38 PM    0   35.35    0.00   15.15    0.00    0.00    6.06    0.00    0.00    0.00   43.43

12:26:38 PM  CPU    %usr   %nice    %sys %iowait    %irq   %soft  %steal  %guest  %gnice   %idle
12:26:39 PM    0   35.71    0.00   17.35    0.00    0.00    5.10    0.00    0.00    0.00   41.84

12:26:39 PM  CPU    %usr   %nice    %sys %iowait    %irq   %soft  %steal  %guest  %gnice   %idle
12:26:40 PM    0   39.60    0.00   13.86    0.00    0.00    4.95    0.00    0.00    0.00   41.58

12:26:40 PM  CPU    %usr   %nice    %sys %iowait    %irq   %soft  %steal  %guest  %gnice   %idle
12:26:41 PM    0   38.00    0.00   15.00    0.00    0.00    6.00    0.00    0.00    0.00   41.00

12:26:41 PM  CPU    %usr   %nice    %sys %iowait    %irq   %soft  %steal  %guest  %gnice   %idle
12:26:42 PM    0   34.69    0.00   18.37    0.00    0.00    5.10    0.00    0.00    0.00   41.84

12:26:42 PM  CPU    %usr   %nice    %sys %iowait    %irq   %soft  %steal  %guest  %gnice   %idle
12:26:43 PM    0   39.80    0.00   11.22    0.00    0.00    6.12    0.00    0.00    0.00   42.86

12:26:43 PM  CPU    %usr   %nice    %sys %iowait    %irq   %soft  %steal  %guest  %gnice   %idle
12:26:44 PM    0   39.80    0.00   15.31    0.00    0.00    2.04    0.00    0.00    0.00   42.86

12:26:44 PM  CPU    %usr   %nice    %sys %iowait    %irq   %soft  %steal  %guest  %gnice   %idle
12:26:45 PM    0   33.00    0.00   18.00    0.00    0.00    7.00    0.00    0.00    0.00   42.00

12:26:45 PM  CPU    %usr   %nice    %sys %iowait    %irq   %soft  %steal  %guest  %gnice   %idle
12:26:46 PM    0   40.21    0.00   15.46    0.00    0.00    1.03    0.00    0.00    0.00   43.30

12:26:46 PM  CPU    %usr   %nice    %sys %iowait    %irq   %soft  %steal  %guest  %gnice   %idle
12:26:47 PM    0   42.00    0.00   12.00    0.00    0.00    4.00    0.00    0.00    0.00   42.00

12:26:47 PM  CPU    %usr   %nice    %sys %iowait    %irq   %soft  %steal  %guest  %gnice   %idle
12:26:48 PM    0   40.40    0.00   14.14    0.00    0.00    3.03    0.00    0.00    0.00   42.42

12:26:48 PM  CPU    %usr   %nice    %sys %iowait    %irq   %soft  %steal  %guest  %gnice   %idle
12:26:49 PM    0   37.37    0.00   18.18    0.00    0.00    2.02    0.00    0.00    0.00   42.42

12:26:49 PM  CPU    %usr   %nice    %sys %iowait    %irq   %soft  %steal  %guest  %gnice   %idle
12:26:50 PM    0   41.41    0.00   13.13    0.00    0.00    3.03    0.00    0.00    0.00   42.42

12:26:50 PM  CPU    %usr   %nice    %sys %iowait    %irq   %soft  %steal  %guest  %gnice   %idle
12:26:51 PM    0   41.05    0.00   13.68    0.00    0.00    1.05    0.00    0.00    0.00   44.21

12:26:51 PM  CPU    %usr   %nice    %sys %iowait    %irq   %soft  %steal  %guest  %gnice   %idle
12:26:52 PM    0   40.82    0.00   11.22    0.00    0.00    6.12    0.00    0.00    0.00   41.84

12:26:52 PM  CPU    %usr   %nice    %sys %iowait    %irq   %soft  %steal  %guest  %gnice   %idle
12:26:53 PM    0   37.76    0.00   15.31    0.00    0.00    4.08    0.00    0.00    0.00   42.86

12:26:53 PM  CPU    %usr   %nice    %sys %iowait    %irq   %soft  %steal  %guest  %gnice   %idle
12:26:54 PM    0   36.36    0.00   16.16    0.00    0.00    4.04    0.00    0.00    0.00   43.43

12:26:54 PM  CPU    %usr   %nice    %sys %iowait    %irq   %soft  %steal  %guest  %gnice   %idle
12:26:55 PM    0   38.00    0.00   16.00    0.00    0.00    4.00    0.00    0.00    0.00   42.00

12:26:55 PM  CPU    %usr   %nice    %sys %iowait    %irq   %soft  %steal  %guest  %gnice   %idle
12:26:56 PM    0   39.00    0.00   14.00    0.00    0.00    6.00    0.00    0.00    0.00   41.00

12:26:56 PM  CPU    %usr   %nice    %sys %iowait    %irq   %soft  %steal  %guest  %gnice   %idle
12:26:57 PM    0   38.95    0.00   15.79    0.00    0.00    2.11    0.00    0.00    0.00   43.16

12:26:57 PM  CPU    %usr   %nice    %sys %iowait    %irq   %soft  %steal  %guest  %gnice   %idle
12:26:58 PM    0   38.78    0.00   14.29    0.00    0.00    4.08    0.00    0.00    0.00   42.86

12:26:58 PM  CPU    %usr   %nice    %sys %iowait    %irq   %soft  %steal  %guest  %gnice   %idle
12:26:59 PM    0   41.18    0.00   13.73    0.00    0.00    3.92    0.00    0.00    0.00   41.18

12:26:59 PM  CPU    %usr   %nice    %sys %iowait    %irq   %soft  %steal  %guest  %gnice   %idle
12:27:00 PM    0   37.11    0.00   16.49    0.00    0.00    3.09    0.00    0.00    0.00   43.30

12:27:00 PM  CPU    %usr   %nice    %sys %iowait    %irq   %soft  %steal  %guest  %gnice   %idle
12:27:01 PM    0   36.17    0.00   15.96    0.00    0.00    4.26    0.00    0.00    0.00   43.62

12:27:01 PM  CPU    %usr   %nice    %sys %iowait    %irq   %soft  %steal  %guest  %gnice   %idle
12:27:02 PM    0   35.71    0.00   17.35    0.00    0.00    4.08    0.00    0.00    0.00   42.86

12:27:02 PM  CPU    %usr   %nice    %sys %iowait    %irq   %soft  %steal  %guest  %gnice   %idle
12:27:03 PM    0   37.50    0.00   15.62    0.00    0.00    4.17    0.00    0.00    0.00   42.71

12:27:03 PM  CPU    %usr   %nice    %sys %iowait    %irq   %soft  %steal  %guest  %gnice   %idle
12:27:04 PM    0   37.25    0.00   16.67    0.00    0.00    4.90    0.00    0.00    0.00   41.18

12:27:04 PM  CPU    %usr   %nice    %sys %iowait    %irq   %soft  %steal  %guest  %gnice   %idle
12:27:05 PM    0   42.42    0.00   13.13    0.00    0.00    2.02    0.00    0.00    0.00   42.42

12:27:05 PM  CPU    %usr   %nice    %sys %iowait    %irq   %soft  %steal  %guest  %gnice   %idle
12:27:06 PM    0   32.67    0.00   19.80    0.00    0.00    4.95    0.00    0.00    0.00   42.57

12:27:06 PM  CPU    %usr   %nice    %sys %iowait    %irq   %soft  %steal  %guest  %gnice   %idle
12:27:07 PM    0   37.89    0.00   13.68    0.00    0.00    4.21    0.00    0.00    0.00   44.21

12:27:07 PM  CPU    %usr   %nice    %sys %iowait    %irq   %soft  %steal  %guest  %gnice   %idle
12:27:08 PM    0   37.00    0.00   15.00    0.00    0.00    5.00    0.00    0.00    0.00   43.00

12:27:08 PM  CPU    %usr   %nice    %sys %iowait    %irq   %soft  %steal  %guest  %gnice   %idle
12:27:09 PM    0   37.62    0.00   16.83    0.00    0.00    2.97    0.00    0.00    0.00   42.57

12:27:09 PM  CPU    %usr   %nice    %sys %iowait    %irq   %soft  %steal  %guest  %gnice   %idle
12:27:10 PM    0   42.00    0.00   13.00    0.00    0.00    2.00    0.00    0.00    0.00   43.00

12:27:10 PM  CPU    %usr   %nice    %sys %iowait    %irq   %soft  %steal  %guest  %gnice   %idle
12:27:11 PM    0   39.18    0.00   14.43    0.00    0.00    3.09    0.00    0.00    0.00   43.30

12:27:11 PM  CPU    %usr   %nice    %sys %iowait    %irq   %soft  %steal  %guest  %gnice   %idle
12:27:12 PM    0   39.60    0.00   11.88    0.00    0.00    6.93    0.00    0.00    0.00   41.58

12:27:12 PM  CPU    %usr   %nice    %sys %iowait    %irq   %soft  %steal  %guest  %gnice   %idle
12:27:13 PM    0   41.67    0.00   10.42    0.00    0.00    3.12    0.00    0.00    0.00   44.79

12:27:13 PM  CPU    %usr   %nice    %sys %iowait    %irq   %soft  %steal  %guest  %gnice   %idle
12:27:14 PM    0   39.60    0.00   13.86    0.00    0.00    4.95    0.00    0.00    0.00   41.58

12:27:14 PM  CPU    %usr   %nice    %sys %iowait    %irq   %soft  %steal  %guest  %gnice   %idle
12:27:15 PM    0   38.61    0.00   14.85    0.00    0.00    4.95    0.00    0.00    0.00   41.58

12:27:15 PM  CPU    %usr   %nice    %sys %iowait    %irq   %soft  %steal  %guest  %gnice   %idle
12:27:16 PM    0   42.86    0.00   11.22    0.00    0.00    3.06    0.00    0.00    0.00   42.86

12:27:16 PM  CPU    %usr   %nice    %sys %iowait    %irq   %soft  %steal  %guest  %gnice   %idle
12:27:17 PM    0   40.82    0.00   12.24    0.00    0.00    4.08    0.00    0.00    0.00   42.86

12:27:17 PM  CPU    %usr   %nice    %sys %iowait    %irq   %soft  %steal  %guest  %gnice   %idle
12:27:18 PM    0   41.58    0.00   13.86    0.00    0.00    3.96    0.00    0.00    0.00   40.59

12:27:18 PM  CPU    %usr   %nice    %sys %iowait    %irq   %soft  %steal  %guest  %gnice   %idle
12:27:19 PM    0   36.73    0.00   14.29    0.00    0.00    7.14    0.00    0.00    0.00   41.84

12:27:19 PM  CPU    %usr   %nice    %sys %iowait    %irq   %soft  %steal  %guest  %gnice   %idle
12:27:20 PM    0   37.37    0.00   18.18    0.00    0.00    2.02    0.00    0.00    0.00   42.42

12:27:20 PM  CPU    %usr   %nice    %sys %iowait    %irq   %soft  %steal  %guest  %gnice   %idle
12:27:21 PM    0   38.38    0.00   17.17    0.00    0.00    3.03    0.00    0.00    0.00   41.41

12:27:21 PM  CPU    %usr   %nice    %sys %iowait    %irq   %soft  %steal  %guest  %gnice   %idle
12:27:22 PM    0   33.00    0.00   18.00    0.00    0.00    6.00    0.00    0.00    0.00   43.00

12:27:22 PM  CPU    %usr   %nice    %sys %iowait    %irq   %soft  %steal  %guest  %gnice   %idle
12:27:23 PM    0   39.58    0.00   12.50    0.00    0.00    5.21    0.00    0.00    0.00   42.71

12:27:23 PM  CPU    %usr   %nice    %sys %iowait    %irq   %soft  %steal  %guest  %gnice   %idle
12:27:24 PM    0   35.35    0.00   17.17    0.00    0.00    4.04    0.00    0.00    0.00   43.43

12:27:24 PM  CPU    %usr   %nice    %sys %iowait    %irq   %soft  %steal  %guest  %gnice   %idle
12:27:25 PM    0   40.00    0.00   13.00    0.00    0.00    5.00    0.00    0.00    0.00   42.00

12:27:25 PM  CPU    %usr   %nice    %sys %iowait    %irq   %soft  %steal  %guest  %gnice   %idle
12:27:26 PM    0   41.00    0.00   13.00    0.00    0.00    3.00    0.00    0.00    0.00   43.00

12:27:26 PM  CPU    %usr   %nice    %sys %iowait    %irq   %soft  %steal  %guest  %gnice   %idle
12:27:27 PM    0   39.58    0.00   14.58    0.00    0.00    3.12    0.00    0.00    0.00   42.71

12:27:27 PM  CPU    %usr   %nice    %sys %iowait    %irq   %soft  %steal  %guest  %gnice   %idle
12:27:28 PM    0   37.62    0.00   14.85    0.00    0.00    6.93    0.00    0.00    0.00   40.59

12:27:28 PM  CPU    %usr   %nice    %sys %iowait    %irq   %soft  %steal  %guest  %gnice   %idle
12:27:29 PM    0   34.65    0.00   20.79    0.00    0.00    2.97    0.00    0.00    0.00   41.58

12:27:29 PM  CPU    %usr   %nice    %sys %iowait    %irq   %soft  %steal  %guest  %gnice   %idle
12:27:30 PM    0   37.62    0.00   17.82    0.00    0.00    2.97    0.00    0.00    0.00   41.58

12:27:30 PM  CPU    %usr   %nice    %sys %iowait    %irq   %soft  %steal  %guest  %gnice   %idle
12:27:31 PM    0   41.84    0.00   14.29    0.00    0.00    1.02    0.00    0.00    0.00   42.86

12:27:31 PM  CPU    %usr   %nice    %sys %iowait    %irq   %soft  %steal  %guest  %gnice   %idle
12:27:32 PM    0   40.62    0.00   10.42    0.00    0.00    5.21    0.00    0.00    0.00   43.75

12:27:32 PM  CPU    %usr   %nice    %sys %iowait    %irq   %soft  %steal  %guest  %gnice   %idle
12:27:33 PM    0   37.00    0.00   14.00    0.00    0.00    6.00    0.00    0.00    0.00   43.00

12:27:33 PM  CPU    %usr   %nice    %sys %iowait    %irq   %soft  %steal  %guest  %gnice   %idle
12:27:34 PM    0   39.22    0.00   14.71    0.00    0.00    4.90    0.00    0.00    0.00   41.18

12:27:34 PM  CPU    %usr   %nice    %sys %iowait    %irq   %soft  %steal  %guest  %gnice   %idle
12:27:35 PM    0   36.73    0.00   16.33    0.00    0.00    5.10    0.00    0.00    0.00   41.84

12:27:35 PM  CPU    %usr   %nice    %sys %iowait    %irq   %soft  %steal  %guest  %gnice   %idle
12:27:36 PM    0   43.75    0.00    9.38    0.00    0.00    3.12    0.00    0.00    0.00   43.75

Average:     CPU    %usr   %nice    %sys %iowait    %irq   %soft  %steal  %guest  %gnice   %idle
Average:       0   38.41    0.00   15.49    0.00    0.00    3.91    0.00    0.00    0.00   42.19
