Linux 5.3.0-61-generic (cw-zenbook) 	07/16/2020 	_x86_64_	(8 CPU)

12:38:41 PM  CPU    %usr   %nice    %sys %iowait    %irq   %soft  %steal  %guest  %gnice   %idle
12:38:42 PM    0   50.52    0.00   22.68    0.00    0.00    4.12    0.00    0.00    0.00   22.68

12:38:42 PM  CPU    %usr   %nice    %sys %iowait    %irq   %soft  %steal  %guest  %gnice   %idle
12:38:43 PM    0   54.55    0.00   17.17    0.00    0.00    6.06    0.00    0.00    0.00   22.22

12:38:43 PM  CPU    %usr   %nice    %sys %iowait    %irq   %soft  %steal  %guest  %gnice   %idle
12:38:44 PM    0   49.49    0.00   23.23    0.00    0.00    5.05    0.00    0.00    0.00   22.22

12:38:44 PM  CPU    %usr   %nice    %sys %iowait    %irq   %soft  %steal  %guest  %gnice   %idle
12:38:45 PM    0   50.00    0.00   22.45    0.00    0.00    4.08    0.00    0.00    0.00   23.47

12:38:45 PM  CPU    %usr   %nice    %sys %iowait    %irq   %soft  %steal  %guest  %gnice   %idle
12:38:46 PM    0   51.00    0.00   21.00    0.00    0.00    7.00    0.00    0.00    0.00   21.00

12:38:46 PM  CPU    %usr   %nice    %sys %iowait    %irq   %soft  %steal  %guest  %gnice   %idle
12:38:47 PM    0   54.90    0.00   19.61    0.00    0.00    3.92    0.00    0.00    0.00   21.57

12:38:47 PM  CPU    %usr   %nice    %sys %iowait    %irq   %soft  %steal  %guest  %gnice   %idle
12:38:48 PM    0   48.04    0.00   24.51    0.00    0.00    5.88    0.00    0.00    0.00   21.57

12:38:48 PM  CPU    %usr   %nice    %sys %iowait    %irq   %soft  %steal  %guest  %gnice   %idle
12:38:49 PM    0   52.00    0.00   21.00    0.00    0.00    5.00    0.00    0.00    0.00   22.00

12:38:49 PM  CPU    %usr   %nice    %sys %iowait    %irq   %soft  %steal  %guest  %gnice   %idle
12:38:50 PM    0   50.50    0.00   21.78    0.00    0.00    5.94    0.00    0.00    0.00   21.78

12:38:50 PM  CPU    %usr   %nice    %sys %iowait    %irq   %soft  %steal  %guest  %gnice   %idle
12:38:51 PM    0   47.96    0.00   22.45    0.00    0.00    7.14    0.00    0.00    0.00   22.45

12:38:51 PM  CPU    %usr   %nice    %sys %iowait    %irq   %soft  %steal  %guest  %gnice   %idle
12:38:52 PM    0   54.55    0.00   19.19    0.00    0.00    4.04    0.00    0.00    0.00   22.22

12:38:52 PM  CPU    %usr   %nice    %sys %iowait    %irq   %soft  %steal  %guest  %gnice   %idle
12:38:53 PM    0   50.00    0.00   24.49    0.00    0.00    3.06    0.00    0.00    0.00   22.45

12:38:53 PM  CPU    %usr   %nice    %sys %iowait    %irq   %soft  %steal  %guest  %gnice   %idle
12:38:54 PM    0   54.55    0.00   17.17    0.00    0.00    6.06    0.00    0.00    0.00   22.22

12:38:54 PM  CPU    %usr   %nice    %sys %iowait    %irq   %soft  %steal  %guest  %gnice   %idle
12:38:55 PM    0   53.06    0.00   20.41    0.00    0.00    4.08    0.00    0.00    0.00   22.45

12:38:55 PM  CPU    %usr   %nice    %sys %iowait    %irq   %soft  %steal  %guest  %gnice   %idle
12:38:56 PM    0   49.00    0.00   22.00    0.00    0.00    7.00    0.00    0.00    0.00   22.00

12:38:56 PM  CPU    %usr   %nice    %sys %iowait    %irq   %soft  %steal  %guest  %gnice   %idle
12:38:57 PM    0   53.61    0.00   17.53    0.00    0.00    6.19    0.00    0.00    0.00   22.68

12:38:57 PM  CPU    %usr   %nice    %sys %iowait    %irq   %soft  %steal  %guest  %gnice   %idle
12:38:58 PM    0   50.50    0.00   19.80    0.00    0.00    6.93    0.00    0.00    0.00   22.77

12:38:58 PM  CPU    %usr   %nice    %sys %iowait    %irq   %soft  %steal  %guest  %gnice   %idle
12:38:59 PM    0   51.02    0.00   20.41    0.00    0.00    6.12    0.00    0.00    0.00   22.45

12:38:59 PM  CPU    %usr   %nice    %sys %iowait    %irq   %soft  %steal  %guest  %gnice   %idle
12:39:00 PM    0   59.00    0.00   14.00    0.00    0.00    4.00    0.00    0.00    0.00   23.00

12:39:00 PM  CPU    %usr   %nice    %sys %iowait    %irq   %soft  %steal  %guest  %gnice   %idle
12:39:01 PM    0   50.00    0.00   20.41    0.00    0.00    7.14    0.00    0.00    0.00   22.45

12:39:01 PM  CPU    %usr   %nice    %sys %iowait    %irq   %soft  %steal  %guest  %gnice   %idle
12:39:02 PM    0   50.51    0.00   24.24    0.00    0.00    3.03    0.00    0.00    0.00   22.22

12:39:02 PM  CPU    %usr   %nice    %sys %iowait    %irq   %soft  %steal  %guest  %gnice   %idle
12:39:03 PM    0   53.54    0.00   16.16    0.00    0.00    7.07    0.00    0.00    0.00   23.23

12:39:03 PM  CPU    %usr   %nice    %sys %iowait    %irq   %soft  %steal  %guest  %gnice   %idle
12:39:04 PM    0   52.00    0.00   20.00    0.00    0.00    6.00    0.00    0.00    0.00   22.00

12:39:04 PM  CPU    %usr   %nice    %sys %iowait    %irq   %soft  %steal  %guest  %gnice   %idle
12:39:05 PM    0   55.67    0.00   17.53    0.00    0.00    4.12    0.00    0.00    0.00   22.68

12:39:05 PM  CPU    %usr   %nice    %sys %iowait    %irq   %soft  %steal  %guest  %gnice   %idle
12:39:06 PM    0   57.00    0.00   18.00    0.00    0.00    3.00    0.00    0.00    0.00   22.00

12:39:06 PM  CPU    %usr   %nice    %sys %iowait    %irq   %soft  %steal  %guest  %gnice   %idle
12:39:07 PM    0   54.64    0.00   17.53    0.00    0.00    5.15    0.00    0.00    0.00   22.68

12:39:07 PM  CPU    %usr   %nice    %sys %iowait    %irq   %soft  %steal  %guest  %gnice   %idle
12:39:08 PM    0   56.57    0.00   17.17    0.00    0.00    4.04    0.00    0.00    0.00   22.22

12:39:08 PM  CPU    %usr   %nice    %sys %iowait    %irq   %soft  %steal  %guest  %gnice   %idle
12:39:09 PM    0   53.54    0.00   20.20    0.00    0.00    4.04    0.00    0.00    0.00   22.22

12:39:09 PM  CPU    %usr   %nice    %sys %iowait    %irq   %soft  %steal  %guest  %gnice   %idle
12:39:10 PM    0   52.48    0.00   23.76    0.00    0.00    1.98    0.00    0.00    0.00   21.78

12:39:10 PM  CPU    %usr   %nice    %sys %iowait    %irq   %soft  %steal  %guest  %gnice   %idle
12:39:11 PM    0   56.31    0.00   19.42    0.00    0.00    3.88    0.00    0.00    0.00   20.39

12:39:11 PM  CPU    %usr   %nice    %sys %iowait    %irq   %soft  %steal  %guest  %gnice   %idle
12:39:12 PM    0   51.00    0.00   20.00    0.00    0.00    7.00    0.00    0.00    0.00   22.00

12:39:12 PM  CPU    %usr   %nice    %sys %iowait    %irq   %soft  %steal  %guest  %gnice   %idle
12:39:13 PM    0   53.47    0.00   20.79    0.00    0.00    3.96    0.00    0.00    0.00   21.78

12:39:13 PM  CPU    %usr   %nice    %sys %iowait    %irq   %soft  %steal  %guest  %gnice   %idle
12:39:14 PM    0   51.02    0.00   19.39    0.00    0.00    8.16    0.00    0.00    0.00   21.43

12:39:14 PM  CPU    %usr   %nice    %sys %iowait    %irq   %soft  %steal  %guest  %gnice   %idle
12:39:15 PM    0   51.00    0.00   22.00    0.00    0.00    5.00    0.00    0.00    0.00   22.00

12:39:15 PM  CPU    %usr   %nice    %sys %iowait    %irq   %soft  %steal  %guest  %gnice   %idle
12:39:16 PM    0   51.49    0.00   19.80    0.00    0.00    5.94    0.00    0.00    0.00   22.77

12:39:16 PM  CPU    %usr   %nice    %sys %iowait    %irq   %soft  %steal  %guest  %gnice   %idle
12:39:17 PM    0   53.00    0.00   18.00    0.00    0.00    7.00    0.00    0.00    0.00   22.00

12:39:17 PM  CPU    %usr   %nice    %sys %iowait    %irq   %soft  %steal  %guest  %gnice   %idle
12:39:18 PM    0   50.00    0.00   22.00    0.00    0.00    6.00    0.00    0.00    0.00   22.00

12:39:18 PM  CPU    %usr   %nice    %sys %iowait    %irq   %soft  %steal  %guest  %gnice   %idle
12:39:19 PM    0   50.00    0.00   23.53    0.00    0.00    4.90    0.00    0.00    0.00   21.57

12:39:19 PM  CPU    %usr   %nice    %sys %iowait    %irq   %soft  %steal  %guest  %gnice   %idle
12:39:20 PM    0   52.00    0.00   18.00    0.00    0.00    8.00    0.00    0.00    0.00   22.00

12:39:20 PM  CPU    %usr   %nice    %sys %iowait    %irq   %soft  %steal  %guest  %gnice   %idle
12:39:21 PM    0   50.51    0.00   22.22    0.00    0.00    5.05    0.00    0.00    0.00   22.22

12:39:21 PM  CPU    %usr   %nice    %sys %iowait    %irq   %soft  %steal  %guest  %gnice   %idle
12:39:22 PM    0   54.00    0.00   18.00    0.00    0.00    6.00    0.00    0.00    0.00   22.00

12:39:22 PM  CPU    %usr   %nice    %sys %iowait    %irq   %soft  %steal  %guest  %gnice   %idle
12:39:23 PM    0   52.00    0.00   20.00    0.00    0.00    6.00    0.00    0.00    0.00   22.00

12:39:23 PM  CPU    %usr   %nice    %sys %iowait    %irq   %soft  %steal  %guest  %gnice   %idle
12:39:24 PM    0   53.00    0.00   20.00    0.00    0.00    5.00    0.00    0.00    0.00   22.00

12:39:24 PM  CPU    %usr   %nice    %sys %iowait    %irq   %soft  %steal  %guest  %gnice   %idle
12:39:25 PM    0   53.61    0.00   18.56    0.00    0.00    4.12    0.00    0.00    0.00   23.71

12:39:25 PM  CPU    %usr   %nice    %sys %iowait    %irq   %soft  %steal  %guest  %gnice   %idle
12:39:26 PM    0   50.50    0.00   19.80    0.00    0.00    7.92    0.00    0.00    0.00   21.78

12:39:26 PM  CPU    %usr   %nice    %sys %iowait    %irq   %soft  %steal  %guest  %gnice   %idle
12:39:27 PM    0   56.12    0.00   16.33    0.00    0.00    4.08    0.00    0.00    0.00   23.47

12:39:27 PM  CPU    %usr   %nice    %sys %iowait    %irq   %soft  %steal  %guest  %gnice   %idle
12:39:28 PM    0   51.52    0.00   21.21    0.00    0.00    5.05    0.00    0.00    0.00   22.22

12:39:28 PM  CPU    %usr   %nice    %sys %iowait    %irq   %soft  %steal  %guest  %gnice   %idle
12:39:29 PM    0   54.64    0.00   15.46    0.00    0.00    7.22    0.00    0.00    0.00   22.68

12:39:29 PM  CPU    %usr   %nice    %sys %iowait    %irq   %soft  %steal  %guest  %gnice   %idle
12:39:30 PM    0   54.00    0.00   20.00    0.00    0.00    4.00    0.00    0.00    0.00   22.00

12:39:30 PM  CPU    %usr   %nice    %sys %iowait    %irq   %soft  %steal  %guest  %gnice   %idle
12:39:31 PM    0   48.00    0.00   23.00    0.00    0.00    6.00    0.00    0.00    0.00   23.00

12:39:31 PM  CPU    %usr   %nice    %sys %iowait    %irq   %soft  %steal  %guest  %gnice   %idle
12:39:32 PM    0   48.48    0.00   21.21    0.00    0.00    8.08    0.00    0.00    0.00   22.22

12:39:32 PM  CPU    %usr   %nice    %sys %iowait    %irq   %soft  %steal  %guest  %gnice   %idle
12:39:33 PM    0   53.54    0.00   18.18    0.00    0.00    6.06    0.00    0.00    0.00   22.22

12:39:33 PM  CPU    %usr   %nice    %sys %iowait    %irq   %soft  %steal  %guest  %gnice   %idle
12:39:34 PM    0   48.98    0.00   20.41    0.00    0.00    7.14    0.00    0.00    0.00   23.47

12:39:34 PM  CPU    %usr   %nice    %sys %iowait    %irq   %soft  %steal  %guest  %gnice   %idle
12:39:35 PM    0   50.50    0.00   21.78    0.00    0.00    4.95    0.00    0.00    0.00   22.77

12:39:35 PM  CPU    %usr   %nice    %sys %iowait    %irq   %soft  %steal  %guest  %gnice   %idle
12:39:36 PM    0   50.52    0.00   21.65    0.00    0.00    5.15    0.00    0.00    0.00   22.68

12:39:36 PM  CPU    %usr   %nice    %sys %iowait    %irq   %soft  %steal  %guest  %gnice   %idle
12:39:37 PM    0   50.51    0.00   20.20    0.00    0.00    7.07    0.00    0.00    0.00   22.22

12:39:37 PM  CPU    %usr   %nice    %sys %iowait    %irq   %soft  %steal  %guest  %gnice   %idle
12:39:38 PM    0   50.98    0.00   20.59    0.00    0.00    6.86    0.00    0.00    0.00   21.57

12:39:38 PM  CPU    %usr   %nice    %sys %iowait    %irq   %soft  %steal  %guest  %gnice   %idle
12:39:39 PM    0   52.48    0.00   19.80    0.00    0.00    5.94    0.00    0.00    0.00   21.78

12:39:39 PM  CPU    %usr   %nice    %sys %iowait    %irq   %soft  %steal  %guest  %gnice   %idle
12:39:40 PM    0   55.10    0.00   18.37    0.00    0.00    5.10    0.00    0.00    0.00   21.43

12:39:40 PM  CPU    %usr   %nice    %sys %iowait    %irq   %soft  %steal  %guest  %gnice   %idle
12:39:41 PM    0   51.52    0.00   21.21    0.00    0.00    5.05    0.00    0.00    0.00   22.22

12:39:41 PM  CPU    %usr   %nice    %sys %iowait    %irq   %soft  %steal  %guest  %gnice   %idle
12:39:42 PM    0   54.90    0.00   17.65    0.00    0.00    5.88    0.00    0.00    0.00   21.57

12:39:42 PM  CPU    %usr   %nice    %sys %iowait    %irq   %soft  %steal  %guest  %gnice   %idle
12:39:43 PM    0   54.64    0.00   17.53    0.00    0.00    5.15    0.00    0.00    0.00   22.68

12:39:43 PM  CPU    %usr   %nice    %sys %iowait    %irq   %soft  %steal  %guest  %gnice   %idle
12:39:44 PM    0   48.04    0.00   20.59    0.00    0.00    8.82    0.00    0.00    0.00   22.55

12:39:44 PM  CPU    %usr   %nice    %sys %iowait    %irq   %soft  %steal  %guest  %gnice   %idle
12:39:45 PM    0   56.00    0.00   17.00    0.00    0.00    5.00    0.00    0.00    0.00   22.00

12:39:45 PM  CPU    %usr   %nice    %sys %iowait    %irq   %soft  %steal  %guest  %gnice   %idle
12:39:46 PM    0   44.44    0.00   25.25    0.00    0.00    7.07    0.00    0.00    0.00   23.23

12:39:46 PM  CPU    %usr   %nice    %sys %iowait    %irq   %soft  %steal  %guest  %gnice   %idle
12:39:47 PM    0   55.56    0.00   17.17    0.00    0.00    5.05    0.00    0.00    0.00   22.22

12:39:47 PM  CPU    %usr   %nice    %sys %iowait    %irq   %soft  %steal  %guest  %gnice   %idle
12:39:48 PM    0   50.00    0.00   22.45    0.00    0.00    6.12    0.00    0.00    0.00   21.43

12:39:48 PM  CPU    %usr   %nice    %sys %iowait    %irq   %soft  %steal  %guest  %gnice   %idle
12:39:49 PM    0   49.49    0.00   22.22    0.00    0.00    5.05    0.00    0.00    0.00   23.23

12:39:49 PM  CPU    %usr   %nice    %sys %iowait    %irq   %soft  %steal  %guest  %gnice   %idle
12:39:50 PM    0   56.12    0.00   19.39    0.00    0.00    3.06    0.00    0.00    0.00   21.43

12:39:50 PM  CPU    %usr   %nice    %sys %iowait    %irq   %soft  %steal  %guest  %gnice   %idle
12:39:51 PM    0   50.51    0.00   21.21    0.00    0.00    6.06    0.00    0.00    0.00   22.22

12:39:51 PM  CPU    %usr   %nice    %sys %iowait    %irq   %soft  %steal  %guest  %gnice   %idle
12:39:52 PM    0   54.55    0.00   19.19    0.00    0.00    4.04    0.00    0.00    0.00   22.22

12:39:52 PM  CPU    %usr   %nice    %sys %iowait    %irq   %soft  %steal  %guest  %gnice   %idle
12:39:53 PM    0   53.92    0.00   19.61    0.00    0.00    4.90    0.00    0.00    0.00   21.57

12:39:53 PM  CPU    %usr   %nice    %sys %iowait    %irq   %soft  %steal  %guest  %gnice   %idle
12:39:54 PM    0   55.00    0.00   17.00    0.00    0.00    6.00    0.00    0.00    0.00   22.00

12:39:54 PM  CPU    %usr   %nice    %sys %iowait    %irq   %soft  %steal  %guest  %gnice   %idle
12:39:55 PM    0   51.02    0.00   22.45    0.00    0.00    4.08    0.00    0.00    0.00   22.45

12:39:55 PM  CPU    %usr   %nice    %sys %iowait    %irq   %soft  %steal  %guest  %gnice   %idle
12:39:56 PM    0   55.00    0.00   18.00    0.00    0.00    5.00    0.00    0.00    0.00   22.00

12:39:56 PM  CPU    %usr   %nice    %sys %iowait    %irq   %soft  %steal  %guest  %gnice   %idle
12:39:57 PM    0   50.50    0.00   20.79    0.00    0.00    7.92    0.00    0.00    0.00   20.79

12:39:57 PM  CPU    %usr   %nice    %sys %iowait    %irq   %soft  %steal  %guest  %gnice   %idle
12:39:58 PM    0   56.57    0.00   17.17    0.00    0.00    4.04    0.00    0.00    0.00   22.22

12:39:58 PM  CPU    %usr   %nice    %sys %iowait    %irq   %soft  %steal  %guest  %gnice   %idle
12:39:59 PM    0   53.06    0.00   20.41    0.00    0.00    4.08    0.00    0.00    0.00   22.45

12:39:59 PM  CPU    %usr   %nice    %sys %iowait    %irq   %soft  %steal  %guest  %gnice   %idle
12:40:00 PM    0   51.96    0.00   20.59    0.00    0.00    4.90    0.00    0.00    0.00   22.55

12:40:00 PM  CPU    %usr   %nice    %sys %iowait    %irq   %soft  %steal  %guest  %gnice   %idle
12:40:01 PM    0   54.64    0.00   16.49    0.00    0.00    5.15    0.00    0.00    0.00   23.71

12:40:01 PM  CPU    %usr   %nice    %sys %iowait    %irq   %soft  %steal  %guest  %gnice   %idle
12:40:02 PM    0   46.46    0.00   27.27    0.00    0.00    4.04    0.00    0.00    0.00   22.22

12:40:02 PM  CPU    %usr   %nice    %sys %iowait    %irq   %soft  %steal  %guest  %gnice   %idle
12:40:03 PM    0   51.49    0.00   20.79    0.00    0.00    5.94    0.00    0.00    0.00   21.78

12:40:03 PM  CPU    %usr   %nice    %sys %iowait    %irq   %soft  %steal  %guest  %gnice   %idle
12:40:04 PM    0   56.00    0.00   15.00    0.00    0.00    8.00    0.00    0.00    0.00   21.00

12:40:04 PM  CPU    %usr   %nice    %sys %iowait    %irq   %soft  %steal  %guest  %gnice   %idle
12:40:05 PM    0   53.00    0.00   22.00    0.00    0.00    3.00    0.00    0.00    0.00   22.00

12:40:05 PM  CPU    %usr   %nice    %sys %iowait    %irq   %soft  %steal  %guest  %gnice   %idle
12:40:06 PM    0   49.49    0.00   23.23    0.00    0.00    5.05    0.00    0.00    0.00   22.22

12:40:06 PM  CPU    %usr   %nice    %sys %iowait    %irq   %soft  %steal  %guest  %gnice   %idle
12:40:07 PM    0   53.00    0.00   19.00    0.00    0.00    6.00    0.00    0.00    0.00   22.00

12:40:07 PM  CPU    %usr   %nice    %sys %iowait    %irq   %soft  %steal  %guest  %gnice   %idle
12:40:08 PM    0   47.47    0.00   24.24    0.00    0.00    6.06    0.00    0.00    0.00   22.22

12:40:08 PM  CPU    %usr   %nice    %sys %iowait    %irq   %soft  %steal  %guest  %gnice   %idle
12:40:09 PM    0   55.00    0.00   17.00    0.00    0.00    6.00    0.00    0.00    0.00   22.00

12:40:09 PM  CPU    %usr   %nice    %sys %iowait    %irq   %soft  %steal  %guest  %gnice   %idle
12:40:10 PM    0   55.56    0.00   17.17    0.00    0.00    6.06    0.00    0.00    0.00   21.21

12:40:10 PM  CPU    %usr   %nice    %sys %iowait    %irq   %soft  %steal  %guest  %gnice   %idle
12:40:11 PM    0   52.48    0.00   19.80    0.00    0.00    5.94    0.00    0.00    0.00   21.78

12:40:11 PM  CPU    %usr   %nice    %sys %iowait    %irq   %soft  %steal  %guest  %gnice   %idle
12:40:12 PM    0   51.49    0.00   21.78    0.00    0.00    4.95    0.00    0.00    0.00   21.78

12:40:12 PM  CPU    %usr   %nice    %sys %iowait    %irq   %soft  %steal  %guest  %gnice   %idle
12:40:13 PM    0   58.59    0.00   16.16    0.00    0.00    4.04    0.00    0.00    0.00   21.21

12:40:13 PM  CPU    %usr   %nice    %sys %iowait    %irq   %soft  %steal  %guest  %gnice   %idle
12:40:14 PM    0   50.50    0.00   24.75    0.00    0.00    2.97    0.00    0.00    0.00   21.78

12:40:14 PM  CPU    %usr   %nice    %sys %iowait    %irq   %soft  %steal  %guest  %gnice   %idle
12:40:15 PM    0   54.55    0.00   19.19    0.00    0.00    4.04    0.00    0.00    0.00   22.22

12:40:15 PM  CPU    %usr   %nice    %sys %iowait    %irq   %soft  %steal  %guest  %gnice   %idle
12:40:16 PM    0   52.00    0.00   20.00    0.00    0.00    7.00    0.00    0.00    0.00   21.00

12:40:16 PM  CPU    %usr   %nice    %sys %iowait    %irq   %soft  %steal  %guest  %gnice   %idle
12:40:17 PM    0   49.49    0.00   23.23    0.00    0.00    5.05    0.00    0.00    0.00   22.22

12:40:17 PM  CPU    %usr   %nice    %sys %iowait    %irq   %soft  %steal  %guest  %gnice   %idle
12:40:18 PM    0   50.52    0.00   22.68    0.00    0.00    4.12    0.00    0.00    0.00   22.68

12:40:18 PM  CPU    %usr   %nice    %sys %iowait    %irq   %soft  %steal  %guest  %gnice   %idle
12:40:19 PM    0   55.34    0.00   16.50    0.00    0.00    6.80    0.00    0.00    0.00   21.36

12:40:19 PM  CPU    %usr   %nice    %sys %iowait    %irq   %soft  %steal  %guest  %gnice   %idle
12:40:20 PM    0   49.00    0.00   26.00    0.00    0.00    4.00    0.00    0.00    0.00   21.00

12:40:20 PM  CPU    %usr   %nice    %sys %iowait    %irq   %soft  %steal  %guest  %gnice   %idle
12:40:21 PM    0   53.54    0.00   21.21    0.00    0.00    3.03    0.00    0.00    0.00   22.22

12:40:21 PM  CPU    %usr   %nice    %sys %iowait    %irq   %soft  %steal  %guest  %gnice   %idle
12:40:22 PM    0   51.46    0.00   21.36    0.00    0.00    5.83    0.00    0.00    0.00   21.36

12:40:22 PM  CPU    %usr   %nice    %sys %iowait    %irq   %soft  %steal  %guest  %gnice   %idle
12:40:23 PM    0   52.58    0.00   19.59    0.00    0.00    5.15    0.00    0.00    0.00   22.68

12:40:23 PM  CPU    %usr   %nice    %sys %iowait    %irq   %soft  %steal  %guest  %gnice   %idle
12:40:24 PM    0   54.46    0.00   16.83    0.00    0.00    6.93    0.00    0.00    0.00   21.78

12:40:24 PM  CPU    %usr   %nice    %sys %iowait    %irq   %soft  %steal  %guest  %gnice   %idle
12:40:25 PM    0   54.55    0.00   19.19    0.00    0.00    4.04    0.00    0.00    0.00   22.22

12:40:25 PM  CPU    %usr   %nice    %sys %iowait    %irq   %soft  %steal  %guest  %gnice   %idle
12:40:26 PM    0   47.47    0.00   24.24    0.00    0.00    6.06    0.00    0.00    0.00   22.22

12:40:26 PM  CPU    %usr   %nice    %sys %iowait    %irq   %soft  %steal  %guest  %gnice   %idle
12:40:27 PM    0   50.00    0.00   21.43    0.00    0.00    6.12    0.00    0.00    0.00   22.45

12:40:27 PM  CPU    %usr   %nice    %sys %iowait    %irq   %soft  %steal  %guest  %gnice   %idle
12:40:28 PM    0   52.00    0.00   19.00    0.00    0.00    7.00    0.00    0.00    0.00   22.00

12:40:28 PM  CPU    %usr   %nice    %sys %iowait    %irq   %soft  %steal  %guest  %gnice   %idle
12:40:29 PM    0   52.53    0.00   20.20    0.00    0.00    5.05    0.00    0.00    0.00   22.22

12:40:29 PM  CPU    %usr   %nice    %sys %iowait    %irq   %soft  %steal  %guest  %gnice   %idle
12:40:30 PM    0   52.43    0.00   23.30    0.00    0.00    1.94    0.00    0.00    0.00   22.33

12:40:30 PM  CPU    %usr   %nice    %sys %iowait    %irq   %soft  %steal  %guest  %gnice   %idle
12:40:31 PM    0   53.06    0.00   17.35    0.00    0.00    7.14    0.00    0.00    0.00   22.45

12:40:31 PM  CPU    %usr   %nice    %sys %iowait    %irq   %soft  %steal  %guest  %gnice   %idle
12:40:32 PM    0   51.00    0.00   23.00    0.00    0.00    4.00    0.00    0.00    0.00   22.00

12:40:32 PM  CPU    %usr   %nice    %sys %iowait    %irq   %soft  %steal  %guest  %gnice   %idle
12:40:33 PM    0   51.02    0.00   18.37    0.00    0.00    7.14    0.00    0.00    0.00   23.47

12:40:33 PM  CPU    %usr   %nice    %sys %iowait    %irq   %soft  %steal  %guest  %gnice   %idle
12:40:34 PM    0   53.00    0.00   21.00    0.00    0.00    4.00    0.00    0.00    0.00   22.00

12:40:34 PM  CPU    %usr   %nice    %sys %iowait    %irq   %soft  %steal  %guest  %gnice   %idle
12:40:35 PM    0   50.51    0.00   22.22    0.00    0.00    5.05    0.00    0.00    0.00   22.22

12:40:35 PM  CPU    %usr   %nice    %sys %iowait    %irq   %soft  %steal  %guest  %gnice   %idle
12:40:36 PM    0   52.53    0.00   21.21    0.00    0.00    4.04    0.00    0.00    0.00   22.22

12:40:36 PM  CPU    %usr   %nice    %sys %iowait    %irq   %soft  %steal  %guest  %gnice   %idle
12:40:37 PM    0   48.98    0.00   22.45    0.00    0.00    7.14    0.00    0.00    0.00   21.43

12:40:37 PM  CPU    %usr   %nice    %sys %iowait    %irq   %soft  %steal  %guest  %gnice   %idle
12:40:38 PM    0   53.00    0.00   22.00    0.00    0.00    3.00    0.00    0.00    0.00   22.00

12:40:38 PM  CPU    %usr   %nice    %sys %iowait    %irq   %soft  %steal  %guest  %gnice   %idle
12:40:39 PM    0   53.54    0.00   20.20    0.00    0.00    4.04    0.00    0.00    0.00   22.22

12:40:39 PM  CPU    %usr   %nice    %sys %iowait    %irq   %soft  %steal  %guest  %gnice   %idle
12:40:40 PM    0   52.04    0.00   20.41    0.00    0.00    5.10    0.00    0.00    0.00   22.45

12:40:40 PM  CPU    %usr   %nice    %sys %iowait    %irq   %soft  %steal  %guest  %gnice   %idle
12:40:41 PM    0   58.00    0.00   15.00    0.00    0.00    5.00    0.00    0.00    0.00   22.00

Average:     CPU    %usr   %nice    %sys %iowait    %irq   %soft  %steal  %guest  %gnice   %idle
Average:       0   52.29    0.00   20.21    0.00    0.00    5.35    0.00    0.00    0.00   22.15
