Linux 5.3.0-61-generic (cw-zenbook) 	07/16/2020 	_x86_64_	(8 CPU)

04:52:37 PM  CPU    %usr   %nice    %sys %iowait    %irq   %soft  %steal  %guest  %gnice   %idle
04:52:38 PM    0   38.14    0.00   14.43    0.00    0.00    4.12    0.00    0.00    0.00   43.30

04:52:38 PM  CPU    %usr   %nice    %sys %iowait    %irq   %soft  %steal  %guest  %gnice   %idle
04:52:39 PM    0   36.63    0.00   16.83    0.00    0.00    5.94    0.00    0.00    0.00   40.59

04:52:39 PM  CPU    %usr   %nice    %sys %iowait    %irq   %soft  %steal  %guest  %gnice   %idle
04:52:40 PM    0   34.65    0.00   18.81    0.00    0.00    4.95    0.00    0.00    0.00   41.58

04:52:40 PM  CPU    %usr   %nice    %sys %iowait    %irq   %soft  %steal  %guest  %gnice   %idle
04:52:41 PM    0   37.50    0.00   15.62    0.00    0.00    4.17    0.00    0.00    0.00   42.71

04:52:41 PM  CPU    %usr   %nice    %sys %iowait    %irq   %soft  %steal  %guest  %gnice   %idle
04:52:42 PM    0   34.34    0.00   20.20    0.00    0.00    4.04    0.00    0.00    0.00   41.41

04:52:42 PM  CPU    %usr   %nice    %sys %iowait    %irq   %soft  %steal  %guest  %gnice   %idle
04:52:43 PM    0   36.00    0.00   16.00    0.00    0.00    7.00    0.00    0.00    0.00   41.00

04:52:43 PM  CPU    %usr   %nice    %sys %iowait    %irq   %soft  %steal  %guest  %gnice   %idle
04:52:44 PM    0   37.89    0.00   13.68    0.00    0.00    4.21    0.00    0.00    0.00   44.21

04:52:44 PM  CPU    %usr   %nice    %sys %iowait    %irq   %soft  %steal  %guest  %gnice   %idle
04:52:45 PM    0   36.00    0.00   18.00    0.00    0.00    5.00    0.00    0.00    0.00   41.00

04:52:45 PM  CPU    %usr   %nice    %sys %iowait    %irq   %soft  %steal  %guest  %gnice   %idle
04:52:46 PM    0   39.58    0.00   13.54    0.00    0.00    4.17    0.00    0.00    0.00   42.71

04:52:46 PM  CPU    %usr   %nice    %sys %iowait    %irq   %soft  %steal  %guest  %gnice   %idle
04:52:47 PM    0   36.73    0.00   15.31    0.00    0.00    5.10    0.00    0.00    0.00   42.86

04:52:47 PM  CPU    %usr   %nice    %sys %iowait    %irq   %soft  %steal  %guest  %gnice   %idle
04:52:48 PM    0   40.78    0.00   15.53    0.00    0.00    3.88    0.00    0.00    0.00   39.81

04:52:48 PM  CPU    %usr   %nice    %sys %iowait    %irq   %soft  %steal  %guest  %gnice   %idle
04:52:49 PM    0   43.16    0.00   11.58    0.00    0.00    2.11    0.00    0.00    0.00   43.16

04:52:49 PM  CPU    %usr   %nice    %sys %iowait    %irq   %soft  %steal  %guest  %gnice   %idle
04:52:50 PM    0   42.42    0.00   13.13    0.00    0.00    3.03    0.00    0.00    0.00   41.41

04:52:50 PM  CPU    %usr   %nice    %sys %iowait    %irq   %soft  %steal  %guest  %gnice   %idle
04:52:51 PM    0   39.80    0.00   14.29    0.00    0.00    4.08    0.00    0.00    0.00   41.84

04:52:51 PM  CPU    %usr   %nice    %sys %iowait    %irq   %soft  %steal  %guest  %gnice   %idle
04:52:52 PM    0   34.34    0.00   18.18    0.00    0.00    6.06    0.00    0.00    0.00   41.41

04:52:52 PM  CPU    %usr   %nice    %sys %iowait    %irq   %soft  %steal  %guest  %gnice   %idle
04:52:53 PM    0   40.40    0.00   15.15    0.00    0.00    3.03    0.00    0.00    0.00   41.41

04:52:53 PM  CPU    %usr   %nice    %sys %iowait    %irq   %soft  %steal  %guest  %gnice   %idle
04:52:54 PM    0   37.76    0.00   16.33    0.00    0.00    4.08    0.00    0.00    0.00   41.84

04:52:54 PM  CPU    %usr   %nice    %sys %iowait    %irq   %soft  %steal  %guest  %gnice   %idle
04:52:55 PM    0   37.76    0.00   14.29    0.00    0.00    5.10    0.00    0.00    0.00   42.86

04:52:55 PM  CPU    %usr   %nice    %sys %iowait    %irq   %soft  %steal  %guest  %gnice   %idle
04:52:56 PM    0   38.30    0.00   13.83    0.00    0.00    3.19    0.00    0.00    0.00   44.68

04:52:56 PM  CPU    %usr   %nice    %sys %iowait    %irq   %soft  %steal  %guest  %gnice   %idle
04:52:57 PM    0   39.80    0.00   13.27    0.00    0.00    5.10    0.00    0.00    0.00   41.84

04:52:57 PM  CPU    %usr   %nice    %sys %iowait    %irq   %soft  %steal  %guest  %gnice   %idle
04:52:58 PM    0   36.36    0.00   20.20    0.00    0.00    1.01    0.00    0.00    0.00   42.42

04:52:58 PM  CPU    %usr   %nice    %sys %iowait    %irq   %soft  %steal  %guest  %gnice   %idle
04:52:59 PM    0   38.61    0.00   14.85    0.00    0.00    3.96    0.00    0.00    0.00   42.57

04:52:59 PM  CPU    %usr   %nice    %sys %iowait    %irq   %soft  %steal  %guest  %gnice   %idle
04:53:00 PM    0   41.67    0.00   13.54    0.00    0.00    1.04    0.00    0.00    0.00   43.75

04:53:00 PM  CPU    %usr   %nice    %sys %iowait    %irq   %soft  %steal  %guest  %gnice   %idle
04:53:01 PM    0   36.73    0.00   17.35    0.00    0.00    3.06    0.00    0.00    0.00   42.86

04:53:01 PM  CPU    %usr   %nice    %sys %iowait    %irq   %soft  %steal  %guest  %gnice   %idle
04:53:02 PM    0   33.33    0.00   20.20    0.00    0.00    4.04    0.00    0.00    0.00   42.42

04:53:02 PM  CPU    %usr   %nice    %sys %iowait    %irq   %soft  %steal  %guest  %gnice   %idle
04:53:03 PM    0   38.61    0.00   17.82    0.00    0.00    2.97    0.00    0.00    0.00   40.59

04:53:03 PM  CPU    %usr   %nice    %sys %iowait    %irq   %soft  %steal  %guest  %gnice   %idle
04:53:04 PM    0   44.00    0.00   10.00    0.00    0.00    5.00    0.00    0.00    0.00   41.00

04:53:04 PM  CPU    %usr   %nice    %sys %iowait    %irq   %soft  %steal  %guest  %gnice   %idle
04:53:05 PM    0   36.08    0.00   17.53    0.00    0.00    4.12    0.00    0.00    0.00   42.27

04:53:05 PM  CPU    %usr   %nice    %sys %iowait    %irq   %soft  %steal  %guest  %gnice   %idle
04:53:06 PM    0   37.00    0.00   17.00    0.00    0.00    4.00    0.00    0.00    0.00   42.00

04:53:06 PM  CPU    %usr   %nice    %sys %iowait    %irq   %soft  %steal  %guest  %gnice   %idle
04:53:07 PM    0   37.00    0.00   16.00    0.00    0.00    6.00    0.00    0.00    0.00   41.00

04:53:07 PM  CPU    %usr   %nice    %sys %iowait    %irq   %soft  %steal  %guest  %gnice   %idle
04:53:08 PM    0   39.80    0.00   12.24    0.00    0.00    6.12    0.00    0.00    0.00   41.84

04:53:08 PM  CPU    %usr   %nice    %sys %iowait    %irq   %soft  %steal  %guest  %gnice   %idle
04:53:09 PM    0   43.56    0.00   11.88    0.00    0.00    3.96    0.00    0.00    0.00   40.59

04:53:09 PM  CPU    %usr   %nice    %sys %iowait    %irq   %soft  %steal  %guest  %gnice   %idle
04:53:10 PM    0   40.59    0.00   14.85    0.00    0.00    3.96    0.00    0.00    0.00   40.59

04:53:10 PM  CPU    %usr   %nice    %sys %iowait    %irq   %soft  %steal  %guest  %gnice   %idle
04:53:11 PM    0   44.44    0.00   10.10    0.00    0.00    4.04    0.00    0.00    0.00   41.41

04:53:11 PM  CPU    %usr   %nice    %sys %iowait    %irq   %soft  %steal  %guest  %gnice   %idle
04:53:12 PM    0   38.61    0.00   15.84    0.00    0.00    4.95    0.00    0.00    0.00   40.59

04:53:12 PM  CPU    %usr   %nice    %sys %iowait    %irq   %soft  %steal  %guest  %gnice   %idle
04:53:13 PM    0   37.37    0.00   16.16    0.00    0.00    5.05    0.00    0.00    0.00   41.41

04:53:13 PM  CPU    %usr   %nice    %sys %iowait    %irq   %soft  %steal  %guest  %gnice   %idle
04:53:14 PM    0   35.00    0.00   19.00    0.00    0.00    4.00    0.00    0.00    0.00   42.00

04:53:14 PM  CPU    %usr   %nice    %sys %iowait    %irq   %soft  %steal  %guest  %gnice   %idle
04:53:15 PM    0   40.82    0.00   12.24    0.00    0.00    5.10    0.00    0.00    0.00   41.84

04:53:15 PM  CPU    %usr   %nice    %sys %iowait    %irq   %soft  %steal  %guest  %gnice   %idle
04:53:16 PM    0   42.27    0.00   12.37    0.00    0.00    3.09    0.00    0.00    0.00   42.27

04:53:16 PM  CPU    %usr   %nice    %sys %iowait    %irq   %soft  %steal  %guest  %gnice   %idle
04:53:17 PM    0   41.84    0.00   13.27    0.00    0.00    3.06    0.00    0.00    0.00   41.84

04:53:17 PM  CPU    %usr   %nice    %sys %iowait    %irq   %soft  %steal  %guest  %gnice   %idle
04:53:18 PM    0   41.24    0.00   13.40    0.00    0.00    3.09    0.00    0.00    0.00   42.27

04:53:18 PM  CPU    %usr   %nice    %sys %iowait    %irq   %soft  %steal  %guest  %gnice   %idle
04:53:19 PM    0   40.21    0.00   12.37    0.00    0.00    5.15    0.00    0.00    0.00   42.27

04:53:19 PM  CPU    %usr   %nice    %sys %iowait    %irq   %soft  %steal  %guest  %gnice   %idle
04:53:20 PM    0   40.40    0.00   14.14    0.00    0.00    4.04    0.00    0.00    0.00   41.41

04:53:20 PM  CPU    %usr   %nice    %sys %iowait    %irq   %soft  %steal  %guest  %gnice   %idle
04:53:21 PM    0   39.60    0.00   16.83    0.00    0.00    2.97    0.00    0.00    0.00   40.59

04:53:21 PM  CPU    %usr   %nice    %sys %iowait    %irq   %soft  %steal  %guest  %gnice   %idle
04:53:22 PM    0   39.80    0.00   12.24    0.00    0.00    6.12    0.00    0.00    0.00   41.84

04:53:22 PM  CPU    %usr   %nice    %sys %iowait    %irq   %soft  %steal  %guest  %gnice   %idle
04:53:23 PM    0   39.18    0.00   16.49    0.00    0.00    3.09    0.00    0.00    0.00   41.24

04:53:23 PM  CPU    %usr   %nice    %sys %iowait    %irq   %soft  %steal  %guest  %gnice   %idle
04:53:24 PM    0   40.40    0.00   15.15    0.00    0.00    3.03    0.00    0.00    0.00   41.41

04:53:24 PM  CPU    %usr   %nice    %sys %iowait    %irq   %soft  %steal  %guest  %gnice   %idle
04:53:25 PM    0   34.65    0.00   17.82    0.00    0.00    6.93    0.00    0.00    0.00   40.59

04:53:25 PM  CPU    %usr   %nice    %sys %iowait    %irq   %soft  %steal  %guest  %gnice   %idle
04:53:26 PM    0   37.37    0.00   17.17    0.00    0.00    5.05    0.00    0.00    0.00   40.40

04:53:26 PM  CPU    %usr   %nice    %sys %iowait    %irq   %soft  %steal  %guest  %gnice   %idle
04:53:27 PM    0   34.34    0.00   19.19    0.00    0.00    4.04    0.00    0.00    0.00   42.42

04:53:27 PM  CPU    %usr   %nice    %sys %iowait    %irq   %soft  %steal  %guest  %gnice   %idle
04:53:28 PM    0   43.56    0.00   13.86    0.00    0.00    2.97    0.00    0.00    0.00   39.60

04:53:28 PM  CPU    %usr   %nice    %sys %iowait    %irq   %soft  %steal  %guest  %gnice   %idle
04:53:29 PM    0   39.18    0.00   16.49    0.00    0.00    3.09    0.00    0.00    0.00   41.24

04:53:29 PM  CPU    %usr   %nice    %sys %iowait    %irq   %soft  %steal  %guest  %gnice   %idle
04:53:30 PM    0   37.00    0.00   18.00    0.00    0.00    4.00    0.00    0.00    0.00   41.00

04:53:30 PM  CPU    %usr   %nice    %sys %iowait    %irq   %soft  %steal  %guest  %gnice   %idle
04:53:31 PM    0   36.46    0.00   17.71    0.00    0.00    3.12    0.00    0.00    0.00   42.71

04:53:31 PM  CPU    %usr   %nice    %sys %iowait    %irq   %soft  %steal  %guest  %gnice   %idle
04:53:32 PM    0   38.78    0.00   15.31    0.00    0.00    4.08    0.00    0.00    0.00   41.84

04:53:32 PM  CPU    %usr   %nice    %sys %iowait    %irq   %soft  %steal  %guest  %gnice   %idle
04:53:33 PM    0   39.18    0.00   12.37    0.00    0.00    5.15    0.00    0.00    0.00   43.30

04:53:33 PM  CPU    %usr   %nice    %sys %iowait    %irq   %soft  %steal  %guest  %gnice   %idle
04:53:34 PM    0   38.78    0.00   16.33    0.00    0.00    2.04    0.00    0.00    0.00   42.86

04:53:34 PM  CPU    %usr   %nice    %sys %iowait    %irq   %soft  %steal  %guest  %gnice   %idle
04:53:35 PM    0   38.24    0.00   19.61    0.00    0.00    1.96    0.00    0.00    0.00   40.20

04:53:35 PM  CPU    %usr   %nice    %sys %iowait    %irq   %soft  %steal  %guest  %gnice   %idle
04:53:36 PM    0   31.58    0.00   20.00    0.00    0.00    4.21    0.00    0.00    0.00   44.21

04:53:36 PM  CPU    %usr   %nice    %sys %iowait    %irq   %soft  %steal  %guest  %gnice   %idle
04:53:37 PM    0   44.12    0.00   11.76    0.00    0.00    2.94    0.00    0.00    0.00   41.18

04:53:37 PM  CPU    %usr   %nice    %sys %iowait    %irq   %soft  %steal  %guest  %gnice   %idle
04:53:38 PM    0   41.00    0.00   15.00    0.00    0.00    3.00    0.00    0.00    0.00   41.00

04:53:38 PM  CPU    %usr   %nice    %sys %iowait    %irq   %soft  %steal  %guest  %gnice   %idle
04:53:39 PM    0   37.76    0.00   16.33    0.00    0.00    4.08    0.00    0.00    0.00   41.84

04:53:39 PM  CPU    %usr   %nice    %sys %iowait    %irq   %soft  %steal  %guest  %gnice   %idle
04:53:40 PM    0   37.50    0.00   16.67    0.00    0.00    3.12    0.00    0.00    0.00   42.71

04:53:40 PM  CPU    %usr   %nice    %sys %iowait    %irq   %soft  %steal  %guest  %gnice   %idle
04:53:41 PM    0   39.39    0.00   14.14    0.00    0.00    5.05    0.00    0.00    0.00   41.41

04:53:41 PM  CPU    %usr   %nice    %sys %iowait    %irq   %soft  %steal  %guest  %gnice   %idle
04:53:42 PM    0   38.38    0.00   16.16    0.00    0.00    3.03    0.00    0.00    0.00   42.42

04:53:42 PM  CPU    %usr   %nice    %sys %iowait    %irq   %soft  %steal  %guest  %gnice   %idle
04:53:43 PM    0   35.64    0.00   18.81    0.00    0.00    4.95    0.00    0.00    0.00   40.59

04:53:43 PM  CPU    %usr   %nice    %sys %iowait    %irq   %soft  %steal  %guest  %gnice   %idle
04:53:44 PM    0   37.00    0.00   21.00    0.00    0.00    1.00    0.00    0.00    0.00   41.00

04:53:44 PM  CPU    %usr   %nice    %sys %iowait    %irq   %soft  %steal  %guest  %gnice   %idle
04:53:45 PM    0   43.00    0.00   12.00    0.00    0.00    5.00    0.00    0.00    0.00   40.00

04:53:45 PM  CPU    %usr   %nice    %sys %iowait    %irq   %soft  %steal  %guest  %gnice   %idle
04:53:46 PM    0   39.18    0.00   15.46    0.00    0.00    4.12    0.00    0.00    0.00   41.24

04:53:46 PM  CPU    %usr   %nice    %sys %iowait    %irq   %soft  %steal  %guest  %gnice   %idle
04:53:47 PM    0   38.61    0.00   15.84    0.00    0.00    5.94    0.00    0.00    0.00   39.60

04:53:47 PM  CPU    %usr   %nice    %sys %iowait    %irq   %soft  %steal  %guest  %gnice   %idle
04:53:48 PM    0   40.21    0.00   14.43    0.00    0.00    3.09    0.00    0.00    0.00   42.27

04:53:48 PM  CPU    %usr   %nice    %sys %iowait    %irq   %soft  %steal  %guest  %gnice   %idle
04:53:49 PM    0   40.00    0.00   16.00    0.00    0.00    3.00    0.00    0.00    0.00   41.00

04:53:49 PM  CPU    %usr   %nice    %sys %iowait    %irq   %soft  %steal  %guest  %gnice   %idle
04:53:50 PM    0   37.37    0.00   16.16    0.00    0.00    5.05    0.00    0.00    0.00   41.41

04:53:50 PM  CPU    %usr   %nice    %sys %iowait    %irq   %soft  %steal  %guest  %gnice   %idle
04:53:51 PM    0   39.18    0.00   13.40    0.00    0.00    6.19    0.00    0.00    0.00   41.24

04:53:51 PM  CPU    %usr   %nice    %sys %iowait    %irq   %soft  %steal  %guest  %gnice   %idle
04:53:52 PM    0   39.22    0.00   17.65    0.00    0.00    2.94    0.00    0.00    0.00   40.20

04:53:52 PM  CPU    %usr   %nice    %sys %iowait    %irq   %soft  %steal  %guest  %gnice   %idle
04:53:53 PM    0   38.78    0.00   16.33    0.00    0.00    4.08    0.00    0.00    0.00   40.82

04:53:53 PM  CPU    %usr   %nice    %sys %iowait    %irq   %soft  %steal  %guest  %gnice   %idle
04:53:54 PM    0   40.00    0.00   15.00    0.00    0.00    4.00    0.00    0.00    0.00   41.00

04:53:54 PM  CPU    %usr   %nice    %sys %iowait    %irq   %soft  %steal  %guest  %gnice   %idle
04:53:55 PM    0   38.54    0.00   15.62    0.00    0.00    4.17    0.00    0.00    0.00   41.67

04:53:55 PM  CPU    %usr   %nice    %sys %iowait    %irq   %soft  %steal  %guest  %gnice   %idle
04:53:56 PM    0   39.60    0.00   16.83    0.00    0.00    3.96    0.00    0.00    0.00   39.60

04:53:56 PM  CPU    %usr   %nice    %sys %iowait    %irq   %soft  %steal  %guest  %gnice   %idle
04:53:57 PM    0   36.00    0.00   15.00    0.00    0.00    8.00    0.00    0.00    0.00   41.00

04:53:57 PM  CPU    %usr   %nice    %sys %iowait    %irq   %soft  %steal  %guest  %gnice   %idle
04:53:58 PM    0   42.27    0.00   13.40    0.00    0.00    3.09    0.00    0.00    0.00   41.24

04:53:58 PM  CPU    %usr   %nice    %sys %iowait    %irq   %soft  %steal  %guest  %gnice   %idle
04:53:59 PM    0   34.69    0.00   19.39    0.00    0.00    4.08    0.00    0.00    0.00   41.84

04:53:59 PM  CPU    %usr   %nice    %sys %iowait    %irq   %soft  %steal  %guest  %gnice   %idle
04:54:00 PM    0   41.49    0.00   12.77    0.00    0.00    3.19    0.00    0.00    0.00   42.55

04:54:00 PM  CPU    %usr   %nice    %sys %iowait    %irq   %soft  %steal  %guest  %gnice   %idle
04:54:01 PM    0   38.00    0.00   18.00    0.00    0.00    4.00    0.00    0.00    0.00   40.00

04:54:01 PM  CPU    %usr   %nice    %sys %iowait    %irq   %soft  %steal  %guest  %gnice   %idle
04:54:02 PM    0   41.41    0.00   14.14    0.00    0.00    3.03    0.00    0.00    0.00   41.41

04:54:02 PM  CPU    %usr   %nice    %sys %iowait    %irq   %soft  %steal  %guest  %gnice   %idle
04:54:03 PM    0   36.36    0.00   17.17    0.00    0.00    5.05    0.00    0.00    0.00   41.41

04:54:03 PM  CPU    %usr   %nice    %sys %iowait    %irq   %soft  %steal  %guest  %gnice   %idle
04:54:04 PM    0   42.00    0.00   13.00    0.00    0.00    4.00    0.00    0.00    0.00   41.00

04:54:04 PM  CPU    %usr   %nice    %sys %iowait    %irq   %soft  %steal  %guest  %gnice   %idle
04:54:05 PM    0   38.54    0.00   16.67    0.00    0.00    2.08    0.00    0.00    0.00   42.71

04:54:05 PM  CPU    %usr   %nice    %sys %iowait    %irq   %soft  %steal  %guest  %gnice   %idle
04:54:06 PM    0   43.43    0.00   11.11    0.00    0.00    3.03    0.00    0.00    0.00   42.42

04:54:06 PM  CPU    %usr   %nice    %sys %iowait    %irq   %soft  %steal  %guest  %gnice   %idle
04:54:07 PM    0   36.00    0.00   17.00    0.00    0.00    5.00    0.00    0.00    0.00   42.00

04:54:07 PM  CPU    %usr   %nice    %sys %iowait    %irq   %soft  %steal  %guest  %gnice   %idle
04:54:08 PM    0   40.00    0.00   15.00    0.00    0.00    4.00    0.00    0.00    0.00   41.00

04:54:08 PM  CPU    %usr   %nice    %sys %iowait    %irq   %soft  %steal  %guest  %gnice   %idle
04:54:09 PM    0   42.00    0.00   14.00    0.00    0.00    3.00    0.00    0.00    0.00   41.00

04:54:09 PM  CPU    %usr   %nice    %sys %iowait    %irq   %soft  %steal  %guest  %gnice   %idle
04:54:10 PM    0   34.69    0.00   16.33    0.00    0.00    7.14    0.00    0.00    0.00   41.84

04:54:10 PM  CPU    %usr   %nice    %sys %iowait    %irq   %soft  %steal  %guest  %gnice   %idle
04:54:11 PM    0   40.40    0.00   15.15    0.00    0.00    3.03    0.00    0.00    0.00   41.41

04:54:11 PM  CPU    %usr   %nice    %sys %iowait    %irq   %soft  %steal  %guest  %gnice   %idle
04:54:12 PM    0   37.37    0.00   16.16    0.00    0.00    5.05    0.00    0.00    0.00   41.41

04:54:12 PM  CPU    %usr   %nice    %sys %iowait    %irq   %soft  %steal  %guest  %gnice   %idle
04:54:13 PM    0   41.24    0.00   11.34    0.00    0.00    5.15    0.00    0.00    0.00   42.27

04:54:13 PM  CPU    %usr   %nice    %sys %iowait    %irq   %soft  %steal  %guest  %gnice   %idle
04:54:14 PM    0   34.74    0.00   22.11    0.00    0.00    1.05    0.00    0.00    0.00   42.11

04:54:14 PM  CPU    %usr   %nice    %sys %iowait    %irq   %soft  %steal  %guest  %gnice   %idle
04:54:15 PM    0   39.00    0.00   14.00    0.00    0.00    6.00    0.00    0.00    0.00   41.00

04:54:15 PM  CPU    %usr   %nice    %sys %iowait    %irq   %soft  %steal  %guest  %gnice   %idle
04:54:16 PM    0   42.42    0.00   13.13    0.00    0.00    4.04    0.00    0.00    0.00   40.40

04:54:16 PM  CPU    %usr   %nice    %sys %iowait    %irq   %soft  %steal  %guest  %gnice   %idle
04:54:17 PM    0   39.80    0.00   16.33    0.00    0.00    2.04    0.00    0.00    0.00   41.84

04:54:17 PM  CPU    %usr   %nice    %sys %iowait    %irq   %soft  %steal  %guest  %gnice   %idle
04:54:18 PM    0   41.58    0.00   12.87    0.00    0.00    5.94    0.00    0.00    0.00   39.60

04:54:18 PM  CPU    %usr   %nice    %sys %iowait    %irq   %soft  %steal  %guest  %gnice   %idle
04:54:19 PM    0   39.22    0.00   17.65    0.00    0.00    3.92    0.00    0.00    0.00   39.22

04:54:19 PM  CPU    %usr   %nice    %sys %iowait    %irq   %soft  %steal  %guest  %gnice   %idle
04:54:20 PM    0   41.00    0.00   14.00    0.00    0.00    5.00    0.00    0.00    0.00   40.00

04:54:20 PM  CPU    %usr   %nice    %sys %iowait    %irq   %soft  %steal  %guest  %gnice   %idle
04:54:21 PM    0   41.24    0.00   14.43    0.00    0.00    3.09    0.00    0.00    0.00   41.24

04:54:21 PM  CPU    %usr   %nice    %sys %iowait    %irq   %soft  %steal  %guest  %gnice   %idle
04:54:22 PM    0   40.78    0.00   13.59    0.00    0.00    5.83    0.00    0.00    0.00   39.81

04:54:22 PM  CPU    %usr   %nice    %sys %iowait    %irq   %soft  %steal  %guest  %gnice   %idle
04:54:23 PM    0   40.20    0.00   13.73    0.00    0.00    5.88    0.00    0.00    0.00   40.20

04:54:23 PM  CPU    %usr   %nice    %sys %iowait    %irq   %soft  %steal  %guest  %gnice   %idle
04:54:24 PM    0   36.73    0.00   17.35    0.00    0.00    4.08    0.00    0.00    0.00   41.84

04:54:24 PM  CPU    %usr   %nice    %sys %iowait    %irq   %soft  %steal  %guest  %gnice   %idle
04:54:25 PM    0   34.34    0.00   19.19    0.00    0.00    4.04    0.00    0.00    0.00   42.42

04:54:25 PM  CPU    %usr   %nice    %sys %iowait    %irq   %soft  %steal  %guest  %gnice   %idle
04:54:26 PM    0   40.40    0.00   14.14    0.00    0.00    3.03    0.00    0.00    0.00   42.42

04:54:26 PM  CPU    %usr   %nice    %sys %iowait    %irq   %soft  %steal  %guest  %gnice   %idle
04:54:27 PM    0   40.00    0.00   14.00    0.00    0.00    4.00    0.00    0.00    0.00   42.00

04:54:27 PM  CPU    %usr   %nice    %sys %iowait    %irq   %soft  %steal  %guest  %gnice   %idle
04:54:28 PM    0   40.00    0.00   15.00    0.00    0.00    4.00    0.00    0.00    0.00   41.00

04:54:28 PM  CPU    %usr   %nice    %sys %iowait    %irq   %soft  %steal  %guest  %gnice   %idle
04:54:29 PM    0   40.59    0.00   14.85    0.00    0.00    2.97    0.00    0.00    0.00   41.58

04:54:29 PM  CPU    %usr   %nice    %sys %iowait    %irq   %soft  %steal  %guest  %gnice   %idle
04:54:30 PM    0   40.62    0.00   12.50    0.00    0.00    4.17    0.00    0.00    0.00   42.71

04:54:30 PM  CPU    %usr   %nice    %sys %iowait    %irq   %soft  %steal  %guest  %gnice   %idle
04:54:31 PM    0   38.61    0.00   17.82    0.00    0.00    1.98    0.00    0.00    0.00   41.58

04:54:31 PM  CPU    %usr   %nice    %sys %iowait    %irq   %soft  %steal  %guest  %gnice   %idle
04:54:32 PM    0   39.60    0.00   14.85    0.00    0.00    3.96    0.00    0.00    0.00   41.58

04:54:32 PM  CPU    %usr   %nice    %sys %iowait    %irq   %soft  %steal  %guest  %gnice   %idle
04:54:33 PM    0   40.82    0.00   13.27    0.00    0.00    3.06    0.00    0.00    0.00   42.86

04:54:33 PM  CPU    %usr   %nice    %sys %iowait    %irq   %soft  %steal  %guest  %gnice   %idle
04:54:34 PM    0   40.82    0.00   13.27    0.00    0.00    3.06    0.00    0.00    0.00   42.86

04:54:34 PM  CPU    %usr   %nice    %sys %iowait    %irq   %soft  %steal  %guest  %gnice   %idle
04:54:35 PM    0   39.00    0.00   15.00    0.00    0.00    5.00    0.00    0.00    0.00   41.00

04:54:35 PM  CPU    %usr   %nice    %sys %iowait    %irq   %soft  %steal  %guest  %gnice   %idle
04:54:36 PM    0   35.64    0.00   18.81    0.00    0.00    4.95    0.00    0.00    0.00   40.59

04:54:36 PM  CPU    %usr   %nice    %sys %iowait    %irq   %soft  %steal  %guest  %gnice   %idle
04:54:37 PM    0   38.30    0.00   14.89    0.00    0.00    4.26    0.00    0.00    0.00   42.55

Average:     CPU    %usr   %nice    %sys %iowait    %irq   %soft  %steal  %guest  %gnice   %idle
Average:       0   38.93    0.00   15.44    0.00    0.00    4.06    0.00    0.00    0.00   41.56
