Linux 5.3.0-61-generic (cw-zenbook) 	07/16/2020 	_x86_64_	(8 CPU)

12:49:10 PM  CPU    %usr   %nice    %sys %iowait    %irq   %soft  %steal  %guest  %gnice   %idle
12:49:11 PM    0   58.00    0.00   18.00    0.00    0.00    3.00    0.00    0.00    0.00   21.00

12:49:11 PM  CPU    %usr   %nice    %sys %iowait    %irq   %soft  %steal  %guest  %gnice   %idle
12:49:12 PM    0   45.54    0.00   22.77    0.00    0.00    8.91    0.00    0.00    0.00   22.77

12:49:12 PM  CPU    %usr   %nice    %sys %iowait    %irq   %soft  %steal  %guest  %gnice   %idle
12:49:13 PM    0   54.90    0.00   17.65    0.00    0.00    5.88    0.00    0.00    0.00   21.57

12:49:13 PM  CPU    %usr   %nice    %sys %iowait    %irq   %soft  %steal  %guest  %gnice   %idle
12:49:14 PM    0   51.49    0.00   18.81    0.00    0.00    6.93    0.00    0.00    0.00   22.77

12:49:14 PM  CPU    %usr   %nice    %sys %iowait    %irq   %soft  %steal  %guest  %gnice   %idle
12:49:15 PM    0   53.00    0.00   20.00    0.00    0.00    5.00    0.00    0.00    0.00   22.00

12:49:15 PM  CPU    %usr   %nice    %sys %iowait    %irq   %soft  %steal  %guest  %gnice   %idle
12:49:16 PM    0   51.96    0.00   19.61    0.00    0.00    5.88    0.00    0.00    0.00   22.55

12:49:16 PM  CPU    %usr   %nice    %sys %iowait    %irq   %soft  %steal  %guest  %gnice   %idle
12:49:17 PM    0   54.29    0.00   19.05    0.00    0.00    5.71    0.00    0.00    0.00   20.95

12:49:17 PM  CPU    %usr   %nice    %sys %iowait    %irq   %soft  %steal  %guest  %gnice   %idle
12:49:18 PM    0   51.00    0.00   23.00    0.00    0.00    4.00    0.00    0.00    0.00   22.00

12:49:18 PM  CPU    %usr   %nice    %sys %iowait    %irq   %soft  %steal  %guest  %gnice   %idle
12:49:19 PM    0   54.46    0.00   16.83    0.00    0.00    5.94    0.00    0.00    0.00   22.77

12:49:19 PM  CPU    %usr   %nice    %sys %iowait    %irq   %soft  %steal  %guest  %gnice   %idle
12:49:20 PM    0   49.49    0.00   24.24    0.00    0.00    4.04    0.00    0.00    0.00   22.22

12:49:20 PM  CPU    %usr   %nice    %sys %iowait    %irq   %soft  %steal  %guest  %gnice   %idle
12:49:21 PM    0   52.00    0.00   21.00    0.00    0.00    5.00    0.00    0.00    0.00   22.00

12:49:21 PM  CPU    %usr   %nice    %sys %iowait    %irq   %soft  %steal  %guest  %gnice   %idle
12:49:22 PM    0   50.50    0.00   20.79    0.00    0.00    5.94    0.00    0.00    0.00   22.77

12:49:22 PM  CPU    %usr   %nice    %sys %iowait    %irq   %soft  %steal  %guest  %gnice   %idle
12:49:23 PM    0   47.47    0.00   23.23    0.00    0.00    6.06    0.00    0.00    0.00   23.23

12:49:23 PM  CPU    %usr   %nice    %sys %iowait    %irq   %soft  %steal  %guest  %gnice   %idle
12:49:24 PM    0   49.00    0.00   22.00    0.00    0.00    6.00    0.00    0.00    0.00   23.00

12:49:24 PM  CPU    %usr   %nice    %sys %iowait    %irq   %soft  %steal  %guest  %gnice   %idle
12:49:25 PM    0   46.88    0.00   27.08    0.00    0.00    3.12    0.00    0.00    0.00   22.92

12:49:25 PM  CPU    %usr   %nice    %sys %iowait    %irq   %soft  %steal  %guest  %gnice   %idle
12:49:26 PM    0   50.00    0.00   21.43    0.00    0.00    6.12    0.00    0.00    0.00   22.45

12:49:26 PM  CPU    %usr   %nice    %sys %iowait    %irq   %soft  %steal  %guest  %gnice   %idle
12:49:27 PM    0   49.49    0.00   19.19    0.00    0.00    8.08    0.00    0.00    0.00   23.23

12:49:27 PM  CPU    %usr   %nice    %sys %iowait    %irq   %soft  %steal  %guest  %gnice   %idle
12:49:28 PM    0   55.00    0.00   17.00    0.00    0.00    6.00    0.00    0.00    0.00   22.00

12:49:28 PM  CPU    %usr   %nice    %sys %iowait    %irq   %soft  %steal  %guest  %gnice   %idle
12:49:29 PM    0   56.44    0.00   16.83    0.00    0.00    3.96    0.00    0.00    0.00   22.77

12:49:29 PM  CPU    %usr   %nice    %sys %iowait    %irq   %soft  %steal  %guest  %gnice   %idle
12:49:30 PM    0   52.00    0.00   21.00    0.00    0.00    5.00    0.00    0.00    0.00   22.00

12:49:30 PM  CPU    %usr   %nice    %sys %iowait    %irq   %soft  %steal  %guest  %gnice   %idle
12:49:31 PM    0   55.67    0.00   16.49    0.00    0.00    5.15    0.00    0.00    0.00   22.68

12:49:31 PM  CPU    %usr   %nice    %sys %iowait    %irq   %soft  %steal  %guest  %gnice   %idle
12:49:32 PM    0   52.00    0.00   18.00    0.00    0.00    7.00    0.00    0.00    0.00   23.00

12:49:32 PM  CPU    %usr   %nice    %sys %iowait    %irq   %soft  %steal  %guest  %gnice   %idle
12:49:33 PM    0   51.55    0.00   18.56    0.00    0.00    7.22    0.00    0.00    0.00   22.68

12:49:33 PM  CPU    %usr   %nice    %sys %iowait    %irq   %soft  %steal  %guest  %gnice   %idle
12:49:34 PM    0   48.98    0.00   18.37    0.00    0.00    9.18    0.00    0.00    0.00   23.47

12:49:34 PM  CPU    %usr   %nice    %sys %iowait    %irq   %soft  %steal  %guest  %gnice   %idle
12:49:35 PM    0   53.47    0.00   19.80    0.00    0.00    4.95    0.00    0.00    0.00   21.78

12:49:35 PM  CPU    %usr   %nice    %sys %iowait    %irq   %soft  %steal  %guest  %gnice   %idle
12:49:36 PM    0   51.55    0.00   18.56    0.00    0.00    7.22    0.00    0.00    0.00   22.68

12:49:36 PM  CPU    %usr   %nice    %sys %iowait    %irq   %soft  %steal  %guest  %gnice   %idle
12:49:37 PM    0   53.00    0.00   21.00    0.00    0.00    4.00    0.00    0.00    0.00   22.00

12:49:37 PM  CPU    %usr   %nice    %sys %iowait    %irq   %soft  %steal  %guest  %gnice   %idle
12:49:38 PM    0   54.55    0.00   17.17    0.00    0.00    6.06    0.00    0.00    0.00   22.22

12:49:38 PM  CPU    %usr   %nice    %sys %iowait    %irq   %soft  %steal  %guest  %gnice   %idle
12:49:39 PM    0   52.13    0.00   19.15    0.00    0.00    4.26    0.00    0.00    0.00   24.47

12:49:39 PM  CPU    %usr   %nice    %sys %iowait    %irq   %soft  %steal  %guest  %gnice   %idle
12:49:40 PM    0   48.00    0.00   24.00    0.00    0.00    6.00    0.00    0.00    0.00   22.00

12:49:40 PM  CPU    %usr   %nice    %sys %iowait    %irq   %soft  %steal  %guest  %gnice   %idle
12:49:41 PM    0   54.08    0.00   18.37    0.00    0.00    5.10    0.00    0.00    0.00   22.45

12:49:41 PM  CPU    %usr   %nice    %sys %iowait    %irq   %soft  %steal  %guest  %gnice   %idle
12:49:42 PM    0   50.48    0.00   20.00    0.00    0.00    7.62    0.00    0.00    0.00   21.90

12:49:42 PM  CPU    %usr   %nice    %sys %iowait    %irq   %soft  %steal  %guest  %gnice   %idle
12:49:43 PM    0   53.12    0.00   20.83    0.00    0.00    3.12    0.00    0.00    0.00   22.92

12:49:43 PM  CPU    %usr   %nice    %sys %iowait    %irq   %soft  %steal  %guest  %gnice   %idle
12:49:44 PM    0   53.00    0.00   22.00    0.00    0.00    3.00    0.00    0.00    0.00   22.00

12:49:44 PM  CPU    %usr   %nice    %sys %iowait    %irq   %soft  %steal  %guest  %gnice   %idle
12:49:45 PM    0   48.08    0.00   25.96    0.00    0.00    3.85    0.00    0.00    0.00   22.12

12:49:45 PM  CPU    %usr   %nice    %sys %iowait    %irq   %soft  %steal  %guest  %gnice   %idle
12:49:46 PM    0   53.47    0.00   19.80    0.00    0.00    5.94    0.00    0.00    0.00   20.79

12:49:46 PM  CPU    %usr   %nice    %sys %iowait    %irq   %soft  %steal  %guest  %gnice   %idle
12:49:47 PM    0   54.46    0.00   20.79    0.00    0.00    2.97    0.00    0.00    0.00   21.78

12:49:47 PM  CPU    %usr   %nice    %sys %iowait    %irq   %soft  %steal  %guest  %gnice   %idle
12:49:48 PM    0   51.52    0.00   21.21    0.00    0.00    5.05    0.00    0.00    0.00   22.22

12:49:48 PM  CPU    %usr   %nice    %sys %iowait    %irq   %soft  %steal  %guest  %gnice   %idle
12:49:49 PM    0   50.51    0.00   22.22    0.00    0.00    5.05    0.00    0.00    0.00   22.22

12:49:49 PM  CPU    %usr   %nice    %sys %iowait    %irq   %soft  %steal  %guest  %gnice   %idle
12:49:50 PM    0   52.53    0.00   22.22    0.00    0.00    4.04    0.00    0.00    0.00   21.21

12:49:50 PM  CPU    %usr   %nice    %sys %iowait    %irq   %soft  %steal  %guest  %gnice   %idle
12:49:51 PM    0   52.48    0.00   19.80    0.00    0.00    5.94    0.00    0.00    0.00   21.78

12:49:51 PM  CPU    %usr   %nice    %sys %iowait    %irq   %soft  %steal  %guest  %gnice   %idle
12:49:52 PM    0   49.00    0.00   24.00    0.00    0.00    5.00    0.00    0.00    0.00   22.00

12:49:52 PM  CPU    %usr   %nice    %sys %iowait    %irq   %soft  %steal  %guest  %gnice   %idle
12:49:53 PM    0   50.98    0.00   21.57    0.00    0.00    4.90    0.00    0.00    0.00   22.55

12:49:53 PM  CPU    %usr   %nice    %sys %iowait    %irq   %soft  %steal  %guest  %gnice   %idle
12:49:54 PM    0   52.04    0.00   21.43    0.00    0.00    4.08    0.00    0.00    0.00   22.45

12:49:54 PM  CPU    %usr   %nice    %sys %iowait    %irq   %soft  %steal  %guest  %gnice   %idle
12:49:55 PM    0   51.00    0.00   21.00    0.00    0.00    6.00    0.00    0.00    0.00   22.00

12:49:55 PM  CPU    %usr   %nice    %sys %iowait    %irq   %soft  %steal  %guest  %gnice   %idle
12:49:56 PM    0   51.96    0.00   19.61    0.00    0.00    6.86    0.00    0.00    0.00   21.57

12:49:56 PM  CPU    %usr   %nice    %sys %iowait    %irq   %soft  %steal  %guest  %gnice   %idle
12:49:57 PM    0   48.45    0.00   23.71    0.00    0.00    5.15    0.00    0.00    0.00   22.68

12:49:57 PM  CPU    %usr   %nice    %sys %iowait    %irq   %soft  %steal  %guest  %gnice   %idle
12:49:58 PM    0   52.94    0.00   20.59    0.00    0.00    3.92    0.00    0.00    0.00   22.55

12:49:58 PM  CPU    %usr   %nice    %sys %iowait    %irq   %soft  %steal  %guest  %gnice   %idle
12:49:59 PM    0   51.58    0.00   20.00    0.00    0.00    5.26    0.00    0.00    0.00   23.16

12:49:59 PM  CPU    %usr   %nice    %sys %iowait    %irq   %soft  %steal  %guest  %gnice   %idle
12:50:00 PM    0   56.12    0.00   17.35    0.00    0.00    4.08    0.00    0.00    0.00   22.45

12:50:00 PM  CPU    %usr   %nice    %sys %iowait    %irq   %soft  %steal  %guest  %gnice   %idle
12:50:01 PM    0   50.00    0.00   18.00    0.00    0.00    9.00    0.00    0.00    0.00   23.00

12:50:01 PM  CPU    %usr   %nice    %sys %iowait    %irq   %soft  %steal  %guest  %gnice   %idle
12:50:02 PM    0   52.53    0.00   21.21    0.00    0.00    5.05    0.00    0.00    0.00   21.21

12:50:02 PM  CPU    %usr   %nice    %sys %iowait    %irq   %soft  %steal  %guest  %gnice   %idle
12:50:03 PM    0   55.45    0.00   14.85    0.00    0.00    6.93    0.00    0.00    0.00   22.77

12:50:03 PM  CPU    %usr   %nice    %sys %iowait    %irq   %soft  %steal  %guest  %gnice   %idle
12:50:04 PM    0   48.98    0.00   21.43    0.00    0.00    7.14    0.00    0.00    0.00   22.45

12:50:04 PM  CPU    %usr   %nice    %sys %iowait    %irq   %soft  %steal  %guest  %gnice   %idle
12:50:05 PM    0   54.00    0.00   19.00    0.00    0.00    6.00    0.00    0.00    0.00   21.00

12:50:05 PM  CPU    %usr   %nice    %sys %iowait    %irq   %soft  %steal  %guest  %gnice   %idle
12:50:06 PM    0   48.48    0.00   21.21    0.00    0.00    7.07    0.00    0.00    0.00   23.23

12:50:06 PM  CPU    %usr   %nice    %sys %iowait    %irq   %soft  %steal  %guest  %gnice   %idle
12:50:07 PM    0   52.04    0.00   20.41    0.00    0.00    5.10    0.00    0.00    0.00   22.45

12:50:07 PM  CPU    %usr   %nice    %sys %iowait    %irq   %soft  %steal  %guest  %gnice   %idle
12:50:08 PM    0   51.46    0.00   22.33    0.00    0.00    4.85    0.00    0.00    0.00   21.36

12:50:08 PM  CPU    %usr   %nice    %sys %iowait    %irq   %soft  %steal  %guest  %gnice   %idle
12:50:09 PM    0   54.55    0.00   18.18    0.00    0.00    5.05    0.00    0.00    0.00   22.22

12:50:09 PM  CPU    %usr   %nice    %sys %iowait    %irq   %soft  %steal  %guest  %gnice   %idle
12:50:10 PM    0   52.00    0.00   22.00    0.00    0.00    5.00    0.00    0.00    0.00   21.00

12:50:10 PM  CPU    %usr   %nice    %sys %iowait    %irq   %soft  %steal  %guest  %gnice   %idle
12:50:11 PM    0   45.10    0.00   28.43    0.00    0.00    4.90    0.00    0.00    0.00   21.57

12:50:11 PM  CPU    %usr   %nice    %sys %iowait    %irq   %soft  %steal  %guest  %gnice   %idle
12:50:12 PM    0   52.53    0.00   21.21    0.00    0.00    4.04    0.00    0.00    0.00   22.22

12:50:12 PM  CPU    %usr   %nice    %sys %iowait    %irq   %soft  %steal  %guest  %gnice   %idle
12:50:13 PM    0   54.46    0.00   15.84    0.00    0.00    6.93    0.00    0.00    0.00   22.77

12:50:13 PM  CPU    %usr   %nice    %sys %iowait    %irq   %soft  %steal  %guest  %gnice   %idle
12:50:14 PM    0   57.00    0.00   17.00    0.00    0.00    4.00    0.00    0.00    0.00   22.00

12:50:14 PM  CPU    %usr   %nice    %sys %iowait    %irq   %soft  %steal  %guest  %gnice   %idle
12:50:15 PM    0   49.50    0.00   22.77    0.00    0.00    6.93    0.00    0.00    0.00   20.79

12:50:15 PM  CPU    %usr   %nice    %sys %iowait    %irq   %soft  %steal  %guest  %gnice   %idle
12:50:16 PM    0   50.00    0.00   22.92    0.00    0.00    4.17    0.00    0.00    0.00   22.92

12:50:16 PM  CPU    %usr   %nice    %sys %iowait    %irq   %soft  %steal  %guest  %gnice   %idle
12:50:17 PM    0   50.00    0.00   23.00    0.00    0.00    4.00    0.00    0.00    0.00   23.00

12:50:17 PM  CPU    %usr   %nice    %sys %iowait    %irq   %soft  %steal  %guest  %gnice   %idle
12:50:18 PM    0   52.00    0.00   22.00    0.00    0.00    4.00    0.00    0.00    0.00   22.00

12:50:18 PM  CPU    %usr   %nice    %sys %iowait    %irq   %soft  %steal  %guest  %gnice   %idle
12:50:19 PM    0   52.00    0.00   18.00    0.00    0.00    7.00    0.00    0.00    0.00   23.00

12:50:19 PM  CPU    %usr   %nice    %sys %iowait    %irq   %soft  %steal  %guest  %gnice   %idle
12:50:20 PM    0   56.86    0.00   15.69    0.00    0.00    5.88    0.00    0.00    0.00   21.57

12:50:20 PM  CPU    %usr   %nice    %sys %iowait    %irq   %soft  %steal  %guest  %gnice   %idle
12:50:21 PM    0   53.47    0.00   18.81    0.00    0.00    5.94    0.00    0.00    0.00   21.78

12:50:21 PM  CPU    %usr   %nice    %sys %iowait    %irq   %soft  %steal  %guest  %gnice   %idle
12:50:22 PM    0   49.49    0.00   22.22    0.00    0.00    6.06    0.00    0.00    0.00   22.22

12:50:22 PM  CPU    %usr   %nice    %sys %iowait    %irq   %soft  %steal  %guest  %gnice   %idle
12:50:23 PM    0   54.46    0.00   17.82    0.00    0.00    4.95    0.00    0.00    0.00   22.77

12:50:23 PM  CPU    %usr   %nice    %sys %iowait    %irq   %soft  %steal  %guest  %gnice   %idle
12:50:24 PM    0   55.10    0.00   19.39    0.00    0.00    3.06    0.00    0.00    0.00   22.45

12:50:24 PM  CPU    %usr   %nice    %sys %iowait    %irq   %soft  %steal  %guest  %gnice   %idle
12:50:25 PM    0   51.49    0.00   16.83    0.00    0.00    8.91    0.00    0.00    0.00   22.77

12:50:25 PM  CPU    %usr   %nice    %sys %iowait    %irq   %soft  %steal  %guest  %gnice   %idle
12:50:26 PM    0   56.25    0.00   16.67    0.00    0.00    4.17    0.00    0.00    0.00   22.92

12:50:26 PM  CPU    %usr   %nice    %sys %iowait    %irq   %soft  %steal  %guest  %gnice   %idle
12:50:27 PM    0   50.00    0.00   22.00    0.00    0.00    6.00    0.00    0.00    0.00   22.00

12:50:27 PM  CPU    %usr   %nice    %sys %iowait    %irq   %soft  %steal  %guest  %gnice   %idle
12:50:28 PM    0   52.43    0.00   17.48    0.00    0.00    7.77    0.00    0.00    0.00   22.33

12:50:28 PM  CPU    %usr   %nice    %sys %iowait    %irq   %soft  %steal  %guest  %gnice   %idle
12:50:29 PM    0   52.04    0.00   21.43    0.00    0.00    4.08    0.00    0.00    0.00   22.45

12:50:29 PM  CPU    %usr   %nice    %sys %iowait    %irq   %soft  %steal  %guest  %gnice   %idle
12:50:30 PM    0   48.04    0.00   22.55    0.00    0.00    7.84    0.00    0.00    0.00   21.57

12:50:30 PM  CPU    %usr   %nice    %sys %iowait    %irq   %soft  %steal  %guest  %gnice   %idle
12:50:31 PM    0   51.02    0.00   21.43    0.00    0.00    5.10    0.00    0.00    0.00   22.45

12:50:31 PM  CPU    %usr   %nice    %sys %iowait    %irq   %soft  %steal  %guest  %gnice   %idle
12:50:32 PM    0   55.45    0.00   14.85    0.00    0.00    6.93    0.00    0.00    0.00   22.77

12:50:32 PM  CPU    %usr   %nice    %sys %iowait    %irq   %soft  %steal  %guest  %gnice   %idle
12:50:33 PM    0   52.48    0.00   18.81    0.00    0.00    6.93    0.00    0.00    0.00   21.78

12:50:33 PM  CPU    %usr   %nice    %sys %iowait    %irq   %soft  %steal  %guest  %gnice   %idle
12:50:34 PM    0   58.00    0.00   14.00    0.00    0.00    5.00    0.00    0.00    0.00   23.00

12:50:34 PM  CPU    %usr   %nice    %sys %iowait    %irq   %soft  %steal  %guest  %gnice   %idle
12:50:35 PM    0   47.96    0.00   21.43    0.00    0.00    8.16    0.00    0.00    0.00   22.45

12:50:35 PM  CPU    %usr   %nice    %sys %iowait    %irq   %soft  %steal  %guest  %gnice   %idle
12:50:36 PM    0   55.56    0.00   16.16    0.00    0.00    6.06    0.00    0.00    0.00   22.22

12:50:36 PM  CPU    %usr   %nice    %sys %iowait    %irq   %soft  %steal  %guest  %gnice   %idle
12:50:37 PM    0   48.51    0.00   21.78    0.00    0.00    6.93    0.00    0.00    0.00   22.77

12:50:37 PM  CPU    %usr   %nice    %sys %iowait    %irq   %soft  %steal  %guest  %gnice   %idle
12:50:38 PM    0   49.50    0.00   23.76    0.00    0.00    4.95    0.00    0.00    0.00   21.78

12:50:38 PM  CPU    %usr   %nice    %sys %iowait    %irq   %soft  %steal  %guest  %gnice   %idle
12:50:39 PM    0   54.08    0.00   16.33    0.00    0.00    7.14    0.00    0.00    0.00   22.45

12:50:39 PM  CPU    %usr   %nice    %sys %iowait    %irq   %soft  %steal  %guest  %gnice   %idle
12:50:40 PM    0   48.51    0.00   25.74    0.00    0.00    2.97    0.00    0.00    0.00   22.77

12:50:40 PM  CPU    %usr   %nice    %sys %iowait    %irq   %soft  %steal  %guest  %gnice   %idle
12:50:41 PM    0   48.98    0.00   24.49    0.00    0.00    4.08    0.00    0.00    0.00   22.45

12:50:41 PM  CPU    %usr   %nice    %sys %iowait    %irq   %soft  %steal  %guest  %gnice   %idle
12:50:42 PM    0   53.47    0.00   18.81    0.00    0.00    4.95    0.00    0.00    0.00   22.77

12:50:42 PM  CPU    %usr   %nice    %sys %iowait    %irq   %soft  %steal  %guest  %gnice   %idle
12:50:43 PM    0   49.49    0.00   23.23    0.00    0.00    5.05    0.00    0.00    0.00   22.22

12:50:43 PM  CPU    %usr   %nice    %sys %iowait    %irq   %soft  %steal  %guest  %gnice   %idle
12:50:44 PM    0   48.48    0.00   24.24    0.00    0.00    4.04    0.00    0.00    0.00   23.23

12:50:44 PM  CPU    %usr   %nice    %sys %iowait    %irq   %soft  %steal  %guest  %gnice   %idle
12:50:45 PM    0   54.46    0.00   18.81    0.00    0.00    4.95    0.00    0.00    0.00   21.78

12:50:45 PM  CPU    %usr   %nice    %sys %iowait    %irq   %soft  %steal  %guest  %gnice   %idle
12:50:46 PM    0   53.06    0.00   20.41    0.00    0.00    4.08    0.00    0.00    0.00   22.45

12:50:46 PM  CPU    %usr   %nice    %sys %iowait    %irq   %soft  %steal  %guest  %gnice   %idle
12:50:47 PM    0   51.52    0.00   19.19    0.00    0.00    7.07    0.00    0.00    0.00   22.22

12:50:47 PM  CPU    %usr   %nice    %sys %iowait    %irq   %soft  %steal  %guest  %gnice   %idle
12:50:48 PM    0   51.52    0.00   22.22    0.00    0.00    4.04    0.00    0.00    0.00   22.22

12:50:48 PM  CPU    %usr   %nice    %sys %iowait    %irq   %soft  %steal  %guest  %gnice   %idle
12:50:49 PM    0   44.55    0.00   27.72    0.00    0.00    5.94    0.00    0.00    0.00   21.78

12:50:49 PM  CPU    %usr   %nice    %sys %iowait    %irq   %soft  %steal  %guest  %gnice   %idle
12:50:50 PM    0   52.94    0.00   19.61    0.00    0.00    4.90    0.00    0.00    0.00   22.55

12:50:50 PM  CPU    %usr   %nice    %sys %iowait    %irq   %soft  %steal  %guest  %gnice   %idle
12:50:51 PM    0   47.00    0.00   25.00    0.00    0.00    5.00    0.00    0.00    0.00   23.00

12:50:51 PM  CPU    %usr   %nice    %sys %iowait    %irq   %soft  %steal  %guest  %gnice   %idle
12:50:52 PM    0   50.00    0.00   24.00    0.00    0.00    3.00    0.00    0.00    0.00   23.00

12:50:52 PM  CPU    %usr   %nice    %sys %iowait    %irq   %soft  %steal  %guest  %gnice   %idle
12:50:53 PM    0   55.10    0.00   18.37    0.00    0.00    4.08    0.00    0.00    0.00   22.45

12:50:53 PM  CPU    %usr   %nice    %sys %iowait    %irq   %soft  %steal  %guest  %gnice   %idle
12:50:54 PM    0   52.53    0.00   20.20    0.00    0.00    5.05    0.00    0.00    0.00   22.22

12:50:54 PM  CPU    %usr   %nice    %sys %iowait    %irq   %soft  %steal  %guest  %gnice   %idle
12:50:55 PM    0   48.98    0.00   21.43    0.00    0.00    6.12    0.00    0.00    0.00   23.47

12:50:55 PM  CPU    %usr   %nice    %sys %iowait    %irq   %soft  %steal  %guest  %gnice   %idle
12:50:56 PM    0   52.00    0.00   20.00    0.00    0.00    6.00    0.00    0.00    0.00   22.00

12:50:56 PM  CPU    %usr   %nice    %sys %iowait    %irq   %soft  %steal  %guest  %gnice   %idle
12:50:57 PM    0   50.00    0.00   23.00    0.00    0.00    5.00    0.00    0.00    0.00   22.00

12:50:57 PM  CPU    %usr   %nice    %sys %iowait    %irq   %soft  %steal  %guest  %gnice   %idle
12:50:58 PM    0   54.55    0.00   19.19    0.00    0.00    4.04    0.00    0.00    0.00   22.22

12:50:58 PM  CPU    %usr   %nice    %sys %iowait    %irq   %soft  %steal  %guest  %gnice   %idle
12:50:59 PM    0   53.47    0.00   19.80    0.00    0.00    4.95    0.00    0.00    0.00   21.78

12:50:59 PM  CPU    %usr   %nice    %sys %iowait    %irq   %soft  %steal  %guest  %gnice   %idle
12:51:00 PM    0   51.02    0.00   20.41    0.00    0.00    6.12    0.00    0.00    0.00   22.45

12:51:00 PM  CPU    %usr   %nice    %sys %iowait    %irq   %soft  %steal  %guest  %gnice   %idle
12:51:01 PM    0   53.00    0.00   18.00    0.00    0.00    6.00    0.00    0.00    0.00   23.00

12:51:01 PM  CPU    %usr   %nice    %sys %iowait    %irq   %soft  %steal  %guest  %gnice   %idle
12:51:02 PM    0   51.52    0.00   21.21    0.00    0.00    4.04    0.00    0.00    0.00   23.23

12:51:02 PM  CPU    %usr   %nice    %sys %iowait    %irq   %soft  %steal  %guest  %gnice   %idle
12:51:03 PM    0   55.00    0.00   17.00    0.00    0.00    6.00    0.00    0.00    0.00   22.00

12:51:03 PM  CPU    %usr   %nice    %sys %iowait    %irq   %soft  %steal  %guest  %gnice   %idle
12:51:04 PM    0   49.49    0.00   19.19    0.00    0.00    8.08    0.00    0.00    0.00   23.23

12:51:04 PM  CPU    %usr   %nice    %sys %iowait    %irq   %soft  %steal  %guest  %gnice   %idle
12:51:05 PM    0   57.84    0.00   16.67    0.00    0.00    3.92    0.00    0.00    0.00   21.57

12:51:05 PM  CPU    %usr   %nice    %sys %iowait    %irq   %soft  %steal  %guest  %gnice   %idle
12:51:06 PM    0   46.00    0.00   26.00    0.00    0.00    5.00    0.00    0.00    0.00   23.00

12:51:06 PM  CPU    %usr   %nice    %sys %iowait    %irq   %soft  %steal  %guest  %gnice   %idle
12:51:07 PM    0   53.06    0.00   18.37    0.00    0.00    6.12    0.00    0.00    0.00   22.45

12:51:07 PM  CPU    %usr   %nice    %sys %iowait    %irq   %soft  %steal  %guest  %gnice   %idle
12:51:08 PM    0   54.46    0.00   18.81    0.00    0.00    4.95    0.00    0.00    0.00   21.78

12:51:08 PM  CPU    %usr   %nice    %sys %iowait    %irq   %soft  %steal  %guest  %gnice   %idle
12:51:09 PM    0   53.47    0.00   22.77    0.00    0.00    1.98    0.00    0.00    0.00   21.78

12:51:09 PM  CPU    %usr   %nice    %sys %iowait    %irq   %soft  %steal  %guest  %gnice   %idle
12:51:10 PM    0   53.47    0.00   17.82    0.00    0.00    6.93    0.00    0.00    0.00   21.78

Average:     CPU    %usr   %nice    %sys %iowait    %irq   %soft  %steal  %guest  %gnice   %idle
Average:       0   51.88    0.00   20.37    0.00    0.00    5.44    0.00    0.00    0.00   22.32
