Linux 5.3.0-61-generic (cw-zenbook) 	07/16/2020 	_x86_64_	(8 CPU)

05:08:19 PM  CPU    %usr   %nice    %sys %iowait    %irq   %soft  %steal  %guest  %gnice   %idle
05:08:20 PM    0   54.55    0.00   18.18    0.00    0.00    6.06    0.00    0.00    0.00   21.21

05:08:20 PM  CPU    %usr   %nice    %sys %iowait    %irq   %soft  %steal  %guest  %gnice   %idle
05:08:21 PM    0   51.02    0.00   24.49    0.00    0.00    3.06    0.00    0.00    0.00   21.43

05:08:21 PM  CPU    %usr   %nice    %sys %iowait    %irq   %soft  %steal  %guest  %gnice   %idle
05:08:22 PM    0   50.51    0.00   22.22    0.00    0.00    5.05    0.00    0.00    0.00   22.22

05:08:22 PM  CPU    %usr   %nice    %sys %iowait    %irq   %soft  %steal  %guest  %gnice   %idle
05:08:23 PM    0   51.00    0.00   24.00    0.00    0.00    4.00    0.00    0.00    0.00   21.00

05:08:23 PM  CPU    %usr   %nice    %sys %iowait    %irq   %soft  %steal  %guest  %gnice   %idle
05:08:24 PM    0   55.34    0.00   18.45    0.00    0.00    5.83    0.00    0.00    0.00   20.39

05:08:24 PM  CPU    %usr   %nice    %sys %iowait    %irq   %soft  %steal  %guest  %gnice   %idle
05:08:25 PM    0   48.00    0.00   25.00    0.00    0.00    5.00    0.00    0.00    0.00   22.00

05:08:25 PM  CPU    %usr   %nice    %sys %iowait    %irq   %soft  %steal  %guest  %gnice   %idle
05:08:26 PM    0   54.64    0.00   18.56    0.00    0.00    5.15    0.00    0.00    0.00   21.65

05:08:26 PM  CPU    %usr   %nice    %sys %iowait    %irq   %soft  %steal  %guest  %gnice   %idle
05:08:27 PM    0   51.46    0.00   21.36    0.00    0.00    5.83    0.00    0.00    0.00   21.36

05:08:27 PM  CPU    %usr   %nice    %sys %iowait    %irq   %soft  %steal  %guest  %gnice   %idle
05:08:28 PM    0   51.02    0.00   22.45    0.00    0.00    5.10    0.00    0.00    0.00   21.43

05:08:28 PM  CPU    %usr   %nice    %sys %iowait    %irq   %soft  %steal  %guest  %gnice   %idle
05:08:29 PM    0   53.00    0.00   21.00    0.00    0.00    6.00    0.00    0.00    0.00   20.00

05:08:29 PM  CPU    %usr   %nice    %sys %iowait    %irq   %soft  %steal  %guest  %gnice   %idle
05:08:30 PM    0   53.54    0.00   21.21    0.00    0.00    4.04    0.00    0.00    0.00   21.21

05:08:30 PM  CPU    %usr   %nice    %sys %iowait    %irq   %soft  %steal  %guest  %gnice   %idle
05:08:31 PM    0   45.45    0.00   23.23    0.00    0.00    9.09    0.00    0.00    0.00   22.22

05:08:31 PM  CPU    %usr   %nice    %sys %iowait    %irq   %soft  %steal  %guest  %gnice   %idle
05:08:32 PM    0   54.64    0.00   20.62    0.00    0.00    3.09    0.00    0.00    0.00   21.65

05:08:32 PM  CPU    %usr   %nice    %sys %iowait    %irq   %soft  %steal  %guest  %gnice   %idle
05:08:33 PM    0   50.00    0.00   22.00    0.00    0.00    6.00    0.00    0.00    0.00   22.00

05:08:33 PM  CPU    %usr   %nice    %sys %iowait    %irq   %soft  %steal  %guest  %gnice   %idle
05:08:34 PM    0   53.92    0.00   19.61    0.00    0.00    4.90    0.00    0.00    0.00   21.57

05:08:34 PM  CPU    %usr   %nice    %sys %iowait    %irq   %soft  %steal  %guest  %gnice   %idle
05:08:35 PM    0   54.00    0.00   17.00    0.00    0.00    7.00    0.00    0.00    0.00   22.00

05:08:35 PM  CPU    %usr   %nice    %sys %iowait    %irq   %soft  %steal  %guest  %gnice   %idle
05:08:36 PM    0   50.00    0.00   21.43    0.00    0.00    6.12    0.00    0.00    0.00   22.45

05:08:36 PM  CPU    %usr   %nice    %sys %iowait    %irq   %soft  %steal  %guest  %gnice   %idle
05:08:37 PM    0   47.96    0.00   25.51    0.00    0.00    5.10    0.00    0.00    0.00   21.43

05:08:37 PM  CPU    %usr   %nice    %sys %iowait    %irq   %soft  %steal  %guest  %gnice   %idle
05:08:38 PM    0   50.00    0.00   21.00    0.00    0.00    7.00    0.00    0.00    0.00   22.00

05:08:38 PM  CPU    %usr   %nice    %sys %iowait    %irq   %soft  %steal  %guest  %gnice   %idle
05:08:39 PM    0   52.00    0.00   21.00    0.00    0.00    5.00    0.00    0.00    0.00   22.00

05:08:39 PM  CPU    %usr   %nice    %sys %iowait    %irq   %soft  %steal  %guest  %gnice   %idle
05:08:40 PM    0   57.58    0.00   16.16    0.00    0.00    5.05    0.00    0.00    0.00   21.21

05:08:40 PM  CPU    %usr   %nice    %sys %iowait    %irq   %soft  %steal  %guest  %gnice   %idle
05:08:41 PM    0   47.96    0.00   22.45    0.00    0.00    7.14    0.00    0.00    0.00   22.45

05:08:41 PM  CPU    %usr   %nice    %sys %iowait    %irq   %soft  %steal  %guest  %gnice   %idle
05:08:42 PM    0   51.52    0.00   19.19    0.00    0.00    7.07    0.00    0.00    0.00   22.22

05:08:42 PM  CPU    %usr   %nice    %sys %iowait    %irq   %soft  %steal  %guest  %gnice   %idle
05:08:43 PM    0   58.59    0.00   17.17    0.00    0.00    3.03    0.00    0.00    0.00   21.21

05:08:43 PM  CPU    %usr   %nice    %sys %iowait    %irq   %soft  %steal  %guest  %gnice   %idle
05:08:44 PM    0   56.44    0.00   17.82    0.00    0.00    3.96    0.00    0.00    0.00   21.78

05:08:44 PM  CPU    %usr   %nice    %sys %iowait    %irq   %soft  %steal  %guest  %gnice   %idle
05:08:45 PM    0   53.00    0.00   20.00    0.00    0.00    5.00    0.00    0.00    0.00   22.00

05:08:45 PM  CPU    %usr   %nice    %sys %iowait    %irq   %soft  %steal  %guest  %gnice   %idle
05:08:46 PM    0   48.48    0.00   24.24    0.00    0.00    5.05    0.00    0.00    0.00   22.22

05:08:46 PM  CPU    %usr   %nice    %sys %iowait    %irq   %soft  %steal  %guest  %gnice   %idle
05:08:47 PM    0   53.00    0.00   21.00    0.00    0.00    5.00    0.00    0.00    0.00   21.00

05:08:47 PM  CPU    %usr   %nice    %sys %iowait    %irq   %soft  %steal  %guest  %gnice   %idle
05:08:48 PM    0   54.46    0.00   20.79    0.00    0.00    3.96    0.00    0.00    0.00   20.79

05:08:48 PM  CPU    %usr   %nice    %sys %iowait    %irq   %soft  %steal  %guest  %gnice   %idle
05:08:49 PM    0   53.06    0.00   18.37    0.00    0.00    7.14    0.00    0.00    0.00   21.43

05:08:49 PM  CPU    %usr   %nice    %sys %iowait    %irq   %soft  %steal  %guest  %gnice   %idle
05:08:50 PM    0   51.49    0.00   23.76    0.00    0.00    2.97    0.00    0.00    0.00   21.78

05:08:50 PM  CPU    %usr   %nice    %sys %iowait    %irq   %soft  %steal  %guest  %gnice   %idle
05:08:51 PM    0   44.90    0.00   27.55    0.00    0.00    6.12    0.00    0.00    0.00   21.43

05:08:51 PM  CPU    %usr   %nice    %sys %iowait    %irq   %soft  %steal  %guest  %gnice   %idle
05:08:52 PM    0   51.02    0.00   21.43    0.00    0.00    5.10    0.00    0.00    0.00   22.45

05:08:52 PM  CPU    %usr   %nice    %sys %iowait    %irq   %soft  %steal  %guest  %gnice   %idle
05:08:53 PM    0   50.49    0.00   25.24    0.00    0.00    4.85    0.00    0.00    0.00   19.42

05:08:53 PM  CPU    %usr   %nice    %sys %iowait    %irq   %soft  %steal  %guest  %gnice   %idle
05:08:54 PM    0   50.00    0.00   21.00    0.00    0.00    7.00    0.00    0.00    0.00   22.00

05:08:54 PM  CPU    %usr   %nice    %sys %iowait    %irq   %soft  %steal  %guest  %gnice   %idle
05:08:55 PM    0   55.10    0.00   17.35    0.00    0.00    5.10    0.00    0.00    0.00   22.45

05:08:55 PM  CPU    %usr   %nice    %sys %iowait    %irq   %soft  %steal  %guest  %gnice   %idle
05:08:56 PM    0   53.54    0.00   20.20    0.00    0.00    5.05    0.00    0.00    0.00   21.21

05:08:56 PM  CPU    %usr   %nice    %sys %iowait    %irq   %soft  %steal  %guest  %gnice   %idle
05:08:57 PM    0   51.52    0.00   22.22    0.00    0.00    4.04    0.00    0.00    0.00   22.22

05:08:57 PM  CPU    %usr   %nice    %sys %iowait    %irq   %soft  %steal  %guest  %gnice   %idle
05:08:58 PM    0   57.73    0.00   17.53    0.00    0.00    3.09    0.00    0.00    0.00   21.65

05:08:58 PM  CPU    %usr   %nice    %sys %iowait    %irq   %soft  %steal  %guest  %gnice   %idle
05:08:59 PM    0   54.00    0.00   19.00    0.00    0.00    5.00    0.00    0.00    0.00   22.00

05:08:59 PM  CPU    %usr   %nice    %sys %iowait    %irq   %soft  %steal  %guest  %gnice   %idle
05:09:00 PM    0   47.06    0.00   24.51    0.00    0.00    5.88    0.00    0.00    0.00   22.55

05:09:00 PM  CPU    %usr   %nice    %sys %iowait    %irq   %soft  %steal  %guest  %gnice   %idle
05:09:01 PM    0   46.39    0.00   22.68    0.00    0.00    9.28    0.00    0.00    0.00   21.65

05:09:01 PM  CPU    %usr   %nice    %sys %iowait    %irq   %soft  %steal  %guest  %gnice   %idle
05:09:02 PM    0   51.00    0.00   21.00    0.00    0.00    7.00    0.00    0.00    0.00   21.00

05:09:02 PM  CPU    %usr   %nice    %sys %iowait    %irq   %soft  %steal  %guest  %gnice   %idle
05:09:03 PM    0   49.48    0.00   22.68    0.00    0.00    6.19    0.00    0.00    0.00   21.65

05:09:03 PM  CPU    %usr   %nice    %sys %iowait    %irq   %soft  %steal  %guest  %gnice   %idle
05:09:04 PM    0   52.00    0.00   23.00    0.00    0.00    4.00    0.00    0.00    0.00   21.00

05:09:04 PM  CPU    %usr   %nice    %sys %iowait    %irq   %soft  %steal  %guest  %gnice   %idle
05:09:05 PM    0   47.52    0.00   23.76    0.00    0.00    6.93    0.00    0.00    0.00   21.78

05:09:05 PM  CPU    %usr   %nice    %sys %iowait    %irq   %soft  %steal  %guest  %gnice   %idle
05:09:06 PM    0   56.70    0.00   17.53    0.00    0.00    4.12    0.00    0.00    0.00   21.65

05:09:06 PM  CPU    %usr   %nice    %sys %iowait    %irq   %soft  %steal  %guest  %gnice   %idle
05:09:07 PM    0   55.45    0.00   17.82    0.00    0.00    4.95    0.00    0.00    0.00   21.78

05:09:07 PM  CPU    %usr   %nice    %sys %iowait    %irq   %soft  %steal  %guest  %gnice   %idle
05:09:08 PM    0   49.50    0.00   21.78    0.00    0.00    7.92    0.00    0.00    0.00   20.79

05:09:08 PM  CPU    %usr   %nice    %sys %iowait    %irq   %soft  %steal  %guest  %gnice   %idle
05:09:09 PM    0   54.08    0.00   20.41    0.00    0.00    4.08    0.00    0.00    0.00   21.43

05:09:09 PM  CPU    %usr   %nice    %sys %iowait    %irq   %soft  %steal  %guest  %gnice   %idle
05:09:10 PM    0   50.52    0.00   20.62    0.00    0.00    7.22    0.00    0.00    0.00   21.65

05:09:10 PM  CPU    %usr   %nice    %sys %iowait    %irq   %soft  %steal  %guest  %gnice   %idle
05:09:11 PM    0   51.92    0.00   23.08    0.00    0.00    3.85    0.00    0.00    0.00   21.15

05:09:11 PM  CPU    %usr   %nice    %sys %iowait    %irq   %soft  %steal  %guest  %gnice   %idle
05:09:12 PM    0   46.94    0.00   24.49    0.00    0.00    6.12    0.00    0.00    0.00   22.45

05:09:12 PM  CPU    %usr   %nice    %sys %iowait    %irq   %soft  %steal  %guest  %gnice   %idle
05:09:13 PM    0   53.00    0.00   19.00    0.00    0.00    6.00    0.00    0.00    0.00   22.00

05:09:13 PM  CPU    %usr   %nice    %sys %iowait    %irq   %soft  %steal  %guest  %gnice   %idle
05:09:14 PM    0   56.57    0.00   18.18    0.00    0.00    4.04    0.00    0.00    0.00   21.21

05:09:14 PM  CPU    %usr   %nice    %sys %iowait    %irq   %soft  %steal  %guest  %gnice   %idle
05:09:15 PM    0   55.88    0.00   17.65    0.00    0.00    4.90    0.00    0.00    0.00   21.57

05:09:15 PM  CPU    %usr   %nice    %sys %iowait    %irq   %soft  %steal  %guest  %gnice   %idle
05:09:16 PM    0   53.92    0.00   20.59    0.00    0.00    3.92    0.00    0.00    0.00   21.57

05:09:16 PM  CPU    %usr   %nice    %sys %iowait    %irq   %soft  %steal  %guest  %gnice   %idle
05:09:17 PM    0   57.00    0.00   18.00    0.00    0.00    3.00    0.00    0.00    0.00   22.00

05:09:17 PM  CPU    %usr   %nice    %sys %iowait    %irq   %soft  %steal  %guest  %gnice   %idle
05:09:18 PM    0   52.58    0.00   21.65    0.00    0.00    4.12    0.00    0.00    0.00   21.65

05:09:18 PM  CPU    %usr   %nice    %sys %iowait    %irq   %soft  %steal  %guest  %gnice   %idle
05:09:19 PM    0   57.00    0.00   15.00    0.00    0.00    6.00    0.00    0.00    0.00   22.00

05:09:19 PM  CPU    %usr   %nice    %sys %iowait    %irq   %soft  %steal  %guest  %gnice   %idle
05:09:20 PM    0   53.12    0.00   18.75    0.00    0.00    6.25    0.00    0.00    0.00   21.88

05:09:20 PM  CPU    %usr   %nice    %sys %iowait    %irq   %soft  %steal  %guest  %gnice   %idle
05:09:21 PM    0   51.00    0.00   24.00    0.00    0.00    4.00    0.00    0.00    0.00   21.00

05:09:21 PM  CPU    %usr   %nice    %sys %iowait    %irq   %soft  %steal  %guest  %gnice   %idle
05:09:22 PM    0   55.56    0.00   18.18    0.00    0.00    4.04    0.00    0.00    0.00   22.22

05:09:22 PM  CPU    %usr   %nice    %sys %iowait    %irq   %soft  %steal  %guest  %gnice   %idle
05:09:23 PM    0   51.52    0.00   21.21    0.00    0.00    5.05    0.00    0.00    0.00   22.22

05:09:23 PM  CPU    %usr   %nice    %sys %iowait    %irq   %soft  %steal  %guest  %gnice   %idle
05:09:24 PM    0   56.86    0.00   16.67    0.00    0.00    4.90    0.00    0.00    0.00   21.57

05:09:24 PM  CPU    %usr   %nice    %sys %iowait    %irq   %soft  %steal  %guest  %gnice   %idle
05:09:25 PM    0   56.70    0.00   19.59    0.00    0.00    2.06    0.00    0.00    0.00   21.65

05:09:25 PM  CPU    %usr   %nice    %sys %iowait    %irq   %soft  %steal  %guest  %gnice   %idle
05:09:26 PM    0   51.04    0.00   21.88    0.00    0.00    5.21    0.00    0.00    0.00   21.88

05:09:26 PM  CPU    %usr   %nice    %sys %iowait    %irq   %soft  %steal  %guest  %gnice   %idle
05:09:27 PM    0   51.52    0.00   20.20    0.00    0.00    6.06    0.00    0.00    0.00   22.22

05:09:27 PM  CPU    %usr   %nice    %sys %iowait    %irq   %soft  %steal  %guest  %gnice   %idle
05:09:28 PM    0   53.06    0.00   20.41    0.00    0.00    4.08    0.00    0.00    0.00   22.45

05:09:28 PM  CPU    %usr   %nice    %sys %iowait    %irq   %soft  %steal  %guest  %gnice   %idle
05:09:29 PM    0   54.17    0.00   19.79    0.00    0.00    3.12    0.00    0.00    0.00   22.92

05:09:29 PM  CPU    %usr   %nice    %sys %iowait    %irq   %soft  %steal  %guest  %gnice   %idle
05:09:30 PM    0   51.02    0.00   21.43    0.00    0.00    5.10    0.00    0.00    0.00   22.45

05:09:30 PM  CPU    %usr   %nice    %sys %iowait    %irq   %soft  %steal  %guest  %gnice   %idle
05:09:31 PM    0   51.96    0.00   20.59    0.00    0.00    5.88    0.00    0.00    0.00   21.57

05:09:31 PM  CPU    %usr   %nice    %sys %iowait    %irq   %soft  %steal  %guest  %gnice   %idle
05:09:32 PM    0   54.55    0.00   17.17    0.00    0.00    6.06    0.00    0.00    0.00   22.22

05:09:32 PM  CPU    %usr   %nice    %sys %iowait    %irq   %soft  %steal  %guest  %gnice   %idle
05:09:33 PM    0   50.00    0.00   23.00    0.00    0.00    5.00    0.00    0.00    0.00   22.00

05:09:33 PM  CPU    %usr   %nice    %sys %iowait    %irq   %soft  %steal  %guest  %gnice   %idle
05:09:34 PM    0   52.53    0.00   19.19    0.00    0.00    6.06    0.00    0.00    0.00   22.22

05:09:34 PM  CPU    %usr   %nice    %sys %iowait    %irq   %soft  %steal  %guest  %gnice   %idle
05:09:35 PM    0   50.98    0.00   22.55    0.00    0.00    4.90    0.00    0.00    0.00   21.57

05:09:35 PM  CPU    %usr   %nice    %sys %iowait    %irq   %soft  %steal  %guest  %gnice   %idle
05:09:36 PM    0   55.00    0.00   19.00    0.00    0.00    5.00    0.00    0.00    0.00   21.00

05:09:36 PM  CPU    %usr   %nice    %sys %iowait    %irq   %soft  %steal  %guest  %gnice   %idle
05:09:37 PM    0   52.53    0.00   19.19    0.00    0.00    6.06    0.00    0.00    0.00   22.22

05:09:37 PM  CPU    %usr   %nice    %sys %iowait    %irq   %soft  %steal  %guest  %gnice   %idle
05:09:38 PM    0   47.06    0.00   24.51    0.00    0.00    5.88    0.00    0.00    0.00   22.55

05:09:38 PM  CPU    %usr   %nice    %sys %iowait    %irq   %soft  %steal  %guest  %gnice   %idle
05:09:39 PM    0   51.52    0.00   21.21    0.00    0.00    6.06    0.00    0.00    0.00   21.21

05:09:39 PM  CPU    %usr   %nice    %sys %iowait    %irq   %soft  %steal  %guest  %gnice   %idle
05:09:40 PM    0   48.51    0.00   22.77    0.00    0.00    6.93    0.00    0.00    0.00   21.78

05:09:40 PM  CPU    %usr   %nice    %sys %iowait    %irq   %soft  %steal  %guest  %gnice   %idle
05:09:41 PM    0   53.00    0.00   20.00    0.00    0.00    5.00    0.00    0.00    0.00   22.00

05:09:41 PM  CPU    %usr   %nice    %sys %iowait    %irq   %soft  %steal  %guest  %gnice   %idle
05:09:42 PM    0   51.49    0.00   19.80    0.00    0.00    5.94    0.00    0.00    0.00   22.77

05:09:42 PM  CPU    %usr   %nice    %sys %iowait    %irq   %soft  %steal  %guest  %gnice   %idle
05:09:43 PM    0   54.08    0.00   17.35    0.00    0.00    6.12    0.00    0.00    0.00   22.45

05:09:43 PM  CPU    %usr   %nice    %sys %iowait    %irq   %soft  %steal  %guest  %gnice   %idle
05:09:44 PM    0   52.48    0.00   19.80    0.00    0.00    4.95    0.00    0.00    0.00   22.77

05:09:44 PM  CPU    %usr   %nice    %sys %iowait    %irq   %soft  %steal  %guest  %gnice   %idle
05:09:45 PM    0   53.54    0.00   19.19    0.00    0.00    5.05    0.00    0.00    0.00   22.22

05:09:45 PM  CPU    %usr   %nice    %sys %iowait    %irq   %soft  %steal  %guest  %gnice   %idle
05:09:46 PM    0   51.96    0.00   20.59    0.00    0.00    5.88    0.00    0.00    0.00   21.57

05:09:46 PM  CPU    %usr   %nice    %sys %iowait    %irq   %soft  %steal  %guest  %gnice   %idle
05:09:47 PM    0   55.56    0.00   16.16    0.00    0.00    6.06    0.00    0.00    0.00   22.22

05:09:47 PM  CPU    %usr   %nice    %sys %iowait    %irq   %soft  %steal  %guest  %gnice   %idle
05:09:48 PM    0   57.73    0.00   16.49    0.00    0.00    3.09    0.00    0.00    0.00   22.68

05:09:48 PM  CPU    %usr   %nice    %sys %iowait    %irq   %soft  %steal  %guest  %gnice   %idle
05:09:49 PM    0   50.98    0.00   20.59    0.00    0.00    6.86    0.00    0.00    0.00   21.57

05:09:49 PM  CPU    %usr   %nice    %sys %iowait    %irq   %soft  %steal  %guest  %gnice   %idle
05:09:50 PM    0   52.00    0.00   21.00    0.00    0.00    5.00    0.00    0.00    0.00   22.00

05:09:50 PM  CPU    %usr   %nice    %sys %iowait    %irq   %soft  %steal  %guest  %gnice   %idle
05:09:51 PM    0   44.90    0.00   27.55    0.00    0.00    5.10    0.00    0.00    0.00   22.45

05:09:51 PM  CPU    %usr   %nice    %sys %iowait    %irq   %soft  %steal  %guest  %gnice   %idle
05:09:52 PM    0   50.49    0.00   22.33    0.00    0.00    5.83    0.00    0.00    0.00   21.36

05:09:52 PM  CPU    %usr   %nice    %sys %iowait    %irq   %soft  %steal  %guest  %gnice   %idle
05:09:53 PM    0   52.08    0.00   20.83    0.00    0.00    5.21    0.00    0.00    0.00   21.88

05:09:53 PM  CPU    %usr   %nice    %sys %iowait    %irq   %soft  %steal  %guest  %gnice   %idle
05:09:54 PM    0   57.14    0.00   17.35    0.00    0.00    3.06    0.00    0.00    0.00   22.45

05:09:54 PM  CPU    %usr   %nice    %sys %iowait    %irq   %soft  %steal  %guest  %gnice   %idle
05:09:55 PM    0   54.55    0.00   21.21    0.00    0.00    3.03    0.00    0.00    0.00   21.21

05:09:55 PM  CPU    %usr   %nice    %sys %iowait    %irq   %soft  %steal  %guest  %gnice   %idle
05:09:56 PM    0   55.34    0.00   19.42    0.00    0.00    3.88    0.00    0.00    0.00   21.36

05:09:56 PM  CPU    %usr   %nice    %sys %iowait    %irq   %soft  %steal  %guest  %gnice   %idle
05:09:57 PM    0   56.86    0.00   16.67    0.00    0.00    4.90    0.00    0.00    0.00   21.57

05:09:57 PM  CPU    %usr   %nice    %sys %iowait    %irq   %soft  %steal  %guest  %gnice   %idle
05:09:58 PM    0   50.52    0.00   23.71    0.00    0.00    4.12    0.00    0.00    0.00   21.65

05:09:58 PM  CPU    %usr   %nice    %sys %iowait    %irq   %soft  %steal  %guest  %gnice   %idle
05:09:59 PM    0   54.00    0.00   19.00    0.00    0.00    5.00    0.00    0.00    0.00   22.00

05:09:59 PM  CPU    %usr   %nice    %sys %iowait    %irq   %soft  %steal  %guest  %gnice   %idle
05:10:00 PM    0   52.53    0.00   18.18    0.00    0.00    7.07    0.00    0.00    0.00   22.22

05:10:00 PM  CPU    %usr   %nice    %sys %iowait    %irq   %soft  %steal  %guest  %gnice   %idle
05:10:01 PM    0   53.06    0.00   19.39    0.00    0.00    6.12    0.00    0.00    0.00   21.43

05:10:01 PM  CPU    %usr   %nice    %sys %iowait    %irq   %soft  %steal  %guest  %gnice   %idle
05:10:02 PM    0   51.46    0.00   22.33    0.00    0.00    4.85    0.00    0.00    0.00   21.36

05:10:02 PM  CPU    %usr   %nice    %sys %iowait    %irq   %soft  %steal  %guest  %gnice   %idle
05:10:03 PM    0   51.00    0.00   20.00    0.00    0.00    8.00    0.00    0.00    0.00   21.00

05:10:03 PM  CPU    %usr   %nice    %sys %iowait    %irq   %soft  %steal  %guest  %gnice   %idle
05:10:04 PM    0   53.06    0.00   19.39    0.00    0.00    6.12    0.00    0.00    0.00   21.43

05:10:04 PM  CPU    %usr   %nice    %sys %iowait    %irq   %soft  %steal  %guest  %gnice   %idle
05:10:05 PM    0   51.55    0.00   21.65    0.00    0.00    4.12    0.00    0.00    0.00   22.68

05:10:05 PM  CPU    %usr   %nice    %sys %iowait    %irq   %soft  %steal  %guest  %gnice   %idle
05:10:06 PM    0   49.02    0.00   23.53    0.00    0.00    5.88    0.00    0.00    0.00   21.57

05:10:06 PM  CPU    %usr   %nice    %sys %iowait    %irq   %soft  %steal  %guest  %gnice   %idle
05:10:07 PM    0   52.53    0.00   18.18    0.00    0.00    8.08    0.00    0.00    0.00   21.21

05:10:07 PM  CPU    %usr   %nice    %sys %iowait    %irq   %soft  %steal  %guest  %gnice   %idle
05:10:08 PM    0   46.08    0.00   26.47    0.00    0.00    5.88    0.00    0.00    0.00   21.57

05:10:08 PM  CPU    %usr   %nice    %sys %iowait    %irq   %soft  %steal  %guest  %gnice   %idle
05:10:09 PM    0   51.52    0.00   22.22    0.00    0.00    5.05    0.00    0.00    0.00   21.21

05:10:09 PM  CPU    %usr   %nice    %sys %iowait    %irq   %soft  %steal  %guest  %gnice   %idle
05:10:10 PM    0   55.10    0.00   18.37    0.00    0.00    4.08    0.00    0.00    0.00   22.45

05:10:10 PM  CPU    %usr   %nice    %sys %iowait    %irq   %soft  %steal  %guest  %gnice   %idle
05:10:11 PM    0   54.46    0.00   19.80    0.00    0.00    4.95    0.00    0.00    0.00   20.79

05:10:11 PM  CPU    %usr   %nice    %sys %iowait    %irq   %soft  %steal  %guest  %gnice   %idle
05:10:12 PM    0   52.00    0.00   22.00    0.00    0.00    4.00    0.00    0.00    0.00   22.00

05:10:12 PM  CPU    %usr   %nice    %sys %iowait    %irq   %soft  %steal  %guest  %gnice   %idle
05:10:13 PM    0   54.00    0.00   18.00    0.00    0.00    6.00    0.00    0.00    0.00   22.00

05:10:13 PM  CPU    %usr   %nice    %sys %iowait    %irq   %soft  %steal  %guest  %gnice   %idle
05:10:14 PM    0   51.96    0.00   19.61    0.00    0.00    6.86    0.00    0.00    0.00   21.57

05:10:14 PM  CPU    %usr   %nice    %sys %iowait    %irq   %soft  %steal  %guest  %gnice   %idle
05:10:15 PM    0   51.02    0.00   23.47    0.00    0.00    4.08    0.00    0.00    0.00   21.43

05:10:15 PM  CPU    %usr   %nice    %sys %iowait    %irq   %soft  %steal  %guest  %gnice   %idle
05:10:16 PM    0   53.47    0.00   20.79    0.00    0.00    3.96    0.00    0.00    0.00   21.78

05:10:16 PM  CPU    %usr   %nice    %sys %iowait    %irq   %soft  %steal  %guest  %gnice   %idle
05:10:17 PM    0   53.61    0.00   20.62    0.00    0.00    4.12    0.00    0.00    0.00   21.65

05:10:17 PM  CPU    %usr   %nice    %sys %iowait    %irq   %soft  %steal  %guest  %gnice   %idle
05:10:18 PM    0   49.02    0.00   23.53    0.00    0.00    5.88    0.00    0.00    0.00   21.57

05:10:18 PM  CPU    %usr   %nice    %sys %iowait    %irq   %soft  %steal  %guest  %gnice   %idle
05:10:19 PM    0   51.96    0.00   22.55    0.00    0.00    3.92    0.00    0.00    0.00   21.57

Average:     CPU    %usr   %nice    %sys %iowait    %irq   %soft  %steal  %guest  %gnice   %idle
Average:       0   52.31    0.00   20.71    0.00    0.00    5.25    0.00    0.00    0.00   21.73
