Linux 5.3.0-61-generic (cw-zenbook) 	07/16/2020 	_x86_64_	(8 CPU)

02:07:42 PM  CPU    %usr   %nice    %sys %iowait    %irq   %soft  %steal  %guest  %gnice   %idle
02:07:43 PM    0   28.28    0.00    9.09    0.00    0.00    1.01    0.00    0.00    0.00   61.62

02:07:43 PM  CPU    %usr   %nice    %sys %iowait    %irq   %soft  %steal  %guest  %gnice   %idle
02:07:44 PM    0   27.00    0.00    8.00    0.00    0.00    3.00    0.00    0.00    0.00   62.00

02:07:44 PM  CPU    %usr   %nice    %sys %iowait    %irq   %soft  %steal  %guest  %gnice   %idle
02:07:45 PM    0   22.22    0.00   12.12    0.00    0.00    3.03    0.00    0.00    0.00   62.63

02:07:45 PM  CPU    %usr   %nice    %sys %iowait    %irq   %soft  %steal  %guest  %gnice   %idle
02:07:46 PM    0   25.49    0.00   10.78    0.00    0.00    3.92    0.00    0.00    0.00   59.80

02:07:46 PM  CPU    %usr   %nice    %sys %iowait    %irq   %soft  %steal  %guest  %gnice   %idle
02:07:47 PM    0   29.70    0.00    8.91    0.00    0.00    1.98    0.00    0.00    0.00   59.41

02:07:47 PM  CPU    %usr   %nice    %sys %iowait    %irq   %soft  %steal  %guest  %gnice   %idle
02:07:48 PM    0   26.47    0.00   11.76    0.00    0.00    2.94    0.00    0.00    0.00   58.82

02:07:48 PM  CPU    %usr   %nice    %sys %iowait    %irq   %soft  %steal  %guest  %gnice   %idle
02:07:49 PM    0   31.00    0.00    7.00    0.00    0.00    2.00    0.00    0.00    0.00   60.00

02:07:49 PM  CPU    %usr   %nice    %sys %iowait    %irq   %soft  %steal  %guest  %gnice   %idle
02:07:50 PM    0   24.24    0.00   11.11    0.00    0.00    3.03    0.00    0.00    0.00   61.62

02:07:50 PM  CPU    %usr   %nice    %sys %iowait    %irq   %soft  %steal  %guest  %gnice   %idle
02:07:51 PM    0   25.25    0.00   10.10    0.00    0.00    4.04    0.00    0.00    0.00   60.61

02:07:51 PM  CPU    %usr   %nice    %sys %iowait    %irq   %soft  %steal  %guest  %gnice   %idle
02:07:52 PM    0   25.00    0.00   12.00    0.00    0.00    3.00    0.00    0.00    0.00   60.00

02:07:52 PM  CPU    %usr   %nice    %sys %iowait    %irq   %soft  %steal  %guest  %gnice   %idle
02:07:53 PM    0   26.26    0.00    9.09    0.00    0.00    4.04    0.00    0.00    0.00   60.61

02:07:53 PM  CPU    %usr   %nice    %sys %iowait    %irq   %soft  %steal  %guest  %gnice   %idle
02:07:54 PM    0   26.26    0.00   10.10    0.00    0.00    2.02    0.00    0.00    0.00   61.62

02:07:54 PM  CPU    %usr   %nice    %sys %iowait    %irq   %soft  %steal  %guest  %gnice   %idle
02:07:55 PM    0   26.26    0.00   11.11    0.00    0.00    1.01    0.00    0.00    0.00   61.62

02:07:55 PM  CPU    %usr   %nice    %sys %iowait    %irq   %soft  %steal  %guest  %gnice   %idle
02:07:56 PM    0   28.00    0.00    7.00    0.00    0.00    4.00    0.00    0.00    0.00   61.00

02:07:56 PM  CPU    %usr   %nice    %sys %iowait    %irq   %soft  %steal  %guest  %gnice   %idle
02:07:57 PM    0   24.00    0.00   12.00    0.00    0.00    4.00    0.00    0.00    0.00   60.00

02:07:57 PM  CPU    %usr   %nice    %sys %iowait    %irq   %soft  %steal  %guest  %gnice   %idle
02:07:58 PM    0   24.00    0.00   13.00    0.00    0.00    3.00    0.00    0.00    0.00   60.00

02:07:58 PM  CPU    %usr   %nice    %sys %iowait    %irq   %soft  %steal  %guest  %gnice   %idle
02:07:59 PM    0   25.25    0.00   10.10    0.00    0.00    4.04    0.00    0.00    0.00   60.61

02:07:59 PM  CPU    %usr   %nice    %sys %iowait    %irq   %soft  %steal  %guest  %gnice   %idle
02:08:00 PM    0   29.59    0.00    5.10    0.00    0.00    4.08    0.00    0.00    0.00   61.22

02:08:00 PM  CPU    %usr   %nice    %sys %iowait    %irq   %soft  %steal  %guest  %gnice   %idle
02:08:01 PM    0   24.74    0.00   11.34    0.00    0.00    3.09    0.00    0.00    0.00   60.82

02:08:01 PM  CPU    %usr   %nice    %sys %iowait    %irq   %soft  %steal  %guest  %gnice   %idle
02:08:02 PM    0   26.26    0.00   10.10    0.00    0.00    4.04    0.00    0.00    0.00   59.60

02:08:02 PM  CPU    %usr   %nice    %sys %iowait    %irq   %soft  %steal  %guest  %gnice   %idle
02:08:03 PM    0   27.18    0.00   10.68    0.00    0.00    2.91    0.00    0.00    0.00   59.22

02:08:03 PM  CPU    %usr   %nice    %sys %iowait    %irq   %soft  %steal  %guest  %gnice   %idle
02:08:04 PM    0   28.57    0.00    8.16    0.00    0.00    1.02    0.00    0.00    0.00   62.24

02:08:04 PM  CPU    %usr   %nice    %sys %iowait    %irq   %soft  %steal  %guest  %gnice   %idle
02:08:05 PM    0   23.00    0.00   11.00    0.00    0.00    6.00    0.00    0.00    0.00   60.00

02:08:05 PM  CPU    %usr   %nice    %sys %iowait    %irq   %soft  %steal  %guest  %gnice   %idle
02:08:06 PM    0   29.00    0.00    8.00    0.00    0.00    3.00    0.00    0.00    0.00   60.00

02:08:06 PM  CPU    %usr   %nice    %sys %iowait    %irq   %soft  %steal  %guest  %gnice   %idle
02:08:07 PM    0   27.00    0.00    9.00    0.00    0.00    3.00    0.00    0.00    0.00   61.00

02:08:07 PM  CPU    %usr   %nice    %sys %iowait    %irq   %soft  %steal  %guest  %gnice   %idle
02:08:08 PM    0   28.16    0.00   10.68    0.00    0.00    2.91    0.00    0.00    0.00   58.25

02:08:08 PM  CPU    %usr   %nice    %sys %iowait    %irq   %soft  %steal  %guest  %gnice   %idle
02:08:09 PM    0   25.25    0.00   10.10    0.00    0.00    4.04    0.00    0.00    0.00   60.61

02:08:09 PM  CPU    %usr   %nice    %sys %iowait    %irq   %soft  %steal  %guest  %gnice   %idle
02:08:10 PM    0   27.55    0.00   10.20    0.00    0.00    0.00    0.00    0.00    0.00   62.24

02:08:10 PM  CPU    %usr   %nice    %sys %iowait    %irq   %soft  %steal  %guest  %gnice   %idle
02:08:11 PM    0   25.00    0.00   10.00    0.00    0.00    3.00    0.00    0.00    0.00   62.00

02:08:11 PM  CPU    %usr   %nice    %sys %iowait    %irq   %soft  %steal  %guest  %gnice   %idle
02:08:12 PM    0   24.00    0.00   12.00    0.00    0.00    3.00    0.00    0.00    0.00   61.00

02:08:12 PM  CPU    %usr   %nice    %sys %iowait    %irq   %soft  %steal  %guest  %gnice   %idle
02:08:13 PM    0   24.75    0.00   11.88    0.00    0.00    1.98    0.00    0.00    0.00   61.39

02:08:13 PM  CPU    %usr   %nice    %sys %iowait    %irq   %soft  %steal  %guest  %gnice   %idle
02:08:14 PM    0   26.26    0.00   10.10    0.00    0.00    2.02    0.00    0.00    0.00   61.62

02:08:14 PM  CPU    %usr   %nice    %sys %iowait    %irq   %soft  %steal  %guest  %gnice   %idle
02:08:15 PM    0   25.00    0.00   10.00    0.00    0.00    4.00    0.00    0.00    0.00   61.00

02:08:15 PM  CPU    %usr   %nice    %sys %iowait    %irq   %soft  %steal  %guest  %gnice   %idle
02:08:16 PM    0   28.43    0.00   10.78    0.00    0.00    1.96    0.00    0.00    0.00   58.82

02:08:16 PM  CPU    %usr   %nice    %sys %iowait    %irq   %soft  %steal  %guest  %gnice   %idle
02:08:17 PM    0   30.69    0.00    6.93    0.00    0.00    1.98    0.00    0.00    0.00   60.40

02:08:17 PM  CPU    %usr   %nice    %sys %iowait    %irq   %soft  %steal  %guest  %gnice   %idle
02:08:18 PM    0   26.26    0.00   10.10    0.00    0.00    2.02    0.00    0.00    0.00   61.62

02:08:18 PM  CPU    %usr   %nice    %sys %iowait    %irq   %soft  %steal  %guest  %gnice   %idle
02:08:19 PM    0   26.73    0.00    9.90    0.00    0.00    3.96    0.00    0.00    0.00   59.41

02:08:19 PM  CPU    %usr   %nice    %sys %iowait    %irq   %soft  %steal  %guest  %gnice   %idle
02:08:20 PM    0   25.25    0.00    9.09    0.00    0.00    4.04    0.00    0.00    0.00   61.62

02:08:20 PM  CPU    %usr   %nice    %sys %iowait    %irq   %soft  %steal  %guest  %gnice   %idle
02:08:21 PM    0   26.00    0.00   11.00    0.00    0.00    2.00    0.00    0.00    0.00   61.00

02:08:21 PM  CPU    %usr   %nice    %sys %iowait    %irq   %soft  %steal  %guest  %gnice   %idle
02:08:22 PM    0   23.00    0.00   13.00    0.00    0.00    4.00    0.00    0.00    0.00   60.00

02:08:22 PM  CPU    %usr   %nice    %sys %iowait    %irq   %soft  %steal  %guest  %gnice   %idle
02:08:23 PM    0   26.00    0.00   11.00    0.00    0.00    2.00    0.00    0.00    0.00   61.00

02:08:23 PM  CPU    %usr   %nice    %sys %iowait    %irq   %soft  %steal  %guest  %gnice   %idle
02:08:24 PM    0   27.45    0.00    5.88    0.00    0.00    6.86    0.00    0.00    0.00   59.80

02:08:24 PM  CPU    %usr   %nice    %sys %iowait    %irq   %soft  %steal  %guest  %gnice   %idle
02:08:25 PM    0   21.78    0.00   14.85    0.00    0.00    2.97    0.00    0.00    0.00   60.40

02:08:25 PM  CPU    %usr   %nice    %sys %iowait    %irq   %soft  %steal  %guest  %gnice   %idle
02:08:26 PM    0   24.49    0.00   12.24    0.00    0.00    1.02    0.00    0.00    0.00   62.24

02:08:26 PM  CPU    %usr   %nice    %sys %iowait    %irq   %soft  %steal  %guest  %gnice   %idle
02:08:27 PM    0   25.74    0.00   10.89    0.00    0.00    3.96    0.00    0.00    0.00   59.41

02:08:27 PM  CPU    %usr   %nice    %sys %iowait    %irq   %soft  %steal  %guest  %gnice   %idle
02:08:28 PM    0   25.00    0.00    9.38    0.00    0.00    3.12    0.00    0.00    0.00   62.50

02:08:28 PM  CPU    %usr   %nice    %sys %iowait    %irq   %soft  %steal  %guest  %gnice   %idle
02:08:29 PM    0   25.74    0.00    9.90    0.00    0.00    3.96    0.00    0.00    0.00   60.40

02:08:29 PM  CPU    %usr   %nice    %sys %iowait    %irq   %soft  %steal  %guest  %gnice   %idle
02:08:30 PM    0   25.71    0.00   12.38    0.00    0.00    2.86    0.00    0.00    0.00   59.05

02:08:30 PM  CPU    %usr   %nice    %sys %iowait    %irq   %soft  %steal  %guest  %gnice   %idle
02:08:31 PM    0   25.51    0.00   10.20    0.00    0.00    3.06    0.00    0.00    0.00   61.22

02:08:31 PM  CPU    %usr   %nice    %sys %iowait    %irq   %soft  %steal  %guest  %gnice   %idle
02:08:32 PM    0   24.27    0.00   12.62    0.00    0.00    3.88    0.00    0.00    0.00   59.22

02:08:32 PM  CPU    %usr   %nice    %sys %iowait    %irq   %soft  %steal  %guest  %gnice   %idle
02:08:33 PM    0   26.53    0.00    9.18    0.00    0.00    2.04    0.00    0.00    0.00   62.24

02:08:33 PM  CPU    %usr   %nice    %sys %iowait    %irq   %soft  %steal  %guest  %gnice   %idle
02:08:34 PM    0   23.00    0.00   11.00    0.00    0.00    5.00    0.00    0.00    0.00   61.00

02:08:34 PM  CPU    %usr   %nice    %sys %iowait    %irq   %soft  %steal  %guest  %gnice   %idle
02:08:35 PM    0   25.00    0.00   11.00    0.00    0.00    3.00    0.00    0.00    0.00   61.00

02:08:35 PM  CPU    %usr   %nice    %sys %iowait    %irq   %soft  %steal  %guest  %gnice   %idle
02:08:36 PM    0   29.00    0.00    6.00    0.00    0.00    3.00    0.00    0.00    0.00   62.00

02:08:36 PM  CPU    %usr   %nice    %sys %iowait    %irq   %soft  %steal  %guest  %gnice   %idle
02:08:37 PM    0   23.76    0.00   10.89    0.00    0.00    4.95    0.00    0.00    0.00   60.40

02:08:37 PM  CPU    %usr   %nice    %sys %iowait    %irq   %soft  %steal  %guest  %gnice   %idle
02:08:38 PM    0   26.26    0.00   10.10    0.00    0.00    2.02    0.00    0.00    0.00   61.62

02:08:38 PM  CPU    %usr   %nice    %sys %iowait    %irq   %soft  %steal  %guest  %gnice   %idle
02:08:39 PM    0   29.59    0.00    7.14    0.00    0.00    2.04    0.00    0.00    0.00   61.22

02:08:39 PM  CPU    %usr   %nice    %sys %iowait    %irq   %soft  %steal  %guest  %gnice   %idle
02:08:40 PM    0   23.00    0.00   13.00    0.00    0.00    3.00    0.00    0.00    0.00   61.00

02:08:40 PM  CPU    %usr   %nice    %sys %iowait    %irq   %soft  %steal  %guest  %gnice   %idle
02:08:41 PM    0   24.49    0.00   11.22    0.00    0.00    1.02    0.00    0.00    0.00   63.27

02:08:41 PM  CPU    %usr   %nice    %sys %iowait    %irq   %soft  %steal  %guest  %gnice   %idle
02:08:42 PM    0   27.72    0.00    8.91    0.00    0.00    2.97    0.00    0.00    0.00   60.40

02:08:42 PM  CPU    %usr   %nice    %sys %iowait    %irq   %soft  %steal  %guest  %gnice   %idle
02:08:43 PM    0   26.53    0.00   10.20    0.00    0.00    1.02    0.00    0.00    0.00   62.24

02:08:43 PM  CPU    %usr   %nice    %sys %iowait    %irq   %soft  %steal  %guest  %gnice   %idle
02:08:44 PM    0   24.24    0.00   10.10    0.00    0.00    3.03    0.00    0.00    0.00   62.63

02:08:44 PM  CPU    %usr   %nice    %sys %iowait    %irq   %soft  %steal  %guest  %gnice   %idle
02:08:45 PM    0   25.00    0.00   13.00    0.00    0.00    2.00    0.00    0.00    0.00   60.00

02:08:45 PM  CPU    %usr   %nice    %sys %iowait    %irq   %soft  %steal  %guest  %gnice   %idle
02:08:46 PM    0   23.00    0.00   11.00    0.00    0.00    5.00    0.00    0.00    0.00   61.00

02:08:46 PM  CPU    %usr   %nice    %sys %iowait    %irq   %soft  %steal  %guest  %gnice   %idle
02:08:47 PM    0   28.16    0.00   10.68    0.00    0.00    1.94    0.00    0.00    0.00   59.22

02:08:47 PM  CPU    %usr   %nice    %sys %iowait    %irq   %soft  %steal  %guest  %gnice   %idle
02:08:48 PM    0   27.00    0.00   11.00    0.00    0.00    1.00    0.00    0.00    0.00   61.00

02:08:48 PM  CPU    %usr   %nice    %sys %iowait    %irq   %soft  %steal  %guest  %gnice   %idle
02:08:49 PM    0   25.00    0.00   11.00    0.00    0.00    2.00    0.00    0.00    0.00   62.00

02:08:49 PM  CPU    %usr   %nice    %sys %iowait    %irq   %soft  %steal  %guest  %gnice   %idle
02:08:50 PM    0   25.00    0.00   10.00    0.00    0.00    4.00    0.00    0.00    0.00   61.00

02:08:50 PM  CPU    %usr   %nice    %sys %iowait    %irq   %soft  %steal  %guest  %gnice   %idle
02:08:51 PM    0   23.47    0.00    9.18    0.00    0.00    5.10    0.00    0.00    0.00   62.24

02:08:51 PM  CPU    %usr   %nice    %sys %iowait    %irq   %soft  %steal  %guest  %gnice   %idle
02:08:52 PM    0   24.00    0.00   13.00    0.00    0.00    2.00    0.00    0.00    0.00   61.00

02:08:52 PM  CPU    %usr   %nice    %sys %iowait    %irq   %soft  %steal  %guest  %gnice   %idle
02:08:53 PM    0   24.75    0.00   10.89    0.00    0.00    3.96    0.00    0.00    0.00   60.40

02:08:53 PM  CPU    %usr   %nice    %sys %iowait    %irq   %soft  %steal  %guest  %gnice   %idle
02:08:54 PM    0   24.00    0.00   13.00    0.00    0.00    2.00    0.00    0.00    0.00   61.00

02:08:54 PM  CPU    %usr   %nice    %sys %iowait    %irq   %soft  %steal  %guest  %gnice   %idle
02:08:55 PM    0   25.49    0.00   11.76    0.00    0.00    3.92    0.00    0.00    0.00   58.82

02:08:55 PM  CPU    %usr   %nice    %sys %iowait    %irq   %soft  %steal  %guest  %gnice   %idle
02:08:56 PM    0   27.45    0.00    8.82    0.00    0.00    3.92    0.00    0.00    0.00   59.80

02:08:56 PM  CPU    %usr   %nice    %sys %iowait    %irq   %soft  %steal  %guest  %gnice   %idle
02:08:57 PM    0   23.30    0.00   14.56    0.00    0.00    2.91    0.00    0.00    0.00   59.22

02:08:57 PM  CPU    %usr   %nice    %sys %iowait    %irq   %soft  %steal  %guest  %gnice   %idle
02:08:58 PM    0   23.40    0.00    8.51    0.00    0.00    3.19    0.00    0.00    0.00   64.89

02:08:58 PM  CPU    %usr   %nice    %sys %iowait    %irq   %soft  %steal  %guest  %gnice   %idle
02:08:59 PM    0   25.00    0.00   10.00    0.00    0.00    4.00    0.00    0.00    0.00   61.00

02:08:59 PM  CPU    %usr   %nice    %sys %iowait    %irq   %soft  %steal  %guest  %gnice   %idle
02:09:00 PM    0   24.24    0.00   12.12    0.00    0.00    2.02    0.00    0.00    0.00   61.62

02:09:00 PM  CPU    %usr   %nice    %sys %iowait    %irq   %soft  %steal  %guest  %gnice   %idle
02:09:01 PM    0   23.00    0.00   12.00    0.00    0.00    4.00    0.00    0.00    0.00   61.00

02:09:01 PM  CPU    %usr   %nice    %sys %iowait    %irq   %soft  %steal  %guest  %gnice   %idle
02:09:02 PM    0   28.28    0.00    6.06    0.00    0.00    4.04    0.00    0.00    0.00   61.62

02:09:02 PM  CPU    %usr   %nice    %sys %iowait    %irq   %soft  %steal  %guest  %gnice   %idle
02:09:03 PM    0   23.23    0.00   12.12    0.00    0.00    3.03    0.00    0.00    0.00   61.62

02:09:03 PM  CPU    %usr   %nice    %sys %iowait    %irq   %soft  %steal  %guest  %gnice   %idle
02:09:04 PM    0   27.18    0.00   10.68    0.00    0.00    2.91    0.00    0.00    0.00   59.22

02:09:04 PM  CPU    %usr   %nice    %sys %iowait    %irq   %soft  %steal  %guest  %gnice   %idle
02:09:05 PM    0   29.29    0.00    7.07    0.00    0.00    2.02    0.00    0.00    0.00   61.62

02:09:05 PM  CPU    %usr   %nice    %sys %iowait    %irq   %soft  %steal  %guest  %gnice   %idle
02:09:06 PM    0   22.45    0.00   12.24    0.00    0.00    4.08    0.00    0.00    0.00   61.22

02:09:06 PM  CPU    %usr   %nice    %sys %iowait    %irq   %soft  %steal  %guest  %gnice   %idle
02:09:07 PM    0   26.26    0.00   11.11    0.00    0.00    1.01    0.00    0.00    0.00   61.62

02:09:07 PM  CPU    %usr   %nice    %sys %iowait    %irq   %soft  %steal  %guest  %gnice   %idle
02:09:08 PM    0   22.00    0.00   13.00    0.00    0.00    3.00    0.00    0.00    0.00   62.00

02:09:08 PM  CPU    %usr   %nice    %sys %iowait    %irq   %soft  %steal  %guest  %gnice   %idle
02:09:09 PM    0   29.81    0.00    9.62    0.00    0.00    1.92    0.00    0.00    0.00   58.65

02:09:09 PM  CPU    %usr   %nice    %sys %iowait    %irq   %soft  %steal  %guest  %gnice   %idle
02:09:10 PM    0   26.53    0.00   10.20    0.00    0.00    1.02    0.00    0.00    0.00   62.24

02:09:10 PM  CPU    %usr   %nice    %sys %iowait    %irq   %soft  %steal  %guest  %gnice   %idle
02:09:11 PM    0   26.73    0.00    7.92    0.00    0.00    3.96    0.00    0.00    0.00   61.39

02:09:11 PM  CPU    %usr   %nice    %sys %iowait    %irq   %soft  %steal  %guest  %gnice   %idle
02:09:12 PM    0   27.00    0.00    9.00    0.00    0.00    3.00    0.00    0.00    0.00   61.00

02:09:12 PM  CPU    %usr   %nice    %sys %iowait    %irq   %soft  %steal  %guest  %gnice   %idle
02:09:13 PM    0   25.00    0.00   11.00    0.00    0.00    2.00    0.00    0.00    0.00   62.00

02:09:13 PM  CPU    %usr   %nice    %sys %iowait    %irq   %soft  %steal  %guest  %gnice   %idle
02:09:14 PM    0   26.73    0.00    9.90    0.00    0.00    2.97    0.00    0.00    0.00   60.40

02:09:14 PM  CPU    %usr   %nice    %sys %iowait    %irq   %soft  %steal  %guest  %gnice   %idle
02:09:15 PM    0   27.27    0.00    8.08    0.00    0.00    4.04    0.00    0.00    0.00   60.61

02:09:15 PM  CPU    %usr   %nice    %sys %iowait    %irq   %soft  %steal  %guest  %gnice   %idle
02:09:16 PM    0   26.53    0.00    8.16    0.00    0.00    3.06    0.00    0.00    0.00   62.24

02:09:16 PM  CPU    %usr   %nice    %sys %iowait    %irq   %soft  %steal  %guest  %gnice   %idle
02:09:17 PM    0   23.00    0.00   13.00    0.00    0.00    4.00    0.00    0.00    0.00   60.00

02:09:17 PM  CPU    %usr   %nice    %sys %iowait    %irq   %soft  %steal  %guest  %gnice   %idle
02:09:18 PM    0   28.57    0.00    7.14    0.00    0.00    3.06    0.00    0.00    0.00   61.22

02:09:18 PM  CPU    %usr   %nice    %sys %iowait    %irq   %soft  %steal  %guest  %gnice   %idle
02:09:19 PM    0   23.76    0.00   12.87    0.00    0.00    2.97    0.00    0.00    0.00   60.40

02:09:19 PM  CPU    %usr   %nice    %sys %iowait    %irq   %soft  %steal  %guest  %gnice   %idle
02:09:20 PM    0   23.76    0.00   12.87    0.00    0.00    2.97    0.00    0.00    0.00   60.40

02:09:20 PM  CPU    %usr   %nice    %sys %iowait    %irq   %soft  %steal  %guest  %gnice   %idle
02:09:21 PM    0   22.55    0.00   12.75    0.00    0.00    3.92    0.00    0.00    0.00   60.78

02:09:21 PM  CPU    %usr   %nice    %sys %iowait    %irq   %soft  %steal  %guest  %gnice   %idle
02:09:22 PM    0   24.24    0.00   11.11    0.00    0.00    4.04    0.00    0.00    0.00   60.61

02:09:22 PM  CPU    %usr   %nice    %sys %iowait    %irq   %soft  %steal  %guest  %gnice   %idle
02:09:23 PM    0   26.00    0.00   10.00    0.00    0.00    3.00    0.00    0.00    0.00   61.00

02:09:23 PM  CPU    %usr   %nice    %sys %iowait    %irq   %soft  %steal  %guest  %gnice   %idle
02:09:24 PM    0   28.28    0.00    9.09    0.00    0.00    1.01    0.00    0.00    0.00   61.62

02:09:24 PM  CPU    %usr   %nice    %sys %iowait    %irq   %soft  %steal  %guest  %gnice   %idle
02:09:25 PM    0   25.25    0.00    9.09    0.00    0.00    3.03    0.00    0.00    0.00   62.63

02:09:25 PM  CPU    %usr   %nice    %sys %iowait    %irq   %soft  %steal  %guest  %gnice   %idle
02:09:26 PM    0   22.22    0.00   11.11    0.00    0.00    5.05    0.00    0.00    0.00   61.62

02:09:26 PM  CPU    %usr   %nice    %sys %iowait    %irq   %soft  %steal  %guest  %gnice   %idle
02:09:27 PM    0   24.51    0.00   10.78    0.00    0.00    4.90    0.00    0.00    0.00   59.80

02:09:27 PM  CPU    %usr   %nice    %sys %iowait    %irq   %soft  %steal  %guest  %gnice   %idle
02:09:28 PM    0   24.74    0.00   10.31    0.00    0.00    2.06    0.00    0.00    0.00   62.89

02:09:28 PM  CPU    %usr   %nice    %sys %iowait    %irq   %soft  %steal  %guest  %gnice   %idle
02:09:29 PM    0   26.26    0.00   10.10    0.00    0.00    3.03    0.00    0.00    0.00   60.61

02:09:29 PM  CPU    %usr   %nice    %sys %iowait    %irq   %soft  %steal  %guest  %gnice   %idle
02:09:30 PM    0   24.49    0.00   11.22    0.00    0.00    3.06    0.00    0.00    0.00   61.22

02:09:30 PM  CPU    %usr   %nice    %sys %iowait    %irq   %soft  %steal  %guest  %gnice   %idle
02:09:31 PM    0   26.00    0.00   11.00    0.00    0.00    2.00    0.00    0.00    0.00   61.00

02:09:31 PM  CPU    %usr   %nice    %sys %iowait    %irq   %soft  %steal  %guest  %gnice   %idle
02:09:32 PM    0   23.76    0.00   10.89    0.00    0.00    5.94    0.00    0.00    0.00   59.41

02:09:32 PM  CPU    %usr   %nice    %sys %iowait    %irq   %soft  %steal  %guest  %gnice   %idle
02:09:33 PM    0   28.28    0.00    9.09    0.00    0.00    2.02    0.00    0.00    0.00   60.61

02:09:33 PM  CPU    %usr   %nice    %sys %iowait    %irq   %soft  %steal  %guest  %gnice   %idle
02:09:34 PM    0   27.27    0.00    8.08    0.00    0.00    3.03    0.00    0.00    0.00   61.62

02:09:34 PM  CPU    %usr   %nice    %sys %iowait    %irq   %soft  %steal  %guest  %gnice   %idle
02:09:35 PM    0   24.51    0.00    9.80    0.00    0.00    4.90    0.00    0.00    0.00   60.78

02:09:35 PM  CPU    %usr   %nice    %sys %iowait    %irq   %soft  %steal  %guest  %gnice   %idle
02:09:36 PM    0   27.08    0.00    7.29    0.00    0.00    2.08    0.00    0.00    0.00   63.54

02:09:36 PM  CPU    %usr   %nice    %sys %iowait    %irq   %soft  %steal  %guest  %gnice   %idle
02:09:37 PM    0   24.00    0.00   11.00    0.00    0.00    4.00    0.00    0.00    0.00   61.00

02:09:37 PM  CPU    %usr   %nice    %sys %iowait    %irq   %soft  %steal  %guest  %gnice   %idle
02:09:38 PM    0   25.74    0.00    9.90    0.00    0.00    4.95    0.00    0.00    0.00   59.41

02:09:38 PM  CPU    %usr   %nice    %sys %iowait    %irq   %soft  %steal  %guest  %gnice   %idle
02:09:39 PM    0   27.72    0.00   10.89    0.00    0.00    1.98    0.00    0.00    0.00   59.41

02:09:39 PM  CPU    %usr   %nice    %sys %iowait    %irq   %soft  %steal  %guest  %gnice   %idle
02:09:40 PM    0   27.45    0.00   10.78    0.00    0.00    1.96    0.00    0.00    0.00   59.80

02:09:40 PM  CPU    %usr   %nice    %sys %iowait    %irq   %soft  %steal  %guest  %gnice   %idle
02:09:41 PM    0   29.29    0.00    8.08    0.00    0.00    1.01    0.00    0.00    0.00   61.62

02:09:41 PM  CPU    %usr   %nice    %sys %iowait    %irq   %soft  %steal  %guest  %gnice   %idle
02:09:42 PM    0   28.28    0.00   10.10    0.00    0.00    1.01    0.00    0.00    0.00   60.61

Average:     CPU    %usr   %nice    %sys %iowait    %irq   %soft  %steal  %guest  %gnice   %idle
Average:       0   25.80    0.00   10.31    0.00    0.00    3.01    0.00    0.00    0.00   60.88
