Linux 5.3.0-61-generic (cw-zenbook) 	07/16/2020 	_x86_64_	(8 CPU)

12:54:24 PM  CPU    %usr   %nice    %sys %iowait    %irq   %soft  %steal  %guest  %gnice   %idle
12:54:25 PM    0   51.00    0.00   21.00    0.00    0.00    7.00    0.00    0.00    0.00   21.00

12:54:25 PM  CPU    %usr   %nice    %sys %iowait    %irq   %soft  %steal  %guest  %gnice   %idle
12:54:26 PM    0   56.12    0.00   15.31    0.00    0.00    8.16    0.00    0.00    0.00   20.41

12:54:26 PM  CPU    %usr   %nice    %sys %iowait    %irq   %soft  %steal  %guest  %gnice   %idle
12:54:27 PM    0   52.00    0.00   20.00    0.00    0.00    7.00    0.00    0.00    0.00   21.00

12:54:27 PM  CPU    %usr   %nice    %sys %iowait    %irq   %soft  %steal  %guest  %gnice   %idle
12:54:28 PM    0   48.51    0.00   24.75    0.00    0.00    5.94    0.00    0.00    0.00   20.79

12:54:28 PM  CPU    %usr   %nice    %sys %iowait    %irq   %soft  %steal  %guest  %gnice   %idle
12:54:29 PM    0   54.64    0.00   19.59    0.00    0.00    5.15    0.00    0.00    0.00   20.62

12:54:29 PM  CPU    %usr   %nice    %sys %iowait    %irq   %soft  %steal  %guest  %gnice   %idle
12:54:30 PM    0   50.50    0.00   23.76    0.00    0.00    4.95    0.00    0.00    0.00   20.79

12:54:30 PM  CPU    %usr   %nice    %sys %iowait    %irq   %soft  %steal  %guest  %gnice   %idle
12:54:31 PM    0   48.48    0.00   23.23    0.00    0.00    8.08    0.00    0.00    0.00   20.20

12:54:31 PM  CPU    %usr   %nice    %sys %iowait    %irq   %soft  %steal  %guest  %gnice   %idle
12:54:32 PM    0   50.00    0.00   25.00    0.00    0.00    5.00    0.00    0.00    0.00   20.00

12:54:32 PM  CPU    %usr   %nice    %sys %iowait    %irq   %soft  %steal  %guest  %gnice   %idle
12:54:33 PM    0   53.47    0.00   21.78    0.00    0.00    4.95    0.00    0.00    0.00   19.80

12:54:33 PM  CPU    %usr   %nice    %sys %iowait    %irq   %soft  %steal  %guest  %gnice   %idle
12:54:34 PM    0   52.58    0.00   20.62    0.00    0.00    6.19    0.00    0.00    0.00   20.62

12:54:34 PM  CPU    %usr   %nice    %sys %iowait    %irq   %soft  %steal  %guest  %gnice   %idle
12:54:35 PM    0   50.98    0.00   20.59    0.00    0.00    7.84    0.00    0.00    0.00   20.59

12:54:35 PM  CPU    %usr   %nice    %sys %iowait    %irq   %soft  %steal  %guest  %gnice   %idle
12:54:36 PM    0   47.52    0.00   26.73    0.00    0.00    4.95    0.00    0.00    0.00   20.79

12:54:36 PM  CPU    %usr   %nice    %sys %iowait    %irq   %soft  %steal  %guest  %gnice   %idle
12:54:37 PM    0   50.00    0.00   25.00    0.00    0.00    5.00    0.00    0.00    0.00   20.00

12:54:37 PM  CPU    %usr   %nice    %sys %iowait    %irq   %soft  %steal  %guest  %gnice   %idle
12:54:38 PM    0   51.46    0.00   24.27    0.00    0.00    5.83    0.00    0.00    0.00   18.45

12:54:38 PM  CPU    %usr   %nice    %sys %iowait    %irq   %soft  %steal  %guest  %gnice   %idle
12:54:39 PM    0   55.56    0.00   19.19    0.00    0.00    4.04    0.00    0.00    0.00   21.21

12:54:39 PM  CPU    %usr   %nice    %sys %iowait    %irq   %soft  %steal  %guest  %gnice   %idle
12:54:40 PM    0   49.49    0.00   23.23    0.00    0.00    6.06    0.00    0.00    0.00   21.21

12:54:40 PM  CPU    %usr   %nice    %sys %iowait    %irq   %soft  %steal  %guest  %gnice   %idle
12:54:41 PM    0   51.52    0.00   23.23    0.00    0.00    5.05    0.00    0.00    0.00   20.20

12:54:41 PM  CPU    %usr   %nice    %sys %iowait    %irq   %soft  %steal  %guest  %gnice   %idle
12:54:42 PM    0   54.37    0.00   23.30    0.00    0.00    1.94    0.00    0.00    0.00   20.39

12:54:42 PM  CPU    %usr   %nice    %sys %iowait    %irq   %soft  %steal  %guest  %gnice   %idle
12:54:43 PM    0   56.12    0.00   19.39    0.00    0.00    5.10    0.00    0.00    0.00   19.39

12:54:43 PM  CPU    %usr   %nice    %sys %iowait    %irq   %soft  %steal  %guest  %gnice   %idle
12:54:44 PM    0   57.58    0.00   18.18    0.00    0.00    4.04    0.00    0.00    0.00   20.20

12:54:44 PM  CPU    %usr   %nice    %sys %iowait    %irq   %soft  %steal  %guest  %gnice   %idle
12:54:45 PM    0   52.04    0.00   21.43    0.00    0.00    5.10    0.00    0.00    0.00   21.43

12:54:45 PM  CPU    %usr   %nice    %sys %iowait    %irq   %soft  %steal  %guest  %gnice   %idle
12:54:46 PM    0   53.00    0.00   19.00    0.00    0.00    7.00    0.00    0.00    0.00   21.00

12:54:46 PM  CPU    %usr   %nice    %sys %iowait    %irq   %soft  %steal  %guest  %gnice   %idle
12:54:47 PM    0   54.55    0.00   21.21    0.00    0.00    3.03    0.00    0.00    0.00   21.21

12:54:47 PM  CPU    %usr   %nice    %sys %iowait    %irq   %soft  %steal  %guest  %gnice   %idle
12:54:48 PM    0   50.51    0.00   24.24    0.00    0.00    4.04    0.00    0.00    0.00   21.21

12:54:48 PM  CPU    %usr   %nice    %sys %iowait    %irq   %soft  %steal  %guest  %gnice   %idle
12:54:49 PM    0   47.96    0.00   25.51    0.00    0.00    5.10    0.00    0.00    0.00   21.43

12:54:49 PM  CPU    %usr   %nice    %sys %iowait    %irq   %soft  %steal  %guest  %gnice   %idle
12:54:50 PM    0   53.00    0.00   20.00    0.00    0.00    6.00    0.00    0.00    0.00   21.00

12:54:50 PM  CPU    %usr   %nice    %sys %iowait    %irq   %soft  %steal  %guest  %gnice   %idle
12:54:51 PM    0   54.17    0.00   20.83    0.00    0.00    3.12    0.00    0.00    0.00   21.88

12:54:51 PM  CPU    %usr   %nice    %sys %iowait    %irq   %soft  %steal  %guest  %gnice   %idle
12:54:52 PM    0   52.00    0.00   21.00    0.00    0.00    6.00    0.00    0.00    0.00   21.00

12:54:52 PM  CPU    %usr   %nice    %sys %iowait    %irq   %soft  %steal  %guest  %gnice   %idle
12:54:53 PM    0   56.44    0.00   16.83    0.00    0.00    5.94    0.00    0.00    0.00   20.79

12:54:53 PM  CPU    %usr   %nice    %sys %iowait    %irq   %soft  %steal  %guest  %gnice   %idle
12:54:54 PM    0   50.00    0.00   21.43    0.00    0.00    8.16    0.00    0.00    0.00   20.41

12:54:54 PM  CPU    %usr   %nice    %sys %iowait    %irq   %soft  %steal  %guest  %gnice   %idle
12:54:55 PM    0   53.06    0.00   21.43    0.00    0.00    4.08    0.00    0.00    0.00   21.43

12:54:55 PM  CPU    %usr   %nice    %sys %iowait    %irq   %soft  %steal  %guest  %gnice   %idle
12:54:56 PM    0   57.84    0.00   19.61    0.00    0.00    2.94    0.00    0.00    0.00   19.61

12:54:56 PM  CPU    %usr   %nice    %sys %iowait    %irq   %soft  %steal  %guest  %gnice   %idle
12:54:57 PM    0   52.53    0.00   21.21    0.00    0.00    6.06    0.00    0.00    0.00   20.20

12:54:57 PM  CPU    %usr   %nice    %sys %iowait    %irq   %soft  %steal  %guest  %gnice   %idle
12:54:58 PM    0   53.00    0.00   23.00    0.00    0.00    4.00    0.00    0.00    0.00   20.00

12:54:58 PM  CPU    %usr   %nice    %sys %iowait    %irq   %soft  %steal  %guest  %gnice   %idle
12:54:59 PM    0   48.51    0.00   22.77    0.00    0.00    7.92    0.00    0.00    0.00   20.79

12:54:59 PM  CPU    %usr   %nice    %sys %iowait    %irq   %soft  %steal  %guest  %gnice   %idle
12:55:00 PM    0   51.52    0.00   22.22    0.00    0.00    5.05    0.00    0.00    0.00   21.21

12:55:00 PM  CPU    %usr   %nice    %sys %iowait    %irq   %soft  %steal  %guest  %gnice   %idle
12:55:01 PM    0   51.52    0.00   24.24    0.00    0.00    4.04    0.00    0.00    0.00   20.20

12:55:01 PM  CPU    %usr   %nice    %sys %iowait    %irq   %soft  %steal  %guest  %gnice   %idle
12:55:02 PM    0   47.47    0.00   26.26    0.00    0.00    5.05    0.00    0.00    0.00   21.21

12:55:02 PM  CPU    %usr   %nice    %sys %iowait    %irq   %soft  %steal  %guest  %gnice   %idle
12:55:03 PM    0   50.51    0.00   25.25    0.00    0.00    4.04    0.00    0.00    0.00   20.20

12:55:03 PM  CPU    %usr   %nice    %sys %iowait    %irq   %soft  %steal  %guest  %gnice   %idle
12:55:04 PM    0   55.67    0.00   19.59    0.00    0.00    4.12    0.00    0.00    0.00   20.62

12:55:04 PM  CPU    %usr   %nice    %sys %iowait    %irq   %soft  %steal  %guest  %gnice   %idle
12:55:05 PM    0   52.00    0.00   24.00    0.00    0.00    4.00    0.00    0.00    0.00   20.00

12:55:05 PM  CPU    %usr   %nice    %sys %iowait    %irq   %soft  %steal  %guest  %gnice   %idle
12:55:06 PM    0   54.46    0.00   16.83    0.00    0.00    7.92    0.00    0.00    0.00   20.79

12:55:06 PM  CPU    %usr   %nice    %sys %iowait    %irq   %soft  %steal  %guest  %gnice   %idle
12:55:07 PM    0   51.52    0.00   23.23    0.00    0.00    5.05    0.00    0.00    0.00   20.20

12:55:07 PM  CPU    %usr   %nice    %sys %iowait    %irq   %soft  %steal  %guest  %gnice   %idle
12:55:08 PM    0   55.56    0.00   15.15    0.00    0.00    8.08    0.00    0.00    0.00   21.21

12:55:08 PM  CPU    %usr   %nice    %sys %iowait    %irq   %soft  %steal  %guest  %gnice   %idle
12:55:09 PM    0   57.14    0.00   17.35    0.00    0.00    4.08    0.00    0.00    0.00   21.43

12:55:09 PM  CPU    %usr   %nice    %sys %iowait    %irq   %soft  %steal  %guest  %gnice   %idle
12:55:10 PM    0   54.55    0.00   20.20    0.00    0.00    5.05    0.00    0.00    0.00   20.20

12:55:10 PM  CPU    %usr   %nice    %sys %iowait    %irq   %soft  %steal  %guest  %gnice   %idle
12:55:11 PM    0   54.00    0.00   22.00    0.00    0.00    5.00    0.00    0.00    0.00   19.00

12:55:11 PM  CPU    %usr   %nice    %sys %iowait    %irq   %soft  %steal  %guest  %gnice   %idle
12:55:12 PM    0   58.00    0.00   15.00    0.00    0.00    7.00    0.00    0.00    0.00   20.00

12:55:12 PM  CPU    %usr   %nice    %sys %iowait    %irq   %soft  %steal  %guest  %gnice   %idle
12:55:13 PM    0   56.44    0.00   16.83    0.00    0.00    5.94    0.00    0.00    0.00   20.79

12:55:13 PM  CPU    %usr   %nice    %sys %iowait    %irq   %soft  %steal  %guest  %gnice   %idle
12:55:14 PM    0   53.00    0.00   22.00    0.00    0.00    5.00    0.00    0.00    0.00   20.00

12:55:14 PM  CPU    %usr   %nice    %sys %iowait    %irq   %soft  %steal  %guest  %gnice   %idle
12:55:15 PM    0   50.00    0.00   23.47    0.00    0.00    5.10    0.00    0.00    0.00   21.43

12:55:15 PM  CPU    %usr   %nice    %sys %iowait    %irq   %soft  %steal  %guest  %gnice   %idle
12:55:16 PM    0   49.49    0.00   25.25    0.00    0.00    5.05    0.00    0.00    0.00   20.20

12:55:16 PM  CPU    %usr   %nice    %sys %iowait    %irq   %soft  %steal  %guest  %gnice   %idle
12:55:17 PM    0   54.46    0.00   21.78    0.00    0.00    2.97    0.00    0.00    0.00   20.79

12:55:17 PM  CPU    %usr   %nice    %sys %iowait    %irq   %soft  %steal  %guest  %gnice   %idle
12:55:18 PM    0   49.00    0.00   22.00    0.00    0.00    8.00    0.00    0.00    0.00   21.00

12:55:18 PM  CPU    %usr   %nice    %sys %iowait    %irq   %soft  %steal  %guest  %gnice   %idle
12:55:19 PM    0   53.06    0.00   23.47    0.00    0.00    3.06    0.00    0.00    0.00   20.41

12:55:19 PM  CPU    %usr   %nice    %sys %iowait    %irq   %soft  %steal  %guest  %gnice   %idle
12:55:20 PM    0   56.86    0.00   18.63    0.00    0.00    3.92    0.00    0.00    0.00   20.59

12:55:20 PM  CPU    %usr   %nice    %sys %iowait    %irq   %soft  %steal  %guest  %gnice   %idle
12:55:21 PM    0   54.08    0.00   20.41    0.00    0.00    5.10    0.00    0.00    0.00   20.41

12:55:21 PM  CPU    %usr   %nice    %sys %iowait    %irq   %soft  %steal  %guest  %gnice   %idle
12:55:22 PM    0   49.02    0.00   24.51    0.00    0.00    5.88    0.00    0.00    0.00   20.59

12:55:22 PM  CPU    %usr   %nice    %sys %iowait    %irq   %soft  %steal  %guest  %gnice   %idle
12:55:23 PM    0   53.00    0.00   21.00    0.00    0.00    5.00    0.00    0.00    0.00   21.00

12:55:23 PM  CPU    %usr   %nice    %sys %iowait    %irq   %soft  %steal  %guest  %gnice   %idle
12:55:24 PM    0   51.55    0.00   22.68    0.00    0.00    5.15    0.00    0.00    0.00   20.62

12:55:24 PM  CPU    %usr   %nice    %sys %iowait    %irq   %soft  %steal  %guest  %gnice   %idle
12:55:25 PM    0   50.00    0.00   22.00    0.00    0.00    8.00    0.00    0.00    0.00   20.00

12:55:25 PM  CPU    %usr   %nice    %sys %iowait    %irq   %soft  %steal  %guest  %gnice   %idle
12:55:26 PM    0   55.56    0.00   18.18    0.00    0.00    5.05    0.00    0.00    0.00   21.21

12:55:26 PM  CPU    %usr   %nice    %sys %iowait    %irq   %soft  %steal  %guest  %gnice   %idle
12:55:27 PM    0   51.00    0.00   24.00    0.00    0.00    5.00    0.00    0.00    0.00   20.00

12:55:27 PM  CPU    %usr   %nice    %sys %iowait    %irq   %soft  %steal  %guest  %gnice   %idle
12:55:28 PM    0   49.02    0.00   25.49    0.00    0.00    5.88    0.00    0.00    0.00   19.61

12:55:28 PM  CPU    %usr   %nice    %sys %iowait    %irq   %soft  %steal  %guest  %gnice   %idle
12:55:29 PM    0   55.56    0.00   19.19    0.00    0.00    4.04    0.00    0.00    0.00   21.21

12:55:29 PM  CPU    %usr   %nice    %sys %iowait    %irq   %soft  %steal  %guest  %gnice   %idle
12:55:30 PM    0   53.47    0.00   22.77    0.00    0.00    3.96    0.00    0.00    0.00   19.80

12:55:30 PM  CPU    %usr   %nice    %sys %iowait    %irq   %soft  %steal  %guest  %gnice   %idle
12:55:31 PM    0   51.00    0.00   24.00    0.00    0.00    5.00    0.00    0.00    0.00   20.00

12:55:31 PM  CPU    %usr   %nice    %sys %iowait    %irq   %soft  %steal  %guest  %gnice   %idle
12:55:32 PM    0   55.67    0.00   20.62    0.00    0.00    3.09    0.00    0.00    0.00   20.62

12:55:32 PM  CPU    %usr   %nice    %sys %iowait    %irq   %soft  %steal  %guest  %gnice   %idle
12:55:33 PM    0   54.46    0.00   20.79    0.00    0.00    3.96    0.00    0.00    0.00   20.79

12:55:33 PM  CPU    %usr   %nice    %sys %iowait    %irq   %soft  %steal  %guest  %gnice   %idle
12:55:34 PM    0   53.47    0.00   22.77    0.00    0.00    3.96    0.00    0.00    0.00   19.80

12:55:34 PM  CPU    %usr   %nice    %sys %iowait    %irq   %soft  %steal  %guest  %gnice   %idle
12:55:35 PM    0   56.44    0.00   18.81    0.00    0.00    4.95    0.00    0.00    0.00   19.80

12:55:35 PM  CPU    %usr   %nice    %sys %iowait    %irq   %soft  %steal  %guest  %gnice   %idle
12:55:36 PM    0   50.00    0.00   21.00    0.00    0.00    8.00    0.00    0.00    0.00   21.00

12:55:36 PM  CPU    %usr   %nice    %sys %iowait    %irq   %soft  %steal  %guest  %gnice   %idle
12:55:37 PM    0   51.52    0.00   23.23    0.00    0.00    5.05    0.00    0.00    0.00   20.20

12:55:37 PM  CPU    %usr   %nice    %sys %iowait    %irq   %soft  %steal  %guest  %gnice   %idle
12:55:38 PM    0   50.51    0.00   25.25    0.00    0.00    4.04    0.00    0.00    0.00   20.20

12:55:38 PM  CPU    %usr   %nice    %sys %iowait    %irq   %soft  %steal  %guest  %gnice   %idle
12:55:39 PM    0   58.42    0.00   15.84    0.00    0.00    4.95    0.00    0.00    0.00   20.79

12:55:39 PM  CPU    %usr   %nice    %sys %iowait    %irq   %soft  %steal  %guest  %gnice   %idle
12:55:40 PM    0   56.57    0.00   18.18    0.00    0.00    5.05    0.00    0.00    0.00   20.20

12:55:40 PM  CPU    %usr   %nice    %sys %iowait    %irq   %soft  %steal  %guest  %gnice   %idle
12:55:41 PM    0   45.54    0.00   27.72    0.00    0.00    5.94    0.00    0.00    0.00   20.79

12:55:41 PM  CPU    %usr   %nice    %sys %iowait    %irq   %soft  %steal  %guest  %gnice   %idle
12:55:42 PM    0   54.00    0.00   20.00    0.00    0.00    6.00    0.00    0.00    0.00   20.00

12:55:42 PM  CPU    %usr   %nice    %sys %iowait    %irq   %soft  %steal  %guest  %gnice   %idle
12:55:43 PM    0   52.00    0.00   22.00    0.00    0.00    6.00    0.00    0.00    0.00   20.00

12:55:43 PM  CPU    %usr   %nice    %sys %iowait    %irq   %soft  %steal  %guest  %gnice   %idle
12:55:44 PM    0   53.00    0.00   22.00    0.00    0.00    4.00    0.00    0.00    0.00   21.00

12:55:44 PM  CPU    %usr   %nice    %sys %iowait    %irq   %soft  %steal  %guest  %gnice   %idle
12:55:45 PM    0   54.55    0.00   22.22    0.00    0.00    2.02    0.00    0.00    0.00   21.21

12:55:45 PM  CPU    %usr   %nice    %sys %iowait    %irq   %soft  %steal  %guest  %gnice   %idle
12:55:46 PM    0   50.00    0.00   23.00    0.00    0.00    6.00    0.00    0.00    0.00   21.00

12:55:46 PM  CPU    %usr   %nice    %sys %iowait    %irq   %soft  %steal  %guest  %gnice   %idle
12:55:47 PM    0   51.02    0.00   20.41    0.00    0.00    7.14    0.00    0.00    0.00   21.43

12:55:47 PM  CPU    %usr   %nice    %sys %iowait    %irq   %soft  %steal  %guest  %gnice   %idle
12:55:48 PM    0   52.04    0.00   19.39    0.00    0.00    7.14    0.00    0.00    0.00   21.43

12:55:48 PM  CPU    %usr   %nice    %sys %iowait    %irq   %soft  %steal  %guest  %gnice   %idle
12:55:49 PM    0   51.96    0.00   21.57    0.00    0.00    5.88    0.00    0.00    0.00   20.59

12:55:49 PM  CPU    %usr   %nice    %sys %iowait    %irq   %soft  %steal  %guest  %gnice   %idle
12:55:50 PM    0   56.12    0.00   18.37    0.00    0.00    5.10    0.00    0.00    0.00   20.41

12:55:50 PM  CPU    %usr   %nice    %sys %iowait    %irq   %soft  %steal  %guest  %gnice   %idle
12:55:51 PM    0   57.58    0.00   17.17    0.00    0.00    4.04    0.00    0.00    0.00   21.21

12:55:51 PM  CPU    %usr   %nice    %sys %iowait    %irq   %soft  %steal  %guest  %gnice   %idle
12:55:52 PM    0   54.90    0.00   20.59    0.00    0.00    4.90    0.00    0.00    0.00   19.61

12:55:52 PM  CPU    %usr   %nice    %sys %iowait    %irq   %soft  %steal  %guest  %gnice   %idle
12:55:53 PM    0   54.46    0.00   19.80    0.00    0.00    5.94    0.00    0.00    0.00   19.80

12:55:53 PM  CPU    %usr   %nice    %sys %iowait    %irq   %soft  %steal  %guest  %gnice   %idle
12:55:54 PM    0   52.04    0.00   22.45    0.00    0.00    4.08    0.00    0.00    0.00   21.43

12:55:54 PM  CPU    %usr   %nice    %sys %iowait    %irq   %soft  %steal  %guest  %gnice   %idle
12:55:55 PM    0   54.00    0.00   20.00    0.00    0.00    6.00    0.00    0.00    0.00   20.00

12:55:55 PM  CPU    %usr   %nice    %sys %iowait    %irq   %soft  %steal  %guest  %gnice   %idle
12:55:56 PM    0   53.54    0.00   22.22    0.00    0.00    4.04    0.00    0.00    0.00   20.20

12:55:56 PM  CPU    %usr   %nice    %sys %iowait    %irq   %soft  %steal  %guest  %gnice   %idle
12:55:57 PM    0   55.00    0.00   20.00    0.00    0.00    5.00    0.00    0.00    0.00   20.00

12:55:57 PM  CPU    %usr   %nice    %sys %iowait    %irq   %soft  %steal  %guest  %gnice   %idle
12:55:58 PM    0   55.45    0.00   19.80    0.00    0.00    4.95    0.00    0.00    0.00   19.80

12:55:58 PM  CPU    %usr   %nice    %sys %iowait    %irq   %soft  %steal  %guest  %gnice   %idle
12:55:59 PM    0   52.00    0.00   23.00    0.00    0.00    4.00    0.00    0.00    0.00   21.00

12:55:59 PM  CPU    %usr   %nice    %sys %iowait    %irq   %soft  %steal  %guest  %gnice   %idle
12:56:00 PM    0   53.06    0.00   21.43    0.00    0.00    4.08    0.00    0.00    0.00   21.43

12:56:00 PM  CPU    %usr   %nice    %sys %iowait    %irq   %soft  %steal  %guest  %gnice   %idle
12:56:01 PM    0   53.92    0.00   15.69    0.00    0.00    9.80    0.00    0.00    0.00   20.59

12:56:01 PM  CPU    %usr   %nice    %sys %iowait    %irq   %soft  %steal  %guest  %gnice   %idle
12:56:02 PM    0   55.56    0.00   20.20    0.00    0.00    4.04    0.00    0.00    0.00   20.20

12:56:02 PM  CPU    %usr   %nice    %sys %iowait    %irq   %soft  %steal  %guest  %gnice   %idle
12:56:03 PM    0   48.98    0.00   26.53    0.00    0.00    3.06    0.00    0.00    0.00   21.43

12:56:03 PM  CPU    %usr   %nice    %sys %iowait    %irq   %soft  %steal  %guest  %gnice   %idle
12:56:04 PM    0   53.54    0.00   19.19    0.00    0.00    6.06    0.00    0.00    0.00   21.21

12:56:04 PM  CPU    %usr   %nice    %sys %iowait    %irq   %soft  %steal  %guest  %gnice   %idle
12:56:05 PM    0   55.45    0.00   18.81    0.00    0.00    4.95    0.00    0.00    0.00   20.79

12:56:05 PM  CPU    %usr   %nice    %sys %iowait    %irq   %soft  %steal  %guest  %gnice   %idle
12:56:06 PM    0   54.90    0.00   20.59    0.00    0.00    4.90    0.00    0.00    0.00   19.61

12:56:06 PM  CPU    %usr   %nice    %sys %iowait    %irq   %soft  %steal  %guest  %gnice   %idle
12:56:07 PM    0   47.96    0.00   27.55    0.00    0.00    4.08    0.00    0.00    0.00   20.41

12:56:07 PM  CPU    %usr   %nice    %sys %iowait    %irq   %soft  %steal  %guest  %gnice   %idle
12:56:08 PM    0   52.94    0.00   21.57    0.00    0.00    4.90    0.00    0.00    0.00   20.59

12:56:08 PM  CPU    %usr   %nice    %sys %iowait    %irq   %soft  %steal  %guest  %gnice   %idle
12:56:09 PM    0   54.00    0.00   20.00    0.00    0.00    5.00    0.00    0.00    0.00   21.00

12:56:09 PM  CPU    %usr   %nice    %sys %iowait    %irq   %soft  %steal  %guest  %gnice   %idle
12:56:10 PM    0   46.94    0.00   25.51    0.00    0.00    7.14    0.00    0.00    0.00   20.41

12:56:10 PM  CPU    %usr   %nice    %sys %iowait    %irq   %soft  %steal  %guest  %gnice   %idle
12:56:11 PM    0   53.00    0.00   22.00    0.00    0.00    4.00    0.00    0.00    0.00   21.00

12:56:11 PM  CPU    %usr   %nice    %sys %iowait    %irq   %soft  %steal  %guest  %gnice   %idle
12:56:12 PM    0   52.53    0.00   21.21    0.00    0.00    6.06    0.00    0.00    0.00   20.20

12:56:12 PM  CPU    %usr   %nice    %sys %iowait    %irq   %soft  %steal  %guest  %gnice   %idle
12:56:13 PM    0   50.50    0.00   25.74    0.00    0.00    3.96    0.00    0.00    0.00   19.80

12:56:13 PM  CPU    %usr   %nice    %sys %iowait    %irq   %soft  %steal  %guest  %gnice   %idle
12:56:14 PM    0   55.00    0.00   21.00    0.00    0.00    3.00    0.00    0.00    0.00   21.00

12:56:14 PM  CPU    %usr   %nice    %sys %iowait    %irq   %soft  %steal  %guest  %gnice   %idle
12:56:15 PM    0   50.51    0.00   20.20    0.00    0.00    8.08    0.00    0.00    0.00   21.21

12:56:15 PM  CPU    %usr   %nice    %sys %iowait    %irq   %soft  %steal  %guest  %gnice   %idle
12:56:16 PM    0   54.46    0.00   19.80    0.00    0.00    5.94    0.00    0.00    0.00   19.80

12:56:16 PM  CPU    %usr   %nice    %sys %iowait    %irq   %soft  %steal  %guest  %gnice   %idle
12:56:17 PM    0   51.02    0.00   24.49    0.00    0.00    4.08    0.00    0.00    0.00   20.41

12:56:17 PM  CPU    %usr   %nice    %sys %iowait    %irq   %soft  %steal  %guest  %gnice   %idle
12:56:18 PM    0   54.90    0.00   20.59    0.00    0.00    4.90    0.00    0.00    0.00   19.61

12:56:18 PM  CPU    %usr   %nice    %sys %iowait    %irq   %soft  %steal  %guest  %gnice   %idle
12:56:19 PM    0   52.00    0.00   22.00    0.00    0.00    5.00    0.00    0.00    0.00   21.00

12:56:19 PM  CPU    %usr   %nice    %sys %iowait    %irq   %soft  %steal  %guest  %gnice   %idle
12:56:20 PM    0   51.52    0.00   20.20    0.00    0.00    7.07    0.00    0.00    0.00   21.21

12:56:20 PM  CPU    %usr   %nice    %sys %iowait    %irq   %soft  %steal  %guest  %gnice   %idle
12:56:21 PM    0   57.29    0.00   17.71    0.00    0.00    4.17    0.00    0.00    0.00   20.83

12:56:21 PM  CPU    %usr   %nice    %sys %iowait    %irq   %soft  %steal  %guest  %gnice   %idle
12:56:22 PM    0   53.40    0.00   20.39    0.00    0.00    5.83    0.00    0.00    0.00   20.39

12:56:22 PM  CPU    %usr   %nice    %sys %iowait    %irq   %soft  %steal  %guest  %gnice   %idle
12:56:23 PM    0   55.10    0.00   20.41    0.00    0.00    3.06    0.00    0.00    0.00   21.43

12:56:23 PM  CPU    %usr   %nice    %sys %iowait    %irq   %soft  %steal  %guest  %gnice   %idle
12:56:24 PM    0   50.00    0.00   23.47    0.00    0.00    6.12    0.00    0.00    0.00   20.41

Average:     CPU    %usr   %nice    %sys %iowait    %irq   %soft  %steal  %guest  %gnice   %idle
Average:       0   52.79    0.00   21.43    0.00    0.00    5.23    0.00    0.00    0.00   20.56
