Linux 5.3.0-61-generic (cw-zenbook) 	07/16/2020 	_x86_64_	(8 CPU)

12:57:01 PM  CPU    %usr   %nice    %sys %iowait    %irq   %soft  %steal  %guest  %gnice   %idle
12:57:02 PM    0   50.98    0.00   19.61    0.00    0.00    8.82    0.00    0.00    0.00   20.59

12:57:02 PM  CPU    %usr   %nice    %sys %iowait    %irq   %soft  %steal  %guest  %gnice   %idle
12:57:03 PM    0   51.00    0.00   22.00    0.00    0.00    6.00    0.00    0.00    0.00   21.00

12:57:03 PM  CPU    %usr   %nice    %sys %iowait    %irq   %soft  %steal  %guest  %gnice   %idle
12:57:04 PM    0   53.00    0.00   23.00    0.00    0.00    3.00    0.00    0.00    0.00   21.00

12:57:04 PM  CPU    %usr   %nice    %sys %iowait    %irq   %soft  %steal  %guest  %gnice   %idle
12:57:05 PM    0   51.52    0.00   23.23    0.00    0.00    5.05    0.00    0.00    0.00   20.20

12:57:05 PM  CPU    %usr   %nice    %sys %iowait    %irq   %soft  %steal  %guest  %gnice   %idle
12:57:06 PM    0   56.57    0.00   18.18    0.00    0.00    4.04    0.00    0.00    0.00   21.21

12:57:06 PM  CPU    %usr   %nice    %sys %iowait    %irq   %soft  %steal  %guest  %gnice   %idle
12:57:07 PM    0   54.55    0.00   20.20    0.00    0.00    4.04    0.00    0.00    0.00   21.21

12:57:07 PM  CPU    %usr   %nice    %sys %iowait    %irq   %soft  %steal  %guest  %gnice   %idle
12:57:08 PM    0   52.53    0.00   22.22    0.00    0.00    4.04    0.00    0.00    0.00   21.21

12:57:08 PM  CPU    %usr   %nice    %sys %iowait    %irq   %soft  %steal  %guest  %gnice   %idle
12:57:09 PM    0   53.54    0.00   18.18    0.00    0.00    7.07    0.00    0.00    0.00   21.21

12:57:09 PM  CPU    %usr   %nice    %sys %iowait    %irq   %soft  %steal  %guest  %gnice   %idle
12:57:10 PM    0   54.37    0.00   18.45    0.00    0.00    6.80    0.00    0.00    0.00   20.39

12:57:10 PM  CPU    %usr   %nice    %sys %iowait    %irq   %soft  %steal  %guest  %gnice   %idle
12:57:11 PM    0   52.58    0.00   20.62    0.00    0.00    5.15    0.00    0.00    0.00   21.65

12:57:11 PM  CPU    %usr   %nice    %sys %iowait    %irq   %soft  %steal  %guest  %gnice   %idle
12:57:12 PM    0   51.00    0.00   22.00    0.00    0.00    6.00    0.00    0.00    0.00   21.00

12:57:12 PM  CPU    %usr   %nice    %sys %iowait    %irq   %soft  %steal  %guest  %gnice   %idle
12:57:13 PM    0   54.46    0.00   18.81    0.00    0.00    5.94    0.00    0.00    0.00   20.79

12:57:13 PM  CPU    %usr   %nice    %sys %iowait    %irq   %soft  %steal  %guest  %gnice   %idle
12:57:14 PM    0   53.54    0.00   21.21    0.00    0.00    6.06    0.00    0.00    0.00   19.19

12:57:14 PM  CPU    %usr   %nice    %sys %iowait    %irq   %soft  %steal  %guest  %gnice   %idle
12:57:15 PM    0   51.46    0.00   24.27    0.00    0.00    3.88    0.00    0.00    0.00   20.39

12:57:15 PM  CPU    %usr   %nice    %sys %iowait    %irq   %soft  %steal  %guest  %gnice   %idle
12:57:16 PM    0   50.98    0.00   25.49    0.00    0.00    3.92    0.00    0.00    0.00   19.61

12:57:16 PM  CPU    %usr   %nice    %sys %iowait    %irq   %soft  %steal  %guest  %gnice   %idle
12:57:17 PM    0   48.98    0.00   24.49    0.00    0.00    5.10    0.00    0.00    0.00   21.43

12:57:17 PM  CPU    %usr   %nice    %sys %iowait    %irq   %soft  %steal  %guest  %gnice   %idle
12:57:18 PM    0   54.08    0.00   23.47    0.00    0.00    2.04    0.00    0.00    0.00   20.41

12:57:18 PM  CPU    %usr   %nice    %sys %iowait    %irq   %soft  %steal  %guest  %gnice   %idle
12:57:19 PM    0   47.96    0.00   23.47    0.00    0.00    6.12    0.00    0.00    0.00   22.45

12:57:19 PM  CPU    %usr   %nice    %sys %iowait    %irq   %soft  %steal  %guest  %gnice   %idle
12:57:20 PM    0   53.06    0.00   21.43    0.00    0.00    5.10    0.00    0.00    0.00   20.41

12:57:20 PM  CPU    %usr   %nice    %sys %iowait    %irq   %soft  %steal  %guest  %gnice   %idle
12:57:21 PM    0   49.49    0.00   22.22    0.00    0.00    7.07    0.00    0.00    0.00   21.21

12:57:21 PM  CPU    %usr   %nice    %sys %iowait    %irq   %soft  %steal  %guest  %gnice   %idle
12:57:22 PM    0   53.54    0.00   20.20    0.00    0.00    5.05    0.00    0.00    0.00   21.21

12:57:22 PM  CPU    %usr   %nice    %sys %iowait    %irq   %soft  %steal  %guest  %gnice   %idle
12:57:23 PM    0   51.52    0.00   19.19    0.00    0.00    8.08    0.00    0.00    0.00   21.21

12:57:23 PM  CPU    %usr   %nice    %sys %iowait    %irq   %soft  %steal  %guest  %gnice   %idle
12:57:24 PM    0   52.00    0.00   22.00    0.00    0.00    5.00    0.00    0.00    0.00   21.00

12:57:24 PM  CPU    %usr   %nice    %sys %iowait    %irq   %soft  %steal  %guest  %gnice   %idle
12:57:25 PM    0   50.98    0.00   21.57    0.00    0.00    5.88    0.00    0.00    0.00   21.57

12:57:25 PM  CPU    %usr   %nice    %sys %iowait    %irq   %soft  %steal  %guest  %gnice   %idle
12:57:26 PM    0   54.08    0.00   16.33    0.00    0.00    8.16    0.00    0.00    0.00   21.43

12:57:26 PM  CPU    %usr   %nice    %sys %iowait    %irq   %soft  %steal  %guest  %gnice   %idle
12:57:27 PM    0   55.67    0.00   18.56    0.00    0.00    4.12    0.00    0.00    0.00   21.65

12:57:27 PM  CPU    %usr   %nice    %sys %iowait    %irq   %soft  %steal  %guest  %gnice   %idle
12:57:28 PM    0   55.45    0.00   19.80    0.00    0.00    3.96    0.00    0.00    0.00   20.79

12:57:28 PM  CPU    %usr   %nice    %sys %iowait    %irq   %soft  %steal  %guest  %gnice   %idle
12:57:29 PM    0   57.73    0.00   14.43    0.00    0.00    6.19    0.00    0.00    0.00   21.65

12:57:29 PM  CPU    %usr   %nice    %sys %iowait    %irq   %soft  %steal  %guest  %gnice   %idle
12:57:30 PM    0   55.10    0.00   19.39    0.00    0.00    4.08    0.00    0.00    0.00   21.43

12:57:30 PM  CPU    %usr   %nice    %sys %iowait    %irq   %soft  %steal  %guest  %gnice   %idle
12:57:31 PM    0   53.47    0.00   20.79    0.00    0.00    5.94    0.00    0.00    0.00   19.80

12:57:31 PM  CPU    %usr   %nice    %sys %iowait    %irq   %soft  %steal  %guest  %gnice   %idle
12:57:32 PM    0   57.28    0.00   18.45    0.00    0.00    3.88    0.00    0.00    0.00   20.39

12:57:32 PM  CPU    %usr   %nice    %sys %iowait    %irq   %soft  %steal  %guest  %gnice   %idle
12:57:33 PM    0   59.00    0.00   18.00    0.00    0.00    2.00    0.00    0.00    0.00   21.00

12:57:33 PM  CPU    %usr   %nice    %sys %iowait    %irq   %soft  %steal  %guest  %gnice   %idle
12:57:34 PM    0   51.00    0.00   23.00    0.00    0.00    5.00    0.00    0.00    0.00   21.00

12:57:34 PM  CPU    %usr   %nice    %sys %iowait    %irq   %soft  %steal  %guest  %gnice   %idle
12:57:35 PM    0   45.00    0.00   28.00    0.00    0.00    6.00    0.00    0.00    0.00   21.00

12:57:35 PM  CPU    %usr   %nice    %sys %iowait    %irq   %soft  %steal  %guest  %gnice   %idle
12:57:36 PM    0   48.98    0.00   22.45    0.00    0.00    7.14    0.00    0.00    0.00   21.43

12:57:36 PM  CPU    %usr   %nice    %sys %iowait    %irq   %soft  %steal  %guest  %gnice   %idle
12:57:37 PM    0   53.00    0.00   22.00    0.00    0.00    4.00    0.00    0.00    0.00   21.00

12:57:37 PM  CPU    %usr   %nice    %sys %iowait    %irq   %soft  %steal  %guest  %gnice   %idle
12:57:38 PM    0   50.51    0.00   22.22    0.00    0.00    7.07    0.00    0.00    0.00   20.20

12:57:38 PM  CPU    %usr   %nice    %sys %iowait    %irq   %soft  %steal  %guest  %gnice   %idle
12:57:39 PM    0   55.21    0.00   18.75    0.00    0.00    4.17    0.00    0.00    0.00   21.88

12:57:39 PM  CPU    %usr   %nice    %sys %iowait    %irq   %soft  %steal  %guest  %gnice   %idle
12:57:40 PM    0   46.00    0.00   27.00    0.00    0.00    6.00    0.00    0.00    0.00   21.00

12:57:40 PM  CPU    %usr   %nice    %sys %iowait    %irq   %soft  %steal  %guest  %gnice   %idle
12:57:41 PM    0   53.00    0.00   21.00    0.00    0.00    5.00    0.00    0.00    0.00   21.00

12:57:41 PM  CPU    %usr   %nice    %sys %iowait    %irq   %soft  %steal  %guest  %gnice   %idle
12:57:42 PM    0   50.00    0.00   22.00    0.00    0.00    7.00    0.00    0.00    0.00   21.00

12:57:42 PM  CPU    %usr   %nice    %sys %iowait    %irq   %soft  %steal  %guest  %gnice   %idle
12:57:43 PM    0   54.64    0.00   18.56    0.00    0.00    5.15    0.00    0.00    0.00   21.65

12:57:43 PM  CPU    %usr   %nice    %sys %iowait    %irq   %soft  %steal  %guest  %gnice   %idle
12:57:44 PM    0   52.58    0.00   18.56    0.00    0.00    8.25    0.00    0.00    0.00   20.62

12:57:44 PM  CPU    %usr   %nice    %sys %iowait    %irq   %soft  %steal  %guest  %gnice   %idle
12:57:45 PM    0   54.08    0.00   18.37    0.00    0.00    6.12    0.00    0.00    0.00   21.43

12:57:45 PM  CPU    %usr   %nice    %sys %iowait    %irq   %soft  %steal  %guest  %gnice   %idle
12:57:46 PM    0   54.46    0.00   19.80    0.00    0.00    3.96    0.00    0.00    0.00   21.78

12:57:46 PM  CPU    %usr   %nice    %sys %iowait    %irq   %soft  %steal  %guest  %gnice   %idle
12:57:47 PM    0   57.00    0.00   19.00    0.00    0.00    4.00    0.00    0.00    0.00   20.00

12:57:47 PM  CPU    %usr   %nice    %sys %iowait    %irq   %soft  %steal  %guest  %gnice   %idle
12:57:48 PM    0   51.02    0.00   21.43    0.00    0.00    6.12    0.00    0.00    0.00   21.43

12:57:48 PM  CPU    %usr   %nice    %sys %iowait    %irq   %soft  %steal  %guest  %gnice   %idle
12:57:49 PM    0   49.48    0.00   23.71    0.00    0.00    5.15    0.00    0.00    0.00   21.65

12:57:49 PM  CPU    %usr   %nice    %sys %iowait    %irq   %soft  %steal  %guest  %gnice   %idle
12:57:50 PM    0   51.96    0.00   22.55    0.00    0.00    4.90    0.00    0.00    0.00   20.59

12:57:50 PM  CPU    %usr   %nice    %sys %iowait    %irq   %soft  %steal  %guest  %gnice   %idle
12:57:51 PM    0   49.48    0.00   22.68    0.00    0.00    6.19    0.00    0.00    0.00   21.65

12:57:51 PM  CPU    %usr   %nice    %sys %iowait    %irq   %soft  %steal  %guest  %gnice   %idle
12:57:52 PM    0   52.04    0.00   22.45    0.00    0.00    4.08    0.00    0.00    0.00   21.43

12:57:52 PM  CPU    %usr   %nice    %sys %iowait    %irq   %soft  %steal  %guest  %gnice   %idle
12:57:53 PM    0   46.00    0.00   27.00    0.00    0.00    6.00    0.00    0.00    0.00   21.00

12:57:53 PM  CPU    %usr   %nice    %sys %iowait    %irq   %soft  %steal  %guest  %gnice   %idle
12:57:54 PM    0   53.40    0.00   18.45    0.00    0.00    6.80    0.00    0.00    0.00   21.36

12:57:54 PM  CPU    %usr   %nice    %sys %iowait    %irq   %soft  %steal  %guest  %gnice   %idle
12:57:55 PM    0   54.08    0.00   20.41    0.00    0.00    4.08    0.00    0.00    0.00   21.43

12:57:55 PM  CPU    %usr   %nice    %sys %iowait    %irq   %soft  %steal  %guest  %gnice   %idle
12:57:56 PM    0   52.48    0.00   21.78    0.00    0.00    4.95    0.00    0.00    0.00   20.79

12:57:56 PM  CPU    %usr   %nice    %sys %iowait    %irq   %soft  %steal  %guest  %gnice   %idle
12:57:57 PM    0   47.47    0.00   24.24    0.00    0.00    7.07    0.00    0.00    0.00   21.21

12:57:57 PM  CPU    %usr   %nice    %sys %iowait    %irq   %soft  %steal  %guest  %gnice   %idle
12:57:58 PM    0   50.50    0.00   23.76    0.00    0.00    3.96    0.00    0.00    0.00   21.78

12:57:58 PM  CPU    %usr   %nice    %sys %iowait    %irq   %soft  %steal  %guest  %gnice   %idle
12:57:59 PM    0   50.52    0.00   22.68    0.00    0.00    6.19    0.00    0.00    0.00   20.62

12:57:59 PM  CPU    %usr   %nice    %sys %iowait    %irq   %soft  %steal  %guest  %gnice   %idle
12:58:00 PM    0   50.51    0.00   22.22    0.00    0.00    5.05    0.00    0.00    0.00   22.22

12:58:00 PM  CPU    %usr   %nice    %sys %iowait    %irq   %soft  %steal  %guest  %gnice   %idle
12:58:01 PM    0   50.98    0.00   21.57    0.00    0.00    5.88    0.00    0.00    0.00   21.57

12:58:01 PM  CPU    %usr   %nice    %sys %iowait    %irq   %soft  %steal  %guest  %gnice   %idle
12:58:02 PM    0   57.14    0.00   18.37    0.00    0.00    3.06    0.00    0.00    0.00   21.43

12:58:02 PM  CPU    %usr   %nice    %sys %iowait    %irq   %soft  %steal  %guest  %gnice   %idle
12:58:03 PM    0   58.42    0.00   17.82    0.00    0.00    3.96    0.00    0.00    0.00   19.80

12:58:03 PM  CPU    %usr   %nice    %sys %iowait    %irq   %soft  %steal  %guest  %gnice   %idle
12:58:04 PM    0   54.37    0.00   18.45    0.00    0.00    6.80    0.00    0.00    0.00   20.39

12:58:04 PM  CPU    %usr   %nice    %sys %iowait    %irq   %soft  %steal  %guest  %gnice   %idle
12:58:05 PM    0   52.53    0.00   20.20    0.00    0.00    6.06    0.00    0.00    0.00   21.21

12:58:05 PM  CPU    %usr   %nice    %sys %iowait    %irq   %soft  %steal  %guest  %gnice   %idle
12:58:06 PM    0   52.00    0.00   23.00    0.00    0.00    4.00    0.00    0.00    0.00   21.00

12:58:06 PM  CPU    %usr   %nice    %sys %iowait    %irq   %soft  %steal  %guest  %gnice   %idle
12:58:07 PM    0   52.48    0.00   23.76    0.00    0.00    2.97    0.00    0.00    0.00   20.79

12:58:07 PM  CPU    %usr   %nice    %sys %iowait    %irq   %soft  %steal  %guest  %gnice   %idle
12:58:08 PM    0   51.00    0.00   20.00    0.00    0.00    8.00    0.00    0.00    0.00   21.00

12:58:08 PM  CPU    %usr   %nice    %sys %iowait    %irq   %soft  %steal  %guest  %gnice   %idle
12:58:09 PM    0   52.58    0.00   22.68    0.00    0.00    4.12    0.00    0.00    0.00   20.62

12:58:09 PM  CPU    %usr   %nice    %sys %iowait    %irq   %soft  %steal  %guest  %gnice   %idle
12:58:10 PM    0   48.98    0.00   23.47    0.00    0.00    5.10    0.00    0.00    0.00   22.45

12:58:10 PM  CPU    %usr   %nice    %sys %iowait    %irq   %soft  %steal  %guest  %gnice   %idle
12:58:11 PM    0   49.50    0.00   22.77    0.00    0.00    7.92    0.00    0.00    0.00   19.80

12:58:11 PM  CPU    %usr   %nice    %sys %iowait    %irq   %soft  %steal  %guest  %gnice   %idle
12:58:12 PM    0   50.00    0.00   22.45    0.00    0.00    6.12    0.00    0.00    0.00   21.43

12:58:12 PM  CPU    %usr   %nice    %sys %iowait    %irq   %soft  %steal  %guest  %gnice   %idle
12:58:13 PM    0   53.47    0.00   21.78    0.00    0.00    3.96    0.00    0.00    0.00   20.79

12:58:13 PM  CPU    %usr   %nice    %sys %iowait    %irq   %soft  %steal  %guest  %gnice   %idle
12:58:14 PM    0   57.00    0.00   17.00    0.00    0.00    4.00    0.00    0.00    0.00   22.00

12:58:14 PM  CPU    %usr   %nice    %sys %iowait    %irq   %soft  %steal  %guest  %gnice   %idle
12:58:15 PM    0   52.58    0.00   22.68    0.00    0.00    4.12    0.00    0.00    0.00   20.62

12:58:15 PM  CPU    %usr   %nice    %sys %iowait    %irq   %soft  %steal  %guest  %gnice   %idle
12:58:16 PM    0   48.48    0.00   21.21    0.00    0.00    8.08    0.00    0.00    0.00   22.22

12:58:16 PM  CPU    %usr   %nice    %sys %iowait    %irq   %soft  %steal  %guest  %gnice   %idle
12:58:17 PM    0   52.58    0.00   21.65    0.00    0.00    4.12    0.00    0.00    0.00   21.65

12:58:17 PM  CPU    %usr   %nice    %sys %iowait    %irq   %soft  %steal  %guest  %gnice   %idle
12:58:18 PM    0   51.49    0.00   20.79    0.00    0.00    6.93    0.00    0.00    0.00   20.79

12:58:18 PM  CPU    %usr   %nice    %sys %iowait    %irq   %soft  %steal  %guest  %gnice   %idle
12:58:19 PM    0   54.46    0.00   19.80    0.00    0.00    4.95    0.00    0.00    0.00   20.79

12:58:19 PM  CPU    %usr   %nice    %sys %iowait    %irq   %soft  %steal  %guest  %gnice   %idle
12:58:20 PM    0   51.49    0.00   25.74    0.00    0.00    1.98    0.00    0.00    0.00   20.79

12:58:20 PM  CPU    %usr   %nice    %sys %iowait    %irq   %soft  %steal  %guest  %gnice   %idle
12:58:21 PM    0   55.88    0.00   19.61    0.00    0.00    3.92    0.00    0.00    0.00   20.59

12:58:21 PM  CPU    %usr   %nice    %sys %iowait    %irq   %soft  %steal  %guest  %gnice   %idle
12:58:22 PM    0   51.55    0.00   21.65    0.00    0.00    5.15    0.00    0.00    0.00   21.65

12:58:22 PM  CPU    %usr   %nice    %sys %iowait    %irq   %soft  %steal  %guest  %gnice   %idle
12:58:23 PM    0   50.98    0.00   21.57    0.00    0.00    6.86    0.00    0.00    0.00   20.59

12:58:23 PM  CPU    %usr   %nice    %sys %iowait    %irq   %soft  %steal  %guest  %gnice   %idle
12:58:24 PM    0   56.00    0.00   19.00    0.00    0.00    4.00    0.00    0.00    0.00   21.00

12:58:24 PM  CPU    %usr   %nice    %sys %iowait    %irq   %soft  %steal  %guest  %gnice   %idle
12:58:25 PM    0   50.98    0.00   23.53    0.00    0.00    4.90    0.00    0.00    0.00   20.59

12:58:25 PM  CPU    %usr   %nice    %sys %iowait    %irq   %soft  %steal  %guest  %gnice   %idle
12:58:26 PM    0   57.73    0.00   17.53    0.00    0.00    4.12    0.00    0.00    0.00   20.62

12:58:26 PM  CPU    %usr   %nice    %sys %iowait    %irq   %soft  %steal  %guest  %gnice   %idle
12:58:27 PM    0   54.46    0.00   20.79    0.00    0.00    3.96    0.00    0.00    0.00   20.79

12:58:27 PM  CPU    %usr   %nice    %sys %iowait    %irq   %soft  %steal  %guest  %gnice   %idle
12:58:28 PM    0   55.67    0.00   19.59    0.00    0.00    3.09    0.00    0.00    0.00   21.65

12:58:28 PM  CPU    %usr   %nice    %sys %iowait    %irq   %soft  %steal  %guest  %gnice   %idle
12:58:29 PM    0   54.90    0.00   19.61    0.00    0.00    5.88    0.00    0.00    0.00   19.61

12:58:29 PM  CPU    %usr   %nice    %sys %iowait    %irq   %soft  %steal  %guest  %gnice   %idle
12:58:30 PM    0   56.57    0.00   18.18    0.00    0.00    5.05    0.00    0.00    0.00   20.20

12:58:30 PM  CPU    %usr   %nice    %sys %iowait    %irq   %soft  %steal  %guest  %gnice   %idle
12:58:31 PM    0   54.46    0.00   21.78    0.00    0.00    2.97    0.00    0.00    0.00   20.79

12:58:31 PM  CPU    %usr   %nice    %sys %iowait    %irq   %soft  %steal  %guest  %gnice   %idle
12:58:32 PM    0   53.06    0.00   18.37    0.00    0.00    7.14    0.00    0.00    0.00   21.43

12:58:32 PM  CPU    %usr   %nice    %sys %iowait    %irq   %soft  %steal  %guest  %gnice   %idle
12:58:33 PM    0   51.00    0.00   23.00    0.00    0.00    5.00    0.00    0.00    0.00   21.00

12:58:33 PM  CPU    %usr   %nice    %sys %iowait    %irq   %soft  %steal  %guest  %gnice   %idle
12:58:34 PM    0   52.48    0.00   20.79    0.00    0.00    5.94    0.00    0.00    0.00   20.79

12:58:34 PM  CPU    %usr   %nice    %sys %iowait    %irq   %soft  %steal  %guest  %gnice   %idle
12:58:35 PM    0   54.08    0.00   18.37    0.00    0.00    6.12    0.00    0.00    0.00   21.43

12:58:35 PM  CPU    %usr   %nice    %sys %iowait    %irq   %soft  %steal  %guest  %gnice   %idle
12:58:36 PM    0   53.61    0.00   17.53    0.00    0.00    7.22    0.00    0.00    0.00   21.65

12:58:36 PM  CPU    %usr   %nice    %sys %iowait    %irq   %soft  %steal  %guest  %gnice   %idle
12:58:37 PM    0   50.51    0.00   21.21    0.00    0.00    7.07    0.00    0.00    0.00   21.21

12:58:37 PM  CPU    %usr   %nice    %sys %iowait    %irq   %soft  %steal  %guest  %gnice   %idle
12:58:38 PM    0   50.50    0.00   22.77    0.00    0.00    5.94    0.00    0.00    0.00   20.79

12:58:38 PM  CPU    %usr   %nice    %sys %iowait    %irq   %soft  %steal  %guest  %gnice   %idle
12:58:39 PM    0   49.49    0.00   25.25    0.00    0.00    4.04    0.00    0.00    0.00   21.21

12:58:39 PM  CPU    %usr   %nice    %sys %iowait    %irq   %soft  %steal  %guest  %gnice   %idle
12:58:40 PM    0   52.00    0.00   20.00    0.00    0.00    6.00    0.00    0.00    0.00   22.00

12:58:40 PM  CPU    %usr   %nice    %sys %iowait    %irq   %soft  %steal  %guest  %gnice   %idle
12:58:41 PM    0   51.52    0.00   21.21    0.00    0.00    6.06    0.00    0.00    0.00   21.21

12:58:41 PM  CPU    %usr   %nice    %sys %iowait    %irq   %soft  %steal  %guest  %gnice   %idle
12:58:42 PM    0   58.16    0.00   17.35    0.00    0.00    4.08    0.00    0.00    0.00   20.41

12:58:42 PM  CPU    %usr   %nice    %sys %iowait    %irq   %soft  %steal  %guest  %gnice   %idle
12:58:43 PM    0   45.92    0.00   28.57    0.00    0.00    4.08    0.00    0.00    0.00   21.43

12:58:43 PM  CPU    %usr   %nice    %sys %iowait    %irq   %soft  %steal  %guest  %gnice   %idle
12:58:44 PM    0   54.90    0.00   18.63    0.00    0.00    5.88    0.00    0.00    0.00   20.59

12:58:44 PM  CPU    %usr   %nice    %sys %iowait    %irq   %soft  %steal  %guest  %gnice   %idle
12:58:45 PM    0   48.48    0.00   24.24    0.00    0.00    6.06    0.00    0.00    0.00   21.21

12:58:45 PM  CPU    %usr   %nice    %sys %iowait    %irq   %soft  %steal  %guest  %gnice   %idle
12:58:46 PM    0   54.46    0.00   19.80    0.00    0.00    3.96    0.00    0.00    0.00   21.78

12:58:46 PM  CPU    %usr   %nice    %sys %iowait    %irq   %soft  %steal  %guest  %gnice   %idle
12:58:47 PM    0   53.54    0.00   24.24    0.00    0.00    2.02    0.00    0.00    0.00   20.20

12:58:47 PM  CPU    %usr   %nice    %sys %iowait    %irq   %soft  %steal  %guest  %gnice   %idle
12:58:48 PM    0   55.88    0.00   18.63    0.00    0.00    3.92    0.00    0.00    0.00   21.57

12:58:48 PM  CPU    %usr   %nice    %sys %iowait    %irq   %soft  %steal  %guest  %gnice   %idle
12:58:49 PM    0   50.51    0.00   24.24    0.00    0.00    4.04    0.00    0.00    0.00   21.21

12:58:49 PM  CPU    %usr   %nice    %sys %iowait    %irq   %soft  %steal  %guest  %gnice   %idle
12:58:50 PM    0   52.04    0.00   22.45    0.00    0.00    4.08    0.00    0.00    0.00   21.43

12:58:50 PM  CPU    %usr   %nice    %sys %iowait    %irq   %soft  %steal  %guest  %gnice   %idle
12:58:51 PM    0   56.57    0.00   20.20    0.00    0.00    2.02    0.00    0.00    0.00   21.21

12:58:51 PM  CPU    %usr   %nice    %sys %iowait    %irq   %soft  %steal  %guest  %gnice   %idle
12:58:52 PM    0   55.88    0.00   18.63    0.00    0.00    4.90    0.00    0.00    0.00   20.59

12:58:52 PM  CPU    %usr   %nice    %sys %iowait    %irq   %soft  %steal  %guest  %gnice   %idle
12:58:53 PM    0   51.46    0.00   24.27    0.00    0.00    3.88    0.00    0.00    0.00   20.39

12:58:53 PM  CPU    %usr   %nice    %sys %iowait    %irq   %soft  %steal  %guest  %gnice   %idle
12:58:54 PM    0   50.00    0.00   24.00    0.00    0.00    4.00    0.00    0.00    0.00   22.00

12:58:54 PM  CPU    %usr   %nice    %sys %iowait    %irq   %soft  %steal  %guest  %gnice   %idle
12:58:55 PM    0   53.54    0.00   21.21    0.00    0.00    4.04    0.00    0.00    0.00   21.21

12:58:55 PM  CPU    %usr   %nice    %sys %iowait    %irq   %soft  %steal  %guest  %gnice   %idle
12:58:56 PM    0   53.00    0.00   20.00    0.00    0.00    6.00    0.00    0.00    0.00   21.00

12:58:56 PM  CPU    %usr   %nice    %sys %iowait    %irq   %soft  %steal  %guest  %gnice   %idle
12:58:57 PM    0   52.94    0.00   21.57    0.00    0.00    4.90    0.00    0.00    0.00   20.59

12:58:57 PM  CPU    %usr   %nice    %sys %iowait    %irq   %soft  %steal  %guest  %gnice   %idle
12:58:58 PM    0   56.57    0.00   16.16    0.00    0.00    6.06    0.00    0.00    0.00   21.21

12:58:58 PM  CPU    %usr   %nice    %sys %iowait    %irq   %soft  %steal  %guest  %gnice   %idle
12:58:59 PM    0   50.51    0.00   19.19    0.00    0.00    8.08    0.00    0.00    0.00   22.22

12:58:59 PM  CPU    %usr   %nice    %sys %iowait    %irq   %soft  %steal  %guest  %gnice   %idle
12:59:00 PM    0   49.00    0.00   23.00    0.00    0.00    6.00    0.00    0.00    0.00   22.00

12:59:00 PM  CPU    %usr   %nice    %sys %iowait    %irq   %soft  %steal  %guest  %gnice   %idle
12:59:01 PM    0   57.00    0.00   18.00    0.00    0.00    3.00    0.00    0.00    0.00   22.00

Average:     CPU    %usr   %nice    %sys %iowait    %irq   %soft  %steal  %guest  %gnice   %idle
Average:       0   52.63    0.00   21.14    0.00    0.00    5.17    0.00    0.00    0.00   21.06
