Linux 5.3.0-61-generic (cw-zenbook) 	07/16/2020 	_x86_64_	(8 CPU)

11:56:48 AM  CPU    %usr   %nice    %sys %iowait    %irq   %soft  %steal  %guest  %gnice   %idle
11:56:49 AM    0   28.00    0.00    8.00    0.00    0.00    4.00    0.00    0.00    0.00   60.00

11:56:49 AM  CPU    %usr   %nice    %sys %iowait    %irq   %soft  %steal  %guest  %gnice   %idle
11:56:50 AM    0   26.73    0.00    9.90    0.00    0.00    2.97    0.00    0.00    0.00   60.40

11:56:50 AM  CPU    %usr   %nice    %sys %iowait    %irq   %soft  %steal  %guest  %gnice   %idle
11:56:51 AM    0   23.23    0.00   10.10    0.00    0.00    4.04    0.00    0.00    0.00   62.63

11:56:51 AM  CPU    %usr   %nice    %sys %iowait    %irq   %soft  %steal  %guest  %gnice   %idle
11:56:52 AM    0   27.00    0.00    9.00    0.00    0.00    2.00    0.00    0.00    0.00   62.00

11:56:52 AM  CPU    %usr   %nice    %sys %iowait    %irq   %soft  %steal  %guest  %gnice   %idle
11:56:53 AM    0   24.00    0.00   10.00    0.00    0.00    5.00    0.00    0.00    0.00   61.00

11:56:53 AM  CPU    %usr   %nice    %sys %iowait    %irq   %soft  %steal  %guest  %gnice   %idle
11:56:54 AM    0   26.53    0.00    9.18    0.00    0.00    2.04    0.00    0.00    0.00   62.24

11:56:54 AM  CPU    %usr   %nice    %sys %iowait    %irq   %soft  %steal  %guest  %gnice   %idle
11:56:55 AM    0   27.55    0.00    7.14    0.00    0.00    3.06    0.00    0.00    0.00   62.24

11:56:55 AM  CPU    %usr   %nice    %sys %iowait    %irq   %soft  %steal  %guest  %gnice   %idle
11:56:56 AM    0   23.23    0.00   11.11    0.00    0.00    3.03    0.00    0.00    0.00   62.63

11:56:56 AM  CPU    %usr   %nice    %sys %iowait    %irq   %soft  %steal  %guest  %gnice   %idle
11:56:57 AM    0   28.71    0.00    5.94    0.00    0.00    4.95    0.00    0.00    0.00   60.40

11:56:57 AM  CPU    %usr   %nice    %sys %iowait    %irq   %soft  %steal  %guest  %gnice   %idle
11:56:58 AM    0   24.49    0.00   12.24    0.00    0.00    2.04    0.00    0.00    0.00   61.22

11:56:58 AM  CPU    %usr   %nice    %sys %iowait    %irq   %soft  %steal  %guest  %gnice   %idle
11:56:59 AM    0   25.51    0.00   10.20    0.00    0.00    2.04    0.00    0.00    0.00   62.24

11:56:59 AM  CPU    %usr   %nice    %sys %iowait    %irq   %soft  %steal  %guest  %gnice   %idle
11:57:00 AM    0   27.00    0.00   10.00    0.00    0.00    3.00    0.00    0.00    0.00   60.00

11:57:00 AM  CPU    %usr   %nice    %sys %iowait    %irq   %soft  %steal  %guest  %gnice   %idle
11:57:01 AM    0   25.74    0.00   10.89    0.00    0.00    2.97    0.00    0.00    0.00   60.40

11:57:01 AM  CPU    %usr   %nice    %sys %iowait    %irq   %soft  %steal  %guest  %gnice   %idle
11:57:02 AM    0   27.55    0.00    8.16    0.00    0.00    2.04    0.00    0.00    0.00   62.24

11:57:02 AM  CPU    %usr   %nice    %sys %iowait    %irq   %soft  %steal  %guest  %gnice   %idle
11:57:03 AM    0   25.25    0.00   11.11    0.00    0.00    2.02    0.00    0.00    0.00   61.62

11:57:03 AM  CPU    %usr   %nice    %sys %iowait    %irq   %soft  %steal  %guest  %gnice   %idle
11:57:04 AM    0   27.00    0.00    8.00    0.00    0.00    4.00    0.00    0.00    0.00   61.00

11:57:04 AM  CPU    %usr   %nice    %sys %iowait    %irq   %soft  %steal  %guest  %gnice   %idle
11:57:05 AM    0   23.76    0.00   10.89    0.00    0.00    3.96    0.00    0.00    0.00   61.39

11:57:05 AM  CPU    %usr   %nice    %sys %iowait    %irq   %soft  %steal  %guest  %gnice   %idle
11:57:06 AM    0   22.45    0.00   10.20    0.00    0.00    5.10    0.00    0.00    0.00   62.24

11:57:06 AM  CPU    %usr   %nice    %sys %iowait    %irq   %soft  %steal  %guest  %gnice   %idle
11:57:07 AM    0   23.47    0.00   13.27    0.00    0.00    3.06    0.00    0.00    0.00   60.20

11:57:07 AM  CPU    %usr   %nice    %sys %iowait    %irq   %soft  %steal  %guest  %gnice   %idle
11:57:08 AM    0   23.23    0.00   11.11    0.00    0.00    3.03    0.00    0.00    0.00   62.63

11:57:08 AM  CPU    %usr   %nice    %sys %iowait    %irq   %soft  %steal  %guest  %gnice   %idle
11:57:09 AM    0   26.26    0.00    9.09    0.00    0.00    3.03    0.00    0.00    0.00   61.62

11:57:09 AM  CPU    %usr   %nice    %sys %iowait    %irq   %soft  %steal  %guest  %gnice   %idle
11:57:10 AM    0   27.27    0.00    9.09    0.00    0.00    2.02    0.00    0.00    0.00   61.62

11:57:10 AM  CPU    %usr   %nice    %sys %iowait    %irq   %soft  %steal  %guest  %gnice   %idle
11:57:11 AM    0   29.70    0.00    6.93    0.00    0.00    3.96    0.00    0.00    0.00   59.41

11:57:11 AM  CPU    %usr   %nice    %sys %iowait    %irq   %soft  %steal  %guest  %gnice   %idle
11:57:12 AM    0   27.18    0.00    9.71    0.00    0.00    3.88    0.00    0.00    0.00   59.22

11:57:12 AM  CPU    %usr   %nice    %sys %iowait    %irq   %soft  %steal  %guest  %gnice   %idle
11:57:13 AM    0   27.18    0.00    7.77    0.00    0.00    5.83    0.00    0.00    0.00   59.22

11:57:13 AM  CPU    %usr   %nice    %sys %iowait    %irq   %soft  %steal  %guest  %gnice   %idle
11:57:14 AM    0   27.27    0.00    9.09    0.00    0.00    2.02    0.00    0.00    0.00   61.62

11:57:14 AM  CPU    %usr   %nice    %sys %iowait    %irq   %soft  %steal  %guest  %gnice   %idle
11:57:15 AM    0   24.00    0.00   12.00    0.00    0.00    3.00    0.00    0.00    0.00   61.00

11:57:15 AM  CPU    %usr   %nice    %sys %iowait    %irq   %soft  %steal  %guest  %gnice   %idle
11:57:16 AM    0   21.78    0.00   14.85    0.00    0.00    2.97    0.00    0.00    0.00   60.40

11:57:16 AM  CPU    %usr   %nice    %sys %iowait    %irq   %soft  %steal  %guest  %gnice   %idle
11:57:17 AM    0   26.00    0.00    8.00    0.00    0.00    5.00    0.00    0.00    0.00   61.00

11:57:17 AM  CPU    %usr   %nice    %sys %iowait    %irq   %soft  %steal  %guest  %gnice   %idle
11:57:18 AM    0   24.74    0.00    8.25    0.00    0.00    3.09    0.00    0.00    0.00   63.92

11:57:18 AM  CPU    %usr   %nice    %sys %iowait    %irq   %soft  %steal  %guest  %gnice   %idle
11:57:19 AM    0   25.24    0.00   10.68    0.00    0.00    4.85    0.00    0.00    0.00   59.22

11:57:19 AM  CPU    %usr   %nice    %sys %iowait    %irq   %soft  %steal  %guest  %gnice   %idle
11:57:20 AM    0   26.26    0.00   10.10    0.00    0.00    3.03    0.00    0.00    0.00   60.61

11:57:20 AM  CPU    %usr   %nice    %sys %iowait    %irq   %soft  %steal  %guest  %gnice   %idle
11:57:21 AM    0   27.27    0.00   10.10    0.00    0.00    1.01    0.00    0.00    0.00   61.62

11:57:21 AM  CPU    %usr   %nice    %sys %iowait    %irq   %soft  %steal  %guest  %gnice   %idle
11:57:22 AM    0   25.51    0.00    9.18    0.00    0.00    3.06    0.00    0.00    0.00   62.24

11:57:22 AM  CPU    %usr   %nice    %sys %iowait    %irq   %soft  %steal  %guest  %gnice   %idle
11:57:23 AM    0   25.77    0.00    8.25    0.00    0.00    4.12    0.00    0.00    0.00   61.86

11:57:23 AM  CPU    %usr   %nice    %sys %iowait    %irq   %soft  %steal  %guest  %gnice   %idle
11:57:24 AM    0   27.00    0.00   10.00    0.00    0.00    2.00    0.00    0.00    0.00   61.00

11:57:24 AM  CPU    %usr   %nice    %sys %iowait    %irq   %soft  %steal  %guest  %gnice   %idle
11:57:25 AM    0   28.57    0.00    6.12    0.00    0.00    3.06    0.00    0.00    0.00   62.24

11:57:25 AM  CPU    %usr   %nice    %sys %iowait    %irq   %soft  %steal  %guest  %gnice   %idle
11:57:26 AM    0   21.00    0.00   13.00    0.00    0.00    5.00    0.00    0.00    0.00   61.00

11:57:26 AM  CPU    %usr   %nice    %sys %iowait    %irq   %soft  %steal  %guest  %gnice   %idle
11:57:27 AM    0   23.76    0.00   10.89    0.00    0.00    3.96    0.00    0.00    0.00   61.39

11:57:27 AM  CPU    %usr   %nice    %sys %iowait    %irq   %soft  %steal  %guest  %gnice   %idle
11:57:28 AM    0   28.43    0.00    9.80    0.00    0.00    2.94    0.00    0.00    0.00   58.82

11:57:28 AM  CPU    %usr   %nice    %sys %iowait    %irq   %soft  %steal  %guest  %gnice   %idle
11:57:29 AM    0   25.51    0.00    8.16    0.00    0.00    5.10    0.00    0.00    0.00   61.22

11:57:29 AM  CPU    %usr   %nice    %sys %iowait    %irq   %soft  %steal  %guest  %gnice   %idle
11:57:30 AM    0   21.65    0.00   12.37    0.00    0.00    4.12    0.00    0.00    0.00   61.86

11:57:30 AM  CPU    %usr   %nice    %sys %iowait    %irq   %soft  %steal  %guest  %gnice   %idle
11:57:31 AM    0   28.43    0.00    8.82    0.00    0.00    2.94    0.00    0.00    0.00   59.80

11:57:31 AM  CPU    %usr   %nice    %sys %iowait    %irq   %soft  %steal  %guest  %gnice   %idle
11:57:32 AM    0   26.80    0.00    9.28    0.00    0.00    2.06    0.00    0.00    0.00   61.86

11:57:32 AM  CPU    %usr   %nice    %sys %iowait    %irq   %soft  %steal  %guest  %gnice   %idle
11:57:33 AM    0   29.00    0.00    8.00    0.00    0.00    2.00    0.00    0.00    0.00   61.00

11:57:33 AM  CPU    %usr   %nice    %sys %iowait    %irq   %soft  %steal  %guest  %gnice   %idle
11:57:34 AM    0   27.45    0.00   12.75    0.00    0.00    0.98    0.00    0.00    0.00   58.82

11:57:34 AM  CPU    %usr   %nice    %sys %iowait    %irq   %soft  %steal  %guest  %gnice   %idle
11:57:35 AM    0   28.00    0.00    9.00    0.00    0.00    2.00    0.00    0.00    0.00   61.00

11:57:35 AM  CPU    %usr   %nice    %sys %iowait    %irq   %soft  %steal  %guest  %gnice   %idle
11:57:36 AM    0   28.57    0.00    6.12    0.00    0.00    4.08    0.00    0.00    0.00   61.22

11:57:36 AM  CPU    %usr   %nice    %sys %iowait    %irq   %soft  %steal  %guest  %gnice   %idle
11:57:37 AM    0   26.26    0.00   10.10    0.00    0.00    2.02    0.00    0.00    0.00   61.62

11:57:37 AM  CPU    %usr   %nice    %sys %iowait    %irq   %soft  %steal  %guest  %gnice   %idle
11:57:38 AM    0   23.00    0.00   14.00    0.00    0.00    2.00    0.00    0.00    0.00   61.00

11:57:38 AM  CPU    %usr   %nice    %sys %iowait    %irq   %soft  %steal  %guest  %gnice   %idle
11:57:39 AM    0   29.00    0.00    9.00    0.00    0.00    2.00    0.00    0.00    0.00   60.00

11:57:39 AM  CPU    %usr   %nice    %sys %iowait    %irq   %soft  %steal  %guest  %gnice   %idle
11:57:40 AM    0   26.26    0.00    9.09    0.00    0.00    3.03    0.00    0.00    0.00   61.62

11:57:40 AM  CPU    %usr   %nice    %sys %iowait    %irq   %soft  %steal  %guest  %gnice   %idle
11:57:41 AM    0   23.53    0.00   13.73    0.00    0.00    2.94    0.00    0.00    0.00   59.80

11:57:41 AM  CPU    %usr   %nice    %sys %iowait    %irq   %soft  %steal  %guest  %gnice   %idle
11:57:42 AM    0   24.00    0.00   12.00    0.00    0.00    2.00    0.00    0.00    0.00   62.00

11:57:42 AM  CPU    %usr   %nice    %sys %iowait    %irq   %soft  %steal  %guest  %gnice   %idle
11:57:43 AM    0   24.49    0.00    9.18    0.00    0.00    4.08    0.00    0.00    0.00   62.24

11:57:43 AM  CPU    %usr   %nice    %sys %iowait    %irq   %soft  %steal  %guest  %gnice   %idle
11:57:44 AM    0   26.53    0.00    7.14    0.00    0.00    4.08    0.00    0.00    0.00   62.24

11:57:44 AM  CPU    %usr   %nice    %sys %iowait    %irq   %soft  %steal  %guest  %gnice   %idle
11:57:45 AM    0   24.24    0.00   12.12    0.00    0.00    2.02    0.00    0.00    0.00   61.62

11:57:45 AM  CPU    %usr   %nice    %sys %iowait    %irq   %soft  %steal  %guest  %gnice   %idle
11:57:46 AM    0   23.30    0.00   11.65    0.00    0.00    5.83    0.00    0.00    0.00   59.22

11:57:46 AM  CPU    %usr   %nice    %sys %iowait    %irq   %soft  %steal  %guest  %gnice   %idle
11:57:47 AM    0   26.53    0.00    8.16    0.00    0.00    3.06    0.00    0.00    0.00   62.24

11:57:47 AM  CPU    %usr   %nice    %sys %iowait    %irq   %soft  %steal  %guest  %gnice   %idle
11:57:48 AM    0   24.00    0.00   12.00    0.00    0.00    3.00    0.00    0.00    0.00   61.00

11:57:48 AM  CPU    %usr   %nice    %sys %iowait    %irq   %soft  %steal  %guest  %gnice   %idle
11:57:49 AM    0   25.00    0.00   12.00    0.00    0.00    2.00    0.00    0.00    0.00   61.00

11:57:49 AM  CPU    %usr   %nice    %sys %iowait    %irq   %soft  %steal  %guest  %gnice   %idle
11:57:50 AM    0   28.43    0.00    7.84    0.00    0.00    2.94    0.00    0.00    0.00   60.78

11:57:50 AM  CPU    %usr   %nice    %sys %iowait    %irq   %soft  %steal  %guest  %gnice   %idle
11:57:51 AM    0   24.49    0.00   10.20    0.00    0.00    3.06    0.00    0.00    0.00   62.24

11:57:51 AM  CPU    %usr   %nice    %sys %iowait    %irq   %soft  %steal  %guest  %gnice   %idle
11:57:52 AM    0   25.00    0.00   10.00    0.00    0.00    3.00    0.00    0.00    0.00   62.00

11:57:52 AM  CPU    %usr   %nice    %sys %iowait    %irq   %soft  %steal  %guest  %gnice   %idle
11:57:53 AM    0   22.00    0.00   12.00    0.00    0.00    4.00    0.00    0.00    0.00   62.00

11:57:53 AM  CPU    %usr   %nice    %sys %iowait    %irq   %soft  %steal  %guest  %gnice   %idle
11:57:54 AM    0   24.51    0.00   11.76    0.00    0.00    2.94    0.00    0.00    0.00   60.78

11:57:54 AM  CPU    %usr   %nice    %sys %iowait    %irq   %soft  %steal  %guest  %gnice   %idle
11:57:55 AM    0   24.75    0.00   12.87    0.00    0.00    3.96    0.00    0.00    0.00   58.42

11:57:55 AM  CPU    %usr   %nice    %sys %iowait    %irq   %soft  %steal  %guest  %gnice   %idle
11:57:56 AM    0   25.25    0.00   11.11    0.00    0.00    2.02    0.00    0.00    0.00   61.62

11:57:56 AM  CPU    %usr   %nice    %sys %iowait    %irq   %soft  %steal  %guest  %gnice   %idle
11:57:57 AM    0   22.00    0.00   14.00    0.00    0.00    4.00    0.00    0.00    0.00   60.00

11:57:57 AM  CPU    %usr   %nice    %sys %iowait    %irq   %soft  %steal  %guest  %gnice   %idle
11:57:58 AM    0   26.53    0.00   10.20    0.00    0.00    2.04    0.00    0.00    0.00   61.22

11:57:58 AM  CPU    %usr   %nice    %sys %iowait    %irq   %soft  %steal  %guest  %gnice   %idle
11:57:59 AM    0   20.20    0.00   12.12    0.00    0.00    7.07    0.00    0.00    0.00   60.61

11:57:59 AM  CPU    %usr   %nice    %sys %iowait    %irq   %soft  %steal  %guest  %gnice   %idle
11:58:00 AM    0   26.53    0.00    9.18    0.00    0.00    3.06    0.00    0.00    0.00   61.22

11:58:00 AM  CPU    %usr   %nice    %sys %iowait    %irq   %soft  %steal  %guest  %gnice   %idle
11:58:01 AM    0   24.00    0.00   11.00    0.00    0.00    5.00    0.00    0.00    0.00   60.00

11:58:01 AM  CPU    %usr   %nice    %sys %iowait    %irq   %soft  %steal  %guest  %gnice   %idle
11:58:02 AM    0   25.96    0.00   11.54    0.00    0.00    3.85    0.00    0.00    0.00   58.65

11:58:02 AM  CPU    %usr   %nice    %sys %iowait    %irq   %soft  %steal  %guest  %gnice   %idle
11:58:03 AM    0   23.71    0.00   11.34    0.00    0.00    2.06    0.00    0.00    0.00   62.89

11:58:03 AM  CPU    %usr   %nice    %sys %iowait    %irq   %soft  %steal  %guest  %gnice   %idle
11:58:04 AM    0   25.74    0.00    8.91    0.00    0.00    3.96    0.00    0.00    0.00   61.39

11:58:04 AM  CPU    %usr   %nice    %sys %iowait    %irq   %soft  %steal  %guest  %gnice   %idle
11:58:05 AM    0   26.26    0.00   11.11    0.00    0.00    3.03    0.00    0.00    0.00   59.60

11:58:05 AM  CPU    %usr   %nice    %sys %iowait    %irq   %soft  %steal  %guest  %gnice   %idle
11:58:06 AM    0   25.24    0.00   11.65    0.00    0.00    3.88    0.00    0.00    0.00   59.22

11:58:06 AM  CPU    %usr   %nice    %sys %iowait    %irq   %soft  %steal  %guest  %gnice   %idle
11:58:07 AM    0   27.45    0.00    9.80    0.00    0.00    3.92    0.00    0.00    0.00   58.82

11:58:07 AM  CPU    %usr   %nice    %sys %iowait    %irq   %soft  %steal  %guest  %gnice   %idle
11:58:08 AM    0   27.08    0.00    7.29    0.00    0.00    2.08    0.00    0.00    0.00   63.54

11:58:08 AM  CPU    %usr   %nice    %sys %iowait    %irq   %soft  %steal  %guest  %gnice   %idle
11:58:09 AM    0   23.76    0.00    9.90    0.00    0.00    4.95    0.00    0.00    0.00   61.39

11:58:09 AM  CPU    %usr   %nice    %sys %iowait    %irq   %soft  %steal  %guest  %gnice   %idle
11:58:10 AM    0   28.43    0.00    9.80    0.00    0.00    1.96    0.00    0.00    0.00   59.80

11:58:10 AM  CPU    %usr   %nice    %sys %iowait    %irq   %soft  %steal  %guest  %gnice   %idle
11:58:11 AM    0   26.80    0.00    9.28    0.00    0.00    1.03    0.00    0.00    0.00   62.89

11:58:11 AM  CPU    %usr   %nice    %sys %iowait    %irq   %soft  %steal  %guest  %gnice   %idle
11:58:12 AM    0   25.00    0.00   12.00    0.00    0.00    2.00    0.00    0.00    0.00   61.00

11:58:12 AM  CPU    %usr   %nice    %sys %iowait    %irq   %soft  %steal  %guest  %gnice   %idle
11:58:13 AM    0   28.00    0.00    7.00    0.00    0.00    3.00    0.00    0.00    0.00   62.00

11:58:13 AM  CPU    %usr   %nice    %sys %iowait    %irq   %soft  %steal  %guest  %gnice   %idle
11:58:14 AM    0   24.00    0.00   11.00    0.00    0.00    4.00    0.00    0.00    0.00   61.00

11:58:14 AM  CPU    %usr   %nice    %sys %iowait    %irq   %soft  %steal  %guest  %gnice   %idle
11:58:15 AM    0   24.24    0.00   12.12    0.00    0.00    3.03    0.00    0.00    0.00   60.61

11:58:15 AM  CPU    %usr   %nice    %sys %iowait    %irq   %soft  %steal  %guest  %gnice   %idle
11:58:16 AM    0   24.24    0.00   11.11    0.00    0.00    3.03    0.00    0.00    0.00   61.62

11:58:16 AM  CPU    %usr   %nice    %sys %iowait    %irq   %soft  %steal  %guest  %gnice   %idle
11:58:17 AM    0   25.51    0.00   10.20    0.00    0.00    2.04    0.00    0.00    0.00   62.24

11:58:17 AM  CPU    %usr   %nice    %sys %iowait    %irq   %soft  %steal  %guest  %gnice   %idle
11:58:18 AM    0   23.00    0.00   13.00    0.00    0.00    3.00    0.00    0.00    0.00   61.00

11:58:18 AM  CPU    %usr   %nice    %sys %iowait    %irq   %soft  %steal  %guest  %gnice   %idle
11:58:19 AM    0   27.45    0.00    8.82    0.00    0.00    3.92    0.00    0.00    0.00   59.80

11:58:19 AM  CPU    %usr   %nice    %sys %iowait    %irq   %soft  %steal  %guest  %gnice   %idle
11:58:20 AM    0   25.77    0.00    8.25    0.00    0.00    3.09    0.00    0.00    0.00   62.89

11:58:20 AM  CPU    %usr   %nice    %sys %iowait    %irq   %soft  %steal  %guest  %gnice   %idle
11:58:21 AM    0   25.49    0.00   11.76    0.00    0.00    3.92    0.00    0.00    0.00   58.82

11:58:21 AM  CPU    %usr   %nice    %sys %iowait    %irq   %soft  %steal  %guest  %gnice   %idle
11:58:22 AM    0   24.49    0.00   10.20    0.00    0.00    3.06    0.00    0.00    0.00   62.24

11:58:22 AM  CPU    %usr   %nice    %sys %iowait    %irq   %soft  %steal  %guest  %gnice   %idle
11:58:23 AM    0   24.49    0.00   10.20    0.00    0.00    4.08    0.00    0.00    0.00   61.22

11:58:23 AM  CPU    %usr   %nice    %sys %iowait    %irq   %soft  %steal  %guest  %gnice   %idle
11:58:24 AM    0   25.00    0.00   12.50    0.00    0.00    3.85    0.00    0.00    0.00   58.65

11:58:24 AM  CPU    %usr   %nice    %sys %iowait    %irq   %soft  %steal  %guest  %gnice   %idle
11:58:25 AM    0   24.49    0.00    9.18    0.00    0.00    4.08    0.00    0.00    0.00   62.24

11:58:25 AM  CPU    %usr   %nice    %sys %iowait    %irq   %soft  %steal  %guest  %gnice   %idle
11:58:26 AM    0   22.45    0.00   12.24    0.00    0.00    3.06    0.00    0.00    0.00   62.24

11:58:26 AM  CPU    %usr   %nice    %sys %iowait    %irq   %soft  %steal  %guest  %gnice   %idle
11:58:27 AM    0   27.72    0.00    7.92    0.00    0.00    3.96    0.00    0.00    0.00   60.40

11:58:27 AM  CPU    %usr   %nice    %sys %iowait    %irq   %soft  %steal  %guest  %gnice   %idle
11:58:28 AM    0   27.27    0.00    8.08    0.00    0.00    4.04    0.00    0.00    0.00   60.61

11:58:28 AM  CPU    %usr   %nice    %sys %iowait    %irq   %soft  %steal  %guest  %gnice   %idle
11:58:29 AM    0   25.49    0.00    9.80    0.00    0.00    4.90    0.00    0.00    0.00   59.80

11:58:29 AM  CPU    %usr   %nice    %sys %iowait    %irq   %soft  %steal  %guest  %gnice   %idle
11:58:30 AM    0   24.74    0.00    9.28    0.00    0.00    4.12    0.00    0.00    0.00   61.86

11:58:30 AM  CPU    %usr   %nice    %sys %iowait    %irq   %soft  %steal  %guest  %gnice   %idle
11:58:31 AM    0   24.24    0.00   10.10    0.00    0.00    3.03    0.00    0.00    0.00   62.63

11:58:31 AM  CPU    %usr   %nice    %sys %iowait    %irq   %soft  %steal  %guest  %gnice   %idle
11:58:32 AM    0   22.00    0.00   13.00    0.00    0.00    4.00    0.00    0.00    0.00   61.00

11:58:32 AM  CPU    %usr   %nice    %sys %iowait    %irq   %soft  %steal  %guest  %gnice   %idle
11:58:33 AM    0   28.00    0.00    8.00    0.00    0.00    4.00    0.00    0.00    0.00   60.00

11:58:33 AM  CPU    %usr   %nice    %sys %iowait    %irq   %soft  %steal  %guest  %gnice   %idle
11:58:34 AM    0   24.75    0.00   10.89    0.00    0.00    2.97    0.00    0.00    0.00   61.39

11:58:34 AM  CPU    %usr   %nice    %sys %iowait    %irq   %soft  %steal  %guest  %gnice   %idle
11:58:35 AM    0   26.00    0.00   10.00    0.00    0.00    3.00    0.00    0.00    0.00   61.00

11:58:35 AM  CPU    %usr   %nice    %sys %iowait    %irq   %soft  %steal  %guest  %gnice   %idle
11:58:36 AM    0   24.24    0.00   10.10    0.00    0.00    4.04    0.00    0.00    0.00   61.62

11:58:36 AM  CPU    %usr   %nice    %sys %iowait    %irq   %soft  %steal  %guest  %gnice   %idle
11:58:37 AM    0   27.45    0.00    7.84    0.00    0.00    3.92    0.00    0.00    0.00   60.78

11:58:37 AM  CPU    %usr   %nice    %sys %iowait    %irq   %soft  %steal  %guest  %gnice   %idle
11:58:38 AM    0   24.74    0.00    9.28    0.00    0.00    4.12    0.00    0.00    0.00   61.86

11:58:38 AM  CPU    %usr   %nice    %sys %iowait    %irq   %soft  %steal  %guest  %gnice   %idle
11:58:39 AM    0   25.25    0.00    9.09    0.00    0.00    4.04    0.00    0.00    0.00   61.62

11:58:39 AM  CPU    %usr   %nice    %sys %iowait    %irq   %soft  %steal  %guest  %gnice   %idle
11:58:40 AM    0   23.30    0.00   12.62    0.00    0.00    4.85    0.00    0.00    0.00   59.22

11:58:40 AM  CPU    %usr   %nice    %sys %iowait    %irq   %soft  %steal  %guest  %gnice   %idle
11:58:41 AM    0   26.26    0.00    9.09    0.00    0.00    3.03    0.00    0.00    0.00   61.62

11:58:41 AM  CPU    %usr   %nice    %sys %iowait    %irq   %soft  %steal  %guest  %gnice   %idle
11:58:42 AM    0   25.25    0.00    9.09    0.00    0.00    4.04    0.00    0.00    0.00   61.62

11:58:42 AM  CPU    %usr   %nice    %sys %iowait    %irq   %soft  %steal  %guest  %gnice   %idle
11:58:43 AM    0   25.74    0.00    9.90    0.00    0.00    2.97    0.00    0.00    0.00   61.39

11:58:43 AM  CPU    %usr   %nice    %sys %iowait    %irq   %soft  %steal  %guest  %gnice   %idle
11:58:44 AM    0   25.74    0.00    7.92    0.00    0.00    5.94    0.00    0.00    0.00   60.40

11:58:44 AM  CPU    %usr   %nice    %sys %iowait    %irq   %soft  %steal  %guest  %gnice   %idle
11:58:45 AM    0   26.04    0.00    8.33    0.00    0.00    2.08    0.00    0.00    0.00   63.54

11:58:45 AM  CPU    %usr   %nice    %sys %iowait    %irq   %soft  %steal  %guest  %gnice   %idle
11:58:46 AM    0   28.16    0.00   10.68    0.00    0.00    1.94    0.00    0.00    0.00   59.22

11:58:46 AM  CPU    %usr   %nice    %sys %iowait    %irq   %soft  %steal  %guest  %gnice   %idle
11:58:47 AM    0   27.00    0.00   11.00    0.00    0.00    1.00    0.00    0.00    0.00   61.00

11:58:47 AM  CPU    %usr   %nice    %sys %iowait    %irq   %soft  %steal  %guest  %gnice   %idle
11:58:48 AM    0   25.00    0.00   11.00    0.00    0.00    4.00    0.00    0.00    0.00   60.00

Average:     CPU    %usr   %nice    %sys %iowait    %irq   %soft  %steal  %guest  %gnice   %idle
Average:       0   25.54    0.00   10.09    0.00    0.00    3.31    0.00    0.00    0.00   61.06
