Linux 5.3.0-61-generic (cw-zenbook) 	07/16/2020 	_x86_64_	(8 CPU)

02:46:58 PM  CPU    %usr   %nice    %sys %iowait    %irq   %soft  %steal  %guest  %gnice   %idle
02:46:59 PM    0   51.49    0.00   20.79    0.00    0.00    4.95    0.00    0.00    0.00   22.77

02:46:59 PM  CPU    %usr   %nice    %sys %iowait    %irq   %soft  %steal  %guest  %gnice   %idle
02:47:00 PM    0   55.10    0.00   20.41    0.00    0.00    2.04    0.00    0.00    0.00   22.45

02:47:00 PM  CPU    %usr   %nice    %sys %iowait    %irq   %soft  %steal  %guest  %gnice   %idle
02:47:01 PM    0   52.04    0.00   18.37    0.00    0.00    5.10    0.00    0.00    0.00   24.49

02:47:01 PM  CPU    %usr   %nice    %sys %iowait    %irq   %soft  %steal  %guest  %gnice   %idle
02:47:02 PM    0   55.56    0.00   16.16    0.00    0.00    6.06    0.00    0.00    0.00   22.22

02:47:02 PM  CPU    %usr   %nice    %sys %iowait    %irq   %soft  %steal  %guest  %gnice   %idle
02:47:03 PM    0   50.00    0.00   22.45    0.00    0.00    5.10    0.00    0.00    0.00   22.45

02:47:03 PM  CPU    %usr   %nice    %sys %iowait    %irq   %soft  %steal  %guest  %gnice   %idle
02:47:04 PM    0   56.44    0.00   17.82    0.00    0.00    2.97    0.00    0.00    0.00   22.77

02:47:04 PM  CPU    %usr   %nice    %sys %iowait    %irq   %soft  %steal  %guest  %gnice   %idle
02:47:05 PM    0   52.53    0.00   20.20    0.00    0.00    5.05    0.00    0.00    0.00   22.22

02:47:05 PM  CPU    %usr   %nice    %sys %iowait    %irq   %soft  %steal  %guest  %gnice   %idle
02:47:06 PM    0   54.90    0.00   17.65    0.00    0.00    4.90    0.00    0.00    0.00   22.55

02:47:06 PM  CPU    %usr   %nice    %sys %iowait    %irq   %soft  %steal  %guest  %gnice   %idle
02:47:07 PM    0   47.47    0.00   26.26    0.00    0.00    4.04    0.00    0.00    0.00   22.22

02:47:07 PM  CPU    %usr   %nice    %sys %iowait    %irq   %soft  %steal  %guest  %gnice   %idle
02:47:08 PM    0   51.52    0.00   18.18    0.00    0.00    7.07    0.00    0.00    0.00   23.23

02:47:08 PM  CPU    %usr   %nice    %sys %iowait    %irq   %soft  %steal  %guest  %gnice   %idle
02:47:09 PM    0   51.00    0.00   22.00    0.00    0.00    4.00    0.00    0.00    0.00   23.00

02:47:09 PM  CPU    %usr   %nice    %sys %iowait    %irq   %soft  %steal  %guest  %gnice   %idle
02:47:10 PM    0   47.47    0.00   23.23    0.00    0.00    7.07    0.00    0.00    0.00   22.22

02:47:10 PM  CPU    %usr   %nice    %sys %iowait    %irq   %soft  %steal  %guest  %gnice   %idle
02:47:11 PM    0   49.49    0.00   22.22    0.00    0.00    5.05    0.00    0.00    0.00   23.23

02:47:11 PM  CPU    %usr   %nice    %sys %iowait    %irq   %soft  %steal  %guest  %gnice   %idle
02:47:12 PM    0   50.00    0.00   23.53    0.00    0.00    4.90    0.00    0.00    0.00   21.57

02:47:12 PM  CPU    %usr   %nice    %sys %iowait    %irq   %soft  %steal  %guest  %gnice   %idle
02:47:13 PM    0   47.42    0.00   24.74    0.00    0.00    5.15    0.00    0.00    0.00   22.68

02:47:13 PM  CPU    %usr   %nice    %sys %iowait    %irq   %soft  %steal  %guest  %gnice   %idle
02:47:14 PM    0   47.47    0.00   22.22    0.00    0.00    6.06    0.00    0.00    0.00   24.24

02:47:14 PM  CPU    %usr   %nice    %sys %iowait    %irq   %soft  %steal  %guest  %gnice   %idle
02:47:15 PM    0   51.49    0.00   20.79    0.00    0.00    5.94    0.00    0.00    0.00   21.78

02:47:15 PM  CPU    %usr   %nice    %sys %iowait    %irq   %soft  %steal  %guest  %gnice   %idle
02:47:16 PM    0   49.51    0.00   22.33    0.00    0.00    5.83    0.00    0.00    0.00   22.33

02:47:16 PM  CPU    %usr   %nice    %sys %iowait    %irq   %soft  %steal  %guest  %gnice   %idle
02:47:17 PM    0   51.52    0.00   20.20    0.00    0.00    6.06    0.00    0.00    0.00   22.22

02:47:17 PM  CPU    %usr   %nice    %sys %iowait    %irq   %soft  %steal  %guest  %gnice   %idle
02:47:18 PM    0   54.00    0.00   18.00    0.00    0.00    5.00    0.00    0.00    0.00   23.00

02:47:18 PM  CPU    %usr   %nice    %sys %iowait    %irq   %soft  %steal  %guest  %gnice   %idle
02:47:19 PM    0   47.00    0.00   22.00    0.00    0.00    8.00    0.00    0.00    0.00   23.00

02:47:19 PM  CPU    %usr   %nice    %sys %iowait    %irq   %soft  %steal  %guest  %gnice   %idle
02:47:20 PM    0   55.10    0.00   17.35    0.00    0.00    4.08    0.00    0.00    0.00   23.47

02:47:20 PM  CPU    %usr   %nice    %sys %iowait    %irq   %soft  %steal  %guest  %gnice   %idle
02:47:21 PM    0   54.00    0.00   19.00    0.00    0.00    5.00    0.00    0.00    0.00   22.00

02:47:21 PM  CPU    %usr   %nice    %sys %iowait    %irq   %soft  %steal  %guest  %gnice   %idle
02:47:22 PM    0   53.54    0.00   17.17    0.00    0.00    6.06    0.00    0.00    0.00   23.23

02:47:22 PM  CPU    %usr   %nice    %sys %iowait    %irq   %soft  %steal  %guest  %gnice   %idle
02:47:23 PM    0   54.17    0.00   16.67    0.00    0.00    6.25    0.00    0.00    0.00   22.92

02:47:23 PM  CPU    %usr   %nice    %sys %iowait    %irq   %soft  %steal  %guest  %gnice   %idle
02:47:24 PM    0   52.48    0.00   17.82    0.00    0.00    6.93    0.00    0.00    0.00   22.77

02:47:24 PM  CPU    %usr   %nice    %sys %iowait    %irq   %soft  %steal  %guest  %gnice   %idle
02:47:25 PM    0   54.00    0.00   18.00    0.00    0.00    5.00    0.00    0.00    0.00   23.00

02:47:25 PM  CPU    %usr   %nice    %sys %iowait    %irq   %soft  %steal  %guest  %gnice   %idle
02:47:26 PM    0   49.48    0.00   20.62    0.00    0.00    6.19    0.00    0.00    0.00   23.71

02:47:26 PM  CPU    %usr   %nice    %sys %iowait    %irq   %soft  %steal  %guest  %gnice   %idle
02:47:27 PM    0   52.48    0.00   18.81    0.00    0.00    5.94    0.00    0.00    0.00   22.77

02:47:27 PM  CPU    %usr   %nice    %sys %iowait    %irq   %soft  %steal  %guest  %gnice   %idle
02:47:28 PM    0   49.49    0.00   23.23    0.00    0.00    4.04    0.00    0.00    0.00   23.23

02:47:28 PM  CPU    %usr   %nice    %sys %iowait    %irq   %soft  %steal  %guest  %gnice   %idle
02:47:29 PM    0   52.94    0.00   17.65    0.00    0.00    7.84    0.00    0.00    0.00   21.57

02:47:29 PM  CPU    %usr   %nice    %sys %iowait    %irq   %soft  %steal  %guest  %gnice   %idle
02:47:30 PM    0   51.00    0.00   20.00    0.00    0.00    6.00    0.00    0.00    0.00   23.00

02:47:30 PM  CPU    %usr   %nice    %sys %iowait    %irq   %soft  %steal  %guest  %gnice   %idle
02:47:31 PM    0   50.00    0.00   20.00    0.00    0.00    7.00    0.00    0.00    0.00   23.00

02:47:31 PM  CPU    %usr   %nice    %sys %iowait    %irq   %soft  %steal  %guest  %gnice   %idle
02:47:32 PM    0   49.00    0.00   23.00    0.00    0.00    5.00    0.00    0.00    0.00   23.00

02:47:32 PM  CPU    %usr   %nice    %sys %iowait    %irq   %soft  %steal  %guest  %gnice   %idle
02:47:33 PM    0   59.22    0.00   16.50    0.00    0.00    1.94    0.00    0.00    0.00   22.33

02:47:33 PM  CPU    %usr   %nice    %sys %iowait    %irq   %soft  %steal  %guest  %gnice   %idle
02:47:34 PM    0   51.04    0.00   21.88    0.00    0.00    4.17    0.00    0.00    0.00   22.92

02:47:34 PM  CPU    %usr   %nice    %sys %iowait    %irq   %soft  %steal  %guest  %gnice   %idle
02:47:35 PM    0   50.51    0.00   21.21    0.00    0.00    6.06    0.00    0.00    0.00   22.22

02:47:35 PM  CPU    %usr   %nice    %sys %iowait    %irq   %soft  %steal  %guest  %gnice   %idle
02:47:36 PM    0   49.49    0.00   20.20    0.00    0.00    7.07    0.00    0.00    0.00   23.23

02:47:36 PM  CPU    %usr   %nice    %sys %iowait    %irq   %soft  %steal  %guest  %gnice   %idle
02:47:37 PM    0   48.00    0.00   25.00    0.00    0.00    5.00    0.00    0.00    0.00   22.00

02:47:37 PM  CPU    %usr   %nice    %sys %iowait    %irq   %soft  %steal  %guest  %gnice   %idle
02:47:38 PM    0   50.50    0.00   20.79    0.00    0.00    5.94    0.00    0.00    0.00   22.77

02:47:38 PM  CPU    %usr   %nice    %sys %iowait    %irq   %soft  %steal  %guest  %gnice   %idle
02:47:39 PM    0   50.52    0.00   20.62    0.00    0.00    6.19    0.00    0.00    0.00   22.68

02:47:39 PM  CPU    %usr   %nice    %sys %iowait    %irq   %soft  %steal  %guest  %gnice   %idle
02:47:40 PM    0   53.92    0.00   19.61    0.00    0.00    4.90    0.00    0.00    0.00   21.57

02:47:40 PM  CPU    %usr   %nice    %sys %iowait    %irq   %soft  %steal  %guest  %gnice   %idle
02:47:41 PM    0   55.10    0.00   18.37    0.00    0.00    4.08    0.00    0.00    0.00   22.45

02:47:41 PM  CPU    %usr   %nice    %sys %iowait    %irq   %soft  %steal  %guest  %gnice   %idle
02:47:42 PM    0   50.51    0.00   22.22    0.00    0.00    4.04    0.00    0.00    0.00   23.23

02:47:42 PM  CPU    %usr   %nice    %sys %iowait    %irq   %soft  %steal  %guest  %gnice   %idle
02:47:43 PM    0   47.00    0.00   24.00    0.00    0.00    6.00    0.00    0.00    0.00   23.00

02:47:43 PM  CPU    %usr   %nice    %sys %iowait    %irq   %soft  %steal  %guest  %gnice   %idle
02:47:44 PM    0   50.49    0.00   20.39    0.00    0.00    6.80    0.00    0.00    0.00   22.33

02:47:44 PM  CPU    %usr   %nice    %sys %iowait    %irq   %soft  %steal  %guest  %gnice   %idle
02:47:45 PM    0   52.53    0.00   21.21    0.00    0.00    4.04    0.00    0.00    0.00   22.22

02:47:45 PM  CPU    %usr   %nice    %sys %iowait    %irq   %soft  %steal  %guest  %gnice   %idle
02:47:46 PM    0   52.58    0.00   18.56    0.00    0.00    6.19    0.00    0.00    0.00   22.68

02:47:46 PM  CPU    %usr   %nice    %sys %iowait    %irq   %soft  %steal  %guest  %gnice   %idle
02:47:47 PM    0   48.48    0.00   22.22    0.00    0.00    7.07    0.00    0.00    0.00   22.22

02:47:47 PM  CPU    %usr   %nice    %sys %iowait    %irq   %soft  %steal  %guest  %gnice   %idle
02:47:48 PM    0   57.43    0.00   15.84    0.00    0.00    4.95    0.00    0.00    0.00   21.78

02:47:48 PM  CPU    %usr   %nice    %sys %iowait    %irq   %soft  %steal  %guest  %gnice   %idle
02:47:49 PM    0   50.52    0.00   21.65    0.00    0.00    5.15    0.00    0.00    0.00   22.68

02:47:49 PM  CPU    %usr   %nice    %sys %iowait    %irq   %soft  %steal  %guest  %gnice   %idle
02:47:50 PM    0   51.96    0.00   18.63    0.00    0.00    6.86    0.00    0.00    0.00   22.55

02:47:50 PM  CPU    %usr   %nice    %sys %iowait    %irq   %soft  %steal  %guest  %gnice   %idle
02:47:51 PM    0   52.48    0.00   20.79    0.00    0.00    4.95    0.00    0.00    0.00   21.78

02:47:51 PM  CPU    %usr   %nice    %sys %iowait    %irq   %soft  %steal  %guest  %gnice   %idle
02:47:52 PM    0   48.98    0.00   21.43    0.00    0.00    7.14    0.00    0.00    0.00   22.45

02:47:52 PM  CPU    %usr   %nice    %sys %iowait    %irq   %soft  %steal  %guest  %gnice   %idle
02:47:53 PM    0   53.00    0.00   18.00    0.00    0.00    6.00    0.00    0.00    0.00   23.00

02:47:53 PM  CPU    %usr   %nice    %sys %iowait    %irq   %soft  %steal  %guest  %gnice   %idle
02:47:54 PM    0   49.48    0.00   22.68    0.00    0.00    5.15    0.00    0.00    0.00   22.68

02:47:54 PM  CPU    %usr   %nice    %sys %iowait    %irq   %soft  %steal  %guest  %gnice   %idle
02:47:55 PM    0   53.54    0.00   19.19    0.00    0.00    4.04    0.00    0.00    0.00   23.23

02:47:55 PM  CPU    %usr   %nice    %sys %iowait    %irq   %soft  %steal  %guest  %gnice   %idle
02:47:56 PM    0   52.53    0.00   20.20    0.00    0.00    5.05    0.00    0.00    0.00   22.22

02:47:56 PM  CPU    %usr   %nice    %sys %iowait    %irq   %soft  %steal  %guest  %gnice   %idle
02:47:57 PM    0   54.55    0.00   17.17    0.00    0.00    6.06    0.00    0.00    0.00   22.22

02:47:57 PM  CPU    %usr   %nice    %sys %iowait    %irq   %soft  %steal  %guest  %gnice   %idle
02:47:58 PM    0   52.53    0.00   18.18    0.00    0.00    7.07    0.00    0.00    0.00   22.22

02:47:58 PM  CPU    %usr   %nice    %sys %iowait    %irq   %soft  %steal  %guest  %gnice   %idle
02:47:59 PM    0   52.43    0.00   17.48    0.00    0.00    6.80    0.00    0.00    0.00   23.30

02:47:59 PM  CPU    %usr   %nice    %sys %iowait    %irq   %soft  %steal  %guest  %gnice   %idle
02:48:00 PM    0   48.98    0.00   22.45    0.00    0.00    5.10    0.00    0.00    0.00   23.47

02:48:00 PM  CPU    %usr   %nice    %sys %iowait    %irq   %soft  %steal  %guest  %gnice   %idle
02:48:01 PM    0   48.98    0.00   22.45    0.00    0.00    5.10    0.00    0.00    0.00   23.47

02:48:01 PM  CPU    %usr   %nice    %sys %iowait    %irq   %soft  %steal  %guest  %gnice   %idle
02:48:02 PM    0   55.56    0.00   18.18    0.00    0.00    4.04    0.00    0.00    0.00   22.22

02:48:02 PM  CPU    %usr   %nice    %sys %iowait    %irq   %soft  %steal  %guest  %gnice   %idle
02:48:03 PM    0   56.86    0.00   15.69    0.00    0.00    5.88    0.00    0.00    0.00   21.57

02:48:03 PM  CPU    %usr   %nice    %sys %iowait    %irq   %soft  %steal  %guest  %gnice   %idle
02:48:04 PM    0   51.00    0.00   22.00    0.00    0.00    5.00    0.00    0.00    0.00   22.00

02:48:04 PM  CPU    %usr   %nice    %sys %iowait    %irq   %soft  %steal  %guest  %gnice   %idle
02:48:05 PM    0   50.50    0.00   21.78    0.00    0.00    4.95    0.00    0.00    0.00   22.77

02:48:05 PM  CPU    %usr   %nice    %sys %iowait    %irq   %soft  %steal  %guest  %gnice   %idle
02:48:06 PM    0   52.48    0.00   19.80    0.00    0.00    5.94    0.00    0.00    0.00   21.78

02:48:06 PM  CPU    %usr   %nice    %sys %iowait    %irq   %soft  %steal  %guest  %gnice   %idle
02:48:07 PM    0   50.52    0.00   22.68    0.00    0.00    4.12    0.00    0.00    0.00   22.68

02:48:07 PM  CPU    %usr   %nice    %sys %iowait    %irq   %soft  %steal  %guest  %gnice   %idle
02:48:08 PM    0   55.88    0.00   17.65    0.00    0.00    3.92    0.00    0.00    0.00   22.55

02:48:08 PM  CPU    %usr   %nice    %sys %iowait    %irq   %soft  %steal  %guest  %gnice   %idle
02:48:09 PM    0   54.55    0.00   17.17    0.00    0.00    6.06    0.00    0.00    0.00   22.22

02:48:09 PM  CPU    %usr   %nice    %sys %iowait    %irq   %soft  %steal  %guest  %gnice   %idle
02:48:10 PM    0   52.00    0.00   23.00    0.00    0.00    3.00    0.00    0.00    0.00   22.00

02:48:10 PM  CPU    %usr   %nice    %sys %iowait    %irq   %soft  %steal  %guest  %gnice   %idle
02:48:11 PM    0   50.51    0.00   21.21    0.00    0.00    6.06    0.00    0.00    0.00   22.22

02:48:11 PM  CPU    %usr   %nice    %sys %iowait    %irq   %soft  %steal  %guest  %gnice   %idle
02:48:12 PM    0   50.50    0.00   23.76    0.00    0.00    2.97    0.00    0.00    0.00   22.77

02:48:12 PM  CPU    %usr   %nice    %sys %iowait    %irq   %soft  %steal  %guest  %gnice   %idle
02:48:13 PM    0   51.92    0.00   21.15    0.00    0.00    5.77    0.00    0.00    0.00   21.15

02:48:13 PM  CPU    %usr   %nice    %sys %iowait    %irq   %soft  %steal  %guest  %gnice   %idle
02:48:14 PM    0   50.00    0.00   20.83    0.00    0.00    6.25    0.00    0.00    0.00   22.92

02:48:14 PM  CPU    %usr   %nice    %sys %iowait    %irq   %soft  %steal  %guest  %gnice   %idle
02:48:15 PM    0   53.47    0.00   16.83    0.00    0.00    6.93    0.00    0.00    0.00   22.77

02:48:15 PM  CPU    %usr   %nice    %sys %iowait    %irq   %soft  %steal  %guest  %gnice   %idle
02:48:16 PM    0   53.06    0.00   19.39    0.00    0.00    4.08    0.00    0.00    0.00   23.47

02:48:16 PM  CPU    %usr   %nice    %sys %iowait    %irq   %soft  %steal  %guest  %gnice   %idle
02:48:17 PM    0   55.45    0.00   18.81    0.00    0.00    4.95    0.00    0.00    0.00   20.79

02:48:17 PM  CPU    %usr   %nice    %sys %iowait    %irq   %soft  %steal  %guest  %gnice   %idle
02:48:18 PM    0   50.00    0.00   25.00    0.00    0.00    4.00    0.00    0.00    0.00   21.00

02:48:18 PM  CPU    %usr   %nice    %sys %iowait    %irq   %soft  %steal  %guest  %gnice   %idle
02:48:19 PM    0   51.52    0.00   20.20    0.00    0.00    5.05    0.00    0.00    0.00   23.23

02:48:19 PM  CPU    %usr   %nice    %sys %iowait    %irq   %soft  %steal  %guest  %gnice   %idle
02:48:20 PM    0   53.06    0.00   20.41    0.00    0.00    5.10    0.00    0.00    0.00   21.43

02:48:20 PM  CPU    %usr   %nice    %sys %iowait    %irq   %soft  %steal  %guest  %gnice   %idle
02:48:21 PM    0   50.51    0.00   21.21    0.00    0.00    5.05    0.00    0.00    0.00   23.23

02:48:21 PM  CPU    %usr   %nice    %sys %iowait    %irq   %soft  %steal  %guest  %gnice   %idle
02:48:22 PM    0   51.00    0.00   22.00    0.00    0.00    5.00    0.00    0.00    0.00   22.00

02:48:22 PM  CPU    %usr   %nice    %sys %iowait    %irq   %soft  %steal  %guest  %gnice   %idle
02:48:23 PM    0   49.49    0.00   23.23    0.00    0.00    5.05    0.00    0.00    0.00   22.22

02:48:23 PM  CPU    %usr   %nice    %sys %iowait    %irq   %soft  %steal  %guest  %gnice   %idle
02:48:24 PM    0   56.00    0.00   17.00    0.00    0.00    5.00    0.00    0.00    0.00   22.00

02:48:24 PM  CPU    %usr   %nice    %sys %iowait    %irq   %soft  %steal  %guest  %gnice   %idle
02:48:25 PM    0   54.00    0.00   18.00    0.00    0.00    6.00    0.00    0.00    0.00   22.00

02:48:25 PM  CPU    %usr   %nice    %sys %iowait    %irq   %soft  %steal  %guest  %gnice   %idle
02:48:26 PM    0   54.46    0.00   16.83    0.00    0.00    6.93    0.00    0.00    0.00   21.78

02:48:26 PM  CPU    %usr   %nice    %sys %iowait    %irq   %soft  %steal  %guest  %gnice   %idle
02:48:27 PM    0   53.06    0.00   20.41    0.00    0.00    3.06    0.00    0.00    0.00   23.47

02:48:27 PM  CPU    %usr   %nice    %sys %iowait    %irq   %soft  %steal  %guest  %gnice   %idle
02:48:28 PM    0   55.56    0.00   18.18    0.00    0.00    4.04    0.00    0.00    0.00   22.22

02:48:28 PM  CPU    %usr   %nice    %sys %iowait    %irq   %soft  %steal  %guest  %gnice   %idle
02:48:29 PM    0   52.00    0.00   21.00    0.00    0.00    4.00    0.00    0.00    0.00   23.00

02:48:29 PM  CPU    %usr   %nice    %sys %iowait    %irq   %soft  %steal  %guest  %gnice   %idle
02:48:30 PM    0   53.54    0.00   19.19    0.00    0.00    6.06    0.00    0.00    0.00   21.21

02:48:30 PM  CPU    %usr   %nice    %sys %iowait    %irq   %soft  %steal  %guest  %gnice   %idle
02:48:31 PM    0   49.49    0.00   22.22    0.00    0.00    6.06    0.00    0.00    0.00   22.22

02:48:31 PM  CPU    %usr   %nice    %sys %iowait    %irq   %soft  %steal  %guest  %gnice   %idle
02:48:32 PM    0   52.48    0.00   19.80    0.00    0.00    5.94    0.00    0.00    0.00   21.78

02:48:32 PM  CPU    %usr   %nice    %sys %iowait    %irq   %soft  %steal  %guest  %gnice   %idle
02:48:33 PM    0   46.00    0.00   23.00    0.00    0.00    8.00    0.00    0.00    0.00   23.00

02:48:33 PM  CPU    %usr   %nice    %sys %iowait    %irq   %soft  %steal  %guest  %gnice   %idle
02:48:34 PM    0   55.10    0.00   20.41    0.00    0.00    2.04    0.00    0.00    0.00   22.45

02:48:34 PM  CPU    %usr   %nice    %sys %iowait    %irq   %soft  %steal  %guest  %gnice   %idle
02:48:35 PM    0   52.53    0.00   20.20    0.00    0.00    5.05    0.00    0.00    0.00   22.22

02:48:35 PM  CPU    %usr   %nice    %sys %iowait    %irq   %soft  %steal  %guest  %gnice   %idle
02:48:36 PM    0   46.46    0.00   28.28    0.00    0.00    3.03    0.00    0.00    0.00   22.22

02:48:36 PM  CPU    %usr   %nice    %sys %iowait    %irq   %soft  %steal  %guest  %gnice   %idle
02:48:37 PM    0   51.52    0.00   21.21    0.00    0.00    4.04    0.00    0.00    0.00   23.23

02:48:37 PM  CPU    %usr   %nice    %sys %iowait    %irq   %soft  %steal  %guest  %gnice   %idle
02:48:38 PM    0   53.00    0.00   20.00    0.00    0.00    5.00    0.00    0.00    0.00   22.00

02:48:38 PM  CPU    %usr   %nice    %sys %iowait    %irq   %soft  %steal  %guest  %gnice   %idle
02:48:39 PM    0   49.49    0.00   24.24    0.00    0.00    4.04    0.00    0.00    0.00   22.22

02:48:39 PM  CPU    %usr   %nice    %sys %iowait    %irq   %soft  %steal  %guest  %gnice   %idle
02:48:40 PM    0   52.58    0.00   18.56    0.00    0.00    6.19    0.00    0.00    0.00   22.68

02:48:40 PM  CPU    %usr   %nice    %sys %iowait    %irq   %soft  %steal  %guest  %gnice   %idle
02:48:41 PM    0   51.49    0.00   20.79    0.00    0.00    4.95    0.00    0.00    0.00   22.77

02:48:41 PM  CPU    %usr   %nice    %sys %iowait    %irq   %soft  %steal  %guest  %gnice   %idle
02:48:42 PM    0   46.46    0.00   26.26    0.00    0.00    5.05    0.00    0.00    0.00   22.22

02:48:42 PM  CPU    %usr   %nice    %sys %iowait    %irq   %soft  %steal  %guest  %gnice   %idle
02:48:43 PM    0   50.50    0.00   22.77    0.00    0.00    4.95    0.00    0.00    0.00   21.78

02:48:43 PM  CPU    %usr   %nice    %sys %iowait    %irq   %soft  %steal  %guest  %gnice   %idle
02:48:44 PM    0   52.00    0.00   19.00    0.00    0.00    7.00    0.00    0.00    0.00   22.00

02:48:44 PM  CPU    %usr   %nice    %sys %iowait    %irq   %soft  %steal  %guest  %gnice   %idle
02:48:45 PM    0   54.46    0.00   17.82    0.00    0.00    5.94    0.00    0.00    0.00   21.78

02:48:45 PM  CPU    %usr   %nice    %sys %iowait    %irq   %soft  %steal  %guest  %gnice   %idle
02:48:46 PM    0   52.48    0.00   19.80    0.00    0.00    4.95    0.00    0.00    0.00   22.77

02:48:46 PM  CPU    %usr   %nice    %sys %iowait    %irq   %soft  %steal  %guest  %gnice   %idle
02:48:47 PM    0   52.00    0.00   24.00    0.00    0.00    2.00    0.00    0.00    0.00   22.00

02:48:47 PM  CPU    %usr   %nice    %sys %iowait    %irq   %soft  %steal  %guest  %gnice   %idle
02:48:48 PM    0   52.48    0.00   21.78    0.00    0.00    3.96    0.00    0.00    0.00   21.78

02:48:48 PM  CPU    %usr   %nice    %sys %iowait    %irq   %soft  %steal  %guest  %gnice   %idle
02:48:49 PM    0   53.06    0.00   19.39    0.00    0.00    4.08    0.00    0.00    0.00   23.47

02:48:49 PM  CPU    %usr   %nice    %sys %iowait    %irq   %soft  %steal  %guest  %gnice   %idle
02:48:50 PM    0   51.52    0.00   19.19    0.00    0.00    6.06    0.00    0.00    0.00   23.23

02:48:50 PM  CPU    %usr   %nice    %sys %iowait    %irq   %soft  %steal  %guest  %gnice   %idle
02:48:51 PM    0   47.47    0.00   23.23    0.00    0.00    6.06    0.00    0.00    0.00   23.23

02:48:51 PM  CPU    %usr   %nice    %sys %iowait    %irq   %soft  %steal  %guest  %gnice   %idle
02:48:52 PM    0   47.96    0.00   23.47    0.00    0.00    6.12    0.00    0.00    0.00   22.45

02:48:52 PM  CPU    %usr   %nice    %sys %iowait    %irq   %soft  %steal  %guest  %gnice   %idle
02:48:53 PM    0   54.46    0.00   18.81    0.00    0.00    3.96    0.00    0.00    0.00   22.77

02:48:53 PM  CPU    %usr   %nice    %sys %iowait    %irq   %soft  %steal  %guest  %gnice   %idle
02:48:54 PM    0   53.61    0.00   20.62    0.00    0.00    3.09    0.00    0.00    0.00   22.68

02:48:54 PM  CPU    %usr   %nice    %sys %iowait    %irq   %soft  %steal  %guest  %gnice   %idle
02:48:55 PM    0   52.48    0.00   20.79    0.00    0.00    3.96    0.00    0.00    0.00   22.77

02:48:55 PM  CPU    %usr   %nice    %sys %iowait    %irq   %soft  %steal  %guest  %gnice   %idle
02:48:56 PM    0   53.40    0.00   18.45    0.00    0.00    6.80    0.00    0.00    0.00   21.36

02:48:56 PM  CPU    %usr   %nice    %sys %iowait    %irq   %soft  %steal  %guest  %gnice   %idle
02:48:57 PM    0   53.00    0.00   21.00    0.00    0.00    5.00    0.00    0.00    0.00   21.00

02:48:57 PM  CPU    %usr   %nice    %sys %iowait    %irq   %soft  %steal  %guest  %gnice   %idle
02:48:58 PM    0   49.04    0.00   24.04    0.00    0.00    4.81    0.00    0.00    0.00   22.12

Average:     CPU    %usr   %nice    %sys %iowait    %irq   %soft  %steal  %guest  %gnice   %idle
Average:       0   51.79    0.00   20.49    0.00    0.00    5.23    0.00    0.00    0.00   22.50
