Linux 5.3.0-61-generic (cw-zenbook) 	07/16/2020 	_x86_64_	(8 CPU)

11:17:32 AM  CPU    %usr   %nice    %sys %iowait    %irq   %soft  %steal  %guest  %gnice   %idle
11:17:33 AM    0   13.13    0.00    3.03    0.00    0.00    2.02    0.00    0.00    0.00   81.82

11:17:33 AM  CPU    %usr   %nice    %sys %iowait    %irq   %soft  %steal  %guest  %gnice   %idle
11:17:34 AM    0   11.11    0.00    5.05    0.00    0.00    2.02    0.00    0.00    0.00   81.82

11:17:34 AM  CPU    %usr   %nice    %sys %iowait    %irq   %soft  %steal  %guest  %gnice   %idle
11:17:35 AM    0   17.00    0.00    1.00    0.00    0.00    1.00    0.00    0.00    0.00   81.00

11:17:35 AM  CPU    %usr   %nice    %sys %iowait    %irq   %soft  %steal  %guest  %gnice   %idle
11:17:36 AM    0   11.00    0.00    4.00    0.00    0.00    4.00    0.00    0.00    0.00   81.00

11:17:36 AM  CPU    %usr   %nice    %sys %iowait    %irq   %soft  %steal  %guest  %gnice   %idle
11:17:37 AM    0   13.13    0.00    2.02    0.00    0.00    3.03    0.00    0.00    0.00   81.82

11:17:37 AM  CPU    %usr   %nice    %sys %iowait    %irq   %soft  %steal  %guest  %gnice   %idle
11:17:38 AM    0   11.11    0.00    5.05    0.00    0.00    2.02    0.00    0.00    0.00   81.82

11:17:38 AM  CPU    %usr   %nice    %sys %iowait    %irq   %soft  %steal  %guest  %gnice   %idle
11:17:39 AM    0   10.00    0.00    6.00    0.00    0.00    3.00    0.00    0.00    0.00   81.00

11:17:39 AM  CPU    %usr   %nice    %sys %iowait    %irq   %soft  %steal  %guest  %gnice   %idle
11:17:40 AM    0   13.00    0.00    4.00    0.00    0.00    2.00    0.00    0.00    0.00   81.00

11:17:40 AM  CPU    %usr   %nice    %sys %iowait    %irq   %soft  %steal  %guest  %gnice   %idle
11:17:41 AM    0   11.88    0.00    4.95    0.00    0.00    2.97    0.00    0.00    0.00   80.20

11:17:41 AM  CPU    %usr   %nice    %sys %iowait    %irq   %soft  %steal  %guest  %gnice   %idle
11:17:42 AM    0   12.12    0.00    4.04    0.00    0.00    2.02    0.00    0.00    0.00   81.82

11:17:42 AM  CPU    %usr   %nice    %sys %iowait    %irq   %soft  %steal  %guest  %gnice   %idle
11:17:43 AM    0   14.14    0.00    2.02    0.00    0.00    2.02    0.00    0.00    0.00   81.82

11:17:43 AM  CPU    %usr   %nice    %sys %iowait    %irq   %soft  %steal  %guest  %gnice   %idle
11:17:44 AM    0   12.75    0.00    5.88    0.00    0.00    1.96    0.00    0.00    0.00   79.41

11:17:44 AM  CPU    %usr   %nice    %sys %iowait    %irq   %soft  %steal  %guest  %gnice   %idle
11:17:45 AM    0   11.34    0.00    4.12    0.00    0.00    1.03    0.00    0.00    0.00   83.51

11:17:45 AM  CPU    %usr   %nice    %sys %iowait    %irq   %soft  %steal  %guest  %gnice   %idle
11:17:46 AM    0   13.73    0.00    4.90    0.00    0.00    1.96    0.00    0.00    0.00   79.41

11:17:46 AM  CPU    %usr   %nice    %sys %iowait    %irq   %soft  %steal  %guest  %gnice   %idle
11:17:47 AM    0   12.12    0.00    5.05    0.00    0.00    1.01    0.00    0.00    0.00   81.82

11:17:47 AM  CPU    %usr   %nice    %sys %iowait    %irq   %soft  %steal  %guest  %gnice   %idle
11:17:48 AM    0   12.00    0.00    4.00    0.00    0.00    3.00    0.00    0.00    0.00   81.00

11:17:48 AM  CPU    %usr   %nice    %sys %iowait    %irq   %soft  %steal  %guest  %gnice   %idle
11:17:49 AM    0    9.90    0.00    8.91    0.00    0.00    0.99    0.00    0.00    0.00   80.20

11:17:49 AM  CPU    %usr   %nice    %sys %iowait    %irq   %soft  %steal  %guest  %gnice   %idle
11:17:50 AM    0   13.00    0.00    4.00    0.00    0.00    2.00    0.00    0.00    0.00   81.00

11:17:50 AM  CPU    %usr   %nice    %sys %iowait    %irq   %soft  %steal  %guest  %gnice   %idle
11:17:51 AM    0   16.00    0.00    3.00    0.00    0.00    0.00    0.00    0.00    0.00   81.00

11:17:51 AM  CPU    %usr   %nice    %sys %iowait    %irq   %soft  %steal  %guest  %gnice   %idle
11:17:52 AM    0   11.76    0.00    6.86    0.00    0.00    1.96    0.00    0.00    0.00   79.41

11:17:52 AM  CPU    %usr   %nice    %sys %iowait    %irq   %soft  %steal  %guest  %gnice   %idle
11:17:53 AM    0   13.27    0.00    3.06    0.00    0.00    1.02    0.00    0.00    0.00   82.65

11:17:53 AM  CPU    %usr   %nice    %sys %iowait    %irq   %soft  %steal  %guest  %gnice   %idle
11:17:54 AM    0   11.11    0.00    6.06    0.00    0.00    1.01    0.00    0.00    0.00   81.82

11:17:54 AM  CPU    %usr   %nice    %sys %iowait    %irq   %soft  %steal  %guest  %gnice   %idle
11:17:55 AM    0   12.87    0.00    3.96    0.00    0.00    2.97    0.00    0.00    0.00   80.20

11:17:55 AM  CPU    %usr   %nice    %sys %iowait    %irq   %soft  %steal  %guest  %gnice   %idle
11:17:56 AM    0   12.87    0.00    4.95    0.00    0.00    1.98    0.00    0.00    0.00   80.20

11:17:56 AM  CPU    %usr   %nice    %sys %iowait    %irq   %soft  %steal  %guest  %gnice   %idle
11:17:57 AM    0   13.27    0.00    4.08    0.00    0.00    0.00    0.00    0.00    0.00   82.65

11:17:57 AM  CPU    %usr   %nice    %sys %iowait    %irq   %soft  %steal  %guest  %gnice   %idle
11:17:58 AM    0   12.12    0.00    5.05    0.00    0.00    1.01    0.00    0.00    0.00   81.82

11:17:58 AM  CPU    %usr   %nice    %sys %iowait    %irq   %soft  %steal  %guest  %gnice   %idle
11:17:59 AM    0   10.10    0.00    5.05    0.00    0.00    3.03    0.00    0.00    0.00   81.82

11:17:59 AM  CPU    %usr   %nice    %sys %iowait    %irq   %soft  %steal  %guest  %gnice   %idle
11:18:00 AM    0   11.11    0.00    5.05    0.00    0.00    2.02    0.00    0.00    0.00   81.82

11:18:00 AM  CPU    %usr   %nice    %sys %iowait    %irq   %soft  %steal  %guest  %gnice   %idle
11:18:01 AM    0   10.10    0.00    7.07    0.00    0.00    1.01    0.00    0.00    0.00   81.82

11:18:01 AM  CPU    %usr   %nice    %sys %iowait    %irq   %soft  %steal  %guest  %gnice   %idle
11:18:02 AM    0    8.25    0.00    6.19    0.00    0.00    3.09    0.00    0.00    0.00   82.47

11:18:02 AM  CPU    %usr   %nice    %sys %iowait    %irq   %soft  %steal  %guest  %gnice   %idle
11:18:03 AM    0   12.87    0.00    3.96    0.00    0.00    2.97    0.00    0.00    0.00   80.20

11:18:03 AM  CPU    %usr   %nice    %sys %iowait    %irq   %soft  %steal  %guest  %gnice   %idle
11:18:04 AM    0   10.20    0.00    5.10    0.00    0.00    2.04    0.00    0.00    0.00   82.65

11:18:04 AM  CPU    %usr   %nice    %sys %iowait    %irq   %soft  %steal  %guest  %gnice   %idle
11:18:05 AM    0    9.90    0.00    7.92    0.00    0.00    2.97    0.00    0.00    0.00   79.21

11:18:05 AM  CPU    %usr   %nice    %sys %iowait    %irq   %soft  %steal  %guest  %gnice   %idle
11:18:06 AM    0   12.37    0.00    2.06    0.00    0.00    2.06    0.00    0.00    0.00   83.51

11:18:06 AM  CPU    %usr   %nice    %sys %iowait    %irq   %soft  %steal  %guest  %gnice   %idle
11:18:07 AM    0   12.12    0.00    5.05    0.00    0.00    1.01    0.00    0.00    0.00   81.82

11:18:07 AM  CPU    %usr   %nice    %sys %iowait    %irq   %soft  %steal  %guest  %gnice   %idle
11:18:08 AM    0   11.22    0.00    3.06    0.00    0.00    3.06    0.00    0.00    0.00   82.65

11:18:08 AM  CPU    %usr   %nice    %sys %iowait    %irq   %soft  %steal  %guest  %gnice   %idle
11:18:09 AM    0   13.73    0.00    2.94    0.00    0.00    3.92    0.00    0.00    0.00   79.41

11:18:09 AM  CPU    %usr   %nice    %sys %iowait    %irq   %soft  %steal  %guest  %gnice   %idle
11:18:10 AM    0   10.42    0.00    4.17    0.00    0.00    1.04    0.00    0.00    0.00   84.38

11:18:10 AM  CPU    %usr   %nice    %sys %iowait    %irq   %soft  %steal  %guest  %gnice   %idle
11:18:11 AM    0   12.75    0.00    4.90    0.00    0.00    2.94    0.00    0.00    0.00   79.41

11:18:11 AM  CPU    %usr   %nice    %sys %iowait    %irq   %soft  %steal  %guest  %gnice   %idle
11:18:12 AM    0   11.00    0.00    6.00    0.00    0.00    2.00    0.00    0.00    0.00   81.00

11:18:12 AM  CPU    %usr   %nice    %sys %iowait    %irq   %soft  %steal  %guest  %gnice   %idle
11:18:13 AM    0   12.24    0.00    3.06    0.00    0.00    2.04    0.00    0.00    0.00   82.65

11:18:13 AM  CPU    %usr   %nice    %sys %iowait    %irq   %soft  %steal  %guest  %gnice   %idle
11:18:14 AM    0   11.11    0.00    5.05    0.00    0.00    2.02    0.00    0.00    0.00   81.82

11:18:14 AM  CPU    %usr   %nice    %sys %iowait    %irq   %soft  %steal  %guest  %gnice   %idle
11:18:15 AM    0   13.00    0.00    5.00    0.00    0.00    1.00    0.00    0.00    0.00   81.00

11:18:15 AM  CPU    %usr   %nice    %sys %iowait    %irq   %soft  %steal  %guest  %gnice   %idle
11:18:16 AM    0   10.10    0.00    5.05    0.00    0.00    3.03    0.00    0.00    0.00   81.82

11:18:16 AM  CPU    %usr   %nice    %sys %iowait    %irq   %soft  %steal  %guest  %gnice   %idle
11:18:17 AM    0   12.12    0.00    5.05    0.00    0.00    1.01    0.00    0.00    0.00   81.82

11:18:17 AM  CPU    %usr   %nice    %sys %iowait    %irq   %soft  %steal  %guest  %gnice   %idle
11:18:18 AM    0   14.00    0.00    4.00    0.00    0.00    1.00    0.00    0.00    0.00   81.00

11:18:18 AM  CPU    %usr   %nice    %sys %iowait    %irq   %soft  %steal  %guest  %gnice   %idle
11:18:19 AM    0   11.11    0.00    5.05    0.00    0.00    2.02    0.00    0.00    0.00   81.82

11:18:19 AM  CPU    %usr   %nice    %sys %iowait    %irq   %soft  %steal  %guest  %gnice   %idle
11:18:20 AM    0   12.00    0.00    4.00    0.00    0.00    3.00    0.00    0.00    0.00   81.00

11:18:20 AM  CPU    %usr   %nice    %sys %iowait    %irq   %soft  %steal  %guest  %gnice   %idle
11:18:21 AM    0   12.87    0.00    3.96    0.00    0.00    2.97    0.00    0.00    0.00   80.20

11:18:21 AM  CPU    %usr   %nice    %sys %iowait    %irq   %soft  %steal  %guest  %gnice   %idle
11:18:22 AM    0   12.12    0.00    4.04    0.00    0.00    2.02    0.00    0.00    0.00   81.82

11:18:22 AM  CPU    %usr   %nice    %sys %iowait    %irq   %soft  %steal  %guest  %gnice   %idle
11:18:23 AM    0   11.88    0.00    4.95    0.00    0.00    2.97    0.00    0.00    0.00   80.20

11:18:23 AM  CPU    %usr   %nice    %sys %iowait    %irq   %soft  %steal  %guest  %gnice   %idle
11:18:24 AM    0   15.69    0.00    3.92    0.00    0.00    0.98    0.00    0.00    0.00   79.41

11:18:24 AM  CPU    %usr   %nice    %sys %iowait    %irq   %soft  %steal  %guest  %gnice   %idle
11:18:25 AM    0    9.09    0.00    6.06    0.00    0.00    3.03    0.00    0.00    0.00   81.82

11:18:25 AM  CPU    %usr   %nice    %sys %iowait    %irq   %soft  %steal  %guest  %gnice   %idle
11:18:26 AM    0   13.00    0.00    3.00    0.00    0.00    3.00    0.00    0.00    0.00   81.00

11:18:26 AM  CPU    %usr   %nice    %sys %iowait    %irq   %soft  %steal  %guest  %gnice   %idle
11:18:27 AM    0   11.88    0.00    5.94    0.00    0.00    1.98    0.00    0.00    0.00   80.20

11:18:27 AM  CPU    %usr   %nice    %sys %iowait    %irq   %soft  %steal  %guest  %gnice   %idle
11:18:28 AM    0   10.10    0.00    5.05    0.00    0.00    3.03    0.00    0.00    0.00   81.82

11:18:28 AM  CPU    %usr   %nice    %sys %iowait    %irq   %soft  %steal  %guest  %gnice   %idle
11:18:29 AM    0   10.78    0.00    6.86    0.00    0.00    3.92    0.00    0.00    0.00   78.43

11:18:29 AM  CPU    %usr   %nice    %sys %iowait    %irq   %soft  %steal  %guest  %gnice   %idle
11:18:30 AM    0   11.46    0.00    3.12    0.00    0.00    1.04    0.00    0.00    0.00   84.38

11:18:30 AM  CPU    %usr   %nice    %sys %iowait    %irq   %soft  %steal  %guest  %gnice   %idle
11:18:31 AM    0   12.87    0.00    4.95    0.00    0.00    1.98    0.00    0.00    0.00   80.20

11:18:31 AM  CPU    %usr   %nice    %sys %iowait    %irq   %soft  %steal  %guest  %gnice   %idle
11:18:32 AM    0   13.00    0.00    4.00    0.00    0.00    2.00    0.00    0.00    0.00   81.00

11:18:32 AM  CPU    %usr   %nice    %sys %iowait    %irq   %soft  %steal  %guest  %gnice   %idle
11:18:33 AM    0   11.00    0.00    7.00    0.00    0.00    1.00    0.00    0.00    0.00   81.00

11:18:33 AM  CPU    %usr   %nice    %sys %iowait    %irq   %soft  %steal  %guest  %gnice   %idle
11:18:34 AM    0   11.34    0.00    4.12    0.00    0.00    1.03    0.00    0.00    0.00   83.51

11:18:34 AM  CPU    %usr   %nice    %sys %iowait    %irq   %soft  %steal  %guest  %gnice   %idle
11:18:35 AM    0   13.00    0.00    4.00    0.00    0.00    2.00    0.00    0.00    0.00   81.00

11:18:35 AM  CPU    %usr   %nice    %sys %iowait    %irq   %soft  %steal  %guest  %gnice   %idle
11:18:36 AM    0   13.86    0.00    3.96    0.00    0.00    1.98    0.00    0.00    0.00   80.20

11:18:36 AM  CPU    %usr   %nice    %sys %iowait    %irq   %soft  %steal  %guest  %gnice   %idle
11:18:37 AM    0   10.31    0.00    5.15    0.00    0.00    1.03    0.00    0.00    0.00   83.51

11:18:37 AM  CPU    %usr   %nice    %sys %iowait    %irq   %soft  %steal  %guest  %gnice   %idle
11:18:38 AM    0   13.00    0.00    5.00    0.00    0.00    1.00    0.00    0.00    0.00   81.00

11:18:38 AM  CPU    %usr   %nice    %sys %iowait    %irq   %soft  %steal  %guest  %gnice   %idle
11:18:39 AM    0   13.73    0.00    4.90    0.00    0.00    1.96    0.00    0.00    0.00   79.41

11:18:39 AM  CPU    %usr   %nice    %sys %iowait    %irq   %soft  %steal  %guest  %gnice   %idle
11:18:40 AM    0   11.22    0.00    4.08    0.00    0.00    2.04    0.00    0.00    0.00   82.65

11:18:40 AM  CPU    %usr   %nice    %sys %iowait    %irq   %soft  %steal  %guest  %gnice   %idle
11:18:41 AM    0   12.87    0.00    5.94    0.00    0.00    0.99    0.00    0.00    0.00   80.20

11:18:41 AM  CPU    %usr   %nice    %sys %iowait    %irq   %soft  %steal  %guest  %gnice   %idle
11:18:42 AM    0   11.00    0.00    7.00    0.00    0.00    1.00    0.00    0.00    0.00   81.00

11:18:42 AM  CPU    %usr   %nice    %sys %iowait    %irq   %soft  %steal  %guest  %gnice   %idle
11:18:43 AM    0   12.12    0.00    5.05    0.00    0.00    1.01    0.00    0.00    0.00   81.82

11:18:43 AM  CPU    %usr   %nice    %sys %iowait    %irq   %soft  %steal  %guest  %gnice   %idle
11:18:44 AM    0   11.11    0.00    5.05    0.00    0.00    2.02    0.00    0.00    0.00   81.82

11:18:44 AM  CPU    %usr   %nice    %sys %iowait    %irq   %soft  %steal  %guest  %gnice   %idle
11:18:45 AM    0   13.13    0.00    4.04    0.00    0.00    1.01    0.00    0.00    0.00   81.82

11:18:45 AM  CPU    %usr   %nice    %sys %iowait    %irq   %soft  %steal  %guest  %gnice   %idle
11:18:46 AM    0   14.00    0.00    3.00    0.00    0.00    2.00    0.00    0.00    0.00   81.00

11:18:46 AM  CPU    %usr   %nice    %sys %iowait    %irq   %soft  %steal  %guest  %gnice   %idle
11:18:47 AM    0   10.20    0.00    6.12    0.00    0.00    1.02    0.00    0.00    0.00   82.65

11:18:47 AM  CPU    %usr   %nice    %sys %iowait    %irq   %soft  %steal  %guest  %gnice   %idle
11:18:48 AM    0   12.00    0.00    5.00    0.00    0.00    2.00    0.00    0.00    0.00   81.00

11:18:48 AM  CPU    %usr   %nice    %sys %iowait    %irq   %soft  %steal  %guest  %gnice   %idle
11:18:49 AM    0   11.22    0.00    5.10    0.00    0.00    1.02    0.00    0.00    0.00   82.65

11:18:49 AM  CPU    %usr   %nice    %sys %iowait    %irq   %soft  %steal  %guest  %gnice   %idle
11:18:50 AM    0   12.24    0.00    4.08    0.00    0.00    1.02    0.00    0.00    0.00   82.65

11:18:50 AM  CPU    %usr   %nice    %sys %iowait    %irq   %soft  %steal  %guest  %gnice   %idle
11:18:51 AM    0   11.00    0.00    7.00    0.00    0.00    1.00    0.00    0.00    0.00   81.00

11:18:51 AM  CPU    %usr   %nice    %sys %iowait    %irq   %soft  %steal  %guest  %gnice   %idle
11:18:52 AM    0   12.00    0.00    6.00    0.00    0.00    1.00    0.00    0.00    0.00   81.00

11:18:52 AM  CPU    %usr   %nice    %sys %iowait    %irq   %soft  %steal  %guest  %gnice   %idle
11:18:53 AM    0    9.90    0.00    6.93    0.00    0.00    2.97    0.00    0.00    0.00   80.20

11:18:53 AM  CPU    %usr   %nice    %sys %iowait    %irq   %soft  %steal  %guest  %gnice   %idle
11:18:54 AM    0   14.00    0.00    2.00    0.00    0.00    3.00    0.00    0.00    0.00   81.00

11:18:54 AM  CPU    %usr   %nice    %sys %iowait    %irq   %soft  %steal  %guest  %gnice   %idle
11:18:55 AM    0   11.88    0.00    5.94    0.00    0.00    1.98    0.00    0.00    0.00   80.20

11:18:55 AM  CPU    %usr   %nice    %sys %iowait    %irq   %soft  %steal  %guest  %gnice   %idle
11:18:56 AM    0   11.88    0.00    4.95    0.00    0.00    2.97    0.00    0.00    0.00   80.20

11:18:56 AM  CPU    %usr   %nice    %sys %iowait    %irq   %soft  %steal  %guest  %gnice   %idle
11:18:57 AM    0   11.11    0.00    5.05    0.00    0.00    2.02    0.00    0.00    0.00   81.82

11:18:57 AM  CPU    %usr   %nice    %sys %iowait    %irq   %soft  %steal  %guest  %gnice   %idle
11:18:58 AM    0   10.00    0.00    7.00    0.00    0.00    2.00    0.00    0.00    0.00   81.00

11:18:58 AM  CPU    %usr   %nice    %sys %iowait    %irq   %soft  %steal  %guest  %gnice   %idle
11:18:59 AM    0   13.00    0.00    3.00    0.00    0.00    3.00    0.00    0.00    0.00   81.00

11:18:59 AM  CPU    %usr   %nice    %sys %iowait    %irq   %soft  %steal  %guest  %gnice   %idle
11:19:00 AM    0   12.00    0.00    6.00    0.00    0.00    1.00    0.00    0.00    0.00   81.00

11:19:00 AM  CPU    %usr   %nice    %sys %iowait    %irq   %soft  %steal  %guest  %gnice   %idle
11:19:01 AM    0   12.24    0.00    4.08    0.00    0.00    2.04    0.00    0.00    0.00   81.63

11:19:01 AM  CPU    %usr   %nice    %sys %iowait    %irq   %soft  %steal  %guest  %gnice   %idle
11:19:02 AM    0   10.10    0.00    5.05    0.00    0.00    3.03    0.00    0.00    0.00   81.82

11:19:02 AM  CPU    %usr   %nice    %sys %iowait    %irq   %soft  %steal  %guest  %gnice   %idle
11:19:03 AM    0   15.53    0.00    2.91    0.00    0.00    2.91    0.00    0.00    0.00   78.64

11:19:03 AM  CPU    %usr   %nice    %sys %iowait    %irq   %soft  %steal  %guest  %gnice   %idle
11:19:04 AM    0   10.10    0.00    6.06    0.00    0.00    2.02    0.00    0.00    0.00   81.82

11:19:04 AM  CPU    %usr   %nice    %sys %iowait    %irq   %soft  %steal  %guest  %gnice   %idle
11:19:05 AM    0   14.14    0.00    4.04    0.00    0.00    0.00    0.00    0.00    0.00   81.82

11:19:05 AM  CPU    %usr   %nice    %sys %iowait    %irq   %soft  %steal  %guest  %gnice   %idle
11:19:06 AM    0   13.00    0.00    4.00    0.00    0.00    2.00    0.00    0.00    0.00   81.00

11:19:06 AM  CPU    %usr   %nice    %sys %iowait    %irq   %soft  %steal  %guest  %gnice   %idle
11:19:07 AM    0    9.90    0.00    6.93    0.00    0.00    2.97    0.00    0.00    0.00   80.20

11:19:07 AM  CPU    %usr   %nice    %sys %iowait    %irq   %soft  %steal  %guest  %gnice   %idle
11:19:08 AM    0   13.27    0.00    5.10    0.00    0.00    0.00    0.00    0.00    0.00   81.63

11:19:08 AM  CPU    %usr   %nice    %sys %iowait    %irq   %soft  %steal  %guest  %gnice   %idle
11:19:09 AM    0   11.00    0.00    6.00    0.00    0.00    2.00    0.00    0.00    0.00   81.00

11:19:09 AM  CPU    %usr   %nice    %sys %iowait    %irq   %soft  %steal  %guest  %gnice   %idle
11:19:10 AM    0   14.14    0.00    3.03    0.00    0.00    1.01    0.00    0.00    0.00   81.82

11:19:10 AM  CPU    %usr   %nice    %sys %iowait    %irq   %soft  %steal  %guest  %gnice   %idle
11:19:11 AM    0   12.75    0.00    4.90    0.00    0.00    3.92    0.00    0.00    0.00   78.43

11:19:11 AM  CPU    %usr   %nice    %sys %iowait    %irq   %soft  %steal  %guest  %gnice   %idle
11:19:12 AM    0   10.20    0.00    5.10    0.00    0.00    2.04    0.00    0.00    0.00   82.65

11:19:12 AM  CPU    %usr   %nice    %sys %iowait    %irq   %soft  %steal  %guest  %gnice   %idle
11:19:13 AM    0   11.00    0.00    4.00    0.00    0.00    4.00    0.00    0.00    0.00   81.00

11:19:13 AM  CPU    %usr   %nice    %sys %iowait    %irq   %soft  %steal  %guest  %gnice   %idle
11:19:14 AM    0   11.00    0.00    4.00    0.00    0.00    4.00    0.00    0.00    0.00   81.00

11:19:14 AM  CPU    %usr   %nice    %sys %iowait    %irq   %soft  %steal  %guest  %gnice   %idle
11:19:15 AM    0    9.09    0.00    7.07    0.00    0.00    2.02    0.00    0.00    0.00   81.82

11:19:15 AM  CPU    %usr   %nice    %sys %iowait    %irq   %soft  %steal  %guest  %gnice   %idle
11:19:16 AM    0    9.09    0.00    7.07    0.00    0.00    2.02    0.00    0.00    0.00   81.82

11:19:16 AM  CPU    %usr   %nice    %sys %iowait    %irq   %soft  %steal  %guest  %gnice   %idle
11:19:17 AM    0    9.90    0.00    4.95    0.00    0.00    4.95    0.00    0.00    0.00   80.20

11:19:17 AM  CPU    %usr   %nice    %sys %iowait    %irq   %soft  %steal  %guest  %gnice   %idle
11:19:18 AM    0   13.86    0.00    3.96    0.00    0.00    0.99    0.00    0.00    0.00   81.19

11:19:18 AM  CPU    %usr   %nice    %sys %iowait    %irq   %soft  %steal  %guest  %gnice   %idle
11:19:19 AM    0   11.88    0.00    6.93    0.00    0.00    0.99    0.00    0.00    0.00   80.20

11:19:19 AM  CPU    %usr   %nice    %sys %iowait    %irq   %soft  %steal  %guest  %gnice   %idle
11:19:20 AM    0   12.12    0.00    5.05    0.00    0.00    1.01    0.00    0.00    0.00   81.82

11:19:20 AM  CPU    %usr   %nice    %sys %iowait    %irq   %soft  %steal  %guest  %gnice   %idle
11:19:21 AM    0   11.00    0.00    6.00    0.00    0.00    2.00    0.00    0.00    0.00   81.00

11:19:21 AM  CPU    %usr   %nice    %sys %iowait    %irq   %soft  %steal  %guest  %gnice   %idle
11:19:22 AM    0   12.75    0.00    5.88    0.00    0.00    1.96    0.00    0.00    0.00   79.41

11:19:22 AM  CPU    %usr   %nice    %sys %iowait    %irq   %soft  %steal  %guest  %gnice   %idle
11:19:23 AM    0   12.24    0.00    3.06    0.00    0.00    2.04    0.00    0.00    0.00   82.65

11:19:23 AM  CPU    %usr   %nice    %sys %iowait    %irq   %soft  %steal  %guest  %gnice   %idle
11:19:24 AM    0   12.00    0.00    5.00    0.00    0.00    2.00    0.00    0.00    0.00   81.00

11:19:24 AM  CPU    %usr   %nice    %sys %iowait    %irq   %soft  %steal  %guest  %gnice   %idle
11:19:25 AM    0   12.00    0.00    5.00    0.00    0.00    2.00    0.00    0.00    0.00   81.00

11:19:25 AM  CPU    %usr   %nice    %sys %iowait    %irq   %soft  %steal  %guest  %gnice   %idle
11:19:26 AM    0    9.09    0.00    7.07    0.00    0.00    2.02    0.00    0.00    0.00   81.82

11:19:26 AM  CPU    %usr   %nice    %sys %iowait    %irq   %soft  %steal  %guest  %gnice   %idle
11:19:27 AM    0   11.00    0.00    6.00    0.00    0.00    2.00    0.00    0.00    0.00   81.00

11:19:27 AM  CPU    %usr   %nice    %sys %iowait    %irq   %soft  %steal  %guest  %gnice   %idle
11:19:28 AM    0   12.00    0.00    5.00    0.00    0.00    2.00    0.00    0.00    0.00   81.00

11:19:28 AM  CPU    %usr   %nice    %sys %iowait    %irq   %soft  %steal  %guest  %gnice   %idle
11:19:29 AM    0   13.13    0.00    5.05    0.00    0.00    1.01    0.00    0.00    0.00   80.81

11:19:29 AM  CPU    %usr   %nice    %sys %iowait    %irq   %soft  %steal  %guest  %gnice   %idle
11:19:30 AM    0   11.22    0.00    4.08    0.00    0.00    2.04    0.00    0.00    0.00   82.65

11:19:30 AM  CPU    %usr   %nice    %sys %iowait    %irq   %soft  %steal  %guest  %gnice   %idle
11:19:31 AM    0   12.24    0.00    4.08    0.00    0.00    1.02    0.00    0.00    0.00   82.65

11:19:31 AM  CPU    %usr   %nice    %sys %iowait    %irq   %soft  %steal  %guest  %gnice   %idle
11:19:32 AM    0   12.87    0.00    4.95    0.00    0.00    1.98    0.00    0.00    0.00   80.20

Average:     CPU    %usr   %nice    %sys %iowait    %irq   %soft  %steal  %guest  %gnice   %idle
Average:       0   11.94    0.00    4.83    0.00    0.00    1.98    0.00    0.00    0.00   81.24
