Linux 5.3.0-61-generic (cw-zenbook) 	07/16/2020 	_x86_64_	(8 CPU)

02:20:47 PM  CPU    %usr   %nice    %sys %iowait    %irq   %soft  %steal  %guest  %gnice   %idle
02:20:48 PM    0   38.38    0.00   14.14    0.00    0.00    7.07    0.00    0.00    0.00   40.40

02:20:48 PM  CPU    %usr   %nice    %sys %iowait    %irq   %soft  %steal  %guest  %gnice   %idle
02:20:49 PM    0   37.11    0.00   14.43    0.00    0.00    6.19    0.00    0.00    0.00   42.27

02:20:49 PM  CPU    %usr   %nice    %sys %iowait    %irq   %soft  %steal  %guest  %gnice   %idle
02:20:50 PM    0   39.00    0.00   16.00    0.00    0.00    5.00    0.00    0.00    0.00   40.00

02:20:50 PM  CPU    %usr   %nice    %sys %iowait    %irq   %soft  %steal  %guest  %gnice   %idle
02:20:51 PM    0   43.43    0.00   12.12    0.00    0.00    3.03    0.00    0.00    0.00   41.41

02:20:51 PM  CPU    %usr   %nice    %sys %iowait    %irq   %soft  %steal  %guest  %gnice   %idle
02:20:52 PM    0   40.00    0.00   13.00    0.00    0.00    6.00    0.00    0.00    0.00   41.00

02:20:52 PM  CPU    %usr   %nice    %sys %iowait    %irq   %soft  %steal  %guest  %gnice   %idle
02:20:53 PM    0   41.41    0.00   13.13    0.00    0.00    4.04    0.00    0.00    0.00   41.41

02:20:53 PM  CPU    %usr   %nice    %sys %iowait    %irq   %soft  %steal  %guest  %gnice   %idle
02:20:54 PM    0   36.73    0.00   17.35    0.00    0.00    4.08    0.00    0.00    0.00   41.84

02:20:54 PM  CPU    %usr   %nice    %sys %iowait    %irq   %soft  %steal  %guest  %gnice   %idle
02:20:55 PM    0   34.38    0.00   18.75    0.00    0.00    5.21    0.00    0.00    0.00   41.67

02:20:55 PM  CPU    %usr   %nice    %sys %iowait    %irq   %soft  %steal  %guest  %gnice   %idle
02:20:56 PM    0   41.67    0.00   12.50    0.00    0.00    3.12    0.00    0.00    0.00   42.71

02:20:56 PM  CPU    %usr   %nice    %sys %iowait    %irq   %soft  %steal  %guest  %gnice   %idle
02:20:57 PM    0   37.00    0.00   17.00    0.00    0.00    5.00    0.00    0.00    0.00   41.00

02:20:57 PM  CPU    %usr   %nice    %sys %iowait    %irq   %soft  %steal  %guest  %gnice   %idle
02:20:58 PM    0   40.82    0.00   13.27    0.00    0.00    5.10    0.00    0.00    0.00   40.82

02:20:58 PM  CPU    %usr   %nice    %sys %iowait    %irq   %soft  %steal  %guest  %gnice   %idle
02:20:59 PM    0   39.80    0.00   14.29    0.00    0.00    4.08    0.00    0.00    0.00   41.84

02:20:59 PM  CPU    %usr   %nice    %sys %iowait    %irq   %soft  %steal  %guest  %gnice   %idle
02:21:00 PM    0   43.56    0.00   11.88    0.00    0.00    3.96    0.00    0.00    0.00   40.59

02:21:00 PM  CPU    %usr   %nice    %sys %iowait    %irq   %soft  %steal  %guest  %gnice   %idle
02:21:01 PM    0   35.64    0.00   17.82    0.00    0.00    6.93    0.00    0.00    0.00   39.60

02:21:01 PM  CPU    %usr   %nice    %sys %iowait    %irq   %soft  %steal  %guest  %gnice   %idle
02:21:02 PM    0   36.73    0.00   17.35    0.00    0.00    5.10    0.00    0.00    0.00   40.82

02:21:02 PM  CPU    %usr   %nice    %sys %iowait    %irq   %soft  %steal  %guest  %gnice   %idle
02:21:03 PM    0   38.00    0.00   16.00    0.00    0.00    5.00    0.00    0.00    0.00   41.00

02:21:03 PM  CPU    %usr   %nice    %sys %iowait    %irq   %soft  %steal  %guest  %gnice   %idle
02:21:04 PM    0   35.00    0.00   18.00    0.00    0.00    6.00    0.00    0.00    0.00   41.00

02:21:04 PM  CPU    %usr   %nice    %sys %iowait    %irq   %soft  %steal  %guest  %gnice   %idle
02:21:05 PM    0   40.21    0.00   14.43    0.00    0.00    3.09    0.00    0.00    0.00   42.27

02:21:05 PM  CPU    %usr   %nice    %sys %iowait    %irq   %soft  %steal  %guest  %gnice   %idle
02:21:06 PM    0   40.21    0.00   12.37    0.00    0.00    4.12    0.00    0.00    0.00   43.30

02:21:06 PM  CPU    %usr   %nice    %sys %iowait    %irq   %soft  %steal  %guest  %gnice   %idle
02:21:07 PM    0   39.81    0.00   17.48    0.00    0.00    2.91    0.00    0.00    0.00   39.81

02:21:07 PM  CPU    %usr   %nice    %sys %iowait    %irq   %soft  %steal  %guest  %gnice   %idle
02:21:08 PM    0   41.00    0.00   14.00    0.00    0.00    5.00    0.00    0.00    0.00   40.00

02:21:08 PM  CPU    %usr   %nice    %sys %iowait    %irq   %soft  %steal  %guest  %gnice   %idle
02:21:09 PM    0   39.39    0.00   14.14    0.00    0.00    4.04    0.00    0.00    0.00   42.42

02:21:09 PM  CPU    %usr   %nice    %sys %iowait    %irq   %soft  %steal  %guest  %gnice   %idle
02:21:10 PM    0   38.54    0.00   14.58    0.00    0.00    4.17    0.00    0.00    0.00   42.71

02:21:10 PM  CPU    %usr   %nice    %sys %iowait    %irq   %soft  %steal  %guest  %gnice   %idle
02:21:11 PM    0   34.02    0.00   19.59    0.00    0.00    3.09    0.00    0.00    0.00   43.30

02:21:11 PM  CPU    %usr   %nice    %sys %iowait    %irq   %soft  %steal  %guest  %gnice   %idle
02:21:12 PM    0   38.00    0.00   14.00    0.00    0.00    6.00    0.00    0.00    0.00   42.00

02:21:12 PM  CPU    %usr   %nice    %sys %iowait    %irq   %soft  %steal  %guest  %gnice   %idle
02:21:13 PM    0   40.21    0.00   11.34    0.00    0.00    5.15    0.00    0.00    0.00   43.30

02:21:13 PM  CPU    %usr   %nice    %sys %iowait    %irq   %soft  %steal  %guest  %gnice   %idle
02:21:14 PM    0   38.78    0.00   14.29    0.00    0.00    4.08    0.00    0.00    0.00   42.86

02:21:14 PM  CPU    %usr   %nice    %sys %iowait    %irq   %soft  %steal  %guest  %gnice   %idle
02:21:15 PM    0   35.71    0.00   17.35    0.00    0.00    5.10    0.00    0.00    0.00   41.84

02:21:15 PM  CPU    %usr   %nice    %sys %iowait    %irq   %soft  %steal  %guest  %gnice   %idle
02:21:16 PM    0   36.73    0.00   14.29    0.00    0.00    7.14    0.00    0.00    0.00   41.84

02:21:16 PM  CPU    %usr   %nice    %sys %iowait    %irq   %soft  %steal  %guest  %gnice   %idle
02:21:17 PM    0   40.59    0.00   14.85    0.00    0.00    2.97    0.00    0.00    0.00   41.58

02:21:17 PM  CPU    %usr   %nice    %sys %iowait    %irq   %soft  %steal  %guest  %gnice   %idle
02:21:18 PM    0   40.82    0.00   14.29    0.00    0.00    3.06    0.00    0.00    0.00   41.84

02:21:18 PM  CPU    %usr   %nice    %sys %iowait    %irq   %soft  %steal  %guest  %gnice   %idle
02:21:19 PM    0   36.36    0.00   20.20    0.00    0.00    2.02    0.00    0.00    0.00   41.41

02:21:19 PM  CPU    %usr   %nice    %sys %iowait    %irq   %soft  %steal  %guest  %gnice   %idle
02:21:20 PM    0   35.71    0.00   16.33    0.00    0.00    6.12    0.00    0.00    0.00   41.84

02:21:20 PM  CPU    %usr   %nice    %sys %iowait    %irq   %soft  %steal  %guest  %gnice   %idle
02:21:21 PM    0   41.24    0.00   14.43    0.00    0.00    2.06    0.00    0.00    0.00   42.27

02:21:21 PM  CPU    %usr   %nice    %sys %iowait    %irq   %soft  %steal  %guest  %gnice   %idle
02:21:22 PM    0   42.00    0.00   14.00    0.00    0.00    3.00    0.00    0.00    0.00   41.00

02:21:22 PM  CPU    %usr   %nice    %sys %iowait    %irq   %soft  %steal  %guest  %gnice   %idle
02:21:23 PM    0   35.00    0.00   18.00    0.00    0.00    5.00    0.00    0.00    0.00   42.00

02:21:23 PM  CPU    %usr   %nice    %sys %iowait    %irq   %soft  %steal  %guest  %gnice   %idle
02:21:24 PM    0   40.62    0.00   12.50    0.00    0.00    4.17    0.00    0.00    0.00   42.71

02:21:24 PM  CPU    %usr   %nice    %sys %iowait    %irq   %soft  %steal  %guest  %gnice   %idle
02:21:25 PM    0   39.18    0.00   14.43    0.00    0.00    4.12    0.00    0.00    0.00   42.27

02:21:25 PM  CPU    %usr   %nice    %sys %iowait    %irq   %soft  %steal  %guest  %gnice   %idle
02:21:26 PM    0   40.00    0.00   16.00    0.00    0.00    3.00    0.00    0.00    0.00   41.00

02:21:26 PM  CPU    %usr   %nice    %sys %iowait    %irq   %soft  %steal  %guest  %gnice   %idle
02:21:27 PM    0   37.37    0.00   13.13    0.00    0.00    7.07    0.00    0.00    0.00   42.42

02:21:27 PM  CPU    %usr   %nice    %sys %iowait    %irq   %soft  %steal  %guest  %gnice   %idle
02:21:28 PM    0   43.30    0.00   11.34    0.00    0.00    2.06    0.00    0.00    0.00   43.30

02:21:28 PM  CPU    %usr   %nice    %sys %iowait    %irq   %soft  %steal  %guest  %gnice   %idle
02:21:29 PM    0   38.14    0.00   15.46    0.00    0.00    3.09    0.00    0.00    0.00   43.30

02:21:29 PM  CPU    %usr   %nice    %sys %iowait    %irq   %soft  %steal  %guest  %gnice   %idle
02:21:30 PM    0   37.11    0.00   15.46    0.00    0.00    4.12    0.00    0.00    0.00   43.30

02:21:30 PM  CPU    %usr   %nice    %sys %iowait    %irq   %soft  %steal  %guest  %gnice   %idle
02:21:31 PM    0   40.00    0.00   14.00    0.00    0.00    4.00    0.00    0.00    0.00   42.00

02:21:31 PM  CPU    %usr   %nice    %sys %iowait    %irq   %soft  %steal  %guest  %gnice   %idle
02:21:32 PM    0   36.36    0.00   20.20    0.00    0.00    3.03    0.00    0.00    0.00   40.40

02:21:32 PM  CPU    %usr   %nice    %sys %iowait    %irq   %soft  %steal  %guest  %gnice   %idle
02:21:33 PM    0   41.41    0.00   13.13    0.00    0.00    4.04    0.00    0.00    0.00   41.41

02:21:33 PM  CPU    %usr   %nice    %sys %iowait    %irq   %soft  %steal  %guest  %gnice   %idle
02:21:34 PM    0   42.57    0.00   10.89    0.00    0.00    5.94    0.00    0.00    0.00   40.59

02:21:34 PM  CPU    %usr   %nice    %sys %iowait    %irq   %soft  %steal  %guest  %gnice   %idle
02:21:35 PM    0   37.11    0.00   16.49    0.00    0.00    4.12    0.00    0.00    0.00   42.27

02:21:35 PM  CPU    %usr   %nice    %sys %iowait    %irq   %soft  %steal  %guest  %gnice   %idle
02:21:36 PM    0   39.60    0.00   13.86    0.00    0.00    5.94    0.00    0.00    0.00   40.59

02:21:36 PM  CPU    %usr   %nice    %sys %iowait    %irq   %soft  %steal  %guest  %gnice   %idle
02:21:37 PM    0   39.18    0.00   16.49    0.00    0.00    3.09    0.00    0.00    0.00   41.24

02:21:37 PM  CPU    %usr   %nice    %sys %iowait    %irq   %soft  %steal  %guest  %gnice   %idle
02:21:38 PM    0   41.41    0.00   12.12    0.00    0.00    4.04    0.00    0.00    0.00   42.42

02:21:38 PM  CPU    %usr   %nice    %sys %iowait    %irq   %soft  %steal  %guest  %gnice   %idle
02:21:39 PM    0   38.61    0.00   16.83    0.00    0.00    3.96    0.00    0.00    0.00   40.59

02:21:39 PM  CPU    %usr   %nice    %sys %iowait    %irq   %soft  %steal  %guest  %gnice   %idle
02:21:40 PM    0   44.44    0.00   10.10    0.00    0.00    4.04    0.00    0.00    0.00   41.41

02:21:40 PM  CPU    %usr   %nice    %sys %iowait    %irq   %soft  %steal  %guest  %gnice   %idle
02:21:41 PM    0   37.76    0.00   18.37    0.00    0.00    3.06    0.00    0.00    0.00   40.82

02:21:41 PM  CPU    %usr   %nice    %sys %iowait    %irq   %soft  %steal  %guest  %gnice   %idle
02:21:42 PM    0   38.24    0.00   17.65    0.00    0.00    3.92    0.00    0.00    0.00   40.20

02:21:42 PM  CPU    %usr   %nice    %sys %iowait    %irq   %soft  %steal  %guest  %gnice   %idle
02:21:43 PM    0   40.40    0.00   15.15    0.00    0.00    3.03    0.00    0.00    0.00   41.41

02:21:43 PM  CPU    %usr   %nice    %sys %iowait    %irq   %soft  %steal  %guest  %gnice   %idle
02:21:44 PM    0   48.00    0.00    9.00    0.00    0.00    2.00    0.00    0.00    0.00   41.00

02:21:44 PM  CPU    %usr   %nice    %sys %iowait    %irq   %soft  %steal  %guest  %gnice   %idle
02:21:45 PM    0   37.76    0.00   16.33    0.00    0.00    3.06    0.00    0.00    0.00   42.86

02:21:45 PM  CPU    %usr   %nice    %sys %iowait    %irq   %soft  %steal  %guest  %gnice   %idle
02:21:46 PM    0   41.84    0.00   13.27    0.00    0.00    3.06    0.00    0.00    0.00   41.84

02:21:46 PM  CPU    %usr   %nice    %sys %iowait    %irq   %soft  %steal  %guest  %gnice   %idle
02:21:47 PM    0   36.36    0.00   18.18    0.00    0.00    3.03    0.00    0.00    0.00   42.42

02:21:47 PM  CPU    %usr   %nice    %sys %iowait    %irq   %soft  %steal  %guest  %gnice   %idle
02:21:48 PM    0   38.61    0.00   11.88    0.00    0.00    7.92    0.00    0.00    0.00   41.58

02:21:48 PM  CPU    %usr   %nice    %sys %iowait    %irq   %soft  %steal  %guest  %gnice   %idle
02:21:49 PM    0   39.39    0.00   14.14    0.00    0.00    4.04    0.00    0.00    0.00   42.42

02:21:49 PM  CPU    %usr   %nice    %sys %iowait    %irq   %soft  %steal  %guest  %gnice   %idle
02:21:50 PM    0   39.18    0.00   15.46    0.00    0.00    4.12    0.00    0.00    0.00   41.24

02:21:50 PM  CPU    %usr   %nice    %sys %iowait    %irq   %soft  %steal  %guest  %gnice   %idle
02:21:51 PM    0   37.37    0.00   18.18    0.00    0.00    4.04    0.00    0.00    0.00   40.40

02:21:51 PM  CPU    %usr   %nice    %sys %iowait    %irq   %soft  %steal  %guest  %gnice   %idle
02:21:52 PM    0   40.00    0.00   15.79    0.00    0.00    2.11    0.00    0.00    0.00   42.11

02:21:52 PM  CPU    %usr   %nice    %sys %iowait    %irq   %soft  %steal  %guest  %gnice   %idle
02:21:53 PM    0   38.61    0.00   15.84    0.00    0.00    5.94    0.00    0.00    0.00   39.60

02:21:53 PM  CPU    %usr   %nice    %sys %iowait    %irq   %soft  %steal  %guest  %gnice   %idle
02:21:54 PM    0   34.34    0.00   18.18    0.00    0.00    6.06    0.00    0.00    0.00   41.41

02:21:54 PM  CPU    %usr   %nice    %sys %iowait    %irq   %soft  %steal  %guest  %gnice   %idle
02:21:55 PM    0   34.69    0.00   18.37    0.00    0.00    4.08    0.00    0.00    0.00   42.86

02:21:55 PM  CPU    %usr   %nice    %sys %iowait    %irq   %soft  %steal  %guest  %gnice   %idle
02:21:56 PM    0   39.58    0.00   12.50    0.00    0.00    5.21    0.00    0.00    0.00   42.71

02:21:56 PM  CPU    %usr   %nice    %sys %iowait    %irq   %soft  %steal  %guest  %gnice   %idle
02:21:57 PM    0   38.00    0.00   16.00    0.00    0.00    4.00    0.00    0.00    0.00   42.00

02:21:57 PM  CPU    %usr   %nice    %sys %iowait    %irq   %soft  %steal  %guest  %gnice   %idle
02:21:58 PM    0   37.00    0.00   18.00    0.00    0.00    3.00    0.00    0.00    0.00   42.00

02:21:58 PM  CPU    %usr   %nice    %sys %iowait    %irq   %soft  %steal  %guest  %gnice   %idle
02:21:59 PM    0   39.00    0.00   17.00    0.00    0.00    2.00    0.00    0.00    0.00   42.00

02:21:59 PM  CPU    %usr   %nice    %sys %iowait    %irq   %soft  %steal  %guest  %gnice   %idle
02:22:00 PM    0   41.84    0.00   13.27    0.00    0.00    3.06    0.00    0.00    0.00   41.84

02:22:00 PM  CPU    %usr   %nice    %sys %iowait    %irq   %soft  %steal  %guest  %gnice   %idle
02:22:01 PM    0   41.00    0.00   14.00    0.00    0.00    4.00    0.00    0.00    0.00   41.00

02:22:01 PM  CPU    %usr   %nice    %sys %iowait    %irq   %soft  %steal  %guest  %gnice   %idle
02:22:02 PM    0   41.58    0.00   15.84    0.00    0.00    1.98    0.00    0.00    0.00   40.59

02:22:02 PM  CPU    %usr   %nice    %sys %iowait    %irq   %soft  %steal  %guest  %gnice   %idle
02:22:03 PM    0   34.69    0.00   18.37    0.00    0.00    5.10    0.00    0.00    0.00   41.84

02:22:03 PM  CPU    %usr   %nice    %sys %iowait    %irq   %soft  %steal  %guest  %gnice   %idle
02:22:04 PM    0   36.84    0.00   15.79    0.00    0.00    4.21    0.00    0.00    0.00   43.16

02:22:04 PM  CPU    %usr   %nice    %sys %iowait    %irq   %soft  %steal  %guest  %gnice   %idle
02:22:05 PM    0   38.38    0.00   15.15    0.00    0.00    5.05    0.00    0.00    0.00   41.41

02:22:05 PM  CPU    %usr   %nice    %sys %iowait    %irq   %soft  %steal  %guest  %gnice   %idle
02:22:06 PM    0   40.40    0.00   14.14    0.00    0.00    4.04    0.00    0.00    0.00   41.41

02:22:06 PM  CPU    %usr   %nice    %sys %iowait    %irq   %soft  %steal  %guest  %gnice   %idle
02:22:07 PM    0   33.67    0.00   19.39    0.00    0.00    5.10    0.00    0.00    0.00   41.84

02:22:07 PM  CPU    %usr   %nice    %sys %iowait    %irq   %soft  %steal  %guest  %gnice   %idle
02:22:08 PM    0   40.82    0.00   14.29    0.00    0.00    3.06    0.00    0.00    0.00   41.84

02:22:08 PM  CPU    %usr   %nice    %sys %iowait    %irq   %soft  %steal  %guest  %gnice   %idle
02:22:09 PM    0   42.00    0.00   12.00    0.00    0.00    5.00    0.00    0.00    0.00   41.00

02:22:09 PM  CPU    %usr   %nice    %sys %iowait    %irq   %soft  %steal  %guest  %gnice   %idle
02:22:10 PM    0   40.59    0.00   14.85    0.00    0.00    3.96    0.00    0.00    0.00   40.59

02:22:10 PM  CPU    %usr   %nice    %sys %iowait    %irq   %soft  %steal  %guest  %gnice   %idle
02:22:11 PM    0   39.00    0.00   16.00    0.00    0.00    4.00    0.00    0.00    0.00   41.00

02:22:11 PM  CPU    %usr   %nice    %sys %iowait    %irq   %soft  %steal  %guest  %gnice   %idle
02:22:12 PM    0   39.60    0.00   15.84    0.00    0.00    3.96    0.00    0.00    0.00   40.59

02:22:12 PM  CPU    %usr   %nice    %sys %iowait    %irq   %soft  %steal  %guest  %gnice   %idle
02:22:13 PM    0   37.76    0.00   16.33    0.00    0.00    5.10    0.00    0.00    0.00   40.82

02:22:13 PM  CPU    %usr   %nice    %sys %iowait    %irq   %soft  %steal  %guest  %gnice   %idle
02:22:14 PM    0   35.42    0.00   16.67    0.00    0.00    5.21    0.00    0.00    0.00   42.71

02:22:14 PM  CPU    %usr   %nice    %sys %iowait    %irq   %soft  %steal  %guest  %gnice   %idle
02:22:15 PM    0   40.59    0.00   17.82    0.00    0.00    1.98    0.00    0.00    0.00   39.60

02:22:15 PM  CPU    %usr   %nice    %sys %iowait    %irq   %soft  %steal  %guest  %gnice   %idle
02:22:16 PM    0   39.80    0.00   14.29    0.00    0.00    4.08    0.00    0.00    0.00   41.84

02:22:16 PM  CPU    %usr   %nice    %sys %iowait    %irq   %soft  %steal  %guest  %gnice   %idle
02:22:17 PM    0   40.40    0.00   14.14    0.00    0.00    4.04    0.00    0.00    0.00   41.41

02:22:17 PM  CPU    %usr   %nice    %sys %iowait    %irq   %soft  %steal  %guest  %gnice   %idle
02:22:18 PM    0   42.42    0.00   12.12    0.00    0.00    4.04    0.00    0.00    0.00   41.41

02:22:18 PM  CPU    %usr   %nice    %sys %iowait    %irq   %soft  %steal  %guest  %gnice   %idle
02:22:19 PM    0   43.56    0.00   10.89    0.00    0.00    5.94    0.00    0.00    0.00   39.60

02:22:19 PM  CPU    %usr   %nice    %sys %iowait    %irq   %soft  %steal  %guest  %gnice   %idle
02:22:20 PM    0   37.11    0.00   16.49    0.00    0.00    4.12    0.00    0.00    0.00   42.27

02:22:20 PM  CPU    %usr   %nice    %sys %iowait    %irq   %soft  %steal  %guest  %gnice   %idle
02:22:21 PM    0   37.76    0.00   17.35    0.00    0.00    2.04    0.00    0.00    0.00   42.86

02:22:21 PM  CPU    %usr   %nice    %sys %iowait    %irq   %soft  %steal  %guest  %gnice   %idle
02:22:22 PM    0   37.76    0.00   16.33    0.00    0.00    3.06    0.00    0.00    0.00   42.86

02:22:22 PM  CPU    %usr   %nice    %sys %iowait    %irq   %soft  %steal  %guest  %gnice   %idle
02:22:23 PM    0   35.35    0.00   15.15    0.00    0.00    7.07    0.00    0.00    0.00   42.42

02:22:23 PM  CPU    %usr   %nice    %sys %iowait    %irq   %soft  %steal  %guest  %gnice   %idle
02:22:24 PM    0   41.84    0.00    9.18    0.00    0.00    6.12    0.00    0.00    0.00   42.86

02:22:24 PM  CPU    %usr   %nice    %sys %iowait    %irq   %soft  %steal  %guest  %gnice   %idle
02:22:25 PM    0   40.82    0.00   12.24    0.00    0.00    5.10    0.00    0.00    0.00   41.84

02:22:25 PM  CPU    %usr   %nice    %sys %iowait    %irq   %soft  %steal  %guest  %gnice   %idle
02:22:26 PM    0   38.61    0.00   15.84    0.00    0.00    4.95    0.00    0.00    0.00   40.59

02:22:26 PM  CPU    %usr   %nice    %sys %iowait    %irq   %soft  %steal  %guest  %gnice   %idle
02:22:27 PM    0   42.42    0.00   10.10    0.00    0.00    6.06    0.00    0.00    0.00   41.41

02:22:27 PM  CPU    %usr   %nice    %sys %iowait    %irq   %soft  %steal  %guest  %gnice   %idle
02:22:28 PM    0   38.00    0.00   17.00    0.00    0.00    3.00    0.00    0.00    0.00   42.00

02:22:28 PM  CPU    %usr   %nice    %sys %iowait    %irq   %soft  %steal  %guest  %gnice   %idle
02:22:29 PM    0   41.24    0.00   13.40    0.00    0.00    4.12    0.00    0.00    0.00   41.24

02:22:29 PM  CPU    %usr   %nice    %sys %iowait    %irq   %soft  %steal  %guest  %gnice   %idle
02:22:30 PM    0   32.65    0.00   19.39    0.00    0.00    5.10    0.00    0.00    0.00   42.86

02:22:30 PM  CPU    %usr   %nice    %sys %iowait    %irq   %soft  %steal  %guest  %gnice   %idle
02:22:31 PM    0   38.38    0.00   17.17    0.00    0.00    4.04    0.00    0.00    0.00   40.40

02:22:31 PM  CPU    %usr   %nice    %sys %iowait    %irq   %soft  %steal  %guest  %gnice   %idle
02:22:32 PM    0   46.39    0.00   10.31    0.00    0.00    2.06    0.00    0.00    0.00   41.24

02:22:32 PM  CPU    %usr   %nice    %sys %iowait    %irq   %soft  %steal  %guest  %gnice   %idle
02:22:33 PM    0   37.00    0.00   18.00    0.00    0.00    4.00    0.00    0.00    0.00   41.00

02:22:33 PM  CPU    %usr   %nice    %sys %iowait    %irq   %soft  %steal  %guest  %gnice   %idle
02:22:34 PM    0   35.71    0.00   17.35    0.00    0.00    4.08    0.00    0.00    0.00   42.86

02:22:34 PM  CPU    %usr   %nice    %sys %iowait    %irq   %soft  %steal  %guest  %gnice   %idle
02:22:35 PM    0   39.60    0.00   16.83    0.00    0.00    2.97    0.00    0.00    0.00   40.59

02:22:35 PM  CPU    %usr   %nice    %sys %iowait    %irq   %soft  %steal  %guest  %gnice   %idle
02:22:36 PM    0   38.54    0.00   14.58    0.00    0.00    4.17    0.00    0.00    0.00   42.71

02:22:36 PM  CPU    %usr   %nice    %sys %iowait    %irq   %soft  %steal  %guest  %gnice   %idle
02:22:37 PM    0   40.00    0.00   16.00    0.00    0.00    3.00    0.00    0.00    0.00   41.00

02:22:37 PM  CPU    %usr   %nice    %sys %iowait    %irq   %soft  %steal  %guest  %gnice   %idle
02:22:38 PM    0   37.37    0.00   16.16    0.00    0.00    4.04    0.00    0.00    0.00   42.42

02:22:38 PM  CPU    %usr   %nice    %sys %iowait    %irq   %soft  %steal  %guest  %gnice   %idle
02:22:39 PM    0   35.11    0.00   19.15    0.00    0.00    2.13    0.00    0.00    0.00   43.62

02:22:39 PM  CPU    %usr   %nice    %sys %iowait    %irq   %soft  %steal  %guest  %gnice   %idle
02:22:40 PM    0   36.46    0.00   16.67    0.00    0.00    3.12    0.00    0.00    0.00   43.75

02:22:40 PM  CPU    %usr   %nice    %sys %iowait    %irq   %soft  %steal  %guest  %gnice   %idle
02:22:41 PM    0   39.22    0.00   15.69    0.00    0.00    3.92    0.00    0.00    0.00   41.18

02:22:41 PM  CPU    %usr   %nice    %sys %iowait    %irq   %soft  %steal  %guest  %gnice   %idle
02:22:42 PM    0   38.54    0.00   13.54    0.00    0.00    3.12    0.00    0.00    0.00   44.79

02:22:42 PM  CPU    %usr   %nice    %sys %iowait    %irq   %soft  %steal  %guest  %gnice   %idle
02:22:43 PM    0   35.64    0.00   18.81    0.00    0.00    3.96    0.00    0.00    0.00   41.58

02:22:43 PM  CPU    %usr   %nice    %sys %iowait    %irq   %soft  %steal  %guest  %gnice   %idle
02:22:44 PM    0   35.71    0.00   17.35    0.00    0.00    5.10    0.00    0.00    0.00   41.84

02:22:44 PM  CPU    %usr   %nice    %sys %iowait    %irq   %soft  %steal  %guest  %gnice   %idle
02:22:45 PM    0   40.62    0.00   12.50    0.00    0.00    5.21    0.00    0.00    0.00   41.67

02:22:45 PM  CPU    %usr   %nice    %sys %iowait    %irq   %soft  %steal  %guest  %gnice   %idle
02:22:46 PM    0   42.42    0.00   11.11    0.00    0.00    5.05    0.00    0.00    0.00   41.41

02:22:46 PM  CPU    %usr   %nice    %sys %iowait    %irq   %soft  %steal  %guest  %gnice   %idle
02:22:47 PM    0   35.71    0.00   17.35    0.00    0.00    5.10    0.00    0.00    0.00   41.84

Average:     CPU    %usr   %nice    %sys %iowait    %irq   %soft  %steal  %guest  %gnice   %idle
Average:       0   38.94    0.00   15.18    0.00    0.00    4.21    0.00    0.00    0.00   41.67
