100
100
100
100
100
99
100
100
100
99
100
100
100
100
100
100
100
100
100
99
100
100
100
100
174
199
200
199
199
100
100
100
100
100
100
100
99
100
100
100
100
100
100
100
100
100
100
100
100
99
100
100
100
99
100
99
100
99
100
99
100
100
100
99
100
99
100
99
100
99
100
99
100
100
100
99
100
99
100
99
100
99
100
100
100
99
100
100
100
99
100
99
100
99
100
99
100
99
100
99
100
100
100
99
100
99
100
99
100
99
100
100
100
99
100
100
100
100
100
99
100
99
100
99
100
99
100
99
100
100
100
99
100
100
100
99
100
99
100
100
99
100
100
99
100
100
100
99
100
99
100
99
100
99
100
99
100
100
100
99
100
100
100
99
100
99
100
100
100
99
100
100
100
100
100
99
100
100
100
99
100
100
100
100
100
99
100
100
100
100
100
99
100
100
100
99
100
100
100
100
100
99
100
100
100
99
100
99
100
99
100
99
100
100
100
100
100
99
100
100
100
99
100
99
100
