99
199
100
200
100
199
100
199
100
200
100
199
100
199
100
199
100
200
100
199
100
100
100
199
174
74
200
200
200
200
200
200
199
200
100
199
99
199
100
199
100
199
100
199
100
199
100
199
100
199
100
200
100
199
100
199
100
200
100
200
100
199
100
199
100
100
100
199
100
199
100
199
100
199
100
199
100
199
100
199
100
200
101
199
100
199
100
199
100
199
100
199
100
199
100
199
100
199
100
199
100
199
100
200
100
200
100
199
100
199
100
199
100
199
100
200
100
199
100
199
100
199
100
199
100
199
100
199
100
200
100
199
100
199
100
200
100
199
100
200
200
199
100
200
100
200
100
199
100
200
100
199
100
199
100
199
100
199
100
200
100
199
100
199
100
199
100
199
100
199
100
199
100
200
100
199
100
199
100
199
100
199
100
199
100
199
100
199
100
200
100
199
100
199
100
199
100
200
100
100
100
199
100
199
100
199
100
199
100
200
100
199
100
200
100
199
100
199
100
200
100
199
100
200
200
