Linux 5.3.0-61-generic (cw-zenbook) 	07/16/2020 	_x86_64_	(8 CPU)

03:02:40 PM  CPU    %usr   %nice    %sys %iowait    %irq   %soft  %steal  %guest  %gnice   %idle
03:02:41 PM    0   54.00    0.00   18.00    0.00    0.00    7.00    0.00    0.00    0.00   21.00

03:02:41 PM  CPU    %usr   %nice    %sys %iowait    %irq   %soft  %steal  %guest  %gnice   %idle
03:02:42 PM    0   55.45    0.00   17.82    0.00    0.00    4.95    0.00    0.00    0.00   21.78

03:02:42 PM  CPU    %usr   %nice    %sys %iowait    %irq   %soft  %steal  %guest  %gnice   %idle
03:02:43 PM    0   50.00    0.00   22.45    0.00    0.00    5.10    0.00    0.00    0.00   22.45

03:02:43 PM  CPU    %usr   %nice    %sys %iowait    %irq   %soft  %steal  %guest  %gnice   %idle
03:02:44 PM    0   53.47    0.00   18.81    0.00    0.00    5.94    0.00    0.00    0.00   21.78

03:02:44 PM  CPU    %usr   %nice    %sys %iowait    %irq   %soft  %steal  %guest  %gnice   %idle
03:02:45 PM    0   49.48    0.00   23.71    0.00    0.00    5.15    0.00    0.00    0.00   21.65

03:02:45 PM  CPU    %usr   %nice    %sys %iowait    %irq   %soft  %steal  %guest  %gnice   %idle
03:02:46 PM    0   53.40    0.00   18.45    0.00    0.00    6.80    0.00    0.00    0.00   21.36

03:02:46 PM  CPU    %usr   %nice    %sys %iowait    %irq   %soft  %steal  %guest  %gnice   %idle
03:02:47 PM    0   53.47    0.00   19.80    0.00    0.00    5.94    0.00    0.00    0.00   20.79

03:02:47 PM  CPU    %usr   %nice    %sys %iowait    %irq   %soft  %steal  %guest  %gnice   %idle
03:02:48 PM    0   47.06    0.00   26.47    0.00    0.00    4.90    0.00    0.00    0.00   21.57

03:02:48 PM  CPU    %usr   %nice    %sys %iowait    %irq   %soft  %steal  %guest  %gnice   %idle
03:02:49 PM    0   49.49    0.00   22.22    0.00    0.00    7.07    0.00    0.00    0.00   21.21

03:02:49 PM  CPU    %usr   %nice    %sys %iowait    %irq   %soft  %steal  %guest  %gnice   %idle
03:02:50 PM    0   53.06    0.00   20.41    0.00    0.00    4.08    0.00    0.00    0.00   22.45

03:02:50 PM  CPU    %usr   %nice    %sys %iowait    %irq   %soft  %steal  %guest  %gnice   %idle
03:02:51 PM    0   51.02    0.00   23.47    0.00    0.00    3.06    0.00    0.00    0.00   22.45

03:02:51 PM  CPU    %usr   %nice    %sys %iowait    %irq   %soft  %steal  %guest  %gnice   %idle
03:02:52 PM    0   51.02    0.00   22.45    0.00    0.00    5.10    0.00    0.00    0.00   21.43

03:02:52 PM  CPU    %usr   %nice    %sys %iowait    %irq   %soft  %steal  %guest  %gnice   %idle
03:02:53 PM    0   56.44    0.00   13.86    0.00    0.00    7.92    0.00    0.00    0.00   21.78

03:02:53 PM  CPU    %usr   %nice    %sys %iowait    %irq   %soft  %steal  %guest  %gnice   %idle
03:02:54 PM    0   52.04    0.00   20.41    0.00    0.00    5.10    0.00    0.00    0.00   22.45

03:02:54 PM  CPU    %usr   %nice    %sys %iowait    %irq   %soft  %steal  %guest  %gnice   %idle
03:02:55 PM    0   55.45    0.00   18.81    0.00    0.00    3.96    0.00    0.00    0.00   21.78

03:02:55 PM  CPU    %usr   %nice    %sys %iowait    %irq   %soft  %steal  %guest  %gnice   %idle
03:02:56 PM    0   49.49    0.00   24.24    0.00    0.00    3.03    0.00    0.00    0.00   23.23

03:02:56 PM  CPU    %usr   %nice    %sys %iowait    %irq   %soft  %steal  %guest  %gnice   %idle
03:02:57 PM    0   50.00    0.00   23.47    0.00    0.00    4.08    0.00    0.00    0.00   22.45

03:02:57 PM  CPU    %usr   %nice    %sys %iowait    %irq   %soft  %steal  %guest  %gnice   %idle
03:02:58 PM    0   51.02    0.00   21.43    0.00    0.00    6.12    0.00    0.00    0.00   21.43

03:02:58 PM  CPU    %usr   %nice    %sys %iowait    %irq   %soft  %steal  %guest  %gnice   %idle
03:02:59 PM    0   53.47    0.00   20.79    0.00    0.00    3.96    0.00    0.00    0.00   21.78

03:02:59 PM  CPU    %usr   %nice    %sys %iowait    %irq   %soft  %steal  %guest  %gnice   %idle
03:03:00 PM    0   51.52    0.00   21.21    0.00    0.00    5.05    0.00    0.00    0.00   22.22

03:03:00 PM  CPU    %usr   %nice    %sys %iowait    %irq   %soft  %steal  %guest  %gnice   %idle
03:03:01 PM    0   50.51    0.00   24.24    0.00    0.00    4.04    0.00    0.00    0.00   21.21

03:03:01 PM  CPU    %usr   %nice    %sys %iowait    %irq   %soft  %steal  %guest  %gnice   %idle
03:03:02 PM    0   54.37    0.00   19.42    0.00    0.00    4.85    0.00    0.00    0.00   21.36

03:03:02 PM  CPU    %usr   %nice    %sys %iowait    %irq   %soft  %steal  %guest  %gnice   %idle
03:03:03 PM    0   54.08    0.00   17.35    0.00    0.00    6.12    0.00    0.00    0.00   22.45

03:03:03 PM  CPU    %usr   %nice    %sys %iowait    %irq   %soft  %steal  %guest  %gnice   %idle
03:03:04 PM    0   56.44    0.00   15.84    0.00    0.00    5.94    0.00    0.00    0.00   21.78

03:03:04 PM  CPU    %usr   %nice    %sys %iowait    %irq   %soft  %steal  %guest  %gnice   %idle
03:03:05 PM    0   52.48    0.00   22.77    0.00    0.00    3.96    0.00    0.00    0.00   20.79

03:03:05 PM  CPU    %usr   %nice    %sys %iowait    %irq   %soft  %steal  %guest  %gnice   %idle
03:03:06 PM    0   53.92    0.00   20.59    0.00    0.00    3.92    0.00    0.00    0.00   21.57

03:03:06 PM  CPU    %usr   %nice    %sys %iowait    %irq   %soft  %steal  %guest  %gnice   %idle
03:03:07 PM    0   54.46    0.00   20.79    0.00    0.00    2.97    0.00    0.00    0.00   21.78

03:03:07 PM  CPU    %usr   %nice    %sys %iowait    %irq   %soft  %steal  %guest  %gnice   %idle
03:03:08 PM    0   58.00    0.00   17.00    0.00    0.00    3.00    0.00    0.00    0.00   22.00

03:03:08 PM  CPU    %usr   %nice    %sys %iowait    %irq   %soft  %steal  %guest  %gnice   %idle
03:03:09 PM    0   50.00    0.00   22.55    0.00    0.00    5.88    0.00    0.00    0.00   21.57

03:03:09 PM  CPU    %usr   %nice    %sys %iowait    %irq   %soft  %steal  %guest  %gnice   %idle
03:03:10 PM    0   52.38    0.00   20.95    0.00    0.00    4.76    0.00    0.00    0.00   21.90

03:03:10 PM  CPU    %usr   %nice    %sys %iowait    %irq   %soft  %steal  %guest  %gnice   %idle
03:03:11 PM    0   53.54    0.00   20.20    0.00    0.00    5.05    0.00    0.00    0.00   21.21

03:03:11 PM  CPU    %usr   %nice    %sys %iowait    %irq   %soft  %steal  %guest  %gnice   %idle
03:03:12 PM    0   52.08    0.00   21.88    0.00    0.00    3.12    0.00    0.00    0.00   22.92

03:03:12 PM  CPU    %usr   %nice    %sys %iowait    %irq   %soft  %steal  %guest  %gnice   %idle
03:03:13 PM    0   48.51    0.00   21.78    0.00    0.00    6.93    0.00    0.00    0.00   22.77

03:03:13 PM  CPU    %usr   %nice    %sys %iowait    %irq   %soft  %steal  %guest  %gnice   %idle
03:03:14 PM    0   51.52    0.00   20.20    0.00    0.00    6.06    0.00    0.00    0.00   22.22

03:03:14 PM  CPU    %usr   %nice    %sys %iowait    %irq   %soft  %steal  %guest  %gnice   %idle
03:03:15 PM    0   50.51    0.00   21.21    0.00    0.00    6.06    0.00    0.00    0.00   22.22

03:03:15 PM  CPU    %usr   %nice    %sys %iowait    %irq   %soft  %steal  %guest  %gnice   %idle
03:03:16 PM    0   55.56    0.00   18.18    0.00    0.00    5.05    0.00    0.00    0.00   21.21

03:03:16 PM  CPU    %usr   %nice    %sys %iowait    %irq   %soft  %steal  %guest  %gnice   %idle
03:03:17 PM    0   54.46    0.00   19.80    0.00    0.00    3.96    0.00    0.00    0.00   21.78

03:03:17 PM  CPU    %usr   %nice    %sys %iowait    %irq   %soft  %steal  %guest  %gnice   %idle
03:03:18 PM    0   51.49    0.00   21.78    0.00    0.00    4.95    0.00    0.00    0.00   21.78

03:03:18 PM  CPU    %usr   %nice    %sys %iowait    %irq   %soft  %steal  %guest  %gnice   %idle
03:03:19 PM    0   51.52    0.00   22.22    0.00    0.00    4.04    0.00    0.00    0.00   22.22

03:03:19 PM  CPU    %usr   %nice    %sys %iowait    %irq   %soft  %steal  %guest  %gnice   %idle
03:03:20 PM    0   52.48    0.00   23.76    0.00    0.00    2.97    0.00    0.00    0.00   20.79

03:03:20 PM  CPU    %usr   %nice    %sys %iowait    %irq   %soft  %steal  %guest  %gnice   %idle
03:03:21 PM    0   50.52    0.00   21.65    0.00    0.00    5.15    0.00    0.00    0.00   22.68

03:03:21 PM  CPU    %usr   %nice    %sys %iowait    %irq   %soft  %steal  %guest  %gnice   %idle
03:03:22 PM    0   53.47    0.00   20.79    0.00    0.00    4.95    0.00    0.00    0.00   20.79

03:03:22 PM  CPU    %usr   %nice    %sys %iowait    %irq   %soft  %steal  %guest  %gnice   %idle
03:03:23 PM    0   53.54    0.00   19.19    0.00    0.00    5.05    0.00    0.00    0.00   22.22

03:03:23 PM  CPU    %usr   %nice    %sys %iowait    %irq   %soft  %steal  %guest  %gnice   %idle
03:03:24 PM    0   52.48    0.00   21.78    0.00    0.00    4.95    0.00    0.00    0.00   20.79

03:03:24 PM  CPU    %usr   %nice    %sys %iowait    %irq   %soft  %steal  %guest  %gnice   %idle
03:03:25 PM    0   51.02    0.00   21.43    0.00    0.00    5.10    0.00    0.00    0.00   22.45

03:03:25 PM  CPU    %usr   %nice    %sys %iowait    %irq   %soft  %steal  %guest  %gnice   %idle
03:03:26 PM    0   52.48    0.00   21.78    0.00    0.00    3.96    0.00    0.00    0.00   21.78

03:03:26 PM  CPU    %usr   %nice    %sys %iowait    %irq   %soft  %steal  %guest  %gnice   %idle
03:03:27 PM    0   55.00    0.00   20.00    0.00    0.00    4.00    0.00    0.00    0.00   21.00

03:03:27 PM  CPU    %usr   %nice    %sys %iowait    %irq   %soft  %steal  %guest  %gnice   %idle
03:03:28 PM    0   49.48    0.00   22.68    0.00    0.00    6.19    0.00    0.00    0.00   21.65

03:03:28 PM  CPU    %usr   %nice    %sys %iowait    %irq   %soft  %steal  %guest  %gnice   %idle
03:03:29 PM    0   50.50    0.00   22.77    0.00    0.00    5.94    0.00    0.00    0.00   20.79

03:03:29 PM  CPU    %usr   %nice    %sys %iowait    %irq   %soft  %steal  %guest  %gnice   %idle
03:03:30 PM    0   50.50    0.00   22.77    0.00    0.00    4.95    0.00    0.00    0.00   21.78

03:03:30 PM  CPU    %usr   %nice    %sys %iowait    %irq   %soft  %steal  %guest  %gnice   %idle
03:03:31 PM    0   56.12    0.00   20.41    0.00    0.00    2.04    0.00    0.00    0.00   21.43

03:03:31 PM  CPU    %usr   %nice    %sys %iowait    %irq   %soft  %steal  %guest  %gnice   %idle
03:03:32 PM    0   58.00    0.00   18.00    0.00    0.00    3.00    0.00    0.00    0.00   21.00

03:03:32 PM  CPU    %usr   %nice    %sys %iowait    %irq   %soft  %steal  %guest  %gnice   %idle
03:03:33 PM    0   52.53    0.00   20.20    0.00    0.00    5.05    0.00    0.00    0.00   22.22

03:03:33 PM  CPU    %usr   %nice    %sys %iowait    %irq   %soft  %steal  %guest  %gnice   %idle
03:03:34 PM    0   49.50    0.00   22.77    0.00    0.00    6.93    0.00    0.00    0.00   20.79

03:03:34 PM  CPU    %usr   %nice    %sys %iowait    %irq   %soft  %steal  %guest  %gnice   %idle
03:03:35 PM    0   54.55    0.00   17.17    0.00    0.00    6.06    0.00    0.00    0.00   22.22

03:03:35 PM  CPU    %usr   %nice    %sys %iowait    %irq   %soft  %steal  %guest  %gnice   %idle
03:03:36 PM    0   50.98    0.00   22.55    0.00    0.00    5.88    0.00    0.00    0.00   20.59

03:03:36 PM  CPU    %usr   %nice    %sys %iowait    %irq   %soft  %steal  %guest  %gnice   %idle
03:03:37 PM    0   52.53    0.00   19.19    0.00    0.00    6.06    0.00    0.00    0.00   22.22

03:03:37 PM  CPU    %usr   %nice    %sys %iowait    %irq   %soft  %steal  %guest  %gnice   %idle
03:03:38 PM    0   53.40    0.00   21.36    0.00    0.00    3.88    0.00    0.00    0.00   21.36

03:03:38 PM  CPU    %usr   %nice    %sys %iowait    %irq   %soft  %steal  %guest  %gnice   %idle
03:03:39 PM    0   55.77    0.00   21.15    0.00    0.00    2.88    0.00    0.00    0.00   20.19

03:03:39 PM  CPU    %usr   %nice    %sys %iowait    %irq   %soft  %steal  %guest  %gnice   %idle
03:03:40 PM    0   54.90    0.00   16.67    0.00    0.00    7.84    0.00    0.00    0.00   20.59

03:03:40 PM  CPU    %usr   %nice    %sys %iowait    %irq   %soft  %steal  %guest  %gnice   %idle
03:03:41 PM    0   52.53    0.00   21.21    0.00    0.00    4.04    0.00    0.00    0.00   22.22

03:03:41 PM  CPU    %usr   %nice    %sys %iowait    %irq   %soft  %steal  %guest  %gnice   %idle
03:03:42 PM    0   52.04    0.00   22.45    0.00    0.00    4.08    0.00    0.00    0.00   21.43

03:03:42 PM  CPU    %usr   %nice    %sys %iowait    %irq   %soft  %steal  %guest  %gnice   %idle
03:03:43 PM    0   52.53    0.00   17.17    0.00    0.00    8.08    0.00    0.00    0.00   22.22

03:03:43 PM  CPU    %usr   %nice    %sys %iowait    %irq   %soft  %steal  %guest  %gnice   %idle
03:03:44 PM    0   53.47    0.00   17.82    0.00    0.00    6.93    0.00    0.00    0.00   21.78

03:03:44 PM  CPU    %usr   %nice    %sys %iowait    %irq   %soft  %steal  %guest  %gnice   %idle
03:03:45 PM    0   51.00    0.00   21.00    0.00    0.00    6.00    0.00    0.00    0.00   22.00

03:03:45 PM  CPU    %usr   %nice    %sys %iowait    %irq   %soft  %steal  %guest  %gnice   %idle
03:03:46 PM    0   55.10    0.00   18.37    0.00    0.00    5.10    0.00    0.00    0.00   21.43

03:03:46 PM  CPU    %usr   %nice    %sys %iowait    %irq   %soft  %steal  %guest  %gnice   %idle
03:03:47 PM    0   55.56    0.00   19.19    0.00    0.00    4.04    0.00    0.00    0.00   21.21

03:03:47 PM  CPU    %usr   %nice    %sys %iowait    %irq   %soft  %steal  %guest  %gnice   %idle
03:03:48 PM    0   55.00    0.00   18.00    0.00    0.00    4.00    0.00    0.00    0.00   23.00

03:03:48 PM  CPU    %usr   %nice    %sys %iowait    %irq   %soft  %steal  %guest  %gnice   %idle
03:03:49 PM    0   52.04    0.00   23.47    0.00    0.00    3.06    0.00    0.00    0.00   21.43

03:03:49 PM  CPU    %usr   %nice    %sys %iowait    %irq   %soft  %steal  %guest  %gnice   %idle
03:03:50 PM    0   55.56    0.00   17.17    0.00    0.00    4.04    0.00    0.00    0.00   23.23

03:03:50 PM  CPU    %usr   %nice    %sys %iowait    %irq   %soft  %steal  %guest  %gnice   %idle
03:03:51 PM    0   52.48    0.00   22.77    0.00    0.00    3.96    0.00    0.00    0.00   20.79

03:03:51 PM  CPU    %usr   %nice    %sys %iowait    %irq   %soft  %steal  %guest  %gnice   %idle
03:03:52 PM    0   52.04    0.00   21.43    0.00    0.00    5.10    0.00    0.00    0.00   21.43

03:03:52 PM  CPU    %usr   %nice    %sys %iowait    %irq   %soft  %steal  %guest  %gnice   %idle
03:03:53 PM    0   47.57    0.00   27.18    0.00    0.00    3.88    0.00    0.00    0.00   21.36

03:03:53 PM  CPU    %usr   %nice    %sys %iowait    %irq   %soft  %steal  %guest  %gnice   %idle
03:03:54 PM    0   49.48    0.00   21.65    0.00    0.00    6.19    0.00    0.00    0.00   22.68

03:03:54 PM  CPU    %usr   %nice    %sys %iowait    %irq   %soft  %steal  %guest  %gnice   %idle
03:03:55 PM    0   54.00    0.00   20.00    0.00    0.00    5.00    0.00    0.00    0.00   21.00

03:03:55 PM  CPU    %usr   %nice    %sys %iowait    %irq   %soft  %steal  %guest  %gnice   %idle
03:03:56 PM    0   52.53    0.00   21.21    0.00    0.00    4.04    0.00    0.00    0.00   22.22

03:03:56 PM  CPU    %usr   %nice    %sys %iowait    %irq   %soft  %steal  %guest  %gnice   %idle
03:03:57 PM    0   51.02    0.00   21.43    0.00    0.00    6.12    0.00    0.00    0.00   21.43

03:03:57 PM  CPU    %usr   %nice    %sys %iowait    %irq   %soft  %steal  %guest  %gnice   %idle
03:03:58 PM    0   53.47    0.00   20.79    0.00    0.00    3.96    0.00    0.00    0.00   21.78

03:03:58 PM  CPU    %usr   %nice    %sys %iowait    %irq   %soft  %steal  %guest  %gnice   %idle
03:03:59 PM    0   52.94    0.00   22.55    0.00    0.00    3.92    0.00    0.00    0.00   20.59

03:03:59 PM  CPU    %usr   %nice    %sys %iowait    %irq   %soft  %steal  %guest  %gnice   %idle
03:04:00 PM    0   53.61    0.00   18.56    0.00    0.00    4.12    0.00    0.00    0.00   23.71

03:04:00 PM  CPU    %usr   %nice    %sys %iowait    %irq   %soft  %steal  %guest  %gnice   %idle
03:04:01 PM    0   57.58    0.00   16.16    0.00    0.00    5.05    0.00    0.00    0.00   21.21

03:04:01 PM  CPU    %usr   %nice    %sys %iowait    %irq   %soft  %steal  %guest  %gnice   %idle
03:04:02 PM    0   47.47    0.00   24.24    0.00    0.00    7.07    0.00    0.00    0.00   21.21

03:04:02 PM  CPU    %usr   %nice    %sys %iowait    %irq   %soft  %steal  %guest  %gnice   %idle
03:04:03 PM    0   57.43    0.00   19.80    0.00    0.00    2.97    0.00    0.00    0.00   19.80

03:04:03 PM  CPU    %usr   %nice    %sys %iowait    %irq   %soft  %steal  %guest  %gnice   %idle
03:04:04 PM    0   57.43    0.00   17.82    0.00    0.00    4.95    0.00    0.00    0.00   19.80

03:04:04 PM  CPU    %usr   %nice    %sys %iowait    %irq   %soft  %steal  %guest  %gnice   %idle
03:04:05 PM    0   55.00    0.00   18.00    0.00    0.00    6.00    0.00    0.00    0.00   21.00

03:04:05 PM  CPU    %usr   %nice    %sys %iowait    %irq   %soft  %steal  %guest  %gnice   %idle
03:04:06 PM    0   47.06    0.00   25.49    0.00    0.00    5.88    0.00    0.00    0.00   21.57

03:04:06 PM  CPU    %usr   %nice    %sys %iowait    %irq   %soft  %steal  %guest  %gnice   %idle
03:04:07 PM    0   55.56    0.00   17.17    0.00    0.00    6.06    0.00    0.00    0.00   21.21

03:04:07 PM  CPU    %usr   %nice    %sys %iowait    %irq   %soft  %steal  %guest  %gnice   %idle
03:04:08 PM    0   52.00    0.00   21.00    0.00    0.00    5.00    0.00    0.00    0.00   22.00

03:04:08 PM  CPU    %usr   %nice    %sys %iowait    %irq   %soft  %steal  %guest  %gnice   %idle
03:04:09 PM    0   52.43    0.00   21.36    0.00    0.00    5.83    0.00    0.00    0.00   20.39

03:04:09 PM  CPU    %usr   %nice    %sys %iowait    %irq   %soft  %steal  %guest  %gnice   %idle
03:04:10 PM    0   52.58    0.00   20.62    0.00    0.00    5.15    0.00    0.00    0.00   21.65

03:04:10 PM  CPU    %usr   %nice    %sys %iowait    %irq   %soft  %steal  %guest  %gnice   %idle
03:04:11 PM    0   51.52    0.00   22.22    0.00    0.00    4.04    0.00    0.00    0.00   22.22

03:04:11 PM  CPU    %usr   %nice    %sys %iowait    %irq   %soft  %steal  %guest  %gnice   %idle
03:04:12 PM    0   55.77    0.00   18.27    0.00    0.00    4.81    0.00    0.00    0.00   21.15

03:04:12 PM  CPU    %usr   %nice    %sys %iowait    %irq   %soft  %steal  %guest  %gnice   %idle
03:04:13 PM    0   49.49    0.00   23.23    0.00    0.00    6.06    0.00    0.00    0.00   21.21

03:04:13 PM  CPU    %usr   %nice    %sys %iowait    %irq   %soft  %steal  %guest  %gnice   %idle
03:04:14 PM    0   55.10    0.00   19.39    0.00    0.00    3.06    0.00    0.00    0.00   22.45

03:04:14 PM  CPU    %usr   %nice    %sys %iowait    %irq   %soft  %steal  %guest  %gnice   %idle
03:04:15 PM    0   49.49    0.00   24.24    0.00    0.00    4.04    0.00    0.00    0.00   22.22

03:04:15 PM  CPU    %usr   %nice    %sys %iowait    %irq   %soft  %steal  %guest  %gnice   %idle
03:04:16 PM    0   51.49    0.00   21.78    0.00    0.00    4.95    0.00    0.00    0.00   21.78

03:04:16 PM  CPU    %usr   %nice    %sys %iowait    %irq   %soft  %steal  %guest  %gnice   %idle
03:04:17 PM    0   52.04    0.00   19.39    0.00    0.00    6.12    0.00    0.00    0.00   22.45

03:04:17 PM  CPU    %usr   %nice    %sys %iowait    %irq   %soft  %steal  %guest  %gnice   %idle
03:04:18 PM    0   53.47    0.00   22.77    0.00    0.00    2.97    0.00    0.00    0.00   20.79

03:04:18 PM  CPU    %usr   %nice    %sys %iowait    %irq   %soft  %steal  %guest  %gnice   %idle
03:04:19 PM    0   50.50    0.00   22.77    0.00    0.00    4.95    0.00    0.00    0.00   21.78

03:04:19 PM  CPU    %usr   %nice    %sys %iowait    %irq   %soft  %steal  %guest  %gnice   %idle
03:04:20 PM    0   51.52    0.00   20.20    0.00    0.00    7.07    0.00    0.00    0.00   21.21

03:04:20 PM  CPU    %usr   %nice    %sys %iowait    %irq   %soft  %steal  %guest  %gnice   %idle
03:04:21 PM    0   51.02    0.00   20.41    0.00    0.00    6.12    0.00    0.00    0.00   22.45

03:04:21 PM  CPU    %usr   %nice    %sys %iowait    %irq   %soft  %steal  %guest  %gnice   %idle
03:04:22 PM    0   52.04    0.00   21.43    0.00    0.00    5.10    0.00    0.00    0.00   21.43

03:04:22 PM  CPU    %usr   %nice    %sys %iowait    %irq   %soft  %steal  %guest  %gnice   %idle
03:04:23 PM    0   48.04    0.00   24.51    0.00    0.00    5.88    0.00    0.00    0.00   21.57

03:04:23 PM  CPU    %usr   %nice    %sys %iowait    %irq   %soft  %steal  %guest  %gnice   %idle
03:04:24 PM    0   54.08    0.00   20.41    0.00    0.00    5.10    0.00    0.00    0.00   20.41

03:04:24 PM  CPU    %usr   %nice    %sys %iowait    %irq   %soft  %steal  %guest  %gnice   %idle
03:04:25 PM    0   52.00    0.00   20.00    0.00    0.00    6.00    0.00    0.00    0.00   22.00

03:04:25 PM  CPU    %usr   %nice    %sys %iowait    %irq   %soft  %steal  %guest  %gnice   %idle
03:04:26 PM    0   54.90    0.00   19.61    0.00    0.00    3.92    0.00    0.00    0.00   21.57

03:04:26 PM  CPU    %usr   %nice    %sys %iowait    %irq   %soft  %steal  %guest  %gnice   %idle
03:04:27 PM    0   50.49    0.00   22.33    0.00    0.00    6.80    0.00    0.00    0.00   20.39

03:04:27 PM  CPU    %usr   %nice    %sys %iowait    %irq   %soft  %steal  %guest  %gnice   %idle
03:04:28 PM    0   52.53    0.00   21.21    0.00    0.00    4.04    0.00    0.00    0.00   22.22

03:04:28 PM  CPU    %usr   %nice    %sys %iowait    %irq   %soft  %steal  %guest  %gnice   %idle
03:04:29 PM    0   52.00    0.00   20.00    0.00    0.00    7.00    0.00    0.00    0.00   21.00

03:04:29 PM  CPU    %usr   %nice    %sys %iowait    %irq   %soft  %steal  %guest  %gnice   %idle
03:04:30 PM    0   54.46    0.00   16.83    0.00    0.00    6.93    0.00    0.00    0.00   21.78

03:04:30 PM  CPU    %usr   %nice    %sys %iowait    %irq   %soft  %steal  %guest  %gnice   %idle
03:04:31 PM    0   54.08    0.00   19.39    0.00    0.00    5.10    0.00    0.00    0.00   21.43

03:04:31 PM  CPU    %usr   %nice    %sys %iowait    %irq   %soft  %steal  %guest  %gnice   %idle
03:04:32 PM    0   56.57    0.00   18.18    0.00    0.00    4.04    0.00    0.00    0.00   21.21

03:04:32 PM  CPU    %usr   %nice    %sys %iowait    %irq   %soft  %steal  %guest  %gnice   %idle
03:04:33 PM    0   56.57    0.00   17.17    0.00    0.00    5.05    0.00    0.00    0.00   21.21

03:04:33 PM  CPU    %usr   %nice    %sys %iowait    %irq   %soft  %steal  %guest  %gnice   %idle
03:04:34 PM    0   52.48    0.00   20.79    0.00    0.00    5.94    0.00    0.00    0.00   20.79

03:04:34 PM  CPU    %usr   %nice    %sys %iowait    %irq   %soft  %steal  %guest  %gnice   %idle
03:04:35 PM    0   53.00    0.00   18.00    0.00    0.00    7.00    0.00    0.00    0.00   22.00

03:04:35 PM  CPU    %usr   %nice    %sys %iowait    %irq   %soft  %steal  %guest  %gnice   %idle
03:04:36 PM    0   51.00    0.00   25.00    0.00    0.00    3.00    0.00    0.00    0.00   21.00

03:04:36 PM  CPU    %usr   %nice    %sys %iowait    %irq   %soft  %steal  %guest  %gnice   %idle
03:04:37 PM    0   51.04    0.00   21.88    0.00    0.00    5.21    0.00    0.00    0.00   21.88

03:04:37 PM  CPU    %usr   %nice    %sys %iowait    %irq   %soft  %steal  %guest  %gnice   %idle
03:04:38 PM    0   55.00    0.00   16.00    0.00    0.00    7.00    0.00    0.00    0.00   22.00

03:04:38 PM  CPU    %usr   %nice    %sys %iowait    %irq   %soft  %steal  %guest  %gnice   %idle
03:04:39 PM    0   52.48    0.00   21.78    0.00    0.00    4.95    0.00    0.00    0.00   20.79

03:04:39 PM  CPU    %usr   %nice    %sys %iowait    %irq   %soft  %steal  %guest  %gnice   %idle
03:04:40 PM    0   54.00    0.00   22.00    0.00    0.00    4.00    0.00    0.00    0.00   20.00

Average:     CPU    %usr   %nice    %sys %iowait    %irq   %soft  %steal  %guest  %gnice   %idle
Average:       0   52.69    0.00   20.68    0.00    0.00    5.03    0.00    0.00    0.00   21.60
