Linux 5.3.0-61-generic (cw-zenbook) 	07/16/2020 	_x86_64_	(8 CPU)

05:21:25 PM  CPU    %usr   %nice    %sys %iowait    %irq   %soft  %steal  %guest  %gnice   %idle
05:21:26 PM    0   53.00    0.00   22.00    0.00    0.00    3.00    0.00    0.00    0.00   22.00

05:21:26 PM  CPU    %usr   %nice    %sys %iowait    %irq   %soft  %steal  %guest  %gnice   %idle
05:21:27 PM    0   49.50    0.00   20.79    0.00    0.00    6.93    0.00    0.00    0.00   22.77

05:21:27 PM  CPU    %usr   %nice    %sys %iowait    %irq   %soft  %steal  %guest  %gnice   %idle
05:21:28 PM    0   52.53    0.00   20.20    0.00    0.00    5.05    0.00    0.00    0.00   22.22

05:21:28 PM  CPU    %usr   %nice    %sys %iowait    %irq   %soft  %steal  %guest  %gnice   %idle
05:21:29 PM    0   48.48    0.00   24.24    0.00    0.00    5.05    0.00    0.00    0.00   22.22

05:21:29 PM  CPU    %usr   %nice    %sys %iowait    %irq   %soft  %steal  %guest  %gnice   %idle
05:21:30 PM    0   50.00    0.00   23.53    0.00    0.00    3.92    0.00    0.00    0.00   22.55

05:21:30 PM  CPU    %usr   %nice    %sys %iowait    %irq   %soft  %steal  %guest  %gnice   %idle
05:21:31 PM    0   53.54    0.00   20.20    0.00    0.00    4.04    0.00    0.00    0.00   22.22

05:21:31 PM  CPU    %usr   %nice    %sys %iowait    %irq   %soft  %steal  %guest  %gnice   %idle
05:21:32 PM    0   53.00    0.00   20.00    0.00    0.00    5.00    0.00    0.00    0.00   22.00

05:21:32 PM  CPU    %usr   %nice    %sys %iowait    %irq   %soft  %steal  %guest  %gnice   %idle
05:21:33 PM    0   46.88    0.00   21.88    0.00    0.00    8.33    0.00    0.00    0.00   22.92

05:21:33 PM  CPU    %usr   %nice    %sys %iowait    %irq   %soft  %steal  %guest  %gnice   %idle
05:21:34 PM    0   50.50    0.00   20.79    0.00    0.00    5.94    0.00    0.00    0.00   22.77

05:21:34 PM  CPU    %usr   %nice    %sys %iowait    %irq   %soft  %steal  %guest  %gnice   %idle
05:21:35 PM    0   50.00    0.00   23.47    0.00    0.00    4.08    0.00    0.00    0.00   22.45

05:21:35 PM  CPU    %usr   %nice    %sys %iowait    %irq   %soft  %steal  %guest  %gnice   %idle
05:21:36 PM    0   52.94    0.00   22.55    0.00    0.00    2.94    0.00    0.00    0.00   21.57

05:21:36 PM  CPU    %usr   %nice    %sys %iowait    %irq   %soft  %steal  %guest  %gnice   %idle
05:21:37 PM    0   57.28    0.00   17.48    0.00    0.00    3.88    0.00    0.00    0.00   21.36

05:21:37 PM  CPU    %usr   %nice    %sys %iowait    %irq   %soft  %steal  %guest  %gnice   %idle
05:21:38 PM    0   50.50    0.00   22.77    0.00    0.00    3.96    0.00    0.00    0.00   22.77

05:21:38 PM  CPU    %usr   %nice    %sys %iowait    %irq   %soft  %steal  %guest  %gnice   %idle
05:21:39 PM    0   56.00    0.00   16.00    0.00    0.00    6.00    0.00    0.00    0.00   22.00

05:21:39 PM  CPU    %usr   %nice    %sys %iowait    %irq   %soft  %steal  %guest  %gnice   %idle
05:21:40 PM    0   51.49    0.00   22.77    0.00    0.00    3.96    0.00    0.00    0.00   21.78

05:21:40 PM  CPU    %usr   %nice    %sys %iowait    %irq   %soft  %steal  %guest  %gnice   %idle
05:21:41 PM    0   49.02    0.00   22.55    0.00    0.00    6.86    0.00    0.00    0.00   21.57

05:21:41 PM  CPU    %usr   %nice    %sys %iowait    %irq   %soft  %steal  %guest  %gnice   %idle
05:21:42 PM    0   50.00    0.00   21.57    0.00    0.00    5.88    0.00    0.00    0.00   22.55

05:21:42 PM  CPU    %usr   %nice    %sys %iowait    %irq   %soft  %steal  %guest  %gnice   %idle
05:21:43 PM    0   50.51    0.00   21.21    0.00    0.00    6.06    0.00    0.00    0.00   22.22

05:21:43 PM  CPU    %usr   %nice    %sys %iowait    %irq   %soft  %steal  %guest  %gnice   %idle
05:21:44 PM    0   48.98    0.00   22.45    0.00    0.00    5.10    0.00    0.00    0.00   23.47

05:21:44 PM  CPU    %usr   %nice    %sys %iowait    %irq   %soft  %steal  %guest  %gnice   %idle
05:21:45 PM    0   54.90    0.00   17.65    0.00    0.00    5.88    0.00    0.00    0.00   21.57

05:21:45 PM  CPU    %usr   %nice    %sys %iowait    %irq   %soft  %steal  %guest  %gnice   %idle
05:21:46 PM    0   54.55    0.00   19.19    0.00    0.00    4.04    0.00    0.00    0.00   22.22

05:21:46 PM  CPU    %usr   %nice    %sys %iowait    %irq   %soft  %steal  %guest  %gnice   %idle
05:21:47 PM    0   51.52    0.00   20.20    0.00    0.00    6.06    0.00    0.00    0.00   22.22

05:21:47 PM  CPU    %usr   %nice    %sys %iowait    %irq   %soft  %steal  %guest  %gnice   %idle
05:21:48 PM    0   57.84    0.00   17.65    0.00    0.00    2.94    0.00    0.00    0.00   21.57

05:21:48 PM  CPU    %usr   %nice    %sys %iowait    %irq   %soft  %steal  %guest  %gnice   %idle
05:21:49 PM    0   44.00    0.00   24.00    0.00    0.00   10.00    0.00    0.00    0.00   22.00

05:21:49 PM  CPU    %usr   %nice    %sys %iowait    %irq   %soft  %steal  %guest  %gnice   %idle
05:21:50 PM    0   52.53    0.00   22.22    0.00    0.00    3.03    0.00    0.00    0.00   22.22

05:21:50 PM  CPU    %usr   %nice    %sys %iowait    %irq   %soft  %steal  %guest  %gnice   %idle
05:21:51 PM    0   50.50    0.00   21.78    0.00    0.00    4.95    0.00    0.00    0.00   22.77

05:21:51 PM  CPU    %usr   %nice    %sys %iowait    %irq   %soft  %steal  %guest  %gnice   %idle
05:21:52 PM    0   51.52    0.00   20.20    0.00    0.00    6.06    0.00    0.00    0.00   22.22

05:21:52 PM  CPU    %usr   %nice    %sys %iowait    %irq   %soft  %steal  %guest  %gnice   %idle
05:21:53 PM    0   52.00    0.00   22.00    0.00    0.00    4.00    0.00    0.00    0.00   22.00

05:21:53 PM  CPU    %usr   %nice    %sys %iowait    %irq   %soft  %steal  %guest  %gnice   %idle
05:21:54 PM    0   50.51    0.00   20.20    0.00    0.00    7.07    0.00    0.00    0.00   22.22

05:21:54 PM  CPU    %usr   %nice    %sys %iowait    %irq   %soft  %steal  %guest  %gnice   %idle
05:21:55 PM    0   53.54    0.00   19.19    0.00    0.00    4.04    0.00    0.00    0.00   23.23

05:21:55 PM  CPU    %usr   %nice    %sys %iowait    %irq   %soft  %steal  %guest  %gnice   %idle
05:21:56 PM    0   51.49    0.00   22.77    0.00    0.00    3.96    0.00    0.00    0.00   21.78

05:21:56 PM  CPU    %usr   %nice    %sys %iowait    %irq   %soft  %steal  %guest  %gnice   %idle
05:21:57 PM    0   51.55    0.00   17.53    0.00    0.00    8.25    0.00    0.00    0.00   22.68

05:21:57 PM  CPU    %usr   %nice    %sys %iowait    %irq   %soft  %steal  %guest  %gnice   %idle
05:21:58 PM    0   51.96    0.00   19.61    0.00    0.00    5.88    0.00    0.00    0.00   22.55

05:21:58 PM  CPU    %usr   %nice    %sys %iowait    %irq   %soft  %steal  %guest  %gnice   %idle
05:21:59 PM    0   54.17    0.00   16.67    0.00    0.00    6.25    0.00    0.00    0.00   22.92

05:21:59 PM  CPU    %usr   %nice    %sys %iowait    %irq   %soft  %steal  %guest  %gnice   %idle
05:22:00 PM    0   52.48    0.00   20.79    0.00    0.00    3.96    0.00    0.00    0.00   22.77

05:22:00 PM  CPU    %usr   %nice    %sys %iowait    %irq   %soft  %steal  %guest  %gnice   %idle
05:22:01 PM    0   56.12    0.00   16.33    0.00    0.00    4.08    0.00    0.00    0.00   23.47

05:22:01 PM  CPU    %usr   %nice    %sys %iowait    %irq   %soft  %steal  %guest  %gnice   %idle
05:22:02 PM    0   50.50    0.00   19.80    0.00    0.00    7.92    0.00    0.00    0.00   21.78

05:22:02 PM  CPU    %usr   %nice    %sys %iowait    %irq   %soft  %steal  %guest  %gnice   %idle
05:22:03 PM    0   53.06    0.00   19.39    0.00    0.00    5.10    0.00    0.00    0.00   22.45

05:22:03 PM  CPU    %usr   %nice    %sys %iowait    %irq   %soft  %steal  %guest  %gnice   %idle
05:22:04 PM    0   56.44    0.00   18.81    0.00    0.00    2.97    0.00    0.00    0.00   21.78

05:22:04 PM  CPU    %usr   %nice    %sys %iowait    %irq   %soft  %steal  %guest  %gnice   %idle
05:22:05 PM    0   53.54    0.00   21.21    0.00    0.00    3.03    0.00    0.00    0.00   22.22

05:22:05 PM  CPU    %usr   %nice    %sys %iowait    %irq   %soft  %steal  %guest  %gnice   %idle
05:22:06 PM    0   50.00    0.00   20.00    0.00    0.00    8.00    0.00    0.00    0.00   22.00

05:22:06 PM  CPU    %usr   %nice    %sys %iowait    %irq   %soft  %steal  %guest  %gnice   %idle
05:22:07 PM    0   53.00    0.00   20.00    0.00    0.00    4.00    0.00    0.00    0.00   23.00

05:22:07 PM  CPU    %usr   %nice    %sys %iowait    %irq   %soft  %steal  %guest  %gnice   %idle
05:22:08 PM    0   51.52    0.00   18.18    0.00    0.00    7.07    0.00    0.00    0.00   23.23

05:22:08 PM  CPU    %usr   %nice    %sys %iowait    %irq   %soft  %steal  %guest  %gnice   %idle
05:22:09 PM    0   53.00    0.00   20.00    0.00    0.00    4.00    0.00    0.00    0.00   23.00

05:22:09 PM  CPU    %usr   %nice    %sys %iowait    %irq   %soft  %steal  %guest  %gnice   %idle
05:22:10 PM    0   52.00    0.00   20.00    0.00    0.00    6.00    0.00    0.00    0.00   22.00

05:22:10 PM  CPU    %usr   %nice    %sys %iowait    %irq   %soft  %steal  %guest  %gnice   %idle
05:22:11 PM    0   52.94    0.00   16.67    0.00    0.00    7.84    0.00    0.00    0.00   22.55

05:22:11 PM  CPU    %usr   %nice    %sys %iowait    %irq   %soft  %steal  %guest  %gnice   %idle
05:22:12 PM    0   54.55    0.00   20.20    0.00    0.00    3.03    0.00    0.00    0.00   22.22

05:22:12 PM  CPU    %usr   %nice    %sys %iowait    %irq   %soft  %steal  %guest  %gnice   %idle
05:22:13 PM    0   51.49    0.00   21.78    0.00    0.00    4.95    0.00    0.00    0.00   21.78

05:22:13 PM  CPU    %usr   %nice    %sys %iowait    %irq   %soft  %steal  %guest  %gnice   %idle
05:22:14 PM    0   50.51    0.00   22.22    0.00    0.00    4.04    0.00    0.00    0.00   23.23

05:22:14 PM  CPU    %usr   %nice    %sys %iowait    %irq   %soft  %steal  %guest  %gnice   %idle
05:22:15 PM    0   54.46    0.00   19.80    0.00    0.00    3.96    0.00    0.00    0.00   21.78

05:22:15 PM  CPU    %usr   %nice    %sys %iowait    %irq   %soft  %steal  %guest  %gnice   %idle
05:22:16 PM    0   50.00    0.00   19.39    0.00    0.00    7.14    0.00    0.00    0.00   23.47

05:22:16 PM  CPU    %usr   %nice    %sys %iowait    %irq   %soft  %steal  %guest  %gnice   %idle
05:22:17 PM    0   50.00    0.00   19.00    0.00    0.00    8.00    0.00    0.00    0.00   23.00

05:22:17 PM  CPU    %usr   %nice    %sys %iowait    %irq   %soft  %steal  %guest  %gnice   %idle
05:22:18 PM    0   50.98    0.00   23.53    0.00    0.00    3.92    0.00    0.00    0.00   21.57

05:22:18 PM  CPU    %usr   %nice    %sys %iowait    %irq   %soft  %steal  %guest  %gnice   %idle
05:22:19 PM    0   54.08    0.00   16.33    0.00    0.00    6.12    0.00    0.00    0.00   23.47

05:22:19 PM  CPU    %usr   %nice    %sys %iowait    %irq   %soft  %steal  %guest  %gnice   %idle
05:22:20 PM    0   51.00    0.00   19.00    0.00    0.00    8.00    0.00    0.00    0.00   22.00

05:22:20 PM  CPU    %usr   %nice    %sys %iowait    %irq   %soft  %steal  %guest  %gnice   %idle
05:22:21 PM    0   53.06    0.00   18.37    0.00    0.00    5.10    0.00    0.00    0.00   23.47

05:22:21 PM  CPU    %usr   %nice    %sys %iowait    %irq   %soft  %steal  %guest  %gnice   %idle
05:22:22 PM    0   51.00    0.00   20.00    0.00    0.00    6.00    0.00    0.00    0.00   23.00

05:22:22 PM  CPU    %usr   %nice    %sys %iowait    %irq   %soft  %steal  %guest  %gnice   %idle
05:22:23 PM    0   53.00    0.00   18.00    0.00    0.00    7.00    0.00    0.00    0.00   22.00

05:22:23 PM  CPU    %usr   %nice    %sys %iowait    %irq   %soft  %steal  %guest  %gnice   %idle
05:22:24 PM    0   52.04    0.00   22.45    0.00    0.00    3.06    0.00    0.00    0.00   22.45

05:22:24 PM  CPU    %usr   %nice    %sys %iowait    %irq   %soft  %steal  %guest  %gnice   %idle
05:22:25 PM    0   51.52    0.00   21.21    0.00    0.00    4.04    0.00    0.00    0.00   23.23

05:22:25 PM  CPU    %usr   %nice    %sys %iowait    %irq   %soft  %steal  %guest  %gnice   %idle
05:22:26 PM    0   51.00    0.00   20.00    0.00    0.00    6.00    0.00    0.00    0.00   23.00

05:22:26 PM  CPU    %usr   %nice    %sys %iowait    %irq   %soft  %steal  %guest  %gnice   %idle
05:22:27 PM    0   50.00    0.00   24.00    0.00    0.00    3.00    0.00    0.00    0.00   23.00

05:22:27 PM  CPU    %usr   %nice    %sys %iowait    %irq   %soft  %steal  %guest  %gnice   %idle
05:22:28 PM    0   55.67    0.00   17.53    0.00    0.00    4.12    0.00    0.00    0.00   22.68

05:22:28 PM  CPU    %usr   %nice    %sys %iowait    %irq   %soft  %steal  %guest  %gnice   %idle
05:22:29 PM    0   53.47    0.00   18.81    0.00    0.00    4.95    0.00    0.00    0.00   22.77

05:22:29 PM  CPU    %usr   %nice    %sys %iowait    %irq   %soft  %steal  %guest  %gnice   %idle
05:22:30 PM    0   50.00    0.00   22.55    0.00    0.00    5.88    0.00    0.00    0.00   21.57

05:22:30 PM  CPU    %usr   %nice    %sys %iowait    %irq   %soft  %steal  %guest  %gnice   %idle
05:22:31 PM    0   55.45    0.00   15.84    0.00    0.00    5.94    0.00    0.00    0.00   22.77

05:22:31 PM  CPU    %usr   %nice    %sys %iowait    %irq   %soft  %steal  %guest  %gnice   %idle
05:22:32 PM    0   54.55    0.00   16.16    0.00    0.00    6.06    0.00    0.00    0.00   23.23

05:22:32 PM  CPU    %usr   %nice    %sys %iowait    %irq   %soft  %steal  %guest  %gnice   %idle
05:22:33 PM    0   52.48    0.00   21.78    0.00    0.00    2.97    0.00    0.00    0.00   22.77

05:22:33 PM  CPU    %usr   %nice    %sys %iowait    %irq   %soft  %steal  %guest  %gnice   %idle
05:22:34 PM    0   48.04    0.00   20.59    0.00    0.00    9.80    0.00    0.00    0.00   21.57

05:22:34 PM  CPU    %usr   %nice    %sys %iowait    %irq   %soft  %steal  %guest  %gnice   %idle
05:22:35 PM    0   51.00    0.00   22.00    0.00    0.00    4.00    0.00    0.00    0.00   23.00

05:22:35 PM  CPU    %usr   %nice    %sys %iowait    %irq   %soft  %steal  %guest  %gnice   %idle
05:22:36 PM    0   49.49    0.00   24.24    0.00    0.00    3.03    0.00    0.00    0.00   23.23

05:22:36 PM  CPU    %usr   %nice    %sys %iowait    %irq   %soft  %steal  %guest  %gnice   %idle
05:22:37 PM    0   50.00    0.00   19.79    0.00    0.00    7.29    0.00    0.00    0.00   22.92

05:22:37 PM  CPU    %usr   %nice    %sys %iowait    %irq   %soft  %steal  %guest  %gnice   %idle
05:22:38 PM    0   54.46    0.00   19.80    0.00    0.00    2.97    0.00    0.00    0.00   22.77

05:22:38 PM  CPU    %usr   %nice    %sys %iowait    %irq   %soft  %steal  %guest  %gnice   %idle
05:22:39 PM    0   50.00    0.00   18.37    0.00    0.00    8.16    0.00    0.00    0.00   23.47

05:22:39 PM  CPU    %usr   %nice    %sys %iowait    %irq   %soft  %steal  %guest  %gnice   %idle
05:22:40 PM    0   55.10    0.00   16.33    0.00    0.00    5.10    0.00    0.00    0.00   23.47

05:22:40 PM  CPU    %usr   %nice    %sys %iowait    %irq   %soft  %steal  %guest  %gnice   %idle
05:22:41 PM    0   51.00    0.00   21.00    0.00    0.00    5.00    0.00    0.00    0.00   23.00

05:22:41 PM  CPU    %usr   %nice    %sys %iowait    %irq   %soft  %steal  %guest  %gnice   %idle
05:22:42 PM    0   51.46    0.00   21.36    0.00    0.00    4.85    0.00    0.00    0.00   22.33

05:22:42 PM  CPU    %usr   %nice    %sys %iowait    %irq   %soft  %steal  %guest  %gnice   %idle
05:22:43 PM    0   48.98    0.00   23.47    0.00    0.00    5.10    0.00    0.00    0.00   22.45

05:22:43 PM  CPU    %usr   %nice    %sys %iowait    %irq   %soft  %steal  %guest  %gnice   %idle
05:22:44 PM    0   52.00    0.00   20.00    0.00    0.00    5.00    0.00    0.00    0.00   23.00

05:22:44 PM  CPU    %usr   %nice    %sys %iowait    %irq   %soft  %steal  %guest  %gnice   %idle
05:22:45 PM    0   53.61    0.00   16.49    0.00    0.00    6.19    0.00    0.00    0.00   23.71

05:22:45 PM  CPU    %usr   %nice    %sys %iowait    %irq   %soft  %steal  %guest  %gnice   %idle
05:22:46 PM    0   51.52    0.00   20.20    0.00    0.00    5.05    0.00    0.00    0.00   23.23

05:22:46 PM  CPU    %usr   %nice    %sys %iowait    %irq   %soft  %steal  %guest  %gnice   %idle
05:22:47 PM    0   57.58    0.00   15.15    0.00    0.00    5.05    0.00    0.00    0.00   22.22

05:22:47 PM  CPU    %usr   %nice    %sys %iowait    %irq   %soft  %steal  %guest  %gnice   %idle
05:22:48 PM    0   51.49    0.00   19.80    0.00    0.00    5.94    0.00    0.00    0.00   22.77

05:22:48 PM  CPU    %usr   %nice    %sys %iowait    %irq   %soft  %steal  %guest  %gnice   %idle
05:22:49 PM    0   55.10    0.00   19.39    0.00    0.00    3.06    0.00    0.00    0.00   22.45

05:22:49 PM  CPU    %usr   %nice    %sys %iowait    %irq   %soft  %steal  %guest  %gnice   %idle
05:22:50 PM    0   54.90    0.00   19.61    0.00    0.00    3.92    0.00    0.00    0.00   21.57

05:22:50 PM  CPU    %usr   %nice    %sys %iowait    %irq   %soft  %steal  %guest  %gnice   %idle
05:22:51 PM    0   52.00    0.00   20.00    0.00    0.00    5.00    0.00    0.00    0.00   23.00

05:22:51 PM  CPU    %usr   %nice    %sys %iowait    %irq   %soft  %steal  %guest  %gnice   %idle
05:22:52 PM    0   52.04    0.00   17.35    0.00    0.00    8.16    0.00    0.00    0.00   22.45

05:22:52 PM  CPU    %usr   %nice    %sys %iowait    %irq   %soft  %steal  %guest  %gnice   %idle
05:22:53 PM    0   48.98    0.00   23.47    0.00    0.00    4.08    0.00    0.00    0.00   23.47

05:22:53 PM  CPU    %usr   %nice    %sys %iowait    %irq   %soft  %steal  %guest  %gnice   %idle
05:22:54 PM    0   50.00    0.00   17.00    0.00    0.00   10.00    0.00    0.00    0.00   23.00

05:22:54 PM  CPU    %usr   %nice    %sys %iowait    %irq   %soft  %steal  %guest  %gnice   %idle
05:22:55 PM    0   52.58    0.00   19.59    0.00    0.00    5.15    0.00    0.00    0.00   22.68

05:22:55 PM  CPU    %usr   %nice    %sys %iowait    %irq   %soft  %steal  %guest  %gnice   %idle
05:22:56 PM    0   47.96    0.00   23.47    0.00    0.00    6.12    0.00    0.00    0.00   22.45

05:22:56 PM  CPU    %usr   %nice    %sys %iowait    %irq   %soft  %steal  %guest  %gnice   %idle
05:22:57 PM    0   47.47    0.00   25.25    0.00    0.00    4.04    0.00    0.00    0.00   23.23

05:22:57 PM  CPU    %usr   %nice    %sys %iowait    %irq   %soft  %steal  %guest  %gnice   %idle
05:22:58 PM    0   51.49    0.00   20.79    0.00    0.00    5.94    0.00    0.00    0.00   21.78

05:22:58 PM  CPU    %usr   %nice    %sys %iowait    %irq   %soft  %steal  %guest  %gnice   %idle
05:22:59 PM    0   55.45    0.00   17.82    0.00    0.00    3.96    0.00    0.00    0.00   22.77

05:22:59 PM  CPU    %usr   %nice    %sys %iowait    %irq   %soft  %steal  %guest  %gnice   %idle
05:23:00 PM    0   52.04    0.00   19.39    0.00    0.00    5.10    0.00    0.00    0.00   23.47

05:23:00 PM  CPU    %usr   %nice    %sys %iowait    %irq   %soft  %steal  %guest  %gnice   %idle
05:23:01 PM    0   51.52    0.00   21.21    0.00    0.00    4.04    0.00    0.00    0.00   23.23

05:23:01 PM  CPU    %usr   %nice    %sys %iowait    %irq   %soft  %steal  %guest  %gnice   %idle
05:23:02 PM    0   52.04    0.00   20.41    0.00    0.00    5.10    0.00    0.00    0.00   22.45

05:23:02 PM  CPU    %usr   %nice    %sys %iowait    %irq   %soft  %steal  %guest  %gnice   %idle
05:23:03 PM    0   49.00    0.00   23.00    0.00    0.00    5.00    0.00    0.00    0.00   23.00

05:23:03 PM  CPU    %usr   %nice    %sys %iowait    %irq   %soft  %steal  %guest  %gnice   %idle
05:23:04 PM    0   54.00    0.00   18.00    0.00    0.00    5.00    0.00    0.00    0.00   23.00

05:23:04 PM  CPU    %usr   %nice    %sys %iowait    %irq   %soft  %steal  %guest  %gnice   %idle
05:23:05 PM    0   52.53    0.00   19.19    0.00    0.00    6.06    0.00    0.00    0.00   22.22

05:23:05 PM  CPU    %usr   %nice    %sys %iowait    %irq   %soft  %steal  %guest  %gnice   %idle
05:23:06 PM    0   55.10    0.00   16.33    0.00    0.00    6.12    0.00    0.00    0.00   22.45

05:23:06 PM  CPU    %usr   %nice    %sys %iowait    %irq   %soft  %steal  %guest  %gnice   %idle
05:23:07 PM    0   49.02    0.00   22.55    0.00    0.00    6.86    0.00    0.00    0.00   21.57

05:23:07 PM  CPU    %usr   %nice    %sys %iowait    %irq   %soft  %steal  %guest  %gnice   %idle
05:23:08 PM    0   49.49    0.00   19.19    0.00    0.00    9.09    0.00    0.00    0.00   22.22

05:23:08 PM  CPU    %usr   %nice    %sys %iowait    %irq   %soft  %steal  %guest  %gnice   %idle
05:23:09 PM    0   52.00    0.00   24.00    0.00    0.00    2.00    0.00    0.00    0.00   22.00

05:23:09 PM  CPU    %usr   %nice    %sys %iowait    %irq   %soft  %steal  %guest  %gnice   %idle
05:23:10 PM    0   47.00    0.00   26.00    0.00    0.00    5.00    0.00    0.00    0.00   22.00

05:23:10 PM  CPU    %usr   %nice    %sys %iowait    %irq   %soft  %steal  %guest  %gnice   %idle
05:23:11 PM    0   48.04    0.00   23.53    0.00    0.00    6.86    0.00    0.00    0.00   21.57

05:23:11 PM  CPU    %usr   %nice    %sys %iowait    %irq   %soft  %steal  %guest  %gnice   %idle
05:23:12 PM    0   51.96    0.00   20.59    0.00    0.00    4.90    0.00    0.00    0.00   22.55

05:23:12 PM  CPU    %usr   %nice    %sys %iowait    %irq   %soft  %steal  %guest  %gnice   %idle
05:23:13 PM    0   50.00    0.00   22.45    0.00    0.00    5.10    0.00    0.00    0.00   22.45

05:23:13 PM  CPU    %usr   %nice    %sys %iowait    %irq   %soft  %steal  %guest  %gnice   %idle
05:23:14 PM    0   53.47    0.00   17.82    0.00    0.00    5.94    0.00    0.00    0.00   22.77

05:23:14 PM  CPU    %usr   %nice    %sys %iowait    %irq   %soft  %steal  %guest  %gnice   %idle
05:23:15 PM    0   51.52    0.00   19.19    0.00    0.00    7.07    0.00    0.00    0.00   22.22

05:23:15 PM  CPU    %usr   %nice    %sys %iowait    %irq   %soft  %steal  %guest  %gnice   %idle
05:23:16 PM    0   54.00    0.00   19.00    0.00    0.00    4.00    0.00    0.00    0.00   23.00

05:23:16 PM  CPU    %usr   %nice    %sys %iowait    %irq   %soft  %steal  %guest  %gnice   %idle
05:23:17 PM    0   51.52    0.00   22.22    0.00    0.00    4.04    0.00    0.00    0.00   22.22

05:23:17 PM  CPU    %usr   %nice    %sys %iowait    %irq   %soft  %steal  %guest  %gnice   %idle
05:23:18 PM    0   52.53    0.00   18.18    0.00    0.00    6.06    0.00    0.00    0.00   23.23

05:23:18 PM  CPU    %usr   %nice    %sys %iowait    %irq   %soft  %steal  %guest  %gnice   %idle
05:23:19 PM    0   51.49    0.00   20.79    0.00    0.00    6.93    0.00    0.00    0.00   20.79

05:23:19 PM  CPU    %usr   %nice    %sys %iowait    %irq   %soft  %steal  %guest  %gnice   %idle
05:23:20 PM    0   52.04    0.00   19.39    0.00    0.00    5.10    0.00    0.00    0.00   23.47

05:23:20 PM  CPU    %usr   %nice    %sys %iowait    %irq   %soft  %steal  %guest  %gnice   %idle
05:23:21 PM    0   51.49    0.00   19.80    0.00    0.00    6.93    0.00    0.00    0.00   21.78

05:23:21 PM  CPU    %usr   %nice    %sys %iowait    %irq   %soft  %steal  %guest  %gnice   %idle
05:23:22 PM    0   50.51    0.00   21.21    0.00    0.00    6.06    0.00    0.00    0.00   22.22

05:23:22 PM  CPU    %usr   %nice    %sys %iowait    %irq   %soft  %steal  %guest  %gnice   %idle
05:23:23 PM    0   52.43    0.00   18.45    0.00    0.00    6.80    0.00    0.00    0.00   22.33

05:23:23 PM  CPU    %usr   %nice    %sys %iowait    %irq   %soft  %steal  %guest  %gnice   %idle
05:23:24 PM    0   47.96    0.00   21.43    0.00    0.00    8.16    0.00    0.00    0.00   22.45

05:23:24 PM  CPU    %usr   %nice    %sys %iowait    %irq   %soft  %steal  %guest  %gnice   %idle
05:23:25 PM    0   56.44    0.00   17.82    0.00    0.00    3.96    0.00    0.00    0.00   21.78

Average:     CPU    %usr   %nice    %sys %iowait    %irq   %soft  %steal  %guest  %gnice   %idle
Average:       0   51.87    0.00   20.25    0.00    0.00    5.37    0.00    0.00    0.00   22.50
