Linux 5.3.0-61-generic (cw-zenbook) 	07/16/2020 	_x86_64_	(8 CPU)

05:03:05 PM  CPU    %usr   %nice    %sys %iowait    %irq   %soft  %steal  %guest  %gnice   %idle
05:03:06 PM    0   48.48    0.00   22.22    0.00    0.00    8.08    0.00    0.00    0.00   21.21

05:03:06 PM  CPU    %usr   %nice    %sys %iowait    %irq   %soft  %steal  %guest  %gnice   %idle
05:03:07 PM    0   55.45    0.00   17.82    0.00    0.00    3.96    0.00    0.00    0.00   22.77

05:03:07 PM  CPU    %usr   %nice    %sys %iowait    %irq   %soft  %steal  %guest  %gnice   %idle
05:03:08 PM    0   51.55    0.00   18.56    0.00    0.00    7.22    0.00    0.00    0.00   22.68

05:03:08 PM  CPU    %usr   %nice    %sys %iowait    %irq   %soft  %steal  %guest  %gnice   %idle
05:03:09 PM    0   47.52    0.00   24.75    0.00    0.00    5.94    0.00    0.00    0.00   21.78

05:03:09 PM  CPU    %usr   %nice    %sys %iowait    %irq   %soft  %steal  %guest  %gnice   %idle
05:03:10 PM    0   46.94    0.00   25.51    0.00    0.00    5.10    0.00    0.00    0.00   22.45

05:03:10 PM  CPU    %usr   %nice    %sys %iowait    %irq   %soft  %steal  %guest  %gnice   %idle
05:03:11 PM    0   50.49    0.00   23.30    0.00    0.00    4.85    0.00    0.00    0.00   21.36

05:03:11 PM  CPU    %usr   %nice    %sys %iowait    %irq   %soft  %steal  %guest  %gnice   %idle
05:03:12 PM    0   49.49    0.00   22.22    0.00    0.00    6.06    0.00    0.00    0.00   22.22

05:03:12 PM  CPU    %usr   %nice    %sys %iowait    %irq   %soft  %steal  %guest  %gnice   %idle
05:03:13 PM    0   53.61    0.00   16.49    0.00    0.00    8.25    0.00    0.00    0.00   21.65

05:03:13 PM  CPU    %usr   %nice    %sys %iowait    %irq   %soft  %steal  %guest  %gnice   %idle
05:03:14 PM    0   57.58    0.00   16.16    0.00    0.00    4.04    0.00    0.00    0.00   22.22

05:03:14 PM  CPU    %usr   %nice    %sys %iowait    %irq   %soft  %steal  %guest  %gnice   %idle
05:03:15 PM    0   52.00    0.00   22.00    0.00    0.00    4.00    0.00    0.00    0.00   22.00

05:03:15 PM  CPU    %usr   %nice    %sys %iowait    %irq   %soft  %steal  %guest  %gnice   %idle
05:03:16 PM    0   54.55    0.00   18.18    0.00    0.00    6.06    0.00    0.00    0.00   21.21

05:03:16 PM  CPU    %usr   %nice    %sys %iowait    %irq   %soft  %steal  %guest  %gnice   %idle
05:03:17 PM    0   48.45    0.00   22.68    0.00    0.00    6.19    0.00    0.00    0.00   22.68

05:03:17 PM  CPU    %usr   %nice    %sys %iowait    %irq   %soft  %steal  %guest  %gnice   %idle
05:03:18 PM    0   53.40    0.00   21.36    0.00    0.00    3.88    0.00    0.00    0.00   21.36

05:03:18 PM  CPU    %usr   %nice    %sys %iowait    %irq   %soft  %steal  %guest  %gnice   %idle
05:03:19 PM    0   49.49    0.00   23.23    0.00    0.00    6.06    0.00    0.00    0.00   21.21

05:03:19 PM  CPU    %usr   %nice    %sys %iowait    %irq   %soft  %steal  %guest  %gnice   %idle
05:03:20 PM    0   54.08    0.00   20.41    0.00    0.00    3.06    0.00    0.00    0.00   22.45

05:03:20 PM  CPU    %usr   %nice    %sys %iowait    %irq   %soft  %steal  %guest  %gnice   %idle
05:03:21 PM    0   54.64    0.00   16.49    0.00    0.00    6.19    0.00    0.00    0.00   22.68

05:03:21 PM  CPU    %usr   %nice    %sys %iowait    %irq   %soft  %steal  %guest  %gnice   %idle
05:03:22 PM    0   46.46    0.00   26.26    0.00    0.00    5.05    0.00    0.00    0.00   22.22

05:03:22 PM  CPU    %usr   %nice    %sys %iowait    %irq   %soft  %steal  %guest  %gnice   %idle
05:03:23 PM    0   53.54    0.00   18.18    0.00    0.00    6.06    0.00    0.00    0.00   22.22

05:03:23 PM  CPU    %usr   %nice    %sys %iowait    %irq   %soft  %steal  %guest  %gnice   %idle
05:03:24 PM    0   48.98    0.00   22.45    0.00    0.00    5.10    0.00    0.00    0.00   23.47

05:03:24 PM  CPU    %usr   %nice    %sys %iowait    %irq   %soft  %steal  %guest  %gnice   %idle
05:03:25 PM    0   56.57    0.00   17.17    0.00    0.00    4.04    0.00    0.00    0.00   22.22

05:03:25 PM  CPU    %usr   %nice    %sys %iowait    %irq   %soft  %steal  %guest  %gnice   %idle
05:03:26 PM    0   53.54    0.00   20.20    0.00    0.00    4.04    0.00    0.00    0.00   22.22

05:03:26 PM  CPU    %usr   %nice    %sys %iowait    %irq   %soft  %steal  %guest  %gnice   %idle
05:03:27 PM    0   55.88    0.00   17.65    0.00    0.00    4.90    0.00    0.00    0.00   21.57

05:03:27 PM  CPU    %usr   %nice    %sys %iowait    %irq   %soft  %steal  %guest  %gnice   %idle
05:03:28 PM    0   52.43    0.00   22.33    0.00    0.00    3.88    0.00    0.00    0.00   21.36

05:03:28 PM  CPU    %usr   %nice    %sys %iowait    %irq   %soft  %steal  %guest  %gnice   %idle
05:03:29 PM    0   52.53    0.00   20.20    0.00    0.00    5.05    0.00    0.00    0.00   22.22

05:03:29 PM  CPU    %usr   %nice    %sys %iowait    %irq   %soft  %steal  %guest  %gnice   %idle
05:03:30 PM    0   54.46    0.00   18.81    0.00    0.00    4.95    0.00    0.00    0.00   21.78

05:03:30 PM  CPU    %usr   %nice    %sys %iowait    %irq   %soft  %steal  %guest  %gnice   %idle
05:03:31 PM    0   48.98    0.00   23.47    0.00    0.00    5.10    0.00    0.00    0.00   22.45

05:03:31 PM  CPU    %usr   %nice    %sys %iowait    %irq   %soft  %steal  %guest  %gnice   %idle
05:03:32 PM    0   47.47    0.00   25.25    0.00    0.00    5.05    0.00    0.00    0.00   22.22

05:03:32 PM  CPU    %usr   %nice    %sys %iowait    %irq   %soft  %steal  %guest  %gnice   %idle
05:03:33 PM    0   50.00    0.00   24.00    0.00    0.00    4.00    0.00    0.00    0.00   22.00

05:03:33 PM  CPU    %usr   %nice    %sys %iowait    %irq   %soft  %steal  %guest  %gnice   %idle
05:03:34 PM    0   55.45    0.00   17.82    0.00    0.00    4.95    0.00    0.00    0.00   21.78

05:03:34 PM  CPU    %usr   %nice    %sys %iowait    %irq   %soft  %steal  %guest  %gnice   %idle
05:03:35 PM    0   53.06    0.00   19.39    0.00    0.00    5.10    0.00    0.00    0.00   22.45

05:03:35 PM  CPU    %usr   %nice    %sys %iowait    %irq   %soft  %steal  %guest  %gnice   %idle
05:03:36 PM    0   54.08    0.00   17.35    0.00    0.00    6.12    0.00    0.00    0.00   22.45

05:03:36 PM  CPU    %usr   %nice    %sys %iowait    %irq   %soft  %steal  %guest  %gnice   %idle
05:03:37 PM    0   54.00    0.00   20.00    0.00    0.00    4.00    0.00    0.00    0.00   22.00

05:03:37 PM  CPU    %usr   %nice    %sys %iowait    %irq   %soft  %steal  %guest  %gnice   %idle
05:03:38 PM    0   50.51    0.00   18.18    0.00    0.00    9.09    0.00    0.00    0.00   22.22

05:03:38 PM  CPU    %usr   %nice    %sys %iowait    %irq   %soft  %steal  %guest  %gnice   %idle
05:03:39 PM    0   53.00    0.00   20.00    0.00    0.00    5.00    0.00    0.00    0.00   22.00

05:03:39 PM  CPU    %usr   %nice    %sys %iowait    %irq   %soft  %steal  %guest  %gnice   %idle
05:03:40 PM    0   49.02    0.00   22.55    0.00    0.00    5.88    0.00    0.00    0.00   22.55

05:03:40 PM  CPU    %usr   %nice    %sys %iowait    %irq   %soft  %steal  %guest  %gnice   %idle
05:03:41 PM    0   57.58    0.00   15.15    0.00    0.00    6.06    0.00    0.00    0.00   21.21

05:03:41 PM  CPU    %usr   %nice    %sys %iowait    %irq   %soft  %steal  %guest  %gnice   %idle
05:03:42 PM    0   53.06    0.00   21.43    0.00    0.00    5.10    0.00    0.00    0.00   20.41

05:03:42 PM  CPU    %usr   %nice    %sys %iowait    %irq   %soft  %steal  %guest  %gnice   %idle
05:03:43 PM    0   51.49    0.00   20.79    0.00    0.00    5.94    0.00    0.00    0.00   21.78

05:03:43 PM  CPU    %usr   %nice    %sys %iowait    %irq   %soft  %steal  %guest  %gnice   %idle
05:03:44 PM    0   40.82    0.00   28.57    0.00    0.00    8.16    0.00    0.00    0.00   22.45

05:03:44 PM  CPU    %usr   %nice    %sys %iowait    %irq   %soft  %steal  %guest  %gnice   %idle
05:03:45 PM    0   52.48    0.00   17.82    0.00    0.00    7.92    0.00    0.00    0.00   21.78

05:03:45 PM  CPU    %usr   %nice    %sys %iowait    %irq   %soft  %steal  %guest  %gnice   %idle
05:03:46 PM    0   51.00    0.00   20.00    0.00    0.00    6.00    0.00    0.00    0.00   23.00

05:03:46 PM  CPU    %usr   %nice    %sys %iowait    %irq   %soft  %steal  %guest  %gnice   %idle
05:03:47 PM    0   47.47    0.00   25.25    0.00    0.00    6.06    0.00    0.00    0.00   21.21

05:03:47 PM  CPU    %usr   %nice    %sys %iowait    %irq   %soft  %steal  %guest  %gnice   %idle
05:03:48 PM    0   51.49    0.00   22.77    0.00    0.00    3.96    0.00    0.00    0.00   21.78

05:03:48 PM  CPU    %usr   %nice    %sys %iowait    %irq   %soft  %steal  %guest  %gnice   %idle
05:03:49 PM    0   55.00    0.00   20.00    0.00    0.00    3.00    0.00    0.00    0.00   22.00

05:03:49 PM  CPU    %usr   %nice    %sys %iowait    %irq   %soft  %steal  %guest  %gnice   %idle
05:03:50 PM    0   52.04    0.00   21.43    0.00    0.00    4.08    0.00    0.00    0.00   22.45

05:03:50 PM  CPU    %usr   %nice    %sys %iowait    %irq   %soft  %steal  %guest  %gnice   %idle
05:03:51 PM    0   54.46    0.00   16.83    0.00    0.00    5.94    0.00    0.00    0.00   22.77

05:03:51 PM  CPU    %usr   %nice    %sys %iowait    %irq   %soft  %steal  %guest  %gnice   %idle
05:03:52 PM    0   52.00    0.00   22.00    0.00    0.00    4.00    0.00    0.00    0.00   22.00

05:03:52 PM  CPU    %usr   %nice    %sys %iowait    %irq   %soft  %steal  %guest  %gnice   %idle
05:03:53 PM    0   49.00    0.00   24.00    0.00    0.00    5.00    0.00    0.00    0.00   22.00

05:03:53 PM  CPU    %usr   %nice    %sys %iowait    %irq   %soft  %steal  %guest  %gnice   %idle
05:03:54 PM    0   51.49    0.00   21.78    0.00    0.00    4.95    0.00    0.00    0.00   21.78

05:03:54 PM  CPU    %usr   %nice    %sys %iowait    %irq   %soft  %steal  %guest  %gnice   %idle
05:03:55 PM    0   54.55    0.00   18.18    0.00    0.00    5.05    0.00    0.00    0.00   22.22

05:03:55 PM  CPU    %usr   %nice    %sys %iowait    %irq   %soft  %steal  %guest  %gnice   %idle
05:03:56 PM    0   49.48    0.00   22.68    0.00    0.00    4.12    0.00    0.00    0.00   23.71

05:03:56 PM  CPU    %usr   %nice    %sys %iowait    %irq   %soft  %steal  %guest  %gnice   %idle
05:03:57 PM    0   51.49    0.00   22.77    0.00    0.00    3.96    0.00    0.00    0.00   21.78

05:03:57 PM  CPU    %usr   %nice    %sys %iowait    %irq   %soft  %steal  %guest  %gnice   %idle
05:03:58 PM    0   58.00    0.00   15.00    0.00    0.00    5.00    0.00    0.00    0.00   22.00

05:03:58 PM  CPU    %usr   %nice    %sys %iowait    %irq   %soft  %steal  %guest  %gnice   %idle
05:03:59 PM    0   53.00    0.00   22.00    0.00    0.00    4.00    0.00    0.00    0.00   21.00

05:03:59 PM  CPU    %usr   %nice    %sys %iowait    %irq   %soft  %steal  %guest  %gnice   %idle
05:04:00 PM    0   54.00    0.00   17.00    0.00    0.00    4.00    0.00    0.00    0.00   25.00

05:04:00 PM  CPU    %usr   %nice    %sys %iowait    %irq   %soft  %steal  %guest  %gnice   %idle
05:04:01 PM    0   51.02    0.00   16.33    0.00    0.00    6.12    0.00    0.00    0.00   26.53

05:04:01 PM  CPU    %usr   %nice    %sys %iowait    %irq   %soft  %steal  %guest  %gnice   %idle
05:04:02 PM    0   53.54    0.00   18.18    0.00    0.00    6.06    0.00    0.00    0.00   22.22

05:04:02 PM  CPU    %usr   %nice    %sys %iowait    %irq   %soft  %steal  %guest  %gnice   %idle
05:04:03 PM    0   53.47    0.00   18.81    0.00    0.00    5.94    0.00    0.00    0.00   21.78

05:04:03 PM  CPU    %usr   %nice    %sys %iowait    %irq   %soft  %steal  %guest  %gnice   %idle
05:04:04 PM    0   54.55    0.00   17.17    0.00    0.00    5.05    0.00    0.00    0.00   23.23

05:04:04 PM  CPU    %usr   %nice    %sys %iowait    %irq   %soft  %steal  %guest  %gnice   %idle
05:04:05 PM    0   50.52    0.00   21.65    0.00    0.00    5.15    0.00    0.00    0.00   22.68

05:04:05 PM  CPU    %usr   %nice    %sys %iowait    %irq   %soft  %steal  %guest  %gnice   %idle
05:04:06 PM    0   55.00    0.00   19.00    0.00    0.00    4.00    0.00    0.00    0.00   22.00

05:04:06 PM  CPU    %usr   %nice    %sys %iowait    %irq   %soft  %steal  %guest  %gnice   %idle
05:04:07 PM    0   53.00    0.00   21.00    0.00    0.00    4.00    0.00    0.00    0.00   22.00

05:04:07 PM  CPU    %usr   %nice    %sys %iowait    %irq   %soft  %steal  %guest  %gnice   %idle
05:04:08 PM    0   51.52    0.00   23.23    0.00    0.00    3.03    0.00    0.00    0.00   22.22

05:04:08 PM  CPU    %usr   %nice    %sys %iowait    %irq   %soft  %steal  %guest  %gnice   %idle
05:04:09 PM    0   50.51    0.00   22.22    0.00    0.00    5.05    0.00    0.00    0.00   22.22

05:04:09 PM  CPU    %usr   %nice    %sys %iowait    %irq   %soft  %steal  %guest  %gnice   %idle
05:04:10 PM    0   48.98    0.00   25.51    0.00    0.00    3.06    0.00    0.00    0.00   22.45

05:04:10 PM  CPU    %usr   %nice    %sys %iowait    %irq   %soft  %steal  %guest  %gnice   %idle
05:04:11 PM    0   52.53    0.00   20.20    0.00    0.00    5.05    0.00    0.00    0.00   22.22

05:04:11 PM  CPU    %usr   %nice    %sys %iowait    %irq   %soft  %steal  %guest  %gnice   %idle
05:04:12 PM    0   53.54    0.00   19.19    0.00    0.00    4.04    0.00    0.00    0.00   23.23

05:04:12 PM  CPU    %usr   %nice    %sys %iowait    %irq   %soft  %steal  %guest  %gnice   %idle
05:04:13 PM    0   55.00    0.00   19.00    0.00    0.00    4.00    0.00    0.00    0.00   22.00

05:04:13 PM  CPU    %usr   %nice    %sys %iowait    %irq   %soft  %steal  %guest  %gnice   %idle
05:04:14 PM    0   58.82    0.00   15.69    0.00    0.00    3.92    0.00    0.00    0.00   21.57

05:04:14 PM  CPU    %usr   %nice    %sys %iowait    %irq   %soft  %steal  %guest  %gnice   %idle
05:04:15 PM    0   51.49    0.00   23.76    0.00    0.00    3.96    0.00    0.00    0.00   20.79

05:04:15 PM  CPU    %usr   %nice    %sys %iowait    %irq   %soft  %steal  %guest  %gnice   %idle
05:04:16 PM    0   51.55    0.00   19.59    0.00    0.00    6.19    0.00    0.00    0.00   22.68

05:04:16 PM  CPU    %usr   %nice    %sys %iowait    %irq   %soft  %steal  %guest  %gnice   %idle
05:04:17 PM    0   52.53    0.00   20.20    0.00    0.00    5.05    0.00    0.00    0.00   22.22

05:04:17 PM  CPU    %usr   %nice    %sys %iowait    %irq   %soft  %steal  %guest  %gnice   %idle
05:04:18 PM    0   48.48    0.00   25.25    0.00    0.00    4.04    0.00    0.00    0.00   22.22

05:04:18 PM  CPU    %usr   %nice    %sys %iowait    %irq   %soft  %steal  %guest  %gnice   %idle
05:04:19 PM    0   50.52    0.00   19.59    0.00    0.00    6.19    0.00    0.00    0.00   23.71

05:04:19 PM  CPU    %usr   %nice    %sys %iowait    %irq   %soft  %steal  %guest  %gnice   %idle
05:04:20 PM    0   55.45    0.00   15.84    0.00    0.00    6.93    0.00    0.00    0.00   21.78

05:04:20 PM  CPU    %usr   %nice    %sys %iowait    %irq   %soft  %steal  %guest  %gnice   %idle
05:04:21 PM    0   54.90    0.00   18.63    0.00    0.00    4.90    0.00    0.00    0.00   21.57

05:04:21 PM  CPU    %usr   %nice    %sys %iowait    %irq   %soft  %steal  %guest  %gnice   %idle
05:04:22 PM    0   52.58    0.00   21.65    0.00    0.00    3.09    0.00    0.00    0.00   22.68

05:04:22 PM  CPU    %usr   %nice    %sys %iowait    %irq   %soft  %steal  %guest  %gnice   %idle
05:04:23 PM    0   54.55    0.00   16.16    0.00    0.00    6.06    0.00    0.00    0.00   23.23

05:04:23 PM  CPU    %usr   %nice    %sys %iowait    %irq   %soft  %steal  %guest  %gnice   %idle
05:04:24 PM    0   51.02    0.00   22.45    0.00    0.00    4.08    0.00    0.00    0.00   22.45

05:04:24 PM  CPU    %usr   %nice    %sys %iowait    %irq   %soft  %steal  %guest  %gnice   %idle
05:04:25 PM    0   52.94    0.00   20.59    0.00    0.00    4.90    0.00    0.00    0.00   21.57

05:04:25 PM  CPU    %usr   %nice    %sys %iowait    %irq   %soft  %steal  %guest  %gnice   %idle
05:04:26 PM    0   53.54    0.00   20.20    0.00    0.00    4.04    0.00    0.00    0.00   22.22

05:04:26 PM  CPU    %usr   %nice    %sys %iowait    %irq   %soft  %steal  %guest  %gnice   %idle
05:04:27 PM    0   52.53    0.00   21.21    0.00    0.00    4.04    0.00    0.00    0.00   22.22

05:04:27 PM  CPU    %usr   %nice    %sys %iowait    %irq   %soft  %steal  %guest  %gnice   %idle
05:04:28 PM    0   52.00    0.00   21.00    0.00    0.00    4.00    0.00    0.00    0.00   23.00

05:04:28 PM  CPU    %usr   %nice    %sys %iowait    %irq   %soft  %steal  %guest  %gnice   %idle
05:04:29 PM    0   49.00    0.00   25.00    0.00    0.00    5.00    0.00    0.00    0.00   21.00

05:04:29 PM  CPU    %usr   %nice    %sys %iowait    %irq   %soft  %steal  %guest  %gnice   %idle
05:04:30 PM    0   52.00    0.00   20.00    0.00    0.00    5.00    0.00    0.00    0.00   23.00

05:04:30 PM  CPU    %usr   %nice    %sys %iowait    %irq   %soft  %steal  %guest  %gnice   %idle
05:04:31 PM    0   48.98    0.00   23.47    0.00    0.00    5.10    0.00    0.00    0.00   22.45

05:04:31 PM  CPU    %usr   %nice    %sys %iowait    %irq   %soft  %steal  %guest  %gnice   %idle
05:04:32 PM    0   54.08    0.00   20.41    0.00    0.00    4.08    0.00    0.00    0.00   21.43

05:04:32 PM  CPU    %usr   %nice    %sys %iowait    %irq   %soft  %steal  %guest  %gnice   %idle
05:04:33 PM    0   52.04    0.00   22.45    0.00    0.00    3.06    0.00    0.00    0.00   22.45

05:04:33 PM  CPU    %usr   %nice    %sys %iowait    %irq   %soft  %steal  %guest  %gnice   %idle
05:04:34 PM    0   52.53    0.00   21.21    0.00    0.00    4.04    0.00    0.00    0.00   22.22

05:04:34 PM  CPU    %usr   %nice    %sys %iowait    %irq   %soft  %steal  %guest  %gnice   %idle
05:04:35 PM    0   49.49    0.00   23.23    0.00    0.00    5.05    0.00    0.00    0.00   22.22

05:04:35 PM  CPU    %usr   %nice    %sys %iowait    %irq   %soft  %steal  %guest  %gnice   %idle
05:04:36 PM    0   56.44    0.00   17.82    0.00    0.00    3.96    0.00    0.00    0.00   21.78

05:04:36 PM  CPU    %usr   %nice    %sys %iowait    %irq   %soft  %steal  %guest  %gnice   %idle
05:04:37 PM    0   52.53    0.00   21.21    0.00    0.00    4.04    0.00    0.00    0.00   22.22

05:04:37 PM  CPU    %usr   %nice    %sys %iowait    %irq   %soft  %steal  %guest  %gnice   %idle
05:04:38 PM    0   54.55    0.00   20.20    0.00    0.00    4.04    0.00    0.00    0.00   21.21

05:04:38 PM  CPU    %usr   %nice    %sys %iowait    %irq   %soft  %steal  %guest  %gnice   %idle
05:04:39 PM    0   55.00    0.00   19.00    0.00    0.00    4.00    0.00    0.00    0.00   22.00

05:04:39 PM  CPU    %usr   %nice    %sys %iowait    %irq   %soft  %steal  %guest  %gnice   %idle
05:04:40 PM    0   48.51    0.00   23.76    0.00    0.00    5.94    0.00    0.00    0.00   21.78

05:04:40 PM  CPU    %usr   %nice    %sys %iowait    %irq   %soft  %steal  %guest  %gnice   %idle
05:04:41 PM    0   51.52    0.00   21.21    0.00    0.00    5.05    0.00    0.00    0.00   22.22

05:04:41 PM  CPU    %usr   %nice    %sys %iowait    %irq   %soft  %steal  %guest  %gnice   %idle
05:04:42 PM    0   50.51    0.00   20.20    0.00    0.00    7.07    0.00    0.00    0.00   22.22

05:04:42 PM  CPU    %usr   %nice    %sys %iowait    %irq   %soft  %steal  %guest  %gnice   %idle
05:04:43 PM    0   55.34    0.00   18.45    0.00    0.00    4.85    0.00    0.00    0.00   21.36

05:04:43 PM  CPU    %usr   %nice    %sys %iowait    %irq   %soft  %steal  %guest  %gnice   %idle
05:04:44 PM    0   50.00    0.00   20.83    0.00    0.00    6.25    0.00    0.00    0.00   22.92

05:04:44 PM  CPU    %usr   %nice    %sys %iowait    %irq   %soft  %steal  %guest  %gnice   %idle
05:04:45 PM    0   53.47    0.00   19.80    0.00    0.00    4.95    0.00    0.00    0.00   21.78

05:04:45 PM  CPU    %usr   %nice    %sys %iowait    %irq   %soft  %steal  %guest  %gnice   %idle
05:04:46 PM    0   52.00    0.00   20.00    0.00    0.00    5.00    0.00    0.00    0.00   23.00

05:04:46 PM  CPU    %usr   %nice    %sys %iowait    %irq   %soft  %steal  %guest  %gnice   %idle
05:04:47 PM    0   51.49    0.00   20.79    0.00    0.00    4.95    0.00    0.00    0.00   22.77

05:04:47 PM  CPU    %usr   %nice    %sys %iowait    %irq   %soft  %steal  %guest  %gnice   %idle
05:04:48 PM    0   50.51    0.00   24.24    0.00    0.00    4.04    0.00    0.00    0.00   21.21

05:04:48 PM  CPU    %usr   %nice    %sys %iowait    %irq   %soft  %steal  %guest  %gnice   %idle
05:04:49 PM    0   57.43    0.00   16.83    0.00    0.00    3.96    0.00    0.00    0.00   21.78

05:04:49 PM  CPU    %usr   %nice    %sys %iowait    %irq   %soft  %steal  %guest  %gnice   %idle
05:04:50 PM    0   55.34    0.00   17.48    0.00    0.00    4.85    0.00    0.00    0.00   22.33

05:04:50 PM  CPU    %usr   %nice    %sys %iowait    %irq   %soft  %steal  %guest  %gnice   %idle
05:04:51 PM    0   48.04    0.00   27.45    0.00    0.00    2.94    0.00    0.00    0.00   21.57

05:04:51 PM  CPU    %usr   %nice    %sys %iowait    %irq   %soft  %steal  %guest  %gnice   %idle
05:04:52 PM    0   50.50    0.00   20.79    0.00    0.00    5.94    0.00    0.00    0.00   22.77

05:04:52 PM  CPU    %usr   %nice    %sys %iowait    %irq   %soft  %steal  %guest  %gnice   %idle
05:04:53 PM    0   52.88    0.00   20.19    0.00    0.00    5.77    0.00    0.00    0.00   21.15

05:04:53 PM  CPU    %usr   %nice    %sys %iowait    %irq   %soft  %steal  %guest  %gnice   %idle
05:04:54 PM    0   54.08    0.00   19.39    0.00    0.00    5.10    0.00    0.00    0.00   21.43

05:04:54 PM  CPU    %usr   %nice    %sys %iowait    %irq   %soft  %steal  %guest  %gnice   %idle
05:04:55 PM    0   52.48    0.00   20.79    0.00    0.00    3.96    0.00    0.00    0.00   22.77

05:04:55 PM  CPU    %usr   %nice    %sys %iowait    %irq   %soft  %steal  %guest  %gnice   %idle
05:04:56 PM    0   54.64    0.00   17.53    0.00    0.00    5.15    0.00    0.00    0.00   22.68

05:04:56 PM  CPU    %usr   %nice    %sys %iowait    %irq   %soft  %steal  %guest  %gnice   %idle
05:04:57 PM    0   56.00    0.00   18.00    0.00    0.00    4.00    0.00    0.00    0.00   22.00

05:04:57 PM  CPU    %usr   %nice    %sys %iowait    %irq   %soft  %steal  %guest  %gnice   %idle
05:04:58 PM    0   57.58    0.00   15.15    0.00    0.00    5.05    0.00    0.00    0.00   22.22

05:04:58 PM  CPU    %usr   %nice    %sys %iowait    %irq   %soft  %steal  %guest  %gnice   %idle
05:04:59 PM    0   54.46    0.00   19.80    0.00    0.00    3.96    0.00    0.00    0.00   21.78

05:04:59 PM  CPU    %usr   %nice    %sys %iowait    %irq   %soft  %steal  %guest  %gnice   %idle
05:05:00 PM    0   48.98    0.00   23.47    0.00    0.00    3.06    0.00    0.00    0.00   24.49

05:05:00 PM  CPU    %usr   %nice    %sys %iowait    %irq   %soft  %steal  %guest  %gnice   %idle
05:05:01 PM    0   51.00    0.00   20.00    0.00    0.00    6.00    0.00    0.00    0.00   23.00

05:05:01 PM  CPU    %usr   %nice    %sys %iowait    %irq   %soft  %steal  %guest  %gnice   %idle
05:05:02 PM    0   50.00    0.00   24.00    0.00    0.00    4.00    0.00    0.00    0.00   22.00

05:05:02 PM  CPU    %usr   %nice    %sys %iowait    %irq   %soft  %steal  %guest  %gnice   %idle
05:05:03 PM    0   52.00    0.00   22.00    0.00    0.00    4.00    0.00    0.00    0.00   22.00

05:05:03 PM  CPU    %usr   %nice    %sys %iowait    %irq   %soft  %steal  %guest  %gnice   %idle
05:05:04 PM    0   55.67    0.00   17.53    0.00    0.00    4.12    0.00    0.00    0.00   22.68

05:05:04 PM  CPU    %usr   %nice    %sys %iowait    %irq   %soft  %steal  %guest  %gnice   %idle
05:05:05 PM    0   56.57    0.00   15.15    0.00    0.00    6.06    0.00    0.00    0.00   22.22

Average:     CPU    %usr   %nice    %sys %iowait    %irq   %soft  %steal  %guest  %gnice   %idle
Average:       0   52.35    0.00   20.50    0.00    0.00    4.95    0.00    0.00    0.00   22.20
