Linux 5.3.0-61-generic (cw-zenbook) 	07/16/2020 	_x86_64_	(8 CPU)

02:57:26 PM  CPU    %usr   %nice    %sys %iowait    %irq   %soft  %steal  %guest  %gnice   %idle
02:57:27 PM    0   54.55    0.00   18.18    0.00    0.00    4.04    0.00    0.00    0.00   23.23

02:57:27 PM  CPU    %usr   %nice    %sys %iowait    %irq   %soft  %steal  %guest  %gnice   %idle
02:57:28 PM    0   48.98    0.00   22.45    0.00    0.00    6.12    0.00    0.00    0.00   22.45

02:57:28 PM  CPU    %usr   %nice    %sys %iowait    %irq   %soft  %steal  %guest  %gnice   %idle
02:57:29 PM    0   50.98    0.00   19.61    0.00    0.00    7.84    0.00    0.00    0.00   21.57

02:57:29 PM  CPU    %usr   %nice    %sys %iowait    %irq   %soft  %steal  %guest  %gnice   %idle
02:57:30 PM    0   52.53    0.00   21.21    0.00    0.00    4.04    0.00    0.00    0.00   22.22

02:57:30 PM  CPU    %usr   %nice    %sys %iowait    %irq   %soft  %steal  %guest  %gnice   %idle
02:57:31 PM    0   54.08    0.00   22.45    0.00    0.00    2.04    0.00    0.00    0.00   21.43

02:57:31 PM  CPU    %usr   %nice    %sys %iowait    %irq   %soft  %steal  %guest  %gnice   %idle
02:57:32 PM    0   50.00    0.00   23.47    0.00    0.00    4.08    0.00    0.00    0.00   22.45

02:57:32 PM  CPU    %usr   %nice    %sys %iowait    %irq   %soft  %steal  %guest  %gnice   %idle
02:57:33 PM    0   51.52    0.00   19.19    0.00    0.00    6.06    0.00    0.00    0.00   23.23

02:57:33 PM  CPU    %usr   %nice    %sys %iowait    %irq   %soft  %steal  %guest  %gnice   %idle
02:57:34 PM    0   57.00    0.00   17.00    0.00    0.00    4.00    0.00    0.00    0.00   22.00

02:57:34 PM  CPU    %usr   %nice    %sys %iowait    %irq   %soft  %steal  %guest  %gnice   %idle
02:57:35 PM    0   51.52    0.00   20.20    0.00    0.00    6.06    0.00    0.00    0.00   22.22

02:57:35 PM  CPU    %usr   %nice    %sys %iowait    %irq   %soft  %steal  %guest  %gnice   %idle
02:57:36 PM    0   49.00    0.00   22.00    0.00    0.00    7.00    0.00    0.00    0.00   22.00

02:57:36 PM  CPU    %usr   %nice    %sys %iowait    %irq   %soft  %steal  %guest  %gnice   %idle
02:57:37 PM    0   51.00    0.00   24.00    0.00    0.00    3.00    0.00    0.00    0.00   22.00

02:57:37 PM  CPU    %usr   %nice    %sys %iowait    %irq   %soft  %steal  %guest  %gnice   %idle
02:57:38 PM    0   58.42    0.00   14.85    0.00    0.00    4.95    0.00    0.00    0.00   21.78

02:57:38 PM  CPU    %usr   %nice    %sys %iowait    %irq   %soft  %steal  %guest  %gnice   %idle
02:57:39 PM    0   51.55    0.00   19.59    0.00    0.00    6.19    0.00    0.00    0.00   22.68

02:57:39 PM  CPU    %usr   %nice    %sys %iowait    %irq   %soft  %steal  %guest  %gnice   %idle
02:57:40 PM    0   51.00    0.00   22.00    0.00    0.00    5.00    0.00    0.00    0.00   22.00

02:57:40 PM  CPU    %usr   %nice    %sys %iowait    %irq   %soft  %steal  %guest  %gnice   %idle
02:57:41 PM    0   47.96    0.00   23.47    0.00    0.00    6.12    0.00    0.00    0.00   22.45

02:57:41 PM  CPU    %usr   %nice    %sys %iowait    %irq   %soft  %steal  %guest  %gnice   %idle
02:57:42 PM    0   50.00    0.00   20.00    0.00    0.00    7.00    0.00    0.00    0.00   23.00

02:57:42 PM  CPU    %usr   %nice    %sys %iowait    %irq   %soft  %steal  %guest  %gnice   %idle
02:57:43 PM    0   51.55    0.00   21.65    0.00    0.00    5.15    0.00    0.00    0.00   21.65

02:57:43 PM  CPU    %usr   %nice    %sys %iowait    %irq   %soft  %steal  %guest  %gnice   %idle
02:57:44 PM    0   54.08    0.00   19.39    0.00    0.00    4.08    0.00    0.00    0.00   22.45

02:57:44 PM  CPU    %usr   %nice    %sys %iowait    %irq   %soft  %steal  %guest  %gnice   %idle
02:57:45 PM    0   50.00    0.00   19.00    0.00    0.00    9.00    0.00    0.00    0.00   22.00

02:57:45 PM  CPU    %usr   %nice    %sys %iowait    %irq   %soft  %steal  %guest  %gnice   %idle
02:57:46 PM    0   55.00    0.00   20.00    0.00    0.00    4.00    0.00    0.00    0.00   21.00

02:57:46 PM  CPU    %usr   %nice    %sys %iowait    %irq   %soft  %steal  %guest  %gnice   %idle
02:57:47 PM    0   53.47    0.00   18.81    0.00    0.00    4.95    0.00    0.00    0.00   22.77

02:57:47 PM  CPU    %usr   %nice    %sys %iowait    %irq   %soft  %steal  %guest  %gnice   %idle
02:57:48 PM    0   54.90    0.00   17.65    0.00    0.00    5.88    0.00    0.00    0.00   21.57

02:57:48 PM  CPU    %usr   %nice    %sys %iowait    %irq   %soft  %steal  %guest  %gnice   %idle
02:57:49 PM    0   55.45    0.00   17.82    0.00    0.00    4.95    0.00    0.00    0.00   21.78

02:57:49 PM  CPU    %usr   %nice    %sys %iowait    %irq   %soft  %steal  %guest  %gnice   %idle
02:57:50 PM    0   48.48    0.00   23.23    0.00    0.00    6.06    0.00    0.00    0.00   22.22

02:57:50 PM  CPU    %usr   %nice    %sys %iowait    %irq   %soft  %steal  %guest  %gnice   %idle
02:57:51 PM    0   53.54    0.00   20.20    0.00    0.00    5.05    0.00    0.00    0.00   21.21

02:57:51 PM  CPU    %usr   %nice    %sys %iowait    %irq   %soft  %steal  %guest  %gnice   %idle
02:57:52 PM    0   54.55    0.00   19.19    0.00    0.00    4.04    0.00    0.00    0.00   22.22

02:57:52 PM  CPU    %usr   %nice    %sys %iowait    %irq   %soft  %steal  %guest  %gnice   %idle
02:57:53 PM    0   54.46    0.00   17.82    0.00    0.00    4.95    0.00    0.00    0.00   22.77

02:57:53 PM  CPU    %usr   %nice    %sys %iowait    %irq   %soft  %steal  %guest  %gnice   %idle
02:57:54 PM    0   53.06    0.00   19.39    0.00    0.00    5.10    0.00    0.00    0.00   22.45

02:57:54 PM  CPU    %usr   %nice    %sys %iowait    %irq   %soft  %steal  %guest  %gnice   %idle
02:57:55 PM    0   50.98    0.00   23.53    0.00    0.00    3.92    0.00    0.00    0.00   21.57

02:57:55 PM  CPU    %usr   %nice    %sys %iowait    %irq   %soft  %steal  %guest  %gnice   %idle
02:57:56 PM    0   51.00    0.00   20.00    0.00    0.00    6.00    0.00    0.00    0.00   23.00

02:57:56 PM  CPU    %usr   %nice    %sys %iowait    %irq   %soft  %steal  %guest  %gnice   %idle
02:57:57 PM    0   53.54    0.00   20.20    0.00    0.00    4.04    0.00    0.00    0.00   22.22

02:57:57 PM  CPU    %usr   %nice    %sys %iowait    %irq   %soft  %steal  %guest  %gnice   %idle
02:57:58 PM    0   50.51    0.00   23.23    0.00    0.00    3.03    0.00    0.00    0.00   23.23

02:57:58 PM  CPU    %usr   %nice    %sys %iowait    %irq   %soft  %steal  %guest  %gnice   %idle
02:57:59 PM    0   52.53    0.00   21.21    0.00    0.00    5.05    0.00    0.00    0.00   21.21

02:57:59 PM  CPU    %usr   %nice    %sys %iowait    %irq   %soft  %steal  %guest  %gnice   %idle
02:58:00 PM    0   52.48    0.00   19.80    0.00    0.00    3.96    0.00    0.00    0.00   23.76

02:58:00 PM  CPU    %usr   %nice    %sys %iowait    %irq   %soft  %steal  %guest  %gnice   %idle
02:58:01 PM    0   46.46    0.00   23.23    0.00    0.00    8.08    0.00    0.00    0.00   22.22

02:58:01 PM  CPU    %usr   %nice    %sys %iowait    %irq   %soft  %steal  %guest  %gnice   %idle
02:58:02 PM    0   52.00    0.00   21.00    0.00    0.00    6.00    0.00    0.00    0.00   21.00

02:58:02 PM  CPU    %usr   %nice    %sys %iowait    %irq   %soft  %steal  %guest  %gnice   %idle
02:58:03 PM    0   48.51    0.00   22.77    0.00    0.00    5.94    0.00    0.00    0.00   22.77

02:58:03 PM  CPU    %usr   %nice    %sys %iowait    %irq   %soft  %steal  %guest  %gnice   %idle
02:58:04 PM    0   50.51    0.00   21.21    0.00    0.00    6.06    0.00    0.00    0.00   22.22

02:58:04 PM  CPU    %usr   %nice    %sys %iowait    %irq   %soft  %steal  %guest  %gnice   %idle
02:58:05 PM    0   56.44    0.00   18.81    0.00    0.00    2.97    0.00    0.00    0.00   21.78

02:58:05 PM  CPU    %usr   %nice    %sys %iowait    %irq   %soft  %steal  %guest  %gnice   %idle
02:58:06 PM    0   49.48    0.00   22.68    0.00    0.00    5.15    0.00    0.00    0.00   22.68

02:58:06 PM  CPU    %usr   %nice    %sys %iowait    %irq   %soft  %steal  %guest  %gnice   %idle
02:58:07 PM    0   54.55    0.00   19.19    0.00    0.00    4.04    0.00    0.00    0.00   22.22

02:58:07 PM  CPU    %usr   %nice    %sys %iowait    %irq   %soft  %steal  %guest  %gnice   %idle
02:58:08 PM    0   54.55    0.00   18.18    0.00    0.00    5.05    0.00    0.00    0.00   22.22

02:58:08 PM  CPU    %usr   %nice    %sys %iowait    %irq   %soft  %steal  %guest  %gnice   %idle
02:58:09 PM    0   53.00    0.00   21.00    0.00    0.00    5.00    0.00    0.00    0.00   21.00

02:58:09 PM  CPU    %usr   %nice    %sys %iowait    %irq   %soft  %steal  %guest  %gnice   %idle
02:58:10 PM    0   51.02    0.00   19.39    0.00    0.00    6.12    0.00    0.00    0.00   23.47

02:58:10 PM  CPU    %usr   %nice    %sys %iowait    %irq   %soft  %steal  %guest  %gnice   %idle
02:58:11 PM    0   53.06    0.00   19.39    0.00    0.00    6.12    0.00    0.00    0.00   21.43

02:58:11 PM  CPU    %usr   %nice    %sys %iowait    %irq   %soft  %steal  %guest  %gnice   %idle
02:58:12 PM    0   48.48    0.00   22.22    0.00    0.00    6.06    0.00    0.00    0.00   23.23

02:58:12 PM  CPU    %usr   %nice    %sys %iowait    %irq   %soft  %steal  %guest  %gnice   %idle
02:58:13 PM    0   48.48    0.00   24.24    0.00    0.00    5.05    0.00    0.00    0.00   22.22

02:58:13 PM  CPU    %usr   %nice    %sys %iowait    %irq   %soft  %steal  %guest  %gnice   %idle
02:58:14 PM    0   54.17    0.00   19.79    0.00    0.00    3.12    0.00    0.00    0.00   22.92

02:58:14 PM  CPU    %usr   %nice    %sys %iowait    %irq   %soft  %steal  %guest  %gnice   %idle
02:58:15 PM    0   50.00    0.00   21.43    0.00    0.00    6.12    0.00    0.00    0.00   22.45

02:58:15 PM  CPU    %usr   %nice    %sys %iowait    %irq   %soft  %steal  %guest  %gnice   %idle
02:58:16 PM    0   50.51    0.00   23.23    0.00    0.00    4.04    0.00    0.00    0.00   22.22

02:58:16 PM  CPU    %usr   %nice    %sys %iowait    %irq   %soft  %steal  %guest  %gnice   %idle
02:58:17 PM    0   49.49    0.00   22.22    0.00    0.00    6.06    0.00    0.00    0.00   22.22

02:58:17 PM  CPU    %usr   %nice    %sys %iowait    %irq   %soft  %steal  %guest  %gnice   %idle
02:58:18 PM    0   52.94    0.00   19.61    0.00    0.00    5.88    0.00    0.00    0.00   21.57

02:58:18 PM  CPU    %usr   %nice    %sys %iowait    %irq   %soft  %steal  %guest  %gnice   %idle
02:58:19 PM    0   57.73    0.00   18.56    0.00    0.00    2.06    0.00    0.00    0.00   21.65

02:58:19 PM  CPU    %usr   %nice    %sys %iowait    %irq   %soft  %steal  %guest  %gnice   %idle
02:58:20 PM    0   51.92    0.00   22.12    0.00    0.00    4.81    0.00    0.00    0.00   21.15

02:58:20 PM  CPU    %usr   %nice    %sys %iowait    %irq   %soft  %steal  %guest  %gnice   %idle
02:58:21 PM    0   51.02    0.00   20.41    0.00    0.00    6.12    0.00    0.00    0.00   22.45

02:58:21 PM  CPU    %usr   %nice    %sys %iowait    %irq   %soft  %steal  %guest  %gnice   %idle
02:58:22 PM    0   49.50    0.00   21.78    0.00    0.00    6.93    0.00    0.00    0.00   21.78

02:58:22 PM  CPU    %usr   %nice    %sys %iowait    %irq   %soft  %steal  %guest  %gnice   %idle
02:58:23 PM    0   51.52    0.00   22.22    0.00    0.00    5.05    0.00    0.00    0.00   21.21

02:58:23 PM  CPU    %usr   %nice    %sys %iowait    %irq   %soft  %steal  %guest  %gnice   %idle
02:58:24 PM    0   52.53    0.00   21.21    0.00    0.00    4.04    0.00    0.00    0.00   22.22

02:58:24 PM  CPU    %usr   %nice    %sys %iowait    %irq   %soft  %steal  %guest  %gnice   %idle
02:58:25 PM    0   51.52    0.00   18.18    0.00    0.00    7.07    0.00    0.00    0.00   23.23

02:58:25 PM  CPU    %usr   %nice    %sys %iowait    %irq   %soft  %steal  %guest  %gnice   %idle
02:58:26 PM    0   52.53    0.00   19.19    0.00    0.00    7.07    0.00    0.00    0.00   21.21

02:58:26 PM  CPU    %usr   %nice    %sys %iowait    %irq   %soft  %steal  %guest  %gnice   %idle
02:58:27 PM    0   54.90    0.00   20.59    0.00    0.00    2.94    0.00    0.00    0.00   21.57

02:58:27 PM  CPU    %usr   %nice    %sys %iowait    %irq   %soft  %steal  %guest  %gnice   %idle
02:58:28 PM    0   52.58    0.00   18.56    0.00    0.00    6.19    0.00    0.00    0.00   22.68

02:58:28 PM  CPU    %usr   %nice    %sys %iowait    %irq   %soft  %steal  %guest  %gnice   %idle
02:58:29 PM    0   48.51    0.00   23.76    0.00    0.00    5.94    0.00    0.00    0.00   21.78

02:58:29 PM  CPU    %usr   %nice    %sys %iowait    %irq   %soft  %steal  %guest  %gnice   %idle
02:58:30 PM    0   52.53    0.00   19.19    0.00    0.00    6.06    0.00    0.00    0.00   22.22

02:58:30 PM  CPU    %usr   %nice    %sys %iowait    %irq   %soft  %steal  %guest  %gnice   %idle
02:58:31 PM    0   50.51    0.00   23.23    0.00    0.00    5.05    0.00    0.00    0.00   21.21

02:58:31 PM  CPU    %usr   %nice    %sys %iowait    %irq   %soft  %steal  %guest  %gnice   %idle
02:58:32 PM    0   54.55    0.00   17.17    0.00    0.00    7.07    0.00    0.00    0.00   21.21

02:58:32 PM  CPU    %usr   %nice    %sys %iowait    %irq   %soft  %steal  %guest  %gnice   %idle
02:58:33 PM    0   44.90    0.00   24.49    0.00    0.00    8.16    0.00    0.00    0.00   22.45

02:58:33 PM  CPU    %usr   %nice    %sys %iowait    %irq   %soft  %steal  %guest  %gnice   %idle
02:58:34 PM    0   53.00    0.00   19.00    0.00    0.00    6.00    0.00    0.00    0.00   22.00

02:58:34 PM  CPU    %usr   %nice    %sys %iowait    %irq   %soft  %steal  %guest  %gnice   %idle
02:58:35 PM    0   56.57    0.00   16.16    0.00    0.00    5.05    0.00    0.00    0.00   22.22

02:58:35 PM  CPU    %usr   %nice    %sys %iowait    %irq   %soft  %steal  %guest  %gnice   %idle
02:58:36 PM    0   52.94    0.00   19.61    0.00    0.00    5.88    0.00    0.00    0.00   21.57

02:58:36 PM  CPU    %usr   %nice    %sys %iowait    %irq   %soft  %steal  %guest  %gnice   %idle
02:58:37 PM    0   53.54    0.00   20.20    0.00    0.00    4.04    0.00    0.00    0.00   22.22

02:58:37 PM  CPU    %usr   %nice    %sys %iowait    %irq   %soft  %steal  %guest  %gnice   %idle
02:58:38 PM    0   54.46    0.00   17.82    0.00    0.00    5.94    0.00    0.00    0.00   21.78

02:58:38 PM  CPU    %usr   %nice    %sys %iowait    %irq   %soft  %steal  %guest  %gnice   %idle
02:58:39 PM    0   46.88    0.00   25.00    0.00    0.00    5.21    0.00    0.00    0.00   22.92

02:58:39 PM  CPU    %usr   %nice    %sys %iowait    %irq   %soft  %steal  %guest  %gnice   %idle
02:58:40 PM    0   56.12    0.00   14.29    0.00    0.00    7.14    0.00    0.00    0.00   22.45

02:58:40 PM  CPU    %usr   %nice    %sys %iowait    %irq   %soft  %steal  %guest  %gnice   %idle
02:58:41 PM    0   49.50    0.00   20.79    0.00    0.00    6.93    0.00    0.00    0.00   22.77

02:58:41 PM  CPU    %usr   %nice    %sys %iowait    %irq   %soft  %steal  %guest  %gnice   %idle
02:58:42 PM    0   53.47    0.00   18.81    0.00    0.00    5.94    0.00    0.00    0.00   21.78

02:58:42 PM  CPU    %usr   %nice    %sys %iowait    %irq   %soft  %steal  %guest  %gnice   %idle
02:58:43 PM    0   44.12    0.00   23.53    0.00    0.00    9.80    0.00    0.00    0.00   22.55

02:58:43 PM  CPU    %usr   %nice    %sys %iowait    %irq   %soft  %steal  %guest  %gnice   %idle
02:58:44 PM    0   54.08    0.00   20.41    0.00    0.00    3.06    0.00    0.00    0.00   22.45

02:58:44 PM  CPU    %usr   %nice    %sys %iowait    %irq   %soft  %steal  %guest  %gnice   %idle
02:58:45 PM    0   53.06    0.00   19.39    0.00    0.00    6.12    0.00    0.00    0.00   21.43

02:58:45 PM  CPU    %usr   %nice    %sys %iowait    %irq   %soft  %steal  %guest  %gnice   %idle
02:58:46 PM    0   56.25    0.00   14.58    0.00    0.00    6.25    0.00    0.00    0.00   22.92

02:58:46 PM  CPU    %usr   %nice    %sys %iowait    %irq   %soft  %steal  %guest  %gnice   %idle
02:58:47 PM    0   51.52    0.00   22.22    0.00    0.00    5.05    0.00    0.00    0.00   21.21

02:58:47 PM  CPU    %usr   %nice    %sys %iowait    %irq   %soft  %steal  %guest  %gnice   %idle
02:58:48 PM    0   52.58    0.00   20.62    0.00    0.00    4.12    0.00    0.00    0.00   22.68

02:58:48 PM  CPU    %usr   %nice    %sys %iowait    %irq   %soft  %steal  %guest  %gnice   %idle
02:58:49 PM    0   56.86    0.00   18.63    0.00    0.00    2.94    0.00    0.00    0.00   21.57

02:58:49 PM  CPU    %usr   %nice    %sys %iowait    %irq   %soft  %steal  %guest  %gnice   %idle
02:58:50 PM    0   46.94    0.00   22.45    0.00    0.00    8.16    0.00    0.00    0.00   22.45

02:58:50 PM  CPU    %usr   %nice    %sys %iowait    %irq   %soft  %steal  %guest  %gnice   %idle
02:58:51 PM    0   50.51    0.00   18.18    0.00    0.00    8.08    0.00    0.00    0.00   23.23

02:58:51 PM  CPU    %usr   %nice    %sys %iowait    %irq   %soft  %steal  %guest  %gnice   %idle
02:58:52 PM    0   56.57    0.00   16.16    0.00    0.00    5.05    0.00    0.00    0.00   22.22

02:58:52 PM  CPU    %usr   %nice    %sys %iowait    %irq   %soft  %steal  %guest  %gnice   %idle
02:58:53 PM    0   52.53    0.00   23.23    0.00    0.00    3.03    0.00    0.00    0.00   21.21

02:58:53 PM  CPU    %usr   %nice    %sys %iowait    %irq   %soft  %steal  %guest  %gnice   %idle
02:58:54 PM    0   46.53    0.00   22.77    0.00    0.00    7.92    0.00    0.00    0.00   22.77

02:58:54 PM  CPU    %usr   %nice    %sys %iowait    %irq   %soft  %steal  %guest  %gnice   %idle
02:58:55 PM    0   56.57    0.00   16.16    0.00    0.00    5.05    0.00    0.00    0.00   22.22

02:58:55 PM  CPU    %usr   %nice    %sys %iowait    %irq   %soft  %steal  %guest  %gnice   %idle
02:58:56 PM    0   50.00    0.00   22.00    0.00    0.00    6.00    0.00    0.00    0.00   22.00

02:58:56 PM  CPU    %usr   %nice    %sys %iowait    %irq   %soft  %steal  %guest  %gnice   %idle
02:58:57 PM    0   54.00    0.00   17.00    0.00    0.00    7.00    0.00    0.00    0.00   22.00

02:58:57 PM  CPU    %usr   %nice    %sys %iowait    %irq   %soft  %steal  %guest  %gnice   %idle
02:58:58 PM    0   53.06    0.00   19.39    0.00    0.00    5.10    0.00    0.00    0.00   22.45

02:58:58 PM  CPU    %usr   %nice    %sys %iowait    %irq   %soft  %steal  %guest  %gnice   %idle
02:58:59 PM    0   59.18    0.00   16.33    0.00    0.00    2.04    0.00    0.00    0.00   22.45

02:58:59 PM  CPU    %usr   %nice    %sys %iowait    %irq   %soft  %steal  %guest  %gnice   %idle
02:59:00 PM    0   52.04    0.00   19.39    0.00    0.00    5.10    0.00    0.00    0.00   23.47

02:59:00 PM  CPU    %usr   %nice    %sys %iowait    %irq   %soft  %steal  %guest  %gnice   %idle
02:59:01 PM    0   50.00    0.00   19.61    0.00    0.00    8.82    0.00    0.00    0.00   21.57

02:59:01 PM  CPU    %usr   %nice    %sys %iowait    %irq   %soft  %steal  %guest  %gnice   %idle
02:59:02 PM    0   47.52    0.00   24.75    0.00    0.00    5.94    0.00    0.00    0.00   21.78

02:59:02 PM  CPU    %usr   %nice    %sys %iowait    %irq   %soft  %steal  %guest  %gnice   %idle
02:59:03 PM    0   53.06    0.00   20.41    0.00    0.00    5.10    0.00    0.00    0.00   21.43

02:59:03 PM  CPU    %usr   %nice    %sys %iowait    %irq   %soft  %steal  %guest  %gnice   %idle
02:59:04 PM    0   53.92    0.00   20.59    0.00    0.00    3.92    0.00    0.00    0.00   21.57

02:59:04 PM  CPU    %usr   %nice    %sys %iowait    %irq   %soft  %steal  %guest  %gnice   %idle
02:59:05 PM    0   53.47    0.00   18.81    0.00    0.00    5.94    0.00    0.00    0.00   21.78

02:59:05 PM  CPU    %usr   %nice    %sys %iowait    %irq   %soft  %steal  %guest  %gnice   %idle
02:59:06 PM    0   51.96    0.00   21.57    0.00    0.00    5.88    0.00    0.00    0.00   20.59

02:59:06 PM  CPU    %usr   %nice    %sys %iowait    %irq   %soft  %steal  %guest  %gnice   %idle
02:59:07 PM    0   55.77    0.00   17.31    0.00    0.00    5.77    0.00    0.00    0.00   21.15

02:59:07 PM  CPU    %usr   %nice    %sys %iowait    %irq   %soft  %steal  %guest  %gnice   %idle
02:59:08 PM    0   56.70    0.00   14.43    0.00    0.00    6.19    0.00    0.00    0.00   22.68

02:59:08 PM  CPU    %usr   %nice    %sys %iowait    %irq   %soft  %steal  %guest  %gnice   %idle
02:59:09 PM    0   50.98    0.00   18.63    0.00    0.00    8.82    0.00    0.00    0.00   21.57

02:59:09 PM  CPU    %usr   %nice    %sys %iowait    %irq   %soft  %steal  %guest  %gnice   %idle
02:59:10 PM    0   53.06    0.00   20.41    0.00    0.00    4.08    0.00    0.00    0.00   22.45

02:59:10 PM  CPU    %usr   %nice    %sys %iowait    %irq   %soft  %steal  %guest  %gnice   %idle
02:59:11 PM    0   54.90    0.00   17.65    0.00    0.00    5.88    0.00    0.00    0.00   21.57

02:59:11 PM  CPU    %usr   %nice    %sys %iowait    %irq   %soft  %steal  %guest  %gnice   %idle
02:59:12 PM    0   50.00    0.00   21.57    0.00    0.00    5.88    0.00    0.00    0.00   22.55

02:59:12 PM  CPU    %usr   %nice    %sys %iowait    %irq   %soft  %steal  %guest  %gnice   %idle
02:59:13 PM    0   50.00    0.00   23.00    0.00    0.00    6.00    0.00    0.00    0.00   21.00

02:59:13 PM  CPU    %usr   %nice    %sys %iowait    %irq   %soft  %steal  %guest  %gnice   %idle
02:59:14 PM    0   52.53    0.00   19.19    0.00    0.00    5.05    0.00    0.00    0.00   23.23

02:59:14 PM  CPU    %usr   %nice    %sys %iowait    %irq   %soft  %steal  %guest  %gnice   %idle
02:59:15 PM    0   55.56    0.00   15.15    0.00    0.00    7.07    0.00    0.00    0.00   22.22

02:59:15 PM  CPU    %usr   %nice    %sys %iowait    %irq   %soft  %steal  %guest  %gnice   %idle
02:59:16 PM    0   57.00    0.00   18.00    0.00    0.00    3.00    0.00    0.00    0.00   22.00

02:59:16 PM  CPU    %usr   %nice    %sys %iowait    %irq   %soft  %steal  %guest  %gnice   %idle
02:59:17 PM    0   49.02    0.00   21.57    0.00    0.00    7.84    0.00    0.00    0.00   21.57

02:59:17 PM  CPU    %usr   %nice    %sys %iowait    %irq   %soft  %steal  %guest  %gnice   %idle
02:59:18 PM    0   52.53    0.00   20.20    0.00    0.00    5.05    0.00    0.00    0.00   22.22

02:59:18 PM  CPU    %usr   %nice    %sys %iowait    %irq   %soft  %steal  %guest  %gnice   %idle
02:59:19 PM    0   53.54    0.00   17.17    0.00    0.00    7.07    0.00    0.00    0.00   22.22

02:59:19 PM  CPU    %usr   %nice    %sys %iowait    %irq   %soft  %steal  %guest  %gnice   %idle
02:59:20 PM    0   53.54    0.00   20.20    0.00    0.00    4.04    0.00    0.00    0.00   22.22

02:59:20 PM  CPU    %usr   %nice    %sys %iowait    %irq   %soft  %steal  %guest  %gnice   %idle
02:59:21 PM    0   46.46    0.00   26.26    0.00    0.00    4.04    0.00    0.00    0.00   23.23

02:59:21 PM  CPU    %usr   %nice    %sys %iowait    %irq   %soft  %steal  %guest  %gnice   %idle
02:59:22 PM    0   50.49    0.00   23.30    0.00    0.00    4.85    0.00    0.00    0.00   21.36

02:59:22 PM  CPU    %usr   %nice    %sys %iowait    %irq   %soft  %steal  %guest  %gnice   %idle
02:59:23 PM    0   50.50    0.00   22.77    0.00    0.00    4.95    0.00    0.00    0.00   21.78

02:59:23 PM  CPU    %usr   %nice    %sys %iowait    %irq   %soft  %steal  %guest  %gnice   %idle
02:59:24 PM    0   52.04    0.00   22.45    0.00    0.00    3.06    0.00    0.00    0.00   22.45

02:59:24 PM  CPU    %usr   %nice    %sys %iowait    %irq   %soft  %steal  %guest  %gnice   %idle
02:59:25 PM    0   51.00    0.00   24.00    0.00    0.00    3.00    0.00    0.00    0.00   22.00

02:59:25 PM  CPU    %usr   %nice    %sys %iowait    %irq   %soft  %steal  %guest  %gnice   %idle
02:59:26 PM    0   51.61    0.00   17.20    0.00    0.00    7.53    0.00    0.00    0.00   23.66

Average:     CPU    %usr   %nice    %sys %iowait    %irq   %soft  %steal  %guest  %gnice   %idle
Average:       0   52.17    0.00   20.27    0.00    0.00    5.43    0.00    0.00    0.00   22.13
