Linux 5.3.0-61-generic (cw-zenbook) 	07/16/2020 	_x86_64_	(8 CPU)

02:36:29 PM  CPU    %usr   %nice    %sys %iowait    %irq   %soft  %steal  %guest  %gnice   %idle
02:36:30 PM    0   38.71    0.00   15.05    0.00    0.00    3.23    0.00    0.00    0.00   43.01

02:36:30 PM  CPU    %usr   %nice    %sys %iowait    %irq   %soft  %steal  %guest  %gnice   %idle
02:36:31 PM    0   40.40    0.00   15.15    0.00    0.00    3.03    0.00    0.00    0.00   41.41

02:36:31 PM  CPU    %usr   %nice    %sys %iowait    %irq   %soft  %steal  %guest  %gnice   %idle
02:36:32 PM    0   40.59    0.00   13.86    0.00    0.00    4.95    0.00    0.00    0.00   40.59

02:36:32 PM  CPU    %usr   %nice    %sys %iowait    %irq   %soft  %steal  %guest  %gnice   %idle
02:36:33 PM    0   36.46    0.00   20.83    0.00    0.00    1.04    0.00    0.00    0.00   41.67

02:36:33 PM  CPU    %usr   %nice    %sys %iowait    %irq   %soft  %steal  %guest  %gnice   %idle
02:36:34 PM    0   40.00    0.00   16.00    0.00    0.00    3.00    0.00    0.00    0.00   41.00

02:36:34 PM  CPU    %usr   %nice    %sys %iowait    %irq   %soft  %steal  %guest  %gnice   %idle
02:36:35 PM    0   36.36    0.00   16.16    0.00    0.00    6.06    0.00    0.00    0.00   41.41

02:36:35 PM  CPU    %usr   %nice    %sys %iowait    %irq   %soft  %steal  %guest  %gnice   %idle
02:36:36 PM    0   40.00    0.00   12.63    0.00    0.00    4.21    0.00    0.00    0.00   43.16

02:36:36 PM  CPU    %usr   %nice    %sys %iowait    %irq   %soft  %steal  %guest  %gnice   %idle
02:36:37 PM    0   36.00    0.00   17.00    0.00    0.00    5.00    0.00    0.00    0.00   42.00

02:36:37 PM  CPU    %usr   %nice    %sys %iowait    %irq   %soft  %steal  %guest  %gnice   %idle
02:36:38 PM    0   40.82    0.00   14.29    0.00    0.00    3.06    0.00    0.00    0.00   41.84

02:36:38 PM  CPU    %usr   %nice    %sys %iowait    %irq   %soft  %steal  %guest  %gnice   %idle
02:36:39 PM    0   38.78    0.00   13.27    0.00    0.00    5.10    0.00    0.00    0.00   42.86

02:36:39 PM  CPU    %usr   %nice    %sys %iowait    %irq   %soft  %steal  %guest  %gnice   %idle
02:36:40 PM    0   37.00    0.00   18.00    0.00    0.00    4.00    0.00    0.00    0.00   41.00

02:36:40 PM  CPU    %usr   %nice    %sys %iowait    %irq   %soft  %steal  %guest  %gnice   %idle
02:36:41 PM    0   43.00    0.00   15.00    0.00    0.00    2.00    0.00    0.00    0.00   40.00

02:36:41 PM  CPU    %usr   %nice    %sys %iowait    %irq   %soft  %steal  %guest  %gnice   %idle
02:36:42 PM    0   40.00    0.00   13.00    0.00    0.00    6.00    0.00    0.00    0.00   41.00

02:36:42 PM  CPU    %usr   %nice    %sys %iowait    %irq   %soft  %steal  %guest  %gnice   %idle
02:36:43 PM    0   36.73    0.00   15.31    0.00    0.00    6.12    0.00    0.00    0.00   41.84

02:36:43 PM  CPU    %usr   %nice    %sys %iowait    %irq   %soft  %steal  %guest  %gnice   %idle
02:36:44 PM    0   39.58    0.00   14.58    0.00    0.00    3.12    0.00    0.00    0.00   42.71

02:36:44 PM  CPU    %usr   %nice    %sys %iowait    %irq   %soft  %steal  %guest  %gnice   %idle
02:36:45 PM    0   39.80    0.00   15.31    0.00    0.00    2.04    0.00    0.00    0.00   42.86

02:36:45 PM  CPU    %usr   %nice    %sys %iowait    %irq   %soft  %steal  %guest  %gnice   %idle
02:36:46 PM    0   38.78    0.00   15.31    0.00    0.00    4.08    0.00    0.00    0.00   41.84

02:36:46 PM  CPU    %usr   %nice    %sys %iowait    %irq   %soft  %steal  %guest  %gnice   %idle
02:36:47 PM    0   39.18    0.00   15.46    0.00    0.00    3.09    0.00    0.00    0.00   42.27

02:36:47 PM  CPU    %usr   %nice    %sys %iowait    %irq   %soft  %steal  %guest  %gnice   %idle
02:36:48 PM    0   42.00    0.00   15.00    0.00    0.00    3.00    0.00    0.00    0.00   40.00

02:36:48 PM  CPU    %usr   %nice    %sys %iowait    %irq   %soft  %steal  %guest  %gnice   %idle
02:36:49 PM    0   37.76    0.00   17.35    0.00    0.00    4.08    0.00    0.00    0.00   40.82

02:36:49 PM  CPU    %usr   %nice    %sys %iowait    %irq   %soft  %steal  %guest  %gnice   %idle
02:36:50 PM    0   37.00    0.00   19.00    0.00    0.00    2.00    0.00    0.00    0.00   42.00

02:36:50 PM  CPU    %usr   %nice    %sys %iowait    %irq   %soft  %steal  %guest  %gnice   %idle
02:36:51 PM    0   34.74    0.00   15.79    0.00    0.00    5.26    0.00    0.00    0.00   44.21

02:36:51 PM  CPU    %usr   %nice    %sys %iowait    %irq   %soft  %steal  %guest  %gnice   %idle
02:36:52 PM    0   44.44    0.00   10.10    0.00    0.00    2.02    0.00    0.00    0.00   43.43

02:36:52 PM  CPU    %usr   %nice    %sys %iowait    %irq   %soft  %steal  %guest  %gnice   %idle
02:36:53 PM    0   40.20    0.00   15.69    0.00    0.00    3.92    0.00    0.00    0.00   40.20

02:36:53 PM  CPU    %usr   %nice    %sys %iowait    %irq   %soft  %steal  %guest  %gnice   %idle
02:36:54 PM    0   39.60    0.00   15.84    0.00    0.00    3.96    0.00    0.00    0.00   40.59

02:36:54 PM  CPU    %usr   %nice    %sys %iowait    %irq   %soft  %steal  %guest  %gnice   %idle
02:36:55 PM    0   37.76    0.00   15.31    0.00    0.00    6.12    0.00    0.00    0.00   40.82

02:36:55 PM  CPU    %usr   %nice    %sys %iowait    %irq   %soft  %steal  %guest  %gnice   %idle
02:36:56 PM    0   42.00    0.00   14.00    0.00    0.00    3.00    0.00    0.00    0.00   41.00

02:36:56 PM  CPU    %usr   %nice    %sys %iowait    %irq   %soft  %steal  %guest  %gnice   %idle
02:36:57 PM    0   33.67    0.00   19.39    0.00    0.00    4.08    0.00    0.00    0.00   42.86

02:36:57 PM  CPU    %usr   %nice    %sys %iowait    %irq   %soft  %steal  %guest  %gnice   %idle
02:36:58 PM    0   37.76    0.00   15.31    0.00    0.00    5.10    0.00    0.00    0.00   41.84

02:36:58 PM  CPU    %usr   %nice    %sys %iowait    %irq   %soft  %steal  %guest  %gnice   %idle
02:36:59 PM    0   34.69    0.00   18.37    0.00    0.00    5.10    0.00    0.00    0.00   41.84

02:36:59 PM  CPU    %usr   %nice    %sys %iowait    %irq   %soft  %steal  %guest  %gnice   %idle
02:37:00 PM    0   38.14    0.00   13.40    0.00    0.00    5.15    0.00    0.00    0.00   43.30

02:37:00 PM  CPU    %usr   %nice    %sys %iowait    %irq   %soft  %steal  %guest  %gnice   %idle
02:37:01 PM    0   36.46    0.00   17.71    0.00    0.00    3.12    0.00    0.00    0.00   42.71

02:37:01 PM  CPU    %usr   %nice    %sys %iowait    %irq   %soft  %steal  %guest  %gnice   %idle
02:37:02 PM    0   38.54    0.00   14.58    0.00    0.00    5.21    0.00    0.00    0.00   41.67

02:37:02 PM  CPU    %usr   %nice    %sys %iowait    %irq   %soft  %steal  %guest  %gnice   %idle
02:37:03 PM    0   36.08    0.00   19.59    0.00    0.00    2.06    0.00    0.00    0.00   42.27

02:37:03 PM  CPU    %usr   %nice    %sys %iowait    %irq   %soft  %steal  %guest  %gnice   %idle
02:37:04 PM    0   41.84    0.00   12.24    0.00    0.00    6.12    0.00    0.00    0.00   39.80

02:37:04 PM  CPU    %usr   %nice    %sys %iowait    %irq   %soft  %steal  %guest  %gnice   %idle
02:37:05 PM    0   41.84    0.00   11.22    0.00    0.00    5.10    0.00    0.00    0.00   41.84

02:37:05 PM  CPU    %usr   %nice    %sys %iowait    %irq   %soft  %steal  %guest  %gnice   %idle
02:37:06 PM    0   39.58    0.00   13.54    0.00    0.00    5.21    0.00    0.00    0.00   41.67

02:37:06 PM  CPU    %usr   %nice    %sys %iowait    %irq   %soft  %steal  %guest  %gnice   %idle
02:37:07 PM    0   41.00    0.00   13.00    0.00    0.00    4.00    0.00    0.00    0.00   42.00

02:37:07 PM  CPU    %usr   %nice    %sys %iowait    %irq   %soft  %steal  %guest  %gnice   %idle
02:37:08 PM    0   37.37    0.00   18.18    0.00    0.00    3.03    0.00    0.00    0.00   41.41

02:37:08 PM  CPU    %usr   %nice    %sys %iowait    %irq   %soft  %steal  %guest  %gnice   %idle
02:37:09 PM    0   40.40    0.00   13.13    0.00    0.00    5.05    0.00    0.00    0.00   41.41

02:37:09 PM  CPU    %usr   %nice    %sys %iowait    %irq   %soft  %steal  %guest  %gnice   %idle
02:37:10 PM    0   38.00    0.00   15.00    0.00    0.00    5.00    0.00    0.00    0.00   42.00

02:37:10 PM  CPU    %usr   %nice    %sys %iowait    %irq   %soft  %steal  %guest  %gnice   %idle
02:37:11 PM    0   34.31    0.00   20.59    0.00    0.00    3.92    0.00    0.00    0.00   41.18

02:37:11 PM  CPU    %usr   %nice    %sys %iowait    %irq   %soft  %steal  %guest  %gnice   %idle
02:37:12 PM    0   40.21    0.00   14.43    0.00    0.00    2.06    0.00    0.00    0.00   43.30

02:37:12 PM  CPU    %usr   %nice    %sys %iowait    %irq   %soft  %steal  %guest  %gnice   %idle
02:37:13 PM    0   34.02    0.00   17.53    0.00    0.00    6.19    0.00    0.00    0.00   42.27

02:37:13 PM  CPU    %usr   %nice    %sys %iowait    %irq   %soft  %steal  %guest  %gnice   %idle
02:37:14 PM    0   37.25    0.00   18.63    0.00    0.00    2.94    0.00    0.00    0.00   41.18

02:37:14 PM  CPU    %usr   %nice    %sys %iowait    %irq   %soft  %steal  %guest  %gnice   %idle
02:37:15 PM    0   39.80    0.00   14.29    0.00    0.00    4.08    0.00    0.00    0.00   41.84

02:37:15 PM  CPU    %usr   %nice    %sys %iowait    %irq   %soft  %steal  %guest  %gnice   %idle
02:37:16 PM    0   43.56    0.00   11.88    0.00    0.00    2.97    0.00    0.00    0.00   41.58

02:37:16 PM  CPU    %usr   %nice    %sys %iowait    %irq   %soft  %steal  %guest  %gnice   %idle
02:37:17 PM    0   36.08    0.00   18.56    0.00    0.00    3.09    0.00    0.00    0.00   42.27

02:37:17 PM  CPU    %usr   %nice    %sys %iowait    %irq   %soft  %steal  %guest  %gnice   %idle
02:37:18 PM    0   38.38    0.00   15.15    0.00    0.00    4.04    0.00    0.00    0.00   42.42

02:37:18 PM  CPU    %usr   %nice    %sys %iowait    %irq   %soft  %steal  %guest  %gnice   %idle
02:37:19 PM    0   39.00    0.00   16.00    0.00    0.00    4.00    0.00    0.00    0.00   41.00

02:37:19 PM  CPU    %usr   %nice    %sys %iowait    %irq   %soft  %steal  %guest  %gnice   %idle
02:37:20 PM    0   37.76    0.00   17.35    0.00    0.00    3.06    0.00    0.00    0.00   41.84

02:37:20 PM  CPU    %usr   %nice    %sys %iowait    %irq   %soft  %steal  %guest  %gnice   %idle
02:37:21 PM    0   37.62    0.00   15.84    0.00    0.00    4.95    0.00    0.00    0.00   41.58

02:37:21 PM  CPU    %usr   %nice    %sys %iowait    %irq   %soft  %steal  %guest  %gnice   %idle
02:37:22 PM    0   36.00    0.00   20.00    0.00    0.00    2.00    0.00    0.00    0.00   42.00

02:37:22 PM  CPU    %usr   %nice    %sys %iowait    %irq   %soft  %steal  %guest  %gnice   %idle
02:37:23 PM    0   37.25    0.00   14.71    0.00    0.00    6.86    0.00    0.00    0.00   41.18

02:37:23 PM  CPU    %usr   %nice    %sys %iowait    %irq   %soft  %steal  %guest  %gnice   %idle
02:37:24 PM    0   39.00    0.00   15.00    0.00    0.00    5.00    0.00    0.00    0.00   41.00

02:37:24 PM  CPU    %usr   %nice    %sys %iowait    %irq   %soft  %steal  %guest  %gnice   %idle
02:37:25 PM    0   39.39    0.00   16.16    0.00    0.00    3.03    0.00    0.00    0.00   41.41

02:37:25 PM  CPU    %usr   %nice    %sys %iowait    %irq   %soft  %steal  %guest  %gnice   %idle
02:37:26 PM    0   41.75    0.00   11.65    0.00    0.00    5.83    0.00    0.00    0.00   40.78

02:37:26 PM  CPU    %usr   %nice    %sys %iowait    %irq   %soft  %steal  %guest  %gnice   %idle
02:37:27 PM    0   44.00    0.00   13.00    0.00    0.00    2.00    0.00    0.00    0.00   41.00

02:37:27 PM  CPU    %usr   %nice    %sys %iowait    %irq   %soft  %steal  %guest  %gnice   %idle
02:37:28 PM    0   39.80    0.00   15.31    0.00    0.00    3.06    0.00    0.00    0.00   41.84

02:37:28 PM  CPU    %usr   %nice    %sys %iowait    %irq   %soft  %steal  %guest  %gnice   %idle
02:37:29 PM    0   35.71    0.00   17.35    0.00    0.00    4.08    0.00    0.00    0.00   42.86

02:37:29 PM  CPU    %usr   %nice    %sys %iowait    %irq   %soft  %steal  %guest  %gnice   %idle
02:37:30 PM    0   39.80    0.00   16.33    0.00    0.00    2.04    0.00    0.00    0.00   41.84

02:37:30 PM  CPU    %usr   %nice    %sys %iowait    %irq   %soft  %steal  %guest  %gnice   %idle
02:37:31 PM    0   42.00    0.00   16.00    0.00    0.00    2.00    0.00    0.00    0.00   40.00

02:37:31 PM  CPU    %usr   %nice    %sys %iowait    %irq   %soft  %steal  %guest  %gnice   %idle
02:37:32 PM    0   40.78    0.00   16.50    0.00    0.00    3.88    0.00    0.00    0.00   38.83

02:37:32 PM  CPU    %usr   %nice    %sys %iowait    %irq   %soft  %steal  %guest  %gnice   %idle
02:37:33 PM    0   36.63    0.00   20.79    0.00    0.00    1.98    0.00    0.00    0.00   40.59

02:37:33 PM  CPU    %usr   %nice    %sys %iowait    %irq   %soft  %steal  %guest  %gnice   %idle
02:37:34 PM    0   39.18    0.00   15.46    0.00    0.00    4.12    0.00    0.00    0.00   41.24

02:37:34 PM  CPU    %usr   %nice    %sys %iowait    %irq   %soft  %steal  %guest  %gnice   %idle
02:37:35 PM    0   39.22    0.00   17.65    0.00    0.00    2.94    0.00    0.00    0.00   40.20

02:37:35 PM  CPU    %usr   %nice    %sys %iowait    %irq   %soft  %steal  %guest  %gnice   %idle
02:37:36 PM    0   38.38    0.00   16.16    0.00    0.00    4.04    0.00    0.00    0.00   41.41

02:37:36 PM  CPU    %usr   %nice    %sys %iowait    %irq   %soft  %steal  %guest  %gnice   %idle
02:37:37 PM    0   40.82    0.00   13.27    0.00    0.00    5.10    0.00    0.00    0.00   40.82

02:37:37 PM  CPU    %usr   %nice    %sys %iowait    %irq   %soft  %steal  %guest  %gnice   %idle
02:37:38 PM    0   41.58    0.00   12.87    0.00    0.00    3.96    0.00    0.00    0.00   41.58

02:37:38 PM  CPU    %usr   %nice    %sys %iowait    %irq   %soft  %steal  %guest  %gnice   %idle
02:37:39 PM    0   35.79    0.00   16.84    0.00    0.00    5.26    0.00    0.00    0.00   42.11

02:37:39 PM  CPU    %usr   %nice    %sys %iowait    %irq   %soft  %steal  %guest  %gnice   %idle
02:37:40 PM    0   36.00    0.00   20.00    0.00    0.00    3.00    0.00    0.00    0.00   41.00

02:37:40 PM  CPU    %usr   %nice    %sys %iowait    %irq   %soft  %steal  %guest  %gnice   %idle
02:37:41 PM    0   38.14    0.00   14.43    0.00    0.00    5.15    0.00    0.00    0.00   42.27

02:37:41 PM  CPU    %usr   %nice    %sys %iowait    %irq   %soft  %steal  %guest  %gnice   %idle
02:37:42 PM    0   37.25    0.00   17.65    0.00    0.00    4.90    0.00    0.00    0.00   40.20

02:37:42 PM  CPU    %usr   %nice    %sys %iowait    %irq   %soft  %steal  %guest  %gnice   %idle
02:37:43 PM    0   39.60    0.00   15.84    0.00    0.00    3.96    0.00    0.00    0.00   40.59

02:37:43 PM  CPU    %usr   %nice    %sys %iowait    %irq   %soft  %steal  %guest  %gnice   %idle
02:37:44 PM    0   38.14    0.00   15.46    0.00    0.00    4.12    0.00    0.00    0.00   42.27

02:37:44 PM  CPU    %usr   %nice    %sys %iowait    %irq   %soft  %steal  %guest  %gnice   %idle
02:37:45 PM    0   35.35    0.00   17.17    0.00    0.00    5.05    0.00    0.00    0.00   42.42

02:37:45 PM  CPU    %usr   %nice    %sys %iowait    %irq   %soft  %steal  %guest  %gnice   %idle
02:37:46 PM    0   36.27    0.00   17.65    0.00    0.00    4.90    0.00    0.00    0.00   41.18

02:37:46 PM  CPU    %usr   %nice    %sys %iowait    %irq   %soft  %steal  %guest  %gnice   %idle
02:37:47 PM    0   35.00    0.00   18.00    0.00    0.00    6.00    0.00    0.00    0.00   41.00

02:37:47 PM  CPU    %usr   %nice    %sys %iowait    %irq   %soft  %steal  %guest  %gnice   %idle
02:37:48 PM    0   39.39    0.00   15.15    0.00    0.00    3.03    0.00    0.00    0.00   42.42

02:37:48 PM  CPU    %usr   %nice    %sys %iowait    %irq   %soft  %steal  %guest  %gnice   %idle
02:37:49 PM    0   47.52    0.00   11.88    0.00    0.00    2.97    0.00    0.00    0.00   37.62

02:37:49 PM  CPU    %usr   %nice    %sys %iowait    %irq   %soft  %steal  %guest  %gnice   %idle
02:37:50 PM    0   40.00    0.00   15.00    0.00    0.00    5.00    0.00    0.00    0.00   40.00

02:37:50 PM  CPU    %usr   %nice    %sys %iowait    %irq   %soft  %steal  %guest  %gnice   %idle
02:37:51 PM    0   37.62    0.00   14.85    0.00    0.00    5.94    0.00    0.00    0.00   41.58

02:37:51 PM  CPU    %usr   %nice    %sys %iowait    %irq   %soft  %steal  %guest  %gnice   %idle
02:37:52 PM    0   40.78    0.00   14.56    0.00    0.00    2.91    0.00    0.00    0.00   41.75

02:37:52 PM  CPU    %usr   %nice    %sys %iowait    %irq   %soft  %steal  %guest  %gnice   %idle
02:37:53 PM    0   42.00    0.00   12.00    0.00    0.00    4.00    0.00    0.00    0.00   42.00

02:37:53 PM  CPU    %usr   %nice    %sys %iowait    %irq   %soft  %steal  %guest  %gnice   %idle
02:37:54 PM    0   37.62    0.00   19.80    0.00    0.00    1.98    0.00    0.00    0.00   40.59

02:37:54 PM  CPU    %usr   %nice    %sys %iowait    %irq   %soft  %steal  %guest  %gnice   %idle
02:37:55 PM    0   35.42    0.00   17.71    0.00    0.00    4.17    0.00    0.00    0.00   42.71

02:37:55 PM  CPU    %usr   %nice    %sys %iowait    %irq   %soft  %steal  %guest  %gnice   %idle
02:37:56 PM    0   39.80    0.00   16.33    0.00    0.00    2.04    0.00    0.00    0.00   41.84

02:37:56 PM  CPU    %usr   %nice    %sys %iowait    %irq   %soft  %steal  %guest  %gnice   %idle
02:37:57 PM    0   45.00    0.00   10.00    0.00    0.00    4.00    0.00    0.00    0.00   41.00

02:37:57 PM  CPU    %usr   %nice    %sys %iowait    %irq   %soft  %steal  %guest  %gnice   %idle
02:37:58 PM    0   40.40    0.00   15.15    0.00    0.00    3.03    0.00    0.00    0.00   41.41

02:37:58 PM  CPU    %usr   %nice    %sys %iowait    %irq   %soft  %steal  %guest  %gnice   %idle
02:37:59 PM    0   40.82    0.00   13.27    0.00    0.00    3.06    0.00    0.00    0.00   42.86

02:37:59 PM  CPU    %usr   %nice    %sys %iowait    %irq   %soft  %steal  %guest  %gnice   %idle
02:38:00 PM    0   31.25    0.00   21.88    0.00    0.00    4.17    0.00    0.00    0.00   42.71

02:38:00 PM  CPU    %usr   %nice    %sys %iowait    %irq   %soft  %steal  %guest  %gnice   %idle
02:38:01 PM    0   35.35    0.00   20.20    0.00    0.00    4.04    0.00    0.00    0.00   40.40

02:38:01 PM  CPU    %usr   %nice    %sys %iowait    %irq   %soft  %steal  %guest  %gnice   %idle
02:38:02 PM    0   36.27    0.00   15.69    0.00    0.00    6.86    0.00    0.00    0.00   41.18

02:38:02 PM  CPU    %usr   %nice    %sys %iowait    %irq   %soft  %steal  %guest  %gnice   %idle
02:38:03 PM    0   39.18    0.00   16.49    0.00    0.00    2.06    0.00    0.00    0.00   42.27

02:38:03 PM  CPU    %usr   %nice    %sys %iowait    %irq   %soft  %steal  %guest  %gnice   %idle
02:38:04 PM    0   39.00    0.00   15.00    0.00    0.00    4.00    0.00    0.00    0.00   42.00

02:38:04 PM  CPU    %usr   %nice    %sys %iowait    %irq   %soft  %steal  %guest  %gnice   %idle
02:38:05 PM    0   38.54    0.00   14.58    0.00    0.00    4.17    0.00    0.00    0.00   42.71

02:38:05 PM  CPU    %usr   %nice    %sys %iowait    %irq   %soft  %steal  %guest  %gnice   %idle
02:38:06 PM    0   37.00    0.00   17.00    0.00    0.00    4.00    0.00    0.00    0.00   42.00

02:38:06 PM  CPU    %usr   %nice    %sys %iowait    %irq   %soft  %steal  %guest  %gnice   %idle
02:38:07 PM    0   35.71    0.00   18.37    0.00    0.00    3.06    0.00    0.00    0.00   42.86

02:38:07 PM  CPU    %usr   %nice    %sys %iowait    %irq   %soft  %steal  %guest  %gnice   %idle
02:38:08 PM    0   34.00    0.00   18.00    0.00    0.00    5.00    0.00    0.00    0.00   43.00

02:38:08 PM  CPU    %usr   %nice    %sys %iowait    %irq   %soft  %steal  %guest  %gnice   %idle
02:38:09 PM    0   40.82    0.00   16.33    0.00    0.00    1.02    0.00    0.00    0.00   41.84

02:38:09 PM  CPU    %usr   %nice    %sys %iowait    %irq   %soft  %steal  %guest  %gnice   %idle
02:38:10 PM    0   38.95    0.00   12.63    0.00    0.00    5.26    0.00    0.00    0.00   43.16

02:38:10 PM  CPU    %usr   %nice    %sys %iowait    %irq   %soft  %steal  %guest  %gnice   %idle
02:38:11 PM    0   38.83    0.00   17.48    0.00    0.00    2.91    0.00    0.00    0.00   40.78

02:38:11 PM  CPU    %usr   %nice    %sys %iowait    %irq   %soft  %steal  %guest  %gnice   %idle
02:38:12 PM    0   36.36    0.00   18.18    0.00    0.00    4.04    0.00    0.00    0.00   41.41

02:38:12 PM  CPU    %usr   %nice    %sys %iowait    %irq   %soft  %steal  %guest  %gnice   %idle
02:38:13 PM    0   43.43    0.00   14.14    0.00    0.00    1.01    0.00    0.00    0.00   41.41

02:38:13 PM  CPU    %usr   %nice    %sys %iowait    %irq   %soft  %steal  %guest  %gnice   %idle
02:38:14 PM    0   36.63    0.00   19.80    0.00    0.00    3.96    0.00    0.00    0.00   39.60

02:38:14 PM  CPU    %usr   %nice    %sys %iowait    %irq   %soft  %steal  %guest  %gnice   %idle
02:38:15 PM    0   40.62    0.00   15.62    0.00    0.00    2.08    0.00    0.00    0.00   41.67

02:38:15 PM  CPU    %usr   %nice    %sys %iowait    %irq   %soft  %steal  %guest  %gnice   %idle
02:38:16 PM    0   36.00    0.00   17.00    0.00    0.00    5.00    0.00    0.00    0.00   42.00

02:38:16 PM  CPU    %usr   %nice    %sys %iowait    %irq   %soft  %steal  %guest  %gnice   %idle
02:38:17 PM    0   40.00    0.00   15.00    0.00    0.00    4.00    0.00    0.00    0.00   41.00

02:38:17 PM  CPU    %usr   %nice    %sys %iowait    %irq   %soft  %steal  %guest  %gnice   %idle
02:38:18 PM    0   40.00    0.00   15.00    0.00    0.00    4.00    0.00    0.00    0.00   41.00

02:38:18 PM  CPU    %usr   %nice    %sys %iowait    %irq   %soft  %steal  %guest  %gnice   %idle
02:38:19 PM    0   38.00    0.00   16.00    0.00    0.00    4.00    0.00    0.00    0.00   42.00

02:38:19 PM  CPU    %usr   %nice    %sys %iowait    %irq   %soft  %steal  %guest  %gnice   %idle
02:38:20 PM    0   40.40    0.00   16.16    0.00    0.00    2.02    0.00    0.00    0.00   41.41

02:38:20 PM  CPU    %usr   %nice    %sys %iowait    %irq   %soft  %steal  %guest  %gnice   %idle
02:38:21 PM    0   37.11    0.00   17.53    0.00    0.00    4.12    0.00    0.00    0.00   41.24

02:38:21 PM  CPU    %usr   %nice    %sys %iowait    %irq   %soft  %steal  %guest  %gnice   %idle
02:38:22 PM    0   36.46    0.00   16.67    0.00    0.00    4.17    0.00    0.00    0.00   42.71

02:38:22 PM  CPU    %usr   %nice    %sys %iowait    %irq   %soft  %steal  %guest  %gnice   %idle
02:38:23 PM    0   39.00    0.00   16.00    0.00    0.00    4.00    0.00    0.00    0.00   41.00

02:38:23 PM  CPU    %usr   %nice    %sys %iowait    %irq   %soft  %steal  %guest  %gnice   %idle
02:38:24 PM    0   39.00    0.00   16.00    0.00    0.00    4.00    0.00    0.00    0.00   41.00

02:38:24 PM  CPU    %usr   %nice    %sys %iowait    %irq   %soft  %steal  %guest  %gnice   %idle
02:38:25 PM    0   35.64    0.00   18.81    0.00    0.00    4.95    0.00    0.00    0.00   40.59

02:38:25 PM  CPU    %usr   %nice    %sys %iowait    %irq   %soft  %steal  %guest  %gnice   %idle
02:38:26 PM    0   40.21    0.00   12.37    0.00    0.00    4.12    0.00    0.00    0.00   43.30

02:38:26 PM  CPU    %usr   %nice    %sys %iowait    %irq   %soft  %steal  %guest  %gnice   %idle
02:38:27 PM    0   34.34    0.00   21.21    0.00    0.00    3.03    0.00    0.00    0.00   41.41

02:38:27 PM  CPU    %usr   %nice    %sys %iowait    %irq   %soft  %steal  %guest  %gnice   %idle
02:38:28 PM    0   36.73    0.00   17.35    0.00    0.00    4.08    0.00    0.00    0.00   41.84

02:38:28 PM  CPU    %usr   %nice    %sys %iowait    %irq   %soft  %steal  %guest  %gnice   %idle
02:38:29 PM    0   39.00    0.00   16.00    0.00    0.00    5.00    0.00    0.00    0.00   40.00

Average:     CPU    %usr   %nice    %sys %iowait    %irq   %soft  %steal  %guest  %gnice   %idle
Average:       0   38.63    0.00   15.91    0.00    0.00    3.90    0.00    0.00    0.00   41.57
