Linux 5.3.0-61-generic (cw-zenbook) 	07/16/2020 	_x86_64_	(8 CPU)

12:07:16 PM  CPU    %usr   %nice    %sys %iowait    %irq   %soft  %steal  %guest  %gnice   %idle
12:07:17 PM    0   26.26    0.00    9.09    0.00    0.00    3.03    0.00    0.00    0.00   61.62

12:07:17 PM  CPU    %usr   %nice    %sys %iowait    %irq   %soft  %steal  %guest  %gnice   %idle
12:07:18 PM    0   23.30    0.00   15.53    0.00    0.00    1.94    0.00    0.00    0.00   59.22

12:07:18 PM  CPU    %usr   %nice    %sys %iowait    %irq   %soft  %steal  %guest  %gnice   %idle
12:07:19 PM    0   27.45    0.00    8.82    0.00    0.00    2.94    0.00    0.00    0.00   60.78

12:07:19 PM  CPU    %usr   %nice    %sys %iowait    %irq   %soft  %steal  %guest  %gnice   %idle
12:07:20 PM    0   24.00    0.00   11.00    0.00    0.00    3.00    0.00    0.00    0.00   62.00

12:07:20 PM  CPU    %usr   %nice    %sys %iowait    %irq   %soft  %steal  %guest  %gnice   %idle
12:07:21 PM    0   23.23    0.00   11.11    0.00    0.00    3.03    0.00    0.00    0.00   62.63

12:07:21 PM  CPU    %usr   %nice    %sys %iowait    %irq   %soft  %steal  %guest  %gnice   %idle
12:07:22 PM    0   27.45    0.00    8.82    0.00    0.00    2.94    0.00    0.00    0.00   60.78

12:07:22 PM  CPU    %usr   %nice    %sys %iowait    %irq   %soft  %steal  %guest  %gnice   %idle
12:07:23 PM    0   24.74    0.00   10.31    0.00    0.00    2.06    0.00    0.00    0.00   62.89

12:07:23 PM  CPU    %usr   %nice    %sys %iowait    %irq   %soft  %steal  %guest  %gnice   %idle
12:07:24 PM    0   26.00    0.00   10.00    0.00    0.00    2.00    0.00    0.00    0.00   62.00

12:07:24 PM  CPU    %usr   %nice    %sys %iowait    %irq   %soft  %steal  %guest  %gnice   %idle
12:07:25 PM    0   24.75    0.00   10.89    0.00    0.00    2.97    0.00    0.00    0.00   61.39

12:07:25 PM  CPU    %usr   %nice    %sys %iowait    %irq   %soft  %steal  %guest  %gnice   %idle
12:07:26 PM    0   25.00    0.00    9.00    0.00    0.00    4.00    0.00    0.00    0.00   62.00

12:07:26 PM  CPU    %usr   %nice    %sys %iowait    %irq   %soft  %steal  %guest  %gnice   %idle
12:07:27 PM    0   23.71    0.00    9.28    0.00    0.00    4.12    0.00    0.00    0.00   62.89

12:07:27 PM  CPU    %usr   %nice    %sys %iowait    %irq   %soft  %steal  %guest  %gnice   %idle
12:07:28 PM    0   23.00    0.00   15.00    0.00    0.00    2.00    0.00    0.00    0.00   60.00

12:07:28 PM  CPU    %usr   %nice    %sys %iowait    %irq   %soft  %steal  %guest  %gnice   %idle
12:07:29 PM    0   25.00    0.00   13.00    0.00    0.00    2.00    0.00    0.00    0.00   60.00

12:07:29 PM  CPU    %usr   %nice    %sys %iowait    %irq   %soft  %steal  %guest  %gnice   %idle
12:07:30 PM    0   30.30    0.00    6.06    0.00    0.00    2.02    0.00    0.00    0.00   61.62

12:07:30 PM  CPU    %usr   %nice    %sys %iowait    %irq   %soft  %steal  %guest  %gnice   %idle
12:07:31 PM    0   25.00    0.00    9.38    0.00    0.00    2.08    0.00    0.00    0.00   63.54

12:07:31 PM  CPU    %usr   %nice    %sys %iowait    %irq   %soft  %steal  %guest  %gnice   %idle
12:07:32 PM    0   23.76    0.00   11.88    0.00    0.00    3.96    0.00    0.00    0.00   60.40

12:07:32 PM  CPU    %usr   %nice    %sys %iowait    %irq   %soft  %steal  %guest  %gnice   %idle
12:07:33 PM    0   23.00    0.00   13.00    0.00    0.00    3.00    0.00    0.00    0.00   61.00

12:07:33 PM  CPU    %usr   %nice    %sys %iowait    %irq   %soft  %steal  %guest  %gnice   %idle
12:07:34 PM    0   31.31    0.00    4.04    0.00    0.00    4.04    0.00    0.00    0.00   60.61

12:07:34 PM  CPU    %usr   %nice    %sys %iowait    %irq   %soft  %steal  %guest  %gnice   %idle
12:07:35 PM    0   28.71    0.00    6.93    0.00    0.00    2.97    0.00    0.00    0.00   61.39

12:07:35 PM  CPU    %usr   %nice    %sys %iowait    %irq   %soft  %steal  %guest  %gnice   %idle
12:07:36 PM    0   25.74    0.00   12.87    0.00    0.00    1.98    0.00    0.00    0.00   59.41

12:07:36 PM  CPU    %usr   %nice    %sys %iowait    %irq   %soft  %steal  %guest  %gnice   %idle
12:07:37 PM    0   24.24    0.00   11.11    0.00    0.00    3.03    0.00    0.00    0.00   61.62

12:07:37 PM  CPU    %usr   %nice    %sys %iowait    %irq   %soft  %steal  %guest  %gnice   %idle
12:07:38 PM    0   23.47    0.00   11.22    0.00    0.00    4.08    0.00    0.00    0.00   61.22

12:07:38 PM  CPU    %usr   %nice    %sys %iowait    %irq   %soft  %steal  %guest  %gnice   %idle
12:07:39 PM    0   27.55    0.00    7.14    0.00    0.00    3.06    0.00    0.00    0.00   62.24

12:07:39 PM  CPU    %usr   %nice    %sys %iowait    %irq   %soft  %steal  %guest  %gnice   %idle
12:07:40 PM    0   21.57    0.00   13.73    0.00    0.00    3.92    0.00    0.00    0.00   60.78

12:07:40 PM  CPU    %usr   %nice    %sys %iowait    %irq   %soft  %steal  %guest  %gnice   %idle
12:07:41 PM    0   27.55    0.00    7.14    0.00    0.00    2.04    0.00    0.00    0.00   63.27

12:07:41 PM  CPU    %usr   %nice    %sys %iowait    %irq   %soft  %steal  %guest  %gnice   %idle
12:07:42 PM    0   26.47    0.00   10.78    0.00    0.00    2.94    0.00    0.00    0.00   59.80

12:07:42 PM  CPU    %usr   %nice    %sys %iowait    %irq   %soft  %steal  %guest  %gnice   %idle
12:07:43 PM    0   24.75    0.00    9.90    0.00    0.00    4.95    0.00    0.00    0.00   60.40

12:07:43 PM  CPU    %usr   %nice    %sys %iowait    %irq   %soft  %steal  %guest  %gnice   %idle
12:07:44 PM    0   24.49    0.00   10.20    0.00    0.00    2.04    0.00    0.00    0.00   63.27

12:07:44 PM  CPU    %usr   %nice    %sys %iowait    %irq   %soft  %steal  %guest  %gnice   %idle
12:07:45 PM    0   26.53    0.00    9.18    0.00    0.00    2.04    0.00    0.00    0.00   62.24

12:07:45 PM  CPU    %usr   %nice    %sys %iowait    %irq   %soft  %steal  %guest  %gnice   %idle
12:07:46 PM    0   24.24    0.00   12.12    0.00    0.00    3.03    0.00    0.00    0.00   60.61

12:07:46 PM  CPU    %usr   %nice    %sys %iowait    %irq   %soft  %steal  %guest  %gnice   %idle
12:07:47 PM    0   25.26    0.00    8.42    0.00    0.00    2.11    0.00    0.00    0.00   64.21

12:07:47 PM  CPU    %usr   %nice    %sys %iowait    %irq   %soft  %steal  %guest  %gnice   %idle
12:07:48 PM    0   26.21    0.00   11.65    0.00    0.00    2.91    0.00    0.00    0.00   59.22

12:07:48 PM  CPU    %usr   %nice    %sys %iowait    %irq   %soft  %steal  %guest  %gnice   %idle
12:07:49 PM    0   26.73    0.00    9.90    0.00    0.00    1.98    0.00    0.00    0.00   61.39

12:07:49 PM  CPU    %usr   %nice    %sys %iowait    %irq   %soft  %steal  %guest  %gnice   %idle
12:07:50 PM    0   30.00    0.00    9.00    0.00    0.00    1.00    0.00    0.00    0.00   60.00

12:07:50 PM  CPU    %usr   %nice    %sys %iowait    %irq   %soft  %steal  %guest  %gnice   %idle
12:07:51 PM    0   27.00    0.00    7.00    0.00    0.00    5.00    0.00    0.00    0.00   61.00

12:07:51 PM  CPU    %usr   %nice    %sys %iowait    %irq   %soft  %steal  %guest  %gnice   %idle
12:07:52 PM    0   26.73    0.00    8.91    0.00    0.00    3.96    0.00    0.00    0.00   60.40

12:07:52 PM  CPU    %usr   %nice    %sys %iowait    %irq   %soft  %steal  %guest  %gnice   %idle
12:07:53 PM    0   23.76    0.00   13.86    0.00    0.00    2.97    0.00    0.00    0.00   59.41

12:07:53 PM  CPU    %usr   %nice    %sys %iowait    %irq   %soft  %steal  %guest  %gnice   %idle
12:07:54 PM    0   27.00    0.00   10.00    0.00    0.00    3.00    0.00    0.00    0.00   60.00

12:07:54 PM  CPU    %usr   %nice    %sys %iowait    %irq   %soft  %steal  %guest  %gnice   %idle
12:07:55 PM    0   24.75    0.00   10.89    0.00    0.00    3.96    0.00    0.00    0.00   60.40

12:07:55 PM  CPU    %usr   %nice    %sys %iowait    %irq   %soft  %steal  %guest  %gnice   %idle
12:07:56 PM    0   24.49    0.00   11.22    0.00    0.00    2.04    0.00    0.00    0.00   62.24

12:07:56 PM  CPU    %usr   %nice    %sys %iowait    %irq   %soft  %steal  %guest  %gnice   %idle
12:07:57 PM    0   26.53    0.00   10.20    0.00    0.00    2.04    0.00    0.00    0.00   61.22

12:07:57 PM  CPU    %usr   %nice    %sys %iowait    %irq   %soft  %steal  %guest  %gnice   %idle
12:07:58 PM    0   26.00    0.00    9.00    0.00    0.00    4.00    0.00    0.00    0.00   61.00

12:07:58 PM  CPU    %usr   %nice    %sys %iowait    %irq   %soft  %steal  %guest  %gnice   %idle
12:07:59 PM    0   24.24    0.00   10.10    0.00    0.00    5.05    0.00    0.00    0.00   60.61

12:07:59 PM  CPU    %usr   %nice    %sys %iowait    %irq   %soft  %steal  %guest  %gnice   %idle
12:08:00 PM    0   24.00    0.00   11.00    0.00    0.00    5.00    0.00    0.00    0.00   60.00

12:08:00 PM  CPU    %usr   %nice    %sys %iowait    %irq   %soft  %steal  %guest  %gnice   %idle
12:08:01 PM    0   26.53    0.00   10.20    0.00    0.00    1.02    0.00    0.00    0.00   62.24

12:08:01 PM  CPU    %usr   %nice    %sys %iowait    %irq   %soft  %steal  %guest  %gnice   %idle
12:08:02 PM    0   26.00    0.00   11.00    0.00    0.00    2.00    0.00    0.00    0.00   61.00

12:08:02 PM  CPU    %usr   %nice    %sys %iowait    %irq   %soft  %steal  %guest  %gnice   %idle
12:08:03 PM    0   23.47    0.00   11.22    0.00    0.00    3.06    0.00    0.00    0.00   62.24

12:08:03 PM  CPU    %usr   %nice    %sys %iowait    %irq   %soft  %steal  %guest  %gnice   %idle
12:08:04 PM    0   24.75    0.00   10.89    0.00    0.00    3.96    0.00    0.00    0.00   60.40

12:08:04 PM  CPU    %usr   %nice    %sys %iowait    %irq   %soft  %steal  %guest  %gnice   %idle
12:08:05 PM    0   28.71    0.00    7.92    0.00    0.00    2.97    0.00    0.00    0.00   60.40

12:08:05 PM  CPU    %usr   %nice    %sys %iowait    %irq   %soft  %steal  %guest  %gnice   %idle
12:08:06 PM    0   27.00    0.00   11.00    0.00    0.00    1.00    0.00    0.00    0.00   61.00

12:08:06 PM  CPU    %usr   %nice    %sys %iowait    %irq   %soft  %steal  %guest  %gnice   %idle
12:08:07 PM    0   22.45    0.00   11.22    0.00    0.00    4.08    0.00    0.00    0.00   62.24

12:08:07 PM  CPU    %usr   %nice    %sys %iowait    %irq   %soft  %steal  %guest  %gnice   %idle
12:08:08 PM    0   27.84    0.00    6.19    0.00    0.00    4.12    0.00    0.00    0.00   61.86

12:08:08 PM  CPU    %usr   %nice    %sys %iowait    %irq   %soft  %steal  %guest  %gnice   %idle
12:08:09 PM    0   28.00    0.00    9.00    0.00    0.00    2.00    0.00    0.00    0.00   61.00

12:08:09 PM  CPU    %usr   %nice    %sys %iowait    %irq   %soft  %steal  %guest  %gnice   %idle
12:08:10 PM    0   28.57    0.00    6.12    0.00    0.00    4.08    0.00    0.00    0.00   61.22

12:08:10 PM  CPU    %usr   %nice    %sys %iowait    %irq   %soft  %steal  %guest  %gnice   %idle
12:08:11 PM    0   27.00    0.00    9.00    0.00    0.00    3.00    0.00    0.00    0.00   61.00

12:08:11 PM  CPU    %usr   %nice    %sys %iowait    %irq   %soft  %steal  %guest  %gnice   %idle
12:08:12 PM    0   28.28    0.00   10.10    0.00    0.00    1.01    0.00    0.00    0.00   60.61

12:08:12 PM  CPU    %usr   %nice    %sys %iowait    %irq   %soft  %steal  %guest  %gnice   %idle
12:08:13 PM    0   25.25    0.00   10.10    0.00    0.00    3.03    0.00    0.00    0.00   61.62

12:08:13 PM  CPU    %usr   %nice    %sys %iowait    %irq   %soft  %steal  %guest  %gnice   %idle
12:08:14 PM    0   22.22    0.00   11.11    0.00    0.00    4.04    0.00    0.00    0.00   62.63

12:08:14 PM  CPU    %usr   %nice    %sys %iowait    %irq   %soft  %steal  %guest  %gnice   %idle
12:08:15 PM    0   22.22    0.00   11.11    0.00    0.00    6.06    0.00    0.00    0.00   60.61

12:08:15 PM  CPU    %usr   %nice    %sys %iowait    %irq   %soft  %steal  %guest  %gnice   %idle
12:08:16 PM    0   27.27    0.00    9.09    0.00    0.00    1.01    0.00    0.00    0.00   62.63

12:08:16 PM  CPU    %usr   %nice    %sys %iowait    %irq   %soft  %steal  %guest  %gnice   %idle
12:08:17 PM    0   25.00    0.00   13.00    0.00    0.00    2.00    0.00    0.00    0.00   60.00

12:08:17 PM  CPU    %usr   %nice    %sys %iowait    %irq   %soft  %steal  %guest  %gnice   %idle
12:08:18 PM    0   19.61    0.00   14.71    0.00    0.00    4.90    0.00    0.00    0.00   60.78

12:08:18 PM  CPU    %usr   %nice    %sys %iowait    %irq   %soft  %steal  %guest  %gnice   %idle
12:08:19 PM    0   27.00    0.00   11.00    0.00    0.00    2.00    0.00    0.00    0.00   60.00

12:08:19 PM  CPU    %usr   %nice    %sys %iowait    %irq   %soft  %steal  %guest  %gnice   %idle
12:08:20 PM    0   26.73    0.00   11.88    0.00    0.00    1.98    0.00    0.00    0.00   59.41

12:08:20 PM  CPU    %usr   %nice    %sys %iowait    %irq   %soft  %steal  %guest  %gnice   %idle
12:08:21 PM    0   23.00    0.00   12.00    0.00    0.00    4.00    0.00    0.00    0.00   61.00

12:08:21 PM  CPU    %usr   %nice    %sys %iowait    %irq   %soft  %steal  %guest  %gnice   %idle
12:08:22 PM    0   28.71    0.00   10.89    0.00    0.00    0.00    0.00    0.00    0.00   60.40

12:08:22 PM  CPU    %usr   %nice    %sys %iowait    %irq   %soft  %steal  %guest  %gnice   %idle
12:08:23 PM    0   24.75    0.00    9.90    0.00    0.00    3.96    0.00    0.00    0.00   61.39

12:08:23 PM  CPU    %usr   %nice    %sys %iowait    %irq   %soft  %steal  %guest  %gnice   %idle
12:08:24 PM    0   23.47    0.00   10.20    0.00    0.00    4.08    0.00    0.00    0.00   62.24

12:08:24 PM  CPU    %usr   %nice    %sys %iowait    %irq   %soft  %steal  %guest  %gnice   %idle
12:08:25 PM    0   23.47    0.00   12.24    0.00    0.00    3.06    0.00    0.00    0.00   61.22

12:08:25 PM  CPU    %usr   %nice    %sys %iowait    %irq   %soft  %steal  %guest  %gnice   %idle
12:08:26 PM    0   28.71    0.00    9.90    0.00    0.00    1.98    0.00    0.00    0.00   59.41

12:08:26 PM  CPU    %usr   %nice    %sys %iowait    %irq   %soft  %steal  %guest  %gnice   %idle
12:08:27 PM    0   24.49    0.00    8.16    0.00    0.00    4.08    0.00    0.00    0.00   63.27

12:08:27 PM  CPU    %usr   %nice    %sys %iowait    %irq   %soft  %steal  %guest  %gnice   %idle
12:08:28 PM    0   25.00    0.00    9.00    0.00    0.00    5.00    0.00    0.00    0.00   61.00

12:08:28 PM  CPU    %usr   %nice    %sys %iowait    %irq   %soft  %steal  %guest  %gnice   %idle
12:08:29 PM    0   27.55    0.00    8.16    0.00    0.00    3.06    0.00    0.00    0.00   61.22

12:08:29 PM  CPU    %usr   %nice    %sys %iowait    %irq   %soft  %steal  %guest  %gnice   %idle
12:08:30 PM    0   26.53    0.00   10.20    0.00    0.00    2.04    0.00    0.00    0.00   61.22

12:08:30 PM  CPU    %usr   %nice    %sys %iowait    %irq   %soft  %steal  %guest  %gnice   %idle
12:08:31 PM    0   21.00    0.00   16.00    0.00    0.00    2.00    0.00    0.00    0.00   61.00

12:08:31 PM  CPU    %usr   %nice    %sys %iowait    %irq   %soft  %steal  %guest  %gnice   %idle
12:08:32 PM    0   27.27    0.00   10.10    0.00    0.00    1.01    0.00    0.00    0.00   61.62

12:08:32 PM  CPU    %usr   %nice    %sys %iowait    %irq   %soft  %steal  %guest  %gnice   %idle
12:08:33 PM    0   25.00    0.00   11.00    0.00    0.00    3.00    0.00    0.00    0.00   61.00

12:08:33 PM  CPU    %usr   %nice    %sys %iowait    %irq   %soft  %steal  %guest  %gnice   %idle
12:08:34 PM    0   27.45    0.00   11.76    0.00    0.00    1.96    0.00    0.00    0.00   58.82

12:08:34 PM  CPU    %usr   %nice    %sys %iowait    %irq   %soft  %steal  %guest  %gnice   %idle
12:08:35 PM    0   27.72    0.00    9.90    0.00    0.00    1.98    0.00    0.00    0.00   60.40

12:08:35 PM  CPU    %usr   %nice    %sys %iowait    %irq   %soft  %steal  %guest  %gnice   %idle
12:08:36 PM    0   22.68    0.00   10.31    0.00    0.00    4.12    0.00    0.00    0.00   62.89

12:08:36 PM  CPU    %usr   %nice    %sys %iowait    %irq   %soft  %steal  %guest  %gnice   %idle
12:08:37 PM    0   24.74    0.00    9.28    0.00    0.00    2.06    0.00    0.00    0.00   63.92

12:08:37 PM  CPU    %usr   %nice    %sys %iowait    %irq   %soft  %steal  %guest  %gnice   %idle
12:08:38 PM    0   25.77    0.00    9.28    0.00    0.00    1.03    0.00    0.00    0.00   63.92

12:08:38 PM  CPU    %usr   %nice    %sys %iowait    %irq   %soft  %steal  %guest  %gnice   %idle
12:08:39 PM    0   29.29    0.00    7.07    0.00    0.00    2.02    0.00    0.00    0.00   61.62

12:08:39 PM  CPU    %usr   %nice    %sys %iowait    %irq   %soft  %steal  %guest  %gnice   %idle
12:08:40 PM    0   29.00    0.00    8.00    0.00    0.00    2.00    0.00    0.00    0.00   61.00

12:08:40 PM  CPU    %usr   %nice    %sys %iowait    %irq   %soft  %steal  %guest  %gnice   %idle
12:08:41 PM    0   27.55    0.00   10.20    0.00    0.00    0.00    0.00    0.00    0.00   62.24

12:08:41 PM  CPU    %usr   %nice    %sys %iowait    %irq   %soft  %steal  %guest  %gnice   %idle
12:08:42 PM    0   25.25    0.00    9.09    0.00    0.00    3.03    0.00    0.00    0.00   62.63

12:08:42 PM  CPU    %usr   %nice    %sys %iowait    %irq   %soft  %steal  %guest  %gnice   %idle
12:08:43 PM    0   24.00    0.00   13.00    0.00    0.00    2.00    0.00    0.00    0.00   61.00

12:08:43 PM  CPU    %usr   %nice    %sys %iowait    %irq   %soft  %steal  %guest  %gnice   %idle
12:08:44 PM    0   21.88    0.00   11.46    0.00    0.00    2.08    0.00    0.00    0.00   64.58

12:08:44 PM  CPU    %usr   %nice    %sys %iowait    %irq   %soft  %steal  %guest  %gnice   %idle
12:08:45 PM    0   29.29    0.00    7.07    0.00    0.00    2.02    0.00    0.00    0.00   61.62

12:08:45 PM  CPU    %usr   %nice    %sys %iowait    %irq   %soft  %steal  %guest  %gnice   %idle
12:08:46 PM    0   22.00    0.00   10.00    0.00    0.00    6.00    0.00    0.00    0.00   62.00

12:08:46 PM  CPU    %usr   %nice    %sys %iowait    %irq   %soft  %steal  %guest  %gnice   %idle
12:08:47 PM    0   26.80    0.00   11.34    0.00    0.00    0.00    0.00    0.00    0.00   61.86

12:08:47 PM  CPU    %usr   %nice    %sys %iowait    %irq   %soft  %steal  %guest  %gnice   %idle
12:08:48 PM    0   25.00    0.00   11.00    0.00    0.00    3.00    0.00    0.00    0.00   61.00

12:08:48 PM  CPU    %usr   %nice    %sys %iowait    %irq   %soft  %steal  %guest  %gnice   %idle
12:08:49 PM    0   25.00    0.00   11.00    0.00    0.00    3.00    0.00    0.00    0.00   61.00

12:08:49 PM  CPU    %usr   %nice    %sys %iowait    %irq   %soft  %steal  %guest  %gnice   %idle
12:08:50 PM    0   21.21    0.00   15.15    0.00    0.00    2.02    0.00    0.00    0.00   61.62

12:08:50 PM  CPU    %usr   %nice    %sys %iowait    %irq   %soft  %steal  %guest  %gnice   %idle
12:08:51 PM    0   27.00    0.00   10.00    0.00    0.00    3.00    0.00    0.00    0.00   60.00

12:08:51 PM  CPU    %usr   %nice    %sys %iowait    %irq   %soft  %steal  %guest  %gnice   %idle
12:08:52 PM    0   25.51    0.00    8.16    0.00    0.00    3.06    0.00    0.00    0.00   63.27

12:08:52 PM  CPU    %usr   %nice    %sys %iowait    %irq   %soft  %steal  %guest  %gnice   %idle
12:08:53 PM    0   29.70    0.00    6.93    0.00    0.00    2.97    0.00    0.00    0.00   60.40

12:08:53 PM  CPU    %usr   %nice    %sys %iowait    %irq   %soft  %steal  %guest  %gnice   %idle
12:08:54 PM    0   26.00    0.00   13.00    0.00    0.00    1.00    0.00    0.00    0.00   60.00

12:08:54 PM  CPU    %usr   %nice    %sys %iowait    %irq   %soft  %steal  %guest  %gnice   %idle
12:08:55 PM    0   27.45    0.00    9.80    0.00    0.00    2.94    0.00    0.00    0.00   59.80

12:08:55 PM  CPU    %usr   %nice    %sys %iowait    %irq   %soft  %steal  %guest  %gnice   %idle
12:08:56 PM    0   27.27    0.00    8.08    0.00    0.00    4.04    0.00    0.00    0.00   60.61

12:08:56 PM  CPU    %usr   %nice    %sys %iowait    %irq   %soft  %steal  %guest  %gnice   %idle
12:08:57 PM    0   23.00    0.00   10.00    0.00    0.00    5.00    0.00    0.00    0.00   62.00

12:08:57 PM  CPU    %usr   %nice    %sys %iowait    %irq   %soft  %steal  %guest  %gnice   %idle
12:08:58 PM    0   24.24    0.00   11.11    0.00    0.00    3.03    0.00    0.00    0.00   61.62

12:08:58 PM  CPU    %usr   %nice    %sys %iowait    %irq   %soft  %steal  %guest  %gnice   %idle
12:08:59 PM    0   25.00    0.00    9.00    0.00    0.00    4.00    0.00    0.00    0.00   62.00

12:08:59 PM  CPU    %usr   %nice    %sys %iowait    %irq   %soft  %steal  %guest  %gnice   %idle
12:09:00 PM    0   21.65    0.00   11.34    0.00    0.00    3.09    0.00    0.00    0.00   63.92

12:09:00 PM  CPU    %usr   %nice    %sys %iowait    %irq   %soft  %steal  %guest  %gnice   %idle
12:09:01 PM    0   28.71    0.00    8.91    0.00    0.00    1.98    0.00    0.00    0.00   60.40

12:09:01 PM  CPU    %usr   %nice    %sys %iowait    %irq   %soft  %steal  %guest  %gnice   %idle
12:09:02 PM    0   22.45    0.00   12.24    0.00    0.00    2.04    0.00    0.00    0.00   63.27

12:09:02 PM  CPU    %usr   %nice    %sys %iowait    %irq   %soft  %steal  %guest  %gnice   %idle
12:09:03 PM    0   25.00    0.00   10.00    0.00    0.00    4.00    0.00    0.00    0.00   61.00

12:09:03 PM  CPU    %usr   %nice    %sys %iowait    %irq   %soft  %steal  %guest  %gnice   %idle
12:09:04 PM    0   24.75    0.00   11.88    0.00    0.00    1.98    0.00    0.00    0.00   61.39

12:09:04 PM  CPU    %usr   %nice    %sys %iowait    %irq   %soft  %steal  %guest  %gnice   %idle
12:09:05 PM    0   23.00    0.00   12.00    0.00    0.00    4.00    0.00    0.00    0.00   61.00

12:09:05 PM  CPU    %usr   %nice    %sys %iowait    %irq   %soft  %steal  %guest  %gnice   %idle
12:09:06 PM    0   26.53    0.00    8.16    0.00    0.00    2.04    0.00    0.00    0.00   63.27

12:09:06 PM  CPU    %usr   %nice    %sys %iowait    %irq   %soft  %steal  %guest  %gnice   %idle
12:09:07 PM    0   28.00    0.00    8.00    0.00    0.00    4.00    0.00    0.00    0.00   60.00

12:09:07 PM  CPU    %usr   %nice    %sys %iowait    %irq   %soft  %steal  %guest  %gnice   %idle
12:09:08 PM    0   24.00    0.00   11.00    0.00    0.00    4.00    0.00    0.00    0.00   61.00

12:09:08 PM  CPU    %usr   %nice    %sys %iowait    %irq   %soft  %steal  %guest  %gnice   %idle
12:09:09 PM    0   23.76    0.00   12.87    0.00    0.00    2.97    0.00    0.00    0.00   60.40

12:09:09 PM  CPU    %usr   %nice    %sys %iowait    %irq   %soft  %steal  %guest  %gnice   %idle
12:09:10 PM    0   22.92    0.00   10.42    0.00    0.00    2.08    0.00    0.00    0.00   64.58

12:09:10 PM  CPU    %usr   %nice    %sys %iowait    %irq   %soft  %steal  %guest  %gnice   %idle
12:09:11 PM    0   22.22    0.00   12.12    0.00    0.00    4.04    0.00    0.00    0.00   61.62

12:09:11 PM  CPU    %usr   %nice    %sys %iowait    %irq   %soft  %steal  %guest  %gnice   %idle
12:09:12 PM    0   28.16    0.00    9.71    0.00    0.00    2.91    0.00    0.00    0.00   59.22

12:09:12 PM  CPU    %usr   %nice    %sys %iowait    %irq   %soft  %steal  %guest  %gnice   %idle
12:09:13 PM    0   25.74    0.00   12.87    0.00    0.00    0.99    0.00    0.00    0.00   60.40

12:09:13 PM  CPU    %usr   %nice    %sys %iowait    %irq   %soft  %steal  %guest  %gnice   %idle
12:09:14 PM    0   26.53    0.00    9.18    0.00    0.00    3.06    0.00    0.00    0.00   61.22

12:09:14 PM  CPU    %usr   %nice    %sys %iowait    %irq   %soft  %steal  %guest  %gnice   %idle
12:09:15 PM    0   23.00    0.00   13.00    0.00    0.00    3.00    0.00    0.00    0.00   61.00

12:09:15 PM  CPU    %usr   %nice    %sys %iowait    %irq   %soft  %steal  %guest  %gnice   %idle
12:09:16 PM    0   27.72    0.00    9.90    0.00    0.00    1.98    0.00    0.00    0.00   60.40

Average:     CPU    %usr   %nice    %sys %iowait    %irq   %soft  %steal  %guest  %gnice   %idle
Average:       0   25.52    0.00   10.32    0.00    0.00    2.86    0.00    0.00    0.00   61.30
