Linux 5.3.0-61-generic (cw-zenbook) 	07/16/2020 	_x86_64_	(8 CPU)

05:37:07 PM  CPU    %usr   %nice    %sys %iowait    %irq   %soft  %steal  %guest  %gnice   %idle
05:37:08 PM    0   62.24    0.00   30.61    0.00    0.00    7.14    0.00    0.00    0.00    0.00

05:37:08 PM  CPU    %usr   %nice    %sys %iowait    %irq   %soft  %steal  %guest  %gnice   %idle
05:37:09 PM    0   61.76    0.00   28.43    0.00    0.00    7.84    0.00    0.00    0.00    1.96

05:37:09 PM  CPU    %usr   %nice    %sys %iowait    %irq   %soft  %steal  %guest  %gnice   %idle
05:37:10 PM    0   63.27    0.00   29.59    0.00    0.00    7.14    0.00    0.00    0.00    0.00

05:37:10 PM  CPU    %usr   %nice    %sys %iowait    %irq   %soft  %steal  %guest  %gnice   %idle
05:37:11 PM    0   67.00    0.00   25.00    0.00    0.00    6.00    0.00    0.00    0.00    2.00

05:37:11 PM  CPU    %usr   %nice    %sys %iowait    %irq   %soft  %steal  %guest  %gnice   %idle
05:37:12 PM    0   66.00    0.00   25.00    0.00    0.00    7.00    0.00    0.00    0.00    2.00

05:37:12 PM  CPU    %usr   %nice    %sys %iowait    %irq   %soft  %steal  %guest  %gnice   %idle
05:37:13 PM    0   67.00    0.00   24.00    0.00    0.00    7.00    0.00    0.00    0.00    2.00

05:37:13 PM  CPU    %usr   %nice    %sys %iowait    %irq   %soft  %steal  %guest  %gnice   %idle
05:37:14 PM    0   68.69    0.00   24.24    0.00    0.00    6.06    0.00    0.00    0.00    1.01

05:37:14 PM  CPU    %usr   %nice    %sys %iowait    %irq   %soft  %steal  %guest  %gnice   %idle
05:37:15 PM    0   65.35    0.00   28.71    0.00    0.00    3.96    0.00    0.00    0.00    1.98

05:37:15 PM  CPU    %usr   %nice    %sys %iowait    %irq   %soft  %steal  %guest  %gnice   %idle
05:37:16 PM    0   70.41    0.00   22.45    0.00    0.00    5.10    0.00    0.00    0.00    2.04

05:37:16 PM  CPU    %usr   %nice    %sys %iowait    %irq   %soft  %steal  %guest  %gnice   %idle
05:37:17 PM    0   66.34    0.00   26.73    0.00    0.00    4.95    0.00    0.00    0.00    1.98

05:37:17 PM  CPU    %usr   %nice    %sys %iowait    %irq   %soft  %steal  %guest  %gnice   %idle
05:37:18 PM    0   69.39    0.00   26.53    0.00    0.00    4.08    0.00    0.00    0.00    0.00

05:37:18 PM  CPU    %usr   %nice    %sys %iowait    %irq   %soft  %steal  %guest  %gnice   %idle
05:37:19 PM    0   66.34    0.00   27.72    0.00    0.00    4.95    0.00    0.00    0.00    0.99

05:37:19 PM  CPU    %usr   %nice    %sys %iowait    %irq   %soft  %steal  %guest  %gnice   %idle
05:37:20 PM    0   62.38    0.00   28.71    0.00    0.00    6.93    0.00    0.00    0.00    1.98

05:37:20 PM  CPU    %usr   %nice    %sys %iowait    %irq   %soft  %steal  %guest  %gnice   %idle
05:37:21 PM    0   70.00    0.00   24.00    0.00    0.00    5.00    0.00    0.00    0.00    1.00

05:37:21 PM  CPU    %usr   %nice    %sys %iowait    %irq   %soft  %steal  %guest  %gnice   %idle
05:37:22 PM    0   70.71    0.00   24.24    0.00    0.00    4.04    0.00    0.00    0.00    1.01

05:37:22 PM  CPU    %usr   %nice    %sys %iowait    %irq   %soft  %steal  %guest  %gnice   %idle
05:37:23 PM    0   65.00    0.00   23.00    0.00    0.00    9.00    0.00    0.00    0.00    3.00

05:37:23 PM  CPU    %usr   %nice    %sys %iowait    %irq   %soft  %steal  %guest  %gnice   %idle
05:37:24 PM    0   64.00    0.00   28.00    0.00    0.00    6.00    0.00    0.00    0.00    2.00

05:37:24 PM  CPU    %usr   %nice    %sys %iowait    %irq   %soft  %steal  %guest  %gnice   %idle
05:37:25 PM    0   63.00    0.00   24.00    0.00    0.00   10.00    0.00    0.00    0.00    3.00

05:37:25 PM  CPU    %usr   %nice    %sys %iowait    %irq   %soft  %steal  %guest  %gnice   %idle
05:37:26 PM    0   64.71    0.00   23.53    0.00    0.00    7.84    0.00    0.00    0.00    3.92

05:37:26 PM  CPU    %usr   %nice    %sys %iowait    %irq   %soft  %steal  %guest  %gnice   %idle
05:37:27 PM    0   60.61    0.00   27.27    0.00    0.00    9.09    0.00    0.00    0.00    3.03

05:37:27 PM  CPU    %usr   %nice    %sys %iowait    %irq   %soft  %steal  %guest  %gnice   %idle
05:37:28 PM    0   66.99    0.00   22.33    0.00    0.00    6.80    0.00    0.00    0.00    3.88

05:37:28 PM  CPU    %usr   %nice    %sys %iowait    %irq   %soft  %steal  %guest  %gnice   %idle
05:37:29 PM    0   64.65    0.00   26.26    0.00    0.00    7.07    0.00    0.00    0.00    2.02

05:37:29 PM  CPU    %usr   %nice    %sys %iowait    %irq   %soft  %steal  %guest  %gnice   %idle
05:37:30 PM    0   65.00    0.00   27.00    0.00    0.00    6.00    0.00    0.00    0.00    2.00

05:37:30 PM  CPU    %usr   %nice    %sys %iowait    %irq   %soft  %steal  %guest  %gnice   %idle
05:37:31 PM    0   68.00    0.00   24.00    0.00    0.00    5.00    0.00    0.00    0.00    3.00

05:37:31 PM  CPU    %usr   %nice    %sys %iowait    %irq   %soft  %steal  %guest  %gnice   %idle
05:37:32 PM    0   67.33    0.00   24.75    0.00    0.00    6.93    0.00    0.00    0.00    0.99

05:37:32 PM  CPU    %usr   %nice    %sys %iowait    %irq   %soft  %steal  %guest  %gnice   %idle
05:37:33 PM    0   67.33    0.00   25.74    0.00    0.00    4.95    0.00    0.00    0.00    1.98

05:37:33 PM  CPU    %usr   %nice    %sys %iowait    %irq   %soft  %steal  %guest  %gnice   %idle
05:37:34 PM    0   69.31    0.00   19.80    0.00    0.00    7.92    0.00    0.00    0.00    2.97

05:37:34 PM  CPU    %usr   %nice    %sys %iowait    %irq   %soft  %steal  %guest  %gnice   %idle
05:37:35 PM    0   70.41    0.00   20.41    0.00    0.00    6.12    0.00    0.00    0.00    3.06

05:37:35 PM  CPU    %usr   %nice    %sys %iowait    %irq   %soft  %steal  %guest  %gnice   %idle
05:37:36 PM    0   67.33    0.00   24.75    0.00    0.00    4.95    0.00    0.00    0.00    2.97

05:37:36 PM  CPU    %usr   %nice    %sys %iowait    %irq   %soft  %steal  %guest  %gnice   %idle
05:37:37 PM    0   66.00    0.00   24.00    0.00    0.00    8.00    0.00    0.00    0.00    2.00

05:37:37 PM  CPU    %usr   %nice    %sys %iowait    %irq   %soft  %steal  %guest  %gnice   %idle
05:37:38 PM    0   63.00    0.00   27.00    0.00    0.00    8.00    0.00    0.00    0.00    2.00

05:37:38 PM  CPU    %usr   %nice    %sys %iowait    %irq   %soft  %steal  %guest  %gnice   %idle
05:37:39 PM    0   68.69    0.00   24.24    0.00    0.00    6.06    0.00    0.00    0.00    1.01

05:37:39 PM  CPU    %usr   %nice    %sys %iowait    %irq   %soft  %steal  %guest  %gnice   %idle
05:37:40 PM    0   68.69    0.00   24.24    0.00    0.00    5.05    0.00    0.00    0.00    2.02

05:37:40 PM  CPU    %usr   %nice    %sys %iowait    %irq   %soft  %steal  %guest  %gnice   %idle
05:37:41 PM    0   62.38    0.00   25.74    0.00    0.00    9.90    0.00    0.00    0.00    1.98

05:37:41 PM  CPU    %usr   %nice    %sys %iowait    %irq   %soft  %steal  %guest  %gnice   %idle
05:37:42 PM    0   65.00    0.00   27.00    0.00    0.00    6.00    0.00    0.00    0.00    2.00

05:37:42 PM  CPU    %usr   %nice    %sys %iowait    %irq   %soft  %steal  %guest  %gnice   %idle
05:37:43 PM    0   67.33    0.00   25.74    0.00    0.00    4.95    0.00    0.00    0.00    1.98

05:37:43 PM  CPU    %usr   %nice    %sys %iowait    %irq   %soft  %steal  %guest  %gnice   %idle
05:37:44 PM    0   60.61    0.00   27.27    0.00    0.00    9.09    0.00    0.00    0.00    3.03

05:37:44 PM  CPU    %usr   %nice    %sys %iowait    %irq   %soft  %steal  %guest  %gnice   %idle
05:37:45 PM    0   69.31    0.00   22.77    0.00    0.00    5.94    0.00    0.00    0.00    1.98

05:37:45 PM  CPU    %usr   %nice    %sys %iowait    %irq   %soft  %steal  %guest  %gnice   %idle
05:37:46 PM    0   60.00    0.00   25.00    0.00    0.00   10.00    0.00    0.00    0.00    5.00

05:37:46 PM  CPU    %usr   %nice    %sys %iowait    %irq   %soft  %steal  %guest  %gnice   %idle
05:37:47 PM    0   66.34    0.00   24.75    0.00    0.00    5.94    0.00    0.00    0.00    2.97

05:37:47 PM  CPU    %usr   %nice    %sys %iowait    %irq   %soft  %steal  %guest  %gnice   %idle
05:37:48 PM    0   63.00    0.00   31.00    0.00    0.00    4.00    0.00    0.00    0.00    2.00

05:37:48 PM  CPU    %usr   %nice    %sys %iowait    %irq   %soft  %steal  %guest  %gnice   %idle
05:37:49 PM    0   64.00    0.00   28.00    0.00    0.00    6.00    0.00    0.00    0.00    2.00

05:37:49 PM  CPU    %usr   %nice    %sys %iowait    %irq   %soft  %steal  %guest  %gnice   %idle
05:37:50 PM    0   68.00    0.00   24.00    0.00    0.00    6.00    0.00    0.00    0.00    2.00

05:37:50 PM  CPU    %usr   %nice    %sys %iowait    %irq   %soft  %steal  %guest  %gnice   %idle
05:37:51 PM    0   66.00    0.00   25.00    0.00    0.00    7.00    0.00    0.00    0.00    2.00

05:37:51 PM  CPU    %usr   %nice    %sys %iowait    %irq   %soft  %steal  %guest  %gnice   %idle
05:37:52 PM    0   60.00    0.00   28.00    0.00    0.00    9.00    0.00    0.00    0.00    3.00

05:37:52 PM  CPU    %usr   %nice    %sys %iowait    %irq   %soft  %steal  %guest  %gnice   %idle
05:37:53 PM    0   64.65    0.00   26.26    0.00    0.00    8.08    0.00    0.00    0.00    1.01

05:37:53 PM  CPU    %usr   %nice    %sys %iowait    %irq   %soft  %steal  %guest  %gnice   %idle
05:37:54 PM    0   63.37    0.00   27.72    0.00    0.00    6.93    0.00    0.00    0.00    1.98

05:37:54 PM  CPU    %usr   %nice    %sys %iowait    %irq   %soft  %steal  %guest  %gnice   %idle
05:37:55 PM    0   62.24    0.00   29.59    0.00    0.00    7.14    0.00    0.00    0.00    1.02

05:37:55 PM  CPU    %usr   %nice    %sys %iowait    %irq   %soft  %steal  %guest  %gnice   %idle
05:37:56 PM    0   69.00    0.00   23.00    0.00    0.00    6.00    0.00    0.00    0.00    2.00

05:37:56 PM  CPU    %usr   %nice    %sys %iowait    %irq   %soft  %steal  %guest  %gnice   %idle
05:37:57 PM    0   64.36    0.00   29.70    0.00    0.00    3.96    0.00    0.00    0.00    1.98

05:37:57 PM  CPU    %usr   %nice    %sys %iowait    %irq   %soft  %steal  %guest  %gnice   %idle
05:37:58 PM    0   66.33    0.00   28.57    0.00    0.00    4.08    0.00    0.00    0.00    1.02

05:37:58 PM  CPU    %usr   %nice    %sys %iowait    %irq   %soft  %steal  %guest  %gnice   %idle
05:37:59 PM    0   69.31    0.00   19.80    0.00    0.00    7.92    0.00    0.00    0.00    2.97

05:37:59 PM  CPU    %usr   %nice    %sys %iowait    %irq   %soft  %steal  %guest  %gnice   %idle
05:38:00 PM    0   61.22    0.00   27.55    0.00    0.00    8.16    0.00    0.00    0.00    3.06

05:38:00 PM  CPU    %usr   %nice    %sys %iowait    %irq   %soft  %steal  %guest  %gnice   %idle
05:38:01 PM    0   66.67    0.00   22.22    0.00    0.00    8.08    0.00    0.00    0.00    3.03

05:38:01 PM  CPU    %usr   %nice    %sys %iowait    %irq   %soft  %steal  %guest  %gnice   %idle
05:38:02 PM    0   68.00    0.00   22.00    0.00    0.00    8.00    0.00    0.00    0.00    2.00

05:38:02 PM  CPU    %usr   %nice    %sys %iowait    %irq   %soft  %steal  %guest  %gnice   %idle
05:38:03 PM    0   62.00    0.00   30.00    0.00    0.00    7.00    0.00    0.00    0.00    1.00

05:38:03 PM  CPU    %usr   %nice    %sys %iowait    %irq   %soft  %steal  %guest  %gnice   %idle
05:38:04 PM    0   66.00    0.00   27.00    0.00    0.00    6.00    0.00    0.00    0.00    1.00

05:38:04 PM  CPU    %usr   %nice    %sys %iowait    %irq   %soft  %steal  %guest  %gnice   %idle
05:38:05 PM    0   66.34    0.00   27.72    0.00    0.00    4.95    0.00    0.00    0.00    0.99

05:38:05 PM  CPU    %usr   %nice    %sys %iowait    %irq   %soft  %steal  %guest  %gnice   %idle
05:38:06 PM    0   67.68    0.00   25.25    0.00    0.00    7.07    0.00    0.00    0.00    0.00

05:38:06 PM  CPU    %usr   %nice    %sys %iowait    %irq   %soft  %steal  %guest  %gnice   %idle
05:38:07 PM    0   68.00    0.00   25.00    0.00    0.00    6.00    0.00    0.00    0.00    1.00

05:38:07 PM  CPU    %usr   %nice    %sys %iowait    %irq   %soft  %steal  %guest  %gnice   %idle
05:38:08 PM    0   66.00    0.00   24.00    0.00    0.00    7.00    0.00    0.00    0.00    3.00

05:38:08 PM  CPU    %usr   %nice    %sys %iowait    %irq   %soft  %steal  %guest  %gnice   %idle
05:38:09 PM    0   65.31    0.00   26.53    0.00    0.00    6.12    0.00    0.00    0.00    2.04

05:38:09 PM  CPU    %usr   %nice    %sys %iowait    %irq   %soft  %steal  %guest  %gnice   %idle
05:38:10 PM    0   60.20    0.00   31.63    0.00    0.00    5.10    0.00    0.00    0.00    3.06

05:38:10 PM  CPU    %usr   %nice    %sys %iowait    %irq   %soft  %steal  %guest  %gnice   %idle
05:38:11 PM    0   65.69    0.00   22.55    0.00    0.00    7.84    0.00    0.00    0.00    3.92

05:38:11 PM  CPU    %usr   %nice    %sys %iowait    %irq   %soft  %steal  %guest  %gnice   %idle
05:38:12 PM    0   61.86    0.00   27.84    0.00    0.00    7.22    0.00    0.00    0.00    3.09

05:38:12 PM  CPU    %usr   %nice    %sys %iowait    %irq   %soft  %steal  %guest  %gnice   %idle
05:38:13 PM    0   58.00    0.00   29.00    0.00    0.00    9.00    0.00    0.00    0.00    4.00

05:38:13 PM  CPU    %usr   %nice    %sys %iowait    %irq   %soft  %steal  %guest  %gnice   %idle
05:38:14 PM    0   64.00    0.00   25.00    0.00    0.00    8.00    0.00    0.00    0.00    3.00

05:38:14 PM  CPU    %usr   %nice    %sys %iowait    %irq   %soft  %steal  %guest  %gnice   %idle
05:38:15 PM    0   65.00    0.00   27.00    0.00    0.00    6.00    0.00    0.00    0.00    2.00

05:38:15 PM  CPU    %usr   %nice    %sys %iowait    %irq   %soft  %steal  %guest  %gnice   %idle
05:38:16 PM    0   69.00    0.00   23.00    0.00    0.00    6.00    0.00    0.00    0.00    2.00

05:38:16 PM  CPU    %usr   %nice    %sys %iowait    %irq   %soft  %steal  %guest  %gnice   %idle
05:38:17 PM    0   62.63    0.00   31.31    0.00    0.00    5.05    0.00    0.00    0.00    1.01

05:38:17 PM  CPU    %usr   %nice    %sys %iowait    %irq   %soft  %steal  %guest  %gnice   %idle
05:38:18 PM    0   63.37    0.00   28.71    0.00    0.00    6.93    0.00    0.00    0.00    0.99

05:38:18 PM  CPU    %usr   %nice    %sys %iowait    %irq   %soft  %steal  %guest  %gnice   %idle
05:38:19 PM    0   67.00    0.00   24.00    0.00    0.00    8.00    0.00    0.00    0.00    1.00

05:38:19 PM  CPU    %usr   %nice    %sys %iowait    %irq   %soft  %steal  %guest  %gnice   %idle
05:38:20 PM    0   67.00    0.00   26.00    0.00    0.00    6.00    0.00    0.00    0.00    1.00

05:38:20 PM  CPU    %usr   %nice    %sys %iowait    %irq   %soft  %steal  %guest  %gnice   %idle
05:38:21 PM    0   66.67    0.00   24.24    0.00    0.00    7.07    0.00    0.00    0.00    2.02

05:38:21 PM  CPU    %usr   %nice    %sys %iowait    %irq   %soft  %steal  %guest  %gnice   %idle
05:38:22 PM    0   64.29    0.00   28.57    0.00    0.00    6.12    0.00    0.00    0.00    1.02

05:38:22 PM  CPU    %usr   %nice    %sys %iowait    %irq   %soft  %steal  %guest  %gnice   %idle
05:38:23 PM    0   66.34    0.00   25.74    0.00    0.00    6.93    0.00    0.00    0.00    0.99

05:38:23 PM  CPU    %usr   %nice    %sys %iowait    %irq   %soft  %steal  %guest  %gnice   %idle
05:38:24 PM    0   66.00    0.00   26.00    0.00    0.00    7.00    0.00    0.00    0.00    1.00

05:38:24 PM  CPU    %usr   %nice    %sys %iowait    %irq   %soft  %steal  %guest  %gnice   %idle
05:38:25 PM    0   69.31    0.00   20.79    0.00    0.00    7.92    0.00    0.00    0.00    1.98

05:38:25 PM  CPU    %usr   %nice    %sys %iowait    %irq   %soft  %steal  %guest  %gnice   %idle
05:38:26 PM    0   64.65    0.00   28.28    0.00    0.00    5.05    0.00    0.00    0.00    2.02

05:38:26 PM  CPU    %usr   %nice    %sys %iowait    %irq   %soft  %steal  %guest  %gnice   %idle
05:38:27 PM    0   66.00    0.00   24.00    0.00    0.00    8.00    0.00    0.00    0.00    2.00

05:38:27 PM  CPU    %usr   %nice    %sys %iowait    %irq   %soft  %steal  %guest  %gnice   %idle
05:38:28 PM    0   60.00    0.00   29.00    0.00    0.00   10.00    0.00    0.00    0.00    1.00

05:38:28 PM  CPU    %usr   %nice    %sys %iowait    %irq   %soft  %steal  %guest  %gnice   %idle
05:38:29 PM    0   66.00    0.00   26.00    0.00    0.00    8.00    0.00    0.00    0.00    0.00

05:38:29 PM  CPU    %usr   %nice    %sys %iowait    %irq   %soft  %steal  %guest  %gnice   %idle
05:38:30 PM    0   66.34    0.00   25.74    0.00    0.00    6.93    0.00    0.00    0.00    0.99

05:38:30 PM  CPU    %usr   %nice    %sys %iowait    %irq   %soft  %steal  %guest  %gnice   %idle
05:38:31 PM    0   67.00    0.00   24.00    0.00    0.00    7.00    0.00    0.00    0.00    2.00

05:38:31 PM  CPU    %usr   %nice    %sys %iowait    %irq   %soft  %steal  %guest  %gnice   %idle
05:38:32 PM    0   68.69    0.00   22.22    0.00    0.00    7.07    0.00    0.00    0.00    2.02

05:38:32 PM  CPU    %usr   %nice    %sys %iowait    %irq   %soft  %steal  %guest  %gnice   %idle
05:38:33 PM    0   64.00    0.00   27.00    0.00    0.00    6.00    0.00    0.00    0.00    3.00

05:38:33 PM  CPU    %usr   %nice    %sys %iowait    %irq   %soft  %steal  %guest  %gnice   %idle
05:38:34 PM    0   70.71    0.00   24.24    0.00    0.00    4.04    0.00    0.00    0.00    1.01

05:38:34 PM  CPU    %usr   %nice    %sys %iowait    %irq   %soft  %steal  %guest  %gnice   %idle
05:38:35 PM    0   64.71    0.00   26.47    0.00    0.00    7.84    0.00    0.00    0.00    0.98

05:38:35 PM  CPU    %usr   %nice    %sys %iowait    %irq   %soft  %steal  %guest  %gnice   %idle
05:38:36 PM    0   71.43    0.00   22.45    0.00    0.00    4.08    0.00    0.00    0.00    2.04

05:38:36 PM  CPU    %usr   %nice    %sys %iowait    %irq   %soft  %steal  %guest  %gnice   %idle
05:38:37 PM    0   62.00    0.00   29.00    0.00    0.00    8.00    0.00    0.00    0.00    1.00

05:38:37 PM  CPU    %usr   %nice    %sys %iowait    %irq   %soft  %steal  %guest  %gnice   %idle
05:38:38 PM    0   66.34    0.00   24.75    0.00    0.00    6.93    0.00    0.00    0.00    1.98

05:38:38 PM  CPU    %usr   %nice    %sys %iowait    %irq   %soft  %steal  %guest  %gnice   %idle
05:38:39 PM    0   63.64    0.00   29.29    0.00    0.00    5.05    0.00    0.00    0.00    2.02

05:38:39 PM  CPU    %usr   %nice    %sys %iowait    %irq   %soft  %steal  %guest  %gnice   %idle
05:38:40 PM    0   63.37    0.00   29.70    0.00    0.00    3.96    0.00    0.00    0.00    2.97

05:38:40 PM  CPU    %usr   %nice    %sys %iowait    %irq   %soft  %steal  %guest  %gnice   %idle
05:38:41 PM    0   65.66    0.00   25.25    0.00    0.00    6.06    0.00    0.00    0.00    3.03

05:38:41 PM  CPU    %usr   %nice    %sys %iowait    %irq   %soft  %steal  %guest  %gnice   %idle
05:38:42 PM    0   70.71    0.00   21.21    0.00    0.00    6.06    0.00    0.00    0.00    2.02

05:38:42 PM  CPU    %usr   %nice    %sys %iowait    %irq   %soft  %steal  %guest  %gnice   %idle
05:38:43 PM    0   71.57    0.00   20.59    0.00    0.00    4.90    0.00    0.00    0.00    2.94

05:38:43 PM  CPU    %usr   %nice    %sys %iowait    %irq   %soft  %steal  %guest  %gnice   %idle
05:38:44 PM    0   64.65    0.00   26.26    0.00    0.00    7.07    0.00    0.00    0.00    2.02

05:38:44 PM  CPU    %usr   %nice    %sys %iowait    %irq   %soft  %steal  %guest  %gnice   %idle
05:38:45 PM    0   63.27    0.00   26.53    0.00    0.00    7.14    0.00    0.00    0.00    3.06

05:38:45 PM  CPU    %usr   %nice    %sys %iowait    %irq   %soft  %steal  %guest  %gnice   %idle
05:38:46 PM    0   60.78    0.00   27.45    0.00    0.00    7.84    0.00    0.00    0.00    3.92

05:38:46 PM  CPU    %usr   %nice    %sys %iowait    %irq   %soft  %steal  %guest  %gnice   %idle
05:38:47 PM    0   68.32    0.00   25.74    0.00    0.00    3.96    0.00    0.00    0.00    1.98

05:38:47 PM  CPU    %usr   %nice    %sys %iowait    %irq   %soft  %steal  %guest  %gnice   %idle
05:38:48 PM    0   69.00    0.00   26.00    0.00    0.00    5.00    0.00    0.00    0.00    0.00

05:38:48 PM  CPU    %usr   %nice    %sys %iowait    %irq   %soft  %steal  %guest  %gnice   %idle
05:38:49 PM    0   70.00    0.00   22.00    0.00    0.00    7.00    0.00    0.00    0.00    1.00

05:38:49 PM  CPU    %usr   %nice    %sys %iowait    %irq   %soft  %steal  %guest  %gnice   %idle
05:38:50 PM    0   60.61    0.00   33.33    0.00    0.00    5.05    0.00    0.00    0.00    1.01

05:38:50 PM  CPU    %usr   %nice    %sys %iowait    %irq   %soft  %steal  %guest  %gnice   %idle
05:38:51 PM    0   69.70    0.00   22.22    0.00    0.00    5.05    0.00    0.00    0.00    3.03

05:38:51 PM  CPU    %usr   %nice    %sys %iowait    %irq   %soft  %steal  %guest  %gnice   %idle
05:38:52 PM    0   65.00    0.00   28.00    0.00    0.00    7.00    0.00    0.00    0.00    0.00

05:38:52 PM  CPU    %usr   %nice    %sys %iowait    %irq   %soft  %steal  %guest  %gnice   %idle
05:38:53 PM    0   67.00    0.00   29.00    0.00    0.00    3.00    0.00    0.00    0.00    1.00

05:38:53 PM  CPU    %usr   %nice    %sys %iowait    %irq   %soft  %steal  %guest  %gnice   %idle
05:38:54 PM    0   69.70    0.00   23.23    0.00    0.00    7.07    0.00    0.00    0.00    0.00

05:38:54 PM  CPU    %usr   %nice    %sys %iowait    %irq   %soft  %steal  %guest  %gnice   %idle
05:38:55 PM    0   67.00    0.00   29.00    0.00    0.00    4.00    0.00    0.00    0.00    0.00

05:38:55 PM  CPU    %usr   %nice    %sys %iowait    %irq   %soft  %steal  %guest  %gnice   %idle
05:38:56 PM    0   62.38    0.00   31.68    0.00    0.00    4.95    0.00    0.00    0.00    0.99

05:38:56 PM  CPU    %usr   %nice    %sys %iowait    %irq   %soft  %steal  %guest  %gnice   %idle
05:38:57 PM    0   68.37    0.00   24.49    0.00    0.00    7.14    0.00    0.00    0.00    0.00

05:38:57 PM  CPU    %usr   %nice    %sys %iowait    %irq   %soft  %steal  %guest  %gnice   %idle
05:38:58 PM    0   66.34    0.00   24.75    0.00    0.00    7.92    0.00    0.00    0.00    0.99

05:38:58 PM  CPU    %usr   %nice    %sys %iowait    %irq   %soft  %steal  %guest  %gnice   %idle
05:38:59 PM    0   66.00    0.00   27.00    0.00    0.00    7.00    0.00    0.00    0.00    0.00

05:38:59 PM  CPU    %usr   %nice    %sys %iowait    %irq   %soft  %steal  %guest  %gnice   %idle
05:39:00 PM    0   67.33    0.00   23.76    0.00    0.00    7.92    0.00    0.00    0.00    0.99

05:39:00 PM  CPU    %usr   %nice    %sys %iowait    %irq   %soft  %steal  %guest  %gnice   %idle
05:39:01 PM    0   69.70    0.00   22.22    0.00    0.00    8.08    0.00    0.00    0.00    0.00

05:39:01 PM  CPU    %usr   %nice    %sys %iowait    %irq   %soft  %steal  %guest  %gnice   %idle
05:39:02 PM    0   67.00    0.00   28.00    0.00    0.00    5.00    0.00    0.00    0.00    0.00

05:39:02 PM  CPU    %usr   %nice    %sys %iowait    %irq   %soft  %steal  %guest  %gnice   %idle
05:39:03 PM    0   63.37    0.00   28.71    0.00    0.00    6.93    0.00    0.00    0.00    0.99

05:39:03 PM  CPU    %usr   %nice    %sys %iowait    %irq   %soft  %steal  %guest  %gnice   %idle
05:39:04 PM    0   63.00    0.00   30.00    0.00    0.00    5.00    0.00    0.00    0.00    2.00

05:39:04 PM  CPU    %usr   %nice    %sys %iowait    %irq   %soft  %steal  %guest  %gnice   %idle
05:39:05 PM    0   71.72    0.00   21.21    0.00    0.00    6.06    0.00    0.00    0.00    1.01

05:39:05 PM  CPU    %usr   %nice    %sys %iowait    %irq   %soft  %steal  %guest  %gnice   %idle
05:39:06 PM    0   64.36    0.00   23.76    0.00    0.00    9.90    0.00    0.00    0.00    1.98

05:39:06 PM  CPU    %usr   %nice    %sys %iowait    %irq   %soft  %steal  %guest  %gnice   %idle
05:39:07 PM    0   69.70    0.00   23.23    0.00    0.00    5.05    0.00    0.00    0.00    2.02

Average:     CPU    %usr   %nice    %sys %iowait    %irq   %soft  %steal  %guest  %gnice   %idle
Average:       0   65.82    0.00   25.84    0.00    0.00    6.53    0.00    0.00    0.00    1.81
