Linux 5.3.0-61-generic (cw-zenbook) 	07/16/2020 	_x86_64_	(8 CPU)

12:33:27 PM  CPU    %usr   %nice    %sys %iowait    %irq   %soft  %steal  %guest  %gnice   %idle
12:33:28 PM    0   41.24    0.00   14.43    0.00    0.00    2.06    0.00    0.00    0.00   42.27

12:33:28 PM  CPU    %usr   %nice    %sys %iowait    %irq   %soft  %steal  %guest  %gnice   %idle
12:33:29 PM    0   39.39    0.00   18.18    0.00    0.00    3.03    0.00    0.00    0.00   39.39

12:33:29 PM  CPU    %usr   %nice    %sys %iowait    %irq   %soft  %steal  %guest  %gnice   %idle
12:33:30 PM    0   40.20    0.00   13.73    0.00    0.00    4.90    0.00    0.00    0.00   41.18

12:33:30 PM  CPU    %usr   %nice    %sys %iowait    %irq   %soft  %steal  %guest  %gnice   %idle
12:33:31 PM    0   38.78    0.00   17.35    0.00    0.00    3.06    0.00    0.00    0.00   40.82

12:33:31 PM  CPU    %usr   %nice    %sys %iowait    %irq   %soft  %steal  %guest  %gnice   %idle
12:33:32 PM    0   41.00    0.00   16.00    0.00    0.00    3.00    0.00    0.00    0.00   40.00

12:33:32 PM  CPU    %usr   %nice    %sys %iowait    %irq   %soft  %steal  %guest  %gnice   %idle
12:33:33 PM    0   40.40    0.00   14.14    0.00    0.00    5.05    0.00    0.00    0.00   40.40

12:33:33 PM  CPU    %usr   %nice    %sys %iowait    %irq   %soft  %steal  %guest  %gnice   %idle
12:33:34 PM    0   35.35    0.00   16.16    0.00    0.00    7.07    0.00    0.00    0.00   41.41

12:33:34 PM  CPU    %usr   %nice    %sys %iowait    %irq   %soft  %steal  %guest  %gnice   %idle
12:33:35 PM    0   38.54    0.00   14.58    0.00    0.00    4.17    0.00    0.00    0.00   42.71

12:33:35 PM  CPU    %usr   %nice    %sys %iowait    %irq   %soft  %steal  %guest  %gnice   %idle
12:33:36 PM    0   34.34    0.00   17.17    0.00    0.00    6.06    0.00    0.00    0.00   42.42

12:33:36 PM  CPU    %usr   %nice    %sys %iowait    %irq   %soft  %steal  %guest  %gnice   %idle
12:33:37 PM    0   36.63    0.00   18.81    0.00    0.00    2.97    0.00    0.00    0.00   41.58

12:33:37 PM  CPU    %usr   %nice    %sys %iowait    %irq   %soft  %steal  %guest  %gnice   %idle
12:33:38 PM    0   37.11    0.00   15.46    0.00    0.00    4.12    0.00    0.00    0.00   43.30

12:33:38 PM  CPU    %usr   %nice    %sys %iowait    %irq   %soft  %steal  %guest  %gnice   %idle
12:33:39 PM    0   38.78    0.00   14.29    0.00    0.00    5.10    0.00    0.00    0.00   41.84

12:33:39 PM  CPU    %usr   %nice    %sys %iowait    %irq   %soft  %steal  %guest  %gnice   %idle
12:33:40 PM    0   36.36    0.00   17.17    0.00    0.00    5.05    0.00    0.00    0.00   41.41

12:33:40 PM  CPU    %usr   %nice    %sys %iowait    %irq   %soft  %steal  %guest  %gnice   %idle
12:33:41 PM    0   41.58    0.00   12.87    0.00    0.00    3.96    0.00    0.00    0.00   41.58

12:33:41 PM  CPU    %usr   %nice    %sys %iowait    %irq   %soft  %steal  %guest  %gnice   %idle
12:33:42 PM    0   36.36    0.00   16.16    0.00    0.00    6.06    0.00    0.00    0.00   41.41

12:33:42 PM  CPU    %usr   %nice    %sys %iowait    %irq   %soft  %steal  %guest  %gnice   %idle
12:33:43 PM    0   32.65    0.00   21.43    0.00    0.00    4.08    0.00    0.00    0.00   41.84

12:33:43 PM  CPU    %usr   %nice    %sys %iowait    %irq   %soft  %steal  %guest  %gnice   %idle
12:33:44 PM    0   38.78    0.00   15.31    0.00    0.00    3.06    0.00    0.00    0.00   42.86

12:33:44 PM  CPU    %usr   %nice    %sys %iowait    %irq   %soft  %steal  %guest  %gnice   %idle
12:33:45 PM    0   35.71    0.00   20.41    0.00    0.00    3.06    0.00    0.00    0.00   40.82

12:33:45 PM  CPU    %usr   %nice    %sys %iowait    %irq   %soft  %steal  %guest  %gnice   %idle
12:33:46 PM    0   38.14    0.00   14.43    0.00    0.00    4.12    0.00    0.00    0.00   43.30

12:33:46 PM  CPU    %usr   %nice    %sys %iowait    %irq   %soft  %steal  %guest  %gnice   %idle
12:33:47 PM    0   38.30    0.00   15.96    0.00    0.00    3.19    0.00    0.00    0.00   42.55

12:33:47 PM  CPU    %usr   %nice    %sys %iowait    %irq   %soft  %steal  %guest  %gnice   %idle
12:33:48 PM    0   36.73    0.00   16.33    0.00    0.00    4.08    0.00    0.00    0.00   42.86

12:33:48 PM  CPU    %usr   %nice    %sys %iowait    %irq   %soft  %steal  %guest  %gnice   %idle
12:33:49 PM    0   43.14    0.00   13.73    0.00    0.00    3.92    0.00    0.00    0.00   39.22

12:33:49 PM  CPU    %usr   %nice    %sys %iowait    %irq   %soft  %steal  %guest  %gnice   %idle
12:33:50 PM    0   42.86    0.00   12.24    0.00    0.00    4.08    0.00    0.00    0.00   40.82

12:33:50 PM  CPU    %usr   %nice    %sys %iowait    %irq   %soft  %steal  %guest  %gnice   %idle
12:33:51 PM    0   43.56    0.00   13.86    0.00    0.00    1.98    0.00    0.00    0.00   40.59

12:33:51 PM  CPU    %usr   %nice    %sys %iowait    %irq   %soft  %steal  %guest  %gnice   %idle
12:33:52 PM    0   37.50    0.00   15.62    0.00    0.00    4.17    0.00    0.00    0.00   42.71

12:33:52 PM  CPU    %usr   %nice    %sys %iowait    %irq   %soft  %steal  %guest  %gnice   %idle
12:33:53 PM    0   40.40    0.00   17.17    0.00    0.00    2.02    0.00    0.00    0.00   40.40

12:33:53 PM  CPU    %usr   %nice    %sys %iowait    %irq   %soft  %steal  %guest  %gnice   %idle
12:33:54 PM    0   35.00    0.00   18.00    0.00    0.00    6.00    0.00    0.00    0.00   41.00

12:33:54 PM  CPU    %usr   %nice    %sys %iowait    %irq   %soft  %steal  %guest  %gnice   %idle
12:33:55 PM    0   37.11    0.00   16.49    0.00    0.00    4.12    0.00    0.00    0.00   42.27

12:33:55 PM  CPU    %usr   %nice    %sys %iowait    %irq   %soft  %steal  %guest  %gnice   %idle
12:33:56 PM    0   44.44    0.00   10.10    0.00    0.00    4.04    0.00    0.00    0.00   41.41

12:33:56 PM  CPU    %usr   %nice    %sys %iowait    %irq   %soft  %steal  %guest  %gnice   %idle
12:33:57 PM    0   39.39    0.00   14.14    0.00    0.00    4.04    0.00    0.00    0.00   42.42

12:33:57 PM  CPU    %usr   %nice    %sys %iowait    %irq   %soft  %steal  %guest  %gnice   %idle
12:33:58 PM    0   39.18    0.00   16.49    0.00    0.00    2.06    0.00    0.00    0.00   42.27

12:33:58 PM  CPU    %usr   %nice    %sys %iowait    %irq   %soft  %steal  %guest  %gnice   %idle
12:33:59 PM    0   38.78    0.00   14.29    0.00    0.00    6.12    0.00    0.00    0.00   40.82

12:33:59 PM  CPU    %usr   %nice    %sys %iowait    %irq   %soft  %steal  %guest  %gnice   %idle
12:34:00 PM    0   38.14    0.00   15.46    0.00    0.00    4.12    0.00    0.00    0.00   42.27

12:34:00 PM  CPU    %usr   %nice    %sys %iowait    %irq   %soft  %steal  %guest  %gnice   %idle
12:34:01 PM    0   38.38    0.00   19.19    0.00    0.00    2.02    0.00    0.00    0.00   40.40

12:34:01 PM  CPU    %usr   %nice    %sys %iowait    %irq   %soft  %steal  %guest  %gnice   %idle
12:34:02 PM    0   35.71    0.00   18.37    0.00    0.00    5.10    0.00    0.00    0.00   40.82

12:34:02 PM  CPU    %usr   %nice    %sys %iowait    %irq   %soft  %steal  %guest  %gnice   %idle
12:34:03 PM    0   42.27    0.00   12.37    0.00    0.00    4.12    0.00    0.00    0.00   41.24

12:34:03 PM  CPU    %usr   %nice    %sys %iowait    %irq   %soft  %steal  %guest  %gnice   %idle
12:34:04 PM    0   38.14    0.00   17.53    0.00    0.00    4.12    0.00    0.00    0.00   40.21

12:34:04 PM  CPU    %usr   %nice    %sys %iowait    %irq   %soft  %steal  %guest  %gnice   %idle
12:34:05 PM    0   39.80    0.00   14.29    0.00    0.00    5.10    0.00    0.00    0.00   40.82

12:34:05 PM  CPU    %usr   %nice    %sys %iowait    %irq   %soft  %steal  %guest  %gnice   %idle
12:34:06 PM    0   43.43    0.00   13.13    0.00    0.00    4.04    0.00    0.00    0.00   39.39

12:34:06 PM  CPU    %usr   %nice    %sys %iowait    %irq   %soft  %steal  %guest  %gnice   %idle
12:34:07 PM    0   35.05    0.00   20.62    0.00    0.00    3.09    0.00    0.00    0.00   41.24

12:34:07 PM  CPU    %usr   %nice    %sys %iowait    %irq   %soft  %steal  %guest  %gnice   %idle
12:34:08 PM    0   38.14    0.00   15.46    0.00    0.00    5.15    0.00    0.00    0.00   41.24

12:34:08 PM  CPU    %usr   %nice    %sys %iowait    %irq   %soft  %steal  %guest  %gnice   %idle
12:34:09 PM    0   42.27    0.00   13.40    0.00    0.00    3.09    0.00    0.00    0.00   41.24

12:34:09 PM  CPU    %usr   %nice    %sys %iowait    %irq   %soft  %steal  %guest  %gnice   %idle
12:34:10 PM    0   41.18    0.00   16.67    0.00    0.00    2.94    0.00    0.00    0.00   39.22

12:34:10 PM  CPU    %usr   %nice    %sys %iowait    %irq   %soft  %steal  %guest  %gnice   %idle
12:34:11 PM    0   41.24    0.00   13.40    0.00    0.00    4.12    0.00    0.00    0.00   41.24

12:34:11 PM  CPU    %usr   %nice    %sys %iowait    %irq   %soft  %steal  %guest  %gnice   %idle
12:34:12 PM    0   37.76    0.00   17.35    0.00    0.00    4.08    0.00    0.00    0.00   40.82

12:34:12 PM  CPU    %usr   %nice    %sys %iowait    %irq   %soft  %steal  %guest  %gnice   %idle
12:34:13 PM    0   41.41    0.00   13.13    0.00    0.00    5.05    0.00    0.00    0.00   40.40

12:34:13 PM  CPU    %usr   %nice    %sys %iowait    %irq   %soft  %steal  %guest  %gnice   %idle
12:34:14 PM    0   42.42    0.00   12.12    0.00    0.00    5.05    0.00    0.00    0.00   40.40

12:34:14 PM  CPU    %usr   %nice    %sys %iowait    %irq   %soft  %steal  %guest  %gnice   %idle
12:34:15 PM    0   36.73    0.00   15.31    0.00    0.00    6.12    0.00    0.00    0.00   41.84

12:34:15 PM  CPU    %usr   %nice    %sys %iowait    %irq   %soft  %steal  %guest  %gnice   %idle
12:34:16 PM    0   42.42    0.00   14.14    0.00    0.00    3.03    0.00    0.00    0.00   40.40

12:34:16 PM  CPU    %usr   %nice    %sys %iowait    %irq   %soft  %steal  %guest  %gnice   %idle
12:34:17 PM    0   37.76    0.00   17.35    0.00    0.00    4.08    0.00    0.00    0.00   40.82

12:34:17 PM  CPU    %usr   %nice    %sys %iowait    %irq   %soft  %steal  %guest  %gnice   %idle
12:34:18 PM    0   40.82    0.00   13.27    0.00    0.00    5.10    0.00    0.00    0.00   40.82

12:34:18 PM  CPU    %usr   %nice    %sys %iowait    %irq   %soft  %steal  %guest  %gnice   %idle
12:34:19 PM    0   34.34    0.00   16.16    0.00    0.00    8.08    0.00    0.00    0.00   41.41

12:34:19 PM  CPU    %usr   %nice    %sys %iowait    %irq   %soft  %steal  %guest  %gnice   %idle
12:34:20 PM    0   39.00    0.00   16.00    0.00    0.00    4.00    0.00    0.00    0.00   41.00

12:34:20 PM  CPU    %usr   %nice    %sys %iowait    %irq   %soft  %steal  %guest  %gnice   %idle
12:34:21 PM    0   39.18    0.00   15.46    0.00    0.00    4.12    0.00    0.00    0.00   41.24

12:34:21 PM  CPU    %usr   %nice    %sys %iowait    %irq   %soft  %steal  %guest  %gnice   %idle
12:34:22 PM    0   42.00    0.00   13.00    0.00    0.00    5.00    0.00    0.00    0.00   40.00

12:34:22 PM  CPU    %usr   %nice    %sys %iowait    %irq   %soft  %steal  %guest  %gnice   %idle
12:34:23 PM    0   42.71    0.00   11.46    0.00    0.00    4.17    0.00    0.00    0.00   41.67

12:34:23 PM  CPU    %usr   %nice    %sys %iowait    %irq   %soft  %steal  %guest  %gnice   %idle
12:34:24 PM    0   37.62    0.00   15.84    0.00    0.00    6.93    0.00    0.00    0.00   39.60

12:34:24 PM  CPU    %usr   %nice    %sys %iowait    %irq   %soft  %steal  %guest  %gnice   %idle
12:34:25 PM    0   44.79    0.00   12.50    0.00    0.00    2.08    0.00    0.00    0.00   40.62

12:34:25 PM  CPU    %usr   %nice    %sys %iowait    %irq   %soft  %steal  %guest  %gnice   %idle
12:34:26 PM    0   40.59    0.00   15.84    0.00    0.00    3.96    0.00    0.00    0.00   39.60

12:34:26 PM  CPU    %usr   %nice    %sys %iowait    %irq   %soft  %steal  %guest  %gnice   %idle
12:34:27 PM    0   39.00    0.00   16.00    0.00    0.00    5.00    0.00    0.00    0.00   40.00

12:34:27 PM  CPU    %usr   %nice    %sys %iowait    %irq   %soft  %steal  %guest  %gnice   %idle
12:34:28 PM    0   40.43    0.00   14.89    0.00    0.00    3.19    0.00    0.00    0.00   41.49

12:34:28 PM  CPU    %usr   %nice    %sys %iowait    %irq   %soft  %steal  %guest  %gnice   %idle
12:34:29 PM    0   42.16    0.00   13.73    0.00    0.00    3.92    0.00    0.00    0.00   40.20

12:34:29 PM  CPU    %usr   %nice    %sys %iowait    %irq   %soft  %steal  %guest  %gnice   %idle
12:34:30 PM    0   42.42    0.00   13.13    0.00    0.00    4.04    0.00    0.00    0.00   40.40

12:34:30 PM  CPU    %usr   %nice    %sys %iowait    %irq   %soft  %steal  %guest  %gnice   %idle
12:34:31 PM    0   41.00    0.00   15.00    0.00    0.00    4.00    0.00    0.00    0.00   40.00

12:34:31 PM  CPU    %usr   %nice    %sys %iowait    %irq   %soft  %steal  %guest  %gnice   %idle
12:34:32 PM    0   37.50    0.00   16.67    0.00    0.00    3.12    0.00    0.00    0.00   42.71

12:34:32 PM  CPU    %usr   %nice    %sys %iowait    %irq   %soft  %steal  %guest  %gnice   %idle
12:34:33 PM    0   42.86    0.00   12.24    0.00    0.00    3.06    0.00    0.00    0.00   41.84

12:34:33 PM  CPU    %usr   %nice    %sys %iowait    %irq   %soft  %steal  %guest  %gnice   %idle
12:34:34 PM    0   42.42    0.00   11.11    0.00    0.00    5.05    0.00    0.00    0.00   41.41

12:34:34 PM  CPU    %usr   %nice    %sys %iowait    %irq   %soft  %steal  %guest  %gnice   %idle
12:34:35 PM    0   38.78    0.00   16.33    0.00    0.00    3.06    0.00    0.00    0.00   41.84

12:34:35 PM  CPU    %usr   %nice    %sys %iowait    %irq   %soft  %steal  %guest  %gnice   %idle
12:34:36 PM    0   37.62    0.00   18.81    0.00    0.00    2.97    0.00    0.00    0.00   40.59

12:34:36 PM  CPU    %usr   %nice    %sys %iowait    %irq   %soft  %steal  %guest  %gnice   %idle
12:34:37 PM    0   40.00    0.00   13.00    0.00    0.00    6.00    0.00    0.00    0.00   41.00

12:34:37 PM  CPU    %usr   %nice    %sys %iowait    %irq   %soft  %steal  %guest  %gnice   %idle
12:34:38 PM    0   39.60    0.00   14.85    0.00    0.00    3.96    0.00    0.00    0.00   41.58

12:34:38 PM  CPU    %usr   %nice    %sys %iowait    %irq   %soft  %steal  %guest  %gnice   %idle
12:34:39 PM    0   38.61    0.00   18.81    0.00    0.00    2.97    0.00    0.00    0.00   39.60

12:34:39 PM  CPU    %usr   %nice    %sys %iowait    %irq   %soft  %steal  %guest  %gnice   %idle
12:34:40 PM    0   39.39    0.00   14.14    0.00    0.00    5.05    0.00    0.00    0.00   41.41

12:34:40 PM  CPU    %usr   %nice    %sys %iowait    %irq   %soft  %steal  %guest  %gnice   %idle
12:34:41 PM    0   39.18    0.00   15.46    0.00    0.00    3.09    0.00    0.00    0.00   42.27

12:34:41 PM  CPU    %usr   %nice    %sys %iowait    %irq   %soft  %steal  %guest  %gnice   %idle
12:34:42 PM    0   36.36    0.00   17.17    0.00    0.00    4.04    0.00    0.00    0.00   42.42

12:34:42 PM  CPU    %usr   %nice    %sys %iowait    %irq   %soft  %steal  %guest  %gnice   %idle
12:34:43 PM    0   37.11    0.00   17.53    0.00    0.00    3.09    0.00    0.00    0.00   42.27

12:34:43 PM  CPU    %usr   %nice    %sys %iowait    %irq   %soft  %steal  %guest  %gnice   %idle
12:34:44 PM    0   39.18    0.00   13.40    0.00    0.00    3.09    0.00    0.00    0.00   44.33

12:34:44 PM  CPU    %usr   %nice    %sys %iowait    %irq   %soft  %steal  %guest  %gnice   %idle
12:34:45 PM    0   40.00    0.00   16.00    0.00    0.00    3.00    0.00    0.00    0.00   41.00

12:34:45 PM  CPU    %usr   %nice    %sys %iowait    %irq   %soft  %steal  %guest  %gnice   %idle
12:34:46 PM    0   36.00    0.00   18.00    0.00    0.00    4.00    0.00    0.00    0.00   42.00

12:34:46 PM  CPU    %usr   %nice    %sys %iowait    %irq   %soft  %steal  %guest  %gnice   %idle
12:34:47 PM    0   40.82    0.00   12.24    0.00    0.00    3.06    0.00    0.00    0.00   43.88

12:34:47 PM  CPU    %usr   %nice    %sys %iowait    %irq   %soft  %steal  %guest  %gnice   %idle
12:34:48 PM    0   38.38    0.00   14.14    0.00    0.00    5.05    0.00    0.00    0.00   42.42

12:34:48 PM  CPU    %usr   %nice    %sys %iowait    %irq   %soft  %steal  %guest  %gnice   %idle
12:34:49 PM    0   39.58    0.00   16.67    0.00    0.00    2.08    0.00    0.00    0.00   41.67

12:34:49 PM  CPU    %usr   %nice    %sys %iowait    %irq   %soft  %steal  %guest  %gnice   %idle
12:34:50 PM    0   39.80    0.00   14.29    0.00    0.00    4.08    0.00    0.00    0.00   41.84

12:34:50 PM  CPU    %usr   %nice    %sys %iowait    %irq   %soft  %steal  %guest  %gnice   %idle
12:34:51 PM    0   38.78    0.00   15.31    0.00    0.00    3.06    0.00    0.00    0.00   42.86

12:34:51 PM  CPU    %usr   %nice    %sys %iowait    %irq   %soft  %steal  %guest  %gnice   %idle
12:34:52 PM    0   34.69    0.00   20.41    0.00    0.00    3.06    0.00    0.00    0.00   41.84

12:34:52 PM  CPU    %usr   %nice    %sys %iowait    %irq   %soft  %steal  %guest  %gnice   %idle
12:34:53 PM    0   35.35    0.00   20.20    0.00    0.00    3.03    0.00    0.00    0.00   41.41

12:34:53 PM  CPU    %usr   %nice    %sys %iowait    %irq   %soft  %steal  %guest  %gnice   %idle
12:34:54 PM    0   36.08    0.00   18.56    0.00    0.00    4.12    0.00    0.00    0.00   41.24

12:34:54 PM  CPU    %usr   %nice    %sys %iowait    %irq   %soft  %steal  %guest  %gnice   %idle
12:34:55 PM    0   40.62    0.00   15.62    0.00    0.00    2.08    0.00    0.00    0.00   41.67

12:34:55 PM  CPU    %usr   %nice    %sys %iowait    %irq   %soft  %steal  %guest  %gnice   %idle
12:34:56 PM    0   41.24    0.00   14.43    0.00    0.00    2.06    0.00    0.00    0.00   42.27

12:34:56 PM  CPU    %usr   %nice    %sys %iowait    %irq   %soft  %steal  %guest  %gnice   %idle
12:34:57 PM    0   41.58    0.00   14.85    0.00    0.00    1.98    0.00    0.00    0.00   41.58

12:34:57 PM  CPU    %usr   %nice    %sys %iowait    %irq   %soft  %steal  %guest  %gnice   %idle
12:34:58 PM    0   36.08    0.00   16.49    0.00    0.00    5.15    0.00    0.00    0.00   42.27

12:34:58 PM  CPU    %usr   %nice    %sys %iowait    %irq   %soft  %steal  %guest  %gnice   %idle
12:34:59 PM    0   42.42    0.00   13.13    0.00    0.00    3.03    0.00    0.00    0.00   41.41

12:34:59 PM  CPU    %usr   %nice    %sys %iowait    %irq   %soft  %steal  %guest  %gnice   %idle
12:35:00 PM    0   37.00    0.00   15.00    0.00    0.00    6.00    0.00    0.00    0.00   42.00

12:35:00 PM  CPU    %usr   %nice    %sys %iowait    %irq   %soft  %steal  %guest  %gnice   %idle
12:35:01 PM    0   39.39    0.00   16.16    0.00    0.00    3.03    0.00    0.00    0.00   41.41

12:35:01 PM  CPU    %usr   %nice    %sys %iowait    %irq   %soft  %steal  %guest  %gnice   %idle
12:35:02 PM    0   39.80    0.00   16.33    0.00    0.00    2.04    0.00    0.00    0.00   41.84

12:35:02 PM  CPU    %usr   %nice    %sys %iowait    %irq   %soft  %steal  %guest  %gnice   %idle
12:35:03 PM    0   40.00    0.00   13.68    0.00    0.00    4.21    0.00    0.00    0.00   42.11

12:35:03 PM  CPU    %usr   %nice    %sys %iowait    %irq   %soft  %steal  %guest  %gnice   %idle
12:35:04 PM    0   40.00    0.00   14.00    0.00    0.00    5.00    0.00    0.00    0.00   41.00

12:35:04 PM  CPU    %usr   %nice    %sys %iowait    %irq   %soft  %steal  %guest  %gnice   %idle
12:35:05 PM    0   40.21    0.00   13.40    0.00    0.00    4.12    0.00    0.00    0.00   42.27

12:35:05 PM  CPU    %usr   %nice    %sys %iowait    %irq   %soft  %steal  %guest  %gnice   %idle
12:35:06 PM    0   40.82    0.00   14.29    0.00    0.00    3.06    0.00    0.00    0.00   41.84

12:35:06 PM  CPU    %usr   %nice    %sys %iowait    %irq   %soft  %steal  %guest  %gnice   %idle
12:35:07 PM    0   39.39    0.00   15.15    0.00    0.00    3.03    0.00    0.00    0.00   42.42

12:35:07 PM  CPU    %usr   %nice    %sys %iowait    %irq   %soft  %steal  %guest  %gnice   %idle
12:35:08 PM    0   35.71    0.00   17.35    0.00    0.00    5.10    0.00    0.00    0.00   41.84

12:35:08 PM  CPU    %usr   %nice    %sys %iowait    %irq   %soft  %steal  %guest  %gnice   %idle
12:35:09 PM    0   38.61    0.00   16.83    0.00    0.00    3.96    0.00    0.00    0.00   40.59

12:35:09 PM  CPU    %usr   %nice    %sys %iowait    %irq   %soft  %steal  %guest  %gnice   %idle
12:35:10 PM    0   35.71    0.00   15.31    0.00    0.00    7.14    0.00    0.00    0.00   41.84

12:35:10 PM  CPU    %usr   %nice    %sys %iowait    %irq   %soft  %steal  %guest  %gnice   %idle
12:35:11 PM    0   40.82    0.00   14.29    0.00    0.00    3.06    0.00    0.00    0.00   41.84

12:35:11 PM  CPU    %usr   %nice    %sys %iowait    %irq   %soft  %steal  %guest  %gnice   %idle
12:35:12 PM    0   37.37    0.00   18.18    0.00    0.00    4.04    0.00    0.00    0.00   40.40

12:35:12 PM  CPU    %usr   %nice    %sys %iowait    %irq   %soft  %steal  %guest  %gnice   %idle
12:35:13 PM    0   45.10    0.00   14.71    0.00    0.00    0.98    0.00    0.00    0.00   39.22

12:35:13 PM  CPU    %usr   %nice    %sys %iowait    %irq   %soft  %steal  %guest  %gnice   %idle
12:35:14 PM    0   45.45    0.00   10.10    0.00    0.00    4.04    0.00    0.00    0.00   40.40

12:35:14 PM  CPU    %usr   %nice    %sys %iowait    %irq   %soft  %steal  %guest  %gnice   %idle
12:35:15 PM    0   40.00    0.00   13.68    0.00    0.00    4.21    0.00    0.00    0.00   42.11

12:35:15 PM  CPU    %usr   %nice    %sys %iowait    %irq   %soft  %steal  %guest  %gnice   %idle
12:35:16 PM    0   39.39    0.00   18.18    0.00    0.00    2.02    0.00    0.00    0.00   40.40

12:35:16 PM  CPU    %usr   %nice    %sys %iowait    %irq   %soft  %steal  %guest  %gnice   %idle
12:35:17 PM    0   42.42    0.00   16.16    0.00    0.00    2.02    0.00    0.00    0.00   39.39

12:35:17 PM  CPU    %usr   %nice    %sys %iowait    %irq   %soft  %steal  %guest  %gnice   %idle
12:35:18 PM    0   38.61    0.00   17.82    0.00    0.00    3.96    0.00    0.00    0.00   39.60

12:35:18 PM  CPU    %usr   %nice    %sys %iowait    %irq   %soft  %steal  %guest  %gnice   %idle
12:35:19 PM    0   37.76    0.00   16.33    0.00    0.00    4.08    0.00    0.00    0.00   41.84

12:35:19 PM  CPU    %usr   %nice    %sys %iowait    %irq   %soft  %steal  %guest  %gnice   %idle
12:35:20 PM    0   38.38    0.00   16.16    0.00    0.00    4.04    0.00    0.00    0.00   41.41

12:35:20 PM  CPU    %usr   %nice    %sys %iowait    %irq   %soft  %steal  %guest  %gnice   %idle
12:35:21 PM    0   42.00    0.00   11.00    0.00    0.00    6.00    0.00    0.00    0.00   41.00

12:35:21 PM  CPU    %usr   %nice    %sys %iowait    %irq   %soft  %steal  %guest  %gnice   %idle
12:35:22 PM    0   41.67    0.00   13.54    0.00    0.00    3.12    0.00    0.00    0.00   41.67

12:35:22 PM  CPU    %usr   %nice    %sys %iowait    %irq   %soft  %steal  %guest  %gnice   %idle
12:35:23 PM    0   41.58    0.00   14.85    0.00    0.00    2.97    0.00    0.00    0.00   40.59

12:35:23 PM  CPU    %usr   %nice    %sys %iowait    %irq   %soft  %steal  %guest  %gnice   %idle
12:35:24 PM    0   41.00    0.00   16.00    0.00    0.00    3.00    0.00    0.00    0.00   40.00

12:35:24 PM  CPU    %usr   %nice    %sys %iowait    %irq   %soft  %steal  %guest  %gnice   %idle
12:35:25 PM    0   38.38    0.00   17.17    0.00    0.00    4.04    0.00    0.00    0.00   40.40

12:35:25 PM  CPU    %usr   %nice    %sys %iowait    %irq   %soft  %steal  %guest  %gnice   %idle
12:35:26 PM    0   36.84    0.00   17.89    0.00    0.00    2.11    0.00    0.00    0.00   43.16

12:35:26 PM  CPU    %usr   %nice    %sys %iowait    %irq   %soft  %steal  %guest  %gnice   %idle
12:35:27 PM    0   39.60    0.00   17.82    0.00    0.00    2.97    0.00    0.00    0.00   39.60

Average:     CPU    %usr   %nice    %sys %iowait    %irq   %soft  %steal  %guest  %gnice   %idle
Average:       0   39.33    0.00   15.46    0.00    0.00    3.91    0.00    0.00    0.00   41.30
