Linux 5.3.0-61-generic (cw-zenbook) 	07/16/2020 	_x86_64_	(8 CPU)

01:46:45 PM  CPU    %usr   %nice    %sys %iowait    %irq   %soft  %steal  %guest  %gnice   %idle
01:46:46 PM    0   14.85    0.00    2.97    0.00    0.00    1.98    0.00    0.00    0.00   80.20

01:46:46 PM  CPU    %usr   %nice    %sys %iowait    %irq   %soft  %steal  %guest  %gnice   %idle
01:46:47 PM    0   12.87    0.00    4.95    0.00    0.00    0.99    0.00    0.00    0.00   81.19

01:46:47 PM  CPU    %usr   %nice    %sys %iowait    %irq   %soft  %steal  %guest  %gnice   %idle
01:46:48 PM    0   13.00    0.00    5.00    0.00    0.00    1.00    0.00    0.00    0.00   81.00

01:46:48 PM  CPU    %usr   %nice    %sys %iowait    %irq   %soft  %steal  %guest  %gnice   %idle
01:46:49 PM    0   12.12    0.00    4.04    0.00    0.00    2.02    0.00    0.00    0.00   81.82

01:46:49 PM  CPU    %usr   %nice    %sys %iowait    %irq   %soft  %steal  %guest  %gnice   %idle
01:46:50 PM    0   11.11    0.00    6.06    0.00    0.00    1.01    0.00    0.00    0.00   81.82

01:46:50 PM  CPU    %usr   %nice    %sys %iowait    %irq   %soft  %steal  %guest  %gnice   %idle
01:46:51 PM    0   11.88    0.00    4.95    0.00    0.00    1.98    0.00    0.00    0.00   81.19

01:46:51 PM  CPU    %usr   %nice    %sys %iowait    %irq   %soft  %steal  %guest  %gnice   %idle
01:46:52 PM    0   10.10    0.00    6.06    0.00    0.00    2.02    0.00    0.00    0.00   81.82

01:46:52 PM  CPU    %usr   %nice    %sys %iowait    %irq   %soft  %steal  %guest  %gnice   %idle
01:46:53 PM    0   13.00    0.00    5.00    0.00    0.00    1.00    0.00    0.00    0.00   81.00

01:46:53 PM  CPU    %usr   %nice    %sys %iowait    %irq   %soft  %steal  %guest  %gnice   %idle
01:46:54 PM    0   14.29    0.00    2.04    0.00    0.00    1.02    0.00    0.00    0.00   82.65

01:46:54 PM  CPU    %usr   %nice    %sys %iowait    %irq   %soft  %steal  %guest  %gnice   %idle
01:46:55 PM    0   11.00    0.00    6.00    0.00    0.00    2.00    0.00    0.00    0.00   81.00

01:46:55 PM  CPU    %usr   %nice    %sys %iowait    %irq   %soft  %steal  %guest  %gnice   %idle
01:46:56 PM    0   11.88    0.00    5.94    0.00    0.00    1.98    0.00    0.00    0.00   80.20

01:46:56 PM  CPU    %usr   %nice    %sys %iowait    %irq   %soft  %steal  %guest  %gnice   %idle
01:46:57 PM    0   11.88    0.00    4.95    0.00    0.00    1.98    0.00    0.00    0.00   81.19

01:46:57 PM  CPU    %usr   %nice    %sys %iowait    %irq   %soft  %steal  %guest  %gnice   %idle
01:46:58 PM    0   10.10    0.00    7.07    0.00    0.00    1.01    0.00    0.00    0.00   81.82

01:46:58 PM  CPU    %usr   %nice    %sys %iowait    %irq   %soft  %steal  %guest  %gnice   %idle
01:46:59 PM    0   13.13    0.00    3.03    0.00    0.00    2.02    0.00    0.00    0.00   81.82

01:46:59 PM  CPU    %usr   %nice    %sys %iowait    %irq   %soft  %steal  %guest  %gnice   %idle
01:47:00 PM    0   13.86    0.00    3.96    0.00    0.00    1.98    0.00    0.00    0.00   80.20

01:47:00 PM  CPU    %usr   %nice    %sys %iowait    %irq   %soft  %steal  %guest  %gnice   %idle
01:47:01 PM    0   12.00    0.00    6.00    0.00    0.00    1.00    0.00    0.00    0.00   81.00

01:47:01 PM  CPU    %usr   %nice    %sys %iowait    %irq   %soft  %steal  %guest  %gnice   %idle
01:47:02 PM    0   14.00    0.00    3.00    0.00    0.00    2.00    0.00    0.00    0.00   81.00

01:47:02 PM  CPU    %usr   %nice    %sys %iowait    %irq   %soft  %steal  %guest  %gnice   %idle
01:47:03 PM    0   12.75    0.00    3.92    0.00    0.00    3.92    0.00    0.00    0.00   79.41

01:47:03 PM  CPU    %usr   %nice    %sys %iowait    %irq   %soft  %steal  %guest  %gnice   %idle
01:47:04 PM    0   13.13    0.00    3.03    0.00    0.00    1.01    0.00    0.00    0.00   82.83

01:47:04 PM  CPU    %usr   %nice    %sys %iowait    %irq   %soft  %steal  %guest  %gnice   %idle
01:47:05 PM    0   11.00    0.00    5.00    0.00    0.00    3.00    0.00    0.00    0.00   81.00

01:47:05 PM  CPU    %usr   %nice    %sys %iowait    %irq   %soft  %steal  %guest  %gnice   %idle
01:47:06 PM    0    9.18    0.00    6.12    0.00    0.00    2.04    0.00    0.00    0.00   82.65

01:47:06 PM  CPU    %usr   %nice    %sys %iowait    %irq   %soft  %steal  %guest  %gnice   %idle
01:47:07 PM    0    9.09    0.00    8.08    0.00    0.00    1.01    0.00    0.00    0.00   81.82

01:47:07 PM  CPU    %usr   %nice    %sys %iowait    %irq   %soft  %steal  %guest  %gnice   %idle
01:47:08 PM    0   10.42    0.00    4.17    0.00    0.00    1.04    0.00    0.00    0.00   84.38

01:47:08 PM  CPU    %usr   %nice    %sys %iowait    %irq   %soft  %steal  %guest  %gnice   %idle
01:47:09 PM    0   15.00    0.00    2.00    0.00    0.00    2.00    0.00    0.00    0.00   81.00

01:47:09 PM  CPU    %usr   %nice    %sys %iowait    %irq   %soft  %steal  %guest  %gnice   %idle
01:47:10 PM    0   11.76    0.00    4.90    0.00    0.00    2.94    0.00    0.00    0.00   80.39

01:47:10 PM  CPU    %usr   %nice    %sys %iowait    %irq   %soft  %steal  %guest  %gnice   %idle
01:47:11 PM    0   11.88    0.00    6.93    0.00    0.00    0.99    0.00    0.00    0.00   80.20

01:47:11 PM  CPU    %usr   %nice    %sys %iowait    %irq   %soft  %steal  %guest  %gnice   %idle
01:47:12 PM    0   13.13    0.00    3.03    0.00    0.00    2.02    0.00    0.00    0.00   81.82

01:47:12 PM  CPU    %usr   %nice    %sys %iowait    %irq   %soft  %steal  %guest  %gnice   %idle
01:47:13 PM    0   11.00    0.00    6.00    0.00    0.00    2.00    0.00    0.00    0.00   81.00

01:47:13 PM  CPU    %usr   %nice    %sys %iowait    %irq   %soft  %steal  %guest  %gnice   %idle
01:47:14 PM    0   13.40    0.00    3.09    0.00    0.00    0.00    0.00    0.00    0.00   83.51

01:47:14 PM  CPU    %usr   %nice    %sys %iowait    %irq   %soft  %steal  %guest  %gnice   %idle
01:47:15 PM    0   12.87    0.00    5.94    0.00    0.00    0.99    0.00    0.00    0.00   80.20

01:47:15 PM  CPU    %usr   %nice    %sys %iowait    %irq   %soft  %steal  %guest  %gnice   %idle
01:47:16 PM    0   10.10    0.00    4.04    0.00    0.00    3.03    0.00    0.00    0.00   82.83

01:47:16 PM  CPU    %usr   %nice    %sys %iowait    %irq   %soft  %steal  %guest  %gnice   %idle
01:47:17 PM    0   11.88    0.00    4.95    0.00    0.00    2.97    0.00    0.00    0.00   80.20

01:47:17 PM  CPU    %usr   %nice    %sys %iowait    %irq   %soft  %steal  %guest  %gnice   %idle
01:47:18 PM    0   12.00    0.00    5.00    0.00    0.00    2.00    0.00    0.00    0.00   81.00

01:47:18 PM  CPU    %usr   %nice    %sys %iowait    %irq   %soft  %steal  %guest  %gnice   %idle
01:47:19 PM    0   12.87    0.00    4.95    0.00    0.00    1.98    0.00    0.00    0.00   80.20

01:47:19 PM  CPU    %usr   %nice    %sys %iowait    %irq   %soft  %steal  %guest  %gnice   %idle
01:47:20 PM    0   12.00    0.00    5.00    0.00    0.00    2.00    0.00    0.00    0.00   81.00

01:47:20 PM  CPU    %usr   %nice    %sys %iowait    %irq   %soft  %steal  %guest  %gnice   %idle
01:47:21 PM    0   11.11    0.00    5.05    0.00    0.00    1.01    0.00    0.00    0.00   82.83

01:47:21 PM  CPU    %usr   %nice    %sys %iowait    %irq   %soft  %steal  %guest  %gnice   %idle
01:47:22 PM    0   11.00    0.00    6.00    0.00    0.00    2.00    0.00    0.00    0.00   81.00

01:47:22 PM  CPU    %usr   %nice    %sys %iowait    %irq   %soft  %steal  %guest  %gnice   %idle
01:47:23 PM    0   12.12    0.00    5.05    0.00    0.00    1.01    0.00    0.00    0.00   81.82

01:47:23 PM  CPU    %usr   %nice    %sys %iowait    %irq   %soft  %steal  %guest  %gnice   %idle
01:47:24 PM    0   11.88    0.00    4.95    0.00    0.00    2.97    0.00    0.00    0.00   80.20

01:47:24 PM  CPU    %usr   %nice    %sys %iowait    %irq   %soft  %steal  %guest  %gnice   %idle
01:47:25 PM    0   12.87    0.00    4.95    0.00    0.00    1.98    0.00    0.00    0.00   80.20

01:47:25 PM  CPU    %usr   %nice    %sys %iowait    %irq   %soft  %steal  %guest  %gnice   %idle
01:47:26 PM    0   13.00    0.00    5.00    0.00    0.00    0.00    0.00    0.00    0.00   82.00

01:47:26 PM  CPU    %usr   %nice    %sys %iowait    %irq   %soft  %steal  %guest  %gnice   %idle
01:47:27 PM    0   13.13    0.00    3.03    0.00    0.00    2.02    0.00    0.00    0.00   81.82

01:47:27 PM  CPU    %usr   %nice    %sys %iowait    %irq   %soft  %steal  %guest  %gnice   %idle
01:47:28 PM    0   12.87    0.00    4.95    0.00    0.00    1.98    0.00    0.00    0.00   80.20

01:47:28 PM  CPU    %usr   %nice    %sys %iowait    %irq   %soft  %steal  %guest  %gnice   %idle
01:47:29 PM    0   11.22    0.00    4.08    0.00    0.00    2.04    0.00    0.00    0.00   82.65

01:47:29 PM  CPU    %usr   %nice    %sys %iowait    %irq   %soft  %steal  %guest  %gnice   %idle
01:47:30 PM    0   11.00    0.00    6.00    0.00    0.00    2.00    0.00    0.00    0.00   81.00

01:47:30 PM  CPU    %usr   %nice    %sys %iowait    %irq   %soft  %steal  %guest  %gnice   %idle
01:47:31 PM    0   11.88    0.00    4.95    0.00    0.00    2.97    0.00    0.00    0.00   80.20

01:47:31 PM  CPU    %usr   %nice    %sys %iowait    %irq   %soft  %steal  %guest  %gnice   %idle
01:47:32 PM    0    8.08    0.00    8.08    0.00    0.00    1.01    0.00    0.00    0.00   82.83

01:47:32 PM  CPU    %usr   %nice    %sys %iowait    %irq   %soft  %steal  %guest  %gnice   %idle
01:47:33 PM    0   13.27    0.00    2.04    0.00    0.00    2.04    0.00    0.00    0.00   82.65

01:47:33 PM  CPU    %usr   %nice    %sys %iowait    %irq   %soft  %steal  %guest  %gnice   %idle
01:47:34 PM    0   10.10    0.00    6.06    0.00    0.00    2.02    0.00    0.00    0.00   81.82

01:47:34 PM  CPU    %usr   %nice    %sys %iowait    %irq   %soft  %steal  %guest  %gnice   %idle
01:47:35 PM    0   11.11    0.00    5.05    0.00    0.00    2.02    0.00    0.00    0.00   81.82

01:47:35 PM  CPU    %usr   %nice    %sys %iowait    %irq   %soft  %steal  %guest  %gnice   %idle
01:47:36 PM    0   11.11    0.00    7.07    0.00    0.00    0.00    0.00    0.00    0.00   81.82

01:47:36 PM  CPU    %usr   %nice    %sys %iowait    %irq   %soft  %steal  %guest  %gnice   %idle
01:47:37 PM    0   10.78    0.00    5.88    0.00    0.00    2.94    0.00    0.00    0.00   80.39

01:47:37 PM  CPU    %usr   %nice    %sys %iowait    %irq   %soft  %steal  %guest  %gnice   %idle
01:47:38 PM    0    9.90    0.00    6.93    0.00    0.00    2.97    0.00    0.00    0.00   80.20

01:47:38 PM  CPU    %usr   %nice    %sys %iowait    %irq   %soft  %steal  %guest  %gnice   %idle
01:47:39 PM    0   10.10    0.00    6.06    0.00    0.00    2.02    0.00    0.00    0.00   81.82

01:47:39 PM  CPU    %usr   %nice    %sys %iowait    %irq   %soft  %steal  %guest  %gnice   %idle
01:47:40 PM    0   10.20    0.00    5.10    0.00    0.00    2.04    0.00    0.00    0.00   82.65

01:47:40 PM  CPU    %usr   %nice    %sys %iowait    %irq   %soft  %steal  %guest  %gnice   %idle
01:47:41 PM    0   11.88    0.00    4.95    0.00    0.00    2.97    0.00    0.00    0.00   80.20

01:47:41 PM  CPU    %usr   %nice    %sys %iowait    %irq   %soft  %steal  %guest  %gnice   %idle
01:47:42 PM    0   14.14    0.00    3.03    0.00    0.00    1.01    0.00    0.00    0.00   81.82

01:47:42 PM  CPU    %usr   %nice    %sys %iowait    %irq   %soft  %steal  %guest  %gnice   %idle
01:47:43 PM    0   11.00    0.00    6.00    0.00    0.00    2.00    0.00    0.00    0.00   81.00

01:47:43 PM  CPU    %usr   %nice    %sys %iowait    %irq   %soft  %steal  %guest  %gnice   %idle
01:47:44 PM    0   15.00    0.00    3.00    0.00    0.00    1.00    0.00    0.00    0.00   81.00

01:47:44 PM  CPU    %usr   %nice    %sys %iowait    %irq   %soft  %steal  %guest  %gnice   %idle
01:47:45 PM    0    9.00    0.00    7.00    0.00    0.00    2.00    0.00    0.00    0.00   82.00

01:47:45 PM  CPU    %usr   %nice    %sys %iowait    %irq   %soft  %steal  %guest  %gnice   %idle
01:47:46 PM    0   10.20    0.00    6.12    0.00    0.00    1.02    0.00    0.00    0.00   82.65

01:47:46 PM  CPU    %usr   %nice    %sys %iowait    %irq   %soft  %steal  %guest  %gnice   %idle
01:47:47 PM    0   13.00    0.00    4.00    0.00    0.00    2.00    0.00    0.00    0.00   81.00

01:47:47 PM  CPU    %usr   %nice    %sys %iowait    %irq   %soft  %steal  %guest  %gnice   %idle
01:47:48 PM    0   11.22    0.00    4.08    0.00    0.00    2.04    0.00    0.00    0.00   82.65

01:47:48 PM  CPU    %usr   %nice    %sys %iowait    %irq   %soft  %steal  %guest  %gnice   %idle
01:47:49 PM    0   10.10    0.00    6.06    0.00    0.00    2.02    0.00    0.00    0.00   81.82

01:47:49 PM  CPU    %usr   %nice    %sys %iowait    %irq   %soft  %steal  %guest  %gnice   %idle
01:47:50 PM    0   12.87    0.00    3.96    0.00    0.00    1.98    0.00    0.00    0.00   81.19

01:47:50 PM  CPU    %usr   %nice    %sys %iowait    %irq   %soft  %steal  %guest  %gnice   %idle
01:47:51 PM    0   11.76    0.00    6.86    0.00    0.00    1.96    0.00    0.00    0.00   79.41

01:47:51 PM  CPU    %usr   %nice    %sys %iowait    %irq   %soft  %steal  %guest  %gnice   %idle
01:47:52 PM    0   11.11    0.00    5.05    0.00    0.00    2.02    0.00    0.00    0.00   81.82

01:47:52 PM  CPU    %usr   %nice    %sys %iowait    %irq   %soft  %steal  %guest  %gnice   %idle
01:47:53 PM    0    9.38    0.00    4.17    0.00    0.00    2.08    0.00    0.00    0.00   84.38

01:47:53 PM  CPU    %usr   %nice    %sys %iowait    %irq   %soft  %steal  %guest  %gnice   %idle
01:47:54 PM    0   10.00    0.00    5.00    0.00    0.00    3.00    0.00    0.00    0.00   82.00

01:47:54 PM  CPU    %usr   %nice    %sys %iowait    %irq   %soft  %steal  %guest  %gnice   %idle
01:47:55 PM    0   10.00    0.00    6.00    0.00    0.00    3.00    0.00    0.00    0.00   81.00

01:47:55 PM  CPU    %usr   %nice    %sys %iowait    %irq   %soft  %steal  %guest  %gnice   %idle
01:47:56 PM    0    9.28    0.00    5.15    0.00    0.00    2.06    0.00    0.00    0.00   83.51

01:47:56 PM  CPU    %usr   %nice    %sys %iowait    %irq   %soft  %steal  %guest  %gnice   %idle
01:47:57 PM    0   11.00    0.00    6.00    0.00    0.00    2.00    0.00    0.00    0.00   81.00

01:47:57 PM  CPU    %usr   %nice    %sys %iowait    %irq   %soft  %steal  %guest  %gnice   %idle
01:47:58 PM    0   12.24    0.00    4.08    0.00    0.00    1.02    0.00    0.00    0.00   82.65

01:47:58 PM  CPU    %usr   %nice    %sys %iowait    %irq   %soft  %steal  %guest  %gnice   %idle
01:47:59 PM    0   11.76    0.00    4.90    0.00    0.00    3.92    0.00    0.00    0.00   79.41

01:47:59 PM  CPU    %usr   %nice    %sys %iowait    %irq   %soft  %steal  %guest  %gnice   %idle
01:48:00 PM    0   10.78    0.00    6.86    0.00    0.00    2.94    0.00    0.00    0.00   79.41

01:48:00 PM  CPU    %usr   %nice    %sys %iowait    %irq   %soft  %steal  %guest  %gnice   %idle
01:48:01 PM    0    9.90    0.00    5.94    0.00    0.00    3.96    0.00    0.00    0.00   80.20

01:48:01 PM  CPU    %usr   %nice    %sys %iowait    %irq   %soft  %steal  %guest  %gnice   %idle
01:48:02 PM    0   12.00    0.00    4.00    0.00    0.00    3.00    0.00    0.00    0.00   81.00

01:48:02 PM  CPU    %usr   %nice    %sys %iowait    %irq   %soft  %steal  %guest  %gnice   %idle
01:48:03 PM    0    9.18    0.00    5.10    0.00    0.00    3.06    0.00    0.00    0.00   82.65

01:48:03 PM  CPU    %usr   %nice    %sys %iowait    %irq   %soft  %steal  %guest  %gnice   %idle
01:48:04 PM    0   14.00    0.00    5.00    0.00    0.00    0.00    0.00    0.00    0.00   81.00

01:48:04 PM  CPU    %usr   %nice    %sys %iowait    %irq   %soft  %steal  %guest  %gnice   %idle
01:48:05 PM    0   10.00    0.00    7.00    0.00    0.00    2.00    0.00    0.00    0.00   81.00

01:48:05 PM  CPU    %usr   %nice    %sys %iowait    %irq   %soft  %steal  %guest  %gnice   %idle
01:48:06 PM    0   14.14    0.00    3.03    0.00    0.00    0.00    0.00    0.00    0.00   82.83

01:48:06 PM  CPU    %usr   %nice    %sys %iowait    %irq   %soft  %steal  %guest  %gnice   %idle
01:48:07 PM    0   10.10    0.00    8.08    0.00    0.00    0.00    0.00    0.00    0.00   81.82

01:48:07 PM  CPU    %usr   %nice    %sys %iowait    %irq   %soft  %steal  %guest  %gnice   %idle
01:48:08 PM    0   11.00    0.00    7.00    0.00    0.00    1.00    0.00    0.00    0.00   81.00

01:48:08 PM  CPU    %usr   %nice    %sys %iowait    %irq   %soft  %steal  %guest  %gnice   %idle
01:48:09 PM    0   12.00    0.00    6.00    0.00    0.00    1.00    0.00    0.00    0.00   81.00

01:48:09 PM  CPU    %usr   %nice    %sys %iowait    %irq   %soft  %steal  %guest  %gnice   %idle
01:48:10 PM    0   12.00    0.00    5.00    0.00    0.00    2.00    0.00    0.00    0.00   81.00

01:48:10 PM  CPU    %usr   %nice    %sys %iowait    %irq   %soft  %steal  %guest  %gnice   %idle
01:48:11 PM    0   10.10    0.00    6.06    0.00    0.00    2.02    0.00    0.00    0.00   81.82

01:48:11 PM  CPU    %usr   %nice    %sys %iowait    %irq   %soft  %steal  %guest  %gnice   %idle
01:48:12 PM    0   11.34    0.00    3.09    0.00    0.00    1.03    0.00    0.00    0.00   84.54

01:48:12 PM  CPU    %usr   %nice    %sys %iowait    %irq   %soft  %steal  %guest  %gnice   %idle
01:48:13 PM    0   12.12    0.00    5.05    0.00    0.00    1.01    0.00    0.00    0.00   81.82

01:48:13 PM  CPU    %usr   %nice    %sys %iowait    %irq   %soft  %steal  %guest  %gnice   %idle
01:48:14 PM    0   12.00    0.00    4.00    0.00    0.00    3.00    0.00    0.00    0.00   81.00

01:48:14 PM  CPU    %usr   %nice    %sys %iowait    %irq   %soft  %steal  %guest  %gnice   %idle
01:48:15 PM    0   11.76    0.00    6.86    0.00    0.00    1.96    0.00    0.00    0.00   79.41

01:48:15 PM  CPU    %usr   %nice    %sys %iowait    %irq   %soft  %steal  %guest  %gnice   %idle
01:48:16 PM    0   10.31    0.00    4.12    0.00    0.00    2.06    0.00    0.00    0.00   83.51

01:48:16 PM  CPU    %usr   %nice    %sys %iowait    %irq   %soft  %steal  %guest  %gnice   %idle
01:48:17 PM    0   10.89    0.00    4.95    0.00    0.00    2.97    0.00    0.00    0.00   81.19

01:48:17 PM  CPU    %usr   %nice    %sys %iowait    %irq   %soft  %steal  %guest  %gnice   %idle
01:48:18 PM    0   15.00    0.00    4.00    0.00    0.00    0.00    0.00    0.00    0.00   81.00

01:48:18 PM  CPU    %usr   %nice    %sys %iowait    %irq   %soft  %steal  %guest  %gnice   %idle
01:48:19 PM    0   11.76    0.00    6.86    0.00    0.00    1.96    0.00    0.00    0.00   79.41

01:48:19 PM  CPU    %usr   %nice    %sys %iowait    %irq   %soft  %steal  %guest  %gnice   %idle
01:48:20 PM    0   12.12    0.00    6.06    0.00    0.00    0.00    0.00    0.00    0.00   81.82

01:48:20 PM  CPU    %usr   %nice    %sys %iowait    %irq   %soft  %steal  %guest  %gnice   %idle
01:48:21 PM    0   12.62    0.00    6.80    0.00    0.00    1.94    0.00    0.00    0.00   78.64

01:48:21 PM  CPU    %usr   %nice    %sys %iowait    %irq   %soft  %steal  %guest  %gnice   %idle
01:48:22 PM    0   11.11    0.00    5.05    0.00    0.00    2.02    0.00    0.00    0.00   81.82

01:48:22 PM  CPU    %usr   %nice    %sys %iowait    %irq   %soft  %steal  %guest  %gnice   %idle
01:48:23 PM    0    9.09    0.00    6.06    0.00    0.00    2.02    0.00    0.00    0.00   82.83

01:48:23 PM  CPU    %usr   %nice    %sys %iowait    %irq   %soft  %steal  %guest  %gnice   %idle
01:48:24 PM    0   11.00    0.00    6.00    0.00    0.00    2.00    0.00    0.00    0.00   81.00

01:48:24 PM  CPU    %usr   %nice    %sys %iowait    %irq   %soft  %steal  %guest  %gnice   %idle
01:48:25 PM    0   13.59    0.00    4.85    0.00    0.00    2.91    0.00    0.00    0.00   78.64

01:48:25 PM  CPU    %usr   %nice    %sys %iowait    %irq   %soft  %steal  %guest  %gnice   %idle
01:48:26 PM    0   13.73    0.00    5.88    0.00    0.00    0.98    0.00    0.00    0.00   79.41

01:48:26 PM  CPU    %usr   %nice    %sys %iowait    %irq   %soft  %steal  %guest  %gnice   %idle
01:48:27 PM    0   10.31    0.00    5.15    0.00    0.00    1.03    0.00    0.00    0.00   83.51

01:48:27 PM  CPU    %usr   %nice    %sys %iowait    %irq   %soft  %steal  %guest  %gnice   %idle
01:48:28 PM    0    9.38    0.00    4.17    0.00    0.00    1.04    0.00    0.00    0.00   85.42

01:48:28 PM  CPU    %usr   %nice    %sys %iowait    %irq   %soft  %steal  %guest  %gnice   %idle
01:48:29 PM    0   14.00    0.00    3.00    0.00    0.00    2.00    0.00    0.00    0.00   81.00

01:48:29 PM  CPU    %usr   %nice    %sys %iowait    %irq   %soft  %steal  %guest  %gnice   %idle
01:48:30 PM    0   10.20    0.00    4.08    0.00    0.00    3.06    0.00    0.00    0.00   82.65

01:48:30 PM  CPU    %usr   %nice    %sys %iowait    %irq   %soft  %steal  %guest  %gnice   %idle
01:48:31 PM    0   11.11    0.00    5.05    0.00    0.00    2.02    0.00    0.00    0.00   81.82

01:48:31 PM  CPU    %usr   %nice    %sys %iowait    %irq   %soft  %steal  %guest  %gnice   %idle
01:48:32 PM    0   11.34    0.00    4.12    0.00    0.00    1.03    0.00    0.00    0.00   83.51

01:48:32 PM  CPU    %usr   %nice    %sys %iowait    %irq   %soft  %steal  %guest  %gnice   %idle
01:48:33 PM    0   11.00    0.00    6.00    0.00    0.00    2.00    0.00    0.00    0.00   81.00

01:48:33 PM  CPU    %usr   %nice    %sys %iowait    %irq   %soft  %steal  %guest  %gnice   %idle
01:48:34 PM    0   10.00    0.00    6.00    0.00    0.00    3.00    0.00    0.00    0.00   81.00

01:48:34 PM  CPU    %usr   %nice    %sys %iowait    %irq   %soft  %steal  %guest  %gnice   %idle
01:48:35 PM    0   11.00    0.00    5.00    0.00    0.00    3.00    0.00    0.00    0.00   81.00

01:48:35 PM  CPU    %usr   %nice    %sys %iowait    %irq   %soft  %steal  %guest  %gnice   %idle
01:48:36 PM    0   10.89    0.00    4.95    0.00    0.00    2.97    0.00    0.00    0.00   81.19

01:48:36 PM  CPU    %usr   %nice    %sys %iowait    %irq   %soft  %steal  %guest  %gnice   %idle
01:48:37 PM    0   10.89    0.00    7.92    0.00    0.00    0.99    0.00    0.00    0.00   80.20

01:48:37 PM  CPU    %usr   %nice    %sys %iowait    %irq   %soft  %steal  %guest  %gnice   %idle
01:48:38 PM    0   14.42    0.00    6.73    0.00    0.00    0.96    0.00    0.00    0.00   77.88

01:48:38 PM  CPU    %usr   %nice    %sys %iowait    %irq   %soft  %steal  %guest  %gnice   %idle
01:48:39 PM    0   10.10    0.00    5.05    0.00    0.00    3.03    0.00    0.00    0.00   81.82

01:48:39 PM  CPU    %usr   %nice    %sys %iowait    %irq   %soft  %steal  %guest  %gnice   %idle
01:48:40 PM    0   14.00    0.00    4.00    0.00    0.00    1.00    0.00    0.00    0.00   81.00

01:48:40 PM  CPU    %usr   %nice    %sys %iowait    %irq   %soft  %steal  %guest  %gnice   %idle
01:48:41 PM    0   12.12    0.00    5.05    0.00    0.00    1.01    0.00    0.00    0.00   81.82

01:48:41 PM  CPU    %usr   %nice    %sys %iowait    %irq   %soft  %steal  %guest  %gnice   %idle
01:48:42 PM    0   12.87    0.00    5.94    0.00    0.00    0.99    0.00    0.00    0.00   80.20

01:48:42 PM  CPU    %usr   %nice    %sys %iowait    %irq   %soft  %steal  %guest  %gnice   %idle
01:48:43 PM    0   11.00    0.00    5.00    0.00    0.00    2.00    0.00    0.00    0.00   82.00

01:48:43 PM  CPU    %usr   %nice    %sys %iowait    %irq   %soft  %steal  %guest  %gnice   %idle
01:48:44 PM    0   10.10    0.00    6.06    0.00    0.00    2.02    0.00    0.00    0.00   81.82

01:48:44 PM  CPU    %usr   %nice    %sys %iowait    %irq   %soft  %steal  %guest  %gnice   %idle
01:48:45 PM    0   14.85    0.00    3.96    0.00    0.00    0.99    0.00    0.00    0.00   80.20

Average:     CPU    %usr   %nice    %sys %iowait    %irq   %soft  %steal  %guest  %gnice   %idle
Average:       0   11.67    0.00    5.13    0.00    0.00    1.83    0.00    0.00    0.00   81.37
