Linux 5.3.0-61-generic (cw-zenbook) 	07/16/2020 	_x86_64_	(8 CPU)

02:23:24 PM  CPU    %usr   %nice    %sys %iowait    %irq   %soft  %steal  %guest  %gnice   %idle
02:23:25 PM    0   34.65    0.00   20.79    0.00    0.00    4.95    0.00    0.00    0.00   39.60

02:23:25 PM  CPU    %usr   %nice    %sys %iowait    %irq   %soft  %steal  %guest  %gnice   %idle
02:23:26 PM    0   41.84    0.00   11.22    0.00    0.00    5.10    0.00    0.00    0.00   41.84

02:23:26 PM  CPU    %usr   %nice    %sys %iowait    %irq   %soft  %steal  %guest  %gnice   %idle
02:23:27 PM    0   42.16    0.00   12.75    0.00    0.00    3.92    0.00    0.00    0.00   41.18

02:23:27 PM  CPU    %usr   %nice    %sys %iowait    %irq   %soft  %steal  %guest  %gnice   %idle
02:23:28 PM    0   37.76    0.00   15.31    0.00    0.00    5.10    0.00    0.00    0.00   41.84

02:23:28 PM  CPU    %usr   %nice    %sys %iowait    %irq   %soft  %steal  %guest  %gnice   %idle
02:23:29 PM    0   38.00    0.00   17.00    0.00    0.00    4.00    0.00    0.00    0.00   41.00

02:23:29 PM  CPU    %usr   %nice    %sys %iowait    %irq   %soft  %steal  %guest  %gnice   %idle
02:23:30 PM    0   39.60    0.00   15.84    0.00    0.00    3.96    0.00    0.00    0.00   40.59

02:23:30 PM  CPU    %usr   %nice    %sys %iowait    %irq   %soft  %steal  %guest  %gnice   %idle
02:23:31 PM    0   34.69    0.00   18.37    0.00    0.00    6.12    0.00    0.00    0.00   40.82

02:23:31 PM  CPU    %usr   %nice    %sys %iowait    %irq   %soft  %steal  %guest  %gnice   %idle
02:23:32 PM    0   35.64    0.00   19.80    0.00    0.00    3.96    0.00    0.00    0.00   40.59

02:23:32 PM  CPU    %usr   %nice    %sys %iowait    %irq   %soft  %steal  %guest  %gnice   %idle
02:23:33 PM    0   38.78    0.00   14.29    0.00    0.00    6.12    0.00    0.00    0.00   40.82

02:23:33 PM  CPU    %usr   %nice    %sys %iowait    %irq   %soft  %steal  %guest  %gnice   %idle
02:23:34 PM    0   41.18    0.00   14.71    0.00    0.00    3.92    0.00    0.00    0.00   40.20

02:23:34 PM  CPU    %usr   %nice    %sys %iowait    %irq   %soft  %steal  %guest  %gnice   %idle
02:23:35 PM    0   40.59    0.00   17.82    0.00    0.00    1.98    0.00    0.00    0.00   39.60

02:23:35 PM  CPU    %usr   %nice    %sys %iowait    %irq   %soft  %steal  %guest  %gnice   %idle
02:23:36 PM    0   38.54    0.00   15.62    0.00    0.00    4.17    0.00    0.00    0.00   41.67

02:23:36 PM  CPU    %usr   %nice    %sys %iowait    %irq   %soft  %steal  %guest  %gnice   %idle
02:23:37 PM    0   38.24    0.00   17.65    0.00    0.00    4.90    0.00    0.00    0.00   39.22

02:23:37 PM  CPU    %usr   %nice    %sys %iowait    %irq   %soft  %steal  %guest  %gnice   %idle
02:23:38 PM    0   39.80    0.00   14.29    0.00    0.00    5.10    0.00    0.00    0.00   40.82

02:23:38 PM  CPU    %usr   %nice    %sys %iowait    %irq   %soft  %steal  %guest  %gnice   %idle
02:23:39 PM    0   39.58    0.00   13.54    0.00    0.00    4.17    0.00    0.00    0.00   42.71

02:23:39 PM  CPU    %usr   %nice    %sys %iowait    %irq   %soft  %steal  %guest  %gnice   %idle
02:23:40 PM    0   36.08    0.00   17.53    0.00    0.00    5.15    0.00    0.00    0.00   41.24

02:23:40 PM  CPU    %usr   %nice    %sys %iowait    %irq   %soft  %steal  %guest  %gnice   %idle
02:23:41 PM    0   40.40    0.00   15.15    0.00    0.00    4.04    0.00    0.00    0.00   40.40

02:23:41 PM  CPU    %usr   %nice    %sys %iowait    %irq   %soft  %steal  %guest  %gnice   %idle
02:23:42 PM    0   36.63    0.00   16.83    0.00    0.00    5.94    0.00    0.00    0.00   40.59

02:23:42 PM  CPU    %usr   %nice    %sys %iowait    %irq   %soft  %steal  %guest  %gnice   %idle
02:23:43 PM    0   38.00    0.00   19.00    0.00    0.00    3.00    0.00    0.00    0.00   40.00

02:23:43 PM  CPU    %usr   %nice    %sys %iowait    %irq   %soft  %steal  %guest  %gnice   %idle
02:23:44 PM    0   39.39    0.00   16.16    0.00    0.00    3.03    0.00    0.00    0.00   41.41

02:23:44 PM  CPU    %usr   %nice    %sys %iowait    %irq   %soft  %steal  %guest  %gnice   %idle
02:23:45 PM    0   39.81    0.00   13.59    0.00    0.00    6.80    0.00    0.00    0.00   39.81

02:23:45 PM  CPU    %usr   %nice    %sys %iowait    %irq   %soft  %steal  %guest  %gnice   %idle
02:23:46 PM    0   39.18    0.00   14.43    0.00    0.00    4.12    0.00    0.00    0.00   42.27

02:23:46 PM  CPU    %usr   %nice    %sys %iowait    %irq   %soft  %steal  %guest  %gnice   %idle
02:23:47 PM    0   38.78    0.00   17.35    0.00    0.00    2.04    0.00    0.00    0.00   41.84

02:23:47 PM  CPU    %usr   %nice    %sys %iowait    %irq   %soft  %steal  %guest  %gnice   %idle
02:23:48 PM    0   39.18    0.00   15.46    0.00    0.00    3.09    0.00    0.00    0.00   42.27

02:23:48 PM  CPU    %usr   %nice    %sys %iowait    %irq   %soft  %steal  %guest  %gnice   %idle
02:23:49 PM    0   35.35    0.00   18.18    0.00    0.00    5.05    0.00    0.00    0.00   41.41

02:23:49 PM  CPU    %usr   %nice    %sys %iowait    %irq   %soft  %steal  %guest  %gnice   %idle
02:23:50 PM    0   41.00    0.00   14.00    0.00    0.00    3.00    0.00    0.00    0.00   42.00

02:23:50 PM  CPU    %usr   %nice    %sys %iowait    %irq   %soft  %steal  %guest  %gnice   %idle
02:23:51 PM    0   42.00    0.00   14.00    0.00    0.00    3.00    0.00    0.00    0.00   41.00

02:23:51 PM  CPU    %usr   %nice    %sys %iowait    %irq   %soft  %steal  %guest  %gnice   %idle
02:23:52 PM    0   42.57    0.00   13.86    0.00    0.00    2.97    0.00    0.00    0.00   40.59

02:23:52 PM  CPU    %usr   %nice    %sys %iowait    %irq   %soft  %steal  %guest  %gnice   %idle
02:23:53 PM    0   40.59    0.00   13.86    0.00    0.00    4.95    0.00    0.00    0.00   40.59

02:23:53 PM  CPU    %usr   %nice    %sys %iowait    %irq   %soft  %steal  %guest  %gnice   %idle
02:23:54 PM    0   35.00    0.00   21.00    0.00    0.00    4.00    0.00    0.00    0.00   40.00

02:23:54 PM  CPU    %usr   %nice    %sys %iowait    %irq   %soft  %steal  %guest  %gnice   %idle
02:23:55 PM    0   36.36    0.00   17.17    0.00    0.00    5.05    0.00    0.00    0.00   41.41

02:23:55 PM  CPU    %usr   %nice    %sys %iowait    %irq   %soft  %steal  %guest  %gnice   %idle
02:23:56 PM    0   39.00    0.00   18.00    0.00    0.00    2.00    0.00    0.00    0.00   41.00

02:23:56 PM  CPU    %usr   %nice    %sys %iowait    %irq   %soft  %steal  %guest  %gnice   %idle
02:23:57 PM    0   41.24    0.00   12.37    0.00    0.00    4.12    0.00    0.00    0.00   42.27

02:23:57 PM  CPU    %usr   %nice    %sys %iowait    %irq   %soft  %steal  %guest  %gnice   %idle
02:23:58 PM    0   40.20    0.00   15.69    0.00    0.00    3.92    0.00    0.00    0.00   40.20

02:23:58 PM  CPU    %usr   %nice    %sys %iowait    %irq   %soft  %steal  %guest  %gnice   %idle
02:23:59 PM    0   41.05    0.00   12.63    0.00    0.00    2.11    0.00    0.00    0.00   44.21

02:23:59 PM  CPU    %usr   %nice    %sys %iowait    %irq   %soft  %steal  %guest  %gnice   %idle
02:24:00 PM    0   39.60    0.00   15.84    0.00    0.00    3.96    0.00    0.00    0.00   40.59

02:24:00 PM  CPU    %usr   %nice    %sys %iowait    %irq   %soft  %steal  %guest  %gnice   %idle
02:24:01 PM    0   37.62    0.00   16.83    0.00    0.00    4.95    0.00    0.00    0.00   40.59

02:24:01 PM  CPU    %usr   %nice    %sys %iowait    %irq   %soft  %steal  %guest  %gnice   %idle
02:24:02 PM    0   36.00    0.00   21.00    0.00    0.00    3.00    0.00    0.00    0.00   40.00

02:24:02 PM  CPU    %usr   %nice    %sys %iowait    %irq   %soft  %steal  %guest  %gnice   %idle
02:24:03 PM    0   39.22    0.00   13.73    0.00    0.00    6.86    0.00    0.00    0.00   40.20

02:24:03 PM  CPU    %usr   %nice    %sys %iowait    %irq   %soft  %steal  %guest  %gnice   %idle
02:24:04 PM    0   42.27    0.00   13.40    0.00    0.00    2.06    0.00    0.00    0.00   42.27

02:24:04 PM  CPU    %usr   %nice    %sys %iowait    %irq   %soft  %steal  %guest  %gnice   %idle
02:24:05 PM    0   39.00    0.00   17.00    0.00    0.00    3.00    0.00    0.00    0.00   41.00

02:24:05 PM  CPU    %usr   %nice    %sys %iowait    %irq   %soft  %steal  %guest  %gnice   %idle
02:24:06 PM    0   40.62    0.00   14.58    0.00    0.00    3.12    0.00    0.00    0.00   41.67

02:24:06 PM  CPU    %usr   %nice    %sys %iowait    %irq   %soft  %steal  %guest  %gnice   %idle
02:24:07 PM    0   41.41    0.00   11.11    0.00    0.00    6.06    0.00    0.00    0.00   41.41

02:24:07 PM  CPU    %usr   %nice    %sys %iowait    %irq   %soft  %steal  %guest  %gnice   %idle
02:24:08 PM    0   40.00    0.00   15.00    0.00    0.00    4.00    0.00    0.00    0.00   41.00

02:24:08 PM  CPU    %usr   %nice    %sys %iowait    %irq   %soft  %steal  %guest  %gnice   %idle
02:24:09 PM    0   41.41    0.00   13.13    0.00    0.00    4.04    0.00    0.00    0.00   41.41

02:24:09 PM  CPU    %usr   %nice    %sys %iowait    %irq   %soft  %steal  %guest  %gnice   %idle
02:24:10 PM    0   40.21    0.00   14.43    0.00    0.00    5.15    0.00    0.00    0.00   40.21

02:24:10 PM  CPU    %usr   %nice    %sys %iowait    %irq   %soft  %steal  %guest  %gnice   %idle
02:24:11 PM    0   42.42    0.00   14.14    0.00    0.00    3.03    0.00    0.00    0.00   40.40

02:24:11 PM  CPU    %usr   %nice    %sys %iowait    %irq   %soft  %steal  %guest  %gnice   %idle
02:24:12 PM    0   37.11    0.00   17.53    0.00    0.00    5.15    0.00    0.00    0.00   40.21

02:24:12 PM  CPU    %usr   %nice    %sys %iowait    %irq   %soft  %steal  %guest  %gnice   %idle
02:24:13 PM    0   35.35    0.00   17.17    0.00    0.00    6.06    0.00    0.00    0.00   41.41

02:24:13 PM  CPU    %usr   %nice    %sys %iowait    %irq   %soft  %steal  %guest  %gnice   %idle
02:24:14 PM    0   40.00    0.00   14.00    0.00    0.00    5.00    0.00    0.00    0.00   41.00

02:24:14 PM  CPU    %usr   %nice    %sys %iowait    %irq   %soft  %steal  %guest  %gnice   %idle
02:24:15 PM    0   42.57    0.00   12.87    0.00    0.00    5.94    0.00    0.00    0.00   38.61

02:24:15 PM  CPU    %usr   %nice    %sys %iowait    %irq   %soft  %steal  %guest  %gnice   %idle
02:24:16 PM    0   36.84    0.00   16.84    0.00    0.00    4.21    0.00    0.00    0.00   42.11

02:24:16 PM  CPU    %usr   %nice    %sys %iowait    %irq   %soft  %steal  %guest  %gnice   %idle
02:24:17 PM    0   39.36    0.00   14.89    0.00    0.00    3.19    0.00    0.00    0.00   42.55

02:24:17 PM  CPU    %usr   %nice    %sys %iowait    %irq   %soft  %steal  %guest  %gnice   %idle
02:24:18 PM    0   38.61    0.00   15.84    0.00    0.00    4.95    0.00    0.00    0.00   40.59

02:24:18 PM  CPU    %usr   %nice    %sys %iowait    %irq   %soft  %steal  %guest  %gnice   %idle
02:24:19 PM    0   36.36    0.00   18.18    0.00    0.00    4.04    0.00    0.00    0.00   41.41

02:24:19 PM  CPU    %usr   %nice    %sys %iowait    %irq   %soft  %steal  %guest  %gnice   %idle
02:24:20 PM    0   36.56    0.00   17.20    0.00    0.00    2.15    0.00    0.00    0.00   44.09

02:24:20 PM  CPU    %usr   %nice    %sys %iowait    %irq   %soft  %steal  %guest  %gnice   %idle
02:24:21 PM    0   41.75    0.00   14.56    0.00    0.00    3.88    0.00    0.00    0.00   39.81

02:24:21 PM  CPU    %usr   %nice    %sys %iowait    %irq   %soft  %steal  %guest  %gnice   %idle
02:24:22 PM    0   38.00    0.00   17.00    0.00    0.00    5.00    0.00    0.00    0.00   40.00

02:24:22 PM  CPU    %usr   %nice    %sys %iowait    %irq   %soft  %steal  %guest  %gnice   %idle
02:24:23 PM    0   37.76    0.00   14.29    0.00    0.00    5.10    0.00    0.00    0.00   42.86

02:24:23 PM  CPU    %usr   %nice    %sys %iowait    %irq   %soft  %steal  %guest  %gnice   %idle
02:24:24 PM    0   37.89    0.00   14.74    0.00    0.00    5.26    0.00    0.00    0.00   42.11

02:24:24 PM  CPU    %usr   %nice    %sys %iowait    %irq   %soft  %steal  %guest  %gnice   %idle
02:24:25 PM    0   37.76    0.00   16.33    0.00    0.00    4.08    0.00    0.00    0.00   41.84

02:24:25 PM  CPU    %usr   %nice    %sys %iowait    %irq   %soft  %steal  %guest  %gnice   %idle
02:24:26 PM    0   39.80    0.00   15.31    0.00    0.00    3.06    0.00    0.00    0.00   41.84

02:24:26 PM  CPU    %usr   %nice    %sys %iowait    %irq   %soft  %steal  %guest  %gnice   %idle
02:24:27 PM    0   41.00    0.00   15.00    0.00    0.00    4.00    0.00    0.00    0.00   40.00

02:24:27 PM  CPU    %usr   %nice    %sys %iowait    %irq   %soft  %steal  %guest  %gnice   %idle
02:24:28 PM    0   38.83    0.00   14.56    0.00    0.00    6.80    0.00    0.00    0.00   39.81

02:24:28 PM  CPU    %usr   %nice    %sys %iowait    %irq   %soft  %steal  %guest  %gnice   %idle
02:24:29 PM    0   38.38    0.00   16.16    0.00    0.00    5.05    0.00    0.00    0.00   40.40

02:24:29 PM  CPU    %usr   %nice    %sys %iowait    %irq   %soft  %steal  %guest  %gnice   %idle
02:24:30 PM    0   42.42    0.00   14.14    0.00    0.00    4.04    0.00    0.00    0.00   39.39

02:24:30 PM  CPU    %usr   %nice    %sys %iowait    %irq   %soft  %steal  %guest  %gnice   %idle
02:24:31 PM    0   46.46    0.00    9.09    0.00    0.00    4.04    0.00    0.00    0.00   40.40

02:24:31 PM  CPU    %usr   %nice    %sys %iowait    %irq   %soft  %steal  %guest  %gnice   %idle
02:24:32 PM    0   41.00    0.00   15.00    0.00    0.00    4.00    0.00    0.00    0.00   40.00

02:24:32 PM  CPU    %usr   %nice    %sys %iowait    %irq   %soft  %steal  %guest  %gnice   %idle
02:24:33 PM    0   40.21    0.00   13.40    0.00    0.00    6.19    0.00    0.00    0.00   40.21

02:24:33 PM  CPU    %usr   %nice    %sys %iowait    %irq   %soft  %steal  %guest  %gnice   %idle
02:24:34 PM    0   38.38    0.00   16.16    0.00    0.00    5.05    0.00    0.00    0.00   40.40

02:24:34 PM  CPU    %usr   %nice    %sys %iowait    %irq   %soft  %steal  %guest  %gnice   %idle
02:24:35 PM    0   41.67    0.00   14.58    0.00    0.00    2.08    0.00    0.00    0.00   41.67

02:24:35 PM  CPU    %usr   %nice    %sys %iowait    %irq   %soft  %steal  %guest  %gnice   %idle
02:24:36 PM    0   35.64    0.00   18.81    0.00    0.00    5.94    0.00    0.00    0.00   39.60

02:24:36 PM  CPU    %usr   %nice    %sys %iowait    %irq   %soft  %steal  %guest  %gnice   %idle
02:24:37 PM    0   38.78    0.00   16.33    0.00    0.00    4.08    0.00    0.00    0.00   40.82

02:24:37 PM  CPU    %usr   %nice    %sys %iowait    %irq   %soft  %steal  %guest  %gnice   %idle
02:24:38 PM    0   41.67    0.00   14.58    0.00    0.00    2.08    0.00    0.00    0.00   41.67

02:24:38 PM  CPU    %usr   %nice    %sys %iowait    %irq   %soft  %steal  %guest  %gnice   %idle
02:24:39 PM    0   46.00    0.00    9.00    0.00    0.00    5.00    0.00    0.00    0.00   40.00

02:24:39 PM  CPU    %usr   %nice    %sys %iowait    %irq   %soft  %steal  %guest  %gnice   %idle
02:24:40 PM    0   32.65    0.00   20.41    0.00    0.00    6.12    0.00    0.00    0.00   40.82

02:24:40 PM  CPU    %usr   %nice    %sys %iowait    %irq   %soft  %steal  %guest  %gnice   %idle
02:24:41 PM    0   38.14    0.00   17.53    0.00    0.00    2.06    0.00    0.00    0.00   42.27

02:24:41 PM  CPU    %usr   %nice    %sys %iowait    %irq   %soft  %steal  %guest  %gnice   %idle
02:24:42 PM    0   43.88    0.00   11.22    0.00    0.00    4.08    0.00    0.00    0.00   40.82

02:24:42 PM  CPU    %usr   %nice    %sys %iowait    %irq   %soft  %steal  %guest  %gnice   %idle
02:24:43 PM    0   40.40    0.00   14.14    0.00    0.00    5.05    0.00    0.00    0.00   40.40

02:24:43 PM  CPU    %usr   %nice    %sys %iowait    %irq   %soft  %steal  %guest  %gnice   %idle
02:24:44 PM    0   40.62    0.00   16.67    0.00    0.00    2.08    0.00    0.00    0.00   40.62

02:24:44 PM  CPU    %usr   %nice    %sys %iowait    %irq   %soft  %steal  %guest  %gnice   %idle
02:24:45 PM    0   42.27    0.00   13.40    0.00    0.00    3.09    0.00    0.00    0.00   41.24

02:24:45 PM  CPU    %usr   %nice    %sys %iowait    %irq   %soft  %steal  %guest  %gnice   %idle
02:24:46 PM    0   39.80    0.00   14.29    0.00    0.00    5.10    0.00    0.00    0.00   40.82

02:24:46 PM  CPU    %usr   %nice    %sys %iowait    %irq   %soft  %steal  %guest  %gnice   %idle
02:24:47 PM    0   37.37    0.00   15.15    0.00    0.00    7.07    0.00    0.00    0.00   40.40

02:24:47 PM  CPU    %usr   %nice    %sys %iowait    %irq   %soft  %steal  %guest  %gnice   %idle
02:24:48 PM    0   40.00    0.00   16.00    0.00    0.00    5.00    0.00    0.00    0.00   39.00

02:24:48 PM  CPU    %usr   %nice    %sys %iowait    %irq   %soft  %steal  %guest  %gnice   %idle
02:24:49 PM    0   41.18    0.00   15.69    0.00    0.00    2.94    0.00    0.00    0.00   40.20

02:24:49 PM  CPU    %usr   %nice    %sys %iowait    %irq   %soft  %steal  %guest  %gnice   %idle
02:24:50 PM    0   38.14    0.00   14.43    0.00    0.00    6.19    0.00    0.00    0.00   41.24

02:24:50 PM  CPU    %usr   %nice    %sys %iowait    %irq   %soft  %steal  %guest  %gnice   %idle
02:24:51 PM    0   39.39    0.00   16.16    0.00    0.00    3.03    0.00    0.00    0.00   41.41

02:24:51 PM  CPU    %usr   %nice    %sys %iowait    %irq   %soft  %steal  %guest  %gnice   %idle
02:24:52 PM    0   40.40    0.00   16.16    0.00    0.00    2.02    0.00    0.00    0.00   41.41

02:24:52 PM  CPU    %usr   %nice    %sys %iowait    %irq   %soft  %steal  %guest  %gnice   %idle
02:24:53 PM    0   37.76    0.00   17.35    0.00    0.00    4.08    0.00    0.00    0.00   40.82

02:24:53 PM  CPU    %usr   %nice    %sys %iowait    %irq   %soft  %steal  %guest  %gnice   %idle
02:24:54 PM    0   38.00    0.00   17.00    0.00    0.00    4.00    0.00    0.00    0.00   41.00

02:24:54 PM  CPU    %usr   %nice    %sys %iowait    %irq   %soft  %steal  %guest  %gnice   %idle
02:24:55 PM    0   38.00    0.00   19.00    0.00    0.00    3.00    0.00    0.00    0.00   40.00

02:24:55 PM  CPU    %usr   %nice    %sys %iowait    %irq   %soft  %steal  %guest  %gnice   %idle
02:24:56 PM    0   37.50    0.00   16.67    0.00    0.00    4.17    0.00    0.00    0.00   41.67

02:24:56 PM  CPU    %usr   %nice    %sys %iowait    %irq   %soft  %steal  %guest  %gnice   %idle
02:24:57 PM    0   35.35    0.00   17.17    0.00    0.00    6.06    0.00    0.00    0.00   41.41

02:24:57 PM  CPU    %usr   %nice    %sys %iowait    %irq   %soft  %steal  %guest  %gnice   %idle
02:24:58 PM    0   35.92    0.00   21.36    0.00    0.00    3.88    0.00    0.00    0.00   38.83

02:24:58 PM  CPU    %usr   %nice    %sys %iowait    %irq   %soft  %steal  %guest  %gnice   %idle
02:24:59 PM    0   38.38    0.00   15.15    0.00    0.00    6.06    0.00    0.00    0.00   40.40

02:24:59 PM  CPU    %usr   %nice    %sys %iowait    %irq   %soft  %steal  %guest  %gnice   %idle
02:25:00 PM    0   40.78    0.00   16.50    0.00    0.00    3.88    0.00    0.00    0.00   38.83

02:25:00 PM  CPU    %usr   %nice    %sys %iowait    %irq   %soft  %steal  %guest  %gnice   %idle
02:25:01 PM    0   38.61    0.00   17.82    0.00    0.00    3.96    0.00    0.00    0.00   39.60

02:25:01 PM  CPU    %usr   %nice    %sys %iowait    %irq   %soft  %steal  %guest  %gnice   %idle
02:25:02 PM    0   40.40    0.00   15.15    0.00    0.00    3.03    0.00    0.00    0.00   41.41

02:25:02 PM  CPU    %usr   %nice    %sys %iowait    %irq   %soft  %steal  %guest  %gnice   %idle
02:25:03 PM    0   41.84    0.00   12.24    0.00    0.00    5.10    0.00    0.00    0.00   40.82

02:25:03 PM  CPU    %usr   %nice    %sys %iowait    %irq   %soft  %steal  %guest  %gnice   %idle
02:25:04 PM    0   41.24    0.00   12.37    0.00    0.00    4.12    0.00    0.00    0.00   42.27

02:25:04 PM  CPU    %usr   %nice    %sys %iowait    %irq   %soft  %steal  %guest  %gnice   %idle
02:25:05 PM    0   41.18    0.00   12.75    0.00    0.00    4.90    0.00    0.00    0.00   41.18

02:25:05 PM  CPU    %usr   %nice    %sys %iowait    %irq   %soft  %steal  %guest  %gnice   %idle
02:25:06 PM    0   37.37    0.00   16.16    0.00    0.00    5.05    0.00    0.00    0.00   41.41

02:25:06 PM  CPU    %usr   %nice    %sys %iowait    %irq   %soft  %steal  %guest  %gnice   %idle
02:25:07 PM    0   43.43    0.00   13.13    0.00    0.00    3.03    0.00    0.00    0.00   40.40

02:25:07 PM  CPU    %usr   %nice    %sys %iowait    %irq   %soft  %steal  %guest  %gnice   %idle
02:25:08 PM    0   42.00    0.00   13.00    0.00    0.00    5.00    0.00    0.00    0.00   40.00

02:25:08 PM  CPU    %usr   %nice    %sys %iowait    %irq   %soft  %steal  %guest  %gnice   %idle
02:25:09 PM    0   42.00    0.00   13.00    0.00    0.00    4.00    0.00    0.00    0.00   41.00

02:25:09 PM  CPU    %usr   %nice    %sys %iowait    %irq   %soft  %steal  %guest  %gnice   %idle
02:25:10 PM    0   37.76    0.00   17.35    0.00    0.00    4.08    0.00    0.00    0.00   40.82

02:25:10 PM  CPU    %usr   %nice    %sys %iowait    %irq   %soft  %steal  %guest  %gnice   %idle
02:25:11 PM    0   38.38    0.00   18.18    0.00    0.00    2.02    0.00    0.00    0.00   41.41

02:25:11 PM  CPU    %usr   %nice    %sys %iowait    %irq   %soft  %steal  %guest  %gnice   %idle
02:25:12 PM    0   42.57    0.00   15.84    0.00    0.00    0.99    0.00    0.00    0.00   40.59

02:25:12 PM  CPU    %usr   %nice    %sys %iowait    %irq   %soft  %steal  %guest  %gnice   %idle
02:25:13 PM    0   39.18    0.00   10.31    0.00    0.00    8.25    0.00    0.00    0.00   42.27

02:25:13 PM  CPU    %usr   %nice    %sys %iowait    %irq   %soft  %steal  %guest  %gnice   %idle
02:25:14 PM    0   40.40    0.00   15.15    0.00    0.00    2.02    0.00    0.00    0.00   42.42

02:25:14 PM  CPU    %usr   %nice    %sys %iowait    %irq   %soft  %steal  %guest  %gnice   %idle
02:25:15 PM    0   39.18    0.00   13.40    0.00    0.00    4.12    0.00    0.00    0.00   43.30

02:25:15 PM  CPU    %usr   %nice    %sys %iowait    %irq   %soft  %steal  %guest  %gnice   %idle
02:25:16 PM    0   37.37    0.00   14.14    0.00    0.00    6.06    0.00    0.00    0.00   42.42

02:25:16 PM  CPU    %usr   %nice    %sys %iowait    %irq   %soft  %steal  %guest  %gnice   %idle
02:25:17 PM    0   36.73    0.00   17.35    0.00    0.00    4.08    0.00    0.00    0.00   41.84

02:25:17 PM  CPU    %usr   %nice    %sys %iowait    %irq   %soft  %steal  %guest  %gnice   %idle
02:25:18 PM    0   40.40    0.00   13.13    0.00    0.00    4.04    0.00    0.00    0.00   42.42

02:25:18 PM  CPU    %usr   %nice    %sys %iowait    %irq   %soft  %steal  %guest  %gnice   %idle
02:25:19 PM    0   38.78    0.00   13.27    0.00    0.00    5.10    0.00    0.00    0.00   42.86

02:25:19 PM  CPU    %usr   %nice    %sys %iowait    %irq   %soft  %steal  %guest  %gnice   %idle
02:25:20 PM    0   39.39    0.00   15.15    0.00    0.00    4.04    0.00    0.00    0.00   41.41

02:25:20 PM  CPU    %usr   %nice    %sys %iowait    %irq   %soft  %steal  %guest  %gnice   %idle
02:25:21 PM    0   40.40    0.00   14.14    0.00    0.00    4.04    0.00    0.00    0.00   41.41

02:25:21 PM  CPU    %usr   %nice    %sys %iowait    %irq   %soft  %steal  %guest  %gnice   %idle
02:25:22 PM    0   41.00    0.00   14.00    0.00    0.00    4.00    0.00    0.00    0.00   41.00

02:25:22 PM  CPU    %usr   %nice    %sys %iowait    %irq   %soft  %steal  %guest  %gnice   %idle
02:25:23 PM    0   39.39    0.00   14.14    0.00    0.00    6.06    0.00    0.00    0.00   40.40

02:25:23 PM  CPU    %usr   %nice    %sys %iowait    %irq   %soft  %steal  %guest  %gnice   %idle
02:25:24 PM    0   44.12    0.00   11.76    0.00    0.00    3.92    0.00    0.00    0.00   40.20

Average:     CPU    %usr   %nice    %sys %iowait    %irq   %soft  %steal  %guest  %gnice   %idle
Average:       0   39.40    0.00   15.37    0.00    0.00    4.25    0.00    0.00    0.00   40.98
