Linux 5.3.0-61-generic (cw-zenbook) 	07/16/2020 	_x86_64_	(8 CPU)

12:43:55 PM  CPU    %usr   %nice    %sys %iowait    %irq   %soft  %steal  %guest  %gnice   %idle
12:43:56 PM    0   52.43    0.00   21.36    0.00    0.00    4.85    0.00    0.00    0.00   21.36

12:43:56 PM  CPU    %usr   %nice    %sys %iowait    %irq   %soft  %steal  %guest  %gnice   %idle
12:43:57 PM    0   53.06    0.00   17.35    0.00    0.00    7.14    0.00    0.00    0.00   22.45

12:43:57 PM  CPU    %usr   %nice    %sys %iowait    %irq   %soft  %steal  %guest  %gnice   %idle
12:43:58 PM    0   53.47    0.00   17.82    0.00    0.00    6.93    0.00    0.00    0.00   21.78

12:43:58 PM  CPU    %usr   %nice    %sys %iowait    %irq   %soft  %steal  %guest  %gnice   %idle
12:43:59 PM    0   52.00    0.00   21.00    0.00    0.00    6.00    0.00    0.00    0.00   21.00

12:43:59 PM  CPU    %usr   %nice    %sys %iowait    %irq   %soft  %steal  %guest  %gnice   %idle
12:44:00 PM    0   50.51    0.00   21.21    0.00    0.00    5.05    0.00    0.00    0.00   23.23

12:44:00 PM  CPU    %usr   %nice    %sys %iowait    %irq   %soft  %steal  %guest  %gnice   %idle
12:44:01 PM    0   52.53    0.00   20.20    0.00    0.00    6.06    0.00    0.00    0.00   21.21

12:44:01 PM  CPU    %usr   %nice    %sys %iowait    %irq   %soft  %steal  %guest  %gnice   %idle
12:44:02 PM    0   54.08    0.00   19.39    0.00    0.00    3.06    0.00    0.00    0.00   23.47

12:44:02 PM  CPU    %usr   %nice    %sys %iowait    %irq   %soft  %steal  %guest  %gnice   %idle
12:44:03 PM    0   53.54    0.00   21.21    0.00    0.00    4.04    0.00    0.00    0.00   21.21

12:44:03 PM  CPU    %usr   %nice    %sys %iowait    %irq   %soft  %steal  %guest  %gnice   %idle
12:44:04 PM    0   54.00    0.00   19.00    0.00    0.00    5.00    0.00    0.00    0.00   22.00

12:44:04 PM  CPU    %usr   %nice    %sys %iowait    %irq   %soft  %steal  %guest  %gnice   %idle
12:44:05 PM    0   56.00    0.00   17.00    0.00    0.00    5.00    0.00    0.00    0.00   22.00

12:44:05 PM  CPU    %usr   %nice    %sys %iowait    %irq   %soft  %steal  %guest  %gnice   %idle
12:44:06 PM    0   56.12    0.00   16.33    0.00    0.00    6.12    0.00    0.00    0.00   21.43

12:44:06 PM  CPU    %usr   %nice    %sys %iowait    %irq   %soft  %steal  %guest  %gnice   %idle
12:44:07 PM    0   49.49    0.00   24.24    0.00    0.00    4.04    0.00    0.00    0.00   22.22

12:44:07 PM  CPU    %usr   %nice    %sys %iowait    %irq   %soft  %steal  %guest  %gnice   %idle
12:44:08 PM    0   52.43    0.00   21.36    0.00    0.00    4.85    0.00    0.00    0.00   21.36

12:44:08 PM  CPU    %usr   %nice    %sys %iowait    %irq   %soft  %steal  %guest  %gnice   %idle
12:44:09 PM    0   55.10    0.00   19.39    0.00    0.00    3.06    0.00    0.00    0.00   22.45

12:44:09 PM  CPU    %usr   %nice    %sys %iowait    %irq   %soft  %steal  %guest  %gnice   %idle
12:44:10 PM    0   54.00    0.00   21.00    0.00    0.00    4.00    0.00    0.00    0.00   21.00

12:44:10 PM  CPU    %usr   %nice    %sys %iowait    %irq   %soft  %steal  %guest  %gnice   %idle
12:44:11 PM    0   54.55    0.00   18.18    0.00    0.00    5.05    0.00    0.00    0.00   22.22

12:44:11 PM  CPU    %usr   %nice    %sys %iowait    %irq   %soft  %steal  %guest  %gnice   %idle
12:44:12 PM    0   51.52    0.00   21.21    0.00    0.00    5.05    0.00    0.00    0.00   22.22

12:44:12 PM  CPU    %usr   %nice    %sys %iowait    %irq   %soft  %steal  %guest  %gnice   %idle
12:44:13 PM    0   54.46    0.00   19.80    0.00    0.00    4.95    0.00    0.00    0.00   20.79

12:44:13 PM  CPU    %usr   %nice    %sys %iowait    %irq   %soft  %steal  %guest  %gnice   %idle
12:44:14 PM    0   52.53    0.00   21.21    0.00    0.00    3.03    0.00    0.00    0.00   23.23

12:44:14 PM  CPU    %usr   %nice    %sys %iowait    %irq   %soft  %steal  %guest  %gnice   %idle
12:44:15 PM    0   46.46    0.00   24.24    0.00    0.00    7.07    0.00    0.00    0.00   22.22

12:44:15 PM  CPU    %usr   %nice    %sys %iowait    %irq   %soft  %steal  %guest  %gnice   %idle
12:44:16 PM    0   53.00    0.00   22.00    0.00    0.00    4.00    0.00    0.00    0.00   21.00

12:44:16 PM  CPU    %usr   %nice    %sys %iowait    %irq   %soft  %steal  %guest  %gnice   %idle
12:44:17 PM    0   53.06    0.00   20.41    0.00    0.00    4.08    0.00    0.00    0.00   22.45

12:44:17 PM  CPU    %usr   %nice    %sys %iowait    %irq   %soft  %steal  %guest  %gnice   %idle
12:44:18 PM    0   54.55    0.00   19.19    0.00    0.00    5.05    0.00    0.00    0.00   21.21

12:44:18 PM  CPU    %usr   %nice    %sys %iowait    %irq   %soft  %steal  %guest  %gnice   %idle
12:44:19 PM    0   51.04    0.00   19.79    0.00    0.00    5.21    0.00    0.00    0.00   23.96

12:44:19 PM  CPU    %usr   %nice    %sys %iowait    %irq   %soft  %steal  %guest  %gnice   %idle
12:44:20 PM    0   53.61    0.00   18.56    0.00    0.00    6.19    0.00    0.00    0.00   21.65

12:44:20 PM  CPU    %usr   %nice    %sys %iowait    %irq   %soft  %steal  %guest  %gnice   %idle
12:44:21 PM    0   46.53    0.00   24.75    0.00    0.00    6.93    0.00    0.00    0.00   21.78

12:44:21 PM  CPU    %usr   %nice    %sys %iowait    %irq   %soft  %steal  %guest  %gnice   %idle
12:44:22 PM    0   52.48    0.00   20.79    0.00    0.00    4.95    0.00    0.00    0.00   21.78

12:44:22 PM  CPU    %usr   %nice    %sys %iowait    %irq   %soft  %steal  %guest  %gnice   %idle
12:44:23 PM    0   53.00    0.00   22.00    0.00    0.00    4.00    0.00    0.00    0.00   21.00

12:44:23 PM  CPU    %usr   %nice    %sys %iowait    %irq   %soft  %steal  %guest  %gnice   %idle
12:44:24 PM    0   46.46    0.00   24.24    0.00    0.00    7.07    0.00    0.00    0.00   22.22

12:44:24 PM  CPU    %usr   %nice    %sys %iowait    %irq   %soft  %steal  %guest  %gnice   %idle
12:44:25 PM    0   48.51    0.00   23.76    0.00    0.00    5.94    0.00    0.00    0.00   21.78

12:44:25 PM  CPU    %usr   %nice    %sys %iowait    %irq   %soft  %steal  %guest  %gnice   %idle
12:44:26 PM    0   55.45    0.00   19.80    0.00    0.00    2.97    0.00    0.00    0.00   21.78

12:44:26 PM  CPU    %usr   %nice    %sys %iowait    %irq   %soft  %steal  %guest  %gnice   %idle
12:44:27 PM    0   51.58    0.00   20.00    0.00    0.00    4.21    0.00    0.00    0.00   24.21

12:44:27 PM  CPU    %usr   %nice    %sys %iowait    %irq   %soft  %steal  %guest  %gnice   %idle
12:44:28 PM    0   51.00    0.00   22.00    0.00    0.00    5.00    0.00    0.00    0.00   22.00

12:44:28 PM  CPU    %usr   %nice    %sys %iowait    %irq   %soft  %steal  %guest  %gnice   %idle
12:44:29 PM    0   55.45    0.00   18.81    0.00    0.00    4.95    0.00    0.00    0.00   20.79

12:44:29 PM  CPU    %usr   %nice    %sys %iowait    %irq   %soft  %steal  %guest  %gnice   %idle
12:44:30 PM    0   52.58    0.00   18.56    0.00    0.00    6.19    0.00    0.00    0.00   22.68

12:44:30 PM  CPU    %usr   %nice    %sys %iowait    %irq   %soft  %steal  %guest  %gnice   %idle
12:44:31 PM    0   54.55    0.00   20.20    0.00    0.00    4.04    0.00    0.00    0.00   21.21

12:44:31 PM  CPU    %usr   %nice    %sys %iowait    %irq   %soft  %steal  %guest  %gnice   %idle
12:44:32 PM    0   53.54    0.00   19.19    0.00    0.00    5.05    0.00    0.00    0.00   22.22

12:44:32 PM  CPU    %usr   %nice    %sys %iowait    %irq   %soft  %steal  %guest  %gnice   %idle
12:44:33 PM    0   51.49    0.00   20.79    0.00    0.00    4.95    0.00    0.00    0.00   22.77

12:44:33 PM  CPU    %usr   %nice    %sys %iowait    %irq   %soft  %steal  %guest  %gnice   %idle
12:44:34 PM    0   54.55    0.00   23.23    0.00    0.00    1.01    0.00    0.00    0.00   21.21

12:44:34 PM  CPU    %usr   %nice    %sys %iowait    %irq   %soft  %steal  %guest  %gnice   %idle
12:44:35 PM    0   51.02    0.00   22.45    0.00    0.00    3.06    0.00    0.00    0.00   23.47

12:44:35 PM  CPU    %usr   %nice    %sys %iowait    %irq   %soft  %steal  %guest  %gnice   %idle
12:44:36 PM    0   51.49    0.00   19.80    0.00    0.00    6.93    0.00    0.00    0.00   21.78

12:44:36 PM  CPU    %usr   %nice    %sys %iowait    %irq   %soft  %steal  %guest  %gnice   %idle
12:44:37 PM    0   52.00    0.00   21.00    0.00    0.00    5.00    0.00    0.00    0.00   22.00

12:44:37 PM  CPU    %usr   %nice    %sys %iowait    %irq   %soft  %steal  %guest  %gnice   %idle
12:44:38 PM    0   53.06    0.00   20.41    0.00    0.00    4.08    0.00    0.00    0.00   22.45

12:44:38 PM  CPU    %usr   %nice    %sys %iowait    %irq   %soft  %steal  %guest  %gnice   %idle
12:44:39 PM    0   50.98    0.00   24.51    0.00    0.00    3.92    0.00    0.00    0.00   20.59

12:44:39 PM  CPU    %usr   %nice    %sys %iowait    %irq   %soft  %steal  %guest  %gnice   %idle
12:44:40 PM    0   55.10    0.00   17.35    0.00    0.00    4.08    0.00    0.00    0.00   23.47

12:44:40 PM  CPU    %usr   %nice    %sys %iowait    %irq   %soft  %steal  %guest  %gnice   %idle
12:44:41 PM    0   53.06    0.00   19.39    0.00    0.00    5.10    0.00    0.00    0.00   22.45

12:44:41 PM  CPU    %usr   %nice    %sys %iowait    %irq   %soft  %steal  %guest  %gnice   %idle
12:44:42 PM    0   50.00    0.00   22.55    0.00    0.00    5.88    0.00    0.00    0.00   21.57

12:44:42 PM  CPU    %usr   %nice    %sys %iowait    %irq   %soft  %steal  %guest  %gnice   %idle
12:44:43 PM    0   49.02    0.00   25.49    0.00    0.00    3.92    0.00    0.00    0.00   21.57

12:44:43 PM  CPU    %usr   %nice    %sys %iowait    %irq   %soft  %steal  %guest  %gnice   %idle
12:44:44 PM    0   52.58    0.00   19.59    0.00    0.00    5.15    0.00    0.00    0.00   22.68

12:44:44 PM  CPU    %usr   %nice    %sys %iowait    %irq   %soft  %steal  %guest  %gnice   %idle
12:44:45 PM    0   48.51    0.00   22.77    0.00    0.00    6.93    0.00    0.00    0.00   21.78

12:44:45 PM  CPU    %usr   %nice    %sys %iowait    %irq   %soft  %steal  %guest  %gnice   %idle
12:44:46 PM    0   50.00    0.00   20.83    0.00    0.00    5.21    0.00    0.00    0.00   23.96

12:44:46 PM  CPU    %usr   %nice    %sys %iowait    %irq   %soft  %steal  %guest  %gnice   %idle
12:44:47 PM    0   54.55    0.00   18.18    0.00    0.00    4.04    0.00    0.00    0.00   23.23

12:44:47 PM  CPU    %usr   %nice    %sys %iowait    %irq   %soft  %steal  %guest  %gnice   %idle
12:44:48 PM    0   46.08    0.00   25.49    0.00    0.00    6.86    0.00    0.00    0.00   21.57

12:44:48 PM  CPU    %usr   %nice    %sys %iowait    %irq   %soft  %steal  %guest  %gnice   %idle
12:44:49 PM    0   50.96    0.00   21.15    0.00    0.00    6.73    0.00    0.00    0.00   21.15

12:44:49 PM  CPU    %usr   %nice    %sys %iowait    %irq   %soft  %steal  %guest  %gnice   %idle
12:44:50 PM    0   49.02    0.00   22.55    0.00    0.00    6.86    0.00    0.00    0.00   21.57

12:44:50 PM  CPU    %usr   %nice    %sys %iowait    %irq   %soft  %steal  %guest  %gnice   %idle
12:44:51 PM    0   52.58    0.00   19.59    0.00    0.00    6.19    0.00    0.00    0.00   21.65

12:44:51 PM  CPU    %usr   %nice    %sys %iowait    %irq   %soft  %steal  %guest  %gnice   %idle
12:44:52 PM    0   54.46    0.00   20.79    0.00    0.00    2.97    0.00    0.00    0.00   21.78

12:44:52 PM  CPU    %usr   %nice    %sys %iowait    %irq   %soft  %steal  %guest  %gnice   %idle
12:44:53 PM    0   54.55    0.00   17.17    0.00    0.00    5.05    0.00    0.00    0.00   23.23

12:44:53 PM  CPU    %usr   %nice    %sys %iowait    %irq   %soft  %steal  %guest  %gnice   %idle
12:44:54 PM    0   53.06    0.00   19.39    0.00    0.00    5.10    0.00    0.00    0.00   22.45

12:44:54 PM  CPU    %usr   %nice    %sys %iowait    %irq   %soft  %steal  %guest  %gnice   %idle
12:44:55 PM    0   48.45    0.00   24.74    0.00    0.00    4.12    0.00    0.00    0.00   22.68

12:44:55 PM  CPU    %usr   %nice    %sys %iowait    %irq   %soft  %steal  %guest  %gnice   %idle
12:44:56 PM    0   58.16    0.00   16.33    0.00    0.00    3.06    0.00    0.00    0.00   22.45

12:44:56 PM  CPU    %usr   %nice    %sys %iowait    %irq   %soft  %steal  %guest  %gnice   %idle
12:44:57 PM    0   51.49    0.00   21.78    0.00    0.00    3.96    0.00    0.00    0.00   22.77

12:44:57 PM  CPU    %usr   %nice    %sys %iowait    %irq   %soft  %steal  %guest  %gnice   %idle
12:44:58 PM    0   50.51    0.00   22.22    0.00    0.00    5.05    0.00    0.00    0.00   22.22

12:44:58 PM  CPU    %usr   %nice    %sys %iowait    %irq   %soft  %steal  %guest  %gnice   %idle
12:44:59 PM    0   52.48    0.00   19.80    0.00    0.00    5.94    0.00    0.00    0.00   21.78

12:44:59 PM  CPU    %usr   %nice    %sys %iowait    %irq   %soft  %steal  %guest  %gnice   %idle
12:45:00 PM    0   46.46    0.00   24.24    0.00    0.00    6.06    0.00    0.00    0.00   23.23

12:45:00 PM  CPU    %usr   %nice    %sys %iowait    %irq   %soft  %steal  %guest  %gnice   %idle
12:45:01 PM    0   50.51    0.00   22.22    0.00    0.00    5.05    0.00    0.00    0.00   22.22

12:45:01 PM  CPU    %usr   %nice    %sys %iowait    %irq   %soft  %steal  %guest  %gnice   %idle
12:45:02 PM    0   52.48    0.00   18.81    0.00    0.00    5.94    0.00    0.00    0.00   22.77

12:45:02 PM  CPU    %usr   %nice    %sys %iowait    %irq   %soft  %steal  %guest  %gnice   %idle
12:45:03 PM    0   49.00    0.00   25.00    0.00    0.00    4.00    0.00    0.00    0.00   22.00

12:45:03 PM  CPU    %usr   %nice    %sys %iowait    %irq   %soft  %steal  %guest  %gnice   %idle
12:45:04 PM    0   50.50    0.00   20.79    0.00    0.00    6.93    0.00    0.00    0.00   21.78

12:45:04 PM  CPU    %usr   %nice    %sys %iowait    %irq   %soft  %steal  %guest  %gnice   %idle
12:45:05 PM    0   45.92    0.00   26.53    0.00    0.00    5.10    0.00    0.00    0.00   22.45

12:45:05 PM  CPU    %usr   %nice    %sys %iowait    %irq   %soft  %steal  %guest  %gnice   %idle
12:45:06 PM    0   56.25    0.00   20.83    0.00    0.00    1.04    0.00    0.00    0.00   21.88

12:45:06 PM  CPU    %usr   %nice    %sys %iowait    %irq   %soft  %steal  %guest  %gnice   %idle
12:45:07 PM    0   49.49    0.00   21.21    0.00    0.00    6.06    0.00    0.00    0.00   23.23

12:45:07 PM  CPU    %usr   %nice    %sys %iowait    %irq   %soft  %steal  %guest  %gnice   %idle
12:45:08 PM    0   53.47    0.00   20.79    0.00    0.00    4.95    0.00    0.00    0.00   20.79

12:45:08 PM  CPU    %usr   %nice    %sys %iowait    %irq   %soft  %steal  %guest  %gnice   %idle
12:45:09 PM    0   52.48    0.00   20.79    0.00    0.00    4.95    0.00    0.00    0.00   21.78

12:45:09 PM  CPU    %usr   %nice    %sys %iowait    %irq   %soft  %steal  %guest  %gnice   %idle
12:45:10 PM    0   52.48    0.00   21.78    0.00    0.00    3.96    0.00    0.00    0.00   21.78

12:45:10 PM  CPU    %usr   %nice    %sys %iowait    %irq   %soft  %steal  %guest  %gnice   %idle
12:45:11 PM    0   51.52    0.00   21.21    0.00    0.00    5.05    0.00    0.00    0.00   22.22

12:45:11 PM  CPU    %usr   %nice    %sys %iowait    %irq   %soft  %steal  %guest  %gnice   %idle
12:45:12 PM    0   55.88    0.00   19.61    0.00    0.00    3.92    0.00    0.00    0.00   20.59

12:45:12 PM  CPU    %usr   %nice    %sys %iowait    %irq   %soft  %steal  %guest  %gnice   %idle
12:45:13 PM    0   46.08    0.00   24.51    0.00    0.00    7.84    0.00    0.00    0.00   21.57

12:45:13 PM  CPU    %usr   %nice    %sys %iowait    %irq   %soft  %steal  %guest  %gnice   %idle
12:45:14 PM    0   52.04    0.00   20.41    0.00    0.00    5.10    0.00    0.00    0.00   22.45

12:45:14 PM  CPU    %usr   %nice    %sys %iowait    %irq   %soft  %steal  %guest  %gnice   %idle
12:45:15 PM    0   52.53    0.00   18.18    0.00    0.00    7.07    0.00    0.00    0.00   22.22

12:45:15 PM  CPU    %usr   %nice    %sys %iowait    %irq   %soft  %steal  %guest  %gnice   %idle
12:45:16 PM    0   55.56    0.00   16.16    0.00    0.00    6.06    0.00    0.00    0.00   22.22

12:45:16 PM  CPU    %usr   %nice    %sys %iowait    %irq   %soft  %steal  %guest  %gnice   %idle
12:45:17 PM    0   50.49    0.00   22.33    0.00    0.00    5.83    0.00    0.00    0.00   21.36

12:45:17 PM  CPU    %usr   %nice    %sys %iowait    %irq   %soft  %steal  %guest  %gnice   %idle
12:45:18 PM    0   53.06    0.00   19.39    0.00    0.00    5.10    0.00    0.00    0.00   22.45

12:45:18 PM  CPU    %usr   %nice    %sys %iowait    %irq   %soft  %steal  %guest  %gnice   %idle
12:45:19 PM    0   54.46    0.00   17.82    0.00    0.00    4.95    0.00    0.00    0.00   22.77

12:45:19 PM  CPU    %usr   %nice    %sys %iowait    %irq   %soft  %steal  %guest  %gnice   %idle
12:45:20 PM    0   52.08    0.00   18.75    0.00    0.00    6.25    0.00    0.00    0.00   22.92

12:45:20 PM  CPU    %usr   %nice    %sys %iowait    %irq   %soft  %steal  %guest  %gnice   %idle
12:45:21 PM    0   51.55    0.00   17.53    0.00    0.00    8.25    0.00    0.00    0.00   22.68

12:45:21 PM  CPU    %usr   %nice    %sys %iowait    %irq   %soft  %steal  %guest  %gnice   %idle
12:45:22 PM    0   49.02    0.00   25.49    0.00    0.00    2.94    0.00    0.00    0.00   22.55

12:45:22 PM  CPU    %usr   %nice    %sys %iowait    %irq   %soft  %steal  %guest  %gnice   %idle
12:45:23 PM    0   49.48    0.00   20.62    0.00    0.00    7.22    0.00    0.00    0.00   22.68

12:45:23 PM  CPU    %usr   %nice    %sys %iowait    %irq   %soft  %steal  %guest  %gnice   %idle
12:45:24 PM    0   54.55    0.00   19.19    0.00    0.00    4.04    0.00    0.00    0.00   22.22

12:45:24 PM  CPU    %usr   %nice    %sys %iowait    %irq   %soft  %steal  %guest  %gnice   %idle
12:45:25 PM    0   51.96    0.00   21.57    0.00    0.00    4.90    0.00    0.00    0.00   21.57

12:45:25 PM  CPU    %usr   %nice    %sys %iowait    %irq   %soft  %steal  %guest  %gnice   %idle
12:45:26 PM    0   48.00    0.00   23.00    0.00    0.00    6.00    0.00    0.00    0.00   23.00

12:45:26 PM  CPU    %usr   %nice    %sys %iowait    %irq   %soft  %steal  %guest  %gnice   %idle
12:45:27 PM    0   52.00    0.00   21.00    0.00    0.00    6.00    0.00    0.00    0.00   21.00

12:45:27 PM  CPU    %usr   %nice    %sys %iowait    %irq   %soft  %steal  %guest  %gnice   %idle
12:45:28 PM    0   51.52    0.00   17.17    0.00    0.00    9.09    0.00    0.00    0.00   22.22

12:45:28 PM  CPU    %usr   %nice    %sys %iowait    %irq   %soft  %steal  %guest  %gnice   %idle
12:45:29 PM    0   53.00    0.00   19.00    0.00    0.00    6.00    0.00    0.00    0.00   22.00

12:45:29 PM  CPU    %usr   %nice    %sys %iowait    %irq   %soft  %steal  %guest  %gnice   %idle
12:45:30 PM    0   56.31    0.00   19.42    0.00    0.00    2.91    0.00    0.00    0.00   21.36

12:45:30 PM  CPU    %usr   %nice    %sys %iowait    %irq   %soft  %steal  %guest  %gnice   %idle
12:45:31 PM    0   56.12    0.00   15.31    0.00    0.00    6.12    0.00    0.00    0.00   22.45

12:45:31 PM  CPU    %usr   %nice    %sys %iowait    %irq   %soft  %steal  %guest  %gnice   %idle
12:45:32 PM    0   51.00    0.00   21.00    0.00    0.00    6.00    0.00    0.00    0.00   22.00

12:45:32 PM  CPU    %usr   %nice    %sys %iowait    %irq   %soft  %steal  %guest  %gnice   %idle
12:45:33 PM    0   54.00    0.00   18.00    0.00    0.00    6.00    0.00    0.00    0.00   22.00

12:45:33 PM  CPU    %usr   %nice    %sys %iowait    %irq   %soft  %steal  %guest  %gnice   %idle
12:45:34 PM    0   56.00    0.00   18.00    0.00    0.00    4.00    0.00    0.00    0.00   22.00

12:45:34 PM  CPU    %usr   %nice    %sys %iowait    %irq   %soft  %steal  %guest  %gnice   %idle
12:45:35 PM    0   54.90    0.00   17.65    0.00    0.00    4.90    0.00    0.00    0.00   22.55

12:45:35 PM  CPU    %usr   %nice    %sys %iowait    %irq   %soft  %steal  %guest  %gnice   %idle
12:45:36 PM    0   54.08    0.00   17.35    0.00    0.00    6.12    0.00    0.00    0.00   22.45

12:45:36 PM  CPU    %usr   %nice    %sys %iowait    %irq   %soft  %steal  %guest  %gnice   %idle
12:45:37 PM    0   51.00    0.00   23.00    0.00    0.00    5.00    0.00    0.00    0.00   21.00

12:45:37 PM  CPU    %usr   %nice    %sys %iowait    %irq   %soft  %steal  %guest  %gnice   %idle
12:45:38 PM    0   53.47    0.00   19.80    0.00    0.00    4.95    0.00    0.00    0.00   21.78

12:45:38 PM  CPU    %usr   %nice    %sys %iowait    %irq   %soft  %steal  %guest  %gnice   %idle
12:45:39 PM    0   51.55    0.00   20.62    0.00    0.00    6.19    0.00    0.00    0.00   21.65

12:45:39 PM  CPU    %usr   %nice    %sys %iowait    %irq   %soft  %steal  %guest  %gnice   %idle
12:45:40 PM    0   52.48    0.00   17.82    0.00    0.00    7.92    0.00    0.00    0.00   21.78

12:45:40 PM  CPU    %usr   %nice    %sys %iowait    %irq   %soft  %steal  %guest  %gnice   %idle
12:45:41 PM    0   49.00    0.00   25.00    0.00    0.00    5.00    0.00    0.00    0.00   21.00

12:45:41 PM  CPU    %usr   %nice    %sys %iowait    %irq   %soft  %steal  %guest  %gnice   %idle
12:45:42 PM    0   51.00    0.00   21.00    0.00    0.00    6.00    0.00    0.00    0.00   22.00

12:45:42 PM  CPU    %usr   %nice    %sys %iowait    %irq   %soft  %steal  %guest  %gnice   %idle
12:45:43 PM    0   51.49    0.00   20.79    0.00    0.00    5.94    0.00    0.00    0.00   21.78

12:45:43 PM  CPU    %usr   %nice    %sys %iowait    %irq   %soft  %steal  %guest  %gnice   %idle
12:45:44 PM    0   55.67    0.00   17.53    0.00    0.00    4.12    0.00    0.00    0.00   22.68

12:45:44 PM  CPU    %usr   %nice    %sys %iowait    %irq   %soft  %steal  %guest  %gnice   %idle
12:45:45 PM    0   50.53    0.00   23.16    0.00    0.00    4.21    0.00    0.00    0.00   22.11

12:45:45 PM  CPU    %usr   %nice    %sys %iowait    %irq   %soft  %steal  %guest  %gnice   %idle
12:45:46 PM    0   53.47    0.00   17.82    0.00    0.00    5.94    0.00    0.00    0.00   22.77

12:45:46 PM  CPU    %usr   %nice    %sys %iowait    %irq   %soft  %steal  %guest  %gnice   %idle
12:45:47 PM    0   48.96    0.00   23.96    0.00    0.00    4.17    0.00    0.00    0.00   22.92

12:45:47 PM  CPU    %usr   %nice    %sys %iowait    %irq   %soft  %steal  %guest  %gnice   %idle
12:45:48 PM    0   51.02    0.00   22.45    0.00    0.00    4.08    0.00    0.00    0.00   22.45

12:45:48 PM  CPU    %usr   %nice    %sys %iowait    %irq   %soft  %steal  %guest  %gnice   %idle
12:45:49 PM    0   52.53    0.00   21.21    0.00    0.00    4.04    0.00    0.00    0.00   22.22

12:45:49 PM  CPU    %usr   %nice    %sys %iowait    %irq   %soft  %steal  %guest  %gnice   %idle
12:45:50 PM    0   52.58    0.00   19.59    0.00    0.00    5.15    0.00    0.00    0.00   22.68

12:45:50 PM  CPU    %usr   %nice    %sys %iowait    %irq   %soft  %steal  %guest  %gnice   %idle
12:45:51 PM    0   51.02    0.00   21.43    0.00    0.00    6.12    0.00    0.00    0.00   21.43

12:45:51 PM  CPU    %usr   %nice    %sys %iowait    %irq   %soft  %steal  %guest  %gnice   %idle
12:45:52 PM    0   54.17    0.00   19.79    0.00    0.00    3.12    0.00    0.00    0.00   22.92

12:45:52 PM  CPU    %usr   %nice    %sys %iowait    %irq   %soft  %steal  %guest  %gnice   %idle
12:45:53 PM    0   50.49    0.00   23.30    0.00    0.00    4.85    0.00    0.00    0.00   21.36

12:45:53 PM  CPU    %usr   %nice    %sys %iowait    %irq   %soft  %steal  %guest  %gnice   %idle
12:45:54 PM    0   47.47    0.00   23.23    0.00    0.00    6.06    0.00    0.00    0.00   23.23

12:45:54 PM  CPU    %usr   %nice    %sys %iowait    %irq   %soft  %steal  %guest  %gnice   %idle
12:45:55 PM    0   56.12    0.00   19.39    0.00    0.00    2.04    0.00    0.00    0.00   22.45

Average:     CPU    %usr   %nice    %sys %iowait    %irq   %soft  %steal  %guest  %gnice   %idle
Average:       0   52.11    0.00   20.67    0.00    0.00    5.12    0.00    0.00    0.00   22.10
