Linux 5.3.0-61-generic (cw-zenbook) 	07/16/2020 	_x86_64_	(8 CPU)

12:15:08 PM  CPU    %usr   %nice    %sys %iowait    %irq   %soft  %steal  %guest  %gnice   %idle
12:15:09 PM    0   39.80    0.00   15.31    0.00    0.00    3.06    0.00    0.00    0.00   41.84

12:15:09 PM  CPU    %usr   %nice    %sys %iowait    %irq   %soft  %steal  %guest  %gnice   %idle
12:15:10 PM    0   38.54    0.00   14.58    0.00    0.00    4.17    0.00    0.00    0.00   42.71

12:15:10 PM  CPU    %usr   %nice    %sys %iowait    %irq   %soft  %steal  %guest  %gnice   %idle
12:15:11 PM    0   38.00    0.00   17.00    0.00    0.00    5.00    0.00    0.00    0.00   40.00

12:15:11 PM  CPU    %usr   %nice    %sys %iowait    %irq   %soft  %steal  %guest  %gnice   %idle
12:15:12 PM    0   37.76    0.00   13.27    0.00    0.00    6.12    0.00    0.00    0.00   42.86

12:15:12 PM  CPU    %usr   %nice    %sys %iowait    %irq   %soft  %steal  %guest  %gnice   %idle
12:15:13 PM    0   40.21    0.00   15.46    0.00    0.00    2.06    0.00    0.00    0.00   42.27

12:15:13 PM  CPU    %usr   %nice    %sys %iowait    %irq   %soft  %steal  %guest  %gnice   %idle
12:15:14 PM    0   40.00    0.00   14.00    0.00    0.00    4.00    0.00    0.00    0.00   42.00

12:15:14 PM  CPU    %usr   %nice    %sys %iowait    %irq   %soft  %steal  %guest  %gnice   %idle
12:15:15 PM    0   41.00    0.00   13.00    0.00    0.00    4.00    0.00    0.00    0.00   42.00

12:15:15 PM  CPU    %usr   %nice    %sys %iowait    %irq   %soft  %steal  %guest  %gnice   %idle
12:15:16 PM    0   38.38    0.00   16.16    0.00    0.00    4.04    0.00    0.00    0.00   41.41

12:15:16 PM  CPU    %usr   %nice    %sys %iowait    %irq   %soft  %steal  %guest  %gnice   %idle
12:15:17 PM    0   35.71    0.00   18.37    0.00    0.00    4.08    0.00    0.00    0.00   41.84

12:15:17 PM  CPU    %usr   %nice    %sys %iowait    %irq   %soft  %steal  %guest  %gnice   %idle
12:15:18 PM    0   39.00    0.00   15.00    0.00    0.00    4.00    0.00    0.00    0.00   42.00

12:15:18 PM  CPU    %usr   %nice    %sys %iowait    %irq   %soft  %steal  %guest  %gnice   %idle
12:15:19 PM    0   43.14    0.00   12.75    0.00    0.00    3.92    0.00    0.00    0.00   40.20

12:15:19 PM  CPU    %usr   %nice    %sys %iowait    %irq   %soft  %steal  %guest  %gnice   %idle
12:15:20 PM    0   42.27    0.00   12.37    0.00    0.00    2.06    0.00    0.00    0.00   43.30

12:15:20 PM  CPU    %usr   %nice    %sys %iowait    %irq   %soft  %steal  %guest  %gnice   %idle
12:15:21 PM    0   38.78    0.00   14.29    0.00    0.00    5.10    0.00    0.00    0.00   41.84

12:15:21 PM  CPU    %usr   %nice    %sys %iowait    %irq   %soft  %steal  %guest  %gnice   %idle
12:15:22 PM    0   37.11    0.00   14.43    0.00    0.00    7.22    0.00    0.00    0.00   41.24

12:15:22 PM  CPU    %usr   %nice    %sys %iowait    %irq   %soft  %steal  %guest  %gnice   %idle
12:15:23 PM    0   39.00    0.00   15.00    0.00    0.00    4.00    0.00    0.00    0.00   42.00

12:15:23 PM  CPU    %usr   %nice    %sys %iowait    %irq   %soft  %steal  %guest  %gnice   %idle
12:15:24 PM    0   38.78    0.00   17.35    0.00    0.00    3.06    0.00    0.00    0.00   40.82

12:15:24 PM  CPU    %usr   %nice    %sys %iowait    %irq   %soft  %steal  %guest  %gnice   %idle
12:15:25 PM    0   42.27    0.00   12.37    0.00    0.00    3.09    0.00    0.00    0.00   42.27

12:15:25 PM  CPU    %usr   %nice    %sys %iowait    %irq   %soft  %steal  %guest  %gnice   %idle
12:15:26 PM    0   37.37    0.00   15.15    0.00    0.00    6.06    0.00    0.00    0.00   41.41

12:15:26 PM  CPU    %usr   %nice    %sys %iowait    %irq   %soft  %steal  %guest  %gnice   %idle
12:15:27 PM    0   43.16    0.00   12.63    0.00    0.00    2.11    0.00    0.00    0.00   42.11

12:15:27 PM  CPU    %usr   %nice    %sys %iowait    %irq   %soft  %steal  %guest  %gnice   %idle
12:15:28 PM    0   38.38    0.00   14.14    0.00    0.00    6.06    0.00    0.00    0.00   41.41

12:15:28 PM  CPU    %usr   %nice    %sys %iowait    %irq   %soft  %steal  %guest  %gnice   %idle
12:15:29 PM    0   39.39    0.00   15.15    0.00    0.00    4.04    0.00    0.00    0.00   41.41

12:15:29 PM  CPU    %usr   %nice    %sys %iowait    %irq   %soft  %steal  %guest  %gnice   %idle
12:15:30 PM    0   38.14    0.00   16.49    0.00    0.00    4.12    0.00    0.00    0.00   41.24

12:15:30 PM  CPU    %usr   %nice    %sys %iowait    %irq   %soft  %steal  %guest  %gnice   %idle
12:15:31 PM    0   37.11    0.00   18.56    0.00    0.00    3.09    0.00    0.00    0.00   41.24

12:15:31 PM  CPU    %usr   %nice    %sys %iowait    %irq   %soft  %steal  %guest  %gnice   %idle
12:15:32 PM    0   39.39    0.00   16.16    0.00    0.00    3.03    0.00    0.00    0.00   41.41

12:15:32 PM  CPU    %usr   %nice    %sys %iowait    %irq   %soft  %steal  %guest  %gnice   %idle
12:15:33 PM    0   41.00    0.00   15.00    0.00    0.00    4.00    0.00    0.00    0.00   40.00

12:15:33 PM  CPU    %usr   %nice    %sys %iowait    %irq   %soft  %steal  %guest  %gnice   %idle
12:15:34 PM    0   38.24    0.00   17.65    0.00    0.00    3.92    0.00    0.00    0.00   40.20

12:15:34 PM  CPU    %usr   %nice    %sys %iowait    %irq   %soft  %steal  %guest  %gnice   %idle
12:15:35 PM    0   40.21    0.00   11.34    0.00    0.00    6.19    0.00    0.00    0.00   42.27

12:15:35 PM  CPU    %usr   %nice    %sys %iowait    %irq   %soft  %steal  %guest  %gnice   %idle
12:15:36 PM    0   42.71    0.00   12.50    0.00    0.00    2.08    0.00    0.00    0.00   42.71

12:15:36 PM  CPU    %usr   %nice    %sys %iowait    %irq   %soft  %steal  %guest  %gnice   %idle
12:15:37 PM    0   41.58    0.00   13.86    0.00    0.00    3.96    0.00    0.00    0.00   40.59

12:15:37 PM  CPU    %usr   %nice    %sys %iowait    %irq   %soft  %steal  %guest  %gnice   %idle
12:15:38 PM    0   40.00    0.00   14.00    0.00    0.00    4.00    0.00    0.00    0.00   42.00

12:15:38 PM  CPU    %usr   %nice    %sys %iowait    %irq   %soft  %steal  %guest  %gnice   %idle
12:15:39 PM    0   39.18    0.00   14.43    0.00    0.00    4.12    0.00    0.00    0.00   42.27

12:15:39 PM  CPU    %usr   %nice    %sys %iowait    %irq   %soft  %steal  %guest  %gnice   %idle
12:15:40 PM    0   39.60    0.00   13.86    0.00    0.00    5.94    0.00    0.00    0.00   40.59

12:15:40 PM  CPU    %usr   %nice    %sys %iowait    %irq   %soft  %steal  %guest  %gnice   %idle
12:15:41 PM    0   38.54    0.00   14.58    0.00    0.00    4.17    0.00    0.00    0.00   42.71

12:15:41 PM  CPU    %usr   %nice    %sys %iowait    %irq   %soft  %steal  %guest  %gnice   %idle
12:15:42 PM    0   37.76    0.00   15.31    0.00    0.00    4.08    0.00    0.00    0.00   42.86

12:15:42 PM  CPU    %usr   %nice    %sys %iowait    %irq   %soft  %steal  %guest  %gnice   %idle
12:15:43 PM    0   39.00    0.00   18.00    0.00    0.00    2.00    0.00    0.00    0.00   41.00

12:15:43 PM  CPU    %usr   %nice    %sys %iowait    %irq   %soft  %steal  %guest  %gnice   %idle
12:15:44 PM    0   38.61    0.00   17.82    0.00    0.00    3.96    0.00    0.00    0.00   39.60

12:15:44 PM  CPU    %usr   %nice    %sys %iowait    %irq   %soft  %steal  %guest  %gnice   %idle
12:15:45 PM    0   40.40    0.00   15.15    0.00    0.00    4.04    0.00    0.00    0.00   40.40

12:15:45 PM  CPU    %usr   %nice    %sys %iowait    %irq   %soft  %steal  %guest  %gnice   %idle
12:15:46 PM    0   42.16    0.00   15.69    0.00    0.00    1.96    0.00    0.00    0.00   40.20

12:15:46 PM  CPU    %usr   %nice    %sys %iowait    %irq   %soft  %steal  %guest  %gnice   %idle
12:15:47 PM    0   37.37    0.00   16.16    0.00    0.00    5.05    0.00    0.00    0.00   41.41

12:15:47 PM  CPU    %usr   %nice    %sys %iowait    %irq   %soft  %steal  %guest  %gnice   %idle
12:15:48 PM    0   36.73    0.00   16.33    0.00    0.00    4.08    0.00    0.00    0.00   42.86

12:15:48 PM  CPU    %usr   %nice    %sys %iowait    %irq   %soft  %steal  %guest  %gnice   %idle
12:15:49 PM    0   36.84    0.00   16.84    0.00    0.00    3.16    0.00    0.00    0.00   43.16

12:15:49 PM  CPU    %usr   %nice    %sys %iowait    %irq   %soft  %steal  %guest  %gnice   %idle
12:15:50 PM    0   38.00    0.00   17.00    0.00    0.00    4.00    0.00    0.00    0.00   41.00

12:15:50 PM  CPU    %usr   %nice    %sys %iowait    %irq   %soft  %steal  %guest  %gnice   %idle
12:15:51 PM    0   40.00    0.00   13.00    0.00    0.00    5.00    0.00    0.00    0.00   42.00

12:15:51 PM  CPU    %usr   %nice    %sys %iowait    %irq   %soft  %steal  %guest  %gnice   %idle
12:15:52 PM    0   41.18    0.00   13.73    0.00    0.00    4.90    0.00    0.00    0.00   40.20

12:15:52 PM  CPU    %usr   %nice    %sys %iowait    %irq   %soft  %steal  %guest  %gnice   %idle
12:15:53 PM    0   40.00    0.00   12.63    0.00    0.00    4.21    0.00    0.00    0.00   43.16

12:15:53 PM  CPU    %usr   %nice    %sys %iowait    %irq   %soft  %steal  %guest  %gnice   %idle
12:15:54 PM    0   39.39    0.00   15.15    0.00    0.00    3.03    0.00    0.00    0.00   42.42

12:15:54 PM  CPU    %usr   %nice    %sys %iowait    %irq   %soft  %steal  %guest  %gnice   %idle
12:15:55 PM    0   36.36    0.00   17.17    0.00    0.00    5.05    0.00    0.00    0.00   41.41

12:15:55 PM  CPU    %usr   %nice    %sys %iowait    %irq   %soft  %steal  %guest  %gnice   %idle
12:15:56 PM    0   39.80    0.00   14.29    0.00    0.00    4.08    0.00    0.00    0.00   41.84

12:15:56 PM  CPU    %usr   %nice    %sys %iowait    %irq   %soft  %steal  %guest  %gnice   %idle
12:15:57 PM    0   36.36    0.00   16.16    0.00    0.00    5.05    0.00    0.00    0.00   42.42

12:15:57 PM  CPU    %usr   %nice    %sys %iowait    %irq   %soft  %steal  %guest  %gnice   %idle
12:15:58 PM    0   37.76    0.00   14.29    0.00    0.00    6.12    0.00    0.00    0.00   41.84

12:15:58 PM  CPU    %usr   %nice    %sys %iowait    %irq   %soft  %steal  %guest  %gnice   %idle
12:15:59 PM    0   35.42    0.00   15.62    0.00    0.00    6.25    0.00    0.00    0.00   42.71

12:15:59 PM  CPU    %usr   %nice    %sys %iowait    %irq   %soft  %steal  %guest  %gnice   %idle
12:16:00 PM    0   38.00    0.00   16.00    0.00    0.00    4.00    0.00    0.00    0.00   42.00

12:16:00 PM  CPU    %usr   %nice    %sys %iowait    %irq   %soft  %steal  %guest  %gnice   %idle
12:16:01 PM    0   40.78    0.00   15.53    0.00    0.00    2.91    0.00    0.00    0.00   40.78

12:16:01 PM  CPU    %usr   %nice    %sys %iowait    %irq   %soft  %steal  %guest  %gnice   %idle
12:16:02 PM    0   40.59    0.00   15.84    0.00    0.00    3.96    0.00    0.00    0.00   39.60

12:16:02 PM  CPU    %usr   %nice    %sys %iowait    %irq   %soft  %steal  %guest  %gnice   %idle
12:16:03 PM    0   34.31    0.00   20.59    0.00    0.00    4.90    0.00    0.00    0.00   40.20

12:16:03 PM  CPU    %usr   %nice    %sys %iowait    %irq   %soft  %steal  %guest  %gnice   %idle
12:16:04 PM    0   40.21    0.00   13.40    0.00    0.00    4.12    0.00    0.00    0.00   42.27

12:16:04 PM  CPU    %usr   %nice    %sys %iowait    %irq   %soft  %steal  %guest  %gnice   %idle
12:16:05 PM    0   39.00    0.00   17.00    0.00    0.00    5.00    0.00    0.00    0.00   39.00

12:16:05 PM  CPU    %usr   %nice    %sys %iowait    %irq   %soft  %steal  %guest  %gnice   %idle
12:16:06 PM    0   41.00    0.00   15.00    0.00    0.00    3.00    0.00    0.00    0.00   41.00

12:16:06 PM  CPU    %usr   %nice    %sys %iowait    %irq   %soft  %steal  %guest  %gnice   %idle
12:16:07 PM    0   37.37    0.00   18.18    0.00    0.00    3.03    0.00    0.00    0.00   41.41

12:16:07 PM  CPU    %usr   %nice    %sys %iowait    %irq   %soft  %steal  %guest  %gnice   %idle
12:16:08 PM    0   36.84    0.00   15.79    0.00    0.00    5.26    0.00    0.00    0.00   42.11

12:16:08 PM  CPU    %usr   %nice    %sys %iowait    %irq   %soft  %steal  %guest  %gnice   %idle
12:16:09 PM    0   35.71    0.00   19.39    0.00    0.00    3.06    0.00    0.00    0.00   41.84

12:16:09 PM  CPU    %usr   %nice    %sys %iowait    %irq   %soft  %steal  %guest  %gnice   %idle
12:16:10 PM    0   40.00    0.00   14.00    0.00    0.00    5.00    0.00    0.00    0.00   41.00

12:16:10 PM  CPU    %usr   %nice    %sys %iowait    %irq   %soft  %steal  %guest  %gnice   %idle
12:16:11 PM    0   42.27    0.00   13.40    0.00    0.00    3.09    0.00    0.00    0.00   41.24

12:16:11 PM  CPU    %usr   %nice    %sys %iowait    %irq   %soft  %steal  %guest  %gnice   %idle
12:16:12 PM    0   38.61    0.00   15.84    0.00    0.00    4.95    0.00    0.00    0.00   40.59

12:16:12 PM  CPU    %usr   %nice    %sys %iowait    %irq   %soft  %steal  %guest  %gnice   %idle
12:16:13 PM    0   40.62    0.00   14.58    0.00    0.00    3.12    0.00    0.00    0.00   41.67

12:16:13 PM  CPU    %usr   %nice    %sys %iowait    %irq   %soft  %steal  %guest  %gnice   %idle
12:16:14 PM    0   39.39    0.00   15.15    0.00    0.00    4.04    0.00    0.00    0.00   41.41

12:16:14 PM  CPU    %usr   %nice    %sys %iowait    %irq   %soft  %steal  %guest  %gnice   %idle
12:16:15 PM    0   39.39    0.00   17.17    0.00    0.00    2.02    0.00    0.00    0.00   41.41

12:16:15 PM  CPU    %usr   %nice    %sys %iowait    %irq   %soft  %steal  %guest  %gnice   %idle
12:16:16 PM    0   43.30    0.00   11.34    0.00    0.00    3.09    0.00    0.00    0.00   42.27

12:16:16 PM  CPU    %usr   %nice    %sys %iowait    %irq   %soft  %steal  %guest  %gnice   %idle
12:16:17 PM    0   42.16    0.00   12.75    0.00    0.00    4.90    0.00    0.00    0.00   40.20

12:16:17 PM  CPU    %usr   %nice    %sys %iowait    %irq   %soft  %steal  %guest  %gnice   %idle
12:16:18 PM    0   39.00    0.00   16.00    0.00    0.00    4.00    0.00    0.00    0.00   41.00

12:16:18 PM  CPU    %usr   %nice    %sys %iowait    %irq   %soft  %steal  %guest  %gnice   %idle
12:16:19 PM    0   35.29    0.00   18.63    0.00    0.00    5.88    0.00    0.00    0.00   40.20

12:16:19 PM  CPU    %usr   %nice    %sys %iowait    %irq   %soft  %steal  %guest  %gnice   %idle
12:16:20 PM    0   38.24    0.00   18.63    0.00    0.00    2.94    0.00    0.00    0.00   40.20

12:16:20 PM  CPU    %usr   %nice    %sys %iowait    %irq   %soft  %steal  %guest  %gnice   %idle
12:16:21 PM    0   40.21    0.00   14.43    0.00    0.00    3.09    0.00    0.00    0.00   42.27

12:16:21 PM  CPU    %usr   %nice    %sys %iowait    %irq   %soft  %steal  %guest  %gnice   %idle
12:16:22 PM    0   39.39    0.00   15.15    0.00    0.00    4.04    0.00    0.00    0.00   41.41

12:16:22 PM  CPU    %usr   %nice    %sys %iowait    %irq   %soft  %steal  %guest  %gnice   %idle
12:16:23 PM    0   40.21    0.00   13.40    0.00    0.00    4.12    0.00    0.00    0.00   42.27

12:16:23 PM  CPU    %usr   %nice    %sys %iowait    %irq   %soft  %steal  %guest  %gnice   %idle
12:16:24 PM    0   40.82    0.00   12.24    0.00    0.00    4.08    0.00    0.00    0.00   42.86

12:16:24 PM  CPU    %usr   %nice    %sys %iowait    %irq   %soft  %steal  %guest  %gnice   %idle
12:16:25 PM    0   37.37    0.00   19.19    0.00    0.00    2.02    0.00    0.00    0.00   41.41

12:16:25 PM  CPU    %usr   %nice    %sys %iowait    %irq   %soft  %steal  %guest  %gnice   %idle
12:16:26 PM    0   36.63    0.00   16.83    0.00    0.00    4.95    0.00    0.00    0.00   41.58

12:16:26 PM  CPU    %usr   %nice    %sys %iowait    %irq   %soft  %steal  %guest  %gnice   %idle
12:16:27 PM    0   35.35    0.00   18.18    0.00    0.00    5.05    0.00    0.00    0.00   41.41

12:16:27 PM  CPU    %usr   %nice    %sys %iowait    %irq   %soft  %steal  %guest  %gnice   %idle
12:16:28 PM    0   42.16    0.00   13.73    0.00    0.00    3.92    0.00    0.00    0.00   40.20

12:16:28 PM  CPU    %usr   %nice    %sys %iowait    %irq   %soft  %steal  %guest  %gnice   %idle
12:16:29 PM    0   37.89    0.00   14.74    0.00    0.00    4.21    0.00    0.00    0.00   43.16

12:16:29 PM  CPU    %usr   %nice    %sys %iowait    %irq   %soft  %steal  %guest  %gnice   %idle
12:16:30 PM    0   35.71    0.00   17.35    0.00    0.00    5.10    0.00    0.00    0.00   41.84

12:16:30 PM  CPU    %usr   %nice    %sys %iowait    %irq   %soft  %steal  %guest  %gnice   %idle
12:16:31 PM    0   40.40    0.00   15.15    0.00    0.00    2.02    0.00    0.00    0.00   42.42

12:16:31 PM  CPU    %usr   %nice    %sys %iowait    %irq   %soft  %steal  %guest  %gnice   %idle
12:16:32 PM    0   36.00    0.00   18.00    0.00    0.00    5.00    0.00    0.00    0.00   41.00

12:16:32 PM  CPU    %usr   %nice    %sys %iowait    %irq   %soft  %steal  %guest  %gnice   %idle
12:16:33 PM    0   42.00    0.00   14.00    0.00    0.00    4.00    0.00    0.00    0.00   40.00

12:16:33 PM  CPU    %usr   %nice    %sys %iowait    %irq   %soft  %steal  %guest  %gnice   %idle
12:16:34 PM    0   41.05    0.00   12.63    0.00    0.00    3.16    0.00    0.00    0.00   43.16

12:16:34 PM  CPU    %usr   %nice    %sys %iowait    %irq   %soft  %steal  %guest  %gnice   %idle
12:16:35 PM    0   39.18    0.00   14.43    0.00    0.00    4.12    0.00    0.00    0.00   42.27

12:16:35 PM  CPU    %usr   %nice    %sys %iowait    %irq   %soft  %steal  %guest  %gnice   %idle
12:16:36 PM    0   38.38    0.00   19.19    0.00    0.00    2.02    0.00    0.00    0.00   40.40

12:16:36 PM  CPU    %usr   %nice    %sys %iowait    %irq   %soft  %steal  %guest  %gnice   %idle
12:16:37 PM    0   35.42    0.00   17.71    0.00    0.00    5.21    0.00    0.00    0.00   41.67

12:16:37 PM  CPU    %usr   %nice    %sys %iowait    %irq   %soft  %steal  %guest  %gnice   %idle
12:16:38 PM    0   42.42    0.00   14.14    0.00    0.00    3.03    0.00    0.00    0.00   40.40

12:16:38 PM  CPU    %usr   %nice    %sys %iowait    %irq   %soft  %steal  %guest  %gnice   %idle
12:16:39 PM    0   39.39    0.00   14.14    0.00    0.00    6.06    0.00    0.00    0.00   40.40

12:16:39 PM  CPU    %usr   %nice    %sys %iowait    %irq   %soft  %steal  %guest  %gnice   %idle
12:16:40 PM    0   38.78    0.00   18.37    0.00    0.00    3.06    0.00    0.00    0.00   39.80

12:16:40 PM  CPU    %usr   %nice    %sys %iowait    %irq   %soft  %steal  %guest  %gnice   %idle
12:16:41 PM    0   39.60    0.00   16.83    0.00    0.00    3.96    0.00    0.00    0.00   39.60

12:16:41 PM  CPU    %usr   %nice    %sys %iowait    %irq   %soft  %steal  %guest  %gnice   %idle
12:16:42 PM    0   40.59    0.00   15.84    0.00    0.00    2.97    0.00    0.00    0.00   40.59

12:16:42 PM  CPU    %usr   %nice    %sys %iowait    %irq   %soft  %steal  %guest  %gnice   %idle
12:16:43 PM    0   40.82    0.00   13.27    0.00    0.00    5.10    0.00    0.00    0.00   40.82

12:16:43 PM  CPU    %usr   %nice    %sys %iowait    %irq   %soft  %steal  %guest  %gnice   %idle
12:16:44 PM    0   43.16    0.00   11.58    0.00    0.00    4.21    0.00    0.00    0.00   41.05

12:16:44 PM  CPU    %usr   %nice    %sys %iowait    %irq   %soft  %steal  %guest  %gnice   %idle
12:16:45 PM    0   37.76    0.00   16.33    0.00    0.00    4.08    0.00    0.00    0.00   41.84

12:16:45 PM  CPU    %usr   %nice    %sys %iowait    %irq   %soft  %steal  %guest  %gnice   %idle
12:16:46 PM    0   46.00    0.00   11.00    0.00    0.00    3.00    0.00    0.00    0.00   40.00

12:16:46 PM  CPU    %usr   %nice    %sys %iowait    %irq   %soft  %steal  %guest  %gnice   %idle
12:16:47 PM    0   41.67    0.00   13.54    0.00    0.00    3.12    0.00    0.00    0.00   41.67

12:16:47 PM  CPU    %usr   %nice    %sys %iowait    %irq   %soft  %steal  %guest  %gnice   %idle
12:16:48 PM    0   39.39    0.00   16.16    0.00    0.00    4.04    0.00    0.00    0.00   40.40

12:16:48 PM  CPU    %usr   %nice    %sys %iowait    %irq   %soft  %steal  %guest  %gnice   %idle
12:16:49 PM    0   41.84    0.00   14.29    0.00    0.00    3.06    0.00    0.00    0.00   40.82

12:16:49 PM  CPU    %usr   %nice    %sys %iowait    %irq   %soft  %steal  %guest  %gnice   %idle
12:16:50 PM    0   40.40    0.00   16.16    0.00    0.00    3.03    0.00    0.00    0.00   40.40

12:16:50 PM  CPU    %usr   %nice    %sys %iowait    %irq   %soft  %steal  %guest  %gnice   %idle
12:16:51 PM    0   40.00    0.00   16.00    0.00    0.00    4.00    0.00    0.00    0.00   40.00

12:16:51 PM  CPU    %usr   %nice    %sys %iowait    %irq   %soft  %steal  %guest  %gnice   %idle
12:16:52 PM    0   42.86    0.00   10.20    0.00    0.00    6.12    0.00    0.00    0.00   40.82

12:16:52 PM  CPU    %usr   %nice    %sys %iowait    %irq   %soft  %steal  %guest  %gnice   %idle
12:16:53 PM    0   40.62    0.00   13.54    0.00    0.00    5.21    0.00    0.00    0.00   40.62

12:16:53 PM  CPU    %usr   %nice    %sys %iowait    %irq   %soft  %steal  %guest  %gnice   %idle
12:16:54 PM    0   37.37    0.00   18.18    0.00    0.00    5.05    0.00    0.00    0.00   39.39

12:16:54 PM  CPU    %usr   %nice    %sys %iowait    %irq   %soft  %steal  %guest  %gnice   %idle
12:16:55 PM    0   38.00    0.00   18.00    0.00    0.00    4.00    0.00    0.00    0.00   40.00

12:16:55 PM  CPU    %usr   %nice    %sys %iowait    %irq   %soft  %steal  %guest  %gnice   %idle
12:16:56 PM    0   40.00    0.00   14.00    0.00    0.00    6.00    0.00    0.00    0.00   40.00

12:16:56 PM  CPU    %usr   %nice    %sys %iowait    %irq   %soft  %steal  %guest  %gnice   %idle
12:16:57 PM    0   37.50    0.00   16.67    0.00    0.00    4.17    0.00    0.00    0.00   41.67

12:16:57 PM  CPU    %usr   %nice    %sys %iowait    %irq   %soft  %steal  %guest  %gnice   %idle
12:16:58 PM    0   42.00    0.00   15.00    0.00    0.00    4.00    0.00    0.00    0.00   39.00

12:16:58 PM  CPU    %usr   %nice    %sys %iowait    %irq   %soft  %steal  %guest  %gnice   %idle
12:16:59 PM    0   39.58    0.00   14.58    0.00    0.00    4.17    0.00    0.00    0.00   41.67

12:16:59 PM  CPU    %usr   %nice    %sys %iowait    %irq   %soft  %steal  %guest  %gnice   %idle
12:17:00 PM    0   36.00    0.00   20.00    0.00    0.00    4.00    0.00    0.00    0.00   40.00

12:17:00 PM  CPU    %usr   %nice    %sys %iowait    %irq   %soft  %steal  %guest  %gnice   %idle
12:17:01 PM    0   36.00    0.00   17.00    0.00    0.00    7.00    0.00    0.00    0.00   40.00

12:17:01 PM  CPU    %usr   %nice    %sys %iowait    %irq   %soft  %steal  %guest  %gnice   %idle
12:17:02 PM    0   37.89    0.00   16.84    0.00    0.00    4.21    0.00    0.00    0.00   41.05

12:17:02 PM  CPU    %usr   %nice    %sys %iowait    %irq   %soft  %steal  %guest  %gnice   %idle
12:17:03 PM    0   39.60    0.00   13.86    0.00    0.00    6.93    0.00    0.00    0.00   39.60

12:17:03 PM  CPU    %usr   %nice    %sys %iowait    %irq   %soft  %steal  %guest  %gnice   %idle
12:17:04 PM    0   38.78    0.00   18.37    0.00    0.00    2.04    0.00    0.00    0.00   40.82

12:17:04 PM  CPU    %usr   %nice    %sys %iowait    %irq   %soft  %steal  %guest  %gnice   %idle
12:17:05 PM    0   43.43    0.00   10.10    0.00    0.00    6.06    0.00    0.00    0.00   40.40

12:17:05 PM  CPU    %usr   %nice    %sys %iowait    %irq   %soft  %steal  %guest  %gnice   %idle
12:17:06 PM    0   38.38    0.00   17.17    0.00    0.00    4.04    0.00    0.00    0.00   40.40

12:17:06 PM  CPU    %usr   %nice    %sys %iowait    %irq   %soft  %steal  %guest  %gnice   %idle
12:17:07 PM    0   38.00    0.00   17.00    0.00    0.00    5.00    0.00    0.00    0.00   40.00

12:17:07 PM  CPU    %usr   %nice    %sys %iowait    %irq   %soft  %steal  %guest  %gnice   %idle
12:17:08 PM    0   38.14    0.00   15.46    0.00    0.00    4.12    0.00    0.00    0.00   42.27

Average:     CPU    %usr   %nice    %sys %iowait    %irq   %soft  %steal  %guest  %gnice   %idle
Average:       0   39.28    0.00   15.35    0.00    0.00    4.13    0.00    0.00    0.00   41.24
