Linux 5.3.0-61-generic (cw-zenbook) 	07/16/2020 	_x86_64_	(8 CPU)

01:31:03 PM  CPU    %usr   %nice    %sys %iowait    %irq   %soft  %steal  %guest  %gnice   %idle
01:31:04 PM    0   10.89    0.00    6.93    0.00    0.00    1.98    0.00    0.00    0.00   80.20

01:31:04 PM  CPU    %usr   %nice    %sys %iowait    %irq   %soft  %steal  %guest  %gnice   %idle
01:31:05 PM    0   11.46    0.00    4.17    0.00    0.00    2.08    0.00    0.00    0.00   82.29

01:31:05 PM  CPU    %usr   %nice    %sys %iowait    %irq   %soft  %steal  %guest  %gnice   %idle
01:31:06 PM    0   11.76    0.00    7.84    0.00    0.00    1.96    0.00    0.00    0.00   78.43

01:31:06 PM  CPU    %usr   %nice    %sys %iowait    %irq   %soft  %steal  %guest  %gnice   %idle
01:31:07 PM    0   12.12    0.00    6.06    0.00    0.00    1.01    0.00    0.00    0.00   80.81

01:31:07 PM  CPU    %usr   %nice    %sys %iowait    %irq   %soft  %steal  %guest  %gnice   %idle
01:31:08 PM    0   12.75    0.00    5.88    0.00    0.00    2.94    0.00    0.00    0.00   78.43

01:31:08 PM  CPU    %usr   %nice    %sys %iowait    %irq   %soft  %steal  %guest  %gnice   %idle
01:31:09 PM    0   10.31    0.00    6.19    0.00    0.00    1.03    0.00    0.00    0.00   82.47

01:31:09 PM  CPU    %usr   %nice    %sys %iowait    %irq   %soft  %steal  %guest  %gnice   %idle
01:31:10 PM    0   12.00    0.00    6.00    0.00    0.00    2.00    0.00    0.00    0.00   80.00

01:31:10 PM  CPU    %usr   %nice    %sys %iowait    %irq   %soft  %steal  %guest  %gnice   %idle
01:31:11 PM    0    9.18    0.00    6.12    0.00    0.00    3.06    0.00    0.00    0.00   81.63

01:31:11 PM  CPU    %usr   %nice    %sys %iowait    %irq   %soft  %steal  %guest  %gnice   %idle
01:31:12 PM    0   13.27    0.00    3.06    0.00    0.00    2.04    0.00    0.00    0.00   81.63

01:31:12 PM  CPU    %usr   %nice    %sys %iowait    %irq   %soft  %steal  %guest  %gnice   %idle
01:31:13 PM    0   12.12    0.00    5.05    0.00    0.00    2.02    0.00    0.00    0.00   80.81

01:31:13 PM  CPU    %usr   %nice    %sys %iowait    %irq   %soft  %steal  %guest  %gnice   %idle
01:31:14 PM    0   10.00    0.00    6.00    0.00    0.00    3.00    0.00    0.00    0.00   81.00

01:31:14 PM  CPU    %usr   %nice    %sys %iowait    %irq   %soft  %steal  %guest  %gnice   %idle
01:31:15 PM    0   13.00    0.00    3.00    0.00    0.00    4.00    0.00    0.00    0.00   80.00

01:31:15 PM  CPU    %usr   %nice    %sys %iowait    %irq   %soft  %steal  %guest  %gnice   %idle
01:31:16 PM    0   11.34    0.00    5.15    0.00    0.00    1.03    0.00    0.00    0.00   82.47

01:31:16 PM  CPU    %usr   %nice    %sys %iowait    %irq   %soft  %steal  %guest  %gnice   %idle
01:31:17 PM    0    8.16    0.00    6.12    0.00    0.00    4.08    0.00    0.00    0.00   81.63

01:31:17 PM  CPU    %usr   %nice    %sys %iowait    %irq   %soft  %steal  %guest  %gnice   %idle
01:31:18 PM    0   10.89    0.00    7.92    0.00    0.00    1.98    0.00    0.00    0.00   79.21

01:31:18 PM  CPU    %usr   %nice    %sys %iowait    %irq   %soft  %steal  %guest  %gnice   %idle
01:31:19 PM    0   11.11    0.00    5.05    0.00    0.00    3.03    0.00    0.00    0.00   80.81

01:31:19 PM  CPU    %usr   %nice    %sys %iowait    %irq   %soft  %steal  %guest  %gnice   %idle
01:31:20 PM    0   12.24    0.00    4.08    0.00    0.00    2.04    0.00    0.00    0.00   81.63

01:31:20 PM  CPU    %usr   %nice    %sys %iowait    %irq   %soft  %steal  %guest  %gnice   %idle
01:31:21 PM    0   11.11    0.00    6.06    0.00    0.00    2.02    0.00    0.00    0.00   80.81

01:31:21 PM  CPU    %usr   %nice    %sys %iowait    %irq   %soft  %steal  %guest  %gnice   %idle
01:31:22 PM    0    9.18    0.00    6.12    0.00    0.00    2.04    0.00    0.00    0.00   82.65

01:31:22 PM  CPU    %usr   %nice    %sys %iowait    %irq   %soft  %steal  %guest  %gnice   %idle
01:31:23 PM    0   13.86    0.00    3.96    0.00    0.00    1.98    0.00    0.00    0.00   80.20

01:31:23 PM  CPU    %usr   %nice    %sys %iowait    %irq   %soft  %steal  %guest  %gnice   %idle
01:31:24 PM    0   14.71    0.00    3.92    0.00    0.00    1.96    0.00    0.00    0.00   79.41

01:31:24 PM  CPU    %usr   %nice    %sys %iowait    %irq   %soft  %steal  %guest  %gnice   %idle
01:31:25 PM    0   14.14    0.00    2.02    0.00    0.00    2.02    0.00    0.00    0.00   81.82

01:31:25 PM  CPU    %usr   %nice    %sys %iowait    %irq   %soft  %steal  %guest  %gnice   %idle
01:31:26 PM    0   14.00    0.00    4.00    0.00    0.00    1.00    0.00    0.00    0.00   81.00

01:31:26 PM  CPU    %usr   %nice    %sys %iowait    %irq   %soft  %steal  %guest  %gnice   %idle
01:31:27 PM    0   11.22    0.00    4.08    0.00    0.00    2.04    0.00    0.00    0.00   82.65

01:31:27 PM  CPU    %usr   %nice    %sys %iowait    %irq   %soft  %steal  %guest  %gnice   %idle
01:31:28 PM    0   12.24    0.00    4.08    0.00    0.00    1.02    0.00    0.00    0.00   82.65

01:31:28 PM  CPU    %usr   %nice    %sys %iowait    %irq   %soft  %steal  %guest  %gnice   %idle
01:31:29 PM    0   11.00    0.00    5.00    0.00    0.00    3.00    0.00    0.00    0.00   81.00

01:31:29 PM  CPU    %usr   %nice    %sys %iowait    %irq   %soft  %steal  %guest  %gnice   %idle
01:31:30 PM    0   11.11    0.00    5.05    0.00    0.00    2.02    0.00    0.00    0.00   81.82

01:31:30 PM  CPU    %usr   %nice    %sys %iowait    %irq   %soft  %steal  %guest  %gnice   %idle
01:31:31 PM    0   12.12    0.00    5.05    0.00    0.00    1.01    0.00    0.00    0.00   81.82

01:31:31 PM  CPU    %usr   %nice    %sys %iowait    %irq   %soft  %steal  %guest  %gnice   %idle
01:31:32 PM    0   11.11    0.00    6.06    0.00    0.00    1.01    0.00    0.00    0.00   81.82

01:31:32 PM  CPU    %usr   %nice    %sys %iowait    %irq   %soft  %steal  %guest  %gnice   %idle
01:31:33 PM    0   11.34    0.00    3.09    0.00    0.00    2.06    0.00    0.00    0.00   83.51

01:31:33 PM  CPU    %usr   %nice    %sys %iowait    %irq   %soft  %steal  %guest  %gnice   %idle
01:31:34 PM    0   12.12    0.00    4.04    0.00    0.00    2.02    0.00    0.00    0.00   81.82

01:31:34 PM  CPU    %usr   %nice    %sys %iowait    %irq   %soft  %steal  %guest  %gnice   %idle
01:31:35 PM    0   10.10    0.00    7.07    0.00    0.00    1.01    0.00    0.00    0.00   81.82

01:31:35 PM  CPU    %usr   %nice    %sys %iowait    %irq   %soft  %steal  %guest  %gnice   %idle
01:31:36 PM    0    9.00    0.00    7.00    0.00    0.00    3.00    0.00    0.00    0.00   81.00

01:31:36 PM  CPU    %usr   %nice    %sys %iowait    %irq   %soft  %steal  %guest  %gnice   %idle
01:31:37 PM    0   11.22    0.00    4.08    0.00    0.00    2.04    0.00    0.00    0.00   82.65

01:31:37 PM  CPU    %usr   %nice    %sys %iowait    %irq   %soft  %steal  %guest  %gnice   %idle
01:31:38 PM    0   12.24    0.00    5.10    0.00    0.00    0.00    0.00    0.00    0.00   82.65

01:31:38 PM  CPU    %usr   %nice    %sys %iowait    %irq   %soft  %steal  %guest  %gnice   %idle
01:31:39 PM    0   13.73    0.00    3.92    0.00    0.00    2.94    0.00    0.00    0.00   79.41

01:31:39 PM  CPU    %usr   %nice    %sys %iowait    %irq   %soft  %steal  %guest  %gnice   %idle
01:31:40 PM    0   11.11    0.00    6.06    0.00    0.00    1.01    0.00    0.00    0.00   81.82

01:31:40 PM  CPU    %usr   %nice    %sys %iowait    %irq   %soft  %steal  %guest  %gnice   %idle
01:31:41 PM    0   11.76    0.00    6.86    0.00    0.00    1.96    0.00    0.00    0.00   79.41

01:31:41 PM  CPU    %usr   %nice    %sys %iowait    %irq   %soft  %steal  %guest  %gnice   %idle
01:31:42 PM    0   11.46    0.00    3.12    0.00    0.00    1.04    0.00    0.00    0.00   84.38

01:31:42 PM  CPU    %usr   %nice    %sys %iowait    %irq   %soft  %steal  %guest  %gnice   %idle
01:31:43 PM    0   13.73    0.00    4.90    0.00    0.00    1.96    0.00    0.00    0.00   79.41

01:31:43 PM  CPU    %usr   %nice    %sys %iowait    %irq   %soft  %steal  %guest  %gnice   %idle
01:31:44 PM    0   13.00    0.00    5.00    0.00    0.00    1.00    0.00    0.00    0.00   81.00

01:31:44 PM  CPU    %usr   %nice    %sys %iowait    %irq   %soft  %steal  %guest  %gnice   %idle
01:31:45 PM    0   13.00    0.00    4.00    0.00    0.00    2.00    0.00    0.00    0.00   81.00

01:31:45 PM  CPU    %usr   %nice    %sys %iowait    %irq   %soft  %steal  %guest  %gnice   %idle
01:31:46 PM    0   11.11    0.00    6.06    0.00    0.00    1.01    0.00    0.00    0.00   81.82

01:31:46 PM  CPU    %usr   %nice    %sys %iowait    %irq   %soft  %steal  %guest  %gnice   %idle
01:31:47 PM    0   13.13    0.00    4.04    0.00    0.00    1.01    0.00    0.00    0.00   81.82

01:31:47 PM  CPU    %usr   %nice    %sys %iowait    %irq   %soft  %steal  %guest  %gnice   %idle
01:31:48 PM    0   11.34    0.00    4.12    0.00    0.00    1.03    0.00    0.00    0.00   83.51

01:31:48 PM  CPU    %usr   %nice    %sys %iowait    %irq   %soft  %steal  %guest  %gnice   %idle
01:31:49 PM    0   10.10    0.00    5.05    0.00    0.00    3.03    0.00    0.00    0.00   81.82

01:31:49 PM  CPU    %usr   %nice    %sys %iowait    %irq   %soft  %steal  %guest  %gnice   %idle
01:31:50 PM    0   11.11    0.00    5.05    0.00    0.00    2.02    0.00    0.00    0.00   81.82

01:31:50 PM  CPU    %usr   %nice    %sys %iowait    %irq   %soft  %steal  %guest  %gnice   %idle
01:31:51 PM    0   11.88    0.00    5.94    0.00    0.00    1.98    0.00    0.00    0.00   80.20

01:31:51 PM  CPU    %usr   %nice    %sys %iowait    %irq   %soft  %steal  %guest  %gnice   %idle
01:31:52 PM    0   11.11    0.00    4.04    0.00    0.00    3.03    0.00    0.00    0.00   81.82

01:31:52 PM  CPU    %usr   %nice    %sys %iowait    %irq   %soft  %steal  %guest  %gnice   %idle
01:31:53 PM    0   13.86    0.00    4.95    0.00    0.00    0.99    0.00    0.00    0.00   80.20

01:31:53 PM  CPU    %usr   %nice    %sys %iowait    %irq   %soft  %steal  %guest  %gnice   %idle
01:31:54 PM    0   10.10    0.00    5.05    0.00    0.00    2.02    0.00    0.00    0.00   82.83

01:31:54 PM  CPU    %usr   %nice    %sys %iowait    %irq   %soft  %steal  %guest  %gnice   %idle
01:31:55 PM    0   13.13    0.00    3.03    0.00    0.00    2.02    0.00    0.00    0.00   81.82

01:31:55 PM  CPU    %usr   %nice    %sys %iowait    %irq   %soft  %steal  %guest  %gnice   %idle
01:31:56 PM    0    9.28    0.00    4.12    0.00    0.00    3.09    0.00    0.00    0.00   83.51

01:31:56 PM  CPU    %usr   %nice    %sys %iowait    %irq   %soft  %steal  %guest  %gnice   %idle
01:31:57 PM    0   13.13    0.00    4.04    0.00    0.00    1.01    0.00    0.00    0.00   81.82

01:31:57 PM  CPU    %usr   %nice    %sys %iowait    %irq   %soft  %steal  %guest  %gnice   %idle
01:31:58 PM    0   12.00    0.00    6.00    0.00    0.00    1.00    0.00    0.00    0.00   81.00

01:31:58 PM  CPU    %usr   %nice    %sys %iowait    %irq   %soft  %steal  %guest  %gnice   %idle
01:31:59 PM    0   13.00    0.00    5.00    0.00    0.00    1.00    0.00    0.00    0.00   81.00

01:31:59 PM  CPU    %usr   %nice    %sys %iowait    %irq   %soft  %steal  %guest  %gnice   %idle
01:32:00 PM    0   10.10    0.00    6.06    0.00    0.00    2.02    0.00    0.00    0.00   81.82

01:32:00 PM  CPU    %usr   %nice    %sys %iowait    %irq   %soft  %steal  %guest  %gnice   %idle
01:32:01 PM    0    8.08    0.00    8.08    0.00    0.00    2.02    0.00    0.00    0.00   81.82

01:32:01 PM  CPU    %usr   %nice    %sys %iowait    %irq   %soft  %steal  %guest  %gnice   %idle
01:32:02 PM    0   10.42    0.00    6.25    0.00    0.00    0.00    0.00    0.00    0.00   83.33

01:32:02 PM  CPU    %usr   %nice    %sys %iowait    %irq   %soft  %steal  %guest  %gnice   %idle
01:32:03 PM    0   13.73    0.00    3.92    0.00    0.00    2.94    0.00    0.00    0.00   79.41

01:32:03 PM  CPU    %usr   %nice    %sys %iowait    %irq   %soft  %steal  %guest  %gnice   %idle
01:32:04 PM    0   14.85    0.00    2.97    0.00    0.00    1.98    0.00    0.00    0.00   80.20

01:32:04 PM  CPU    %usr   %nice    %sys %iowait    %irq   %soft  %steal  %guest  %gnice   %idle
01:32:05 PM    0    9.38    0.00    4.17    0.00    0.00    2.08    0.00    0.00    0.00   84.38

01:32:05 PM  CPU    %usr   %nice    %sys %iowait    %irq   %soft  %steal  %guest  %gnice   %idle
01:32:06 PM    0   13.13    0.00    5.05    0.00    0.00    0.00    0.00    0.00    0.00   81.82

01:32:06 PM  CPU    %usr   %nice    %sys %iowait    %irq   %soft  %steal  %guest  %gnice   %idle
01:32:07 PM    0   12.87    0.00    3.96    0.00    0.00    2.97    0.00    0.00    0.00   80.20

01:32:07 PM  CPU    %usr   %nice    %sys %iowait    %irq   %soft  %steal  %guest  %gnice   %idle
01:32:08 PM    0   11.11    0.00    5.05    0.00    0.00    2.02    0.00    0.00    0.00   81.82

01:32:08 PM  CPU    %usr   %nice    %sys %iowait    %irq   %soft  %steal  %guest  %gnice   %idle
01:32:09 PM    0    9.00    0.00    6.00    0.00    0.00    4.00    0.00    0.00    0.00   81.00

01:32:09 PM  CPU    %usr   %nice    %sys %iowait    %irq   %soft  %steal  %guest  %gnice   %idle
01:32:10 PM    0    9.09    0.00    7.07    0.00    0.00    2.02    0.00    0.00    0.00   81.82

01:32:10 PM  CPU    %usr   %nice    %sys %iowait    %irq   %soft  %steal  %guest  %gnice   %idle
01:32:11 PM    0   11.00    0.00    5.00    0.00    0.00    2.00    0.00    0.00    0.00   82.00

01:32:11 PM  CPU    %usr   %nice    %sys %iowait    %irq   %soft  %steal  %guest  %gnice   %idle
01:32:12 PM    0   10.89    0.00    5.94    0.00    0.00    2.97    0.00    0.00    0.00   80.20

01:32:12 PM  CPU    %usr   %nice    %sys %iowait    %irq   %soft  %steal  %guest  %gnice   %idle
01:32:13 PM    0   13.13    0.00    4.04    0.00    0.00    1.01    0.00    0.00    0.00   81.82

01:32:13 PM  CPU    %usr   %nice    %sys %iowait    %irq   %soft  %steal  %guest  %gnice   %idle
01:32:14 PM    0   12.37    0.00    4.12    0.00    0.00    0.00    0.00    0.00    0.00   83.51

01:32:14 PM  CPU    %usr   %nice    %sys %iowait    %irq   %soft  %steal  %guest  %gnice   %idle
01:32:15 PM    0   11.11    0.00    6.06    0.00    0.00    1.01    0.00    0.00    0.00   81.82

01:32:15 PM  CPU    %usr   %nice    %sys %iowait    %irq   %soft  %steal  %guest  %gnice   %idle
01:32:16 PM    0   11.11    0.00    7.07    0.00    0.00    0.00    0.00    0.00    0.00   81.82

01:32:16 PM  CPU    %usr   %nice    %sys %iowait    %irq   %soft  %steal  %guest  %gnice   %idle
01:32:17 PM    0   12.24    0.00    4.08    0.00    0.00    1.02    0.00    0.00    0.00   82.65

01:32:17 PM  CPU    %usr   %nice    %sys %iowait    %irq   %soft  %steal  %guest  %gnice   %idle
01:32:18 PM    0   13.86    0.00    2.97    0.00    0.00    2.97    0.00    0.00    0.00   80.20

01:32:18 PM  CPU    %usr   %nice    %sys %iowait    %irq   %soft  %steal  %guest  %gnice   %idle
01:32:19 PM    0   13.86    0.00    4.95    0.00    0.00    0.99    0.00    0.00    0.00   80.20

01:32:19 PM  CPU    %usr   %nice    %sys %iowait    %irq   %soft  %steal  %guest  %gnice   %idle
01:32:20 PM    0   10.20    0.00    5.10    0.00    0.00    2.04    0.00    0.00    0.00   82.65

01:32:20 PM  CPU    %usr   %nice    %sys %iowait    %irq   %soft  %steal  %guest  %gnice   %idle
01:32:21 PM    0    9.00    0.00    8.00    0.00    0.00    2.00    0.00    0.00    0.00   81.00

01:32:21 PM  CPU    %usr   %nice    %sys %iowait    %irq   %soft  %steal  %guest  %gnice   %idle
01:32:22 PM    0   12.12    0.00    5.05    0.00    0.00    1.01    0.00    0.00    0.00   81.82

01:32:22 PM  CPU    %usr   %nice    %sys %iowait    %irq   %soft  %steal  %guest  %gnice   %idle
01:32:23 PM    0   14.00    0.00    4.00    0.00    0.00    1.00    0.00    0.00    0.00   81.00

01:32:23 PM  CPU    %usr   %nice    %sys %iowait    %irq   %soft  %steal  %guest  %gnice   %idle
01:32:24 PM    0   11.11    0.00    5.05    0.00    0.00    2.02    0.00    0.00    0.00   81.82

01:32:24 PM  CPU    %usr   %nice    %sys %iowait    %irq   %soft  %steal  %guest  %gnice   %idle
01:32:25 PM    0   13.00    0.00    4.00    0.00    0.00    2.00    0.00    0.00    0.00   81.00

01:32:25 PM  CPU    %usr   %nice    %sys %iowait    %irq   %soft  %steal  %guest  %gnice   %idle
01:32:26 PM    0   11.22    0.00    4.08    0.00    0.00    2.04    0.00    0.00    0.00   82.65

01:32:26 PM  CPU    %usr   %nice    %sys %iowait    %irq   %soft  %steal  %guest  %gnice   %idle
01:32:27 PM    0   13.86    0.00    3.96    0.00    0.00    1.98    0.00    0.00    0.00   80.20

01:32:27 PM  CPU    %usr   %nice    %sys %iowait    %irq   %soft  %steal  %guest  %gnice   %idle
01:32:28 PM    0   14.00    0.00    3.00    0.00    0.00    2.00    0.00    0.00    0.00   81.00

01:32:28 PM  CPU    %usr   %nice    %sys %iowait    %irq   %soft  %steal  %guest  %gnice   %idle
01:32:29 PM    0   13.86    0.00    3.96    0.00    0.00    1.98    0.00    0.00    0.00   80.20

01:32:29 PM  CPU    %usr   %nice    %sys %iowait    %irq   %soft  %steal  %guest  %gnice   %idle
01:32:30 PM    0   11.00    0.00    5.00    0.00    0.00    3.00    0.00    0.00    0.00   81.00

01:32:30 PM  CPU    %usr   %nice    %sys %iowait    %irq   %soft  %steal  %guest  %gnice   %idle
01:32:31 PM    0   10.31    0.00    6.19    0.00    0.00    0.00    0.00    0.00    0.00   83.51

01:32:31 PM  CPU    %usr   %nice    %sys %iowait    %irq   %soft  %steal  %guest  %gnice   %idle
01:32:32 PM    0   11.88    0.00    5.94    0.00    0.00    1.98    0.00    0.00    0.00   80.20

01:32:32 PM  CPU    %usr   %nice    %sys %iowait    %irq   %soft  %steal  %guest  %gnice   %idle
01:32:33 PM    0   12.24    0.00    3.06    0.00    0.00    2.04    0.00    0.00    0.00   82.65

01:32:33 PM  CPU    %usr   %nice    %sys %iowait    %irq   %soft  %steal  %guest  %gnice   %idle
01:32:34 PM    0   11.88    0.00    4.95    0.00    0.00    2.97    0.00    0.00    0.00   80.20

01:32:34 PM  CPU    %usr   %nice    %sys %iowait    %irq   %soft  %steal  %guest  %gnice   %idle
01:32:35 PM    0   12.12    0.00    4.04    0.00    0.00    2.02    0.00    0.00    0.00   81.82

01:32:35 PM  CPU    %usr   %nice    %sys %iowait    %irq   %soft  %steal  %guest  %gnice   %idle
01:32:36 PM    0   15.69    0.00    2.94    0.00    0.00    1.96    0.00    0.00    0.00   79.41

01:32:36 PM  CPU    %usr   %nice    %sys %iowait    %irq   %soft  %steal  %guest  %gnice   %idle
01:32:37 PM    0   12.00    0.00    6.00    0.00    0.00    1.00    0.00    0.00    0.00   81.00

01:32:37 PM  CPU    %usr   %nice    %sys %iowait    %irq   %soft  %steal  %guest  %gnice   %idle
01:32:38 PM    0   11.88    0.00    4.95    0.00    0.00    2.97    0.00    0.00    0.00   80.20

01:32:38 PM  CPU    %usr   %nice    %sys %iowait    %irq   %soft  %steal  %guest  %gnice   %idle
01:32:39 PM    0   11.11    0.00    6.06    0.00    0.00    2.02    0.00    0.00    0.00   80.81

01:32:39 PM  CPU    %usr   %nice    %sys %iowait    %irq   %soft  %steal  %guest  %gnice   %idle
01:32:40 PM    0   10.31    0.00    4.12    0.00    0.00    2.06    0.00    0.00    0.00   83.51

01:32:40 PM  CPU    %usr   %nice    %sys %iowait    %irq   %soft  %steal  %guest  %gnice   %idle
01:32:41 PM    0   11.88    0.00    4.95    0.00    0.00    2.97    0.00    0.00    0.00   80.20

01:32:41 PM  CPU    %usr   %nice    %sys %iowait    %irq   %soft  %steal  %guest  %gnice   %idle
01:32:42 PM    0   12.12    0.00    4.04    0.00    0.00    2.02    0.00    0.00    0.00   81.82

01:32:42 PM  CPU    %usr   %nice    %sys %iowait    %irq   %soft  %steal  %guest  %gnice   %idle
01:32:43 PM    0   12.12    0.00    4.04    0.00    0.00    2.02    0.00    0.00    0.00   81.82

01:32:43 PM  CPU    %usr   %nice    %sys %iowait    %irq   %soft  %steal  %guest  %gnice   %idle
01:32:44 PM    0   12.12    0.00    5.05    0.00    0.00    1.01    0.00    0.00    0.00   81.82

01:32:44 PM  CPU    %usr   %nice    %sys %iowait    %irq   %soft  %steal  %guest  %gnice   %idle
01:32:45 PM    0   10.10    0.00    6.06    0.00    0.00    2.02    0.00    0.00    0.00   81.82

01:32:45 PM  CPU    %usr   %nice    %sys %iowait    %irq   %soft  %steal  %guest  %gnice   %idle
01:32:46 PM    0   12.87    0.00    5.94    0.00    0.00    0.99    0.00    0.00    0.00   80.20

01:32:46 PM  CPU    %usr   %nice    %sys %iowait    %irq   %soft  %steal  %guest  %gnice   %idle
01:32:47 PM    0   13.00    0.00    5.00    0.00    0.00    1.00    0.00    0.00    0.00   81.00

01:32:47 PM  CPU    %usr   %nice    %sys %iowait    %irq   %soft  %steal  %guest  %gnice   %idle
01:32:48 PM    0   11.88    0.00    4.95    0.00    0.00    2.97    0.00    0.00    0.00   80.20

01:32:48 PM  CPU    %usr   %nice    %sys %iowait    %irq   %soft  %steal  %guest  %gnice   %idle
01:32:49 PM    0   10.10    0.00    7.07    0.00    0.00    1.01    0.00    0.00    0.00   81.82

01:32:49 PM  CPU    %usr   %nice    %sys %iowait    %irq   %soft  %steal  %guest  %gnice   %idle
01:32:50 PM    0   10.10    0.00    6.06    0.00    0.00    2.02    0.00    0.00    0.00   81.82

01:32:50 PM  CPU    %usr   %nice    %sys %iowait    %irq   %soft  %steal  %guest  %gnice   %idle
01:32:51 PM    0   11.00    0.00    6.00    0.00    0.00    2.00    0.00    0.00    0.00   81.00

01:32:51 PM  CPU    %usr   %nice    %sys %iowait    %irq   %soft  %steal  %guest  %gnice   %idle
01:32:52 PM    0   11.00    0.00    5.00    0.00    0.00    3.00    0.00    0.00    0.00   81.00

01:32:52 PM  CPU    %usr   %nice    %sys %iowait    %irq   %soft  %steal  %guest  %gnice   %idle
01:32:53 PM    0   11.34    0.00    4.12    0.00    0.00    1.03    0.00    0.00    0.00   83.51

01:32:53 PM  CPU    %usr   %nice    %sys %iowait    %irq   %soft  %steal  %guest  %gnice   %idle
01:32:54 PM    0   10.89    0.00    6.93    0.00    0.00    1.98    0.00    0.00    0.00   80.20

01:32:54 PM  CPU    %usr   %nice    %sys %iowait    %irq   %soft  %steal  %guest  %gnice   %idle
01:32:55 PM    0   10.20    0.00    7.14    0.00    0.00    0.00    0.00    0.00    0.00   82.65

01:32:55 PM  CPU    %usr   %nice    %sys %iowait    %irq   %soft  %steal  %guest  %gnice   %idle
01:32:56 PM    0   11.88    0.00    4.95    0.00    0.00    2.97    0.00    0.00    0.00   80.20

01:32:56 PM  CPU    %usr   %nice    %sys %iowait    %irq   %soft  %steal  %guest  %gnice   %idle
01:32:57 PM    0   13.13    0.00    3.03    0.00    0.00    2.02    0.00    0.00    0.00   81.82

01:32:57 PM  CPU    %usr   %nice    %sys %iowait    %irq   %soft  %steal  %guest  %gnice   %idle
01:32:58 PM    0   11.22    0.00    5.10    0.00    0.00    1.02    0.00    0.00    0.00   82.65

01:32:58 PM  CPU    %usr   %nice    %sys %iowait    %irq   %soft  %steal  %guest  %gnice   %idle
01:32:59 PM    0   11.00    0.00    6.00    0.00    0.00    2.00    0.00    0.00    0.00   81.00

01:32:59 PM  CPU    %usr   %nice    %sys %iowait    %irq   %soft  %steal  %guest  %gnice   %idle
01:33:00 PM    0   10.10    0.00    5.05    0.00    0.00    3.03    0.00    0.00    0.00   81.82

01:33:00 PM  CPU    %usr   %nice    %sys %iowait    %irq   %soft  %steal  %guest  %gnice   %idle
01:33:01 PM    0    9.80    0.00    4.90    0.00    0.00    5.88    0.00    0.00    0.00   79.41

01:33:01 PM  CPU    %usr   %nice    %sys %iowait    %irq   %soft  %steal  %guest  %gnice   %idle
01:33:02 PM    0   12.87    0.00    4.95    0.00    0.00    1.98    0.00    0.00    0.00   80.20

01:33:02 PM  CPU    %usr   %nice    %sys %iowait    %irq   %soft  %steal  %guest  %gnice   %idle
01:33:03 PM    0    9.09    0.00    5.05    0.00    0.00    4.04    0.00    0.00    0.00   81.82

Average:     CPU    %usr   %nice    %sys %iowait    %irq   %soft  %steal  %guest  %gnice   %idle
Average:       0   11.68    0.00    5.04    0.00    0.00    1.92    0.00    0.00    0.00   81.36
