Linux 5.3.0-61-generic (cw-zenbook) 	07/16/2020 	_x86_64_	(8 CPU)

04:15:58 PM  CPU    %usr   %nice    %sys %iowait    %irq   %soft  %steal  %guest  %gnice   %idle
04:15:59 PM    0   27.72    0.00    9.90    0.00    0.00    2.97    0.00    0.00    0.00   59.41

04:15:59 PM  CPU    %usr   %nice    %sys %iowait    %irq   %soft  %steal  %guest  %gnice   %idle
04:16:00 PM    0   23.76    0.00   14.85    0.00    0.00    2.97    0.00    0.00    0.00   58.42

04:16:00 PM  CPU    %usr   %nice    %sys %iowait    %irq   %soft  %steal  %guest  %gnice   %idle
04:16:01 PM    0   26.26    0.00   10.10    0.00    0.00    2.02    0.00    0.00    0.00   61.62

04:16:01 PM  CPU    %usr   %nice    %sys %iowait    %irq   %soft  %steal  %guest  %gnice   %idle
04:16:02 PM    0   27.00    0.00   10.00    0.00    0.00    3.00    0.00    0.00    0.00   60.00

04:16:02 PM  CPU    %usr   %nice    %sys %iowait    %irq   %soft  %steal  %guest  %gnice   %idle
04:16:03 PM    0   23.76    0.00   10.89    0.00    0.00    4.95    0.00    0.00    0.00   60.40

04:16:03 PM  CPU    %usr   %nice    %sys %iowait    %irq   %soft  %steal  %guest  %gnice   %idle
04:16:04 PM    0   27.00    0.00   10.00    0.00    0.00    1.00    0.00    0.00    0.00   62.00

04:16:04 PM  CPU    %usr   %nice    %sys %iowait    %irq   %soft  %steal  %guest  %gnice   %idle
04:16:05 PM    0   26.26    0.00    8.08    0.00    0.00    4.04    0.00    0.00    0.00   61.62

04:16:05 PM  CPU    %usr   %nice    %sys %iowait    %irq   %soft  %steal  %guest  %gnice   %idle
04:16:06 PM    0   23.53    0.00   11.76    0.00    0.00    3.92    0.00    0.00    0.00   60.78

04:16:06 PM  CPU    %usr   %nice    %sys %iowait    %irq   %soft  %steal  %guest  %gnice   %idle
04:16:07 PM    0   23.76    0.00   14.85    0.00    0.00    1.98    0.00    0.00    0.00   59.41

04:16:07 PM  CPU    %usr   %nice    %sys %iowait    %irq   %soft  %steal  %guest  %gnice   %idle
04:16:08 PM    0   25.77    0.00   10.31    0.00    0.00    2.06    0.00    0.00    0.00   61.86

04:16:08 PM  CPU    %usr   %nice    %sys %iowait    %irq   %soft  %steal  %guest  %gnice   %idle
04:16:09 PM    0   29.00    0.00   10.00    0.00    0.00    0.00    0.00    0.00    0.00   61.00

04:16:09 PM  CPU    %usr   %nice    %sys %iowait    %irq   %soft  %steal  %guest  %gnice   %idle
04:16:10 PM    0   26.26    0.00    8.08    0.00    0.00    4.04    0.00    0.00    0.00   61.62

04:16:10 PM  CPU    %usr   %nice    %sys %iowait    %irq   %soft  %steal  %guest  %gnice   %idle
04:16:11 PM    0   25.49    0.00   11.76    0.00    0.00    2.94    0.00    0.00    0.00   59.80

04:16:11 PM  CPU    %usr   %nice    %sys %iowait    %irq   %soft  %steal  %guest  %gnice   %idle
04:16:12 PM    0   25.74    0.00    9.90    0.00    0.00    2.97    0.00    0.00    0.00   61.39

04:16:12 PM  CPU    %usr   %nice    %sys %iowait    %irq   %soft  %steal  %guest  %gnice   %idle
04:16:13 PM    0   23.47    0.00    9.18    0.00    0.00    4.08    0.00    0.00    0.00   63.27

04:16:13 PM  CPU    %usr   %nice    %sys %iowait    %irq   %soft  %steal  %guest  %gnice   %idle
04:16:14 PM    0   27.00    0.00    9.00    0.00    0.00    4.00    0.00    0.00    0.00   60.00

04:16:14 PM  CPU    %usr   %nice    %sys %iowait    %irq   %soft  %steal  %guest  %gnice   %idle
04:16:15 PM    0   27.18    0.00    9.71    0.00    0.00    2.91    0.00    0.00    0.00   60.19

04:16:15 PM  CPU    %usr   %nice    %sys %iowait    %irq   %soft  %steal  %guest  %gnice   %idle
04:16:16 PM    0   24.24    0.00   10.10    0.00    0.00    3.03    0.00    0.00    0.00   62.63

04:16:16 PM  CPU    %usr   %nice    %sys %iowait    %irq   %soft  %steal  %guest  %gnice   %idle
04:16:17 PM    0   23.76    0.00   11.88    0.00    0.00    3.96    0.00    0.00    0.00   60.40

04:16:17 PM  CPU    %usr   %nice    %sys %iowait    %irq   %soft  %steal  %guest  %gnice   %idle
04:16:18 PM    0   29.00    0.00    8.00    0.00    0.00    2.00    0.00    0.00    0.00   61.00

04:16:18 PM  CPU    %usr   %nice    %sys %iowait    %irq   %soft  %steal  %guest  %gnice   %idle
04:16:19 PM    0   21.43    0.00   12.24    0.00    0.00    4.08    0.00    0.00    0.00   62.24

04:16:19 PM  CPU    %usr   %nice    %sys %iowait    %irq   %soft  %steal  %guest  %gnice   %idle
04:16:20 PM    0   23.00    0.00   12.00    0.00    0.00    4.00    0.00    0.00    0.00   61.00

04:16:20 PM  CPU    %usr   %nice    %sys %iowait    %irq   %soft  %steal  %guest  %gnice   %idle
04:16:21 PM    0   24.74    0.00    9.28    0.00    0.00    3.09    0.00    0.00    0.00   62.89

04:16:21 PM  CPU    %usr   %nice    %sys %iowait    %irq   %soft  %steal  %guest  %gnice   %idle
04:16:22 PM    0   24.75    0.00   12.87    0.00    0.00    1.98    0.00    0.00    0.00   60.40

04:16:22 PM  CPU    %usr   %nice    %sys %iowait    %irq   %soft  %steal  %guest  %gnice   %idle
04:16:23 PM    0   26.00    0.00   10.00    0.00    0.00    3.00    0.00    0.00    0.00   61.00

04:16:23 PM  CPU    %usr   %nice    %sys %iowait    %irq   %soft  %steal  %guest  %gnice   %idle
04:16:24 PM    0   24.49    0.00   10.20    0.00    0.00    4.08    0.00    0.00    0.00   61.22

04:16:24 PM  CPU    %usr   %nice    %sys %iowait    %irq   %soft  %steal  %guest  %gnice   %idle
04:16:25 PM    0   28.43    0.00   10.78    0.00    0.00    1.96    0.00    0.00    0.00   58.82

04:16:25 PM  CPU    %usr   %nice    %sys %iowait    %irq   %soft  %steal  %guest  %gnice   %idle
04:16:26 PM    0   22.45    0.00   12.24    0.00    0.00    4.08    0.00    0.00    0.00   61.22

04:16:26 PM  CPU    %usr   %nice    %sys %iowait    %irq   %soft  %steal  %guest  %gnice   %idle
04:16:27 PM    0   25.00    0.00   11.00    0.00    0.00    3.00    0.00    0.00    0.00   61.00

04:16:27 PM  CPU    %usr   %nice    %sys %iowait    %irq   %soft  %steal  %guest  %gnice   %idle
04:16:28 PM    0   26.53    0.00    9.18    0.00    0.00    2.04    0.00    0.00    0.00   62.24

04:16:28 PM  CPU    %usr   %nice    %sys %iowait    %irq   %soft  %steal  %guest  %gnice   %idle
04:16:29 PM    0   24.74    0.00   10.31    0.00    0.00    3.09    0.00    0.00    0.00   61.86

04:16:29 PM  CPU    %usr   %nice    %sys %iowait    %irq   %soft  %steal  %guest  %gnice   %idle
04:16:30 PM    0   24.00    0.00   11.00    0.00    0.00    5.00    0.00    0.00    0.00   60.00

04:16:30 PM  CPU    %usr   %nice    %sys %iowait    %irq   %soft  %steal  %guest  %gnice   %idle
04:16:31 PM    0   27.00    0.00   10.00    0.00    0.00    3.00    0.00    0.00    0.00   60.00

04:16:31 PM  CPU    %usr   %nice    %sys %iowait    %irq   %soft  %steal  %guest  %gnice   %idle
04:16:32 PM    0   24.74    0.00    9.28    0.00    0.00    3.09    0.00    0.00    0.00   62.89

04:16:32 PM  CPU    %usr   %nice    %sys %iowait    %irq   %soft  %steal  %guest  %gnice   %idle
04:16:33 PM    0   21.65    0.00   11.34    0.00    0.00    4.12    0.00    0.00    0.00   62.89

04:16:33 PM  CPU    %usr   %nice    %sys %iowait    %irq   %soft  %steal  %guest  %gnice   %idle
04:16:34 PM    0   26.53    0.00    9.18    0.00    0.00    3.06    0.00    0.00    0.00   61.22

04:16:34 PM  CPU    %usr   %nice    %sys %iowait    %irq   %soft  %steal  %guest  %gnice   %idle
04:16:35 PM    0   24.24    0.00   13.13    0.00    0.00    2.02    0.00    0.00    0.00   60.61

04:16:35 PM  CPU    %usr   %nice    %sys %iowait    %irq   %soft  %steal  %guest  %gnice   %idle
04:16:36 PM    0   27.84    0.00    7.22    0.00    0.00    3.09    0.00    0.00    0.00   61.86

04:16:36 PM  CPU    %usr   %nice    %sys %iowait    %irq   %soft  %steal  %guest  %gnice   %idle
04:16:37 PM    0   27.27    0.00    9.09    0.00    0.00    3.03    0.00    0.00    0.00   60.61

04:16:37 PM  CPU    %usr   %nice    %sys %iowait    %irq   %soft  %steal  %guest  %gnice   %idle
04:16:38 PM    0   22.22    0.00   12.12    0.00    0.00    4.04    0.00    0.00    0.00   61.62

04:16:38 PM  CPU    %usr   %nice    %sys %iowait    %irq   %soft  %steal  %guest  %gnice   %idle
04:16:39 PM    0   26.26    0.00    8.08    0.00    0.00    4.04    0.00    0.00    0.00   61.62

04:16:39 PM  CPU    %usr   %nice    %sys %iowait    %irq   %soft  %steal  %guest  %gnice   %idle
04:16:40 PM    0   24.74    0.00    9.28    0.00    0.00    4.12    0.00    0.00    0.00   61.86

04:16:40 PM  CPU    %usr   %nice    %sys %iowait    %irq   %soft  %steal  %guest  %gnice   %idle
04:16:41 PM    0   26.21    0.00   10.68    0.00    0.00    3.88    0.00    0.00    0.00   59.22

04:16:41 PM  CPU    %usr   %nice    %sys %iowait    %irq   %soft  %steal  %guest  %gnice   %idle
04:16:42 PM    0   23.53    0.00   13.73    0.00    0.00    2.94    0.00    0.00    0.00   59.80

04:16:42 PM  CPU    %usr   %nice    %sys %iowait    %irq   %soft  %steal  %guest  %gnice   %idle
04:16:43 PM    0   26.26    0.00   10.10    0.00    0.00    3.03    0.00    0.00    0.00   60.61

04:16:43 PM  CPU    %usr   %nice    %sys %iowait    %irq   %soft  %steal  %guest  %gnice   %idle
04:16:44 PM    0   26.21    0.00    9.71    0.00    0.00    4.85    0.00    0.00    0.00   59.22

04:16:44 PM  CPU    %usr   %nice    %sys %iowait    %irq   %soft  %steal  %guest  %gnice   %idle
04:16:45 PM    0   28.00    0.00    9.00    0.00    0.00    3.00    0.00    0.00    0.00   60.00

04:16:45 PM  CPU    %usr   %nice    %sys %iowait    %irq   %soft  %steal  %guest  %gnice   %idle
04:16:46 PM    0   24.49    0.00   12.24    0.00    0.00    2.04    0.00    0.00    0.00   61.22

04:16:46 PM  CPU    %usr   %nice    %sys %iowait    %irq   %soft  %steal  %guest  %gnice   %idle
04:16:47 PM    0   24.00    0.00   10.00    0.00    0.00    5.00    0.00    0.00    0.00   61.00

04:16:47 PM  CPU    %usr   %nice    %sys %iowait    %irq   %soft  %steal  %guest  %gnice   %idle
04:16:48 PM    0   22.68    0.00   11.34    0.00    0.00    3.09    0.00    0.00    0.00   62.89

04:16:48 PM  CPU    %usr   %nice    %sys %iowait    %irq   %soft  %steal  %guest  %gnice   %idle
04:16:49 PM    0   26.26    0.00    9.09    0.00    0.00    3.03    0.00    0.00    0.00   61.62

04:16:49 PM  CPU    %usr   %nice    %sys %iowait    %irq   %soft  %steal  %guest  %gnice   %idle
04:16:50 PM    0   26.53    0.00    9.18    0.00    0.00    3.06    0.00    0.00    0.00   61.22

04:16:50 PM  CPU    %usr   %nice    %sys %iowait    %irq   %soft  %steal  %guest  %gnice   %idle
04:16:51 PM    0   24.49    0.00   12.24    0.00    0.00    1.02    0.00    0.00    0.00   62.24

04:16:51 PM  CPU    %usr   %nice    %sys %iowait    %irq   %soft  %steal  %guest  %gnice   %idle
04:16:52 PM    0   27.72    0.00    7.92    0.00    0.00    2.97    0.00    0.00    0.00   61.39

04:16:52 PM  CPU    %usr   %nice    %sys %iowait    %irq   %soft  %steal  %guest  %gnice   %idle
04:16:53 PM    0   23.23    0.00   13.13    0.00    0.00    2.02    0.00    0.00    0.00   61.62

04:16:53 PM  CPU    %usr   %nice    %sys %iowait    %irq   %soft  %steal  %guest  %gnice   %idle
04:16:54 PM    0   26.53    0.00    8.16    0.00    0.00    4.08    0.00    0.00    0.00   61.22

04:16:54 PM  CPU    %usr   %nice    %sys %iowait    %irq   %soft  %steal  %guest  %gnice   %idle
04:16:55 PM    0   28.00    0.00    6.00    0.00    0.00    6.00    0.00    0.00    0.00   60.00

04:16:55 PM  CPU    %usr   %nice    %sys %iowait    %irq   %soft  %steal  %guest  %gnice   %idle
04:16:56 PM    0   27.45    0.00    8.82    0.00    0.00    4.90    0.00    0.00    0.00   58.82

04:16:56 PM  CPU    %usr   %nice    %sys %iowait    %irq   %soft  %steal  %guest  %gnice   %idle
04:16:57 PM    0   25.00    0.00   12.00    0.00    0.00    3.00    0.00    0.00    0.00   60.00

04:16:57 PM  CPU    %usr   %nice    %sys %iowait    %irq   %soft  %steal  %guest  %gnice   %idle
04:16:58 PM    0   26.26    0.00    8.08    0.00    0.00    5.05    0.00    0.00    0.00   60.61

04:16:58 PM  CPU    %usr   %nice    %sys %iowait    %irq   %soft  %steal  %guest  %gnice   %idle
04:16:59 PM    0   23.47    0.00   13.27    0.00    0.00    2.04    0.00    0.00    0.00   61.22

04:16:59 PM  CPU    %usr   %nice    %sys %iowait    %irq   %soft  %steal  %guest  %gnice   %idle
04:17:00 PM    0   25.00    0.00   11.00    0.00    0.00    4.00    0.00    0.00    0.00   60.00

04:17:00 PM  CPU    %usr   %nice    %sys %iowait    %irq   %soft  %steal  %guest  %gnice   %idle
04:17:01 PM    0   26.21    0.00   11.65    0.00    0.00    3.88    0.00    0.00    0.00   58.25

04:17:01 PM  CPU    %usr   %nice    %sys %iowait    %irq   %soft  %steal  %guest  %gnice   %idle
04:17:02 PM    0   30.61    0.00    8.16    0.00    0.00    1.02    0.00    0.00    0.00   60.20

04:17:02 PM  CPU    %usr   %nice    %sys %iowait    %irq   %soft  %steal  %guest  %gnice   %idle
04:17:03 PM    0   29.29    0.00    8.08    0.00    0.00    2.02    0.00    0.00    0.00   60.61

04:17:03 PM  CPU    %usr   %nice    %sys %iowait    %irq   %soft  %steal  %guest  %gnice   %idle
04:17:04 PM    0   25.51    0.00   11.22    0.00    0.00    2.04    0.00    0.00    0.00   61.22

04:17:04 PM  CPU    %usr   %nice    %sys %iowait    %irq   %soft  %steal  %guest  %gnice   %idle
04:17:05 PM    0   23.40    0.00    7.45    0.00    0.00    4.26    0.00    0.00    0.00   64.89

04:17:05 PM  CPU    %usr   %nice    %sys %iowait    %irq   %soft  %steal  %guest  %gnice   %idle
04:17:06 PM    0   23.23    0.00   11.11    0.00    0.00    4.04    0.00    0.00    0.00   61.62

04:17:06 PM  CPU    %usr   %nice    %sys %iowait    %irq   %soft  %steal  %guest  %gnice   %idle
04:17:07 PM    0   24.27    0.00   13.59    0.00    0.00    3.88    0.00    0.00    0.00   58.25

04:17:07 PM  CPU    %usr   %nice    %sys %iowait    %irq   %soft  %steal  %guest  %gnice   %idle
04:17:08 PM    0   28.71    0.00    8.91    0.00    0.00    2.97    0.00    0.00    0.00   59.41

04:17:08 PM  CPU    %usr   %nice    %sys %iowait    %irq   %soft  %steal  %guest  %gnice   %idle
04:17:09 PM    0   24.74    0.00   12.37    0.00    0.00    1.03    0.00    0.00    0.00   61.86

04:17:09 PM  CPU    %usr   %nice    %sys %iowait    %irq   %soft  %steal  %guest  %gnice   %idle
04:17:10 PM    0   24.49    0.00    9.18    0.00    0.00    4.08    0.00    0.00    0.00   62.24

04:17:10 PM  CPU    %usr   %nice    %sys %iowait    %irq   %soft  %steal  %guest  %gnice   %idle
04:17:11 PM    0   26.53    0.00    9.18    0.00    0.00    2.04    0.00    0.00    0.00   62.24

04:17:11 PM  CPU    %usr   %nice    %sys %iowait    %irq   %soft  %steal  %guest  %gnice   %idle
04:17:12 PM    0   25.00    0.00   10.00    0.00    0.00    4.00    0.00    0.00    0.00   61.00

04:17:12 PM  CPU    %usr   %nice    %sys %iowait    %irq   %soft  %steal  %guest  %gnice   %idle
04:17:13 PM    0   27.72    0.00    9.90    0.00    0.00    1.98    0.00    0.00    0.00   60.40

04:17:13 PM  CPU    %usr   %nice    %sys %iowait    %irq   %soft  %steal  %guest  %gnice   %idle
04:17:14 PM    0   26.80    0.00    9.28    0.00    0.00    2.06    0.00    0.00    0.00   61.86

04:17:14 PM  CPU    %usr   %nice    %sys %iowait    %irq   %soft  %steal  %guest  %gnice   %idle
04:17:15 PM    0   27.72    0.00    9.90    0.00    0.00    1.98    0.00    0.00    0.00   60.40

04:17:15 PM  CPU    %usr   %nice    %sys %iowait    %irq   %soft  %steal  %guest  %gnice   %idle
04:17:16 PM    0   25.24    0.00   10.68    0.00    0.00    4.85    0.00    0.00    0.00   59.22

04:17:16 PM  CPU    %usr   %nice    %sys %iowait    %irq   %soft  %steal  %guest  %gnice   %idle
04:17:17 PM    0   19.79    0.00   12.50    0.00    0.00    5.21    0.00    0.00    0.00   62.50

04:17:17 PM  CPU    %usr   %nice    %sys %iowait    %irq   %soft  %steal  %guest  %gnice   %idle
04:17:18 PM    0   22.22    0.00   11.11    0.00    0.00    5.05    0.00    0.00    0.00   61.62

04:17:18 PM  CPU    %usr   %nice    %sys %iowait    %irq   %soft  %steal  %guest  %gnice   %idle
04:17:19 PM    0   25.25    0.00    9.09    0.00    0.00    4.04    0.00    0.00    0.00   61.62

04:17:19 PM  CPU    %usr   %nice    %sys %iowait    %irq   %soft  %steal  %guest  %gnice   %idle
04:17:20 PM    0   23.23    0.00   12.12    0.00    0.00    3.03    0.00    0.00    0.00   61.62

04:17:20 PM  CPU    %usr   %nice    %sys %iowait    %irq   %soft  %steal  %guest  %gnice   %idle
04:17:21 PM    0   27.72    0.00    7.92    0.00    0.00    3.96    0.00    0.00    0.00   60.40

04:17:21 PM  CPU    %usr   %nice    %sys %iowait    %irq   %soft  %steal  %guest  %gnice   %idle
04:17:22 PM    0   25.49    0.00   11.76    0.00    0.00    2.94    0.00    0.00    0.00   59.80

04:17:22 PM  CPU    %usr   %nice    %sys %iowait    %irq   %soft  %steal  %guest  %gnice   %idle
04:17:23 PM    0   28.28    0.00    8.08    0.00    0.00    3.03    0.00    0.00    0.00   60.61

04:17:23 PM  CPU    %usr   %nice    %sys %iowait    %irq   %soft  %steal  %guest  %gnice   %idle
04:17:24 PM    0   25.00    0.00   11.54    0.00    0.00    4.81    0.00    0.00    0.00   58.65

04:17:24 PM  CPU    %usr   %nice    %sys %iowait    %irq   %soft  %steal  %guest  %gnice   %idle
04:17:25 PM    0   24.49    0.00    8.16    0.00    0.00    5.10    0.00    0.00    0.00   62.24

04:17:25 PM  CPU    %usr   %nice    %sys %iowait    %irq   %soft  %steal  %guest  %gnice   %idle
04:17:26 PM    0   28.16    0.00    8.74    0.00    0.00    3.88    0.00    0.00    0.00   59.22

04:17:26 PM  CPU    %usr   %nice    %sys %iowait    %irq   %soft  %steal  %guest  %gnice   %idle
04:17:27 PM    0   25.49    0.00   12.75    0.00    0.00    1.96    0.00    0.00    0.00   59.80

04:17:27 PM  CPU    %usr   %nice    %sys %iowait    %irq   %soft  %steal  %guest  %gnice   %idle
04:17:28 PM    0   25.00    0.00   10.00    0.00    0.00    4.00    0.00    0.00    0.00   61.00

04:17:28 PM  CPU    %usr   %nice    %sys %iowait    %irq   %soft  %steal  %guest  %gnice   %idle
04:17:29 PM    0   22.55    0.00   11.76    0.00    0.00    4.90    0.00    0.00    0.00   60.78

04:17:29 PM  CPU    %usr   %nice    %sys %iowait    %irq   %soft  %steal  %guest  %gnice   %idle
04:17:30 PM    0   26.53    0.00    9.18    0.00    0.00    3.06    0.00    0.00    0.00   61.22

04:17:30 PM  CPU    %usr   %nice    %sys %iowait    %irq   %soft  %steal  %guest  %gnice   %idle
04:17:31 PM    0   22.45    0.00   12.24    0.00    0.00    3.06    0.00    0.00    0.00   62.24

04:17:31 PM  CPU    %usr   %nice    %sys %iowait    %irq   %soft  %steal  %guest  %gnice   %idle
04:17:32 PM    0   28.43    0.00   10.78    0.00    0.00    1.96    0.00    0.00    0.00   58.82

04:17:32 PM  CPU    %usr   %nice    %sys %iowait    %irq   %soft  %steal  %guest  %gnice   %idle
04:17:33 PM    0   25.74    0.00    8.91    0.00    0.00    3.96    0.00    0.00    0.00   61.39

04:17:33 PM  CPU    %usr   %nice    %sys %iowait    %irq   %soft  %steal  %guest  %gnice   %idle
04:17:34 PM    0   24.75    0.00   11.88    0.00    0.00    2.97    0.00    0.00    0.00   60.40

04:17:34 PM  CPU    %usr   %nice    %sys %iowait    %irq   %soft  %steal  %guest  %gnice   %idle
04:17:35 PM    0   26.21    0.00   11.65    0.00    0.00    2.91    0.00    0.00    0.00   59.22

04:17:35 PM  CPU    %usr   %nice    %sys %iowait    %irq   %soft  %steal  %guest  %gnice   %idle
04:17:36 PM    0   25.00    0.00   12.00    0.00    0.00    3.00    0.00    0.00    0.00   60.00

04:17:36 PM  CPU    %usr   %nice    %sys %iowait    %irq   %soft  %steal  %guest  %gnice   %idle
04:17:37 PM    0   25.00    0.00   12.00    0.00    0.00    3.00    0.00    0.00    0.00   60.00

04:17:37 PM  CPU    %usr   %nice    %sys %iowait    %irq   %soft  %steal  %guest  %gnice   %idle
04:17:38 PM    0   29.29    0.00    8.08    0.00    0.00    2.02    0.00    0.00    0.00   60.61

04:17:38 PM  CPU    %usr   %nice    %sys %iowait    %irq   %soft  %steal  %guest  %gnice   %idle
04:17:39 PM    0   25.00    0.00   10.00    0.00    0.00    5.00    0.00    0.00    0.00   60.00

04:17:39 PM  CPU    %usr   %nice    %sys %iowait    %irq   %soft  %steal  %guest  %gnice   %idle
04:17:40 PM    0   24.00    0.00   10.00    0.00    0.00    5.00    0.00    0.00    0.00   61.00

04:17:40 PM  CPU    %usr   %nice    %sys %iowait    %irq   %soft  %steal  %guest  %gnice   %idle
04:17:41 PM    0   28.71    0.00    8.91    0.00    0.00    1.98    0.00    0.00    0.00   60.40

04:17:41 PM  CPU    %usr   %nice    %sys %iowait    %irq   %soft  %steal  %guest  %gnice   %idle
04:17:42 PM    0   21.21    0.00   12.12    0.00    0.00    5.05    0.00    0.00    0.00   61.62

04:17:42 PM  CPU    %usr   %nice    %sys %iowait    %irq   %soft  %steal  %guest  %gnice   %idle
04:17:43 PM    0   21.78    0.00   12.87    0.00    0.00    3.96    0.00    0.00    0.00   61.39

04:17:43 PM  CPU    %usr   %nice    %sys %iowait    %irq   %soft  %steal  %guest  %gnice   %idle
04:17:44 PM    0   24.24    0.00   10.10    0.00    0.00    5.05    0.00    0.00    0.00   60.61

04:17:44 PM  CPU    %usr   %nice    %sys %iowait    %irq   %soft  %steal  %guest  %gnice   %idle
04:17:45 PM    0   26.26    0.00    9.09    0.00    0.00    4.04    0.00    0.00    0.00   60.61

04:17:45 PM  CPU    %usr   %nice    %sys %iowait    %irq   %soft  %steal  %guest  %gnice   %idle
04:17:46 PM    0   25.74    0.00   11.88    0.00    0.00    2.97    0.00    0.00    0.00   59.41

04:17:46 PM  CPU    %usr   %nice    %sys %iowait    %irq   %soft  %steal  %guest  %gnice   %idle
04:17:47 PM    0   25.74    0.00   10.89    0.00    0.00    3.96    0.00    0.00    0.00   59.41

04:17:47 PM  CPU    %usr   %nice    %sys %iowait    %irq   %soft  %steal  %guest  %gnice   %idle
04:17:48 PM    0   23.47    0.00   10.20    0.00    0.00    5.10    0.00    0.00    0.00   61.22

04:17:48 PM  CPU    %usr   %nice    %sys %iowait    %irq   %soft  %steal  %guest  %gnice   %idle
04:17:49 PM    0   28.71    0.00    7.92    0.00    0.00    2.97    0.00    0.00    0.00   60.40

04:17:49 PM  CPU    %usr   %nice    %sys %iowait    %irq   %soft  %steal  %guest  %gnice   %idle
04:17:50 PM    0   24.24    0.00   10.10    0.00    0.00    4.04    0.00    0.00    0.00   61.62

04:17:50 PM  CPU    %usr   %nice    %sys %iowait    %irq   %soft  %steal  %guest  %gnice   %idle
04:17:51 PM    0   28.00    0.00   10.00    0.00    0.00    2.00    0.00    0.00    0.00   60.00

04:17:51 PM  CPU    %usr   %nice    %sys %iowait    %irq   %soft  %steal  %guest  %gnice   %idle
04:17:52 PM    0   26.73    0.00    9.90    0.00    0.00    2.97    0.00    0.00    0.00   60.40

04:17:52 PM  CPU    %usr   %nice    %sys %iowait    %irq   %soft  %steal  %guest  %gnice   %idle
04:17:53 PM    0   23.71    0.00    8.25    0.00    0.00    5.15    0.00    0.00    0.00   62.89

04:17:53 PM  CPU    %usr   %nice    %sys %iowait    %irq   %soft  %steal  %guest  %gnice   %idle
04:17:54 PM    0   26.00    0.00   12.00    0.00    0.00    2.00    0.00    0.00    0.00   60.00

04:17:54 PM  CPU    %usr   %nice    %sys %iowait    %irq   %soft  %steal  %guest  %gnice   %idle
04:17:55 PM    0   24.24    0.00   11.11    0.00    0.00    3.03    0.00    0.00    0.00   61.62

04:17:55 PM  CPU    %usr   %nice    %sys %iowait    %irq   %soft  %steal  %guest  %gnice   %idle
04:17:56 PM    0   29.00    0.00    8.00    0.00    0.00    2.00    0.00    0.00    0.00   61.00

04:17:56 PM  CPU    %usr   %nice    %sys %iowait    %irq   %soft  %steal  %guest  %gnice   %idle
04:17:57 PM    0   30.00    0.00    8.00    0.00    0.00    2.00    0.00    0.00    0.00   60.00

04:17:57 PM  CPU    %usr   %nice    %sys %iowait    %irq   %soft  %steal  %guest  %gnice   %idle
04:17:58 PM    0   26.73    0.00   10.89    0.00    0.00    2.97    0.00    0.00    0.00   59.41

Average:     CPU    %usr   %nice    %sys %iowait    %irq   %soft  %steal  %guest  %gnice   %idle
Average:       0   25.55    0.00   10.33    0.00    0.00    3.30    0.00    0.00    0.00   60.82
