Linux 5.3.0-61-generic (cw-zenbook) 	07/16/2020 	_x86_64_	(8 CPU)

04:34:17 PM  CPU    %usr   %nice    %sys %iowait    %irq   %soft  %steal  %guest  %gnice   %idle
04:34:18 PM    0   36.17    0.00   17.02    0.00    0.00    3.19    0.00    0.00    0.00   43.62

04:34:18 PM  CPU    %usr   %nice    %sys %iowait    %irq   %soft  %steal  %guest  %gnice   %idle
04:34:19 PM    0   37.00    0.00   17.00    0.00    0.00    4.00    0.00    0.00    0.00   42.00

04:34:19 PM  CPU    %usr   %nice    %sys %iowait    %irq   %soft  %steal  %guest  %gnice   %idle
04:34:20 PM    0   40.82    0.00   15.31    0.00    0.00    2.04    0.00    0.00    0.00   41.84

04:34:20 PM  CPU    %usr   %nice    %sys %iowait    %irq   %soft  %steal  %guest  %gnice   %idle
04:34:21 PM    0   41.35    0.00   13.46    0.00    0.00    3.85    0.00    0.00    0.00   41.35

04:34:21 PM  CPU    %usr   %nice    %sys %iowait    %irq   %soft  %steal  %guest  %gnice   %idle
04:34:22 PM    0   42.00    0.00   12.00    0.00    0.00    4.00    0.00    0.00    0.00   42.00

04:34:22 PM  CPU    %usr   %nice    %sys %iowait    %irq   %soft  %steal  %guest  %gnice   %idle
04:34:23 PM    0   38.38    0.00   16.16    0.00    0.00    3.03    0.00    0.00    0.00   42.42

04:34:23 PM  CPU    %usr   %nice    %sys %iowait    %irq   %soft  %steal  %guest  %gnice   %idle
04:34:24 PM    0   38.38    0.00   17.17    0.00    0.00    3.03    0.00    0.00    0.00   41.41

04:34:24 PM  CPU    %usr   %nice    %sys %iowait    %irq   %soft  %steal  %guest  %gnice   %idle
04:34:25 PM    0   39.39    0.00   15.15    0.00    0.00    3.03    0.00    0.00    0.00   42.42

04:34:25 PM  CPU    %usr   %nice    %sys %iowait    %irq   %soft  %steal  %guest  %gnice   %idle
04:34:26 PM    0   35.00    0.00   19.00    0.00    0.00    4.00    0.00    0.00    0.00   42.00

04:34:26 PM  CPU    %usr   %nice    %sys %iowait    %irq   %soft  %steal  %guest  %gnice   %idle
04:34:27 PM    0   40.00    0.00   15.00    0.00    0.00    4.00    0.00    0.00    0.00   41.00

04:34:27 PM  CPU    %usr   %nice    %sys %iowait    %irq   %soft  %steal  %guest  %gnice   %idle
04:34:28 PM    0   40.82    0.00   15.31    0.00    0.00    2.04    0.00    0.00    0.00   41.84

04:34:28 PM  CPU    %usr   %nice    %sys %iowait    %irq   %soft  %steal  %guest  %gnice   %idle
04:34:29 PM    0   43.43    0.00   14.14    0.00    0.00    2.02    0.00    0.00    0.00   40.40

04:34:29 PM  CPU    %usr   %nice    %sys %iowait    %irq   %soft  %steal  %guest  %gnice   %idle
04:34:30 PM    0   34.34    0.00   21.21    0.00    0.00    4.04    0.00    0.00    0.00   40.40

04:34:30 PM  CPU    %usr   %nice    %sys %iowait    %irq   %soft  %steal  %guest  %gnice   %idle
04:34:31 PM    0   40.40    0.00   14.14    0.00    0.00    3.03    0.00    0.00    0.00   42.42

04:34:31 PM  CPU    %usr   %nice    %sys %iowait    %irq   %soft  %steal  %guest  %gnice   %idle
04:34:32 PM    0   37.37    0.00   16.16    0.00    0.00    5.05    0.00    0.00    0.00   41.41

04:34:32 PM  CPU    %usr   %nice    %sys %iowait    %irq   %soft  %steal  %guest  %gnice   %idle
04:34:33 PM    0   39.39    0.00   15.15    0.00    0.00    3.03    0.00    0.00    0.00   42.42

04:34:33 PM  CPU    %usr   %nice    %sys %iowait    %irq   %soft  %steal  %guest  %gnice   %idle
04:34:34 PM    0   39.58    0.00   13.54    0.00    0.00    3.12    0.00    0.00    0.00   43.75

04:34:34 PM  CPU    %usr   %nice    %sys %iowait    %irq   %soft  %steal  %guest  %gnice   %idle
04:34:35 PM    0   40.59    0.00   13.86    0.00    0.00    3.96    0.00    0.00    0.00   41.58

04:34:35 PM  CPU    %usr   %nice    %sys %iowait    %irq   %soft  %steal  %guest  %gnice   %idle
04:34:36 PM    0   40.00    0.00   16.00    0.00    0.00    3.00    0.00    0.00    0.00   41.00

04:34:36 PM  CPU    %usr   %nice    %sys %iowait    %irq   %soft  %steal  %guest  %gnice   %idle
04:34:37 PM    0   40.21    0.00   14.43    0.00    0.00    3.09    0.00    0.00    0.00   42.27

04:34:37 PM  CPU    %usr   %nice    %sys %iowait    %irq   %soft  %steal  %guest  %gnice   %idle
04:34:38 PM    0   36.73    0.00   17.35    0.00    0.00    4.08    0.00    0.00    0.00   41.84

04:34:38 PM  CPU    %usr   %nice    %sys %iowait    %irq   %soft  %steal  %guest  %gnice   %idle
04:34:39 PM    0   38.78    0.00   14.29    0.00    0.00    4.08    0.00    0.00    0.00   42.86

04:34:39 PM  CPU    %usr   %nice    %sys %iowait    %irq   %soft  %steal  %guest  %gnice   %idle
04:34:40 PM    0   37.37    0.00   14.14    0.00    0.00    7.07    0.00    0.00    0.00   41.41

04:34:40 PM  CPU    %usr   %nice    %sys %iowait    %irq   %soft  %steal  %guest  %gnice   %idle
04:34:41 PM    0   35.11    0.00   17.02    0.00    0.00    4.26    0.00    0.00    0.00   43.62

04:34:41 PM  CPU    %usr   %nice    %sys %iowait    %irq   %soft  %steal  %guest  %gnice   %idle
04:34:42 PM    0   41.00    0.00   13.00    0.00    0.00    4.00    0.00    0.00    0.00   42.00

04:34:42 PM  CPU    %usr   %nice    %sys %iowait    %irq   %soft  %steal  %guest  %gnice   %idle
04:34:43 PM    0   38.83    0.00   15.53    0.00    0.00    4.85    0.00    0.00    0.00   40.78

04:34:43 PM  CPU    %usr   %nice    %sys %iowait    %irq   %soft  %steal  %guest  %gnice   %idle
04:34:44 PM    0   37.11    0.00   14.43    0.00    0.00    6.19    0.00    0.00    0.00   42.27

04:34:44 PM  CPU    %usr   %nice    %sys %iowait    %irq   %soft  %steal  %guest  %gnice   %idle
04:34:45 PM    0   37.37    0.00   16.16    0.00    0.00    4.04    0.00    0.00    0.00   42.42

04:34:45 PM  CPU    %usr   %nice    %sys %iowait    %irq   %soft  %steal  %guest  %gnice   %idle
04:34:46 PM    0   38.38    0.00   15.15    0.00    0.00    4.04    0.00    0.00    0.00   42.42

04:34:46 PM  CPU    %usr   %nice    %sys %iowait    %irq   %soft  %steal  %guest  %gnice   %idle
04:34:47 PM    0   39.58    0.00   14.58    0.00    0.00    3.12    0.00    0.00    0.00   42.71

04:34:47 PM  CPU    %usr   %nice    %sys %iowait    %irq   %soft  %steal  %guest  %gnice   %idle
04:34:48 PM    0   38.38    0.00   15.15    0.00    0.00    5.05    0.00    0.00    0.00   41.41

04:34:48 PM  CPU    %usr   %nice    %sys %iowait    %irq   %soft  %steal  %guest  %gnice   %idle
04:34:49 PM    0   40.82    0.00   14.29    0.00    0.00    2.04    0.00    0.00    0.00   42.86

04:34:49 PM  CPU    %usr   %nice    %sys %iowait    %irq   %soft  %steal  %guest  %gnice   %idle
04:34:50 PM    0   39.05    0.00   15.24    0.00    0.00    4.76    0.00    0.00    0.00   40.95

04:34:50 PM  CPU    %usr   %nice    %sys %iowait    %irq   %soft  %steal  %guest  %gnice   %idle
04:34:51 PM    0   37.37    0.00   17.17    0.00    0.00    3.03    0.00    0.00    0.00   42.42

04:34:51 PM  CPU    %usr   %nice    %sys %iowait    %irq   %soft  %steal  %guest  %gnice   %idle
04:34:52 PM    0   38.00    0.00   17.00    0.00    0.00    4.00    0.00    0.00    0.00   41.00

04:34:52 PM  CPU    %usr   %nice    %sys %iowait    %irq   %soft  %steal  %guest  %gnice   %idle
04:34:53 PM    0   42.42    0.00   13.13    0.00    0.00    4.04    0.00    0.00    0.00   40.40

04:34:53 PM  CPU    %usr   %nice    %sys %iowait    %irq   %soft  %steal  %guest  %gnice   %idle
04:34:54 PM    0   39.22    0.00   14.71    0.00    0.00    5.88    0.00    0.00    0.00   40.20

04:34:54 PM  CPU    %usr   %nice    %sys %iowait    %irq   %soft  %steal  %guest  %gnice   %idle
04:34:55 PM    0   40.21    0.00   12.37    0.00    0.00    6.19    0.00    0.00    0.00   41.24

04:34:55 PM  CPU    %usr   %nice    %sys %iowait    %irq   %soft  %steal  %guest  %gnice   %idle
04:34:56 PM    0   39.00    0.00   17.00    0.00    0.00    2.00    0.00    0.00    0.00   42.00

04:34:56 PM  CPU    %usr   %nice    %sys %iowait    %irq   %soft  %steal  %guest  %gnice   %idle
04:34:57 PM    0   41.00    0.00   14.00    0.00    0.00    4.00    0.00    0.00    0.00   41.00

04:34:57 PM  CPU    %usr   %nice    %sys %iowait    %irq   %soft  %steal  %guest  %gnice   %idle
04:34:58 PM    0   41.41    0.00   14.14    0.00    0.00    3.03    0.00    0.00    0.00   41.41

04:34:58 PM  CPU    %usr   %nice    %sys %iowait    %irq   %soft  %steal  %guest  %gnice   %idle
04:34:59 PM    0   37.00    0.00   16.00    0.00    0.00    6.00    0.00    0.00    0.00   41.00

04:34:59 PM  CPU    %usr   %nice    %sys %iowait    %irq   %soft  %steal  %guest  %gnice   %idle
04:35:00 PM    0   38.78    0.00   16.33    0.00    0.00    3.06    0.00    0.00    0.00   41.84

04:35:00 PM  CPU    %usr   %nice    %sys %iowait    %irq   %soft  %steal  %guest  %gnice   %idle
04:35:01 PM    0   39.39    0.00   14.14    0.00    0.00    5.05    0.00    0.00    0.00   41.41

04:35:01 PM  CPU    %usr   %nice    %sys %iowait    %irq   %soft  %steal  %guest  %gnice   %idle
04:35:02 PM    0   41.00    0.00   14.00    0.00    0.00    3.00    0.00    0.00    0.00   42.00

04:35:02 PM  CPU    %usr   %nice    %sys %iowait    %irq   %soft  %steal  %guest  %gnice   %idle
04:35:03 PM    0   38.61    0.00   12.87    0.00    0.00    7.92    0.00    0.00    0.00   40.59

04:35:03 PM  CPU    %usr   %nice    %sys %iowait    %irq   %soft  %steal  %guest  %gnice   %idle
04:35:04 PM    0   36.00    0.00   17.00    0.00    0.00    6.00    0.00    0.00    0.00   41.00

04:35:04 PM  CPU    %usr   %nice    %sys %iowait    %irq   %soft  %steal  %guest  %gnice   %idle
04:35:05 PM    0   38.00    0.00   16.00    0.00    0.00    5.00    0.00    0.00    0.00   41.00

04:35:05 PM  CPU    %usr   %nice    %sys %iowait    %irq   %soft  %steal  %guest  %gnice   %idle
04:35:06 PM    0   39.00    0.00   16.00    0.00    0.00    4.00    0.00    0.00    0.00   41.00

04:35:06 PM  CPU    %usr   %nice    %sys %iowait    %irq   %soft  %steal  %guest  %gnice   %idle
04:35:07 PM    0   38.14    0.00   16.49    0.00    0.00    4.12    0.00    0.00    0.00   41.24

04:35:07 PM  CPU    %usr   %nice    %sys %iowait    %irq   %soft  %steal  %guest  %gnice   %idle
04:35:08 PM    0   37.00    0.00   17.00    0.00    0.00    5.00    0.00    0.00    0.00   41.00

04:35:08 PM  CPU    %usr   %nice    %sys %iowait    %irq   %soft  %steal  %guest  %gnice   %idle
04:35:09 PM    0   37.76    0.00   17.35    0.00    0.00    4.08    0.00    0.00    0.00   40.82

04:35:09 PM  CPU    %usr   %nice    %sys %iowait    %irq   %soft  %steal  %guest  %gnice   %idle
04:35:10 PM    0   38.14    0.00   15.46    0.00    0.00    4.12    0.00    0.00    0.00   42.27

04:35:10 PM  CPU    %usr   %nice    %sys %iowait    %irq   %soft  %steal  %guest  %gnice   %idle
04:35:11 PM    0   36.36    0.00   17.17    0.00    0.00    6.06    0.00    0.00    0.00   40.40

04:35:11 PM  CPU    %usr   %nice    %sys %iowait    %irq   %soft  %steal  %guest  %gnice   %idle
04:35:12 PM    0   37.37    0.00   18.18    0.00    0.00    3.03    0.00    0.00    0.00   41.41

04:35:12 PM  CPU    %usr   %nice    %sys %iowait    %irq   %soft  %steal  %guest  %gnice   %idle
04:35:13 PM    0   39.00    0.00   15.00    0.00    0.00    4.00    0.00    0.00    0.00   42.00

04:35:13 PM  CPU    %usr   %nice    %sys %iowait    %irq   %soft  %steal  %guest  %gnice   %idle
04:35:14 PM    0   38.00    0.00   17.00    0.00    0.00    4.00    0.00    0.00    0.00   41.00

04:35:14 PM  CPU    %usr   %nice    %sys %iowait    %irq   %soft  %steal  %guest  %gnice   %idle
04:35:15 PM    0   39.80    0.00   15.31    0.00    0.00    4.08    0.00    0.00    0.00   40.82

04:35:15 PM  CPU    %usr   %nice    %sys %iowait    %irq   %soft  %steal  %guest  %gnice   %idle
04:35:16 PM    0   41.41    0.00   13.13    0.00    0.00    4.04    0.00    0.00    0.00   41.41

04:35:16 PM  CPU    %usr   %nice    %sys %iowait    %irq   %soft  %steal  %guest  %gnice   %idle
04:35:17 PM    0   41.00    0.00   17.00    0.00    0.00    1.00    0.00    0.00    0.00   41.00

04:35:17 PM  CPU    %usr   %nice    %sys %iowait    %irq   %soft  %steal  %guest  %gnice   %idle
04:35:18 PM    0   39.00    0.00   16.00    0.00    0.00    4.00    0.00    0.00    0.00   41.00

04:35:18 PM  CPU    %usr   %nice    %sys %iowait    %irq   %soft  %steal  %guest  %gnice   %idle
04:35:19 PM    0   37.37    0.00   18.18    0.00    0.00    4.04    0.00    0.00    0.00   40.40

04:35:19 PM  CPU    %usr   %nice    %sys %iowait    %irq   %soft  %steal  %guest  %gnice   %idle
04:35:20 PM    0   39.18    0.00   15.46    0.00    0.00    4.12    0.00    0.00    0.00   41.24

04:35:20 PM  CPU    %usr   %nice    %sys %iowait    %irq   %soft  %steal  %guest  %gnice   %idle
04:35:21 PM    0   39.58    0.00   14.58    0.00    0.00    2.08    0.00    0.00    0.00   43.75

04:35:21 PM  CPU    %usr   %nice    %sys %iowait    %irq   %soft  %steal  %guest  %gnice   %idle
04:35:22 PM    0   38.78    0.00   15.31    0.00    0.00    4.08    0.00    0.00    0.00   41.84

04:35:22 PM  CPU    %usr   %nice    %sys %iowait    %irq   %soft  %steal  %guest  %gnice   %idle
04:35:23 PM    0   43.88    0.00   12.24    0.00    0.00    2.04    0.00    0.00    0.00   41.84

04:35:23 PM  CPU    %usr   %nice    %sys %iowait    %irq   %soft  %steal  %guest  %gnice   %idle
04:35:24 PM    0   36.00    0.00   17.00    0.00    0.00    4.00    0.00    0.00    0.00   43.00

04:35:24 PM  CPU    %usr   %nice    %sys %iowait    %irq   %soft  %steal  %guest  %gnice   %idle
04:35:25 PM    0   37.37    0.00   18.18    0.00    0.00    3.03    0.00    0.00    0.00   41.41

04:35:25 PM  CPU    %usr   %nice    %sys %iowait    %irq   %soft  %steal  %guest  %gnice   %idle
04:35:26 PM    0   43.43    0.00   10.10    0.00    0.00    4.04    0.00    0.00    0.00   42.42

04:35:26 PM  CPU    %usr   %nice    %sys %iowait    %irq   %soft  %steal  %guest  %gnice   %idle
04:35:27 PM    0   39.00    0.00   12.00    0.00    0.00    7.00    0.00    0.00    0.00   42.00

04:35:27 PM  CPU    %usr   %nice    %sys %iowait    %irq   %soft  %steal  %guest  %gnice   %idle
04:35:28 PM    0   43.14    0.00   12.75    0.00    0.00    3.92    0.00    0.00    0.00   40.20

04:35:28 PM  CPU    %usr   %nice    %sys %iowait    %irq   %soft  %steal  %guest  %gnice   %idle
04:35:29 PM    0   32.65    0.00   19.39    0.00    0.00    6.12    0.00    0.00    0.00   41.84

04:35:29 PM  CPU    %usr   %nice    %sys %iowait    %irq   %soft  %steal  %guest  %gnice   %idle
04:35:30 PM    0   36.36    0.00   19.19    0.00    0.00    2.02    0.00    0.00    0.00   42.42

04:35:30 PM  CPU    %usr   %nice    %sys %iowait    %irq   %soft  %steal  %guest  %gnice   %idle
04:35:31 PM    0   38.61    0.00   16.83    0.00    0.00    1.98    0.00    0.00    0.00   42.57

04:35:31 PM  CPU    %usr   %nice    %sys %iowait    %irq   %soft  %steal  %guest  %gnice   %idle
04:35:32 PM    0   39.18    0.00   13.40    0.00    0.00    4.12    0.00    0.00    0.00   43.30

04:35:32 PM  CPU    %usr   %nice    %sys %iowait    %irq   %soft  %steal  %guest  %gnice   %idle
04:35:33 PM    0   35.71    0.00   18.37    0.00    0.00    4.08    0.00    0.00    0.00   41.84

04:35:33 PM  CPU    %usr   %nice    %sys %iowait    %irq   %soft  %steal  %guest  %gnice   %idle
04:35:34 PM    0   39.58    0.00   14.58    0.00    0.00    2.08    0.00    0.00    0.00   43.75

04:35:34 PM  CPU    %usr   %nice    %sys %iowait    %irq   %soft  %steal  %guest  %gnice   %idle
04:35:35 PM    0   43.14    0.00   13.73    0.00    0.00    2.94    0.00    0.00    0.00   40.20

04:35:35 PM  CPU    %usr   %nice    %sys %iowait    %irq   %soft  %steal  %guest  %gnice   %idle
04:35:36 PM    0   38.38    0.00   15.15    0.00    0.00    5.05    0.00    0.00    0.00   41.41

04:35:36 PM  CPU    %usr   %nice    %sys %iowait    %irq   %soft  %steal  %guest  %gnice   %idle
04:35:37 PM    0   33.68    0.00   16.84    0.00    0.00    6.32    0.00    0.00    0.00   43.16

04:35:37 PM  CPU    %usr   %nice    %sys %iowait    %irq   %soft  %steal  %guest  %gnice   %idle
04:35:38 PM    0   41.24    0.00   12.37    0.00    0.00    4.12    0.00    0.00    0.00   42.27

04:35:38 PM  CPU    %usr   %nice    %sys %iowait    %irq   %soft  %steal  %guest  %gnice   %idle
04:35:39 PM    0   40.82    0.00   15.31    0.00    0.00    2.04    0.00    0.00    0.00   41.84

04:35:39 PM  CPU    %usr   %nice    %sys %iowait    %irq   %soft  %steal  %guest  %gnice   %idle
04:35:40 PM    0   37.11    0.00   18.56    0.00    0.00    2.06    0.00    0.00    0.00   42.27

04:35:40 PM  CPU    %usr   %nice    %sys %iowait    %irq   %soft  %steal  %guest  %gnice   %idle
04:35:41 PM    0   36.08    0.00   15.46    0.00    0.00    5.15    0.00    0.00    0.00   43.30

04:35:41 PM  CPU    %usr   %nice    %sys %iowait    %irq   %soft  %steal  %guest  %gnice   %idle
04:35:42 PM    0   41.00    0.00   13.00    0.00    0.00    4.00    0.00    0.00    0.00   42.00

04:35:42 PM  CPU    %usr   %nice    %sys %iowait    %irq   %soft  %steal  %guest  %gnice   %idle
04:35:43 PM    0   38.00    0.00   16.00    0.00    0.00    4.00    0.00    0.00    0.00   42.00

04:35:43 PM  CPU    %usr   %nice    %sys %iowait    %irq   %soft  %steal  %guest  %gnice   %idle
04:35:44 PM    0   37.89    0.00   14.74    0.00    0.00    4.21    0.00    0.00    0.00   43.16

04:35:44 PM  CPU    %usr   %nice    %sys %iowait    %irq   %soft  %steal  %guest  %gnice   %idle
04:35:45 PM    0   45.00    0.00   10.00    0.00    0.00    3.00    0.00    0.00    0.00   42.00

04:35:45 PM  CPU    %usr   %nice    %sys %iowait    %irq   %soft  %steal  %guest  %gnice   %idle
04:35:46 PM    0   37.37    0.00   16.16    0.00    0.00    4.04    0.00    0.00    0.00   42.42

04:35:46 PM  CPU    %usr   %nice    %sys %iowait    %irq   %soft  %steal  %guest  %gnice   %idle
04:35:47 PM    0   39.80    0.00   15.31    0.00    0.00    3.06    0.00    0.00    0.00   41.84

04:35:47 PM  CPU    %usr   %nice    %sys %iowait    %irq   %soft  %steal  %guest  %gnice   %idle
04:35:48 PM    0   36.36    0.00   19.19    0.00    0.00    3.03    0.00    0.00    0.00   41.41

04:35:48 PM  CPU    %usr   %nice    %sys %iowait    %irq   %soft  %steal  %guest  %gnice   %idle
04:35:49 PM    0   38.38    0.00   14.14    0.00    0.00    5.05    0.00    0.00    0.00   42.42

04:35:49 PM  CPU    %usr   %nice    %sys %iowait    %irq   %soft  %steal  %guest  %gnice   %idle
04:35:50 PM    0   38.38    0.00   16.16    0.00    0.00    3.03    0.00    0.00    0.00   42.42

04:35:50 PM  CPU    %usr   %nice    %sys %iowait    %irq   %soft  %steal  %guest  %gnice   %idle
04:35:51 PM    0   35.00    0.00   20.00    0.00    0.00    4.00    0.00    0.00    0.00   41.00

04:35:51 PM  CPU    %usr   %nice    %sys %iowait    %irq   %soft  %steal  %guest  %gnice   %idle
04:35:52 PM    0   40.20    0.00   15.69    0.00    0.00    1.96    0.00    0.00    0.00   42.16

04:35:52 PM  CPU    %usr   %nice    %sys %iowait    %irq   %soft  %steal  %guest  %gnice   %idle
04:35:53 PM    0   41.41    0.00   13.13    0.00    0.00    4.04    0.00    0.00    0.00   41.41

04:35:53 PM  CPU    %usr   %nice    %sys %iowait    %irq   %soft  %steal  %guest  %gnice   %idle
04:35:54 PM    0   38.78    0.00   13.27    0.00    0.00    5.10    0.00    0.00    0.00   42.86

04:35:54 PM  CPU    %usr   %nice    %sys %iowait    %irq   %soft  %steal  %guest  %gnice   %idle
04:35:55 PM    0   40.40    0.00   13.13    0.00    0.00    5.05    0.00    0.00    0.00   41.41

04:35:55 PM  CPU    %usr   %nice    %sys %iowait    %irq   %soft  %steal  %guest  %gnice   %idle
04:35:56 PM    0   38.38    0.00   17.17    0.00    0.00    2.02    0.00    0.00    0.00   42.42

04:35:56 PM  CPU    %usr   %nice    %sys %iowait    %irq   %soft  %steal  %guest  %gnice   %idle
04:35:57 PM    0   40.21    0.00   13.40    0.00    0.00    4.12    0.00    0.00    0.00   42.27

04:35:57 PM  CPU    %usr   %nice    %sys %iowait    %irq   %soft  %steal  %guest  %gnice   %idle
04:35:58 PM    0   39.81    0.00   17.48    0.00    0.00    1.94    0.00    0.00    0.00   40.78

04:35:58 PM  CPU    %usr   %nice    %sys %iowait    %irq   %soft  %steal  %guest  %gnice   %idle
04:35:59 PM    0   38.24    0.00   15.69    0.00    0.00    5.88    0.00    0.00    0.00   40.20

04:35:59 PM  CPU    %usr   %nice    %sys %iowait    %irq   %soft  %steal  %guest  %gnice   %idle
04:36:00 PM    0   38.14    0.00   12.37    0.00    0.00    6.19    0.00    0.00    0.00   43.30

04:36:00 PM  CPU    %usr   %nice    %sys %iowait    %irq   %soft  %steal  %guest  %gnice   %idle
04:36:01 PM    0   38.61    0.00   13.86    0.00    0.00    5.94    0.00    0.00    0.00   41.58

04:36:01 PM  CPU    %usr   %nice    %sys %iowait    %irq   %soft  %steal  %guest  %gnice   %idle
04:36:02 PM    0   39.00    0.00   15.00    0.00    0.00    4.00    0.00    0.00    0.00   42.00

04:36:02 PM  CPU    %usr   %nice    %sys %iowait    %irq   %soft  %steal  %guest  %gnice   %idle
04:36:03 PM    0   38.78    0.00   15.31    0.00    0.00    3.06    0.00    0.00    0.00   42.86

04:36:03 PM  CPU    %usr   %nice    %sys %iowait    %irq   %soft  %steal  %guest  %gnice   %idle
04:36:04 PM    0   38.78    0.00   15.31    0.00    0.00    2.04    0.00    0.00    0.00   43.88

04:36:04 PM  CPU    %usr   %nice    %sys %iowait    %irq   %soft  %steal  %guest  %gnice   %idle
04:36:05 PM    0   41.84    0.00   13.27    0.00    0.00    2.04    0.00    0.00    0.00   42.86

04:36:05 PM  CPU    %usr   %nice    %sys %iowait    %irq   %soft  %steal  %guest  %gnice   %idle
04:36:06 PM    0   37.37    0.00   14.14    0.00    0.00    6.06    0.00    0.00    0.00   42.42

04:36:06 PM  CPU    %usr   %nice    %sys %iowait    %irq   %soft  %steal  %guest  %gnice   %idle
04:36:07 PM    0   38.83    0.00   14.56    0.00    0.00    4.85    0.00    0.00    0.00   41.75

04:36:07 PM  CPU    %usr   %nice    %sys %iowait    %irq   %soft  %steal  %guest  %gnice   %idle
04:36:08 PM    0   38.78    0.00   16.33    0.00    0.00    3.06    0.00    0.00    0.00   41.84

04:36:08 PM  CPU    %usr   %nice    %sys %iowait    %irq   %soft  %steal  %guest  %gnice   %idle
04:36:09 PM    0   39.60    0.00   16.83    0.00    0.00    2.97    0.00    0.00    0.00   40.59

04:36:09 PM  CPU    %usr   %nice    %sys %iowait    %irq   %soft  %steal  %guest  %gnice   %idle
04:36:10 PM    0   39.00    0.00   15.00    0.00    0.00    4.00    0.00    0.00    0.00   42.00

04:36:10 PM  CPU    %usr   %nice    %sys %iowait    %irq   %soft  %steal  %guest  %gnice   %idle
04:36:11 PM    0   41.00    0.00   14.00    0.00    0.00    4.00    0.00    0.00    0.00   41.00

04:36:11 PM  CPU    %usr   %nice    %sys %iowait    %irq   %soft  %steal  %guest  %gnice   %idle
04:36:12 PM    0   42.42    0.00   12.12    0.00    0.00    3.03    0.00    0.00    0.00   42.42

04:36:12 PM  CPU    %usr   %nice    %sys %iowait    %irq   %soft  %steal  %guest  %gnice   %idle
04:36:13 PM    0   37.11    0.00   14.43    0.00    0.00    5.15    0.00    0.00    0.00   43.30

04:36:13 PM  CPU    %usr   %nice    %sys %iowait    %irq   %soft  %steal  %guest  %gnice   %idle
04:36:14 PM    0   38.78    0.00   14.29    0.00    0.00    4.08    0.00    0.00    0.00   42.86

04:36:14 PM  CPU    %usr   %nice    %sys %iowait    %irq   %soft  %steal  %guest  %gnice   %idle
04:36:15 PM    0   38.38    0.00   16.16    0.00    0.00    4.04    0.00    0.00    0.00   41.41

04:36:15 PM  CPU    %usr   %nice    %sys %iowait    %irq   %soft  %steal  %guest  %gnice   %idle
04:36:16 PM    0   41.24    0.00   11.34    0.00    0.00    4.12    0.00    0.00    0.00   43.30

04:36:16 PM  CPU    %usr   %nice    %sys %iowait    %irq   %soft  %steal  %guest  %gnice   %idle
04:36:17 PM    0   38.00    0.00   16.00    0.00    0.00    5.00    0.00    0.00    0.00   41.00

Average:     CPU    %usr   %nice    %sys %iowait    %irq   %soft  %steal  %guest  %gnice   %idle
Average:       0   38.95    0.00   15.28    0.00    0.00    3.93    0.00    0.00    0.00   41.84
