Performing C SOURCE FILE Test CMAKE_HAVE_LIBC_PTHREAD failed with the following output:
Change Dir: /home/cw/course/csc9006/repo/lab3/example_answer/cmake/build/CMakeFiles/CMakeTmp

Run Build Command(s):/usr/bin/make cmTC_4b74f/fast && /usr/bin/make -f CMakeFiles/cmTC_4b74f.dir/build.make CMakeFiles/cmTC_4b74f.dir/build
make[1]: Entering directory '/home/cw/course/csc9006/repo/lab3/example_answer/cmake/build/CMakeFiles/CMakeTmp'
Building C object CMakeFiles/cmTC_4b74f.dir/src.c.o
/usr/bin/cc   -DCMAKE_HAVE_LIBC_PTHREAD   -o CMakeFiles/cmTC_4b74f.dir/src.c.o   -c /home/cw/course/csc9006/repo/lab3/example_answer/cmake/build/CMakeFiles/CMakeTmp/src.c
Linking C executable cmTC_4b74f
/home/cw/.local/bin/cmake -E cmake_link_script CMakeFiles/cmTC_4b74f.dir/link.txt --verbose=1
/usr/bin/cc  -DCMAKE_HAVE_LIBC_PTHREAD    CMakeFiles/cmTC_4b74f.dir/src.c.o  -o cmTC_4b74f 
CMakeFiles/cmTC_4b74f.dir/src.c.o: In function `main':
src.c:(.text+0x3e): undefined reference to `pthread_create'
src.c:(.text+0x4a): undefined reference to `pthread_detach'
src.c:(.text+0x56): undefined reference to `pthread_cancel'
src.c:(.text+0x67): undefined reference to `pthread_join'
src.c:(.text+0x7b): undefined reference to `pthread_atfork'
collect2: error: ld returned 1 exit status
CMakeFiles/cmTC_4b74f.dir/build.make:103: recipe for target 'cmTC_4b74f' failed
make[1]: *** [cmTC_4b74f] Error 1
make[1]: Leaving directory '/home/cw/course/csc9006/repo/lab3/example_answer/cmake/build/CMakeFiles/CMakeTmp'
Makefile:138: recipe for target 'cmTC_4b74f/fast' failed
make: *** [cmTC_4b74f/fast] Error 2


Source file was:
#include <pthread.h>

void* test_func(void* data)
{
  return data;
}

int main(void)
{
  pthread_t thread;
  pthread_create(&thread, NULL, test_func, NULL);
  pthread_detach(thread);
  pthread_cancel(thread);
  pthread_join(thread, NULL);
  pthread_atfork(NULL, NULL, NULL);
  pthread_exit(NULL);

  return 0;
}

Determining if the function pthread_create exists in the pthreads failed with the following output:
Change Dir: /home/cw/course/csc9006/repo/lab3/example_answer/cmake/build/CMakeFiles/CMakeTmp

Run Build Command(s):/usr/bin/make cmTC_8c12a/fast && /usr/bin/make -f CMakeFiles/cmTC_8c12a.dir/build.make CMakeFiles/cmTC_8c12a.dir/build
make[1]: Entering directory '/home/cw/course/csc9006/repo/lab3/example_answer/cmake/build/CMakeFiles/CMakeTmp'
Building C object CMakeFiles/cmTC_8c12a.dir/CheckFunctionExists.c.o
/usr/bin/cc   -DCHECK_FUNCTION_EXISTS=pthread_create   -o CMakeFiles/cmTC_8c12a.dir/CheckFunctionExists.c.o   -c /home/cw/.local/share/cmake-3.17/Modules/CheckFunctionExists.c
Linking C executable cmTC_8c12a
/home/cw/.local/bin/cmake -E cmake_link_script CMakeFiles/cmTC_8c12a.dir/link.txt --verbose=1
/usr/bin/cc  -DCHECK_FUNCTION_EXISTS=pthread_create    CMakeFiles/cmTC_8c12a.dir/CheckFunctionExists.c.o  -o cmTC_8c12a  -lpthreads 
/usr/bin/ld: cannot find -lpthreads
collect2: error: ld returned 1 exit status
CMakeFiles/cmTC_8c12a.dir/build.make:103: recipe for target 'cmTC_8c12a' failed
make[1]: *** [cmTC_8c12a] Error 1
make[1]: Leaving directory '/home/cw/course/csc9006/repo/lab3/example_answer/cmake/build/CMakeFiles/CMakeTmp'
Makefile:138: recipe for target 'cmTC_8c12a/fast' failed
make: *** [cmTC_8c12a/fast] Error 2



