Linux 5.3.0-61-generic (cw-zenbook) 	07/16/2020 	_x86_64_	(8 CPU)

03:34:05 PM  CPU    %usr   %nice    %sys %iowait    %irq   %soft  %steal  %guest  %gnice   %idle
03:34:06 PM    0   68.32    0.00   22.77    0.00    0.00    4.95    0.00    0.00    0.00    3.96

03:34:06 PM  CPU    %usr   %nice    %sys %iowait    %irq   %soft  %steal  %guest  %gnice   %idle
03:34:07 PM    0   68.63    0.00   18.63    0.00    0.00    8.82    0.00    0.00    0.00    3.92

03:34:07 PM  CPU    %usr   %nice    %sys %iowait    %irq   %soft  %steal  %guest  %gnice   %idle
03:34:08 PM    0   65.35    0.00   26.73    0.00    0.00    4.95    0.00    0.00    0.00    2.97

03:34:08 PM  CPU    %usr   %nice    %sys %iowait    %irq   %soft  %steal  %guest  %gnice   %idle
03:34:09 PM    0   68.00    0.00   24.00    0.00    0.00    6.00    0.00    0.00    0.00    2.00

03:34:09 PM  CPU    %usr   %nice    %sys %iowait    %irq   %soft  %steal  %guest  %gnice   %idle
03:34:10 PM    0   68.37    0.00   22.45    0.00    0.00    6.12    0.00    0.00    0.00    3.06

03:34:10 PM  CPU    %usr   %nice    %sys %iowait    %irq   %soft  %steal  %guest  %gnice   %idle
03:34:11 PM    0   70.00    0.00   21.00    0.00    0.00    6.00    0.00    0.00    0.00    3.00

03:34:11 PM  CPU    %usr   %nice    %sys %iowait    %irq   %soft  %steal  %guest  %gnice   %idle
03:34:12 PM    0   62.38    0.00   24.75    0.00    0.00    8.91    0.00    0.00    0.00    3.96

03:34:12 PM  CPU    %usr   %nice    %sys %iowait    %irq   %soft  %steal  %guest  %gnice   %idle
03:34:13 PM    0   63.27    0.00   27.55    0.00    0.00    6.12    0.00    0.00    0.00    3.06

03:34:13 PM  CPU    %usr   %nice    %sys %iowait    %irq   %soft  %steal  %guest  %gnice   %idle
03:34:14 PM    0   66.67    0.00   25.25    0.00    0.00    5.05    0.00    0.00    0.00    3.03

03:34:14 PM  CPU    %usr   %nice    %sys %iowait    %irq   %soft  %steal  %guest  %gnice   %idle
03:34:15 PM    0   62.75    0.00   27.45    0.00    0.00    5.88    0.00    0.00    0.00    3.92

03:34:15 PM  CPU    %usr   %nice    %sys %iowait    %irq   %soft  %steal  %guest  %gnice   %idle
03:34:16 PM    0   67.68    0.00   22.22    0.00    0.00    6.06    0.00    0.00    0.00    4.04

03:34:16 PM  CPU    %usr   %nice    %sys %iowait    %irq   %soft  %steal  %guest  %gnice   %idle
03:34:17 PM    0   61.00    0.00   29.00    0.00    0.00    6.00    0.00    0.00    0.00    4.00

03:34:17 PM  CPU    %usr   %nice    %sys %iowait    %irq   %soft  %steal  %guest  %gnice   %idle
03:34:18 PM    0   64.71    0.00   24.51    0.00    0.00    6.86    0.00    0.00    0.00    3.92

03:34:18 PM  CPU    %usr   %nice    %sys %iowait    %irq   %soft  %steal  %guest  %gnice   %idle
03:34:19 PM    0   67.68    0.00   24.24    0.00    0.00    5.05    0.00    0.00    0.00    3.03

03:34:19 PM  CPU    %usr   %nice    %sys %iowait    %irq   %soft  %steal  %guest  %gnice   %idle
03:34:20 PM    0   61.00    0.00   27.00    0.00    0.00    9.00    0.00    0.00    0.00    3.00

03:34:20 PM  CPU    %usr   %nice    %sys %iowait    %irq   %soft  %steal  %guest  %gnice   %idle
03:34:21 PM    0   71.00    0.00   19.00    0.00    0.00    8.00    0.00    0.00    0.00    2.00

03:34:21 PM  CPU    %usr   %nice    %sys %iowait    %irq   %soft  %steal  %guest  %gnice   %idle
03:34:22 PM    0   62.38    0.00   25.74    0.00    0.00    8.91    0.00    0.00    0.00    2.97

03:34:22 PM  CPU    %usr   %nice    %sys %iowait    %irq   %soft  %steal  %guest  %gnice   %idle
03:34:23 PM    0   68.00    0.00   25.00    0.00    0.00    5.00    0.00    0.00    0.00    2.00

03:34:23 PM  CPU    %usr   %nice    %sys %iowait    %irq   %soft  %steal  %guest  %gnice   %idle
03:34:24 PM    0   68.63    0.00   21.57    0.00    0.00    5.88    0.00    0.00    0.00    3.92

03:34:24 PM  CPU    %usr   %nice    %sys %iowait    %irq   %soft  %steal  %guest  %gnice   %idle
03:34:25 PM    0   59.18    0.00   30.61    0.00    0.00    7.14    0.00    0.00    0.00    3.06

03:34:25 PM  CPU    %usr   %nice    %sys %iowait    %irq   %soft  %steal  %guest  %gnice   %idle
03:34:26 PM    0   64.00    0.00   27.00    0.00    0.00    7.00    0.00    0.00    0.00    2.00

03:34:26 PM  CPU    %usr   %nice    %sys %iowait    %irq   %soft  %steal  %guest  %gnice   %idle
03:34:27 PM    0   67.33    0.00   25.74    0.00    0.00    3.96    0.00    0.00    0.00    2.97

03:34:27 PM  CPU    %usr   %nice    %sys %iowait    %irq   %soft  %steal  %guest  %gnice   %idle
03:34:28 PM    0   63.92    0.00   26.80    0.00    0.00    7.22    0.00    0.00    0.00    2.06

03:34:28 PM  CPU    %usr   %nice    %sys %iowait    %irq   %soft  %steal  %guest  %gnice   %idle
03:34:29 PM    0   68.69    0.00   20.20    0.00    0.00    8.08    0.00    0.00    0.00    3.03

03:34:29 PM  CPU    %usr   %nice    %sys %iowait    %irq   %soft  %steal  %guest  %gnice   %idle
03:34:30 PM    0   65.35    0.00   22.77    0.00    0.00    6.93    0.00    0.00    0.00    4.95

03:34:30 PM  CPU    %usr   %nice    %sys %iowait    %irq   %soft  %steal  %guest  %gnice   %idle
03:34:31 PM    0   63.64    0.00   23.23    0.00    0.00    9.09    0.00    0.00    0.00    4.04

03:34:31 PM  CPU    %usr   %nice    %sys %iowait    %irq   %soft  %steal  %guest  %gnice   %idle
03:34:32 PM    0   68.00    0.00   22.00    0.00    0.00    6.00    0.00    0.00    0.00    4.00

03:34:32 PM  CPU    %usr   %nice    %sys %iowait    %irq   %soft  %steal  %guest  %gnice   %idle
03:34:33 PM    0   65.00    0.00   24.00    0.00    0.00    7.00    0.00    0.00    0.00    4.00

03:34:33 PM  CPU    %usr   %nice    %sys %iowait    %irq   %soft  %steal  %guest  %gnice   %idle
03:34:34 PM    0   61.76    0.00   26.47    0.00    0.00    6.86    0.00    0.00    0.00    4.90

03:34:34 PM  CPU    %usr   %nice    %sys %iowait    %irq   %soft  %steal  %guest  %gnice   %idle
03:34:35 PM    0   67.68    0.00   22.22    0.00    0.00    7.07    0.00    0.00    0.00    3.03

03:34:35 PM  CPU    %usr   %nice    %sys %iowait    %irq   %soft  %steal  %guest  %gnice   %idle
03:34:36 PM    0   67.00    0.00   26.00    0.00    0.00    3.00    0.00    0.00    0.00    4.00

03:34:36 PM  CPU    %usr   %nice    %sys %iowait    %irq   %soft  %steal  %guest  %gnice   %idle
03:34:37 PM    0   68.00    0.00   23.00    0.00    0.00    6.00    0.00    0.00    0.00    3.00

03:34:37 PM  CPU    %usr   %nice    %sys %iowait    %irq   %soft  %steal  %guest  %gnice   %idle
03:34:38 PM    0   67.68    0.00   23.23    0.00    0.00    8.08    0.00    0.00    0.00    1.01

03:34:38 PM  CPU    %usr   %nice    %sys %iowait    %irq   %soft  %steal  %guest  %gnice   %idle
03:34:39 PM    0   59.79    0.00   28.87    0.00    0.00    8.25    0.00    0.00    0.00    3.09

03:34:39 PM  CPU    %usr   %nice    %sys %iowait    %irq   %soft  %steal  %guest  %gnice   %idle
03:34:40 PM    0   61.17    0.00   29.13    0.00    0.00    5.83    0.00    0.00    0.00    3.88

03:34:40 PM  CPU    %usr   %nice    %sys %iowait    %irq   %soft  %steal  %guest  %gnice   %idle
03:34:41 PM    0   64.29    0.00   25.51    0.00    0.00    6.12    0.00    0.00    0.00    4.08

03:34:41 PM  CPU    %usr   %nice    %sys %iowait    %irq   %soft  %steal  %guest  %gnice   %idle
03:34:42 PM    0   65.00    0.00   27.00    0.00    0.00    4.00    0.00    0.00    0.00    4.00

03:34:42 PM  CPU    %usr   %nice    %sys %iowait    %irq   %soft  %steal  %guest  %gnice   %idle
03:34:43 PM    0   60.00    0.00   30.00    0.00    0.00    5.00    0.00    0.00    0.00    5.00

03:34:43 PM  CPU    %usr   %nice    %sys %iowait    %irq   %soft  %steal  %guest  %gnice   %idle
03:34:44 PM    0   63.64    0.00   28.28    0.00    0.00    5.05    0.00    0.00    0.00    3.03

03:34:44 PM  CPU    %usr   %nice    %sys %iowait    %irq   %soft  %steal  %guest  %gnice   %idle
03:34:45 PM    0   70.00    0.00   23.00    0.00    0.00    4.00    0.00    0.00    0.00    3.00

03:34:45 PM  CPU    %usr   %nice    %sys %iowait    %irq   %soft  %steal  %guest  %gnice   %idle
03:34:46 PM    0   60.78    0.00   28.43    0.00    0.00    8.82    0.00    0.00    0.00    1.96

03:34:46 PM  CPU    %usr   %nice    %sys %iowait    %irq   %soft  %steal  %guest  %gnice   %idle
03:34:47 PM    0   67.00    0.00   25.00    0.00    0.00    6.00    0.00    0.00    0.00    2.00

03:34:47 PM  CPU    %usr   %nice    %sys %iowait    %irq   %soft  %steal  %guest  %gnice   %idle
03:34:48 PM    0   66.67    0.00   27.27    0.00    0.00    6.06    0.00    0.00    0.00    0.00

03:34:48 PM  CPU    %usr   %nice    %sys %iowait    %irq   %soft  %steal  %guest  %gnice   %idle
03:34:49 PM    0   64.00    0.00   30.00    0.00    0.00    5.00    0.00    0.00    0.00    1.00

03:34:49 PM  CPU    %usr   %nice    %sys %iowait    %irq   %soft  %steal  %guest  %gnice   %idle
03:34:50 PM    0   69.00    0.00   25.00    0.00    0.00    6.00    0.00    0.00    0.00    0.00

03:34:50 PM  CPU    %usr   %nice    %sys %iowait    %irq   %soft  %steal  %guest  %gnice   %idle
03:34:51 PM    0   72.00    0.00   20.00    0.00    0.00    7.00    0.00    0.00    0.00    1.00

03:34:51 PM  CPU    %usr   %nice    %sys %iowait    %irq   %soft  %steal  %guest  %gnice   %idle
03:34:52 PM    0   67.68    0.00   27.27    0.00    0.00    5.05    0.00    0.00    0.00    0.00

03:34:52 PM  CPU    %usr   %nice    %sys %iowait    %irq   %soft  %steal  %guest  %gnice   %idle
03:34:53 PM    0   68.32    0.00   20.79    0.00    0.00    8.91    0.00    0.00    0.00    1.98

03:34:53 PM  CPU    %usr   %nice    %sys %iowait    %irq   %soft  %steal  %guest  %gnice   %idle
03:34:54 PM    0   64.65    0.00   24.24    0.00    0.00   10.10    0.00    0.00    0.00    1.01

03:34:54 PM  CPU    %usr   %nice    %sys %iowait    %irq   %soft  %steal  %guest  %gnice   %idle
03:34:55 PM    0   64.36    0.00   29.70    0.00    0.00    2.97    0.00    0.00    0.00    2.97

03:34:55 PM  CPU    %usr   %nice    %sys %iowait    %irq   %soft  %steal  %guest  %gnice   %idle
03:34:56 PM    0   62.63    0.00   28.28    0.00    0.00    6.06    0.00    0.00    0.00    3.03

03:34:56 PM  CPU    %usr   %nice    %sys %iowait    %irq   %soft  %steal  %guest  %gnice   %idle
03:34:57 PM    0   67.00    0.00   21.00    0.00    0.00   10.00    0.00    0.00    0.00    2.00

03:34:57 PM  CPU    %usr   %nice    %sys %iowait    %irq   %soft  %steal  %guest  %gnice   %idle
03:34:58 PM    0   63.37    0.00   24.75    0.00    0.00   10.89    0.00    0.00    0.00    0.99

03:34:58 PM  CPU    %usr   %nice    %sys %iowait    %irq   %soft  %steal  %guest  %gnice   %idle
03:34:59 PM    0   62.63    0.00   31.31    0.00    0.00    5.05    0.00    0.00    0.00    1.01

03:34:59 PM  CPU    %usr   %nice    %sys %iowait    %irq   %soft  %steal  %guest  %gnice   %idle
03:35:00 PM    0   65.66    0.00   27.27    0.00    0.00    5.05    0.00    0.00    0.00    2.02

03:35:00 PM  CPU    %usr   %nice    %sys %iowait    %irq   %soft  %steal  %guest  %gnice   %idle
03:35:01 PM    0   61.76    0.00   25.49    0.00    0.00    8.82    0.00    0.00    0.00    3.92

03:35:01 PM  CPU    %usr   %nice    %sys %iowait    %irq   %soft  %steal  %guest  %gnice   %idle
03:35:02 PM    0   68.69    0.00   27.27    0.00    0.00    3.03    0.00    0.00    0.00    1.01

03:35:02 PM  CPU    %usr   %nice    %sys %iowait    %irq   %soft  %steal  %guest  %gnice   %idle
03:35:03 PM    0   66.00    0.00   28.00    0.00    0.00    5.00    0.00    0.00    0.00    1.00

03:35:03 PM  CPU    %usr   %nice    %sys %iowait    %irq   %soft  %steal  %guest  %gnice   %idle
03:35:04 PM    0   71.00    0.00   22.00    0.00    0.00    6.00    0.00    0.00    0.00    1.00

03:35:04 PM  CPU    %usr   %nice    %sys %iowait    %irq   %soft  %steal  %guest  %gnice   %idle
03:35:05 PM    0   63.00    0.00   27.00    0.00    0.00    9.00    0.00    0.00    0.00    1.00

03:35:05 PM  CPU    %usr   %nice    %sys %iowait    %irq   %soft  %steal  %guest  %gnice   %idle
03:35:06 PM    0   65.66    0.00   28.28    0.00    0.00    4.04    0.00    0.00    0.00    2.02

03:35:06 PM  CPU    %usr   %nice    %sys %iowait    %irq   %soft  %steal  %guest  %gnice   %idle
03:35:07 PM    0   64.00    0.00   28.00    0.00    0.00    5.00    0.00    0.00    0.00    3.00

03:35:07 PM  CPU    %usr   %nice    %sys %iowait    %irq   %soft  %steal  %guest  %gnice   %idle
03:35:08 PM    0   70.41    0.00   22.45    0.00    0.00    4.08    0.00    0.00    0.00    3.06

03:35:08 PM  CPU    %usr   %nice    %sys %iowait    %irq   %soft  %steal  %guest  %gnice   %idle
03:35:09 PM    0   70.59    0.00   18.63    0.00    0.00    6.86    0.00    0.00    0.00    3.92

03:35:09 PM  CPU    %usr   %nice    %sys %iowait    %irq   %soft  %steal  %guest  %gnice   %idle
03:35:10 PM    0   64.29    0.00   25.51    0.00    0.00    7.14    0.00    0.00    0.00    3.06

03:35:10 PM  CPU    %usr   %nice    %sys %iowait    %irq   %soft  %steal  %guest  %gnice   %idle
03:35:11 PM    0   67.33    0.00   25.74    0.00    0.00    4.95    0.00    0.00    0.00    1.98

03:35:11 PM  CPU    %usr   %nice    %sys %iowait    %irq   %soft  %steal  %guest  %gnice   %idle
03:35:12 PM    0   71.29    0.00   19.80    0.00    0.00    6.93    0.00    0.00    0.00    1.98

03:35:12 PM  CPU    %usr   %nice    %sys %iowait    %irq   %soft  %steal  %guest  %gnice   %idle
03:35:13 PM    0   65.69    0.00   26.47    0.00    0.00    5.88    0.00    0.00    0.00    1.96

03:35:13 PM  CPU    %usr   %nice    %sys %iowait    %irq   %soft  %steal  %guest  %gnice   %idle
03:35:14 PM    0   66.33    0.00   25.51    0.00    0.00    6.12    0.00    0.00    0.00    2.04

03:35:14 PM  CPU    %usr   %nice    %sys %iowait    %irq   %soft  %steal  %guest  %gnice   %idle
03:35:15 PM    0   62.14    0.00   27.18    0.00    0.00    7.77    0.00    0.00    0.00    2.91

03:35:15 PM  CPU    %usr   %nice    %sys %iowait    %irq   %soft  %steal  %guest  %gnice   %idle
03:35:16 PM    0   66.33    0.00   26.53    0.00    0.00    7.14    0.00    0.00    0.00    0.00

03:35:16 PM  CPU    %usr   %nice    %sys %iowait    %irq   %soft  %steal  %guest  %gnice   %idle
03:35:17 PM    0   67.33    0.00   24.75    0.00    0.00    5.94    0.00    0.00    0.00    1.98

03:35:17 PM  CPU    %usr   %nice    %sys %iowait    %irq   %soft  %steal  %guest  %gnice   %idle
03:35:18 PM    0   69.31    0.00   24.75    0.00    0.00    4.95    0.00    0.00    0.00    0.99

03:35:18 PM  CPU    %usr   %nice    %sys %iowait    %irq   %soft  %steal  %guest  %gnice   %idle
03:35:19 PM    0   67.68    0.00   24.24    0.00    0.00    6.06    0.00    0.00    0.00    2.02

03:35:19 PM  CPU    %usr   %nice    %sys %iowait    %irq   %soft  %steal  %guest  %gnice   %idle
03:35:20 PM    0   67.33    0.00   25.74    0.00    0.00    3.96    0.00    0.00    0.00    2.97

03:35:20 PM  CPU    %usr   %nice    %sys %iowait    %irq   %soft  %steal  %guest  %gnice   %idle
03:35:21 PM    0   69.00    0.00   22.00    0.00    0.00    7.00    0.00    0.00    0.00    2.00

03:35:21 PM  CPU    %usr   %nice    %sys %iowait    %irq   %soft  %steal  %guest  %gnice   %idle
03:35:22 PM    0   70.41    0.00   21.43    0.00    0.00    7.14    0.00    0.00    0.00    1.02

03:35:22 PM  CPU    %usr   %nice    %sys %iowait    %irq   %soft  %steal  %guest  %gnice   %idle
03:35:23 PM    0   60.61    0.00   31.31    0.00    0.00    7.07    0.00    0.00    0.00    1.01

03:35:23 PM  CPU    %usr   %nice    %sys %iowait    %irq   %soft  %steal  %guest  %gnice   %idle
03:35:24 PM    0   67.33    0.00   23.76    0.00    0.00    7.92    0.00    0.00    0.00    0.99

03:35:24 PM  CPU    %usr   %nice    %sys %iowait    %irq   %soft  %steal  %guest  %gnice   %idle
03:35:25 PM    0   67.00    0.00   27.00    0.00    0.00    5.00    0.00    0.00    0.00    1.00

03:35:25 PM  CPU    %usr   %nice    %sys %iowait    %irq   %soft  %steal  %guest  %gnice   %idle
03:35:26 PM    0   68.00    0.00   25.00    0.00    0.00    5.00    0.00    0.00    0.00    2.00

03:35:26 PM  CPU    %usr   %nice    %sys %iowait    %irq   %soft  %steal  %guest  %gnice   %idle
03:35:27 PM    0   63.00    0.00   30.00    0.00    0.00    4.00    0.00    0.00    0.00    3.00

03:35:27 PM  CPU    %usr   %nice    %sys %iowait    %irq   %soft  %steal  %guest  %gnice   %idle
03:35:28 PM    0   65.66    0.00   26.26    0.00    0.00    6.06    0.00    0.00    0.00    2.02

03:35:28 PM  CPU    %usr   %nice    %sys %iowait    %irq   %soft  %steal  %guest  %gnice   %idle
03:35:29 PM    0   65.35    0.00   25.74    0.00    0.00    6.93    0.00    0.00    0.00    1.98

03:35:29 PM  CPU    %usr   %nice    %sys %iowait    %irq   %soft  %steal  %guest  %gnice   %idle
03:35:30 PM    0   66.00    0.00   25.00    0.00    0.00    8.00    0.00    0.00    0.00    1.00

03:35:30 PM  CPU    %usr   %nice    %sys %iowait    %irq   %soft  %steal  %guest  %gnice   %idle
03:35:31 PM    0   64.00    0.00   28.00    0.00    0.00    6.00    0.00    0.00    0.00    2.00

03:35:31 PM  CPU    %usr   %nice    %sys %iowait    %irq   %soft  %steal  %guest  %gnice   %idle
03:35:32 PM    0   64.65    0.00   27.27    0.00    0.00    7.07    0.00    0.00    0.00    1.01

03:35:32 PM  CPU    %usr   %nice    %sys %iowait    %irq   %soft  %steal  %guest  %gnice   %idle
03:35:33 PM    0   70.00    0.00   24.00    0.00    0.00    6.00    0.00    0.00    0.00    0.00

03:35:33 PM  CPU    %usr   %nice    %sys %iowait    %irq   %soft  %steal  %guest  %gnice   %idle
03:35:34 PM    0   63.00    0.00   30.00    0.00    0.00    5.00    0.00    0.00    0.00    2.00

03:35:34 PM  CPU    %usr   %nice    %sys %iowait    %irq   %soft  %steal  %guest  %gnice   %idle
03:35:35 PM    0   62.38    0.00   25.74    0.00    0.00    8.91    0.00    0.00    0.00    2.97

03:35:35 PM  CPU    %usr   %nice    %sys %iowait    %irq   %soft  %steal  %guest  %gnice   %idle
03:35:36 PM    0   63.27    0.00   25.51    0.00    0.00    7.14    0.00    0.00    0.00    4.08

03:35:36 PM  CPU    %usr   %nice    %sys %iowait    %irq   %soft  %steal  %guest  %gnice   %idle
03:35:37 PM    0   66.67    0.00   21.21    0.00    0.00    8.08    0.00    0.00    0.00    4.04

03:35:37 PM  CPU    %usr   %nice    %sys %iowait    %irq   %soft  %steal  %guest  %gnice   %idle
03:35:38 PM    0   64.00    0.00   24.00    0.00    0.00    8.00    0.00    0.00    0.00    4.00

03:35:38 PM  CPU    %usr   %nice    %sys %iowait    %irq   %soft  %steal  %guest  %gnice   %idle
03:35:39 PM    0   66.00    0.00   26.00    0.00    0.00    5.00    0.00    0.00    0.00    3.00

03:35:39 PM  CPU    %usr   %nice    %sys %iowait    %irq   %soft  %steal  %guest  %gnice   %idle
03:35:40 PM    0   63.00    0.00   26.00    0.00    0.00    7.00    0.00    0.00    0.00    4.00

03:35:40 PM  CPU    %usr   %nice    %sys %iowait    %irq   %soft  %steal  %guest  %gnice   %idle
03:35:41 PM    0   66.67    0.00   24.24    0.00    0.00    6.06    0.00    0.00    0.00    3.03

03:35:41 PM  CPU    %usr   %nice    %sys %iowait    %irq   %soft  %steal  %guest  %gnice   %idle
03:35:42 PM    0   70.41    0.00   22.45    0.00    0.00    4.08    0.00    0.00    0.00    3.06

03:35:42 PM  CPU    %usr   %nice    %sys %iowait    %irq   %soft  %steal  %guest  %gnice   %idle
03:35:43 PM    0   68.37    0.00   21.43    0.00    0.00    6.12    0.00    0.00    0.00    4.08

03:35:43 PM  CPU    %usr   %nice    %sys %iowait    %irq   %soft  %steal  %guest  %gnice   %idle
03:35:44 PM    0   61.76    0.00   22.55    0.00    0.00    9.80    0.00    0.00    0.00    5.88

03:35:44 PM  CPU    %usr   %nice    %sys %iowait    %irq   %soft  %steal  %guest  %gnice   %idle
03:35:45 PM    0   64.00    0.00   26.00    0.00    0.00    6.00    0.00    0.00    0.00    4.00

03:35:45 PM  CPU    %usr   %nice    %sys %iowait    %irq   %soft  %steal  %guest  %gnice   %idle
03:35:46 PM    0   63.37    0.00   23.76    0.00    0.00    8.91    0.00    0.00    0.00    3.96

03:35:46 PM  CPU    %usr   %nice    %sys %iowait    %irq   %soft  %steal  %guest  %gnice   %idle
03:35:47 PM    0   64.29    0.00   22.45    0.00    0.00    8.16    0.00    0.00    0.00    5.10

03:35:47 PM  CPU    %usr   %nice    %sys %iowait    %irq   %soft  %steal  %guest  %gnice   %idle
03:35:48 PM    0   67.68    0.00   24.24    0.00    0.00    5.05    0.00    0.00    0.00    3.03

03:35:48 PM  CPU    %usr   %nice    %sys %iowait    %irq   %soft  %steal  %guest  %gnice   %idle
03:35:49 PM    0   72.00    0.00   17.00    0.00    0.00    7.00    0.00    0.00    0.00    4.00

03:35:49 PM  CPU    %usr   %nice    %sys %iowait    %irq   %soft  %steal  %guest  %gnice   %idle
03:35:50 PM    0   62.63    0.00   27.27    0.00    0.00    6.06    0.00    0.00    0.00    4.04

03:35:50 PM  CPU    %usr   %nice    %sys %iowait    %irq   %soft  %steal  %guest  %gnice   %idle
03:35:51 PM    0   63.00    0.00   26.00    0.00    0.00    7.00    0.00    0.00    0.00    4.00

03:35:51 PM  CPU    %usr   %nice    %sys %iowait    %irq   %soft  %steal  %guest  %gnice   %idle
03:35:52 PM    0   68.32    0.00   20.79    0.00    0.00    6.93    0.00    0.00    0.00    3.96

03:35:52 PM  CPU    %usr   %nice    %sys %iowait    %irq   %soft  %steal  %guest  %gnice   %idle
03:35:53 PM    0   63.64    0.00   30.30    0.00    0.00    3.03    0.00    0.00    0.00    3.03

03:35:53 PM  CPU    %usr   %nice    %sys %iowait    %irq   %soft  %steal  %guest  %gnice   %idle
03:35:54 PM    0   64.00    0.00   26.00    0.00    0.00    8.00    0.00    0.00    0.00    2.00

03:35:54 PM  CPU    %usr   %nice    %sys %iowait    %irq   %soft  %steal  %guest  %gnice   %idle
03:35:55 PM    0   66.00    0.00   26.00    0.00    0.00    7.00    0.00    0.00    0.00    1.00

03:35:55 PM  CPU    %usr   %nice    %sys %iowait    %irq   %soft  %steal  %guest  %gnice   %idle
03:35:56 PM    0   72.28    0.00   20.79    0.00    0.00    4.95    0.00    0.00    0.00    1.98

03:35:56 PM  CPU    %usr   %nice    %sys %iowait    %irq   %soft  %steal  %guest  %gnice   %idle
03:35:57 PM    0   68.00    0.00   24.00    0.00    0.00    6.00    0.00    0.00    0.00    2.00

03:35:57 PM  CPU    %usr   %nice    %sys %iowait    %irq   %soft  %steal  %guest  %gnice   %idle
03:35:58 PM    0   66.00    0.00   25.00    0.00    0.00    7.00    0.00    0.00    0.00    2.00

03:35:58 PM  CPU    %usr   %nice    %sys %iowait    %irq   %soft  %steal  %guest  %gnice   %idle
03:35:59 PM    0   64.36    0.00   26.73    0.00    0.00    6.93    0.00    0.00    0.00    1.98

03:35:59 PM  CPU    %usr   %nice    %sys %iowait    %irq   %soft  %steal  %guest  %gnice   %idle
03:36:00 PM    0   62.00    0.00   28.00    0.00    0.00    8.00    0.00    0.00    0.00    2.00

03:36:00 PM  CPU    %usr   %nice    %sys %iowait    %irq   %soft  %steal  %guest  %gnice   %idle
03:36:01 PM    0   63.64    0.00   26.26    0.00    0.00    8.08    0.00    0.00    0.00    2.02

03:36:01 PM  CPU    %usr   %nice    %sys %iowait    %irq   %soft  %steal  %guest  %gnice   %idle
03:36:02 PM    0   65.35    0.00   26.73    0.00    0.00    5.94    0.00    0.00    0.00    1.98

03:36:02 PM  CPU    %usr   %nice    %sys %iowait    %irq   %soft  %steal  %guest  %gnice   %idle
03:36:03 PM    0   64.00    0.00   27.00    0.00    0.00    8.00    0.00    0.00    0.00    1.00

03:36:03 PM  CPU    %usr   %nice    %sys %iowait    %irq   %soft  %steal  %guest  %gnice   %idle
03:36:04 PM    0   68.00    0.00   22.00    0.00    0.00    8.00    0.00    0.00    0.00    2.00

03:36:04 PM  CPU    %usr   %nice    %sys %iowait    %irq   %soft  %steal  %guest  %gnice   %idle
03:36:05 PM    0   68.00    0.00   26.00    0.00    0.00    3.00    0.00    0.00    0.00    3.00

Average:     CPU    %usr   %nice    %sys %iowait    %irq   %soft  %steal  %guest  %gnice   %idle
Average:       0   65.80    0.00   25.13    0.00    0.00    6.46    0.00    0.00    0.00    2.62
