Linux 5.3.0-61-generic (cw-zenbook) 	07/16/2020 	_x86_64_	(8 CPU)

03:21:00 PM  CPU    %usr   %nice    %sys %iowait    %irq   %soft  %steal  %guest  %gnice   %idle
03:21:01 PM    0   66.67    0.00   21.57    0.00    0.00    6.86    0.00    0.00    0.00    4.90

03:21:01 PM  CPU    %usr   %nice    %sys %iowait    %irq   %soft  %steal  %guest  %gnice   %idle
03:21:02 PM    0   66.67    0.00   27.27    0.00    0.00    3.03    0.00    0.00    0.00    3.03

03:21:02 PM  CPU    %usr   %nice    %sys %iowait    %irq   %soft  %steal  %guest  %gnice   %idle
03:21:03 PM    0   60.00    0.00   25.00    0.00    0.00   10.00    0.00    0.00    0.00    5.00

03:21:03 PM  CPU    %usr   %nice    %sys %iowait    %irq   %soft  %steal  %guest  %gnice   %idle
03:21:04 PM    0   65.31    0.00   20.41    0.00    0.00    9.18    0.00    0.00    0.00    5.10

03:21:04 PM  CPU    %usr   %nice    %sys %iowait    %irq   %soft  %steal  %guest  %gnice   %idle
03:21:05 PM    0   69.00    0.00   25.00    0.00    0.00    5.00    0.00    0.00    0.00    1.00

03:21:05 PM  CPU    %usr   %nice    %sys %iowait    %irq   %soft  %steal  %guest  %gnice   %idle
03:21:06 PM    0   67.00    0.00   25.00    0.00    0.00    7.00    0.00    0.00    0.00    1.00

03:21:06 PM  CPU    %usr   %nice    %sys %iowait    %irq   %soft  %steal  %guest  %gnice   %idle
03:21:07 PM    0   66.67    0.00   26.26    0.00    0.00    7.07    0.00    0.00    0.00    0.00

03:21:07 PM  CPU    %usr   %nice    %sys %iowait    %irq   %soft  %steal  %guest  %gnice   %idle
03:21:08 PM    0   71.00    0.00   22.00    0.00    0.00    5.00    0.00    0.00    0.00    2.00

03:21:08 PM  CPU    %usr   %nice    %sys %iowait    %irq   %soft  %steal  %guest  %gnice   %idle
03:21:09 PM    0   61.00    0.00   28.00    0.00    0.00    9.00    0.00    0.00    0.00    2.00

03:21:09 PM  CPU    %usr   %nice    %sys %iowait    %irq   %soft  %steal  %guest  %gnice   %idle
03:21:10 PM    0   66.34    0.00   22.77    0.00    0.00    6.93    0.00    0.00    0.00    3.96

03:21:10 PM  CPU    %usr   %nice    %sys %iowait    %irq   %soft  %steal  %guest  %gnice   %idle
03:21:11 PM    0   63.00    0.00   26.00    0.00    0.00    9.00    0.00    0.00    0.00    2.00

03:21:11 PM  CPU    %usr   %nice    %sys %iowait    %irq   %soft  %steal  %guest  %gnice   %idle
03:21:12 PM    0   58.59    0.00   34.34    0.00    0.00    5.05    0.00    0.00    0.00    2.02

03:21:12 PM  CPU    %usr   %nice    %sys %iowait    %irq   %soft  %steal  %guest  %gnice   %idle
03:21:13 PM    0   65.69    0.00   23.53    0.00    0.00    8.82    0.00    0.00    0.00    1.96

03:21:13 PM  CPU    %usr   %nice    %sys %iowait    %irq   %soft  %steal  %guest  %gnice   %idle
03:21:14 PM    0   72.73    0.00   21.21    0.00    0.00    4.04    0.00    0.00    0.00    2.02

03:21:14 PM  CPU    %usr   %nice    %sys %iowait    %irq   %soft  %steal  %guest  %gnice   %idle
03:21:15 PM    0   64.65    0.00   28.28    0.00    0.00    6.06    0.00    0.00    0.00    1.01

03:21:15 PM  CPU    %usr   %nice    %sys %iowait    %irq   %soft  %steal  %guest  %gnice   %idle
03:21:16 PM    0   63.00    0.00   30.00    0.00    0.00    7.00    0.00    0.00    0.00    0.00

03:21:16 PM  CPU    %usr   %nice    %sys %iowait    %irq   %soft  %steal  %guest  %gnice   %idle
03:21:17 PM    0   65.66    0.00   23.23    0.00    0.00   10.10    0.00    0.00    0.00    1.01

03:21:17 PM  CPU    %usr   %nice    %sys %iowait    %irq   %soft  %steal  %guest  %gnice   %idle
03:21:18 PM    0   68.00    0.00   26.00    0.00    0.00    5.00    0.00    0.00    0.00    1.00

03:21:18 PM  CPU    %usr   %nice    %sys %iowait    %irq   %soft  %steal  %guest  %gnice   %idle
03:21:19 PM    0   64.65    0.00   25.25    0.00    0.00    9.09    0.00    0.00    0.00    1.01

03:21:19 PM  CPU    %usr   %nice    %sys %iowait    %irq   %soft  %steal  %guest  %gnice   %idle
03:21:20 PM    0   62.75    0.00   30.39    0.00    0.00    4.90    0.00    0.00    0.00    1.96

03:21:20 PM  CPU    %usr   %nice    %sys %iowait    %irq   %soft  %steal  %guest  %gnice   %idle
03:21:21 PM    0   68.00    0.00   24.00    0.00    0.00    7.00    0.00    0.00    0.00    1.00

03:21:21 PM  CPU    %usr   %nice    %sys %iowait    %irq   %soft  %steal  %guest  %gnice   %idle
03:21:22 PM    0   65.66    0.00   25.25    0.00    0.00    8.08    0.00    0.00    0.00    1.01

03:21:22 PM  CPU    %usr   %nice    %sys %iowait    %irq   %soft  %steal  %guest  %gnice   %idle
03:21:23 PM    0   65.35    0.00   29.70    0.00    0.00    3.96    0.00    0.00    0.00    0.99

03:21:23 PM  CPU    %usr   %nice    %sys %iowait    %irq   %soft  %steal  %guest  %gnice   %idle
03:21:24 PM    0   70.71    0.00   23.23    0.00    0.00    5.05    0.00    0.00    0.00    1.01

03:21:24 PM  CPU    %usr   %nice    %sys %iowait    %irq   %soft  %steal  %guest  %gnice   %idle
03:21:25 PM    0   67.33    0.00   24.75    0.00    0.00    5.94    0.00    0.00    0.00    1.98

03:21:25 PM  CPU    %usr   %nice    %sys %iowait    %irq   %soft  %steal  %guest  %gnice   %idle
03:21:26 PM    0   63.64    0.00   27.27    0.00    0.00    8.08    0.00    0.00    0.00    1.01

03:21:26 PM  CPU    %usr   %nice    %sys %iowait    %irq   %soft  %steal  %guest  %gnice   %idle
03:21:27 PM    0   72.00    0.00   21.00    0.00    0.00    6.00    0.00    0.00    0.00    1.00

03:21:27 PM  CPU    %usr   %nice    %sys %iowait    %irq   %soft  %steal  %guest  %gnice   %idle
03:21:28 PM    0   69.00    0.00   21.00    0.00    0.00    9.00    0.00    0.00    0.00    1.00

03:21:28 PM  CPU    %usr   %nice    %sys %iowait    %irq   %soft  %steal  %guest  %gnice   %idle
03:21:29 PM    0   63.64    0.00   29.29    0.00    0.00    6.06    0.00    0.00    0.00    1.01

03:21:29 PM  CPU    %usr   %nice    %sys %iowait    %irq   %soft  %steal  %guest  %gnice   %idle
03:21:30 PM    0   69.61    0.00   22.55    0.00    0.00    6.86    0.00    0.00    0.00    0.98

03:21:30 PM  CPU    %usr   %nice    %sys %iowait    %irq   %soft  %steal  %guest  %gnice   %idle
03:21:31 PM    0   69.39    0.00   23.47    0.00    0.00    6.12    0.00    0.00    0.00    1.02

03:21:31 PM  CPU    %usr   %nice    %sys %iowait    %irq   %soft  %steal  %guest  %gnice   %idle
03:21:32 PM    0   57.43    0.00   33.66    0.00    0.00    7.92    0.00    0.00    0.00    0.99

03:21:32 PM  CPU    %usr   %nice    %sys %iowait    %irq   %soft  %steal  %guest  %gnice   %idle
03:21:33 PM    0   64.71    0.00   27.45    0.00    0.00    6.86    0.00    0.00    0.00    0.98

03:21:33 PM  CPU    %usr   %nice    %sys %iowait    %irq   %soft  %steal  %guest  %gnice   %idle
03:21:34 PM    0   68.69    0.00   24.24    0.00    0.00    6.06    0.00    0.00    0.00    1.01

03:21:34 PM  CPU    %usr   %nice    %sys %iowait    %irq   %soft  %steal  %guest  %gnice   %idle
03:21:35 PM    0   64.65    0.00   27.27    0.00    0.00    7.07    0.00    0.00    0.00    1.01

03:21:35 PM  CPU    %usr   %nice    %sys %iowait    %irq   %soft  %steal  %guest  %gnice   %idle
03:21:36 PM    0   71.00    0.00   22.00    0.00    0.00    5.00    0.00    0.00    0.00    2.00

03:21:36 PM  CPU    %usr   %nice    %sys %iowait    %irq   %soft  %steal  %guest  %gnice   %idle
03:21:37 PM    0   65.69    0.00   25.49    0.00    0.00    6.86    0.00    0.00    0.00    1.96

03:21:37 PM  CPU    %usr   %nice    %sys %iowait    %irq   %soft  %steal  %guest  %gnice   %idle
03:21:38 PM    0   69.31    0.00   21.78    0.00    0.00    7.92    0.00    0.00    0.00    0.99

03:21:38 PM  CPU    %usr   %nice    %sys %iowait    %irq   %soft  %steal  %guest  %gnice   %idle
03:21:39 PM    0   66.67    0.00   27.27    0.00    0.00    5.05    0.00    0.00    0.00    1.01

03:21:39 PM  CPU    %usr   %nice    %sys %iowait    %irq   %soft  %steal  %guest  %gnice   %idle
03:21:40 PM    0   64.65    0.00   26.26    0.00    0.00    7.07    0.00    0.00    0.00    2.02

03:21:40 PM  CPU    %usr   %nice    %sys %iowait    %irq   %soft  %steal  %guest  %gnice   %idle
03:21:41 PM    0   68.32    0.00   20.79    0.00    0.00    8.91    0.00    0.00    0.00    1.98

03:21:41 PM  CPU    %usr   %nice    %sys %iowait    %irq   %soft  %steal  %guest  %gnice   %idle
03:21:42 PM    0   61.76    0.00   26.47    0.00    0.00    8.82    0.00    0.00    0.00    2.94

03:21:42 PM  CPU    %usr   %nice    %sys %iowait    %irq   %soft  %steal  %guest  %gnice   %idle
03:21:43 PM    0   61.22    0.00   28.57    0.00    0.00    7.14    0.00    0.00    0.00    3.06

03:21:43 PM  CPU    %usr   %nice    %sys %iowait    %irq   %soft  %steal  %guest  %gnice   %idle
03:21:44 PM    0   68.69    0.00   23.23    0.00    0.00    5.05    0.00    0.00    0.00    3.03

03:21:44 PM  CPU    %usr   %nice    %sys %iowait    %irq   %soft  %steal  %guest  %gnice   %idle
03:21:45 PM    0   66.00    0.00   27.00    0.00    0.00    4.00    0.00    0.00    0.00    3.00

03:21:45 PM  CPU    %usr   %nice    %sys %iowait    %irq   %soft  %steal  %guest  %gnice   %idle
03:21:46 PM    0   65.35    0.00   22.77    0.00    0.00    7.92    0.00    0.00    0.00    3.96

03:21:46 PM  CPU    %usr   %nice    %sys %iowait    %irq   %soft  %steal  %guest  %gnice   %idle
03:21:47 PM    0   67.35    0.00   22.45    0.00    0.00    6.12    0.00    0.00    0.00    4.08

03:21:47 PM  CPU    %usr   %nice    %sys %iowait    %irq   %soft  %steal  %guest  %gnice   %idle
03:21:48 PM    0   66.67    0.00   23.23    0.00    0.00    8.08    0.00    0.00    0.00    2.02

03:21:48 PM  CPU    %usr   %nice    %sys %iowait    %irq   %soft  %steal  %guest  %gnice   %idle
03:21:49 PM    0   64.36    0.00   27.72    0.00    0.00    5.94    0.00    0.00    0.00    1.98

03:21:49 PM  CPU    %usr   %nice    %sys %iowait    %irq   %soft  %steal  %guest  %gnice   %idle
03:21:50 PM    0   65.00    0.00   28.00    0.00    0.00    6.00    0.00    0.00    0.00    1.00

03:21:50 PM  CPU    %usr   %nice    %sys %iowait    %irq   %soft  %steal  %guest  %gnice   %idle
03:21:51 PM    0   70.41    0.00   22.45    0.00    0.00    6.12    0.00    0.00    0.00    1.02

03:21:51 PM  CPU    %usr   %nice    %sys %iowait    %irq   %soft  %steal  %guest  %gnice   %idle
03:21:52 PM    0   71.72    0.00   22.22    0.00    0.00    4.04    0.00    0.00    0.00    2.02

03:21:52 PM  CPU    %usr   %nice    %sys %iowait    %irq   %soft  %steal  %guest  %gnice   %idle
03:21:53 PM    0   61.76    0.00   23.53    0.00    0.00   11.76    0.00    0.00    0.00    2.94

03:21:53 PM  CPU    %usr   %nice    %sys %iowait    %irq   %soft  %steal  %guest  %gnice   %idle
03:21:54 PM    0   64.95    0.00   25.77    0.00    0.00    6.19    0.00    0.00    0.00    3.09

03:21:54 PM  CPU    %usr   %nice    %sys %iowait    %irq   %soft  %steal  %guest  %gnice   %idle
03:21:55 PM    0   60.40    0.00   27.72    0.00    0.00    7.92    0.00    0.00    0.00    3.96

03:21:55 PM  CPU    %usr   %nice    %sys %iowait    %irq   %soft  %steal  %guest  %gnice   %idle
03:21:56 PM    0   72.00    0.00   20.00    0.00    0.00    6.00    0.00    0.00    0.00    2.00

03:21:56 PM  CPU    %usr   %nice    %sys %iowait    %irq   %soft  %steal  %guest  %gnice   %idle
03:21:57 PM    0   58.82    0.00   27.45    0.00    0.00    9.80    0.00    0.00    0.00    3.92

03:21:57 PM  CPU    %usr   %nice    %sys %iowait    %irq   %soft  %steal  %guest  %gnice   %idle
03:21:58 PM    0   65.66    0.00   27.27    0.00    0.00    5.05    0.00    0.00    0.00    2.02

03:21:58 PM  CPU    %usr   %nice    %sys %iowait    %irq   %soft  %steal  %guest  %gnice   %idle
03:21:59 PM    0   61.00    0.00   27.00    0.00    0.00    9.00    0.00    0.00    0.00    3.00

03:21:59 PM  CPU    %usr   %nice    %sys %iowait    %irq   %soft  %steal  %guest  %gnice   %idle
03:22:00 PM    0   66.34    0.00   24.75    0.00    0.00    6.93    0.00    0.00    0.00    1.98

03:22:00 PM  CPU    %usr   %nice    %sys %iowait    %irq   %soft  %steal  %guest  %gnice   %idle
03:22:01 PM    0   60.00    0.00   30.00    0.00    0.00    6.00    0.00    0.00    0.00    4.00

03:22:01 PM  CPU    %usr   %nice    %sys %iowait    %irq   %soft  %steal  %guest  %gnice   %idle
03:22:02 PM    0   62.00    0.00   29.00    0.00    0.00    6.00    0.00    0.00    0.00    3.00

03:22:02 PM  CPU    %usr   %nice    %sys %iowait    %irq   %soft  %steal  %guest  %gnice   %idle
03:22:03 PM    0   64.65    0.00   31.31    0.00    0.00    4.04    0.00    0.00    0.00    0.00

03:22:03 PM  CPU    %usr   %nice    %sys %iowait    %irq   %soft  %steal  %guest  %gnice   %idle
03:22:04 PM    0   59.80    0.00   31.37    0.00    0.00    6.86    0.00    0.00    0.00    1.96

03:22:04 PM  CPU    %usr   %nice    %sys %iowait    %irq   %soft  %steal  %guest  %gnice   %idle
03:22:05 PM    0   67.00    0.00   24.00    0.00    0.00    8.00    0.00    0.00    0.00    1.00

03:22:05 PM  CPU    %usr   %nice    %sys %iowait    %irq   %soft  %steal  %guest  %gnice   %idle
03:22:06 PM    0   63.64    0.00   29.29    0.00    0.00    5.05    0.00    0.00    0.00    2.02

03:22:06 PM  CPU    %usr   %nice    %sys %iowait    %irq   %soft  %steal  %guest  %gnice   %idle
03:22:07 PM    0   63.00    0.00   28.00    0.00    0.00    7.00    0.00    0.00    0.00    2.00

03:22:07 PM  CPU    %usr   %nice    %sys %iowait    %irq   %soft  %steal  %guest  %gnice   %idle
03:22:08 PM    0   68.00    0.00   24.00    0.00    0.00    7.00    0.00    0.00    0.00    1.00

03:22:08 PM  CPU    %usr   %nice    %sys %iowait    %irq   %soft  %steal  %guest  %gnice   %idle
03:22:09 PM    0   61.86    0.00   27.84    0.00    0.00    9.28    0.00    0.00    0.00    1.03

03:22:09 PM  CPU    %usr   %nice    %sys %iowait    %irq   %soft  %steal  %guest  %gnice   %idle
03:22:10 PM    0   64.00    0.00   28.00    0.00    0.00    7.00    0.00    0.00    0.00    1.00

03:22:10 PM  CPU    %usr   %nice    %sys %iowait    %irq   %soft  %steal  %guest  %gnice   %idle
03:22:11 PM    0   63.37    0.00   29.70    0.00    0.00    5.94    0.00    0.00    0.00    0.99

03:22:11 PM  CPU    %usr   %nice    %sys %iowait    %irq   %soft  %steal  %guest  %gnice   %idle
03:22:12 PM    0   63.64    0.00   25.25    0.00    0.00    9.09    0.00    0.00    0.00    2.02

03:22:12 PM  CPU    %usr   %nice    %sys %iowait    %irq   %soft  %steal  %guest  %gnice   %idle
03:22:13 PM    0   67.68    0.00   25.25    0.00    0.00    6.06    0.00    0.00    0.00    1.01

03:22:13 PM  CPU    %usr   %nice    %sys %iowait    %irq   %soft  %steal  %guest  %gnice   %idle
03:22:14 PM    0   68.32    0.00   24.75    0.00    0.00    5.94    0.00    0.00    0.00    0.99

03:22:14 PM  CPU    %usr   %nice    %sys %iowait    %irq   %soft  %steal  %guest  %gnice   %idle
03:22:15 PM    0   72.45    0.00   20.41    0.00    0.00    6.12    0.00    0.00    0.00    1.02

03:22:15 PM  CPU    %usr   %nice    %sys %iowait    %irq   %soft  %steal  %guest  %gnice   %idle
03:22:16 PM    0   65.00    0.00   27.00    0.00    0.00    7.00    0.00    0.00    0.00    1.00

03:22:16 PM  CPU    %usr   %nice    %sys %iowait    %irq   %soft  %steal  %guest  %gnice   %idle
03:22:17 PM    0   64.00    0.00   26.00    0.00    0.00    8.00    0.00    0.00    0.00    2.00

03:22:17 PM  CPU    %usr   %nice    %sys %iowait    %irq   %soft  %steal  %guest  %gnice   %idle
03:22:18 PM    0   71.00    0.00   21.00    0.00    0.00    7.00    0.00    0.00    0.00    1.00

03:22:18 PM  CPU    %usr   %nice    %sys %iowait    %irq   %soft  %steal  %guest  %gnice   %idle
03:22:19 PM    0   66.34    0.00   24.75    0.00    0.00    7.92    0.00    0.00    0.00    0.99

03:22:19 PM  CPU    %usr   %nice    %sys %iowait    %irq   %soft  %steal  %guest  %gnice   %idle
03:22:20 PM    0   70.71    0.00   22.22    0.00    0.00    6.06    0.00    0.00    0.00    1.01

03:22:20 PM  CPU    %usr   %nice    %sys %iowait    %irq   %soft  %steal  %guest  %gnice   %idle
03:22:21 PM    0   66.34    0.00   26.73    0.00    0.00    6.93    0.00    0.00    0.00    0.00

03:22:21 PM  CPU    %usr   %nice    %sys %iowait    %irq   %soft  %steal  %guest  %gnice   %idle
03:22:22 PM    0   64.00    0.00   28.00    0.00    0.00    7.00    0.00    0.00    0.00    1.00

03:22:22 PM  CPU    %usr   %nice    %sys %iowait    %irq   %soft  %steal  %guest  %gnice   %idle
03:22:23 PM    0   63.00    0.00   28.00    0.00    0.00    7.00    0.00    0.00    0.00    2.00

03:22:23 PM  CPU    %usr   %nice    %sys %iowait    %irq   %soft  %steal  %guest  %gnice   %idle
03:22:24 PM    0   65.66    0.00   27.27    0.00    0.00    6.06    0.00    0.00    0.00    1.01

03:22:24 PM  CPU    %usr   %nice    %sys %iowait    %irq   %soft  %steal  %guest  %gnice   %idle
03:22:25 PM    0   65.35    0.00   29.70    0.00    0.00    3.96    0.00    0.00    0.00    0.99

03:22:25 PM  CPU    %usr   %nice    %sys %iowait    %irq   %soft  %steal  %guest  %gnice   %idle
03:22:26 PM    0   68.00    0.00   22.00    0.00    0.00    9.00    0.00    0.00    0.00    1.00

03:22:26 PM  CPU    %usr   %nice    %sys %iowait    %irq   %soft  %steal  %guest  %gnice   %idle
03:22:27 PM    0   66.34    0.00   26.73    0.00    0.00    5.94    0.00    0.00    0.00    0.99

03:22:27 PM  CPU    %usr   %nice    %sys %iowait    %irq   %soft  %steal  %guest  %gnice   %idle
03:22:28 PM    0   67.68    0.00   25.25    0.00    0.00    5.05    0.00    0.00    0.00    2.02

03:22:28 PM  CPU    %usr   %nice    %sys %iowait    %irq   %soft  %steal  %guest  %gnice   %idle
03:22:29 PM    0   64.00    0.00   24.00    0.00    0.00    9.00    0.00    0.00    0.00    3.00

03:22:29 PM  CPU    %usr   %nice    %sys %iowait    %irq   %soft  %steal  %guest  %gnice   %idle
03:22:30 PM    0   61.62    0.00   30.30    0.00    0.00    7.07    0.00    0.00    0.00    1.01

03:22:30 PM  CPU    %usr   %nice    %sys %iowait    %irq   %soft  %steal  %guest  %gnice   %idle
03:22:31 PM    0   68.32    0.00   24.75    0.00    0.00    5.94    0.00    0.00    0.00    0.99

03:22:31 PM  CPU    %usr   %nice    %sys %iowait    %irq   %soft  %steal  %guest  %gnice   %idle
03:22:32 PM    0   64.65    0.00   27.27    0.00    0.00    7.07    0.00    0.00    0.00    1.01

03:22:32 PM  CPU    %usr   %nice    %sys %iowait    %irq   %soft  %steal  %guest  %gnice   %idle
03:22:33 PM    0   64.65    0.00   28.28    0.00    0.00    5.05    0.00    0.00    0.00    2.02

03:22:33 PM  CPU    %usr   %nice    %sys %iowait    %irq   %soft  %steal  %guest  %gnice   %idle
03:22:34 PM    0   64.71    0.00   25.49    0.00    0.00    7.84    0.00    0.00    0.00    1.96

03:22:34 PM  CPU    %usr   %nice    %sys %iowait    %irq   %soft  %steal  %guest  %gnice   %idle
03:22:35 PM    0   65.31    0.00   25.51    0.00    0.00    8.16    0.00    0.00    0.00    1.02

03:22:35 PM  CPU    %usr   %nice    %sys %iowait    %irq   %soft  %steal  %guest  %gnice   %idle
03:22:36 PM    0   67.00    0.00   24.00    0.00    0.00    7.00    0.00    0.00    0.00    2.00

03:22:36 PM  CPU    %usr   %nice    %sys %iowait    %irq   %soft  %steal  %guest  %gnice   %idle
03:22:37 PM    0   67.00    0.00   25.00    0.00    0.00    6.00    0.00    0.00    0.00    2.00

03:22:37 PM  CPU    %usr   %nice    %sys %iowait    %irq   %soft  %steal  %guest  %gnice   %idle
03:22:38 PM    0   66.34    0.00   26.73    0.00    0.00    4.95    0.00    0.00    0.00    1.98

03:22:38 PM  CPU    %usr   %nice    %sys %iowait    %irq   %soft  %steal  %guest  %gnice   %idle
03:22:39 PM    0   65.00    0.00   28.00    0.00    0.00    5.00    0.00    0.00    0.00    2.00

03:22:39 PM  CPU    %usr   %nice    %sys %iowait    %irq   %soft  %steal  %guest  %gnice   %idle
03:22:40 PM    0   66.67    0.00   23.23    0.00    0.00    8.08    0.00    0.00    0.00    2.02

03:22:40 PM  CPU    %usr   %nice    %sys %iowait    %irq   %soft  %steal  %guest  %gnice   %idle
03:22:41 PM    0   60.40    0.00   24.75    0.00    0.00   10.89    0.00    0.00    0.00    3.96

03:22:41 PM  CPU    %usr   %nice    %sys %iowait    %irq   %soft  %steal  %guest  %gnice   %idle
03:22:42 PM    0   64.00    0.00   27.00    0.00    0.00    5.00    0.00    0.00    0.00    4.00

03:22:42 PM  CPU    %usr   %nice    %sys %iowait    %irq   %soft  %steal  %guest  %gnice   %idle
03:22:43 PM    0   70.71    0.00   19.19    0.00    0.00    6.06    0.00    0.00    0.00    4.04

03:22:43 PM  CPU    %usr   %nice    %sys %iowait    %irq   %soft  %steal  %guest  %gnice   %idle
03:22:44 PM    0   65.66    0.00   24.24    0.00    0.00    8.08    0.00    0.00    0.00    2.02

03:22:44 PM  CPU    %usr   %nice    %sys %iowait    %irq   %soft  %steal  %guest  %gnice   %idle
03:22:45 PM    0   66.67    0.00   23.23    0.00    0.00    8.08    0.00    0.00    0.00    2.02

03:22:45 PM  CPU    %usr   %nice    %sys %iowait    %irq   %soft  %steal  %guest  %gnice   %idle
03:22:46 PM    0   68.69    0.00   24.24    0.00    0.00    7.07    0.00    0.00    0.00    0.00

03:22:46 PM  CPU    %usr   %nice    %sys %iowait    %irq   %soft  %steal  %guest  %gnice   %idle
03:22:47 PM    0   67.33    0.00   28.71    0.00    0.00    2.97    0.00    0.00    0.00    0.99

03:22:47 PM  CPU    %usr   %nice    %sys %iowait    %irq   %soft  %steal  %guest  %gnice   %idle
03:22:48 PM    0   65.66    0.00   27.27    0.00    0.00    7.07    0.00    0.00    0.00    0.00

03:22:48 PM  CPU    %usr   %nice    %sys %iowait    %irq   %soft  %steal  %guest  %gnice   %idle
03:22:49 PM    0   66.34    0.00   23.76    0.00    0.00    6.93    0.00    0.00    0.00    2.97

03:22:49 PM  CPU    %usr   %nice    %sys %iowait    %irq   %soft  %steal  %guest  %gnice   %idle
03:22:50 PM    0   65.31    0.00   24.49    0.00    0.00    9.18    0.00    0.00    0.00    1.02

03:22:50 PM  CPU    %usr   %nice    %sys %iowait    %irq   %soft  %steal  %guest  %gnice   %idle
03:22:51 PM    0   66.67    0.00   25.25    0.00    0.00    8.08    0.00    0.00    0.00    0.00

03:22:51 PM  CPU    %usr   %nice    %sys %iowait    %irq   %soft  %steal  %guest  %gnice   %idle
03:22:52 PM    0   68.00    0.00   26.00    0.00    0.00    6.00    0.00    0.00    0.00    0.00

03:22:52 PM  CPU    %usr   %nice    %sys %iowait    %irq   %soft  %steal  %guest  %gnice   %idle
03:22:53 PM    0   69.00    0.00   25.00    0.00    0.00    6.00    0.00    0.00    0.00    0.00

03:22:53 PM  CPU    %usr   %nice    %sys %iowait    %irq   %soft  %steal  %guest  %gnice   %idle
03:22:54 PM    0   65.00    0.00   28.00    0.00    0.00    6.00    0.00    0.00    0.00    1.00

03:22:54 PM  CPU    %usr   %nice    %sys %iowait    %irq   %soft  %steal  %guest  %gnice   %idle
03:22:55 PM    0   67.00    0.00   25.00    0.00    0.00    7.00    0.00    0.00    0.00    1.00

03:22:55 PM  CPU    %usr   %nice    %sys %iowait    %irq   %soft  %steal  %guest  %gnice   %idle
03:22:56 PM    0   68.00    0.00   26.00    0.00    0.00    5.00    0.00    0.00    0.00    1.00

03:22:56 PM  CPU    %usr   %nice    %sys %iowait    %irq   %soft  %steal  %guest  %gnice   %idle
03:22:57 PM    0   67.01    0.00   23.71    0.00    0.00    8.25    0.00    0.00    0.00    1.03

03:22:57 PM  CPU    %usr   %nice    %sys %iowait    %irq   %soft  %steal  %guest  %gnice   %idle
03:22:58 PM    0   62.24    0.00   25.51    0.00    0.00    9.18    0.00    0.00    0.00    3.06

03:22:58 PM  CPU    %usr   %nice    %sys %iowait    %irq   %soft  %steal  %guest  %gnice   %idle
03:22:59 PM    0   67.00    0.00   24.00    0.00    0.00    6.00    0.00    0.00    0.00    3.00

03:22:59 PM  CPU    %usr   %nice    %sys %iowait    %irq   %soft  %steal  %guest  %gnice   %idle
03:23:00 PM    0   59.00    0.00   31.00    0.00    0.00    8.00    0.00    0.00    0.00    2.00

Average:     CPU    %usr   %nice    %sys %iowait    %irq   %soft  %steal  %guest  %gnice   %idle
Average:       0   65.75    0.00   25.66    0.00    0.00    6.83    0.00    0.00    0.00    1.76
