Linux 5.3.0-61-generic (cw-zenbook) 	07/16/2020 	_x86_64_	(8 CPU)

01:20:34 PM  CPU    %usr   %nice    %sys %iowait    %irq   %soft  %steal  %guest  %gnice   %idle
01:20:35 PM    0   68.32    0.00   23.76    0.00    0.00    5.94    0.00    0.00    0.00    1.98

01:20:35 PM  CPU    %usr   %nice    %sys %iowait    %irq   %soft  %steal  %guest  %gnice   %idle
01:20:36 PM    0   66.00    0.00   26.00    0.00    0.00    6.00    0.00    0.00    0.00    2.00

01:20:36 PM  CPU    %usr   %nice    %sys %iowait    %irq   %soft  %steal  %guest  %gnice   %idle
01:20:37 PM    0   65.31    0.00   24.49    0.00    0.00    8.16    0.00    0.00    0.00    2.04

01:20:37 PM  CPU    %usr   %nice    %sys %iowait    %irq   %soft  %steal  %guest  %gnice   %idle
01:20:38 PM    0   69.00    0.00   23.00    0.00    0.00    6.00    0.00    0.00    0.00    2.00

01:20:38 PM  CPU    %usr   %nice    %sys %iowait    %irq   %soft  %steal  %guest  %gnice   %idle
01:20:39 PM    0   71.57    0.00   22.55    0.00    0.00    3.92    0.00    0.00    0.00    1.96

01:20:39 PM  CPU    %usr   %nice    %sys %iowait    %irq   %soft  %steal  %guest  %gnice   %idle
01:20:40 PM    0   66.00    0.00   24.00    0.00    0.00    8.00    0.00    0.00    0.00    2.00

01:20:40 PM  CPU    %usr   %nice    %sys %iowait    %irq   %soft  %steal  %guest  %gnice   %idle
01:20:41 PM    0   65.00    0.00   24.00    0.00    0.00    9.00    0.00    0.00    0.00    2.00

01:20:41 PM  CPU    %usr   %nice    %sys %iowait    %irq   %soft  %steal  %guest  %gnice   %idle
01:20:42 PM    0   66.00    0.00   25.00    0.00    0.00    6.00    0.00    0.00    0.00    3.00

01:20:42 PM  CPU    %usr   %nice    %sys %iowait    %irq   %soft  %steal  %guest  %gnice   %idle
01:20:43 PM    0   61.22    0.00   30.61    0.00    0.00    4.08    0.00    0.00    0.00    4.08

01:20:43 PM  CPU    %usr   %nice    %sys %iowait    %irq   %soft  %steal  %guest  %gnice   %idle
01:20:44 PM    0   62.63    0.00   23.23    0.00    0.00   10.10    0.00    0.00    0.00    4.04

01:20:44 PM  CPU    %usr   %nice    %sys %iowait    %irq   %soft  %steal  %guest  %gnice   %idle
01:20:45 PM    0   60.00    0.00   29.00    0.00    0.00    8.00    0.00    0.00    0.00    3.00

01:20:45 PM  CPU    %usr   %nice    %sys %iowait    %irq   %soft  %steal  %guest  %gnice   %idle
01:20:46 PM    0   66.33    0.00   26.53    0.00    0.00    5.10    0.00    0.00    0.00    2.04

01:20:46 PM  CPU    %usr   %nice    %sys %iowait    %irq   %soft  %steal  %guest  %gnice   %idle
01:20:47 PM    0   67.00    0.00   25.00    0.00    0.00    7.00    0.00    0.00    0.00    1.00

01:20:47 PM  CPU    %usr   %nice    %sys %iowait    %irq   %soft  %steal  %guest  %gnice   %idle
01:20:48 PM    0   61.00    0.00   28.00    0.00    0.00    9.00    0.00    0.00    0.00    2.00

01:20:48 PM  CPU    %usr   %nice    %sys %iowait    %irq   %soft  %steal  %guest  %gnice   %idle
01:20:49 PM    0   64.00    0.00   24.00    0.00    0.00    9.00    0.00    0.00    0.00    3.00

01:20:49 PM  CPU    %usr   %nice    %sys %iowait    %irq   %soft  %steal  %guest  %gnice   %idle
01:20:50 PM    0   62.63    0.00   27.27    0.00    0.00    7.07    0.00    0.00    0.00    3.03

01:20:50 PM  CPU    %usr   %nice    %sys %iowait    %irq   %soft  %steal  %guest  %gnice   %idle
01:20:51 PM    0   61.62    0.00   26.26    0.00    0.00    9.09    0.00    0.00    0.00    3.03

01:20:51 PM  CPU    %usr   %nice    %sys %iowait    %irq   %soft  %steal  %guest  %gnice   %idle
01:20:52 PM    0   61.62    0.00   29.29    0.00    0.00    6.06    0.00    0.00    0.00    3.03

01:20:52 PM  CPU    %usr   %nice    %sys %iowait    %irq   %soft  %steal  %guest  %gnice   %idle
01:20:53 PM    0   65.66    0.00   26.26    0.00    0.00    5.05    0.00    0.00    0.00    3.03

01:20:53 PM  CPU    %usr   %nice    %sys %iowait    %irq   %soft  %steal  %guest  %gnice   %idle
01:20:54 PM    0   70.30    0.00   20.79    0.00    0.00    5.94    0.00    0.00    0.00    2.97

01:20:54 PM  CPU    %usr   %nice    %sys %iowait    %irq   %soft  %steal  %guest  %gnice   %idle
01:20:55 PM    0   65.31    0.00   26.53    0.00    0.00    8.16    0.00    0.00    0.00    0.00

01:20:55 PM  CPU    %usr   %nice    %sys %iowait    %irq   %soft  %steal  %guest  %gnice   %idle
01:20:56 PM    0   70.59    0.00   21.57    0.00    0.00    5.88    0.00    0.00    0.00    1.96

01:20:56 PM  CPU    %usr   %nice    %sys %iowait    %irq   %soft  %steal  %guest  %gnice   %idle
01:20:57 PM    0   65.66    0.00   25.25    0.00    0.00    7.07    0.00    0.00    0.00    2.02

01:20:57 PM  CPU    %usr   %nice    %sys %iowait    %irq   %soft  %steal  %guest  %gnice   %idle
01:20:58 PM    0   65.35    0.00   25.74    0.00    0.00    4.95    0.00    0.00    0.00    3.96

01:20:58 PM  CPU    %usr   %nice    %sys %iowait    %irq   %soft  %steal  %guest  %gnice   %idle
01:20:59 PM    0   68.00    0.00   20.00    0.00    0.00    8.00    0.00    0.00    0.00    4.00

01:20:59 PM  CPU    %usr   %nice    %sys %iowait    %irq   %soft  %steal  %guest  %gnice   %idle
01:21:00 PM    0   68.69    0.00   22.22    0.00    0.00    5.05    0.00    0.00    0.00    4.04

01:21:00 PM  CPU    %usr   %nice    %sys %iowait    %irq   %soft  %steal  %guest  %gnice   %idle
01:21:01 PM    0   65.66    0.00   27.27    0.00    0.00    6.06    0.00    0.00    0.00    1.01

01:21:01 PM  CPU    %usr   %nice    %sys %iowait    %irq   %soft  %steal  %guest  %gnice   %idle
01:21:02 PM    0   70.00    0.00   21.00    0.00    0.00    7.00    0.00    0.00    0.00    2.00

01:21:02 PM  CPU    %usr   %nice    %sys %iowait    %irq   %soft  %steal  %guest  %gnice   %idle
01:21:03 PM    0   63.64    0.00   26.26    0.00    0.00    8.08    0.00    0.00    0.00    2.02

01:21:03 PM  CPU    %usr   %nice    %sys %iowait    %irq   %soft  %steal  %guest  %gnice   %idle
01:21:04 PM    0   67.00    0.00   25.00    0.00    0.00    6.00    0.00    0.00    0.00    2.00

01:21:04 PM  CPU    %usr   %nice    %sys %iowait    %irq   %soft  %steal  %guest  %gnice   %idle
01:21:05 PM    0   57.00    0.00   34.00    0.00    0.00    7.00    0.00    0.00    0.00    2.00

01:21:05 PM  CPU    %usr   %nice    %sys %iowait    %irq   %soft  %steal  %guest  %gnice   %idle
01:21:06 PM    0   66.67    0.00   28.28    0.00    0.00    5.05    0.00    0.00    0.00    0.00

01:21:06 PM  CPU    %usr   %nice    %sys %iowait    %irq   %soft  %steal  %guest  %gnice   %idle
01:21:07 PM    0   62.00    0.00   29.00    0.00    0.00    8.00    0.00    0.00    0.00    1.00

01:21:07 PM  CPU    %usr   %nice    %sys %iowait    %irq   %soft  %steal  %guest  %gnice   %idle
01:21:08 PM    0   66.00    0.00   27.00    0.00    0.00    5.00    0.00    0.00    0.00    2.00

01:21:08 PM  CPU    %usr   %nice    %sys %iowait    %irq   %soft  %steal  %guest  %gnice   %idle
01:21:09 PM    0   67.00    0.00   29.00    0.00    0.00    4.00    0.00    0.00    0.00    0.00

01:21:09 PM  CPU    %usr   %nice    %sys %iowait    %irq   %soft  %steal  %guest  %gnice   %idle
01:21:10 PM    0   65.00    0.00   27.00    0.00    0.00    7.00    0.00    0.00    0.00    1.00

01:21:10 PM  CPU    %usr   %nice    %sys %iowait    %irq   %soft  %steal  %guest  %gnice   %idle
01:21:11 PM    0   65.66    0.00   25.25    0.00    0.00    8.08    0.00    0.00    0.00    1.01

01:21:11 PM  CPU    %usr   %nice    %sys %iowait    %irq   %soft  %steal  %guest  %gnice   %idle
01:21:12 PM    0   66.34    0.00   27.72    0.00    0.00    4.95    0.00    0.00    0.00    0.99

01:21:12 PM  CPU    %usr   %nice    %sys %iowait    %irq   %soft  %steal  %guest  %gnice   %idle
01:21:13 PM    0   71.00    0.00   20.00    0.00    0.00    5.00    0.00    0.00    0.00    4.00

01:21:13 PM  CPU    %usr   %nice    %sys %iowait    %irq   %soft  %steal  %guest  %gnice   %idle
01:21:14 PM    0   70.30    0.00   21.78    0.00    0.00    2.97    0.00    0.00    0.00    4.95

01:21:14 PM  CPU    %usr   %nice    %sys %iowait    %irq   %soft  %steal  %guest  %gnice   %idle
01:21:15 PM    0   58.16    0.00   31.63    0.00    0.00    7.14    0.00    0.00    0.00    3.06

01:21:15 PM  CPU    %usr   %nice    %sys %iowait    %irq   %soft  %steal  %guest  %gnice   %idle
01:21:16 PM    0   68.69    0.00   24.24    0.00    0.00    4.04    0.00    0.00    0.00    3.03

01:21:16 PM  CPU    %usr   %nice    %sys %iowait    %irq   %soft  %steal  %guest  %gnice   %idle
01:21:17 PM    0   62.75    0.00   26.47    0.00    0.00    5.88    0.00    0.00    0.00    4.90

01:21:17 PM  CPU    %usr   %nice    %sys %iowait    %irq   %soft  %steal  %guest  %gnice   %idle
01:21:18 PM    0   68.00    0.00   24.00    0.00    0.00    5.00    0.00    0.00    0.00    3.00

01:21:18 PM  CPU    %usr   %nice    %sys %iowait    %irq   %soft  %steal  %guest  %gnice   %idle
01:21:19 PM    0   67.33    0.00   24.75    0.00    0.00    4.95    0.00    0.00    0.00    2.97

01:21:19 PM  CPU    %usr   %nice    %sys %iowait    %irq   %soft  %steal  %guest  %gnice   %idle
01:21:20 PM    0   64.00    0.00   23.00    0.00    0.00    9.00    0.00    0.00    0.00    4.00

01:21:20 PM  CPU    %usr   %nice    %sys %iowait    %irq   %soft  %steal  %guest  %gnice   %idle
01:21:21 PM    0   60.00    0.00   28.00    0.00    0.00    8.00    0.00    0.00    0.00    4.00

01:21:21 PM  CPU    %usr   %nice    %sys %iowait    %irq   %soft  %steal  %guest  %gnice   %idle
01:21:22 PM    0   71.72    0.00   18.18    0.00    0.00    7.07    0.00    0.00    0.00    3.03

01:21:22 PM  CPU    %usr   %nice    %sys %iowait    %irq   %soft  %steal  %guest  %gnice   %idle
01:21:23 PM    0   66.67    0.00   22.22    0.00    0.00    7.07    0.00    0.00    0.00    4.04

01:21:23 PM  CPU    %usr   %nice    %sys %iowait    %irq   %soft  %steal  %guest  %gnice   %idle
01:21:24 PM    0   61.62    0.00   25.25    0.00    0.00    9.09    0.00    0.00    0.00    4.04

01:21:24 PM  CPU    %usr   %nice    %sys %iowait    %irq   %soft  %steal  %guest  %gnice   %idle
01:21:25 PM    0   66.34    0.00   24.75    0.00    0.00    4.95    0.00    0.00    0.00    3.96

01:21:25 PM  CPU    %usr   %nice    %sys %iowait    %irq   %soft  %steal  %guest  %gnice   %idle
01:21:26 PM    0   62.00    0.00   29.00    0.00    0.00    5.00    0.00    0.00    0.00    4.00

01:21:26 PM  CPU    %usr   %nice    %sys %iowait    %irq   %soft  %steal  %guest  %gnice   %idle
01:21:27 PM    0   70.41    0.00   17.35    0.00    0.00    9.18    0.00    0.00    0.00    3.06

01:21:27 PM  CPU    %usr   %nice    %sys %iowait    %irq   %soft  %steal  %guest  %gnice   %idle
01:21:28 PM    0   65.35    0.00   23.76    0.00    0.00    7.92    0.00    0.00    0.00    2.97

01:21:28 PM  CPU    %usr   %nice    %sys %iowait    %irq   %soft  %steal  %guest  %gnice   %idle
01:21:29 PM    0   66.33    0.00   25.51    0.00    0.00    5.10    0.00    0.00    0.00    3.06

01:21:29 PM  CPU    %usr   %nice    %sys %iowait    %irq   %soft  %steal  %guest  %gnice   %idle
01:21:30 PM    0   71.43    0.00   21.43    0.00    0.00    5.10    0.00    0.00    0.00    2.04

01:21:30 PM  CPU    %usr   %nice    %sys %iowait    %irq   %soft  %steal  %guest  %gnice   %idle
01:21:31 PM    0   59.00    0.00   32.00    0.00    0.00    6.00    0.00    0.00    0.00    3.00

01:21:31 PM  CPU    %usr   %nice    %sys %iowait    %irq   %soft  %steal  %guest  %gnice   %idle
01:21:32 PM    0   66.34    0.00   22.77    0.00    0.00    8.91    0.00    0.00    0.00    1.98

01:21:32 PM  CPU    %usr   %nice    %sys %iowait    %irq   %soft  %steal  %guest  %gnice   %idle
01:21:33 PM    0   69.00    0.00   24.00    0.00    0.00    5.00    0.00    0.00    0.00    2.00

01:21:33 PM  CPU    %usr   %nice    %sys %iowait    %irq   %soft  %steal  %guest  %gnice   %idle
01:21:34 PM    0   68.69    0.00   23.23    0.00    0.00    6.06    0.00    0.00    0.00    2.02

01:21:34 PM  CPU    %usr   %nice    %sys %iowait    %irq   %soft  %steal  %guest  %gnice   %idle
01:21:35 PM    0   66.00    0.00   25.00    0.00    0.00    6.00    0.00    0.00    0.00    3.00

01:21:35 PM  CPU    %usr   %nice    %sys %iowait    %irq   %soft  %steal  %guest  %gnice   %idle
01:21:36 PM    0   63.00    0.00   29.00    0.00    0.00    6.00    0.00    0.00    0.00    2.00

01:21:36 PM  CPU    %usr   %nice    %sys %iowait    %irq   %soft  %steal  %guest  %gnice   %idle
01:21:37 PM    0   64.65    0.00   27.27    0.00    0.00    7.07    0.00    0.00    0.00    1.01

01:21:37 PM  CPU    %usr   %nice    %sys %iowait    %irq   %soft  %steal  %guest  %gnice   %idle
01:21:38 PM    0   62.63    0.00   27.27    0.00    0.00    7.07    0.00    0.00    0.00    3.03

01:21:38 PM  CPU    %usr   %nice    %sys %iowait    %irq   %soft  %steal  %guest  %gnice   %idle
01:21:39 PM    0   64.65    0.00   24.24    0.00    0.00    7.07    0.00    0.00    0.00    4.04

01:21:39 PM  CPU    %usr   %nice    %sys %iowait    %irq   %soft  %steal  %guest  %gnice   %idle
01:21:40 PM    0   66.00    0.00   27.00    0.00    0.00    4.00    0.00    0.00    0.00    3.00

01:21:40 PM  CPU    %usr   %nice    %sys %iowait    %irq   %soft  %steal  %guest  %gnice   %idle
01:21:41 PM    0   61.00    0.00   31.00    0.00    0.00    6.00    0.00    0.00    0.00    2.00

01:21:41 PM  CPU    %usr   %nice    %sys %iowait    %irq   %soft  %steal  %guest  %gnice   %idle
01:21:42 PM    0   65.00    0.00   26.00    0.00    0.00    5.00    0.00    0.00    0.00    4.00

01:21:42 PM  CPU    %usr   %nice    %sys %iowait    %irq   %soft  %steal  %guest  %gnice   %idle
01:21:43 PM    0   55.67    0.00   32.99    0.00    0.00    7.22    0.00    0.00    0.00    4.12

01:21:43 PM  CPU    %usr   %nice    %sys %iowait    %irq   %soft  %steal  %guest  %gnice   %idle
01:21:44 PM    0   67.00    0.00   24.00    0.00    0.00    6.00    0.00    0.00    0.00    3.00

01:21:44 PM  CPU    %usr   %nice    %sys %iowait    %irq   %soft  %steal  %guest  %gnice   %idle
01:21:45 PM    0   65.66    0.00   25.25    0.00    0.00    6.06    0.00    0.00    0.00    3.03

01:21:45 PM  CPU    %usr   %nice    %sys %iowait    %irq   %soft  %steal  %guest  %gnice   %idle
01:21:46 PM    0   71.00    0.00   23.00    0.00    0.00    4.00    0.00    0.00    0.00    2.00

01:21:46 PM  CPU    %usr   %nice    %sys %iowait    %irq   %soft  %steal  %guest  %gnice   %idle
01:21:47 PM    0   62.38    0.00   26.73    0.00    0.00    7.92    0.00    0.00    0.00    2.97

01:21:47 PM  CPU    %usr   %nice    %sys %iowait    %irq   %soft  %steal  %guest  %gnice   %idle
01:21:48 PM    0   64.29    0.00   25.51    0.00    0.00    7.14    0.00    0.00    0.00    3.06

01:21:48 PM  CPU    %usr   %nice    %sys %iowait    %irq   %soft  %steal  %guest  %gnice   %idle
01:21:49 PM    0   63.11    0.00   27.18    0.00    0.00    5.83    0.00    0.00    0.00    3.88

01:21:49 PM  CPU    %usr   %nice    %sys %iowait    %irq   %soft  %steal  %guest  %gnice   %idle
01:21:50 PM    0   67.35    0.00   25.51    0.00    0.00    4.08    0.00    0.00    0.00    3.06

01:21:50 PM  CPU    %usr   %nice    %sys %iowait    %irq   %soft  %steal  %guest  %gnice   %idle
01:21:51 PM    0   68.00    0.00   26.00    0.00    0.00    5.00    0.00    0.00    0.00    1.00

01:21:51 PM  CPU    %usr   %nice    %sys %iowait    %irq   %soft  %steal  %guest  %gnice   %idle
01:21:52 PM    0   70.30    0.00   23.76    0.00    0.00    4.95    0.00    0.00    0.00    0.99

01:21:52 PM  CPU    %usr   %nice    %sys %iowait    %irq   %soft  %steal  %guest  %gnice   %idle
01:21:53 PM    0   63.00    0.00   27.00    0.00    0.00    9.00    0.00    0.00    0.00    1.00

01:21:53 PM  CPU    %usr   %nice    %sys %iowait    %irq   %soft  %steal  %guest  %gnice   %idle
01:21:54 PM    0   64.36    0.00   25.74    0.00    0.00    7.92    0.00    0.00    0.00    1.98

01:21:54 PM  CPU    %usr   %nice    %sys %iowait    %irq   %soft  %steal  %guest  %gnice   %idle
01:21:55 PM    0   69.70    0.00   24.24    0.00    0.00    4.04    0.00    0.00    0.00    2.02

01:21:55 PM  CPU    %usr   %nice    %sys %iowait    %irq   %soft  %steal  %guest  %gnice   %idle
01:21:56 PM    0   68.32    0.00   24.75    0.00    0.00    4.95    0.00    0.00    0.00    1.98

01:21:56 PM  CPU    %usr   %nice    %sys %iowait    %irq   %soft  %steal  %guest  %gnice   %idle
01:21:57 PM    0   70.71    0.00   23.23    0.00    0.00    4.04    0.00    0.00    0.00    2.02

01:21:57 PM  CPU    %usr   %nice    %sys %iowait    %irq   %soft  %steal  %guest  %gnice   %idle
01:21:58 PM    0   65.00    0.00   27.00    0.00    0.00    7.00    0.00    0.00    0.00    1.00

01:21:58 PM  CPU    %usr   %nice    %sys %iowait    %irq   %soft  %steal  %guest  %gnice   %idle
01:21:59 PM    0   64.36    0.00   28.71    0.00    0.00    5.94    0.00    0.00    0.00    0.99

01:21:59 PM  CPU    %usr   %nice    %sys %iowait    %irq   %soft  %steal  %guest  %gnice   %idle
01:22:00 PM    0   64.65    0.00   28.28    0.00    0.00    4.04    0.00    0.00    0.00    3.03

01:22:00 PM  CPU    %usr   %nice    %sys %iowait    %irq   %soft  %steal  %guest  %gnice   %idle
01:22:01 PM    0   66.34    0.00   26.73    0.00    0.00    5.94    0.00    0.00    0.00    0.99

01:22:01 PM  CPU    %usr   %nice    %sys %iowait    %irq   %soft  %steal  %guest  %gnice   %idle
01:22:02 PM    0   70.00    0.00   21.00    0.00    0.00    9.00    0.00    0.00    0.00    0.00

01:22:02 PM  CPU    %usr   %nice    %sys %iowait    %irq   %soft  %steal  %guest  %gnice   %idle
01:22:03 PM    0   72.00    0.00   22.00    0.00    0.00    5.00    0.00    0.00    0.00    1.00

01:22:03 PM  CPU    %usr   %nice    %sys %iowait    %irq   %soft  %steal  %guest  %gnice   %idle
01:22:04 PM    0   72.28    0.00   20.79    0.00    0.00    5.94    0.00    0.00    0.00    0.99

01:22:04 PM  CPU    %usr   %nice    %sys %iowait    %irq   %soft  %steal  %guest  %gnice   %idle
01:22:05 PM    0   64.00    0.00   30.00    0.00    0.00    5.00    0.00    0.00    0.00    1.00

01:22:05 PM  CPU    %usr   %nice    %sys %iowait    %irq   %soft  %steal  %guest  %gnice   %idle
01:22:06 PM    0   70.71    0.00   25.25    0.00    0.00    3.03    0.00    0.00    0.00    1.01

01:22:06 PM  CPU    %usr   %nice    %sys %iowait    %irq   %soft  %steal  %guest  %gnice   %idle
01:22:07 PM    0   63.37    0.00   26.73    0.00    0.00    8.91    0.00    0.00    0.00    0.99

01:22:07 PM  CPU    %usr   %nice    %sys %iowait    %irq   %soft  %steal  %guest  %gnice   %idle
01:22:08 PM    0   66.67    0.00   24.24    0.00    0.00    7.07    0.00    0.00    0.00    2.02

01:22:08 PM  CPU    %usr   %nice    %sys %iowait    %irq   %soft  %steal  %guest  %gnice   %idle
01:22:09 PM    0   66.00    0.00   24.00    0.00    0.00    9.00    0.00    0.00    0.00    1.00

01:22:09 PM  CPU    %usr   %nice    %sys %iowait    %irq   %soft  %steal  %guest  %gnice   %idle
01:22:10 PM    0   64.36    0.00   25.74    0.00    0.00    6.93    0.00    0.00    0.00    2.97

01:22:10 PM  CPU    %usr   %nice    %sys %iowait    %irq   %soft  %steal  %guest  %gnice   %idle
01:22:11 PM    0   62.63    0.00   25.25    0.00    0.00   10.10    0.00    0.00    0.00    2.02

01:22:11 PM  CPU    %usr   %nice    %sys %iowait    %irq   %soft  %steal  %guest  %gnice   %idle
01:22:12 PM    0   65.66    0.00   26.26    0.00    0.00    6.06    0.00    0.00    0.00    2.02

01:22:12 PM  CPU    %usr   %nice    %sys %iowait    %irq   %soft  %steal  %guest  %gnice   %idle
01:22:13 PM    0   68.69    0.00   21.21    0.00    0.00    8.08    0.00    0.00    0.00    2.02

01:22:13 PM  CPU    %usr   %nice    %sys %iowait    %irq   %soft  %steal  %guest  %gnice   %idle
01:22:14 PM    0   61.39    0.00   31.68    0.00    0.00    5.94    0.00    0.00    0.00    0.99

01:22:14 PM  CPU    %usr   %nice    %sys %iowait    %irq   %soft  %steal  %guest  %gnice   %idle
01:22:15 PM    0   67.33    0.00   22.77    0.00    0.00    8.91    0.00    0.00    0.00    0.99

01:22:15 PM  CPU    %usr   %nice    %sys %iowait    %irq   %soft  %steal  %guest  %gnice   %idle
01:22:16 PM    0   69.70    0.00   25.25    0.00    0.00    5.05    0.00    0.00    0.00    0.00

01:22:16 PM  CPU    %usr   %nice    %sys %iowait    %irq   %soft  %steal  %guest  %gnice   %idle
01:22:17 PM    0   69.00    0.00   24.00    0.00    0.00    6.00    0.00    0.00    0.00    1.00

01:22:17 PM  CPU    %usr   %nice    %sys %iowait    %irq   %soft  %steal  %guest  %gnice   %idle
01:22:18 PM    0   68.00    0.00   23.00    0.00    0.00    8.00    0.00    0.00    0.00    1.00

01:22:18 PM  CPU    %usr   %nice    %sys %iowait    %irq   %soft  %steal  %guest  %gnice   %idle
01:22:19 PM    0   66.00    0.00   28.00    0.00    0.00    5.00    0.00    0.00    0.00    1.00

01:22:19 PM  CPU    %usr   %nice    %sys %iowait    %irq   %soft  %steal  %guest  %gnice   %idle
01:22:20 PM    0   66.67    0.00   26.26    0.00    0.00    5.05    0.00    0.00    0.00    2.02

01:22:20 PM  CPU    %usr   %nice    %sys %iowait    %irq   %soft  %steal  %guest  %gnice   %idle
01:22:21 PM    0   70.71    0.00   23.23    0.00    0.00    4.04    0.00    0.00    0.00    2.02

01:22:21 PM  CPU    %usr   %nice    %sys %iowait    %irq   %soft  %steal  %guest  %gnice   %idle
01:22:22 PM    0   61.00    0.00   31.00    0.00    0.00    7.00    0.00    0.00    0.00    1.00

01:22:22 PM  CPU    %usr   %nice    %sys %iowait    %irq   %soft  %steal  %guest  %gnice   %idle
01:22:23 PM    0   68.00    0.00   24.00    0.00    0.00    7.00    0.00    0.00    0.00    1.00

01:22:23 PM  CPU    %usr   %nice    %sys %iowait    %irq   %soft  %steal  %guest  %gnice   %idle
01:22:24 PM    0   67.65    0.00   23.53    0.00    0.00    5.88    0.00    0.00    0.00    2.94

01:22:24 PM  CPU    %usr   %nice    %sys %iowait    %irq   %soft  %steal  %guest  %gnice   %idle
01:22:25 PM    0   63.00    0.00   27.00    0.00    0.00    7.00    0.00    0.00    0.00    3.00

01:22:25 PM  CPU    %usr   %nice    %sys %iowait    %irq   %soft  %steal  %guest  %gnice   %idle
01:22:26 PM    0   64.00    0.00   28.00    0.00    0.00    6.00    0.00    0.00    0.00    2.00

01:22:26 PM  CPU    %usr   %nice    %sys %iowait    %irq   %soft  %steal  %guest  %gnice   %idle
01:22:27 PM    0   66.34    0.00   25.74    0.00    0.00    5.94    0.00    0.00    0.00    1.98

01:22:27 PM  CPU    %usr   %nice    %sys %iowait    %irq   %soft  %steal  %guest  %gnice   %idle
01:22:28 PM    0   64.00    0.00   29.00    0.00    0.00    5.00    0.00    0.00    0.00    2.00

01:22:28 PM  CPU    %usr   %nice    %sys %iowait    %irq   %soft  %steal  %guest  %gnice   %idle
01:22:29 PM    0   65.69    0.00   25.49    0.00    0.00    5.88    0.00    0.00    0.00    2.94

01:22:29 PM  CPU    %usr   %nice    %sys %iowait    %irq   %soft  %steal  %guest  %gnice   %idle
01:22:30 PM    0   65.66    0.00   27.27    0.00    0.00    6.06    0.00    0.00    0.00    1.01

01:22:30 PM  CPU    %usr   %nice    %sys %iowait    %irq   %soft  %steal  %guest  %gnice   %idle
01:22:31 PM    0   66.67    0.00   24.24    0.00    0.00    6.06    0.00    0.00    0.00    3.03

01:22:31 PM  CPU    %usr   %nice    %sys %iowait    %irq   %soft  %steal  %guest  %gnice   %idle
01:22:32 PM    0   63.37    0.00   28.71    0.00    0.00    5.94    0.00    0.00    0.00    1.98

01:22:32 PM  CPU    %usr   %nice    %sys %iowait    %irq   %soft  %steal  %guest  %gnice   %idle
01:22:33 PM    0   71.00    0.00   20.00    0.00    0.00    7.00    0.00    0.00    0.00    2.00

01:22:33 PM  CPU    %usr   %nice    %sys %iowait    %irq   %soft  %steal  %guest  %gnice   %idle
01:22:34 PM    0   70.30    0.00   21.78    0.00    0.00    5.94    0.00    0.00    0.00    1.98

Average:     CPU    %usr   %nice    %sys %iowait    %irq   %soft  %steal  %guest  %gnice   %idle
Average:       0   65.90    0.00   25.46    0.00    0.00    6.37    0.00    0.00    0.00    2.27
