Performing C SOURCE FILE Test CMAKE_HAVE_LIBC_PTHREAD failed with the following output:
Change Dir: /home/cw/course/csc9006/lab2/es_pubSubRT/cmake/build/CMakeFiles/CMakeTmp

Run Build Command(s):/usr/bin/make cmTC_6c5d6/fast && /usr/bin/make -f CMakeFiles/cmTC_6c5d6.dir/build.make CMakeFiles/cmTC_6c5d6.dir/build
make[1]: Entering directory '/home/cw/course/csc9006/lab2/es_pubSubRT/cmake/build/CMakeFiles/CMakeTmp'
Building C object CMakeFiles/cmTC_6c5d6.dir/src.c.o
/usr/bin/cc   -DCMAKE_HAVE_LIBC_PTHREAD   -o CMakeFiles/cmTC_6c5d6.dir/src.c.o   -c /home/cw/course/csc9006/lab2/es_pubSubRT/cmake/build/CMakeFiles/CMakeTmp/src.c
Linking C executable cmTC_6c5d6
/home/cw/local/bin/cmake -E cmake_link_script CMakeFiles/cmTC_6c5d6.dir/link.txt --verbose=1
/usr/bin/cc  -DCMAKE_HAVE_LIBC_PTHREAD    CMakeFiles/cmTC_6c5d6.dir/src.c.o  -o cmTC_6c5d6 
CMakeFiles/cmTC_6c5d6.dir/src.c.o: In function `main':
src.c:(.text+0x3e): undefined reference to `pthread_create'
src.c:(.text+0x4a): undefined reference to `pthread_detach'
src.c:(.text+0x56): undefined reference to `pthread_cancel'
src.c:(.text+0x67): undefined reference to `pthread_join'
src.c:(.text+0x7b): undefined reference to `pthread_atfork'
collect2: error: ld returned 1 exit status
CMakeFiles/cmTC_6c5d6.dir/build.make:103: recipe for target 'cmTC_6c5d6' failed
make[1]: *** [cmTC_6c5d6] Error 1
make[1]: Leaving directory '/home/cw/course/csc9006/lab2/es_pubSubRT/cmake/build/CMakeFiles/CMakeTmp'
Makefile:138: recipe for target 'cmTC_6c5d6/fast' failed
make: *** [cmTC_6c5d6/fast] Error 2


Source file was:
#include <pthread.h>

void* test_func(void* data)
{
  return data;
}

int main(void)
{
  pthread_t thread;
  pthread_create(&thread, NULL, test_func, NULL);
  pthread_detach(thread);
  pthread_cancel(thread);
  pthread_join(thread, NULL);
  pthread_atfork(NULL, NULL, NULL);
  pthread_exit(NULL);

  return 0;
}

Determining if the function pthread_create exists in the pthreads failed with the following output:
Change Dir: /home/cw/course/csc9006/lab2/es_pubSubRT/cmake/build/CMakeFiles/CMakeTmp

Run Build Command(s):/usr/bin/make cmTC_1f8b5/fast && /usr/bin/make -f CMakeFiles/cmTC_1f8b5.dir/build.make CMakeFiles/cmTC_1f8b5.dir/build
make[1]: Entering directory '/home/cw/course/csc9006/lab2/es_pubSubRT/cmake/build/CMakeFiles/CMakeTmp'
Building C object CMakeFiles/cmTC_1f8b5.dir/CheckFunctionExists.c.o
/usr/bin/cc   -DCHECK_FUNCTION_EXISTS=pthread_create   -o CMakeFiles/cmTC_1f8b5.dir/CheckFunctionExists.c.o   -c /home/cw/local/share/cmake-3.17/Modules/CheckFunctionExists.c
Linking C executable cmTC_1f8b5
/home/cw/local/bin/cmake -E cmake_link_script CMakeFiles/cmTC_1f8b5.dir/link.txt --verbose=1
/usr/bin/cc  -DCHECK_FUNCTION_EXISTS=pthread_create    CMakeFiles/cmTC_1f8b5.dir/CheckFunctionExists.c.o  -o cmTC_1f8b5  -lpthreads 
/usr/bin/ld: cannot find -lpthreads
collect2: error: ld returned 1 exit status
CMakeFiles/cmTC_1f8b5.dir/build.make:103: recipe for target 'cmTC_1f8b5' failed
make[1]: *** [cmTC_1f8b5] Error 1
make[1]: Leaving directory '/home/cw/course/csc9006/lab2/es_pubSubRT/cmake/build/CMakeFiles/CMakeTmp'
Makefile:138: recipe for target 'cmTC_1f8b5/fast' failed
make: *** [cmTC_1f8b5/fast] Error 2



