Linux 5.3.0-61-generic (cw-zenbook) 	07/16/2020 	_x86_64_	(8 CPU)

02:18:10 PM  CPU    %usr   %nice    %sys %iowait    %irq   %soft  %steal  %guest  %gnice   %idle
02:18:11 PM    0   22.77    0.00   12.87    0.00    0.00    2.97    0.00    0.00    0.00   61.39

02:18:11 PM  CPU    %usr   %nice    %sys %iowait    %irq   %soft  %steal  %guest  %gnice   %idle
02:18:12 PM    0   22.00    0.00   13.00    0.00    0.00    3.00    0.00    0.00    0.00   62.00

02:18:12 PM  CPU    %usr   %nice    %sys %iowait    %irq   %soft  %steal  %guest  %gnice   %idle
02:18:13 PM    0   25.51    0.00    8.16    0.00    0.00    3.06    0.00    0.00    0.00   63.27

02:18:13 PM  CPU    %usr   %nice    %sys %iowait    %irq   %soft  %steal  %guest  %gnice   %idle
02:18:14 PM    0   25.00    0.00   11.00    0.00    0.00    2.00    0.00    0.00    0.00   62.00

02:18:14 PM  CPU    %usr   %nice    %sys %iowait    %irq   %soft  %steal  %guest  %gnice   %idle
02:18:15 PM    0   25.25    0.00   11.11    0.00    0.00    1.01    0.00    0.00    0.00   62.63

02:18:15 PM  CPU    %usr   %nice    %sys %iowait    %irq   %soft  %steal  %guest  %gnice   %idle
02:18:16 PM    0   26.04    0.00    6.25    0.00    0.00    3.12    0.00    0.00    0.00   64.58

02:18:16 PM  CPU    %usr   %nice    %sys %iowait    %irq   %soft  %steal  %guest  %gnice   %idle
02:18:17 PM    0   24.75    0.00   10.89    0.00    0.00    2.97    0.00    0.00    0.00   61.39

02:18:17 PM  CPU    %usr   %nice    %sys %iowait    %irq   %soft  %steal  %guest  %gnice   %idle
02:18:18 PM    0   24.00    0.00   12.00    0.00    0.00    3.00    0.00    0.00    0.00   61.00

02:18:18 PM  CPU    %usr   %nice    %sys %iowait    %irq   %soft  %steal  %guest  %gnice   %idle
02:18:19 PM    0   25.24    0.00    8.74    0.00    0.00    6.80    0.00    0.00    0.00   59.22

02:18:19 PM  CPU    %usr   %nice    %sys %iowait    %irq   %soft  %steal  %guest  %gnice   %idle
02:18:20 PM    0   23.53    0.00   11.76    0.00    0.00    4.90    0.00    0.00    0.00   59.80

02:18:20 PM  CPU    %usr   %nice    %sys %iowait    %irq   %soft  %steal  %guest  %gnice   %idle
02:18:21 PM    0   26.26    0.00    7.07    0.00    0.00    5.05    0.00    0.00    0.00   61.62

02:18:21 PM  CPU    %usr   %nice    %sys %iowait    %irq   %soft  %steal  %guest  %gnice   %idle
02:18:22 PM    0   25.96    0.00   10.58    0.00    0.00    4.81    0.00    0.00    0.00   58.65

02:18:22 PM  CPU    %usr   %nice    %sys %iowait    %irq   %soft  %steal  %guest  %gnice   %idle
02:18:23 PM    0   24.75    0.00   11.88    0.00    0.00    2.97    0.00    0.00    0.00   60.40

02:18:23 PM  CPU    %usr   %nice    %sys %iowait    %irq   %soft  %steal  %guest  %gnice   %idle
02:18:24 PM    0   22.68    0.00   11.34    0.00    0.00    4.12    0.00    0.00    0.00   61.86

02:18:24 PM  CPU    %usr   %nice    %sys %iowait    %irq   %soft  %steal  %guest  %gnice   %idle
02:18:25 PM    0   25.49    0.00   10.78    0.00    0.00    3.92    0.00    0.00    0.00   59.80

02:18:25 PM  CPU    %usr   %nice    %sys %iowait    %irq   %soft  %steal  %guest  %gnice   %idle
02:18:26 PM    0   23.23    0.00   11.11    0.00    0.00    4.04    0.00    0.00    0.00   61.62

02:18:26 PM  CPU    %usr   %nice    %sys %iowait    %irq   %soft  %steal  %guest  %gnice   %idle
02:18:27 PM    0   23.00    0.00   10.00    0.00    0.00    5.00    0.00    0.00    0.00   62.00

02:18:27 PM  CPU    %usr   %nice    %sys %iowait    %irq   %soft  %steal  %guest  %gnice   %idle
02:18:28 PM    0   24.49    0.00    9.18    0.00    0.00    4.08    0.00    0.00    0.00   62.24

02:18:28 PM  CPU    %usr   %nice    %sys %iowait    %irq   %soft  %steal  %guest  %gnice   %idle
02:18:29 PM    0   27.45    0.00    7.84    0.00    0.00    4.90    0.00    0.00    0.00   59.80

02:18:29 PM  CPU    %usr   %nice    %sys %iowait    %irq   %soft  %steal  %guest  %gnice   %idle
02:18:30 PM    0   23.23    0.00    9.09    0.00    0.00    5.05    0.00    0.00    0.00   62.63

02:18:30 PM  CPU    %usr   %nice    %sys %iowait    %irq   %soft  %steal  %guest  %gnice   %idle
02:18:31 PM    0   23.23    0.00   11.11    0.00    0.00    4.04    0.00    0.00    0.00   61.62

02:18:31 PM  CPU    %usr   %nice    %sys %iowait    %irq   %soft  %steal  %guest  %gnice   %idle
02:18:32 PM    0   26.00    0.00    9.00    0.00    0.00    4.00    0.00    0.00    0.00   61.00

02:18:32 PM  CPU    %usr   %nice    %sys %iowait    %irq   %soft  %steal  %guest  %gnice   %idle
02:18:33 PM    0   23.16    0.00   11.58    0.00    0.00    2.11    0.00    0.00    0.00   63.16

02:18:33 PM  CPU    %usr   %nice    %sys %iowait    %irq   %soft  %steal  %guest  %gnice   %idle
02:18:34 PM    0   29.59    0.00    5.10    0.00    0.00    3.06    0.00    0.00    0.00   62.24

02:18:34 PM  CPU    %usr   %nice    %sys %iowait    %irq   %soft  %steal  %guest  %gnice   %idle
02:18:35 PM    0   28.28    0.00    8.08    0.00    0.00    2.02    0.00    0.00    0.00   61.62

02:18:35 PM  CPU    %usr   %nice    %sys %iowait    %irq   %soft  %steal  %guest  %gnice   %idle
02:18:36 PM    0   27.00    0.00    7.00    0.00    0.00    5.00    0.00    0.00    0.00   61.00

02:18:36 PM  CPU    %usr   %nice    %sys %iowait    %irq   %soft  %steal  %guest  %gnice   %idle
02:18:37 PM    0   21.00    0.00   12.00    0.00    0.00    5.00    0.00    0.00    0.00   62.00

02:18:37 PM  CPU    %usr   %nice    %sys %iowait    %irq   %soft  %steal  %guest  %gnice   %idle
02:18:38 PM    0   22.45    0.00   13.27    0.00    0.00    2.04    0.00    0.00    0.00   62.24

02:18:38 PM  CPU    %usr   %nice    %sys %iowait    %irq   %soft  %steal  %guest  %gnice   %idle
02:18:39 PM    0   21.78    0.00   11.88    0.00    0.00    4.95    0.00    0.00    0.00   61.39

02:18:39 PM  CPU    %usr   %nice    %sys %iowait    %irq   %soft  %steal  %guest  %gnice   %idle
02:18:40 PM    0   26.53    0.00    8.16    0.00    0.00    3.06    0.00    0.00    0.00   62.24

02:18:40 PM  CPU    %usr   %nice    %sys %iowait    %irq   %soft  %steal  %guest  %gnice   %idle
02:18:41 PM    0   24.51    0.00   11.76    0.00    0.00    2.94    0.00    0.00    0.00   60.78

02:18:41 PM  CPU    %usr   %nice    %sys %iowait    %irq   %soft  %steal  %guest  %gnice   %idle
02:18:42 PM    0   24.49    0.00   10.20    0.00    0.00    3.06    0.00    0.00    0.00   62.24

02:18:42 PM  CPU    %usr   %nice    %sys %iowait    %irq   %soft  %steal  %guest  %gnice   %idle
02:18:43 PM    0   25.00    0.00   10.00    0.00    0.00    3.00    0.00    0.00    0.00   62.00

02:18:43 PM  CPU    %usr   %nice    %sys %iowait    %irq   %soft  %steal  %guest  %gnice   %idle
02:18:44 PM    0   26.26    0.00   10.10    0.00    0.00    2.02    0.00    0.00    0.00   61.62

02:18:44 PM  CPU    %usr   %nice    %sys %iowait    %irq   %soft  %steal  %guest  %gnice   %idle
02:18:45 PM    0   25.24    0.00   10.68    0.00    0.00    3.88    0.00    0.00    0.00   60.19

02:18:45 PM  CPU    %usr   %nice    %sys %iowait    %irq   %soft  %steal  %guest  %gnice   %idle
02:18:46 PM    0   28.71    0.00    7.92    0.00    0.00    2.97    0.00    0.00    0.00   60.40

02:18:46 PM  CPU    %usr   %nice    %sys %iowait    %irq   %soft  %steal  %guest  %gnice   %idle
02:18:47 PM    0   22.68    0.00   12.37    0.00    0.00    2.06    0.00    0.00    0.00   62.89

02:18:47 PM  CPU    %usr   %nice    %sys %iowait    %irq   %soft  %steal  %guest  %gnice   %idle
02:18:48 PM    0   26.73    0.00   10.89    0.00    0.00    2.97    0.00    0.00    0.00   59.41

02:18:48 PM  CPU    %usr   %nice    %sys %iowait    %irq   %soft  %steal  %guest  %gnice   %idle
02:18:49 PM    0   25.25    0.00   10.10    0.00    0.00    3.03    0.00    0.00    0.00   61.62

02:18:49 PM  CPU    %usr   %nice    %sys %iowait    %irq   %soft  %steal  %guest  %gnice   %idle
02:18:50 PM    0   28.00    0.00    9.00    0.00    0.00    3.00    0.00    0.00    0.00   60.00

02:18:50 PM  CPU    %usr   %nice    %sys %iowait    %irq   %soft  %steal  %guest  %gnice   %idle
02:18:51 PM    0   26.26    0.00   10.10    0.00    0.00    2.02    0.00    0.00    0.00   61.62

02:18:51 PM  CPU    %usr   %nice    %sys %iowait    %irq   %soft  %steal  %guest  %gnice   %idle
02:18:52 PM    0   28.57    0.00    9.52    0.00    0.00    2.86    0.00    0.00    0.00   59.05

02:18:52 PM  CPU    %usr   %nice    %sys %iowait    %irq   %soft  %steal  %guest  %gnice   %idle
02:18:53 PM    0   27.37    0.00    6.32    0.00    0.00    2.11    0.00    0.00    0.00   64.21

02:18:53 PM  CPU    %usr   %nice    %sys %iowait    %irq   %soft  %steal  %guest  %gnice   %idle
02:18:54 PM    0   23.76    0.00   13.86    0.00    0.00    1.98    0.00    0.00    0.00   60.40

02:18:54 PM  CPU    %usr   %nice    %sys %iowait    %irq   %soft  %steal  %guest  %gnice   %idle
02:18:55 PM    0   26.80    0.00    8.25    0.00    0.00    2.06    0.00    0.00    0.00   62.89

02:18:55 PM  CPU    %usr   %nice    %sys %iowait    %irq   %soft  %steal  %guest  %gnice   %idle
02:18:56 PM    0   21.43    0.00   14.29    0.00    0.00    2.04    0.00    0.00    0.00   62.24

02:18:56 PM  CPU    %usr   %nice    %sys %iowait    %irq   %soft  %steal  %guest  %gnice   %idle
02:18:57 PM    0   25.51    0.00   11.22    0.00    0.00    1.02    0.00    0.00    0.00   62.24

02:18:57 PM  CPU    %usr   %nice    %sys %iowait    %irq   %soft  %steal  %guest  %gnice   %idle
02:18:58 PM    0   22.22    0.00   15.15    0.00    0.00    2.02    0.00    0.00    0.00   60.61

02:18:58 PM  CPU    %usr   %nice    %sys %iowait    %irq   %soft  %steal  %guest  %gnice   %idle
02:18:59 PM    0   24.00    0.00   11.00    0.00    0.00    4.00    0.00    0.00    0.00   61.00

02:18:59 PM  CPU    %usr   %nice    %sys %iowait    %irq   %soft  %steal  %guest  %gnice   %idle
02:19:00 PM    0   24.74    0.00    9.28    0.00    0.00    3.09    0.00    0.00    0.00   62.89

02:19:00 PM  CPU    %usr   %nice    %sys %iowait    %irq   %soft  %steal  %guest  %gnice   %idle
02:19:01 PM    0   26.00    0.00    8.00    0.00    0.00    5.00    0.00    0.00    0.00   61.00

02:19:01 PM  CPU    %usr   %nice    %sys %iowait    %irq   %soft  %steal  %guest  %gnice   %idle
02:19:02 PM    0   21.78    0.00   12.87    0.00    0.00    4.95    0.00    0.00    0.00   60.40

02:19:02 PM  CPU    %usr   %nice    %sys %iowait    %irq   %soft  %steal  %guest  %gnice   %idle
02:19:03 PM    0   26.47    0.00   10.78    0.00    0.00    1.96    0.00    0.00    0.00   60.78

02:19:03 PM  CPU    %usr   %nice    %sys %iowait    %irq   %soft  %steal  %guest  %gnice   %idle
02:19:04 PM    0   28.00    0.00    9.00    0.00    0.00    2.00    0.00    0.00    0.00   61.00

02:19:04 PM  CPU    %usr   %nice    %sys %iowait    %irq   %soft  %steal  %guest  %gnice   %idle
02:19:05 PM    0   23.47    0.00   11.22    0.00    0.00    3.06    0.00    0.00    0.00   62.24

02:19:05 PM  CPU    %usr   %nice    %sys %iowait    %irq   %soft  %steal  %guest  %gnice   %idle
02:19:06 PM    0   26.00    0.00    9.00    0.00    0.00    4.00    0.00    0.00    0.00   61.00

02:19:06 PM  CPU    %usr   %nice    %sys %iowait    %irq   %soft  %steal  %guest  %gnice   %idle
02:19:07 PM    0   22.68    0.00   10.31    0.00    0.00    3.09    0.00    0.00    0.00   63.92

02:19:07 PM  CPU    %usr   %nice    %sys %iowait    %irq   %soft  %steal  %guest  %gnice   %idle
02:19:08 PM    0   27.72    0.00    8.91    0.00    0.00    2.97    0.00    0.00    0.00   60.40

02:19:08 PM  CPU    %usr   %nice    %sys %iowait    %irq   %soft  %steal  %guest  %gnice   %idle
02:19:09 PM    0   27.72    0.00    9.90    0.00    0.00    0.99    0.00    0.00    0.00   61.39

02:19:09 PM  CPU    %usr   %nice    %sys %iowait    %irq   %soft  %steal  %guest  %gnice   %idle
02:19:10 PM    0   24.24    0.00   10.10    0.00    0.00    4.04    0.00    0.00    0.00   61.62

02:19:10 PM  CPU    %usr   %nice    %sys %iowait    %irq   %soft  %steal  %guest  %gnice   %idle
02:19:11 PM    0   26.53    0.00    6.12    0.00    0.00    4.08    0.00    0.00    0.00   63.27

02:19:11 PM  CPU    %usr   %nice    %sys %iowait    %irq   %soft  %steal  %guest  %gnice   %idle
02:19:12 PM    0   25.24    0.00   12.62    0.00    0.00    1.94    0.00    0.00    0.00   60.19

02:19:12 PM  CPU    %usr   %nice    %sys %iowait    %irq   %soft  %steal  %guest  %gnice   %idle
02:19:13 PM    0   25.25    0.00   10.10    0.00    0.00    3.03    0.00    0.00    0.00   61.62

02:19:13 PM  CPU    %usr   %nice    %sys %iowait    %irq   %soft  %steal  %guest  %gnice   %idle
02:19:14 PM    0   25.00    0.00   10.42    0.00    0.00    2.08    0.00    0.00    0.00   62.50

02:19:14 PM  CPU    %usr   %nice    %sys %iowait    %irq   %soft  %steal  %guest  %gnice   %idle
02:19:15 PM    0   27.00    0.00    9.00    0.00    0.00    3.00    0.00    0.00    0.00   61.00

02:19:15 PM  CPU    %usr   %nice    %sys %iowait    %irq   %soft  %steal  %guest  %gnice   %idle
02:19:16 PM    0   25.24    0.00   11.65    0.00    0.00    2.91    0.00    0.00    0.00   60.19

02:19:16 PM  CPU    %usr   %nice    %sys %iowait    %irq   %soft  %steal  %guest  %gnice   %idle
02:19:17 PM    0   26.53    0.00   10.20    0.00    0.00    1.02    0.00    0.00    0.00   62.24

02:19:17 PM  CPU    %usr   %nice    %sys %iowait    %irq   %soft  %steal  %guest  %gnice   %idle
02:19:18 PM    0   23.76    0.00   11.88    0.00    0.00    3.96    0.00    0.00    0.00   60.40

02:19:18 PM  CPU    %usr   %nice    %sys %iowait    %irq   %soft  %steal  %guest  %gnice   %idle
02:19:19 PM    0   25.25    0.00   10.10    0.00    0.00    4.04    0.00    0.00    0.00   60.61

02:19:19 PM  CPU    %usr   %nice    %sys %iowait    %irq   %soft  %steal  %guest  %gnice   %idle
02:19:20 PM    0   26.26    0.00   10.10    0.00    0.00    3.03    0.00    0.00    0.00   60.61

02:19:20 PM  CPU    %usr   %nice    %sys %iowait    %irq   %soft  %steal  %guest  %gnice   %idle
02:19:21 PM    0   24.00    0.00   13.00    0.00    0.00    1.00    0.00    0.00    0.00   62.00

02:19:21 PM  CPU    %usr   %nice    %sys %iowait    %irq   %soft  %steal  %guest  %gnice   %idle
02:19:22 PM    0   26.47    0.00   10.78    0.00    0.00    2.94    0.00    0.00    0.00   59.80

02:19:22 PM  CPU    %usr   %nice    %sys %iowait    %irq   %soft  %steal  %guest  %gnice   %idle
02:19:23 PM    0   24.49    0.00   10.20    0.00    0.00    3.06    0.00    0.00    0.00   62.24

02:19:23 PM  CPU    %usr   %nice    %sys %iowait    %irq   %soft  %steal  %guest  %gnice   %idle
02:19:24 PM    0   25.49    0.00   11.76    0.00    0.00    2.94    0.00    0.00    0.00   59.80

02:19:24 PM  CPU    %usr   %nice    %sys %iowait    %irq   %soft  %steal  %guest  %gnice   %idle
02:19:25 PM    0   25.00    0.00   10.00    0.00    0.00    4.00    0.00    0.00    0.00   61.00

02:19:25 PM  CPU    %usr   %nice    %sys %iowait    %irq   %soft  %steal  %guest  %gnice   %idle
02:19:26 PM    0   23.23    0.00   12.12    0.00    0.00    3.03    0.00    0.00    0.00   61.62

02:19:26 PM  CPU    %usr   %nice    %sys %iowait    %irq   %soft  %steal  %guest  %gnice   %idle
02:19:27 PM    0   23.47    0.00   10.20    0.00    0.00    4.08    0.00    0.00    0.00   62.24

02:19:27 PM  CPU    %usr   %nice    %sys %iowait    %irq   %soft  %steal  %guest  %gnice   %idle
02:19:28 PM    0   26.47    0.00   10.78    0.00    0.00    1.96    0.00    0.00    0.00   60.78

02:19:28 PM  CPU    %usr   %nice    %sys %iowait    %irq   %soft  %steal  %guest  %gnice   %idle
02:19:29 PM    0   22.45    0.00   11.22    0.00    0.00    3.06    0.00    0.00    0.00   63.27

02:19:29 PM  CPU    %usr   %nice    %sys %iowait    %irq   %soft  %steal  %guest  %gnice   %idle
02:19:30 PM    0   25.74    0.00    8.91    0.00    0.00    3.96    0.00    0.00    0.00   61.39

02:19:30 PM  CPU    %usr   %nice    %sys %iowait    %irq   %soft  %steal  %guest  %gnice   %idle
02:19:31 PM    0   26.26    0.00    9.09    0.00    0.00    4.04    0.00    0.00    0.00   60.61

02:19:31 PM  CPU    %usr   %nice    %sys %iowait    %irq   %soft  %steal  %guest  %gnice   %idle
02:19:32 PM    0   23.47    0.00   10.20    0.00    0.00    3.06    0.00    0.00    0.00   63.27

02:19:32 PM  CPU    %usr   %nice    %sys %iowait    %irq   %soft  %steal  %guest  %gnice   %idle
02:19:33 PM    0   25.00    0.00   11.00    0.00    0.00    3.00    0.00    0.00    0.00   61.00

02:19:33 PM  CPU    %usr   %nice    %sys %iowait    %irq   %soft  %steal  %guest  %gnice   %idle
02:19:34 PM    0   25.25    0.00   11.11    0.00    0.00    2.02    0.00    0.00    0.00   61.62

02:19:34 PM  CPU    %usr   %nice    %sys %iowait    %irq   %soft  %steal  %guest  %gnice   %idle
02:19:35 PM    0   27.27    0.00    8.08    0.00    0.00    3.03    0.00    0.00    0.00   61.62

02:19:35 PM  CPU    %usr   %nice    %sys %iowait    %irq   %soft  %steal  %guest  %gnice   %idle
02:19:36 PM    0   22.45    0.00   11.22    0.00    0.00    4.08    0.00    0.00    0.00   62.24

02:19:36 PM  CPU    %usr   %nice    %sys %iowait    %irq   %soft  %steal  %guest  %gnice   %idle
02:19:37 PM    0   25.00    0.00    9.00    0.00    0.00    4.00    0.00    0.00    0.00   62.00

02:19:37 PM  CPU    %usr   %nice    %sys %iowait    %irq   %soft  %steal  %guest  %gnice   %idle
02:19:38 PM    0   24.74    0.00   10.31    0.00    0.00    2.06    0.00    0.00    0.00   62.89

02:19:38 PM  CPU    %usr   %nice    %sys %iowait    %irq   %soft  %steal  %guest  %gnice   %idle
02:19:39 PM    0   25.49    0.00   10.78    0.00    0.00    3.92    0.00    0.00    0.00   59.80

02:19:39 PM  CPU    %usr   %nice    %sys %iowait    %irq   %soft  %steal  %guest  %gnice   %idle
02:19:40 PM    0   27.27    0.00    7.07    0.00    0.00    4.04    0.00    0.00    0.00   61.62

02:19:40 PM  CPU    %usr   %nice    %sys %iowait    %irq   %soft  %steal  %guest  %gnice   %idle
02:19:41 PM    0   27.72    0.00    8.91    0.00    0.00    2.97    0.00    0.00    0.00   60.40

02:19:41 PM  CPU    %usr   %nice    %sys %iowait    %irq   %soft  %steal  %guest  %gnice   %idle
02:19:42 PM    0   24.74    0.00   11.34    0.00    0.00    1.03    0.00    0.00    0.00   62.89

02:19:42 PM  CPU    %usr   %nice    %sys %iowait    %irq   %soft  %steal  %guest  %gnice   %idle
02:19:43 PM    0   22.45    0.00   12.24    0.00    0.00    2.04    0.00    0.00    0.00   63.27

02:19:43 PM  CPU    %usr   %nice    %sys %iowait    %irq   %soft  %steal  %guest  %gnice   %idle
02:19:44 PM    0   20.41    0.00   11.22    0.00    0.00    5.10    0.00    0.00    0.00   63.27

02:19:44 PM  CPU    %usr   %nice    %sys %iowait    %irq   %soft  %steal  %guest  %gnice   %idle
02:19:45 PM    0   25.00    0.00   10.00    0.00    0.00    3.00    0.00    0.00    0.00   62.00

02:19:45 PM  CPU    %usr   %nice    %sys %iowait    %irq   %soft  %steal  %guest  %gnice   %idle
02:19:46 PM    0   22.68    0.00   13.40    0.00    0.00    1.03    0.00    0.00    0.00   62.89

02:19:46 PM  CPU    %usr   %nice    %sys %iowait    %irq   %soft  %steal  %guest  %gnice   %idle
02:19:47 PM    0   27.27    0.00    8.08    0.00    0.00    3.03    0.00    0.00    0.00   61.62

02:19:47 PM  CPU    %usr   %nice    %sys %iowait    %irq   %soft  %steal  %guest  %gnice   %idle
02:19:48 PM    0   27.27    0.00    9.09    0.00    0.00    3.03    0.00    0.00    0.00   60.61

02:19:48 PM  CPU    %usr   %nice    %sys %iowait    %irq   %soft  %steal  %guest  %gnice   %idle
02:19:49 PM    0   25.00    0.00   10.00    0.00    0.00    4.00    0.00    0.00    0.00   61.00

02:19:49 PM  CPU    %usr   %nice    %sys %iowait    %irq   %soft  %steal  %guest  %gnice   %idle
02:19:50 PM    0   22.45    0.00   11.22    0.00    0.00    5.10    0.00    0.00    0.00   61.22

02:19:50 PM  CPU    %usr   %nice    %sys %iowait    %irq   %soft  %steal  %guest  %gnice   %idle
02:19:51 PM    0   30.00    0.00    9.00    0.00    0.00    0.00    0.00    0.00    0.00   61.00

02:19:51 PM  CPU    %usr   %nice    %sys %iowait    %irq   %soft  %steal  %guest  %gnice   %idle
02:19:52 PM    0   24.24    0.00   12.12    0.00    0.00    2.02    0.00    0.00    0.00   61.62

02:19:52 PM  CPU    %usr   %nice    %sys %iowait    %irq   %soft  %steal  %guest  %gnice   %idle
02:19:53 PM    0   29.41    0.00    9.80    0.00    0.00    0.98    0.00    0.00    0.00   59.80

02:19:53 PM  CPU    %usr   %nice    %sys %iowait    %irq   %soft  %steal  %guest  %gnice   %idle
02:19:54 PM    0   26.53    0.00    9.18    0.00    0.00    2.04    0.00    0.00    0.00   62.24

02:19:54 PM  CPU    %usr   %nice    %sys %iowait    %irq   %soft  %steal  %guest  %gnice   %idle
02:19:55 PM    0   25.51    0.00    9.18    0.00    0.00    3.06    0.00    0.00    0.00   62.24

02:19:55 PM  CPU    %usr   %nice    %sys %iowait    %irq   %soft  %steal  %guest  %gnice   %idle
02:19:56 PM    0   27.00    0.00    9.00    0.00    0.00    4.00    0.00    0.00    0.00   60.00

02:19:56 PM  CPU    %usr   %nice    %sys %iowait    %irq   %soft  %steal  %guest  %gnice   %idle
02:19:57 PM    0   25.74    0.00   11.88    0.00    0.00    2.97    0.00    0.00    0.00   59.41

02:19:57 PM  CPU    %usr   %nice    %sys %iowait    %irq   %soft  %steal  %guest  %gnice   %idle
02:19:58 PM    0   24.49    0.00    9.18    0.00    0.00    3.06    0.00    0.00    0.00   63.27

02:19:58 PM  CPU    %usr   %nice    %sys %iowait    %irq   %soft  %steal  %guest  %gnice   %idle
02:19:59 PM    0   21.21    0.00   13.13    0.00    0.00    3.03    0.00    0.00    0.00   62.63

02:19:59 PM  CPU    %usr   %nice    %sys %iowait    %irq   %soft  %steal  %guest  %gnice   %idle
02:20:00 PM    0   27.00    0.00    8.00    0.00    0.00    3.00    0.00    0.00    0.00   62.00

02:20:00 PM  CPU    %usr   %nice    %sys %iowait    %irq   %soft  %steal  %guest  %gnice   %idle
02:20:01 PM    0   25.25    0.00   11.11    0.00    0.00    2.02    0.00    0.00    0.00   61.62

02:20:01 PM  CPU    %usr   %nice    %sys %iowait    %irq   %soft  %steal  %guest  %gnice   %idle
02:20:02 PM    0   26.53    0.00    9.18    0.00    0.00    3.06    0.00    0.00    0.00   61.22

02:20:02 PM  CPU    %usr   %nice    %sys %iowait    %irq   %soft  %steal  %guest  %gnice   %idle
02:20:03 PM    0   21.00    0.00   14.00    0.00    0.00    4.00    0.00    0.00    0.00   61.00

02:20:03 PM  CPU    %usr   %nice    %sys %iowait    %irq   %soft  %steal  %guest  %gnice   %idle
02:20:04 PM    0   24.24    0.00   10.10    0.00    0.00    4.04    0.00    0.00    0.00   61.62

02:20:04 PM  CPU    %usr   %nice    %sys %iowait    %irq   %soft  %steal  %guest  %gnice   %idle
02:20:05 PM    0   26.26    0.00    8.08    0.00    0.00    4.04    0.00    0.00    0.00   61.62

02:20:05 PM  CPU    %usr   %nice    %sys %iowait    %irq   %soft  %steal  %guest  %gnice   %idle
02:20:06 PM    0   24.74    0.00   10.31    0.00    0.00    1.03    0.00    0.00    0.00   63.92

02:20:06 PM  CPU    %usr   %nice    %sys %iowait    %irq   %soft  %steal  %guest  %gnice   %idle
02:20:07 PM    0   26.00    0.00   10.00    0.00    0.00    4.00    0.00    0.00    0.00   60.00

02:20:07 PM  CPU    %usr   %nice    %sys %iowait    %irq   %soft  %steal  %guest  %gnice   %idle
02:20:08 PM    0   22.92    0.00    9.38    0.00    0.00    4.17    0.00    0.00    0.00   63.54

02:20:08 PM  CPU    %usr   %nice    %sys %iowait    %irq   %soft  %steal  %guest  %gnice   %idle
02:20:09 PM    0   28.00    0.00    9.00    0.00    0.00    2.00    0.00    0.00    0.00   61.00

02:20:09 PM  CPU    %usr   %nice    %sys %iowait    %irq   %soft  %steal  %guest  %gnice   %idle
02:20:10 PM    0   26.53    0.00   10.20    0.00    0.00    1.02    0.00    0.00    0.00   62.24

Average:     CPU    %usr   %nice    %sys %iowait    %irq   %soft  %steal  %guest  %gnice   %idle
Average:       0   25.13    0.00   10.26    0.00    0.00    3.11    0.00    0.00    0.00   61.51
