Linux 5.3.0-61-generic (cw-zenbook) 	07/16/2020 	_x86_64_	(8 CPU)

05:42:21 PM  CPU    %usr   %nice    %sys %iowait    %irq   %soft  %steal  %guest  %gnice   %idle
05:42:22 PM    0   62.38    0.00   29.70    0.00    0.00    4.95    0.00    0.00    0.00    2.97

05:42:22 PM  CPU    %usr   %nice    %sys %iowait    %irq   %soft  %steal  %guest  %gnice   %idle
05:42:23 PM    0   65.35    0.00   25.74    0.00    0.00    4.95    0.00    0.00    0.00    3.96

05:42:23 PM  CPU    %usr   %nice    %sys %iowait    %irq   %soft  %steal  %guest  %gnice   %idle
05:42:24 PM    0   63.37    0.00   28.71    0.00    0.00    4.95    0.00    0.00    0.00    2.97

05:42:24 PM  CPU    %usr   %nice    %sys %iowait    %irq   %soft  %steal  %guest  %gnice   %idle
05:42:25 PM    0   62.75    0.00   25.49    0.00    0.00    8.82    0.00    0.00    0.00    2.94

05:42:25 PM  CPU    %usr   %nice    %sys %iowait    %irq   %soft  %steal  %guest  %gnice   %idle
05:42:26 PM    0   70.00    0.00   23.00    0.00    0.00    5.00    0.00    0.00    0.00    2.00

05:42:26 PM  CPU    %usr   %nice    %sys %iowait    %irq   %soft  %steal  %guest  %gnice   %idle
05:42:27 PM    0   70.41    0.00   20.41    0.00    0.00    6.12    0.00    0.00    0.00    3.06

05:42:27 PM  CPU    %usr   %nice    %sys %iowait    %irq   %soft  %steal  %guest  %gnice   %idle
05:42:28 PM    0   68.37    0.00   21.43    0.00    0.00    8.16    0.00    0.00    0.00    2.04

05:42:28 PM  CPU    %usr   %nice    %sys %iowait    %irq   %soft  %steal  %guest  %gnice   %idle
05:42:29 PM    0   69.61    0.00   24.51    0.00    0.00    2.94    0.00    0.00    0.00    2.94

05:42:29 PM  CPU    %usr   %nice    %sys %iowait    %irq   %soft  %steal  %guest  %gnice   %idle
05:42:30 PM    0   72.55    0.00   19.61    0.00    0.00    4.90    0.00    0.00    0.00    2.94

05:42:30 PM  CPU    %usr   %nice    %sys %iowait    %irq   %soft  %steal  %guest  %gnice   %idle
05:42:31 PM    0   64.00    0.00   30.00    0.00    0.00    4.00    0.00    0.00    0.00    2.00

05:42:31 PM  CPU    %usr   %nice    %sys %iowait    %irq   %soft  %steal  %guest  %gnice   %idle
05:42:32 PM    0   72.45    0.00   20.41    0.00    0.00    4.08    0.00    0.00    0.00    3.06

05:42:32 PM  CPU    %usr   %nice    %sys %iowait    %irq   %soft  %steal  %guest  %gnice   %idle
05:42:33 PM    0   61.00    0.00   27.00    0.00    0.00    8.00    0.00    0.00    0.00    4.00

05:42:33 PM  CPU    %usr   %nice    %sys %iowait    %irq   %soft  %steal  %guest  %gnice   %idle
05:42:34 PM    0   63.37    0.00   29.70    0.00    0.00    3.96    0.00    0.00    0.00    2.97

05:42:34 PM  CPU    %usr   %nice    %sys %iowait    %irq   %soft  %steal  %guest  %gnice   %idle
05:42:35 PM    0   67.68    0.00   23.23    0.00    0.00    7.07    0.00    0.00    0.00    2.02

05:42:35 PM  CPU    %usr   %nice    %sys %iowait    %irq   %soft  %steal  %guest  %gnice   %idle
05:42:36 PM    0   63.37    0.00   27.72    0.00    0.00    5.94    0.00    0.00    0.00    2.97

05:42:36 PM  CPU    %usr   %nice    %sys %iowait    %irq   %soft  %steal  %guest  %gnice   %idle
05:42:37 PM    0   65.00    0.00   30.00    0.00    0.00    4.00    0.00    0.00    0.00    1.00

05:42:37 PM  CPU    %usr   %nice    %sys %iowait    %irq   %soft  %steal  %guest  %gnice   %idle
05:42:38 PM    0   65.00    0.00   25.00    0.00    0.00    9.00    0.00    0.00    0.00    1.00

05:42:38 PM  CPU    %usr   %nice    %sys %iowait    %irq   %soft  %steal  %guest  %gnice   %idle
05:42:39 PM    0   61.39    0.00   29.70    0.00    0.00    7.92    0.00    0.00    0.00    0.99

05:42:39 PM  CPU    %usr   %nice    %sys %iowait    %irq   %soft  %steal  %guest  %gnice   %idle
05:42:40 PM    0   69.31    0.00   20.79    0.00    0.00    6.93    0.00    0.00    0.00    2.97

05:42:40 PM  CPU    %usr   %nice    %sys %iowait    %irq   %soft  %steal  %guest  %gnice   %idle
05:42:41 PM    0   70.10    0.00   23.71    0.00    0.00    4.12    0.00    0.00    0.00    2.06

05:42:41 PM  CPU    %usr   %nice    %sys %iowait    %irq   %soft  %steal  %guest  %gnice   %idle
05:42:42 PM    0   59.00    0.00   29.00    0.00    0.00   10.00    0.00    0.00    0.00    2.00

05:42:42 PM  CPU    %usr   %nice    %sys %iowait    %irq   %soft  %steal  %guest  %gnice   %idle
05:42:43 PM    0   62.38    0.00   30.69    0.00    0.00    4.95    0.00    0.00    0.00    1.98

05:42:43 PM  CPU    %usr   %nice    %sys %iowait    %irq   %soft  %steal  %guest  %gnice   %idle
05:42:44 PM    0   64.71    0.00   25.49    0.00    0.00    6.86    0.00    0.00    0.00    2.94

05:42:44 PM  CPU    %usr   %nice    %sys %iowait    %irq   %soft  %steal  %guest  %gnice   %idle
05:42:45 PM    0   59.60    0.00   31.31    0.00    0.00    6.06    0.00    0.00    0.00    3.03

05:42:45 PM  CPU    %usr   %nice    %sys %iowait    %irq   %soft  %steal  %guest  %gnice   %idle
05:42:46 PM    0   67.00    0.00   25.00    0.00    0.00    5.00    0.00    0.00    0.00    3.00

05:42:46 PM  CPU    %usr   %nice    %sys %iowait    %irq   %soft  %steal  %guest  %gnice   %idle
05:42:47 PM    0   72.00    0.00   21.00    0.00    0.00    5.00    0.00    0.00    0.00    2.00

05:42:47 PM  CPU    %usr   %nice    %sys %iowait    %irq   %soft  %steal  %guest  %gnice   %idle
05:42:48 PM    0   68.32    0.00   22.77    0.00    0.00    4.95    0.00    0.00    0.00    3.96

05:42:48 PM  CPU    %usr   %nice    %sys %iowait    %irq   %soft  %steal  %guest  %gnice   %idle
05:42:49 PM    0   69.00    0.00   22.00    0.00    0.00    7.00    0.00    0.00    0.00    2.00

05:42:49 PM  CPU    %usr   %nice    %sys %iowait    %irq   %soft  %steal  %guest  %gnice   %idle
05:42:50 PM    0   60.78    0.00   31.37    0.00    0.00    5.88    0.00    0.00    0.00    1.96

05:42:50 PM  CPU    %usr   %nice    %sys %iowait    %irq   %soft  %steal  %guest  %gnice   %idle
05:42:51 PM    0   67.68    0.00   26.26    0.00    0.00    4.04    0.00    0.00    0.00    2.02

05:42:51 PM  CPU    %usr   %nice    %sys %iowait    %irq   %soft  %steal  %guest  %gnice   %idle
05:42:52 PM    0   63.00    0.00   29.00    0.00    0.00    5.00    0.00    0.00    0.00    3.00

05:42:52 PM  CPU    %usr   %nice    %sys %iowait    %irq   %soft  %steal  %guest  %gnice   %idle
05:42:53 PM    0   72.00    0.00   20.00    0.00    0.00    6.00    0.00    0.00    0.00    2.00

05:42:53 PM  CPU    %usr   %nice    %sys %iowait    %irq   %soft  %steal  %guest  %gnice   %idle
05:42:54 PM    0   67.35    0.00   24.49    0.00    0.00    6.12    0.00    0.00    0.00    2.04

05:42:54 PM  CPU    %usr   %nice    %sys %iowait    %irq   %soft  %steal  %guest  %gnice   %idle
05:42:55 PM    0   64.65    0.00   25.25    0.00    0.00    9.09    0.00    0.00    0.00    1.01

05:42:55 PM  CPU    %usr   %nice    %sys %iowait    %irq   %soft  %steal  %guest  %gnice   %idle
05:42:56 PM    0   66.67    0.00   24.51    0.00    0.00    6.86    0.00    0.00    0.00    1.96

05:42:56 PM  CPU    %usr   %nice    %sys %iowait    %irq   %soft  %steal  %guest  %gnice   %idle
05:42:57 PM    0   67.00    0.00   25.00    0.00    0.00    7.00    0.00    0.00    0.00    1.00

05:42:57 PM  CPU    %usr   %nice    %sys %iowait    %irq   %soft  %steal  %guest  %gnice   %idle
05:42:58 PM    0   65.66    0.00   26.26    0.00    0.00    7.07    0.00    0.00    0.00    1.01

05:42:58 PM  CPU    %usr   %nice    %sys %iowait    %irq   %soft  %steal  %guest  %gnice   %idle
05:42:59 PM    0   68.32    0.00   26.73    0.00    0.00    4.95    0.00    0.00    0.00    0.00

05:42:59 PM  CPU    %usr   %nice    %sys %iowait    %irq   %soft  %steal  %guest  %gnice   %idle
05:43:00 PM    0   67.68    0.00   25.25    0.00    0.00    4.04    0.00    0.00    0.00    3.03

05:43:00 PM  CPU    %usr   %nice    %sys %iowait    %irq   %soft  %steal  %guest  %gnice   %idle
05:43:01 PM    0   64.65    0.00   26.26    0.00    0.00    7.07    0.00    0.00    0.00    2.02

05:43:01 PM  CPU    %usr   %nice    %sys %iowait    %irq   %soft  %steal  %guest  %gnice   %idle
05:43:02 PM    0   66.00    0.00   26.00    0.00    0.00    6.00    0.00    0.00    0.00    2.00

05:43:02 PM  CPU    %usr   %nice    %sys %iowait    %irq   %soft  %steal  %guest  %gnice   %idle
05:43:03 PM    0   65.00    0.00   28.00    0.00    0.00    6.00    0.00    0.00    0.00    1.00

05:43:03 PM  CPU    %usr   %nice    %sys %iowait    %irq   %soft  %steal  %guest  %gnice   %idle
05:43:04 PM    0   68.00    0.00   22.00    0.00    0.00    9.00    0.00    0.00    0.00    1.00

05:43:04 PM  CPU    %usr   %nice    %sys %iowait    %irq   %soft  %steal  %guest  %gnice   %idle
05:43:05 PM    0   68.32    0.00   22.77    0.00    0.00    6.93    0.00    0.00    0.00    1.98

05:43:05 PM  CPU    %usr   %nice    %sys %iowait    %irq   %soft  %steal  %guest  %gnice   %idle
05:43:06 PM    0   62.00    0.00   28.00    0.00    0.00    7.00    0.00    0.00    0.00    3.00

05:43:06 PM  CPU    %usr   %nice    %sys %iowait    %irq   %soft  %steal  %guest  %gnice   %idle
05:43:07 PM    0   69.31    0.00   23.76    0.00    0.00    4.95    0.00    0.00    0.00    1.98

05:43:07 PM  CPU    %usr   %nice    %sys %iowait    %irq   %soft  %steal  %guest  %gnice   %idle
05:43:08 PM    0   65.35    0.00   21.78    0.00    0.00    8.91    0.00    0.00    0.00    3.96

05:43:08 PM  CPU    %usr   %nice    %sys %iowait    %irq   %soft  %steal  %guest  %gnice   %idle
05:43:09 PM    0   66.00    0.00   26.00    0.00    0.00    6.00    0.00    0.00    0.00    2.00

05:43:09 PM  CPU    %usr   %nice    %sys %iowait    %irq   %soft  %steal  %guest  %gnice   %idle
05:43:10 PM    0   69.07    0.00   22.68    0.00    0.00    5.15    0.00    0.00    0.00    3.09

05:43:10 PM  CPU    %usr   %nice    %sys %iowait    %irq   %soft  %steal  %guest  %gnice   %idle
05:43:11 PM    0   70.71    0.00   24.24    0.00    0.00    3.03    0.00    0.00    0.00    2.02

05:43:11 PM  CPU    %usr   %nice    %sys %iowait    %irq   %soft  %steal  %guest  %gnice   %idle
05:43:12 PM    0   67.65    0.00   23.53    0.00    0.00    7.84    0.00    0.00    0.00    0.98

05:43:12 PM  CPU    %usr   %nice    %sys %iowait    %irq   %soft  %steal  %guest  %gnice   %idle
05:43:13 PM    0   67.68    0.00   26.26    0.00    0.00    6.06    0.00    0.00    0.00    0.00

05:43:13 PM  CPU    %usr   %nice    %sys %iowait    %irq   %soft  %steal  %guest  %gnice   %idle
05:43:14 PM    0   64.65    0.00   26.26    0.00    0.00    7.07    0.00    0.00    0.00    2.02

05:43:14 PM  CPU    %usr   %nice    %sys %iowait    %irq   %soft  %steal  %guest  %gnice   %idle
05:43:15 PM    0   66.67    0.00   28.28    0.00    0.00    4.04    0.00    0.00    0.00    1.01

05:43:15 PM  CPU    %usr   %nice    %sys %iowait    %irq   %soft  %steal  %guest  %gnice   %idle
05:43:16 PM    0   67.68    0.00   27.27    0.00    0.00    5.05    0.00    0.00    0.00    0.00

05:43:16 PM  CPU    %usr   %nice    %sys %iowait    %irq   %soft  %steal  %guest  %gnice   %idle
05:43:17 PM    0   66.67    0.00   27.27    0.00    0.00    5.05    0.00    0.00    0.00    1.01

05:43:17 PM  CPU    %usr   %nice    %sys %iowait    %irq   %soft  %steal  %guest  %gnice   %idle
05:43:18 PM    0   66.67    0.00   25.49    0.00    0.00    6.86    0.00    0.00    0.00    0.98

05:43:18 PM  CPU    %usr   %nice    %sys %iowait    %irq   %soft  %steal  %guest  %gnice   %idle
05:43:19 PM    0   70.71    0.00   24.24    0.00    0.00    5.05    0.00    0.00    0.00    0.00

05:43:19 PM  CPU    %usr   %nice    %sys %iowait    %irq   %soft  %steal  %guest  %gnice   %idle
05:43:20 PM    0   68.00    0.00   23.00    0.00    0.00    7.00    0.00    0.00    0.00    2.00

05:43:20 PM  CPU    %usr   %nice    %sys %iowait    %irq   %soft  %steal  %guest  %gnice   %idle
05:43:21 PM    0   62.38    0.00   28.71    0.00    0.00    6.93    0.00    0.00    0.00    1.98

05:43:21 PM  CPU    %usr   %nice    %sys %iowait    %irq   %soft  %steal  %guest  %gnice   %idle
05:43:22 PM    0   68.69    0.00   24.24    0.00    0.00    7.07    0.00    0.00    0.00    0.00

05:43:22 PM  CPU    %usr   %nice    %sys %iowait    %irq   %soft  %steal  %guest  %gnice   %idle
05:43:23 PM    0   69.00    0.00   26.00    0.00    0.00    4.00    0.00    0.00    0.00    1.00

05:43:23 PM  CPU    %usr   %nice    %sys %iowait    %irq   %soft  %steal  %guest  %gnice   %idle
05:43:24 PM    0   71.29    0.00   22.77    0.00    0.00    3.96    0.00    0.00    0.00    1.98

05:43:24 PM  CPU    %usr   %nice    %sys %iowait    %irq   %soft  %steal  %guest  %gnice   %idle
05:43:25 PM    0   63.37    0.00   29.70    0.00    0.00    4.95    0.00    0.00    0.00    1.98

05:43:25 PM  CPU    %usr   %nice    %sys %iowait    %irq   %soft  %steal  %guest  %gnice   %idle
05:43:26 PM    0   68.00    0.00   23.00    0.00    0.00    6.00    0.00    0.00    0.00    3.00

05:43:26 PM  CPU    %usr   %nice    %sys %iowait    %irq   %soft  %steal  %guest  %gnice   %idle
05:43:27 PM    0   70.00    0.00   23.00    0.00    0.00    5.00    0.00    0.00    0.00    2.00

05:43:27 PM  CPU    %usr   %nice    %sys %iowait    %irq   %soft  %steal  %guest  %gnice   %idle
05:43:28 PM    0   61.00    0.00   30.00    0.00    0.00    8.00    0.00    0.00    0.00    1.00

05:43:28 PM  CPU    %usr   %nice    %sys %iowait    %irq   %soft  %steal  %guest  %gnice   %idle
05:43:29 PM    0   64.29    0.00   28.57    0.00    0.00    7.14    0.00    0.00    0.00    0.00

05:43:29 PM  CPU    %usr   %nice    %sys %iowait    %irq   %soft  %steal  %guest  %gnice   %idle
05:43:30 PM    0   62.38    0.00   31.68    0.00    0.00    4.95    0.00    0.00    0.00    0.99

05:43:30 PM  CPU    %usr   %nice    %sys %iowait    %irq   %soft  %steal  %guest  %gnice   %idle
05:43:31 PM    0   64.00    0.00   25.00    0.00    0.00    9.00    0.00    0.00    0.00    2.00

05:43:31 PM  CPU    %usr   %nice    %sys %iowait    %irq   %soft  %steal  %guest  %gnice   %idle
05:43:32 PM    0   69.00    0.00   23.00    0.00    0.00    7.00    0.00    0.00    0.00    1.00

05:43:32 PM  CPU    %usr   %nice    %sys %iowait    %irq   %soft  %steal  %guest  %gnice   %idle
05:43:33 PM    0   63.00    0.00   32.00    0.00    0.00    5.00    0.00    0.00    0.00    0.00

05:43:33 PM  CPU    %usr   %nice    %sys %iowait    %irq   %soft  %steal  %guest  %gnice   %idle
05:43:34 PM    0   68.32    0.00   26.73    0.00    0.00    3.96    0.00    0.00    0.00    0.99

05:43:34 PM  CPU    %usr   %nice    %sys %iowait    %irq   %soft  %steal  %guest  %gnice   %idle
05:43:35 PM    0   67.00    0.00   27.00    0.00    0.00    5.00    0.00    0.00    0.00    1.00

05:43:35 PM  CPU    %usr   %nice    %sys %iowait    %irq   %soft  %steal  %guest  %gnice   %idle
05:43:36 PM    0   68.69    0.00   24.24    0.00    0.00    7.07    0.00    0.00    0.00    0.00

05:43:36 PM  CPU    %usr   %nice    %sys %iowait    %irq   %soft  %steal  %guest  %gnice   %idle
05:43:37 PM    0   65.69    0.00   26.47    0.00    0.00    6.86    0.00    0.00    0.00    0.98

05:43:37 PM  CPU    %usr   %nice    %sys %iowait    %irq   %soft  %steal  %guest  %gnice   %idle
05:43:38 PM    0   64.65    0.00   28.28    0.00    0.00    7.07    0.00    0.00    0.00    0.00

05:43:38 PM  CPU    %usr   %nice    %sys %iowait    %irq   %soft  %steal  %guest  %gnice   %idle
05:43:39 PM    0   63.64    0.00   28.28    0.00    0.00    7.07    0.00    0.00    0.00    1.01

05:43:39 PM  CPU    %usr   %nice    %sys %iowait    %irq   %soft  %steal  %guest  %gnice   %idle
05:43:40 PM    0   70.00    0.00   22.00    0.00    0.00    7.00    0.00    0.00    0.00    1.00

05:43:40 PM  CPU    %usr   %nice    %sys %iowait    %irq   %soft  %steal  %guest  %gnice   %idle
05:43:41 PM    0   65.35    0.00   25.74    0.00    0.00    6.93    0.00    0.00    0.00    1.98

05:43:41 PM  CPU    %usr   %nice    %sys %iowait    %irq   %soft  %steal  %guest  %gnice   %idle
05:43:42 PM    0   65.00    0.00   24.00    0.00    0.00   11.00    0.00    0.00    0.00    0.00

05:43:42 PM  CPU    %usr   %nice    %sys %iowait    %irq   %soft  %steal  %guest  %gnice   %idle
05:43:43 PM    0   69.31    0.00   27.72    0.00    0.00    1.98    0.00    0.00    0.00    0.99

05:43:43 PM  CPU    %usr   %nice    %sys %iowait    %irq   %soft  %steal  %guest  %gnice   %idle
05:43:44 PM    0   69.39    0.00   22.45    0.00    0.00    8.16    0.00    0.00    0.00    0.00

05:43:44 PM  CPU    %usr   %nice    %sys %iowait    %irq   %soft  %steal  %guest  %gnice   %idle
05:43:45 PM    0   67.33    0.00   25.74    0.00    0.00    6.93    0.00    0.00    0.00    0.00

05:43:45 PM  CPU    %usr   %nice    %sys %iowait    %irq   %soft  %steal  %guest  %gnice   %idle
05:43:46 PM    0   68.69    0.00   24.24    0.00    0.00    6.06    0.00    0.00    0.00    1.01

05:43:46 PM  CPU    %usr   %nice    %sys %iowait    %irq   %soft  %steal  %guest  %gnice   %idle
05:43:47 PM    0   66.00    0.00   30.00    0.00    0.00    4.00    0.00    0.00    0.00    0.00

05:43:47 PM  CPU    %usr   %nice    %sys %iowait    %irq   %soft  %steal  %guest  %gnice   %idle
05:43:48 PM    0   67.65    0.00   25.49    0.00    0.00    5.88    0.00    0.00    0.00    0.98

05:43:48 PM  CPU    %usr   %nice    %sys %iowait    %irq   %soft  %steal  %guest  %gnice   %idle
05:43:49 PM    0   73.00    0.00   21.00    0.00    0.00    6.00    0.00    0.00    0.00    0.00

05:43:49 PM  CPU    %usr   %nice    %sys %iowait    %irq   %soft  %steal  %guest  %gnice   %idle
05:43:50 PM    0   69.31    0.00   24.75    0.00    0.00    4.95    0.00    0.00    0.00    0.99

05:43:50 PM  CPU    %usr   %nice    %sys %iowait    %irq   %soft  %steal  %guest  %gnice   %idle
05:43:51 PM    0   66.33    0.00   25.51    0.00    0.00    7.14    0.00    0.00    0.00    1.02

05:43:51 PM  CPU    %usr   %nice    %sys %iowait    %irq   %soft  %steal  %guest  %gnice   %idle
05:43:52 PM    0   68.00    0.00   25.00    0.00    0.00    5.00    0.00    0.00    0.00    2.00

05:43:52 PM  CPU    %usr   %nice    %sys %iowait    %irq   %soft  %steal  %guest  %gnice   %idle
05:43:53 PM    0   67.00    0.00   26.00    0.00    0.00    6.00    0.00    0.00    0.00    1.00

05:43:53 PM  CPU    %usr   %nice    %sys %iowait    %irq   %soft  %steal  %guest  %gnice   %idle
05:43:54 PM    0   68.32    0.00   23.76    0.00    0.00    6.93    0.00    0.00    0.00    0.99

05:43:54 PM  CPU    %usr   %nice    %sys %iowait    %irq   %soft  %steal  %guest  %gnice   %idle
05:43:55 PM    0   63.64    0.00   29.29    0.00    0.00    6.06    0.00    0.00    0.00    1.01

05:43:55 PM  CPU    %usr   %nice    %sys %iowait    %irq   %soft  %steal  %guest  %gnice   %idle
05:43:56 PM    0   62.63    0.00   28.28    0.00    0.00    7.07    0.00    0.00    0.00    2.02

05:43:56 PM  CPU    %usr   %nice    %sys %iowait    %irq   %soft  %steal  %guest  %gnice   %idle
05:43:57 PM    0   72.00    0.00   21.00    0.00    0.00    5.00    0.00    0.00    0.00    2.00

05:43:57 PM  CPU    %usr   %nice    %sys %iowait    %irq   %soft  %steal  %guest  %gnice   %idle
05:43:58 PM    0   66.34    0.00   25.74    0.00    0.00    5.94    0.00    0.00    0.00    1.98

05:43:58 PM  CPU    %usr   %nice    %sys %iowait    %irq   %soft  %steal  %guest  %gnice   %idle
05:43:59 PM    0   69.00    0.00   22.00    0.00    0.00    8.00    0.00    0.00    0.00    1.00

05:43:59 PM  CPU    %usr   %nice    %sys %iowait    %irq   %soft  %steal  %guest  %gnice   %idle
05:44:00 PM    0   68.69    0.00   22.22    0.00    0.00    5.05    0.00    0.00    0.00    4.04

05:44:00 PM  CPU    %usr   %nice    %sys %iowait    %irq   %soft  %steal  %guest  %gnice   %idle
05:44:01 PM    0   60.78    0.00   28.43    0.00    0.00    7.84    0.00    0.00    0.00    2.94

05:44:01 PM  CPU    %usr   %nice    %sys %iowait    %irq   %soft  %steal  %guest  %gnice   %idle
05:44:02 PM    0   64.00    0.00   27.00    0.00    0.00    8.00    0.00    0.00    0.00    1.00

05:44:02 PM  CPU    %usr   %nice    %sys %iowait    %irq   %soft  %steal  %guest  %gnice   %idle
05:44:03 PM    0   69.70    0.00   26.26    0.00    0.00    4.04    0.00    0.00    0.00    0.00

05:44:03 PM  CPU    %usr   %nice    %sys %iowait    %irq   %soft  %steal  %guest  %gnice   %idle
05:44:04 PM    0   69.70    0.00   26.26    0.00    0.00    3.03    0.00    0.00    0.00    1.01

05:44:04 PM  CPU    %usr   %nice    %sys %iowait    %irq   %soft  %steal  %guest  %gnice   %idle
05:44:05 PM    0   66.34    0.00   26.73    0.00    0.00    6.93    0.00    0.00    0.00    0.00

05:44:05 PM  CPU    %usr   %nice    %sys %iowait    %irq   %soft  %steal  %guest  %gnice   %idle
05:44:06 PM    0   69.70    0.00   24.24    0.00    0.00    6.06    0.00    0.00    0.00    0.00

05:44:06 PM  CPU    %usr   %nice    %sys %iowait    %irq   %soft  %steal  %guest  %gnice   %idle
05:44:07 PM    0   68.00    0.00   24.00    0.00    0.00    7.00    0.00    0.00    0.00    1.00

05:44:07 PM  CPU    %usr   %nice    %sys %iowait    %irq   %soft  %steal  %guest  %gnice   %idle
05:44:08 PM    0   65.35    0.00   27.72    0.00    0.00    4.95    0.00    0.00    0.00    1.98

05:44:08 PM  CPU    %usr   %nice    %sys %iowait    %irq   %soft  %steal  %guest  %gnice   %idle
05:44:09 PM    0   66.34    0.00   23.76    0.00    0.00    7.92    0.00    0.00    0.00    1.98

05:44:09 PM  CPU    %usr   %nice    %sys %iowait    %irq   %soft  %steal  %guest  %gnice   %idle
05:44:10 PM    0   69.70    0.00   23.23    0.00    0.00    5.05    0.00    0.00    0.00    2.02

05:44:10 PM  CPU    %usr   %nice    %sys %iowait    %irq   %soft  %steal  %guest  %gnice   %idle
05:44:11 PM    0   72.00    0.00   21.00    0.00    0.00    6.00    0.00    0.00    0.00    1.00

05:44:11 PM  CPU    %usr   %nice    %sys %iowait    %irq   %soft  %steal  %guest  %gnice   %idle
05:44:12 PM    0   68.69    0.00   23.23    0.00    0.00    4.04    0.00    0.00    0.00    4.04

05:44:12 PM  CPU    %usr   %nice    %sys %iowait    %irq   %soft  %steal  %guest  %gnice   %idle
05:44:13 PM    0   69.00    0.00   24.00    0.00    0.00    5.00    0.00    0.00    0.00    2.00

05:44:13 PM  CPU    %usr   %nice    %sys %iowait    %irq   %soft  %steal  %guest  %gnice   %idle
05:44:14 PM    0   68.00    0.00   22.00    0.00    0.00    7.00    0.00    0.00    0.00    3.00

05:44:14 PM  CPU    %usr   %nice    %sys %iowait    %irq   %soft  %steal  %guest  %gnice   %idle
05:44:15 PM    0   64.36    0.00   26.73    0.00    0.00    5.94    0.00    0.00    0.00    2.97

05:44:15 PM  CPU    %usr   %nice    %sys %iowait    %irq   %soft  %steal  %guest  %gnice   %idle
05:44:16 PM    0   70.00    0.00   22.00    0.00    0.00    6.00    0.00    0.00    0.00    2.00

05:44:16 PM  CPU    %usr   %nice    %sys %iowait    %irq   %soft  %steal  %guest  %gnice   %idle
05:44:17 PM    0   65.35    0.00   24.75    0.00    0.00    7.92    0.00    0.00    0.00    1.98

05:44:17 PM  CPU    %usr   %nice    %sys %iowait    %irq   %soft  %steal  %guest  %gnice   %idle
05:44:18 PM    0   64.00    0.00   25.00    0.00    0.00    8.00    0.00    0.00    0.00    3.00

05:44:18 PM  CPU    %usr   %nice    %sys %iowait    %irq   %soft  %steal  %guest  %gnice   %idle
05:44:19 PM    0   64.65    0.00   25.25    0.00    0.00    7.07    0.00    0.00    0.00    3.03

05:44:19 PM  CPU    %usr   %nice    %sys %iowait    %irq   %soft  %steal  %guest  %gnice   %idle
05:44:20 PM    0   74.26    0.00   18.81    0.00    0.00    3.96    0.00    0.00    0.00    2.97

05:44:20 PM  CPU    %usr   %nice    %sys %iowait    %irq   %soft  %steal  %guest  %gnice   %idle
05:44:21 PM    0   66.00    0.00   25.00    0.00    0.00    6.00    0.00    0.00    0.00    3.00

Average:     CPU    %usr   %nice    %sys %iowait    %irq   %soft  %steal  %guest  %gnice   %idle
Average:       0   66.78    0.00   25.39    0.00    0.00    6.09    0.00    0.00    0.00    1.74
