Linux 5.3.0-61-generic (cw-zenbook) 	07/16/2020 	_x86_64_	(8 CPU)

01:04:52 PM  CPU    %usr   %nice    %sys %iowait    %irq   %soft  %steal  %guest  %gnice   %idle
01:04:53 PM    0   61.39    0.00   28.71    0.00    0.00    7.92    0.00    0.00    0.00    1.98

01:04:53 PM  CPU    %usr   %nice    %sys %iowait    %irq   %soft  %steal  %guest  %gnice   %idle
01:04:54 PM    0   70.41    0.00   23.47    0.00    0.00    5.10    0.00    0.00    0.00    1.02

01:04:54 PM  CPU    %usr   %nice    %sys %iowait    %irq   %soft  %steal  %guest  %gnice   %idle
01:04:55 PM    0   60.00    0.00   30.00    0.00    0.00    6.00    0.00    0.00    0.00    4.00

01:04:55 PM  CPU    %usr   %nice    %sys %iowait    %irq   %soft  %steal  %guest  %gnice   %idle
01:04:56 PM    0   60.00    0.00   29.00    0.00    0.00    8.00    0.00    0.00    0.00    3.00

01:04:56 PM  CPU    %usr   %nice    %sys %iowait    %irq   %soft  %steal  %guest  %gnice   %idle
01:04:57 PM    0   62.38    0.00   31.68    0.00    0.00    2.97    0.00    0.00    0.00    2.97

01:04:57 PM  CPU    %usr   %nice    %sys %iowait    %irq   %soft  %steal  %guest  %gnice   %idle
01:04:58 PM    0   64.00    0.00   28.00    0.00    0.00    5.00    0.00    0.00    0.00    3.00

01:04:58 PM  CPU    %usr   %nice    %sys %iowait    %irq   %soft  %steal  %guest  %gnice   %idle
01:04:59 PM    0   68.69    0.00   22.22    0.00    0.00    6.06    0.00    0.00    0.00    3.03

01:04:59 PM  CPU    %usr   %nice    %sys %iowait    %irq   %soft  %steal  %guest  %gnice   %idle
01:05:00 PM    0   64.29    0.00   24.49    0.00    0.00    6.12    0.00    0.00    0.00    5.10

01:05:00 PM  CPU    %usr   %nice    %sys %iowait    %irq   %soft  %steal  %guest  %gnice   %idle
01:05:01 PM    0   67.68    0.00   23.23    0.00    0.00    6.06    0.00    0.00    0.00    3.03

01:05:01 PM  CPU    %usr   %nice    %sys %iowait    %irq   %soft  %steal  %guest  %gnice   %idle
01:05:02 PM    0   63.37    0.00   26.73    0.00    0.00    6.93    0.00    0.00    0.00    2.97

01:05:02 PM  CPU    %usr   %nice    %sys %iowait    %irq   %soft  %steal  %guest  %gnice   %idle
01:05:03 PM    0   66.34    0.00   23.76    0.00    0.00    6.93    0.00    0.00    0.00    2.97

01:05:03 PM  CPU    %usr   %nice    %sys %iowait    %irq   %soft  %steal  %guest  %gnice   %idle
01:05:04 PM    0   73.74    0.00   20.20    0.00    0.00    4.04    0.00    0.00    0.00    2.02

01:05:04 PM  CPU    %usr   %nice    %sys %iowait    %irq   %soft  %steal  %guest  %gnice   %idle
01:05:05 PM    0   63.64    0.00   23.23    0.00    0.00   10.10    0.00    0.00    0.00    3.03

01:05:05 PM  CPU    %usr   %nice    %sys %iowait    %irq   %soft  %steal  %guest  %gnice   %idle
01:05:06 PM    0   73.53    0.00   18.63    0.00    0.00    3.92    0.00    0.00    0.00    3.92

01:05:06 PM  CPU    %usr   %nice    %sys %iowait    %irq   %soft  %steal  %guest  %gnice   %idle
01:05:07 PM    0   66.00    0.00   26.00    0.00    0.00    4.00    0.00    0.00    0.00    4.00

01:05:07 PM  CPU    %usr   %nice    %sys %iowait    %irq   %soft  %steal  %guest  %gnice   %idle
01:05:08 PM    0   60.78    0.00   28.43    0.00    0.00    6.86    0.00    0.00    0.00    3.92

01:05:08 PM  CPU    %usr   %nice    %sys %iowait    %irq   %soft  %steal  %guest  %gnice   %idle
01:05:09 PM    0   66.00    0.00   26.00    0.00    0.00    5.00    0.00    0.00    0.00    3.00

01:05:09 PM  CPU    %usr   %nice    %sys %iowait    %irq   %soft  %steal  %guest  %gnice   %idle
01:05:10 PM    0   70.00    0.00   21.00    0.00    0.00    6.00    0.00    0.00    0.00    3.00

01:05:10 PM  CPU    %usr   %nice    %sys %iowait    %irq   %soft  %steal  %guest  %gnice   %idle
01:05:11 PM    0   60.61    0.00   28.28    0.00    0.00    7.07    0.00    0.00    0.00    4.04

01:05:11 PM  CPU    %usr   %nice    %sys %iowait    %irq   %soft  %steal  %guest  %gnice   %idle
01:05:12 PM    0   61.39    0.00   26.73    0.00    0.00    7.92    0.00    0.00    0.00    3.96

01:05:12 PM  CPU    %usr   %nice    %sys %iowait    %irq   %soft  %steal  %guest  %gnice   %idle
01:05:13 PM    0   62.38    0.00   27.72    0.00    0.00    6.93    0.00    0.00    0.00    2.97

01:05:13 PM  CPU    %usr   %nice    %sys %iowait    %irq   %soft  %steal  %guest  %gnice   %idle
01:05:14 PM    0   62.63    0.00   28.28    0.00    0.00    6.06    0.00    0.00    0.00    3.03

01:05:14 PM  CPU    %usr   %nice    %sys %iowait    %irq   %soft  %steal  %guest  %gnice   %idle
01:05:15 PM    0   61.39    0.00   26.73    0.00    0.00    7.92    0.00    0.00    0.00    3.96

01:05:15 PM  CPU    %usr   %nice    %sys %iowait    %irq   %soft  %steal  %guest  %gnice   %idle
01:05:16 PM    0   63.00    0.00   25.00    0.00    0.00    9.00    0.00    0.00    0.00    3.00

01:05:16 PM  CPU    %usr   %nice    %sys %iowait    %irq   %soft  %steal  %guest  %gnice   %idle
01:05:17 PM    0   65.35    0.00   24.75    0.00    0.00    6.93    0.00    0.00    0.00    2.97

01:05:17 PM  CPU    %usr   %nice    %sys %iowait    %irq   %soft  %steal  %guest  %gnice   %idle
01:05:18 PM    0   62.00    0.00   26.00    0.00    0.00    9.00    0.00    0.00    0.00    3.00

01:05:18 PM  CPU    %usr   %nice    %sys %iowait    %irq   %soft  %steal  %guest  %gnice   %idle
01:05:19 PM    0   65.35    0.00   25.74    0.00    0.00    4.95    0.00    0.00    0.00    3.96

01:05:19 PM  CPU    %usr   %nice    %sys %iowait    %irq   %soft  %steal  %guest  %gnice   %idle
01:05:20 PM    0   62.38    0.00   27.72    0.00    0.00    6.93    0.00    0.00    0.00    2.97

01:05:20 PM  CPU    %usr   %nice    %sys %iowait    %irq   %soft  %steal  %guest  %gnice   %idle
01:05:21 PM    0   64.65    0.00   24.24    0.00    0.00    7.07    0.00    0.00    0.00    4.04

01:05:21 PM  CPU    %usr   %nice    %sys %iowait    %irq   %soft  %steal  %guest  %gnice   %idle
01:05:22 PM    0   61.00    0.00   27.00    0.00    0.00    9.00    0.00    0.00    0.00    3.00

01:05:22 PM  CPU    %usr   %nice    %sys %iowait    %irq   %soft  %steal  %guest  %gnice   %idle
01:05:23 PM    0   66.67    0.00   24.24    0.00    0.00    6.06    0.00    0.00    0.00    3.03

01:05:23 PM  CPU    %usr   %nice    %sys %iowait    %irq   %soft  %steal  %guest  %gnice   %idle
01:05:24 PM    0   64.71    0.00   24.51    0.00    0.00    6.86    0.00    0.00    0.00    3.92

01:05:24 PM  CPU    %usr   %nice    %sys %iowait    %irq   %soft  %steal  %guest  %gnice   %idle
01:05:25 PM    0   65.31    0.00   26.53    0.00    0.00    5.10    0.00    0.00    0.00    3.06

01:05:25 PM  CPU    %usr   %nice    %sys %iowait    %irq   %soft  %steal  %guest  %gnice   %idle
01:05:26 PM    0   64.00    0.00   25.00    0.00    0.00    9.00    0.00    0.00    0.00    2.00

01:05:26 PM  CPU    %usr   %nice    %sys %iowait    %irq   %soft  %steal  %guest  %gnice   %idle
01:05:27 PM    0   68.00    0.00   24.00    0.00    0.00    5.00    0.00    0.00    0.00    3.00

01:05:27 PM  CPU    %usr   %nice    %sys %iowait    %irq   %soft  %steal  %guest  %gnice   %idle
01:05:28 PM    0   64.29    0.00   27.55    0.00    0.00    6.12    0.00    0.00    0.00    2.04

01:05:28 PM  CPU    %usr   %nice    %sys %iowait    %irq   %soft  %steal  %guest  %gnice   %idle
01:05:29 PM    0   71.00    0.00   20.00    0.00    0.00    7.00    0.00    0.00    0.00    2.00

01:05:29 PM  CPU    %usr   %nice    %sys %iowait    %irq   %soft  %steal  %guest  %gnice   %idle
01:05:30 PM    0   67.00    0.00   24.00    0.00    0.00    6.00    0.00    0.00    0.00    3.00

01:05:30 PM  CPU    %usr   %nice    %sys %iowait    %irq   %soft  %steal  %guest  %gnice   %idle
01:05:31 PM    0   59.80    0.00   28.43    0.00    0.00    7.84    0.00    0.00    0.00    3.92

01:05:31 PM  CPU    %usr   %nice    %sys %iowait    %irq   %soft  %steal  %guest  %gnice   %idle
01:05:32 PM    0   66.67    0.00   25.25    0.00    0.00    5.05    0.00    0.00    0.00    3.03

01:05:32 PM  CPU    %usr   %nice    %sys %iowait    %irq   %soft  %steal  %guest  %gnice   %idle
01:05:33 PM    0   66.34    0.00   23.76    0.00    0.00    6.93    0.00    0.00    0.00    2.97

01:05:33 PM  CPU    %usr   %nice    %sys %iowait    %irq   %soft  %steal  %guest  %gnice   %idle
01:05:34 PM    0   70.30    0.00   22.77    0.00    0.00    4.95    0.00    0.00    0.00    1.98

01:05:34 PM  CPU    %usr   %nice    %sys %iowait    %irq   %soft  %steal  %guest  %gnice   %idle
01:05:35 PM    0   62.63    0.00   25.25    0.00    0.00   11.11    0.00    0.00    0.00    1.01

01:05:35 PM  CPU    %usr   %nice    %sys %iowait    %irq   %soft  %steal  %guest  %gnice   %idle
01:05:36 PM    0   64.36    0.00   26.73    0.00    0.00    6.93    0.00    0.00    0.00    1.98

01:05:36 PM  CPU    %usr   %nice    %sys %iowait    %irq   %soft  %steal  %guest  %gnice   %idle
01:05:37 PM    0   64.00    0.00   27.00    0.00    0.00    7.00    0.00    0.00    0.00    2.00

01:05:37 PM  CPU    %usr   %nice    %sys %iowait    %irq   %soft  %steal  %guest  %gnice   %idle
01:05:38 PM    0   63.27    0.00   29.59    0.00    0.00    6.12    0.00    0.00    0.00    1.02

01:05:38 PM  CPU    %usr   %nice    %sys %iowait    %irq   %soft  %steal  %guest  %gnice   %idle
01:05:39 PM    0   67.00    0.00   26.00    0.00    0.00    7.00    0.00    0.00    0.00    0.00

01:05:39 PM  CPU    %usr   %nice    %sys %iowait    %irq   %soft  %steal  %guest  %gnice   %idle
01:05:40 PM    0   66.34    0.00   26.73    0.00    0.00    5.94    0.00    0.00    0.00    0.99

01:05:40 PM  CPU    %usr   %nice    %sys %iowait    %irq   %soft  %steal  %guest  %gnice   %idle
01:05:41 PM    0   66.00    0.00   26.00    0.00    0.00    6.00    0.00    0.00    0.00    2.00

01:05:41 PM  CPU    %usr   %nice    %sys %iowait    %irq   %soft  %steal  %guest  %gnice   %idle
01:05:42 PM    0   66.67    0.00   28.28    0.00    0.00    5.05    0.00    0.00    0.00    0.00

01:05:42 PM  CPU    %usr   %nice    %sys %iowait    %irq   %soft  %steal  %guest  %gnice   %idle
01:05:43 PM    0   65.00    0.00   26.00    0.00    0.00    8.00    0.00    0.00    0.00    1.00

01:05:43 PM  CPU    %usr   %nice    %sys %iowait    %irq   %soft  %steal  %guest  %gnice   %idle
01:05:44 PM    0   62.63    0.00   30.30    0.00    0.00    7.07    0.00    0.00    0.00    0.00

01:05:44 PM  CPU    %usr   %nice    %sys %iowait    %irq   %soft  %steal  %guest  %gnice   %idle
01:05:45 PM    0   64.36    0.00   25.74    0.00    0.00    8.91    0.00    0.00    0.00    0.99

01:05:45 PM  CPU    %usr   %nice    %sys %iowait    %irq   %soft  %steal  %guest  %gnice   %idle
01:05:46 PM    0   66.34    0.00   25.74    0.00    0.00    5.94    0.00    0.00    0.00    1.98

01:05:46 PM  CPU    %usr   %nice    %sys %iowait    %irq   %soft  %steal  %guest  %gnice   %idle
01:05:47 PM    0   67.00    0.00   24.00    0.00    0.00    8.00    0.00    0.00    0.00    1.00

01:05:47 PM  CPU    %usr   %nice    %sys %iowait    %irq   %soft  %steal  %guest  %gnice   %idle
01:05:48 PM    0   69.00    0.00   24.00    0.00    0.00    6.00    0.00    0.00    0.00    1.00

01:05:48 PM  CPU    %usr   %nice    %sys %iowait    %irq   %soft  %steal  %guest  %gnice   %idle
01:05:49 PM    0   69.70    0.00   24.24    0.00    0.00    6.06    0.00    0.00    0.00    0.00

01:05:49 PM  CPU    %usr   %nice    %sys %iowait    %irq   %soft  %steal  %guest  %gnice   %idle
01:05:50 PM    0   68.69    0.00   24.24    0.00    0.00    7.07    0.00    0.00    0.00    0.00

01:05:50 PM  CPU    %usr   %nice    %sys %iowait    %irq   %soft  %steal  %guest  %gnice   %idle
01:05:51 PM    0   64.36    0.00   28.71    0.00    0.00    5.94    0.00    0.00    0.00    0.99

01:05:51 PM  CPU    %usr   %nice    %sys %iowait    %irq   %soft  %steal  %guest  %gnice   %idle
01:05:52 PM    0   64.65    0.00   28.28    0.00    0.00    7.07    0.00    0.00    0.00    0.00

01:05:52 PM  CPU    %usr   %nice    %sys %iowait    %irq   %soft  %steal  %guest  %gnice   %idle
01:05:53 PM    0   66.00    0.00   27.00    0.00    0.00    5.00    0.00    0.00    0.00    2.00

01:05:53 PM  CPU    %usr   %nice    %sys %iowait    %irq   %soft  %steal  %guest  %gnice   %idle
01:05:54 PM    0   66.00    0.00   25.00    0.00    0.00    6.00    0.00    0.00    0.00    3.00

01:05:54 PM  CPU    %usr   %nice    %sys %iowait    %irq   %soft  %steal  %guest  %gnice   %idle
01:05:55 PM    0   65.31    0.00   29.59    0.00    0.00    4.08    0.00    0.00    0.00    1.02

01:05:55 PM  CPU    %usr   %nice    %sys %iowait    %irq   %soft  %steal  %guest  %gnice   %idle
01:05:56 PM    0   68.00    0.00   22.00    0.00    0.00    8.00    0.00    0.00    0.00    2.00

01:05:56 PM  CPU    %usr   %nice    %sys %iowait    %irq   %soft  %steal  %guest  %gnice   %idle
01:05:57 PM    0   68.00    0.00   23.00    0.00    0.00    7.00    0.00    0.00    0.00    2.00

01:05:57 PM  CPU    %usr   %nice    %sys %iowait    %irq   %soft  %steal  %guest  %gnice   %idle
01:05:58 PM    0   70.59    0.00   21.57    0.00    0.00    4.90    0.00    0.00    0.00    2.94

01:05:58 PM  CPU    %usr   %nice    %sys %iowait    %irq   %soft  %steal  %guest  %gnice   %idle
01:05:59 PM    0   64.65    0.00   27.27    0.00    0.00    6.06    0.00    0.00    0.00    2.02

01:05:59 PM  CPU    %usr   %nice    %sys %iowait    %irq   %soft  %steal  %guest  %gnice   %idle
01:06:00 PM    0   65.00    0.00   24.00    0.00    0.00    7.00    0.00    0.00    0.00    4.00

01:06:00 PM  CPU    %usr   %nice    %sys %iowait    %irq   %soft  %steal  %guest  %gnice   %idle
01:06:01 PM    0   63.64    0.00   25.25    0.00    0.00    8.08    0.00    0.00    0.00    3.03

01:06:01 PM  CPU    %usr   %nice    %sys %iowait    %irq   %soft  %steal  %guest  %gnice   %idle
01:06:02 PM    0   68.00    0.00   26.00    0.00    0.00    3.00    0.00    0.00    0.00    3.00

01:06:02 PM  CPU    %usr   %nice    %sys %iowait    %irq   %soft  %steal  %guest  %gnice   %idle
01:06:03 PM    0   68.00    0.00   21.00    0.00    0.00    8.00    0.00    0.00    0.00    3.00

01:06:03 PM  CPU    %usr   %nice    %sys %iowait    %irq   %soft  %steal  %guest  %gnice   %idle
01:06:04 PM    0   61.39    0.00   23.76    0.00    0.00   10.89    0.00    0.00    0.00    3.96

01:06:04 PM  CPU    %usr   %nice    %sys %iowait    %irq   %soft  %steal  %guest  %gnice   %idle
01:06:05 PM    0   69.00    0.00   20.00    0.00    0.00    8.00    0.00    0.00    0.00    3.00

01:06:05 PM  CPU    %usr   %nice    %sys %iowait    %irq   %soft  %steal  %guest  %gnice   %idle
01:06:06 PM    0   74.26    0.00   19.80    0.00    0.00    4.95    0.00    0.00    0.00    0.99

01:06:06 PM  CPU    %usr   %nice    %sys %iowait    %irq   %soft  %steal  %guest  %gnice   %idle
01:06:07 PM    0   69.70    0.00   24.24    0.00    0.00    5.05    0.00    0.00    0.00    1.01

01:06:07 PM  CPU    %usr   %nice    %sys %iowait    %irq   %soft  %steal  %guest  %gnice   %idle
01:06:08 PM    0   60.40    0.00   29.70    0.00    0.00    6.93    0.00    0.00    0.00    2.97

01:06:08 PM  CPU    %usr   %nice    %sys %iowait    %irq   %soft  %steal  %guest  %gnice   %idle
01:06:09 PM    0   66.67    0.00   26.26    0.00    0.00    5.05    0.00    0.00    0.00    2.02

01:06:09 PM  CPU    %usr   %nice    %sys %iowait    %irq   %soft  %steal  %guest  %gnice   %idle
01:06:10 PM    0   64.36    0.00   26.73    0.00    0.00    7.92    0.00    0.00    0.00    0.99

01:06:10 PM  CPU    %usr   %nice    %sys %iowait    %irq   %soft  %steal  %guest  %gnice   %idle
01:06:11 PM    0   69.00    0.00   25.00    0.00    0.00    5.00    0.00    0.00    0.00    1.00

01:06:11 PM  CPU    %usr   %nice    %sys %iowait    %irq   %soft  %steal  %guest  %gnice   %idle
01:06:12 PM    0   64.71    0.00   26.47    0.00    0.00    6.86    0.00    0.00    0.00    1.96

01:06:12 PM  CPU    %usr   %nice    %sys %iowait    %irq   %soft  %steal  %guest  %gnice   %idle
01:06:13 PM    0   68.69    0.00   23.23    0.00    0.00    7.07    0.00    0.00    0.00    1.01

01:06:13 PM  CPU    %usr   %nice    %sys %iowait    %irq   %soft  %steal  %guest  %gnice   %idle
01:06:14 PM    0   64.00    0.00   26.00    0.00    0.00    9.00    0.00    0.00    0.00    1.00

01:06:14 PM  CPU    %usr   %nice    %sys %iowait    %irq   %soft  %steal  %guest  %gnice   %idle
01:06:15 PM    0   63.37    0.00   29.70    0.00    0.00    5.94    0.00    0.00    0.00    0.99

01:06:15 PM  CPU    %usr   %nice    %sys %iowait    %irq   %soft  %steal  %guest  %gnice   %idle
01:06:16 PM    0   68.37    0.00   27.55    0.00    0.00    4.08    0.00    0.00    0.00    0.00

01:06:16 PM  CPU    %usr   %nice    %sys %iowait    %irq   %soft  %steal  %guest  %gnice   %idle
01:06:17 PM    0   65.69    0.00   27.45    0.00    0.00    5.88    0.00    0.00    0.00    0.98

01:06:17 PM  CPU    %usr   %nice    %sys %iowait    %irq   %soft  %steal  %guest  %gnice   %idle
01:06:18 PM    0   64.65    0.00   28.28    0.00    0.00    5.05    0.00    0.00    0.00    2.02

01:06:18 PM  CPU    %usr   %nice    %sys %iowait    %irq   %soft  %steal  %guest  %gnice   %idle
01:06:19 PM    0   69.31    0.00   22.77    0.00    0.00    6.93    0.00    0.00    0.00    0.99

01:06:19 PM  CPU    %usr   %nice    %sys %iowait    %irq   %soft  %steal  %guest  %gnice   %idle
01:06:20 PM    0   68.00    0.00   24.00    0.00    0.00    6.00    0.00    0.00    0.00    2.00

01:06:20 PM  CPU    %usr   %nice    %sys %iowait    %irq   %soft  %steal  %guest  %gnice   %idle
01:06:21 PM    0   66.67    0.00   23.23    0.00    0.00    9.09    0.00    0.00    0.00    1.01

01:06:21 PM  CPU    %usr   %nice    %sys %iowait    %irq   %soft  %steal  %guest  %gnice   %idle
01:06:22 PM    0   72.73    0.00   21.21    0.00    0.00    4.04    0.00    0.00    0.00    2.02

01:06:22 PM  CPU    %usr   %nice    %sys %iowait    %irq   %soft  %steal  %guest  %gnice   %idle
01:06:23 PM    0   63.37    0.00   29.70    0.00    0.00    4.95    0.00    0.00    0.00    1.98

01:06:23 PM  CPU    %usr   %nice    %sys %iowait    %irq   %soft  %steal  %guest  %gnice   %idle
01:06:24 PM    0   65.98    0.00   25.77    0.00    0.00    8.25    0.00    0.00    0.00    0.00

01:06:24 PM  CPU    %usr   %nice    %sys %iowait    %irq   %soft  %steal  %guest  %gnice   %idle
01:06:25 PM    0   62.75    0.00   27.45    0.00    0.00    7.84    0.00    0.00    0.00    1.96

01:06:25 PM  CPU    %usr   %nice    %sys %iowait    %irq   %soft  %steal  %guest  %gnice   %idle
01:06:26 PM    0   67.35    0.00   25.51    0.00    0.00    6.12    0.00    0.00    0.00    1.02

01:06:26 PM  CPU    %usr   %nice    %sys %iowait    %irq   %soft  %steal  %guest  %gnice   %idle
01:06:27 PM    0   61.76    0.00   27.45    0.00    0.00    8.82    0.00    0.00    0.00    1.96

01:06:27 PM  CPU    %usr   %nice    %sys %iowait    %irq   %soft  %steal  %guest  %gnice   %idle
01:06:28 PM    0   64.29    0.00   28.57    0.00    0.00    7.14    0.00    0.00    0.00    0.00

01:06:28 PM  CPU    %usr   %nice    %sys %iowait    %irq   %soft  %steal  %guest  %gnice   %idle
01:06:29 PM    0   62.38    0.00   29.70    0.00    0.00    4.95    0.00    0.00    0.00    2.97

01:06:29 PM  CPU    %usr   %nice    %sys %iowait    %irq   %soft  %steal  %guest  %gnice   %idle
01:06:30 PM    0   72.73    0.00   18.18    0.00    0.00    8.08    0.00    0.00    0.00    1.01

01:06:30 PM  CPU    %usr   %nice    %sys %iowait    %irq   %soft  %steal  %guest  %gnice   %idle
01:06:31 PM    0   71.29    0.00   21.78    0.00    0.00    3.96    0.00    0.00    0.00    2.97

01:06:31 PM  CPU    %usr   %nice    %sys %iowait    %irq   %soft  %steal  %guest  %gnice   %idle
01:06:32 PM    0   67.00    0.00   24.00    0.00    0.00    8.00    0.00    0.00    0.00    1.00

01:06:32 PM  CPU    %usr   %nice    %sys %iowait    %irq   %soft  %steal  %guest  %gnice   %idle
01:06:33 PM    0   62.00    0.00   28.00    0.00    0.00    9.00    0.00    0.00    0.00    1.00

01:06:33 PM  CPU    %usr   %nice    %sys %iowait    %irq   %soft  %steal  %guest  %gnice   %idle
01:06:34 PM    0   63.37    0.00   29.70    0.00    0.00    5.94    0.00    0.00    0.00    0.99

01:06:34 PM  CPU    %usr   %nice    %sys %iowait    %irq   %soft  %steal  %guest  %gnice   %idle
01:06:35 PM    0   70.00    0.00   20.00    0.00    0.00    9.00    0.00    0.00    0.00    1.00

01:06:35 PM  CPU    %usr   %nice    %sys %iowait    %irq   %soft  %steal  %guest  %gnice   %idle
01:06:36 PM    0   64.65    0.00   28.28    0.00    0.00    7.07    0.00    0.00    0.00    0.00

01:06:36 PM  CPU    %usr   %nice    %sys %iowait    %irq   %soft  %steal  %guest  %gnice   %idle
01:06:37 PM    0   69.00    0.00   22.00    0.00    0.00    7.00    0.00    0.00    0.00    2.00

01:06:37 PM  CPU    %usr   %nice    %sys %iowait    %irq   %soft  %steal  %guest  %gnice   %idle
01:06:38 PM    0   67.68    0.00   24.24    0.00    0.00    6.06    0.00    0.00    0.00    2.02

01:06:38 PM  CPU    %usr   %nice    %sys %iowait    %irq   %soft  %steal  %guest  %gnice   %idle
01:06:39 PM    0   62.00    0.00   29.00    0.00    0.00    5.00    0.00    0.00    0.00    4.00

01:06:39 PM  CPU    %usr   %nice    %sys %iowait    %irq   %soft  %steal  %guest  %gnice   %idle
01:06:40 PM    0   59.60    0.00   29.29    0.00    0.00    8.08    0.00    0.00    0.00    3.03

01:06:40 PM  CPU    %usr   %nice    %sys %iowait    %irq   %soft  %steal  %guest  %gnice   %idle
01:06:41 PM    0   62.63    0.00   28.28    0.00    0.00    5.05    0.00    0.00    0.00    4.04

01:06:41 PM  CPU    %usr   %nice    %sys %iowait    %irq   %soft  %steal  %guest  %gnice   %idle
01:06:42 PM    0   66.67    0.00   24.24    0.00    0.00    5.05    0.00    0.00    0.00    4.04

01:06:42 PM  CPU    %usr   %nice    %sys %iowait    %irq   %soft  %steal  %guest  %gnice   %idle
01:06:43 PM    0   72.00    0.00   22.00    0.00    0.00    3.00    0.00    0.00    0.00    3.00

01:06:43 PM  CPU    %usr   %nice    %sys %iowait    %irq   %soft  %steal  %guest  %gnice   %idle
01:06:44 PM    0   66.00    0.00   23.00    0.00    0.00    9.00    0.00    0.00    0.00    2.00

01:06:44 PM  CPU    %usr   %nice    %sys %iowait    %irq   %soft  %steal  %guest  %gnice   %idle
01:06:45 PM    0   60.00    0.00   32.00    0.00    0.00    5.00    0.00    0.00    0.00    3.00

01:06:45 PM  CPU    %usr   %nice    %sys %iowait    %irq   %soft  %steal  %guest  %gnice   %idle
01:06:46 PM    0   63.64    0.00   28.28    0.00    0.00    7.07    0.00    0.00    0.00    1.01

01:06:46 PM  CPU    %usr   %nice    %sys %iowait    %irq   %soft  %steal  %guest  %gnice   %idle
01:06:47 PM    0   71.29    0.00   24.75    0.00    0.00    3.96    0.00    0.00    0.00    0.00

01:06:47 PM  CPU    %usr   %nice    %sys %iowait    %irq   %soft  %steal  %guest  %gnice   %idle
01:06:48 PM    0   72.00    0.00   21.00    0.00    0.00    6.00    0.00    0.00    0.00    1.00

01:06:48 PM  CPU    %usr   %nice    %sys %iowait    %irq   %soft  %steal  %guest  %gnice   %idle
01:06:49 PM    0   65.66    0.00   27.27    0.00    0.00    5.05    0.00    0.00    0.00    2.02

01:06:49 PM  CPU    %usr   %nice    %sys %iowait    %irq   %soft  %steal  %guest  %gnice   %idle
01:06:50 PM    0   65.00    0.00   27.00    0.00    0.00    8.00    0.00    0.00    0.00    0.00

01:06:50 PM  CPU    %usr   %nice    %sys %iowait    %irq   %soft  %steal  %guest  %gnice   %idle
01:06:51 PM    0   61.00    0.00   29.00    0.00    0.00    8.00    0.00    0.00    0.00    2.00

01:06:51 PM  CPU    %usr   %nice    %sys %iowait    %irq   %soft  %steal  %guest  %gnice   %idle
01:06:52 PM    0   63.27    0.00   29.59    0.00    0.00    6.12    0.00    0.00    0.00    1.02

Average:     CPU    %usr   %nice    %sys %iowait    %irq   %soft  %steal  %guest  %gnice   %idle
Average:       0   65.67    0.00   25.65    0.00    0.00    6.54    0.00    0.00    0.00    2.14
