Linux 5.3.0-61-generic (cw-zenbook) 	07/16/2020 	_x86_64_	(8 CPU)

01:57:13 PM  CPU    %usr   %nice    %sys %iowait    %irq   %soft  %steal  %guest  %gnice   %idle
01:57:14 PM    0   27.55    0.00    9.18    0.00    0.00    1.02    0.00    0.00    0.00   62.24

01:57:14 PM  CPU    %usr   %nice    %sys %iowait    %irq   %soft  %steal  %guest  %gnice   %idle
01:57:15 PM    0   21.57    0.00   12.75    0.00    0.00    5.88    0.00    0.00    0.00   59.80

01:57:15 PM  CPU    %usr   %nice    %sys %iowait    %irq   %soft  %steal  %guest  %gnice   %idle
01:57:16 PM    0   24.49    0.00    9.18    0.00    0.00    4.08    0.00    0.00    0.00   62.24

01:57:16 PM  CPU    %usr   %nice    %sys %iowait    %irq   %soft  %steal  %guest  %gnice   %idle
01:57:17 PM    0   26.47    0.00    6.86    0.00    0.00    5.88    0.00    0.00    0.00   60.78

01:57:17 PM  CPU    %usr   %nice    %sys %iowait    %irq   %soft  %steal  %guest  %gnice   %idle
01:57:18 PM    0   21.43    0.00   12.24    0.00    0.00    4.08    0.00    0.00    0.00   62.24

01:57:18 PM  CPU    %usr   %nice    %sys %iowait    %irq   %soft  %steal  %guest  %gnice   %idle
01:57:19 PM    0   24.75    0.00    9.90    0.00    0.00    5.94    0.00    0.00    0.00   59.41

01:57:19 PM  CPU    %usr   %nice    %sys %iowait    %irq   %soft  %steal  %guest  %gnice   %idle
01:57:20 PM    0   27.27    0.00    9.09    0.00    0.00    3.03    0.00    0.00    0.00   60.61

01:57:20 PM  CPU    %usr   %nice    %sys %iowait    %irq   %soft  %steal  %guest  %gnice   %idle
01:57:21 PM    0   23.00    0.00   10.00    0.00    0.00    6.00    0.00    0.00    0.00   61.00

01:57:21 PM  CPU    %usr   %nice    %sys %iowait    %irq   %soft  %steal  %guest  %gnice   %idle
01:57:22 PM    0   25.74    0.00   11.88    0.00    0.00    2.97    0.00    0.00    0.00   59.41

01:57:22 PM  CPU    %usr   %nice    %sys %iowait    %irq   %soft  %steal  %guest  %gnice   %idle
01:57:23 PM    0   25.77    0.00   10.31    0.00    0.00    2.06    0.00    0.00    0.00   61.86

01:57:23 PM  CPU    %usr   %nice    %sys %iowait    %irq   %soft  %steal  %guest  %gnice   %idle
01:57:24 PM    0   25.49    0.00   10.78    0.00    0.00    4.90    0.00    0.00    0.00   58.82

01:57:24 PM  CPU    %usr   %nice    %sys %iowait    %irq   %soft  %steal  %guest  %gnice   %idle
01:57:25 PM    0   22.22    0.00   10.10    0.00    0.00    6.06    0.00    0.00    0.00   61.62

01:57:25 PM  CPU    %usr   %nice    %sys %iowait    %irq   %soft  %steal  %guest  %gnice   %idle
01:57:26 PM    0   24.24    0.00   12.12    0.00    0.00    2.02    0.00    0.00    0.00   61.62

01:57:26 PM  CPU    %usr   %nice    %sys %iowait    %irq   %soft  %steal  %guest  %gnice   %idle
01:57:27 PM    0   24.75    0.00   11.88    0.00    0.00    3.96    0.00    0.00    0.00   59.41

01:57:27 PM  CPU    %usr   %nice    %sys %iowait    %irq   %soft  %steal  %guest  %gnice   %idle
01:57:28 PM    0   27.27    0.00    6.06    0.00    0.00    5.05    0.00    0.00    0.00   61.62

01:57:28 PM  CPU    %usr   %nice    %sys %iowait    %irq   %soft  %steal  %guest  %gnice   %idle
01:57:29 PM    0   24.74    0.00   11.34    0.00    0.00    3.09    0.00    0.00    0.00   60.82

01:57:29 PM  CPU    %usr   %nice    %sys %iowait    %irq   %soft  %steal  %guest  %gnice   %idle
01:57:30 PM    0   24.75    0.00   11.88    0.00    0.00    3.96    0.00    0.00    0.00   59.41

01:57:30 PM  CPU    %usr   %nice    %sys %iowait    %irq   %soft  %steal  %guest  %gnice   %idle
01:57:31 PM    0   20.59    0.00   18.63    0.00    0.00    1.96    0.00    0.00    0.00   58.82

01:57:31 PM  CPU    %usr   %nice    %sys %iowait    %irq   %soft  %steal  %guest  %gnice   %idle
01:57:32 PM    0   26.80    0.00   10.31    0.00    0.00    1.03    0.00    0.00    0.00   61.86

01:57:32 PM  CPU    %usr   %nice    %sys %iowait    %irq   %soft  %steal  %guest  %gnice   %idle
01:57:33 PM    0   24.51    0.00   12.75    0.00    0.00    2.94    0.00    0.00    0.00   59.80

01:57:33 PM  CPU    %usr   %nice    %sys %iowait    %irq   %soft  %steal  %guest  %gnice   %idle
01:57:34 PM    0   24.49    0.00   10.20    0.00    0.00    3.06    0.00    0.00    0.00   62.24

01:57:34 PM  CPU    %usr   %nice    %sys %iowait    %irq   %soft  %steal  %guest  %gnice   %idle
01:57:35 PM    0   28.28    0.00    8.08    0.00    0.00    2.02    0.00    0.00    0.00   61.62

01:57:35 PM  CPU    %usr   %nice    %sys %iowait    %irq   %soft  %steal  %guest  %gnice   %idle
01:57:36 PM    0   23.47    0.00   11.22    0.00    0.00    3.06    0.00    0.00    0.00   62.24

01:57:36 PM  CPU    %usr   %nice    %sys %iowait    %irq   %soft  %steal  %guest  %gnice   %idle
01:57:37 PM    0   29.29    0.00    6.06    0.00    0.00    4.04    0.00    0.00    0.00   60.61

01:57:37 PM  CPU    %usr   %nice    %sys %iowait    %irq   %soft  %steal  %guest  %gnice   %idle
01:57:38 PM    0   26.26    0.00   10.10    0.00    0.00    2.02    0.00    0.00    0.00   61.62

01:57:38 PM  CPU    %usr   %nice    %sys %iowait    %irq   %soft  %steal  %guest  %gnice   %idle
01:57:39 PM    0   30.69    0.00    8.91    0.00    0.00    0.99    0.00    0.00    0.00   59.41

01:57:39 PM  CPU    %usr   %nice    %sys %iowait    %irq   %soft  %steal  %guest  %gnice   %idle
01:57:40 PM    0   26.26    0.00   10.10    0.00    0.00    3.03    0.00    0.00    0.00   60.61

01:57:40 PM  CPU    %usr   %nice    %sys %iowait    %irq   %soft  %steal  %guest  %gnice   %idle
01:57:41 PM    0   28.16    0.00    8.74    0.00    0.00    4.85    0.00    0.00    0.00   58.25

01:57:41 PM  CPU    %usr   %nice    %sys %iowait    %irq   %soft  %steal  %guest  %gnice   %idle
01:57:42 PM    0   25.00    0.00   14.00    0.00    0.00    1.00    0.00    0.00    0.00   60.00

01:57:42 PM  CPU    %usr   %nice    %sys %iowait    %irq   %soft  %steal  %guest  %gnice   %idle
01:57:43 PM    0   26.53    0.00    8.16    0.00    0.00    3.06    0.00    0.00    0.00   62.24

01:57:43 PM  CPU    %usr   %nice    %sys %iowait    %irq   %soft  %steal  %guest  %gnice   %idle
01:57:44 PM    0   26.80    0.00    8.25    0.00    0.00    2.06    0.00    0.00    0.00   62.89

01:57:44 PM  CPU    %usr   %nice    %sys %iowait    %irq   %soft  %steal  %guest  %gnice   %idle
01:57:45 PM    0   26.47    0.00   13.73    0.00    0.00    0.98    0.00    0.00    0.00   58.82

01:57:45 PM  CPU    %usr   %nice    %sys %iowait    %irq   %soft  %steal  %guest  %gnice   %idle
01:57:46 PM    0   26.92    0.00    9.62    0.00    0.00    4.81    0.00    0.00    0.00   58.65

01:57:46 PM  CPU    %usr   %nice    %sys %iowait    %irq   %soft  %steal  %guest  %gnice   %idle
01:57:47 PM    0   27.55    0.00    8.16    0.00    0.00    2.04    0.00    0.00    0.00   62.24

01:57:47 PM  CPU    %usr   %nice    %sys %iowait    %irq   %soft  %steal  %guest  %gnice   %idle
01:57:48 PM    0   26.26    0.00    9.09    0.00    0.00    3.03    0.00    0.00    0.00   61.62

01:57:48 PM  CPU    %usr   %nice    %sys %iowait    %irq   %soft  %steal  %guest  %gnice   %idle
01:57:49 PM    0   25.49    0.00   12.75    0.00    0.00    1.96    0.00    0.00    0.00   59.80

01:57:49 PM  CPU    %usr   %nice    %sys %iowait    %irq   %soft  %steal  %guest  %gnice   %idle
01:57:50 PM    0   26.00    0.00   11.00    0.00    0.00    2.00    0.00    0.00    0.00   61.00

01:57:50 PM  CPU    %usr   %nice    %sys %iowait    %irq   %soft  %steal  %guest  %gnice   %idle
01:57:51 PM    0   21.21    0.00   12.12    0.00    0.00    4.04    0.00    0.00    0.00   62.63

01:57:51 PM  CPU    %usr   %nice    %sys %iowait    %irq   %soft  %steal  %guest  %gnice   %idle
01:57:52 PM    0   27.72    0.00    9.90    0.00    0.00    1.98    0.00    0.00    0.00   60.40

01:57:52 PM  CPU    %usr   %nice    %sys %iowait    %irq   %soft  %steal  %guest  %gnice   %idle
01:57:53 PM    0   26.53    0.00    9.18    0.00    0.00    2.04    0.00    0.00    0.00   62.24

01:57:53 PM  CPU    %usr   %nice    %sys %iowait    %irq   %soft  %steal  %guest  %gnice   %idle
01:57:54 PM    0   26.73    0.00    8.91    0.00    0.00    2.97    0.00    0.00    0.00   61.39

01:57:54 PM  CPU    %usr   %nice    %sys %iowait    %irq   %soft  %steal  %guest  %gnice   %idle
01:57:55 PM    0   25.00    0.00   11.00    0.00    0.00    3.00    0.00    0.00    0.00   61.00

01:57:55 PM  CPU    %usr   %nice    %sys %iowait    %irq   %soft  %steal  %guest  %gnice   %idle
01:57:56 PM    0   23.23    0.00   11.11    0.00    0.00    3.03    0.00    0.00    0.00   62.63

01:57:56 PM  CPU    %usr   %nice    %sys %iowait    %irq   %soft  %steal  %guest  %gnice   %idle
01:57:57 PM    0   25.00    0.00   11.00    0.00    0.00    2.00    0.00    0.00    0.00   62.00

01:57:57 PM  CPU    %usr   %nice    %sys %iowait    %irq   %soft  %steal  %guest  %gnice   %idle
01:57:58 PM    0   22.22    0.00   12.12    0.00    0.00    4.04    0.00    0.00    0.00   61.62

01:57:58 PM  CPU    %usr   %nice    %sys %iowait    %irq   %soft  %steal  %guest  %gnice   %idle
01:57:59 PM    0   28.00    0.00   10.00    0.00    0.00    2.00    0.00    0.00    0.00   60.00

01:57:59 PM  CPU    %usr   %nice    %sys %iowait    %irq   %soft  %steal  %guest  %gnice   %idle
01:58:00 PM    0   23.71    0.00   12.37    0.00    0.00    2.06    0.00    0.00    0.00   61.86

01:58:00 PM  CPU    %usr   %nice    %sys %iowait    %irq   %soft  %steal  %guest  %gnice   %idle
01:58:01 PM    0   26.00    0.00   10.00    0.00    0.00    4.00    0.00    0.00    0.00   60.00

01:58:01 PM  CPU    %usr   %nice    %sys %iowait    %irq   %soft  %steal  %guest  %gnice   %idle
01:58:02 PM    0   24.49    0.00   10.20    0.00    0.00    3.06    0.00    0.00    0.00   62.24

01:58:02 PM  CPU    %usr   %nice    %sys %iowait    %irq   %soft  %steal  %guest  %gnice   %idle
01:58:03 PM    0   28.00    0.00    9.00    0.00    0.00    2.00    0.00    0.00    0.00   61.00

01:58:03 PM  CPU    %usr   %nice    %sys %iowait    %irq   %soft  %steal  %guest  %gnice   %idle
01:58:04 PM    0   24.75    0.00   11.88    0.00    0.00    2.97    0.00    0.00    0.00   60.40

01:58:04 PM  CPU    %usr   %nice    %sys %iowait    %irq   %soft  %steal  %guest  %gnice   %idle
01:58:05 PM    0   25.00    0.00   12.00    0.00    0.00    3.00    0.00    0.00    0.00   60.00

01:58:05 PM  CPU    %usr   %nice    %sys %iowait    %irq   %soft  %steal  %guest  %gnice   %idle
01:58:06 PM    0   22.45    0.00   11.22    0.00    0.00    5.10    0.00    0.00    0.00   61.22

01:58:06 PM  CPU    %usr   %nice    %sys %iowait    %irq   %soft  %steal  %guest  %gnice   %idle
01:58:07 PM    0   25.77    0.00   10.31    0.00    0.00    3.09    0.00    0.00    0.00   60.82

01:58:07 PM  CPU    %usr   %nice    %sys %iowait    %irq   %soft  %steal  %guest  %gnice   %idle
01:58:08 PM    0   25.00    0.00   12.00    0.00    0.00    4.00    0.00    0.00    0.00   59.00

01:58:08 PM  CPU    %usr   %nice    %sys %iowait    %irq   %soft  %steal  %guest  %gnice   %idle
01:58:09 PM    0   26.00    0.00   11.00    0.00    0.00    3.00    0.00    0.00    0.00   60.00

01:58:09 PM  CPU    %usr   %nice    %sys %iowait    %irq   %soft  %steal  %guest  %gnice   %idle
01:58:10 PM    0   27.45    0.00    8.82    0.00    0.00    3.92    0.00    0.00    0.00   59.80

01:58:10 PM  CPU    %usr   %nice    %sys %iowait    %irq   %soft  %steal  %guest  %gnice   %idle
01:58:11 PM    0   22.45    0.00   10.20    0.00    0.00    5.10    0.00    0.00    0.00   62.24

01:58:11 PM  CPU    %usr   %nice    %sys %iowait    %irq   %soft  %steal  %guest  %gnice   %idle
01:58:12 PM    0   25.51    0.00   10.20    0.00    0.00    3.06    0.00    0.00    0.00   61.22

01:58:12 PM  CPU    %usr   %nice    %sys %iowait    %irq   %soft  %steal  %guest  %gnice   %idle
01:58:13 PM    0   25.00    0.00   11.00    0.00    0.00    3.00    0.00    0.00    0.00   61.00

01:58:13 PM  CPU    %usr   %nice    %sys %iowait    %irq   %soft  %steal  %guest  %gnice   %idle
01:58:14 PM    0   30.00    0.00    9.00    0.00    0.00    1.00    0.00    0.00    0.00   60.00

01:58:14 PM  CPU    %usr   %nice    %sys %iowait    %irq   %soft  %steal  %guest  %gnice   %idle
01:58:15 PM    0   25.49    0.00   11.76    0.00    0.00    3.92    0.00    0.00    0.00   58.82

01:58:15 PM  CPU    %usr   %nice    %sys %iowait    %irq   %soft  %steal  %guest  %gnice   %idle
01:58:16 PM    0   23.76    0.00   11.88    0.00    0.00    3.96    0.00    0.00    0.00   60.40

01:58:16 PM  CPU    %usr   %nice    %sys %iowait    %irq   %soft  %steal  %guest  %gnice   %idle
01:58:17 PM    0   24.24    0.00   10.10    0.00    0.00    4.04    0.00    0.00    0.00   61.62

01:58:17 PM  CPU    %usr   %nice    %sys %iowait    %irq   %soft  %steal  %guest  %gnice   %idle
01:58:18 PM    0   24.24    0.00    9.09    0.00    0.00    5.05    0.00    0.00    0.00   61.62

01:58:18 PM  CPU    %usr   %nice    %sys %iowait    %irq   %soft  %steal  %guest  %gnice   %idle
01:58:19 PM    0   25.74    0.00    8.91    0.00    0.00    5.94    0.00    0.00    0.00   59.41

01:58:19 PM  CPU    %usr   %nice    %sys %iowait    %irq   %soft  %steal  %guest  %gnice   %idle
01:58:20 PM    0   24.51    0.00    9.80    0.00    0.00    5.88    0.00    0.00    0.00   59.80

01:58:20 PM  CPU    %usr   %nice    %sys %iowait    %irq   %soft  %steal  %guest  %gnice   %idle
01:58:21 PM    0   24.24    0.00   12.12    0.00    0.00    3.03    0.00    0.00    0.00   60.61

01:58:21 PM  CPU    %usr   %nice    %sys %iowait    %irq   %soft  %steal  %guest  %gnice   %idle
01:58:22 PM    0   27.18    0.00    8.74    2.91    0.00    3.88    0.00    0.00    0.00   57.28

01:58:22 PM  CPU    %usr   %nice    %sys %iowait    %irq   %soft  %steal  %guest  %gnice   %idle
01:58:23 PM    0   25.51    0.00   11.22    0.00    0.00    1.02    0.00    0.00    0.00   62.24

01:58:23 PM  CPU    %usr   %nice    %sys %iowait    %irq   %soft  %steal  %guest  %gnice   %idle
01:58:24 PM    0   26.00    0.00   11.00    0.00    0.00    2.00    0.00    0.00    0.00   61.00

01:58:24 PM  CPU    %usr   %nice    %sys %iowait    %irq   %soft  %steal  %guest  %gnice   %idle
01:58:25 PM    0   27.45    0.00    8.82    0.00    0.00    3.92    0.00    0.00    0.00   59.80

01:58:25 PM  CPU    %usr   %nice    %sys %iowait    %irq   %soft  %steal  %guest  %gnice   %idle
01:58:26 PM    0   23.71    0.00   10.31    0.00    0.00    3.09    0.00    0.00    0.00   62.89

01:58:26 PM  CPU    %usr   %nice    %sys %iowait    %irq   %soft  %steal  %guest  %gnice   %idle
01:58:27 PM    0   24.00    0.00   12.00    0.00    0.00    3.00    0.00    0.00    0.00   61.00

01:58:27 PM  CPU    %usr   %nice    %sys %iowait    %irq   %soft  %steal  %guest  %gnice   %idle
01:58:28 PM    0   25.74    0.00   11.88    0.00    0.00    2.97    0.00    0.00    0.00   59.41

01:58:28 PM  CPU    %usr   %nice    %sys %iowait    %irq   %soft  %steal  %guest  %gnice   %idle
01:58:29 PM    0   27.00    0.00   11.00    0.00    0.00    2.00    0.00    0.00    0.00   60.00

01:58:29 PM  CPU    %usr   %nice    %sys %iowait    %irq   %soft  %steal  %guest  %gnice   %idle
01:58:30 PM    0   26.00    0.00   10.00    0.00    0.00    5.00    0.00    0.00    0.00   59.00

01:58:30 PM  CPU    %usr   %nice    %sys %iowait    %irq   %soft  %steal  %guest  %gnice   %idle
01:58:31 PM    0   24.24    0.00   11.11    0.00    0.00    3.03    0.00    0.00    0.00   61.62

01:58:31 PM  CPU    %usr   %nice    %sys %iowait    %irq   %soft  %steal  %guest  %gnice   %idle
01:58:32 PM    0   21.78    0.00   13.86    0.00    0.00    3.96    0.00    0.00    0.00   60.40

01:58:32 PM  CPU    %usr   %nice    %sys %iowait    %irq   %soft  %steal  %guest  %gnice   %idle
01:58:33 PM    0   23.71    0.00   12.37    0.00    0.00    2.06    0.00    0.00    0.00   61.86

01:58:33 PM  CPU    %usr   %nice    %sys %iowait    %irq   %soft  %steal  %guest  %gnice   %idle
01:58:34 PM    0   24.74    0.00    8.25    0.00    0.00    5.15    0.00    0.00    0.00   61.86

01:58:34 PM  CPU    %usr   %nice    %sys %iowait    %irq   %soft  %steal  %guest  %gnice   %idle
01:58:35 PM    0   25.00    0.00   12.00    0.00    0.00    3.00    0.00    0.00    0.00   60.00

01:58:35 PM  CPU    %usr   %nice    %sys %iowait    %irq   %soft  %steal  %guest  %gnice   %idle
01:58:36 PM    0   26.00    0.00   10.00    0.00    0.00    3.00    0.00    0.00    0.00   61.00

01:58:36 PM  CPU    %usr   %nice    %sys %iowait    %irq   %soft  %steal  %guest  %gnice   %idle
01:58:37 PM    0   27.72    0.00    8.91    0.00    0.00    3.96    0.00    0.00    0.00   59.41

01:58:37 PM  CPU    %usr   %nice    %sys %iowait    %irq   %soft  %steal  %guest  %gnice   %idle
01:58:38 PM    0   22.45    0.00   11.22    0.00    0.00    5.10    0.00    0.00    0.00   61.22

01:58:38 PM  CPU    %usr   %nice    %sys %iowait    %irq   %soft  %steal  %guest  %gnice   %idle
01:58:39 PM    0   25.51    0.00   11.22    0.00    0.00    2.04    0.00    0.00    0.00   61.22

01:58:39 PM  CPU    %usr   %nice    %sys %iowait    %irq   %soft  %steal  %guest  %gnice   %idle
01:58:40 PM    0   23.71    0.00   10.31    0.00    0.00    4.12    0.00    0.00    0.00   61.86

01:58:40 PM  CPU    %usr   %nice    %sys %iowait    %irq   %soft  %steal  %guest  %gnice   %idle
01:58:41 PM    0   27.72    0.00   10.89    0.00    0.00    1.98    0.00    0.00    0.00   59.41

01:58:41 PM  CPU    %usr   %nice    %sys %iowait    %irq   %soft  %steal  %guest  %gnice   %idle
01:58:42 PM    0   27.27    0.00   10.10    0.00    0.00    2.02    0.00    0.00    0.00   60.61

01:58:42 PM  CPU    %usr   %nice    %sys %iowait    %irq   %soft  %steal  %guest  %gnice   %idle
01:58:43 PM    0   27.00    0.00   10.00    0.00    0.00    3.00    0.00    0.00    0.00   60.00

01:58:43 PM  CPU    %usr   %nice    %sys %iowait    %irq   %soft  %steal  %guest  %gnice   %idle
01:58:44 PM    0   27.45    0.00    7.84    0.00    0.00    4.90    0.00    0.00    0.00   59.80

01:58:44 PM  CPU    %usr   %nice    %sys %iowait    %irq   %soft  %steal  %guest  %gnice   %idle
01:58:45 PM    0   27.27    0.00    9.09    0.00    0.00    2.02    0.00    0.00    0.00   61.62

01:58:45 PM  CPU    %usr   %nice    %sys %iowait    %irq   %soft  %steal  %guest  %gnice   %idle
01:58:46 PM    0   21.43    0.00   13.27    0.00    0.00    4.08    0.00    0.00    0.00   61.22

01:58:46 PM  CPU    %usr   %nice    %sys %iowait    %irq   %soft  %steal  %guest  %gnice   %idle
01:58:47 PM    0   29.13    0.00    9.71    0.00    0.00    1.94    0.00    0.00    0.00   59.22

01:58:47 PM  CPU    %usr   %nice    %sys %iowait    %irq   %soft  %steal  %guest  %gnice   %idle
01:58:48 PM    0   24.49    0.00   10.20    0.00    0.00    3.06    0.00    0.00    0.00   62.24

01:58:48 PM  CPU    %usr   %nice    %sys %iowait    %irq   %soft  %steal  %guest  %gnice   %idle
01:58:49 PM    0   23.23    0.00   12.12    0.00    0.00    3.03    0.00    0.00    0.00   61.62

01:58:49 PM  CPU    %usr   %nice    %sys %iowait    %irq   %soft  %steal  %guest  %gnice   %idle
01:58:50 PM    0   26.53    0.00   10.20    0.00    0.00    2.04    0.00    0.00    0.00   61.22

01:58:50 PM  CPU    %usr   %nice    %sys %iowait    %irq   %soft  %steal  %guest  %gnice   %idle
01:58:51 PM    0   23.47    0.00   10.20    0.00    0.00    4.08    0.00    0.00    0.00   62.24

01:58:51 PM  CPU    %usr   %nice    %sys %iowait    %irq   %soft  %steal  %guest  %gnice   %idle
01:58:52 PM    0   28.00    0.00   10.00    0.00    0.00    2.00    0.00    0.00    0.00   60.00

01:58:52 PM  CPU    %usr   %nice    %sys %iowait    %irq   %soft  %steal  %guest  %gnice   %idle
01:58:53 PM    0   26.21    0.00   11.65    0.00    0.00    2.91    0.00    0.00    0.00   59.22

01:58:53 PM  CPU    %usr   %nice    %sys %iowait    %irq   %soft  %steal  %guest  %gnice   %idle
01:58:54 PM    0   23.47    0.00   12.24    0.00    0.00    3.06    0.00    0.00    0.00   61.22

01:58:54 PM  CPU    %usr   %nice    %sys %iowait    %irq   %soft  %steal  %guest  %gnice   %idle
01:58:55 PM    0   23.76    0.00   11.88    0.00    0.00    4.95    0.00    0.00    0.00   59.41

01:58:55 PM  CPU    %usr   %nice    %sys %iowait    %irq   %soft  %steal  %guest  %gnice   %idle
01:58:56 PM    0   27.55    0.00   10.20    0.00    0.00    1.02    0.00    0.00    0.00   61.22

01:58:56 PM  CPU    %usr   %nice    %sys %iowait    %irq   %soft  %steal  %guest  %gnice   %idle
01:58:57 PM    0   28.16    0.00   11.65    0.00    0.00    1.94    0.00    0.00    0.00   58.25

01:58:57 PM  CPU    %usr   %nice    %sys %iowait    %irq   %soft  %steal  %guest  %gnice   %idle
01:58:58 PM    0   29.00    0.00    8.00    0.00    0.00    2.00    0.00    0.00    0.00   61.00

01:58:58 PM  CPU    %usr   %nice    %sys %iowait    %irq   %soft  %steal  %guest  %gnice   %idle
01:58:59 PM    0   24.24    0.00   12.12    0.00    0.00    3.03    0.00    0.00    0.00   60.61

01:58:59 PM  CPU    %usr   %nice    %sys %iowait    %irq   %soft  %steal  %guest  %gnice   %idle
01:59:00 PM    0   23.30    0.00   11.65    0.00    0.00    4.85    0.00    0.00    0.00   60.19

01:59:00 PM  CPU    %usr   %nice    %sys %iowait    %irq   %soft  %steal  %guest  %gnice   %idle
01:59:01 PM    0   23.76    0.00   11.88    0.00    0.00    3.96    0.00    0.00    0.00   60.40

01:59:01 PM  CPU    %usr   %nice    %sys %iowait    %irq   %soft  %steal  %guest  %gnice   %idle
01:59:02 PM    0   21.65    0.00   12.37    0.00    0.00    3.09    0.00    0.00    0.00   62.89

01:59:02 PM  CPU    %usr   %nice    %sys %iowait    %irq   %soft  %steal  %guest  %gnice   %idle
01:59:03 PM    0   27.27    0.00   10.10    0.00    0.00    1.01    0.00    0.00    0.00   61.62

01:59:03 PM  CPU    %usr   %nice    %sys %iowait    %irq   %soft  %steal  %guest  %gnice   %idle
01:59:04 PM    0   26.00    0.00   10.00    0.00    0.00    3.00    0.00    0.00    0.00   61.00

01:59:04 PM  CPU    %usr   %nice    %sys %iowait    %irq   %soft  %steal  %guest  %gnice   %idle
01:59:05 PM    0   23.47    0.00   13.27    0.00    0.00    1.02    0.00    0.00    0.00   62.24

01:59:05 PM  CPU    %usr   %nice    %sys %iowait    %irq   %soft  %steal  %guest  %gnice   %idle
01:59:06 PM    0   26.53    0.00   10.20    0.00    0.00    2.04    0.00    0.00    0.00   61.22

01:59:06 PM  CPU    %usr   %nice    %sys %iowait    %irq   %soft  %steal  %guest  %gnice   %idle
01:59:07 PM    0   21.78    0.00   12.87    0.00    0.00    3.96    0.00    0.00    0.00   61.39

01:59:07 PM  CPU    %usr   %nice    %sys %iowait    %irq   %soft  %steal  %guest  %gnice   %idle
01:59:08 PM    0   26.26    0.00   11.11    0.00    0.00    2.02    0.00    0.00    0.00   60.61

01:59:08 PM  CPU    %usr   %nice    %sys %iowait    %irq   %soft  %steal  %guest  %gnice   %idle
01:59:09 PM    0   26.47    0.00   10.78    0.00    0.00    2.94    0.00    0.00    0.00   59.80

01:59:09 PM  CPU    %usr   %nice    %sys %iowait    %irq   %soft  %steal  %guest  %gnice   %idle
01:59:10 PM    0   25.00    0.00    8.33    0.00    0.00    3.12    0.00    0.00    0.00   63.54

01:59:10 PM  CPU    %usr   %nice    %sys %iowait    %irq   %soft  %steal  %guest  %gnice   %idle
01:59:11 PM    0   24.75    0.00   12.87    0.00    0.00    2.97    0.00    0.00    0.00   59.41

01:59:11 PM  CPU    %usr   %nice    %sys %iowait    %irq   %soft  %steal  %guest  %gnice   %idle
01:59:12 PM    0   22.68    0.00   10.31    0.00    0.00    3.09    0.00    0.00    0.00   63.92

01:59:12 PM  CPU    %usr   %nice    %sys %iowait    %irq   %soft  %steal  %guest  %gnice   %idle
01:59:13 PM    0   24.24    0.00   11.11    0.00    0.00    3.03    0.00    0.00    0.00   61.62

Average:     CPU    %usr   %nice    %sys %iowait    %irq   %soft  %steal  %guest  %gnice   %idle
Average:       0   25.37    0.00   10.64    0.03    0.00    3.18    0.00    0.00    0.00   60.79
