Linux 5.3.0-61-generic (cw-zenbook) 	07/16/2020 	_x86_64_	(8 CPU)

11:54:11 AM  CPU    %usr   %nice    %sys %iowait    %irq   %soft  %steal  %guest  %gnice   %idle
11:54:12 AM    0   26.00    0.00   10.00    0.00    0.00    4.00    0.00    0.00    0.00   60.00

11:54:12 AM  CPU    %usr   %nice    %sys %iowait    %irq   %soft  %steal  %guest  %gnice   %idle
11:54:13 AM    0   27.72    0.00    9.90    0.00    0.00    2.97    0.00    0.00    0.00   59.41

11:54:13 AM  CPU    %usr   %nice    %sys %iowait    %irq   %soft  %steal  %guest  %gnice   %idle
11:54:14 AM    0   24.00    0.00   11.00    0.00    0.00    4.00    0.00    0.00    0.00   61.00

11:54:14 AM  CPU    %usr   %nice    %sys %iowait    %irq   %soft  %steal  %guest  %gnice   %idle
11:54:15 AM    0   26.00    0.00   11.00    0.00    0.00    3.00    0.00    0.00    0.00   60.00

11:54:15 AM  CPU    %usr   %nice    %sys %iowait    %irq   %soft  %steal  %guest  %gnice   %idle
11:54:16 AM    0   28.43    0.00    8.82    0.00    0.00    3.92    0.00    0.00    0.00   58.82

11:54:16 AM  CPU    %usr   %nice    %sys %iowait    %irq   %soft  %steal  %guest  %gnice   %idle
11:54:17 AM    0   27.00    0.00   11.00    0.00    0.00    3.00    0.00    0.00    0.00   59.00

11:54:17 AM  CPU    %usr   %nice    %sys %iowait    %irq   %soft  %steal  %guest  %gnice   %idle
11:54:18 AM    0   26.00    0.00    8.00    0.00    0.00    6.00    0.00    0.00    0.00   60.00

11:54:18 AM  CPU    %usr   %nice    %sys %iowait    %irq   %soft  %steal  %guest  %gnice   %idle
11:54:19 AM    0   22.00    0.00   12.00    0.00    0.00    5.00    0.00    0.00    0.00   61.00

11:54:19 AM  CPU    %usr   %nice    %sys %iowait    %irq   %soft  %steal  %guest  %gnice   %idle
11:54:20 AM    0   26.26    0.00    9.09    0.00    0.00    3.03    0.00    0.00    0.00   61.62

11:54:20 AM  CPU    %usr   %nice    %sys %iowait    %irq   %soft  %steal  %guest  %gnice   %idle
11:54:21 AM    0   23.23    0.00   13.13    0.00    0.00    3.03    0.00    0.00    0.00   60.61

11:54:21 AM  CPU    %usr   %nice    %sys %iowait    %irq   %soft  %steal  %guest  %gnice   %idle
11:54:22 AM    0   25.51    0.00   10.20    0.00    0.00    2.04    0.00    0.00    0.00   62.24

11:54:22 AM  CPU    %usr   %nice    %sys %iowait    %irq   %soft  %steal  %guest  %gnice   %idle
11:54:23 AM    0   24.75    0.00   11.88    0.00    0.00    2.97    0.00    0.00    0.00   60.40

11:54:23 AM  CPU    %usr   %nice    %sys %iowait    %irq   %soft  %steal  %guest  %gnice   %idle
11:54:24 AM    0   24.24    0.00   10.10    0.00    0.00    3.03    0.00    0.00    0.00   62.63

11:54:24 AM  CPU    %usr   %nice    %sys %iowait    %irq   %soft  %steal  %guest  %gnice   %idle
11:54:25 AM    0   27.00    0.00   10.00    0.00    0.00    2.00    0.00    0.00    0.00   61.00

11:54:25 AM  CPU    %usr   %nice    %sys %iowait    %irq   %soft  %steal  %guest  %gnice   %idle
11:54:26 AM    0   22.68    0.00   11.34    0.00    0.00    3.09    0.00    0.00    0.00   62.89

11:54:26 AM  CPU    %usr   %nice    %sys %iowait    %irq   %soft  %steal  %guest  %gnice   %idle
11:54:27 AM    0   25.51    0.00    8.16    0.00    0.00    4.08    0.00    0.00    0.00   62.24

11:54:27 AM  CPU    %usr   %nice    %sys %iowait    %irq   %soft  %steal  %guest  %gnice   %idle
11:54:28 AM    0   23.76    0.00   13.86    0.00    0.00    1.98    0.00    0.00    0.00   60.40

11:54:28 AM  CPU    %usr   %nice    %sys %iowait    %irq   %soft  %steal  %guest  %gnice   %idle
11:54:29 AM    0   24.24    0.00   11.11    0.00    0.00    3.03    0.00    0.00    0.00   61.62

11:54:29 AM  CPU    %usr   %nice    %sys %iowait    %irq   %soft  %steal  %guest  %gnice   %idle
11:54:30 AM    0   23.23    0.00   13.13    0.00    0.00    3.03    0.00    0.00    0.00   60.61

11:54:30 AM  CPU    %usr   %nice    %sys %iowait    %irq   %soft  %steal  %guest  %gnice   %idle
11:54:31 AM    0   28.00    0.00   10.00    0.00    0.00    2.00    0.00    0.00    0.00   60.00

11:54:31 AM  CPU    %usr   %nice    %sys %iowait    %irq   %soft  %steal  %guest  %gnice   %idle
11:54:32 AM    0   25.74    0.00   11.88    0.00    0.00    2.97    0.00    0.00    0.00   59.41

11:54:32 AM  CPU    %usr   %nice    %sys %iowait    %irq   %soft  %steal  %guest  %gnice   %idle
11:54:33 AM    0   25.00    0.00   12.00    0.00    0.00    3.00    0.00    0.00    0.00   60.00

11:54:33 AM  CPU    %usr   %nice    %sys %iowait    %irq   %soft  %steal  %guest  %gnice   %idle
11:54:34 AM    0   23.00    0.00   14.00    0.00    0.00    3.00    0.00    0.00    0.00   60.00

11:54:34 AM  CPU    %usr   %nice    %sys %iowait    %irq   %soft  %steal  %guest  %gnice   %idle
11:54:35 AM    0   26.53    0.00    9.18    0.00    0.00    2.04    0.00    0.00    0.00   62.24

11:54:35 AM  CPU    %usr   %nice    %sys %iowait    %irq   %soft  %steal  %guest  %gnice   %idle
11:54:36 AM    0   27.45    0.00   10.78    0.00    0.00    1.96    0.00    0.00    0.00   59.80

11:54:36 AM  CPU    %usr   %nice    %sys %iowait    %irq   %soft  %steal  %guest  %gnice   %idle
11:54:37 AM    0   24.24    0.00   11.11    0.00    0.00    2.02    0.00    0.00    0.00   62.63

11:54:37 AM  CPU    %usr   %nice    %sys %iowait    %irq   %soft  %steal  %guest  %gnice   %idle
11:54:38 AM    0   24.27    0.00   14.56    0.00    0.00    1.94    0.00    0.00    0.00   59.22

11:54:38 AM  CPU    %usr   %nice    %sys %iowait    %irq   %soft  %steal  %guest  %gnice   %idle
11:54:39 AM    0   23.23    0.00   12.12    0.00    0.00    3.03    0.00    0.00    0.00   61.62

11:54:39 AM  CPU    %usr   %nice    %sys %iowait    %irq   %soft  %steal  %guest  %gnice   %idle
11:54:40 AM    0   27.72    0.00    9.90    0.00    0.00    2.97    0.00    0.00    0.00   59.41

11:54:40 AM  CPU    %usr   %nice    %sys %iowait    %irq   %soft  %steal  %guest  %gnice   %idle
11:54:41 AM    0   25.77    0.00    9.28    0.00    0.00    2.06    0.00    0.00    0.00   62.89

11:54:41 AM  CPU    %usr   %nice    %sys %iowait    %irq   %soft  %steal  %guest  %gnice   %idle
11:54:42 AM    0   26.73    0.00   11.88    0.00    0.00    1.98    0.00    0.00    0.00   59.41

11:54:42 AM  CPU    %usr   %nice    %sys %iowait    %irq   %soft  %steal  %guest  %gnice   %idle
11:54:43 AM    0   22.68    0.00   10.31    0.00    0.00    4.12    0.00    0.00    0.00   62.89

11:54:43 AM  CPU    %usr   %nice    %sys %iowait    %irq   %soft  %steal  %guest  %gnice   %idle
11:54:44 AM    0   23.23    0.00   14.14    0.00    0.00    2.02    0.00    0.00    0.00   60.61

11:54:44 AM  CPU    %usr   %nice    %sys %iowait    %irq   %soft  %steal  %guest  %gnice   %idle
11:54:45 AM    0   27.27    0.00   10.10    0.00    0.00    2.02    0.00    0.00    0.00   60.61

11:54:45 AM  CPU    %usr   %nice    %sys %iowait    %irq   %soft  %steal  %guest  %gnice   %idle
11:54:46 AM    0   26.53    0.00    9.18    0.00    0.00    2.04    0.00    0.00    0.00   62.24

11:54:46 AM  CPU    %usr   %nice    %sys %iowait    %irq   %soft  %steal  %guest  %gnice   %idle
11:54:47 AM    0   26.00    0.00   11.00    0.00    0.00    4.00    0.00    0.00    0.00   59.00

11:54:47 AM  CPU    %usr   %nice    %sys %iowait    %irq   %soft  %steal  %guest  %gnice   %idle
11:54:48 AM    0   27.72    0.00   10.89    0.00    0.00    1.98    0.00    0.00    0.00   59.41

11:54:48 AM  CPU    %usr   %nice    %sys %iowait    %irq   %soft  %steal  %guest  %gnice   %idle
11:54:49 AM    0   29.29    0.00    9.09    0.00    0.00    2.02    0.00    0.00    0.00   59.60

11:54:49 AM  CPU    %usr   %nice    %sys %iowait    %irq   %soft  %steal  %guest  %gnice   %idle
11:54:50 AM    0   26.73    0.00    9.90    0.00    0.00    3.96    0.00    0.00    0.00   59.41

11:54:50 AM  CPU    %usr   %nice    %sys %iowait    %irq   %soft  %steal  %guest  %gnice   %idle
11:54:51 AM    0   27.72    0.00    7.92    0.00    0.00    3.96    0.00    0.00    0.00   60.40

11:54:51 AM  CPU    %usr   %nice    %sys %iowait    %irq   %soft  %steal  %guest  %gnice   %idle
11:54:52 AM    0   28.00    0.00    9.00    0.00    0.00    2.00    0.00    0.00    0.00   61.00

11:54:52 AM  CPU    %usr   %nice    %sys %iowait    %irq   %soft  %steal  %guest  %gnice   %idle
11:54:53 AM    0   22.45    0.00   13.27    0.00    0.00    3.06    0.00    0.00    0.00   61.22

11:54:53 AM  CPU    %usr   %nice    %sys %iowait    %irq   %soft  %steal  %guest  %gnice   %idle
11:54:54 AM    0   21.36    0.00   14.56    0.00    0.00    5.83    0.00    0.00    0.00   58.25

11:54:54 AM  CPU    %usr   %nice    %sys %iowait    %irq   %soft  %steal  %guest  %gnice   %idle
11:54:55 AM    0   30.00    0.00    6.00    0.00    0.00    4.00    0.00    0.00    0.00   60.00

11:54:55 AM  CPU    %usr   %nice    %sys %iowait    %irq   %soft  %steal  %guest  %gnice   %idle
11:54:56 AM    0   27.45    0.00   10.78    0.00    0.00    2.94    0.00    0.00    0.00   58.82

11:54:56 AM  CPU    %usr   %nice    %sys %iowait    %irq   %soft  %steal  %guest  %gnice   %idle
11:54:57 AM    0   26.53    0.00    7.14    0.00    0.00    4.08    0.00    0.00    0.00   62.24

11:54:57 AM  CPU    %usr   %nice    %sys %iowait    %irq   %soft  %steal  %guest  %gnice   %idle
11:54:58 AM    0   25.74    0.00   11.88    0.00    0.00    1.98    0.00    0.00    0.00   60.40

11:54:58 AM  CPU    %usr   %nice    %sys %iowait    %irq   %soft  %steal  %guest  %gnice   %idle
11:54:59 AM    0   27.27    0.00    9.09    0.00    0.00    3.03    0.00    0.00    0.00   60.61

11:54:59 AM  CPU    %usr   %nice    %sys %iowait    %irq   %soft  %steal  %guest  %gnice   %idle
11:55:00 AM    0   26.26    0.00   10.10    0.00    0.00    2.02    0.00    0.00    0.00   61.62

11:55:00 AM  CPU    %usr   %nice    %sys %iowait    %irq   %soft  %steal  %guest  %gnice   %idle
11:55:01 AM    0   24.24    0.00   11.11    0.00    0.00    4.04    0.00    0.00    0.00   60.61

11:55:01 AM  CPU    %usr   %nice    %sys %iowait    %irq   %soft  %steal  %guest  %gnice   %idle
11:55:02 AM    0   23.76    0.00   12.87    0.00    0.00    3.96    0.00    0.00    0.00   59.41

11:55:02 AM  CPU    %usr   %nice    %sys %iowait    %irq   %soft  %steal  %guest  %gnice   %idle
11:55:03 AM    0   27.18    0.00    8.74    0.00    0.00    5.83    0.00    0.00    0.00   58.25

11:55:03 AM  CPU    %usr   %nice    %sys %iowait    %irq   %soft  %steal  %guest  %gnice   %idle
11:55:04 AM    0   24.75    0.00   11.88    0.00    0.00    3.96    0.00    0.00    0.00   59.41

11:55:04 AM  CPU    %usr   %nice    %sys %iowait    %irq   %soft  %steal  %guest  %gnice   %idle
11:55:05 AM    0   25.00    0.00   12.00    0.00    0.00    3.00    0.00    0.00    0.00   60.00

11:55:05 AM  CPU    %usr   %nice    %sys %iowait    %irq   %soft  %steal  %guest  %gnice   %idle
11:55:06 AM    0   28.71    0.00    8.91    0.00    0.00    3.96    0.00    0.00    0.00   58.42

11:55:06 AM  CPU    %usr   %nice    %sys %iowait    %irq   %soft  %steal  %guest  %gnice   %idle
11:55:07 AM    0   25.77    0.00    8.25    0.00    0.00    3.09    0.00    0.00    0.00   62.89

11:55:07 AM  CPU    %usr   %nice    %sys %iowait    %irq   %soft  %steal  %guest  %gnice   %idle
11:55:08 AM    0   24.51    0.00   11.76    0.00    0.00    3.92    0.00    0.00    0.00   59.80

11:55:08 AM  CPU    %usr   %nice    %sys %iowait    %irq   %soft  %steal  %guest  %gnice   %idle
11:55:09 AM    0   22.55    0.00   13.73    0.00    0.00    3.92    0.00    0.00    0.00   59.80

11:55:09 AM  CPU    %usr   %nice    %sys %iowait    %irq   %soft  %steal  %guest  %gnice   %idle
11:55:10 AM    0   26.00    0.00   10.00    0.00    0.00    3.00    0.00    0.00    0.00   61.00

11:55:10 AM  CPU    %usr   %nice    %sys %iowait    %irq   %soft  %steal  %guest  %gnice   %idle
11:55:11 AM    0   20.00    0.00   11.58    0.00    0.00    4.21    0.00    0.00    0.00   64.21

11:55:11 AM  CPU    %usr   %nice    %sys %iowait    %irq   %soft  %steal  %guest  %gnice   %idle
11:55:12 AM    0   22.77    0.00   13.86    0.00    0.00    2.97    0.00    0.00    0.00   60.40

11:55:12 AM  CPU    %usr   %nice    %sys %iowait    %irq   %soft  %steal  %guest  %gnice   %idle
11:55:13 AM    0   25.25    0.00   11.11    0.00    0.00    3.03    0.00    0.00    0.00   60.61

11:55:13 AM  CPU    %usr   %nice    %sys %iowait    %irq   %soft  %steal  %guest  %gnice   %idle
11:55:14 AM    0   29.41    0.00    8.82    0.00    0.00    0.98    0.00    0.00    0.00   60.78

11:55:14 AM  CPU    %usr   %nice    %sys %iowait    %irq   %soft  %steal  %guest  %gnice   %idle
11:55:15 AM    0   26.00    0.00    8.00    0.00    0.00    5.00    0.00    0.00    0.00   61.00

11:55:15 AM  CPU    %usr   %nice    %sys %iowait    %irq   %soft  %steal  %guest  %gnice   %idle
11:55:16 AM    0   24.24    0.00   11.11    0.00    0.00    4.04    0.00    0.00    0.00   60.61

11:55:16 AM  CPU    %usr   %nice    %sys %iowait    %irq   %soft  %steal  %guest  %gnice   %idle
11:55:17 AM    0   25.25    0.00   10.10    0.00    0.00    2.02    0.00    0.00    0.00   62.63

11:55:17 AM  CPU    %usr   %nice    %sys %iowait    %irq   %soft  %steal  %guest  %gnice   %idle
11:55:18 AM    0   26.04    0.00    8.33    0.00    0.00    2.08    0.00    0.00    0.00   63.54

11:55:18 AM  CPU    %usr   %nice    %sys %iowait    %irq   %soft  %steal  %guest  %gnice   %idle
11:55:19 AM    0   22.77    0.00   10.89    0.00    0.00    5.94    0.00    0.00    0.00   60.40

11:55:19 AM  CPU    %usr   %nice    %sys %iowait    %irq   %soft  %steal  %guest  %gnice   %idle
11:55:20 AM    0   23.00    0.00   10.00    0.00    0.00    6.00    0.00    0.00    0.00   61.00

11:55:20 AM  CPU    %usr   %nice    %sys %iowait    %irq   %soft  %steal  %guest  %gnice   %idle
11:55:21 AM    0   23.23    0.00   13.13    0.00    0.00    2.02    0.00    0.00    0.00   61.62

11:55:21 AM  CPU    %usr   %nice    %sys %iowait    %irq   %soft  %steal  %guest  %gnice   %idle
11:55:22 AM    0   23.96    0.00   11.46    0.00    0.00    2.08    0.00    0.00    0.00   62.50

11:55:22 AM  CPU    %usr   %nice    %sys %iowait    %irq   %soft  %steal  %guest  %gnice   %idle
11:55:23 AM    0   26.47    0.00    9.80    0.00    0.00    3.92    0.00    0.00    0.00   59.80

11:55:23 AM  CPU    %usr   %nice    %sys %iowait    %irq   %soft  %steal  %guest  %gnice   %idle
11:55:24 AM    0   27.27    0.00    8.08    0.00    0.00    3.03    0.00    0.00    0.00   61.62

11:55:24 AM  CPU    %usr   %nice    %sys %iowait    %irq   %soft  %steal  %guest  %gnice   %idle
11:55:25 AM    0   27.00    0.00    9.00    0.00    0.00    3.00    0.00    0.00    0.00   61.00

11:55:25 AM  CPU    %usr   %nice    %sys %iowait    %irq   %soft  %steal  %guest  %gnice   %idle
11:55:26 AM    0   25.74    0.00   11.88    0.00    0.00    2.97    0.00    0.00    0.00   59.41

11:55:26 AM  CPU    %usr   %nice    %sys %iowait    %irq   %soft  %steal  %guest  %gnice   %idle
11:55:27 AM    0   27.27    0.00    8.08    0.00    0.00    2.02    0.00    0.00    0.00   62.63

11:55:27 AM  CPU    %usr   %nice    %sys %iowait    %irq   %soft  %steal  %guest  %gnice   %idle
11:55:28 AM    0   28.00    0.00    8.00    0.00    0.00    3.00    0.00    0.00    0.00   61.00

11:55:28 AM  CPU    %usr   %nice    %sys %iowait    %irq   %soft  %steal  %guest  %gnice   %idle
11:55:29 AM    0   27.00    0.00    9.00    0.00    0.00    3.00    0.00    0.00    0.00   61.00

11:55:29 AM  CPU    %usr   %nice    %sys %iowait    %irq   %soft  %steal  %guest  %gnice   %idle
11:55:30 AM    0   25.00    0.00   10.00    0.00    0.00    4.00    0.00    0.00    0.00   61.00

11:55:30 AM  CPU    %usr   %nice    %sys %iowait    %irq   %soft  %steal  %guest  %gnice   %idle
11:55:31 AM    0   27.18    0.00    9.71    0.00    0.00    3.88    0.00    0.00    0.00   59.22

11:55:31 AM  CPU    %usr   %nice    %sys %iowait    %irq   %soft  %steal  %guest  %gnice   %idle
11:55:32 AM    0   24.24    0.00   11.11    0.00    0.00    3.03    0.00    0.00    0.00   61.62

11:55:32 AM  CPU    %usr   %nice    %sys %iowait    %irq   %soft  %steal  %guest  %gnice   %idle
11:55:33 AM    0   28.71    0.00    9.90    0.00    0.00    0.99    0.00    0.00    0.00   60.40

11:55:33 AM  CPU    %usr   %nice    %sys %iowait    %irq   %soft  %steal  %guest  %gnice   %idle
11:55:34 AM    0   24.27    0.00   13.59    0.00    0.00    2.91    0.00    0.00    0.00   59.22

11:55:34 AM  CPU    %usr   %nice    %sys %iowait    %irq   %soft  %steal  %guest  %gnice   %idle
11:55:35 AM    0   27.27    0.00   10.10    0.00    0.00    1.01    0.00    0.00    0.00   61.62

11:55:35 AM  CPU    %usr   %nice    %sys %iowait    %irq   %soft  %steal  %guest  %gnice   %idle
11:55:36 AM    0   24.49    0.00   11.22    0.00    0.00    3.06    0.00    0.00    0.00   61.22

11:55:36 AM  CPU    %usr   %nice    %sys %iowait    %irq   %soft  %steal  %guest  %gnice   %idle
11:55:37 AM    0   28.43    0.00    7.84    0.00    0.00    3.92    0.00    0.00    0.00   59.80

11:55:37 AM  CPU    %usr   %nice    %sys %iowait    %irq   %soft  %steal  %guest  %gnice   %idle
11:55:38 AM    0   24.24    0.00   11.11    0.00    0.00    2.02    0.00    0.00    0.00   62.63

11:55:38 AM  CPU    %usr   %nice    %sys %iowait    %irq   %soft  %steal  %guest  %gnice   %idle
11:55:39 AM    0   24.75    0.00   10.89    0.00    0.00    3.96    0.00    0.00    0.00   60.40

11:55:39 AM  CPU    %usr   %nice    %sys %iowait    %irq   %soft  %steal  %guest  %gnice   %idle
11:55:40 AM    0   22.77    0.00   12.87    0.00    0.00    4.95    0.00    0.00    0.00   59.41

11:55:40 AM  CPU    %usr   %nice    %sys %iowait    %irq   %soft  %steal  %guest  %gnice   %idle
11:55:41 AM    0   26.53    0.00    9.18    0.00    0.00    3.06    0.00    0.00    0.00   61.22

11:55:41 AM  CPU    %usr   %nice    %sys %iowait    %irq   %soft  %steal  %guest  %gnice   %idle
11:55:42 AM    0   25.51    0.00    9.18    0.00    0.00    4.08    0.00    0.00    0.00   61.22

11:55:42 AM  CPU    %usr   %nice    %sys %iowait    %irq   %soft  %steal  %guest  %gnice   %idle
11:55:43 AM    0   28.42    0.00    6.32    0.00    0.00    2.11    0.00    0.00    0.00   63.16

11:55:43 AM  CPU    %usr   %nice    %sys %iowait    %irq   %soft  %steal  %guest  %gnice   %idle
11:55:44 AM    0   27.55    0.00   10.20    0.00    0.00    0.00    0.00    0.00    0.00   62.24

11:55:44 AM  CPU    %usr   %nice    %sys %iowait    %irq   %soft  %steal  %guest  %gnice   %idle
11:55:45 AM    0   27.00    0.00   12.00    0.00    0.00    1.00    0.00    0.00    0.00   60.00

11:55:45 AM  CPU    %usr   %nice    %sys %iowait    %irq   %soft  %steal  %guest  %gnice   %idle
11:55:46 AM    0   24.00    0.00   11.00    0.00    0.00    6.00    0.00    0.00    0.00   59.00

11:55:46 AM  CPU    %usr   %nice    %sys %iowait    %irq   %soft  %steal  %guest  %gnice   %idle
11:55:47 AM    0   27.72    0.00    9.90    0.00    0.00    1.98    0.00    0.00    0.00   60.40

11:55:47 AM  CPU    %usr   %nice    %sys %iowait    %irq   %soft  %steal  %guest  %gnice   %idle
11:55:48 AM    0   24.74    0.00    8.25    0.00    0.00    3.09    0.00    0.00    0.00   63.92

11:55:48 AM  CPU    %usr   %nice    %sys %iowait    %irq   %soft  %steal  %guest  %gnice   %idle
11:55:49 AM    0   24.49    0.00    9.18    0.00    0.00    4.08    0.00    0.00    0.00   62.24

11:55:49 AM  CPU    %usr   %nice    %sys %iowait    %irq   %soft  %steal  %guest  %gnice   %idle
11:55:50 AM    0   26.26    0.00    9.09    0.00    0.00    4.04    0.00    0.00    0.00   60.61

11:55:50 AM  CPU    %usr   %nice    %sys %iowait    %irq   %soft  %steal  %guest  %gnice   %idle
11:55:51 AM    0   24.51    0.00   12.75    0.00    0.00    2.94    0.00    0.00    0.00   59.80

11:55:51 AM  CPU    %usr   %nice    %sys %iowait    %irq   %soft  %steal  %guest  %gnice   %idle
11:55:52 AM    0   27.00    0.00    9.00    0.00    0.00    3.00    0.00    0.00    0.00   61.00

11:55:52 AM  CPU    %usr   %nice    %sys %iowait    %irq   %soft  %steal  %guest  %gnice   %idle
11:55:53 AM    0   26.00    0.00   12.00    0.00    0.00    2.00    0.00    0.00    0.00   60.00

11:55:53 AM  CPU    %usr   %nice    %sys %iowait    %irq   %soft  %steal  %guest  %gnice   %idle
11:55:54 AM    0   24.00    0.00   11.00    0.00    0.00    4.00    0.00    0.00    0.00   61.00

11:55:54 AM  CPU    %usr   %nice    %sys %iowait    %irq   %soft  %steal  %guest  %gnice   %idle
11:55:55 AM    0   26.26    0.00    8.08    0.00    0.00    5.05    0.00    0.00    0.00   60.61

11:55:55 AM  CPU    %usr   %nice    %sys %iowait    %irq   %soft  %steal  %guest  %gnice   %idle
11:55:56 AM    0   31.07    0.00    6.80    0.00    0.00    2.91    0.00    0.00    0.00   59.22

11:55:56 AM  CPU    %usr   %nice    %sys %iowait    %irq   %soft  %steal  %guest  %gnice   %idle
11:55:57 AM    0   26.00    0.00   10.00    0.00    0.00    4.00    0.00    0.00    0.00   60.00

11:55:57 AM  CPU    %usr   %nice    %sys %iowait    %irq   %soft  %steal  %guest  %gnice   %idle
11:55:58 AM    0   25.74    0.00   11.88    0.00    0.00    1.98    0.00    0.00    0.00   60.40

11:55:58 AM  CPU    %usr   %nice    %sys %iowait    %irq   %soft  %steal  %guest  %gnice   %idle
11:55:59 AM    0   26.53    0.00    8.16    0.00    0.00    4.08    0.00    0.00    0.00   61.22

11:55:59 AM  CPU    %usr   %nice    %sys %iowait    %irq   %soft  %steal  %guest  %gnice   %idle
11:56:00 AM    0   23.23    0.00   11.11    0.00    0.00    3.03    0.00    0.00    0.00   62.63

11:56:00 AM  CPU    %usr   %nice    %sys %iowait    %irq   %soft  %steal  %guest  %gnice   %idle
11:56:01 AM    0   24.75    0.00   12.87    0.00    0.00    2.97    0.00    0.00    0.00   59.41

11:56:01 AM  CPU    %usr   %nice    %sys %iowait    %irq   %soft  %steal  %guest  %gnice   %idle
11:56:02 AM    0   26.21    0.00   10.68    0.00    0.00    4.85    0.00    0.00    0.00   58.25

11:56:02 AM  CPU    %usr   %nice    %sys %iowait    %irq   %soft  %steal  %guest  %gnice   %idle
11:56:03 AM    0   26.73    0.00    9.90    0.00    0.00    2.97    0.00    0.00    0.00   60.40

11:56:03 AM  CPU    %usr   %nice    %sys %iowait    %irq   %soft  %steal  %guest  %gnice   %idle
11:56:04 AM    0   22.34    0.00   12.77    0.00    0.00    1.06    0.00    0.00    0.00   63.83

11:56:04 AM  CPU    %usr   %nice    %sys %iowait    %irq   %soft  %steal  %guest  %gnice   %idle
11:56:05 AM    0   23.47    0.00   11.22    0.00    0.00    3.06    0.00    0.00    0.00   62.24

11:56:05 AM  CPU    %usr   %nice    %sys %iowait    %irq   %soft  %steal  %guest  %gnice   %idle
11:56:06 AM    0   28.00    0.00    9.00    0.00    0.00    2.00    0.00    0.00    0.00   61.00

11:56:06 AM  CPU    %usr   %nice    %sys %iowait    %irq   %soft  %steal  %guest  %gnice   %idle
11:56:07 AM    0   22.92    0.00   10.42    0.00    0.00    4.17    0.00    0.00    0.00   62.50

11:56:07 AM  CPU    %usr   %nice    %sys %iowait    %irq   %soft  %steal  %guest  %gnice   %idle
11:56:08 AM    0   28.00    0.00    8.00    0.00    0.00    3.00    0.00    0.00    0.00   61.00

11:56:08 AM  CPU    %usr   %nice    %sys %iowait    %irq   %soft  %steal  %guest  %gnice   %idle
11:56:09 AM    0   26.73    0.00    9.90    0.00    0.00    2.97    0.00    0.00    0.00   60.40

11:56:09 AM  CPU    %usr   %nice    %sys %iowait    %irq   %soft  %steal  %guest  %gnice   %idle
11:56:10 AM    0   24.75    0.00   13.86    0.00    0.00    1.98    0.00    0.00    0.00   59.41

11:56:10 AM  CPU    %usr   %nice    %sys %iowait    %irq   %soft  %steal  %guest  %gnice   %idle
11:56:11 AM    0   25.25    0.00    8.08    0.00    0.00    5.05    0.00    0.00    0.00   61.62

Average:     CPU    %usr   %nice    %sys %iowait    %irq   %soft  %steal  %guest  %gnice   %idle
Average:       0   25.62    0.00   10.48    0.00    0.00    3.15    0.00    0.00    0.00   60.75
