Linux 5.3.0-61-generic (cw-zenbook) 	07/16/2020 	_x86_64_	(8 CPU)

02:54:49 PM  CPU    %usr   %nice    %sys %iowait    %irq   %soft  %steal  %guest  %gnice   %idle
02:54:50 PM    0   51.96    0.00   22.55    0.00    0.00    4.90    0.00    0.00    0.00   20.59

02:54:50 PM  CPU    %usr   %nice    %sys %iowait    %irq   %soft  %steal  %guest  %gnice   %idle
02:54:51 PM    0   52.53    0.00   21.21    0.00    0.00    5.05    0.00    0.00    0.00   21.21

02:54:51 PM  CPU    %usr   %nice    %sys %iowait    %irq   %soft  %steal  %guest  %gnice   %idle
02:54:52 PM    0   54.00    0.00   22.00    0.00    0.00    3.00    0.00    0.00    0.00   21.00

02:54:52 PM  CPU    %usr   %nice    %sys %iowait    %irq   %soft  %steal  %guest  %gnice   %idle
02:54:53 PM    0   51.49    0.00   22.77    0.00    0.00    4.95    0.00    0.00    0.00   20.79

02:54:53 PM  CPU    %usr   %nice    %sys %iowait    %irq   %soft  %steal  %guest  %gnice   %idle
02:54:54 PM    0   50.50    0.00   21.78    0.00    0.00    6.93    0.00    0.00    0.00   20.79

02:54:54 PM  CPU    %usr   %nice    %sys %iowait    %irq   %soft  %steal  %guest  %gnice   %idle
02:54:55 PM    0   53.47    0.00   19.80    0.00    0.00    4.95    0.00    0.00    0.00   21.78

02:54:55 PM  CPU    %usr   %nice    %sys %iowait    %irq   %soft  %steal  %guest  %gnice   %idle
02:54:56 PM    0   51.00    0.00   23.00    0.00    0.00    5.00    0.00    0.00    0.00   21.00

02:54:56 PM  CPU    %usr   %nice    %sys %iowait    %irq   %soft  %steal  %guest  %gnice   %idle
02:54:57 PM    0   54.00    0.00   22.00    0.00    0.00    4.00    0.00    0.00    0.00   20.00

02:54:57 PM  CPU    %usr   %nice    %sys %iowait    %irq   %soft  %steal  %guest  %gnice   %idle
02:54:58 PM    0   50.98    0.00   21.57    0.00    0.00    6.86    0.00    0.00    0.00   20.59

02:54:58 PM  CPU    %usr   %nice    %sys %iowait    %irq   %soft  %steal  %guest  %gnice   %idle
02:54:59 PM    0   46.46    0.00   23.23    0.00    0.00    8.08    0.00    0.00    0.00   22.22

02:54:59 PM  CPU    %usr   %nice    %sys %iowait    %irq   %soft  %steal  %guest  %gnice   %idle
02:55:00 PM    0   53.00    0.00   17.00    0.00    0.00    9.00    0.00    0.00    0.00   21.00

02:55:00 PM  CPU    %usr   %nice    %sys %iowait    %irq   %soft  %steal  %guest  %gnice   %idle
02:55:01 PM    0   52.00    0.00   23.00    0.00    0.00    4.00    0.00    0.00    0.00   21.00

02:55:01 PM  CPU    %usr   %nice    %sys %iowait    %irq   %soft  %steal  %guest  %gnice   %idle
02:55:02 PM    0   53.54    0.00   20.20    0.00    0.00    5.05    0.00    0.00    0.00   21.21

02:55:02 PM  CPU    %usr   %nice    %sys %iowait    %irq   %soft  %steal  %guest  %gnice   %idle
02:55:03 PM    0   56.31    0.00   18.45    0.00    0.00    4.85    0.00    0.00    0.00   20.39

02:55:03 PM  CPU    %usr   %nice    %sys %iowait    %irq   %soft  %steal  %guest  %gnice   %idle
02:55:04 PM    0   50.00    0.00   23.00    0.00    0.00    5.00    0.00    0.00    0.00   22.00

02:55:04 PM  CPU    %usr   %nice    %sys %iowait    %irq   %soft  %steal  %guest  %gnice   %idle
02:55:05 PM    0   52.04    0.00   23.47    0.00    0.00    3.06    0.00    0.00    0.00   21.43

02:55:05 PM  CPU    %usr   %nice    %sys %iowait    %irq   %soft  %steal  %guest  %gnice   %idle
02:55:06 PM    0   49.49    0.00   23.23    0.00    0.00    6.06    0.00    0.00    0.00   21.21

02:55:06 PM  CPU    %usr   %nice    %sys %iowait    %irq   %soft  %steal  %guest  %gnice   %idle
02:55:07 PM    0   53.00    0.00   22.00    0.00    0.00    4.00    0.00    0.00    0.00   21.00

02:55:07 PM  CPU    %usr   %nice    %sys %iowait    %irq   %soft  %steal  %guest  %gnice   %idle
02:55:08 PM    0   55.88    0.00   19.61    0.00    0.00    3.92    0.00    0.00    0.00   20.59

02:55:08 PM  CPU    %usr   %nice    %sys %iowait    %irq   %soft  %steal  %guest  %gnice   %idle
02:55:09 PM    0   52.94    0.00   21.57    0.00    0.00    3.92    0.00    0.00    0.00   21.57

02:55:09 PM  CPU    %usr   %nice    %sys %iowait    %irq   %soft  %steal  %guest  %gnice   %idle
02:55:10 PM    0   51.02    0.00   20.41    0.00    0.00    6.12    0.00    0.00    0.00   22.45

02:55:10 PM  CPU    %usr   %nice    %sys %iowait    %irq   %soft  %steal  %guest  %gnice   %idle
02:55:11 PM    0   52.00    0.00   23.00    0.00    0.00    4.00    0.00    0.00    0.00   21.00

02:55:11 PM  CPU    %usr   %nice    %sys %iowait    %irq   %soft  %steal  %guest  %gnice   %idle
02:55:12 PM    0   56.12    0.00   18.37    0.00    0.00    4.08    0.00    0.00    0.00   21.43

02:55:12 PM  CPU    %usr   %nice    %sys %iowait    %irq   %soft  %steal  %guest  %gnice   %idle
02:55:13 PM    0   53.54    0.00   20.20    0.00    0.00    4.04    0.00    0.00    0.00   22.22

02:55:13 PM  CPU    %usr   %nice    %sys %iowait    %irq   %soft  %steal  %guest  %gnice   %idle
02:55:14 PM    0   50.00    0.00   21.43    0.00    0.00    6.12    0.00    0.00    0.00   22.45

02:55:14 PM  CPU    %usr   %nice    %sys %iowait    %irq   %soft  %steal  %guest  %gnice   %idle
02:55:15 PM    0   51.00    0.00   23.00    0.00    0.00    5.00    0.00    0.00    0.00   21.00

02:55:15 PM  CPU    %usr   %nice    %sys %iowait    %irq   %soft  %steal  %guest  %gnice   %idle
02:55:16 PM    0   56.44    0.00   19.80    0.00    0.00    2.97    0.00    0.00    0.00   20.79

02:55:16 PM  CPU    %usr   %nice    %sys %iowait    %irq   %soft  %steal  %guest  %gnice   %idle
02:55:17 PM    0   50.00    0.00   20.41    0.00    0.00    7.14    0.00    0.00    0.00   22.45

02:55:17 PM  CPU    %usr   %nice    %sys %iowait    %irq   %soft  %steal  %guest  %gnice   %idle
02:55:18 PM    0   51.02    0.00   22.45    0.00    0.00    5.10    0.00    0.00    0.00   21.43

02:55:18 PM  CPU    %usr   %nice    %sys %iowait    %irq   %soft  %steal  %guest  %gnice   %idle
02:55:19 PM    0   54.00    0.00   20.00    0.00    0.00    4.00    0.00    0.00    0.00   22.00

02:55:19 PM  CPU    %usr   %nice    %sys %iowait    %irq   %soft  %steal  %guest  %gnice   %idle
02:55:20 PM    0   52.58    0.00   19.59    0.00    0.00    5.15    0.00    0.00    0.00   22.68

02:55:20 PM  CPU    %usr   %nice    %sys %iowait    %irq   %soft  %steal  %guest  %gnice   %idle
02:55:21 PM    0   56.86    0.00   18.63    0.00    0.00    3.92    0.00    0.00    0.00   20.59

02:55:21 PM  CPU    %usr   %nice    %sys %iowait    %irq   %soft  %steal  %guest  %gnice   %idle
02:55:22 PM    0   52.53    0.00   23.23    0.00    0.00    3.03    0.00    0.00    0.00   21.21

02:55:22 PM  CPU    %usr   %nice    %sys %iowait    %irq   %soft  %steal  %guest  %gnice   %idle
02:55:23 PM    0   53.92    0.00   19.61    0.00    0.00    4.90    0.00    0.00    0.00   21.57

02:55:23 PM  CPU    %usr   %nice    %sys %iowait    %irq   %soft  %steal  %guest  %gnice   %idle
02:55:24 PM    0   53.00    0.00   22.00    0.00    0.00    4.00    0.00    0.00    0.00   21.00

02:55:24 PM  CPU    %usr   %nice    %sys %iowait    %irq   %soft  %steal  %guest  %gnice   %idle
02:55:25 PM    0   50.00    0.00   22.00    0.00    0.00    7.00    0.00    0.00    0.00   21.00

02:55:25 PM  CPU    %usr   %nice    %sys %iowait    %irq   %soft  %steal  %guest  %gnice   %idle
02:55:26 PM    0   51.96    0.00   20.59    0.00    0.00    5.88    0.00    0.00    0.00   21.57

02:55:26 PM  CPU    %usr   %nice    %sys %iowait    %irq   %soft  %steal  %guest  %gnice   %idle
02:55:27 PM    0   51.55    0.00   20.62    0.00    0.00    6.19    0.00    0.00    0.00   21.65

02:55:27 PM  CPU    %usr   %nice    %sys %iowait    %irq   %soft  %steal  %guest  %gnice   %idle
02:55:28 PM    0   56.00    0.00   18.00    0.00    0.00    4.00    0.00    0.00    0.00   22.00

02:55:28 PM  CPU    %usr   %nice    %sys %iowait    %irq   %soft  %steal  %guest  %gnice   %idle
02:55:29 PM    0   52.00    0.00   22.00    0.00    0.00    4.00    0.00    0.00    0.00   22.00

02:55:29 PM  CPU    %usr   %nice    %sys %iowait    %irq   %soft  %steal  %guest  %gnice   %idle
02:55:30 PM    0   49.49    0.00   22.22    0.00    0.00    7.07    0.00    0.00    0.00   21.21

02:55:30 PM  CPU    %usr   %nice    %sys %iowait    %irq   %soft  %steal  %guest  %gnice   %idle
02:55:31 PM    0   54.46    0.00   16.83    0.00    0.00    7.92    0.00    0.00    0.00   20.79

02:55:31 PM  CPU    %usr   %nice    %sys %iowait    %irq   %soft  %steal  %guest  %gnice   %idle
02:55:32 PM    0   54.08    0.00   22.45    0.00    0.00    2.04    0.00    0.00    0.00   21.43

02:55:32 PM  CPU    %usr   %nice    %sys %iowait    %irq   %soft  %steal  %guest  %gnice   %idle
02:55:33 PM    0   54.08    0.00   18.37    0.00    0.00    5.10    0.00    0.00    0.00   22.45

02:55:33 PM  CPU    %usr   %nice    %sys %iowait    %irq   %soft  %steal  %guest  %gnice   %idle
02:55:34 PM    0   57.00    0.00   18.00    0.00    0.00    4.00    0.00    0.00    0.00   21.00

02:55:34 PM  CPU    %usr   %nice    %sys %iowait    %irq   %soft  %steal  %guest  %gnice   %idle
02:55:35 PM    0   52.53    0.00   20.20    0.00    0.00    5.05    0.00    0.00    0.00   22.22

02:55:35 PM  CPU    %usr   %nice    %sys %iowait    %irq   %soft  %steal  %guest  %gnice   %idle
02:55:36 PM    0   52.53    0.00   21.21    0.00    0.00    5.05    0.00    0.00    0.00   21.21

02:55:36 PM  CPU    %usr   %nice    %sys %iowait    %irq   %soft  %steal  %guest  %gnice   %idle
02:55:37 PM    0   52.00    0.00   21.00    0.00    0.00    5.00    0.00    0.00    0.00   22.00

02:55:37 PM  CPU    %usr   %nice    %sys %iowait    %irq   %soft  %steal  %guest  %gnice   %idle
02:55:38 PM    0   54.55    0.00   19.19    0.00    0.00    5.05    0.00    0.00    0.00   21.21

02:55:38 PM  CPU    %usr   %nice    %sys %iowait    %irq   %soft  %steal  %guest  %gnice   %idle
02:55:39 PM    0   50.51    0.00   25.25    0.00    0.00    3.03    0.00    0.00    0.00   21.21

02:55:39 PM  CPU    %usr   %nice    %sys %iowait    %irq   %soft  %steal  %guest  %gnice   %idle
02:55:40 PM    0   53.47    0.00   21.78    0.00    0.00    2.97    0.00    0.00    0.00   21.78

02:55:40 PM  CPU    %usr   %nice    %sys %iowait    %irq   %soft  %steal  %guest  %gnice   %idle
02:55:41 PM    0   50.51    0.00   24.24    0.00    0.00    5.05    0.00    0.00    0.00   20.20

02:55:41 PM  CPU    %usr   %nice    %sys %iowait    %irq   %soft  %steal  %guest  %gnice   %idle
02:55:42 PM    0   58.00    0.00   17.00    0.00    0.00    3.00    0.00    0.00    0.00   22.00

02:55:42 PM  CPU    %usr   %nice    %sys %iowait    %irq   %soft  %steal  %guest  %gnice   %idle
02:55:43 PM    0   50.00    0.00   22.00    0.00    0.00    6.00    0.00    0.00    0.00   22.00

02:55:43 PM  CPU    %usr   %nice    %sys %iowait    %irq   %soft  %steal  %guest  %gnice   %idle
02:55:44 PM    0   56.00    0.00   18.00    0.00    0.00    5.00    0.00    0.00    0.00   21.00

02:55:44 PM  CPU    %usr   %nice    %sys %iowait    %irq   %soft  %steal  %guest  %gnice   %idle
02:55:45 PM    0   49.48    0.00   19.59    0.00    0.00    8.25    0.00    0.00    0.00   22.68

02:55:45 PM  CPU    %usr   %nice    %sys %iowait    %irq   %soft  %steal  %guest  %gnice   %idle
02:55:46 PM    0   54.00    0.00   20.00    0.00    0.00    5.00    0.00    0.00    0.00   21.00

02:55:46 PM  CPU    %usr   %nice    %sys %iowait    %irq   %soft  %steal  %guest  %gnice   %idle
02:55:47 PM    0   57.00    0.00   15.00    0.00    0.00    6.00    0.00    0.00    0.00   22.00

02:55:47 PM  CPU    %usr   %nice    %sys %iowait    %irq   %soft  %steal  %guest  %gnice   %idle
02:55:48 PM    0   55.67    0.00   19.59    0.00    0.00    4.12    0.00    0.00    0.00   20.62

02:55:48 PM  CPU    %usr   %nice    %sys %iowait    %irq   %soft  %steal  %guest  %gnice   %idle
02:55:49 PM    0   52.04    0.00   22.45    0.00    0.00    3.06    0.00    0.00    0.00   22.45

02:55:49 PM  CPU    %usr   %nice    %sys %iowait    %irq   %soft  %steal  %guest  %gnice   %idle
02:55:50 PM    0   49.00    0.00   24.00    0.00    0.00    5.00    0.00    0.00    0.00   22.00

02:55:50 PM  CPU    %usr   %nice    %sys %iowait    %irq   %soft  %steal  %guest  %gnice   %idle
02:55:51 PM    0   48.48    0.00   24.24    0.00    0.00    6.06    0.00    0.00    0.00   21.21

02:55:51 PM  CPU    %usr   %nice    %sys %iowait    %irq   %soft  %steal  %guest  %gnice   %idle
02:55:52 PM    0   56.12    0.00   17.35    0.00    0.00    5.10    0.00    0.00    0.00   21.43

02:55:52 PM  CPU    %usr   %nice    %sys %iowait    %irq   %soft  %steal  %guest  %gnice   %idle
02:55:53 PM    0   56.12    0.00   15.31    0.00    0.00    6.12    0.00    0.00    0.00   22.45

02:55:53 PM  CPU    %usr   %nice    %sys %iowait    %irq   %soft  %steal  %guest  %gnice   %idle
02:55:54 PM    0   54.08    0.00   20.41    0.00    0.00    4.08    0.00    0.00    0.00   21.43

02:55:54 PM  CPU    %usr   %nice    %sys %iowait    %irq   %soft  %steal  %guest  %gnice   %idle
02:55:55 PM    0   47.52    0.00   27.72    0.00    0.00    3.96    0.00    0.00    0.00   20.79

02:55:55 PM  CPU    %usr   %nice    %sys %iowait    %irq   %soft  %steal  %guest  %gnice   %idle
02:55:56 PM    0   49.48    0.00   21.65    0.00    0.00    6.19    0.00    0.00    0.00   22.68

02:55:56 PM  CPU    %usr   %nice    %sys %iowait    %irq   %soft  %steal  %guest  %gnice   %idle
02:55:57 PM    0   50.00    0.00   24.00    0.00    0.00    4.00    0.00    0.00    0.00   22.00

02:55:57 PM  CPU    %usr   %nice    %sys %iowait    %irq   %soft  %steal  %guest  %gnice   %idle
02:55:58 PM    0   54.64    0.00   19.59    0.00    0.00    3.09    0.00    0.00    0.00   22.68

02:55:58 PM  CPU    %usr   %nice    %sys %iowait    %irq   %soft  %steal  %guest  %gnice   %idle
02:55:59 PM    0   53.61    0.00   18.56    0.00    0.00    6.19    0.00    0.00    0.00   21.65

02:55:59 PM  CPU    %usr   %nice    %sys %iowait    %irq   %soft  %steal  %guest  %gnice   %idle
02:56:00 PM    0   52.04    0.00   24.49    0.00    0.00    2.04    0.00    0.00    0.00   21.43

02:56:00 PM  CPU    %usr   %nice    %sys %iowait    %irq   %soft  %steal  %guest  %gnice   %idle
02:56:01 PM    0   48.00    0.00   25.00    0.00    0.00    5.00    0.00    0.00    0.00   22.00

02:56:01 PM  CPU    %usr   %nice    %sys %iowait    %irq   %soft  %steal  %guest  %gnice   %idle
02:56:02 PM    0   51.02    0.00   24.49    0.00    0.00    3.06    0.00    0.00    0.00   21.43

02:56:02 PM  CPU    %usr   %nice    %sys %iowait    %irq   %soft  %steal  %guest  %gnice   %idle
02:56:03 PM    0   48.04    0.00   22.55    0.00    0.00    7.84    0.00    0.00    0.00   21.57

02:56:03 PM  CPU    %usr   %nice    %sys %iowait    %irq   %soft  %steal  %guest  %gnice   %idle
02:56:04 PM    0   53.06    0.00   21.43    0.00    0.00    4.08    0.00    0.00    0.00   21.43

02:56:04 PM  CPU    %usr   %nice    %sys %iowait    %irq   %soft  %steal  %guest  %gnice   %idle
02:56:05 PM    0   50.50    0.00   21.78    0.00    0.00    5.94    0.00    0.00    0.00   21.78

02:56:05 PM  CPU    %usr   %nice    %sys %iowait    %irq   %soft  %steal  %guest  %gnice   %idle
02:56:06 PM    0   57.58    0.00   17.17    0.00    0.00    5.05    0.00    0.00    0.00   20.20

02:56:06 PM  CPU    %usr   %nice    %sys %iowait    %irq   %soft  %steal  %guest  %gnice   %idle
02:56:07 PM    0   55.10    0.00   18.37    0.00    0.00    5.10    0.00    0.00    0.00   21.43

02:56:07 PM  CPU    %usr   %nice    %sys %iowait    %irq   %soft  %steal  %guest  %gnice   %idle
02:56:08 PM    0   55.67    0.00   18.56    0.00    0.00    4.12    0.00    0.00    0.00   21.65

02:56:08 PM  CPU    %usr   %nice    %sys %iowait    %irq   %soft  %steal  %guest  %gnice   %idle
02:56:09 PM    0   52.53    0.00   23.23    0.00    0.00    3.03    0.00    0.00    0.00   21.21

02:56:09 PM  CPU    %usr   %nice    %sys %iowait    %irq   %soft  %steal  %guest  %gnice   %idle
02:56:10 PM    0   51.49    0.00   22.77    0.00    0.00    4.95    0.00    0.00    0.00   20.79

02:56:10 PM  CPU    %usr   %nice    %sys %iowait    %irq   %soft  %steal  %guest  %gnice   %idle
02:56:11 PM    0   56.44    0.00   15.84    0.00    0.00    5.94    0.00    0.00    0.00   21.78

02:56:11 PM  CPU    %usr   %nice    %sys %iowait    %irq   %soft  %steal  %guest  %gnice   %idle
02:56:12 PM    0   54.00    0.00   22.00    0.00    0.00    4.00    0.00    0.00    0.00   20.00

02:56:12 PM  CPU    %usr   %nice    %sys %iowait    %irq   %soft  %steal  %guest  %gnice   %idle
02:56:13 PM    0   54.90    0.00   17.65    0.00    0.00    5.88    0.00    0.00    0.00   21.57

02:56:13 PM  CPU    %usr   %nice    %sys %iowait    %irq   %soft  %steal  %guest  %gnice   %idle
02:56:14 PM    0   56.57    0.00   16.16    0.00    0.00    6.06    0.00    0.00    0.00   21.21

02:56:14 PM  CPU    %usr   %nice    %sys %iowait    %irq   %soft  %steal  %guest  %gnice   %idle
02:56:15 PM    0   55.10    0.00   19.39    0.00    0.00    3.06    0.00    0.00    0.00   22.45

02:56:15 PM  CPU    %usr   %nice    %sys %iowait    %irq   %soft  %steal  %guest  %gnice   %idle
02:56:16 PM    0   54.55    0.00   19.19    0.00    0.00    6.06    0.00    0.00    0.00   20.20

02:56:16 PM  CPU    %usr   %nice    %sys %iowait    %irq   %soft  %steal  %guest  %gnice   %idle
02:56:17 PM    0   46.53    0.00   26.73    0.00    0.00    4.95    0.00    0.00    0.00   21.78

02:56:17 PM  CPU    %usr   %nice    %sys %iowait    %irq   %soft  %steal  %guest  %gnice   %idle
02:56:18 PM    0   56.57    0.00   20.20    0.00    0.00    2.02    0.00    0.00    0.00   21.21

02:56:18 PM  CPU    %usr   %nice    %sys %iowait    %irq   %soft  %steal  %guest  %gnice   %idle
02:56:19 PM    0   56.70    0.00   17.53    0.00    0.00    4.12    0.00    0.00    0.00   21.65

02:56:19 PM  CPU    %usr   %nice    %sys %iowait    %irq   %soft  %steal  %guest  %gnice   %idle
02:56:20 PM    0   57.43    0.00   15.84    0.00    0.00    5.94    0.00    0.00    0.00   20.79

02:56:20 PM  CPU    %usr   %nice    %sys %iowait    %irq   %soft  %steal  %guest  %gnice   %idle
02:56:21 PM    0   50.98    0.00   22.55    0.00    0.00    4.90    0.00    0.00    0.00   21.57

02:56:21 PM  CPU    %usr   %nice    %sys %iowait    %irq   %soft  %steal  %guest  %gnice   %idle
02:56:22 PM    0   54.64    0.00   23.71    0.00    0.00    1.03    0.00    0.00    0.00   20.62

02:56:22 PM  CPU    %usr   %nice    %sys %iowait    %irq   %soft  %steal  %guest  %gnice   %idle
02:56:23 PM    0   56.00    0.00   18.00    0.00    0.00    6.00    0.00    0.00    0.00   20.00

02:56:23 PM  CPU    %usr   %nice    %sys %iowait    %irq   %soft  %steal  %guest  %gnice   %idle
02:56:24 PM    0   52.94    0.00   20.59    0.00    0.00    5.88    0.00    0.00    0.00   20.59

02:56:24 PM  CPU    %usr   %nice    %sys %iowait    %irq   %soft  %steal  %guest  %gnice   %idle
02:56:25 PM    0   55.67    0.00   19.59    0.00    0.00    2.06    0.00    0.00    0.00   22.68

02:56:25 PM  CPU    %usr   %nice    %sys %iowait    %irq   %soft  %steal  %guest  %gnice   %idle
02:56:26 PM    0   50.51    0.00   21.21    0.00    0.00    7.07    0.00    0.00    0.00   21.21

02:56:26 PM  CPU    %usr   %nice    %sys %iowait    %irq   %soft  %steal  %guest  %gnice   %idle
02:56:27 PM    0   51.52    0.00   21.21    0.00    0.00    6.06    0.00    0.00    0.00   21.21

02:56:27 PM  CPU    %usr   %nice    %sys %iowait    %irq   %soft  %steal  %guest  %gnice   %idle
02:56:28 PM    0   54.00    0.00   22.00    0.00    0.00    3.00    0.00    0.00    0.00   21.00

02:56:28 PM  CPU    %usr   %nice    %sys %iowait    %irq   %soft  %steal  %guest  %gnice   %idle
02:56:29 PM    0   51.52    0.00   21.21    0.00    0.00    6.06    0.00    0.00    0.00   21.21

02:56:29 PM  CPU    %usr   %nice    %sys %iowait    %irq   %soft  %steal  %guest  %gnice   %idle
02:56:30 PM    0   51.49    0.00   21.78    0.00    0.00    4.95    0.00    0.00    0.00   21.78

02:56:30 PM  CPU    %usr   %nice    %sys %iowait    %irq   %soft  %steal  %guest  %gnice   %idle
02:56:31 PM    0   52.94    0.00   21.57    0.00    0.00    4.90    0.00    0.00    0.00   20.59

02:56:31 PM  CPU    %usr   %nice    %sys %iowait    %irq   %soft  %steal  %guest  %gnice   %idle
02:56:32 PM    0   48.51    0.00   24.75    0.00    0.00    5.94    0.00    0.00    0.00   20.79

02:56:32 PM  CPU    %usr   %nice    %sys %iowait    %irq   %soft  %steal  %guest  %gnice   %idle
02:56:33 PM    0   53.61    0.00   17.53    0.00    0.00    6.19    0.00    0.00    0.00   22.68

02:56:33 PM  CPU    %usr   %nice    %sys %iowait    %irq   %soft  %steal  %guest  %gnice   %idle
02:56:34 PM    0   57.84    0.00   17.65    0.00    0.00    3.92    0.00    0.00    0.00   20.59

02:56:34 PM  CPU    %usr   %nice    %sys %iowait    %irq   %soft  %steal  %guest  %gnice   %idle
02:56:35 PM    0   52.94    0.00   18.63    0.00    0.00    6.86    0.00    0.00    0.00   21.57

02:56:35 PM  CPU    %usr   %nice    %sys %iowait    %irq   %soft  %steal  %guest  %gnice   %idle
02:56:36 PM    0   54.90    0.00   19.61    0.00    0.00    4.90    0.00    0.00    0.00   20.59

02:56:36 PM  CPU    %usr   %nice    %sys %iowait    %irq   %soft  %steal  %guest  %gnice   %idle
02:56:37 PM    0   52.08    0.00   20.83    0.00    0.00    5.21    0.00    0.00    0.00   21.88

02:56:37 PM  CPU    %usr   %nice    %sys %iowait    %irq   %soft  %steal  %guest  %gnice   %idle
02:56:38 PM    0   56.60    0.00   18.87    0.00    0.00    4.72    0.00    0.00    0.00   19.81

02:56:38 PM  CPU    %usr   %nice    %sys %iowait    %irq   %soft  %steal  %guest  %gnice   %idle
02:56:39 PM    0   49.51    0.00   25.24    0.00    0.00    4.85    0.00    0.00    0.00   20.39

02:56:39 PM  CPU    %usr   %nice    %sys %iowait    %irq   %soft  %steal  %guest  %gnice   %idle
02:56:40 PM    0   52.00    0.00   21.00    0.00    0.00    5.00    0.00    0.00    0.00   22.00

02:56:40 PM  CPU    %usr   %nice    %sys %iowait    %irq   %soft  %steal  %guest  %gnice   %idle
02:56:41 PM    0   54.74    0.00   16.84    0.00    0.00    5.26    0.00    0.00    0.00   23.16

02:56:41 PM  CPU    %usr   %nice    %sys %iowait    %irq   %soft  %steal  %guest  %gnice   %idle
02:56:42 PM    0   55.00    0.00   20.00    0.00    0.00    4.00    0.00    0.00    0.00   21.00

02:56:42 PM  CPU    %usr   %nice    %sys %iowait    %irq   %soft  %steal  %guest  %gnice   %idle
02:56:43 PM    0   57.58    0.00   17.17    0.00    0.00    4.04    0.00    0.00    0.00   21.21

02:56:43 PM  CPU    %usr   %nice    %sys %iowait    %irq   %soft  %steal  %guest  %gnice   %idle
02:56:44 PM    0   52.00    0.00   22.00    0.00    0.00    5.00    0.00    0.00    0.00   21.00

02:56:44 PM  CPU    %usr   %nice    %sys %iowait    %irq   %soft  %steal  %guest  %gnice   %idle
02:56:45 PM    0   56.00    0.00   18.00    0.00    0.00    5.00    0.00    0.00    0.00   21.00

02:56:45 PM  CPU    %usr   %nice    %sys %iowait    %irq   %soft  %steal  %guest  %gnice   %idle
02:56:46 PM    0   52.58    0.00   19.59    0.00    0.00    6.19    0.00    0.00    0.00   21.65

02:56:46 PM  CPU    %usr   %nice    %sys %iowait    %irq   %soft  %steal  %guest  %gnice   %idle
02:56:47 PM    0   55.56    0.00   18.18    0.00    0.00    4.04    0.00    0.00    0.00   22.22

02:56:47 PM  CPU    %usr   %nice    %sys %iowait    %irq   %soft  %steal  %guest  %gnice   %idle
02:56:48 PM    0   52.94    0.00   20.59    0.00    0.00    5.88    0.00    0.00    0.00   20.59

02:56:48 PM  CPU    %usr   %nice    %sys %iowait    %irq   %soft  %steal  %guest  %gnice   %idle
02:56:49 PM    0   52.00    0.00   20.00    0.00    0.00    7.00    0.00    0.00    0.00   21.00

Average:     CPU    %usr   %nice    %sys %iowait    %irq   %soft  %steal  %guest  %gnice   %idle
Average:       0   52.99    0.00   20.71    0.00    0.00    4.93    0.00    0.00    0.00   21.38
