Linux 5.3.0-61-generic (cw-zenbook) 	07/16/2020 	_x86_64_	(8 CPU)

01:10:06 PM  CPU    %usr   %nice    %sys %iowait    %irq   %soft  %steal  %guest  %gnice   %idle
01:10:07 PM    0   61.62    0.00   28.28    0.00    0.00    8.08    0.00    0.00    0.00    2.02

01:10:07 PM  CPU    %usr   %nice    %sys %iowait    %irq   %soft  %steal  %guest  %gnice   %idle
01:10:08 PM    0   65.00    0.00   27.00    0.00    0.00    7.00    0.00    0.00    0.00    1.00

01:10:08 PM  CPU    %usr   %nice    %sys %iowait    %irq   %soft  %steal  %guest  %gnice   %idle
01:10:09 PM    0   64.65    0.00   24.24    0.00    0.00    9.09    0.00    0.00    0.00    2.02

01:10:09 PM  CPU    %usr   %nice    %sys %iowait    %irq   %soft  %steal  %guest  %gnice   %idle
01:10:10 PM    0   62.75    0.00   28.43    0.00    0.00    7.84    0.00    0.00    0.00    0.98

01:10:10 PM  CPU    %usr   %nice    %sys %iowait    %irq   %soft  %steal  %guest  %gnice   %idle
01:10:11 PM    0   68.69    0.00   25.25    0.00    0.00    5.05    0.00    0.00    0.00    1.01

01:10:11 PM  CPU    %usr   %nice    %sys %iowait    %irq   %soft  %steal  %guest  %gnice   %idle
01:10:12 PM    0   67.00    0.00   29.00    0.00    0.00    4.00    0.00    0.00    0.00    0.00

01:10:12 PM  CPU    %usr   %nice    %sys %iowait    %irq   %soft  %steal  %guest  %gnice   %idle
01:10:13 PM    0   71.00    0.00   22.00    0.00    0.00    7.00    0.00    0.00    0.00    0.00

01:10:13 PM  CPU    %usr   %nice    %sys %iowait    %irq   %soft  %steal  %guest  %gnice   %idle
01:10:14 PM    0   61.00    0.00   29.00    0.00    0.00   10.00    0.00    0.00    0.00    0.00

01:10:14 PM  CPU    %usr   %nice    %sys %iowait    %irq   %soft  %steal  %guest  %gnice   %idle
01:10:15 PM    0   65.66    0.00   24.24    0.00    0.00    9.09    0.00    0.00    0.00    1.01

01:10:15 PM  CPU    %usr   %nice    %sys %iowait    %irq   %soft  %steal  %guest  %gnice   %idle
01:10:16 PM    0   65.00    0.00   28.00    0.00    0.00    6.00    0.00    0.00    0.00    1.00

01:10:16 PM  CPU    %usr   %nice    %sys %iowait    %irq   %soft  %steal  %guest  %gnice   %idle
01:10:17 PM    0   71.00    0.00   22.00    0.00    0.00    5.00    0.00    0.00    0.00    2.00

01:10:17 PM  CPU    %usr   %nice    %sys %iowait    %irq   %soft  %steal  %guest  %gnice   %idle
01:10:18 PM    0   70.30    0.00   23.76    0.00    0.00    3.96    0.00    0.00    0.00    1.98

01:10:18 PM  CPU    %usr   %nice    %sys %iowait    %irq   %soft  %steal  %guest  %gnice   %idle
01:10:19 PM    0   65.00    0.00   27.00    0.00    0.00    6.00    0.00    0.00    0.00    2.00

01:10:19 PM  CPU    %usr   %nice    %sys %iowait    %irq   %soft  %steal  %guest  %gnice   %idle
01:10:20 PM    0   65.35    0.00   26.73    0.00    0.00    5.94    0.00    0.00    0.00    1.98

01:10:20 PM  CPU    %usr   %nice    %sys %iowait    %irq   %soft  %steal  %guest  %gnice   %idle
01:10:21 PM    0   63.00    0.00   25.00    0.00    0.00    9.00    0.00    0.00    0.00    3.00

01:10:21 PM  CPU    %usr   %nice    %sys %iowait    %irq   %soft  %steal  %guest  %gnice   %idle
01:10:22 PM    0   69.70    0.00   23.23    0.00    0.00    5.05    0.00    0.00    0.00    2.02

01:10:22 PM  CPU    %usr   %nice    %sys %iowait    %irq   %soft  %steal  %guest  %gnice   %idle
01:10:23 PM    0   63.00    0.00   28.00    0.00    0.00    7.00    0.00    0.00    0.00    2.00

01:10:23 PM  CPU    %usr   %nice    %sys %iowait    %irq   %soft  %steal  %guest  %gnice   %idle
01:10:24 PM    0   66.34    0.00   23.76    0.00    0.00    8.91    0.00    0.00    0.00    0.99

01:10:24 PM  CPU    %usr   %nice    %sys %iowait    %irq   %soft  %steal  %guest  %gnice   %idle
01:10:25 PM    0   64.00    0.00   30.00    0.00    0.00    5.00    0.00    0.00    0.00    1.00

01:10:25 PM  CPU    %usr   %nice    %sys %iowait    %irq   %soft  %steal  %guest  %gnice   %idle
01:10:26 PM    0   64.00    0.00   28.00    0.00    0.00    7.00    0.00    0.00    0.00    1.00

01:10:26 PM  CPU    %usr   %nice    %sys %iowait    %irq   %soft  %steal  %guest  %gnice   %idle
01:10:27 PM    0   66.67    0.00   23.53    0.00    0.00    7.84    0.00    0.00    0.00    1.96

01:10:27 PM  CPU    %usr   %nice    %sys %iowait    %irq   %soft  %steal  %guest  %gnice   %idle
01:10:28 PM    0   64.36    0.00   27.72    0.00    0.00    5.94    0.00    0.00    0.00    1.98

01:10:28 PM  CPU    %usr   %nice    %sys %iowait    %irq   %soft  %steal  %guest  %gnice   %idle
01:10:29 PM    0   66.67    0.00   26.26    0.00    0.00    5.05    0.00    0.00    0.00    2.02

01:10:29 PM  CPU    %usr   %nice    %sys %iowait    %irq   %soft  %steal  %guest  %gnice   %idle
01:10:30 PM    0   63.00    0.00   28.00    0.00    0.00    6.00    0.00    0.00    0.00    3.00

01:10:30 PM  CPU    %usr   %nice    %sys %iowait    %irq   %soft  %steal  %guest  %gnice   %idle
01:10:31 PM    0   65.35    0.00   24.75    0.00    0.00    5.94    0.00    0.00    0.00    3.96

01:10:31 PM  CPU    %usr   %nice    %sys %iowait    %irq   %soft  %steal  %guest  %gnice   %idle
01:10:32 PM    0   68.00    0.00   22.00    0.00    0.00    7.00    0.00    0.00    0.00    3.00

01:10:32 PM  CPU    %usr   %nice    %sys %iowait    %irq   %soft  %steal  %guest  %gnice   %idle
01:10:33 PM    0   66.00    0.00   25.00    0.00    0.00    6.00    0.00    0.00    0.00    3.00

01:10:33 PM  CPU    %usr   %nice    %sys %iowait    %irq   %soft  %steal  %guest  %gnice   %idle
01:10:34 PM    0   65.66    0.00   22.22    0.00    0.00    8.08    0.00    0.00    0.00    4.04

01:10:34 PM  CPU    %usr   %nice    %sys %iowait    %irq   %soft  %steal  %guest  %gnice   %idle
01:10:35 PM    0   64.00    0.00   26.00    0.00    0.00    6.00    0.00    0.00    0.00    4.00

01:10:35 PM  CPU    %usr   %nice    %sys %iowait    %irq   %soft  %steal  %guest  %gnice   %idle
01:10:36 PM    0   59.41    0.00   28.71    0.00    0.00    8.91    0.00    0.00    0.00    2.97

01:10:36 PM  CPU    %usr   %nice    %sys %iowait    %irq   %soft  %steal  %guest  %gnice   %idle
01:10:37 PM    0   62.00    0.00   29.00    0.00    0.00    7.00    0.00    0.00    0.00    2.00

01:10:37 PM  CPU    %usr   %nice    %sys %iowait    %irq   %soft  %steal  %guest  %gnice   %idle
01:10:38 PM    0   68.37    0.00   25.51    0.00    0.00    3.06    0.00    0.00    0.00    3.06

01:10:38 PM  CPU    %usr   %nice    %sys %iowait    %irq   %soft  %steal  %guest  %gnice   %idle
01:10:39 PM    0   63.73    0.00   28.43    0.00    0.00    3.92    0.00    0.00    0.00    3.92

01:10:39 PM  CPU    %usr   %nice    %sys %iowait    %irq   %soft  %steal  %guest  %gnice   %idle
01:10:40 PM    0   59.00    0.00   28.00    0.00    0.00    9.00    0.00    0.00    0.00    4.00

01:10:40 PM  CPU    %usr   %nice    %sys %iowait    %irq   %soft  %steal  %guest  %gnice   %idle
01:10:41 PM    0   63.00    0.00   26.00    0.00    0.00    7.00    0.00    0.00    0.00    4.00

01:10:41 PM  CPU    %usr   %nice    %sys %iowait    %irq   %soft  %steal  %guest  %gnice   %idle
01:10:42 PM    0   63.37    0.00   27.72    0.00    0.00    6.93    0.00    0.00    0.00    1.98

01:10:42 PM  CPU    %usr   %nice    %sys %iowait    %irq   %soft  %steal  %guest  %gnice   %idle
01:10:43 PM    0   61.00    0.00   28.00    0.00    0.00    8.00    0.00    0.00    0.00    3.00

01:10:43 PM  CPU    %usr   %nice    %sys %iowait    %irq   %soft  %steal  %guest  %gnice   %idle
01:10:44 PM    0   67.00    0.00   25.00    0.00    0.00    5.00    0.00    0.00    0.00    3.00

01:10:44 PM  CPU    %usr   %nice    %sys %iowait    %irq   %soft  %steal  %guest  %gnice   %idle
01:10:45 PM    0   64.36    0.00   24.75    0.00    0.00    8.91    0.00    0.00    0.00    1.98

01:10:45 PM  CPU    %usr   %nice    %sys %iowait    %irq   %soft  %steal  %guest  %gnice   %idle
01:10:46 PM    0   67.33    0.00   23.76    0.00    0.00    7.92    0.00    0.00    0.00    0.99

01:10:46 PM  CPU    %usr   %nice    %sys %iowait    %irq   %soft  %steal  %guest  %gnice   %idle
01:10:47 PM    0   68.32    0.00   25.74    0.00    0.00    4.95    0.00    0.00    0.00    0.99

01:10:47 PM  CPU    %usr   %nice    %sys %iowait    %irq   %soft  %steal  %guest  %gnice   %idle
01:10:48 PM    0   62.00    0.00   29.00    0.00    0.00    7.00    0.00    0.00    0.00    2.00

01:10:48 PM  CPU    %usr   %nice    %sys %iowait    %irq   %soft  %steal  %guest  %gnice   %idle
01:10:49 PM    0   62.63    0.00   30.30    0.00    0.00    5.05    0.00    0.00    0.00    2.02

01:10:49 PM  CPU    %usr   %nice    %sys %iowait    %irq   %soft  %steal  %guest  %gnice   %idle
01:10:50 PM    0   65.35    0.00   24.75    0.00    0.00    6.93    0.00    0.00    0.00    2.97

01:10:50 PM  CPU    %usr   %nice    %sys %iowait    %irq   %soft  %steal  %guest  %gnice   %idle
01:10:51 PM    0   68.69    0.00   24.24    0.00    0.00    5.05    0.00    0.00    0.00    2.02

01:10:51 PM  CPU    %usr   %nice    %sys %iowait    %irq   %soft  %steal  %guest  %gnice   %idle
01:10:52 PM    0   66.67    0.00   24.51    0.00    0.00    6.86    0.00    0.00    0.00    1.96

01:10:52 PM  CPU    %usr   %nice    %sys %iowait    %irq   %soft  %steal  %guest  %gnice   %idle
01:10:53 PM    0   67.00    0.00   25.00    0.00    0.00    5.00    0.00    0.00    0.00    3.00

01:10:53 PM  CPU    %usr   %nice    %sys %iowait    %irq   %soft  %steal  %guest  %gnice   %idle
01:10:54 PM    0   64.00    0.00   29.00    0.00    0.00    5.00    0.00    0.00    0.00    2.00

01:10:54 PM  CPU    %usr   %nice    %sys %iowait    %irq   %soft  %steal  %guest  %gnice   %idle
01:10:55 PM    0   64.71    0.00   25.49    0.00    0.00    6.86    0.00    0.00    0.00    2.94

01:10:55 PM  CPU    %usr   %nice    %sys %iowait    %irq   %soft  %steal  %guest  %gnice   %idle
01:10:56 PM    0   63.00    0.00   28.00    0.00    0.00    6.00    0.00    0.00    0.00    3.00

01:10:56 PM  CPU    %usr   %nice    %sys %iowait    %irq   %soft  %steal  %guest  %gnice   %idle
01:10:57 PM    0   65.00    0.00   25.00    0.00    0.00    7.00    0.00    0.00    0.00    3.00

01:10:57 PM  CPU    %usr   %nice    %sys %iowait    %irq   %soft  %steal  %guest  %gnice   %idle
01:10:58 PM    0   61.62    0.00   27.27    0.00    0.00    7.07    0.00    0.00    0.00    4.04

01:10:58 PM  CPU    %usr   %nice    %sys %iowait    %irq   %soft  %steal  %guest  %gnice   %idle
01:10:59 PM    0   64.36    0.00   24.75    0.00    0.00    6.93    0.00    0.00    0.00    3.96

01:10:59 PM  CPU    %usr   %nice    %sys %iowait    %irq   %soft  %steal  %guest  %gnice   %idle
01:11:00 PM    0   66.67    0.00   22.22    0.00    0.00    6.06    0.00    0.00    0.00    5.05

01:11:00 PM  CPU    %usr   %nice    %sys %iowait    %irq   %soft  %steal  %guest  %gnice   %idle
01:11:01 PM    0   62.75    0.00   27.45    0.00    0.00    5.88    0.00    0.00    0.00    3.92

01:11:01 PM  CPU    %usr   %nice    %sys %iowait    %irq   %soft  %steal  %guest  %gnice   %idle
01:11:02 PM    0   57.58    0.00   30.30    0.00    0.00    8.08    0.00    0.00    0.00    4.04

01:11:02 PM  CPU    %usr   %nice    %sys %iowait    %irq   %soft  %steal  %guest  %gnice   %idle
01:11:03 PM    0   59.60    0.00   31.31    0.00    0.00    4.04    0.00    0.00    0.00    5.05

01:11:03 PM  CPU    %usr   %nice    %sys %iowait    %irq   %soft  %steal  %guest  %gnice   %idle
01:11:04 PM    0   65.35    0.00   24.75    0.00    0.00    5.94    0.00    0.00    0.00    3.96

01:11:04 PM  CPU    %usr   %nice    %sys %iowait    %irq   %soft  %steal  %guest  %gnice   %idle
01:11:05 PM    0   65.00    0.00   26.00    0.00    0.00    6.00    0.00    0.00    0.00    3.00

01:11:05 PM  CPU    %usr   %nice    %sys %iowait    %irq   %soft  %steal  %guest  %gnice   %idle
01:11:06 PM    0   66.34    0.00   22.77    0.00    0.00    7.92    0.00    0.00    0.00    2.97

01:11:06 PM  CPU    %usr   %nice    %sys %iowait    %irq   %soft  %steal  %guest  %gnice   %idle
01:11:07 PM    0   65.35    0.00   27.72    0.00    0.00    3.96    0.00    0.00    0.00    2.97

01:11:07 PM  CPU    %usr   %nice    %sys %iowait    %irq   %soft  %steal  %guest  %gnice   %idle
01:11:08 PM    0   69.70    0.00   24.24    0.00    0.00    4.04    0.00    0.00    0.00    2.02

01:11:08 PM  CPU    %usr   %nice    %sys %iowait    %irq   %soft  %steal  %guest  %gnice   %idle
01:11:09 PM    0   65.66    0.00   25.25    0.00    0.00    6.06    0.00    0.00    0.00    3.03

01:11:09 PM  CPU    %usr   %nice    %sys %iowait    %irq   %soft  %steal  %guest  %gnice   %idle
01:11:10 PM    0   68.00    0.00   24.00    0.00    0.00    6.00    0.00    0.00    0.00    2.00

01:11:10 PM  CPU    %usr   %nice    %sys %iowait    %irq   %soft  %steal  %guest  %gnice   %idle
01:11:11 PM    0   66.34    0.00   24.75    0.00    0.00    5.94    0.00    0.00    0.00    2.97

01:11:11 PM  CPU    %usr   %nice    %sys %iowait    %irq   %soft  %steal  %guest  %gnice   %idle
01:11:12 PM    0   62.63    0.00   27.27    0.00    0.00    8.08    0.00    0.00    0.00    2.02

01:11:12 PM  CPU    %usr   %nice    %sys %iowait    %irq   %soft  %steal  %guest  %gnice   %idle
01:11:13 PM    0   66.00    0.00   27.00    0.00    0.00    6.00    0.00    0.00    0.00    1.00

01:11:13 PM  CPU    %usr   %nice    %sys %iowait    %irq   %soft  %steal  %guest  %gnice   %idle
01:11:14 PM    0   65.00    0.00   27.00    0.00    0.00    5.00    0.00    0.00    0.00    3.00

01:11:14 PM  CPU    %usr   %nice    %sys %iowait    %irq   %soft  %steal  %guest  %gnice   %idle
01:11:15 PM    0   63.37    0.00   27.72    0.00    0.00    4.95    0.00    0.00    0.00    3.96

01:11:15 PM  CPU    %usr   %nice    %sys %iowait    %irq   %soft  %steal  %guest  %gnice   %idle
01:11:16 PM    0   65.35    0.00   22.77    0.00    0.00    7.92    0.00    0.00    0.00    3.96

01:11:16 PM  CPU    %usr   %nice    %sys %iowait    %irq   %soft  %steal  %guest  %gnice   %idle
01:11:17 PM    0   64.95    0.00   23.71    0.00    0.00    8.25    0.00    0.00    0.00    3.09

01:11:17 PM  CPU    %usr   %nice    %sys %iowait    %irq   %soft  %steal  %guest  %gnice   %idle
01:11:18 PM    0   68.00    0.00   27.00    0.00    0.00    4.00    0.00    0.00    0.00    1.00

01:11:18 PM  CPU    %usr   %nice    %sys %iowait    %irq   %soft  %steal  %guest  %gnice   %idle
01:11:19 PM    0   67.00    0.00   28.00    0.00    0.00    4.00    0.00    0.00    0.00    1.00

01:11:19 PM  CPU    %usr   %nice    %sys %iowait    %irq   %soft  %steal  %guest  %gnice   %idle
01:11:20 PM    0   66.00    0.00   27.00    0.00    0.00    6.00    0.00    0.00    0.00    1.00

01:11:20 PM  CPU    %usr   %nice    %sys %iowait    %irq   %soft  %steal  %guest  %gnice   %idle
01:11:21 PM    0   74.75    0.00   22.22    0.00    0.00    2.02    0.00    0.00    0.00    1.01

01:11:21 PM  CPU    %usr   %nice    %sys %iowait    %irq   %soft  %steal  %guest  %gnice   %idle
01:11:22 PM    0   68.63    0.00   23.53    0.00    0.00    5.88    0.00    0.00    0.00    1.96

01:11:22 PM  CPU    %usr   %nice    %sys %iowait    %irq   %soft  %steal  %guest  %gnice   %idle
01:11:23 PM    0   65.66    0.00   24.24    0.00    0.00    7.07    0.00    0.00    0.00    3.03

01:11:23 PM  CPU    %usr   %nice    %sys %iowait    %irq   %soft  %steal  %guest  %gnice   %idle
01:11:24 PM    0   62.00    0.00   31.00    0.00    0.00    5.00    0.00    0.00    0.00    2.00

01:11:24 PM  CPU    %usr   %nice    %sys %iowait    %irq   %soft  %steal  %guest  %gnice   %idle
01:11:25 PM    0   65.00    0.00   25.00    0.00    0.00    7.00    0.00    0.00    0.00    3.00

01:11:25 PM  CPU    %usr   %nice    %sys %iowait    %irq   %soft  %steal  %guest  %gnice   %idle
01:11:26 PM    0   70.00    0.00   21.00    0.00    0.00    7.00    0.00    0.00    0.00    2.00

01:11:26 PM  CPU    %usr   %nice    %sys %iowait    %irq   %soft  %steal  %guest  %gnice   %idle
01:11:27 PM    0   70.00    0.00   25.00    0.00    0.00    4.00    0.00    0.00    0.00    1.00

01:11:27 PM  CPU    %usr   %nice    %sys %iowait    %irq   %soft  %steal  %guest  %gnice   %idle
01:11:28 PM    0   62.38    0.00   27.72    0.00    0.00    7.92    0.00    0.00    0.00    1.98

01:11:28 PM  CPU    %usr   %nice    %sys %iowait    %irq   %soft  %steal  %guest  %gnice   %idle
01:11:29 PM    0   68.00    0.00   24.00    0.00    0.00    6.00    0.00    0.00    0.00    2.00

01:11:29 PM  CPU    %usr   %nice    %sys %iowait    %irq   %soft  %steal  %guest  %gnice   %idle
01:11:30 PM    0   69.70    0.00   20.20    0.00    0.00    7.07    0.00    0.00    0.00    3.03

01:11:30 PM  CPU    %usr   %nice    %sys %iowait    %irq   %soft  %steal  %guest  %gnice   %idle
01:11:31 PM    0   63.64    0.00   25.25    0.00    0.00    8.08    0.00    0.00    0.00    3.03

01:11:31 PM  CPU    %usr   %nice    %sys %iowait    %irq   %soft  %steal  %guest  %gnice   %idle
01:11:32 PM    0   62.38    0.00   28.71    0.00    0.00    4.95    0.00    0.00    0.00    3.96

01:11:32 PM  CPU    %usr   %nice    %sys %iowait    %irq   %soft  %steal  %guest  %gnice   %idle
01:11:33 PM    0   61.00    0.00   29.00    0.00    0.00    7.00    0.00    0.00    0.00    3.00

01:11:33 PM  CPU    %usr   %nice    %sys %iowait    %irq   %soft  %steal  %guest  %gnice   %idle
01:11:34 PM    0   69.07    0.00   24.74    0.00    0.00    5.15    0.00    0.00    0.00    1.03

01:11:34 PM  CPU    %usr   %nice    %sys %iowait    %irq   %soft  %steal  %guest  %gnice   %idle
01:11:35 PM    0   67.33    0.00   23.76    0.00    0.00    6.93    0.00    0.00    0.00    1.98

01:11:35 PM  CPU    %usr   %nice    %sys %iowait    %irq   %soft  %steal  %guest  %gnice   %idle
01:11:36 PM    0   64.00    0.00   29.00    0.00    0.00    5.00    0.00    0.00    0.00    2.00

01:11:36 PM  CPU    %usr   %nice    %sys %iowait    %irq   %soft  %steal  %guest  %gnice   %idle
01:11:37 PM    0   66.00    0.00   24.00    0.00    0.00    7.00    0.00    0.00    0.00    3.00

01:11:37 PM  CPU    %usr   %nice    %sys %iowait    %irq   %soft  %steal  %guest  %gnice   %idle
01:11:38 PM    0   69.31    0.00   21.78    0.00    0.00    6.93    0.00    0.00    0.00    1.98

01:11:38 PM  CPU    %usr   %nice    %sys %iowait    %irq   %soft  %steal  %guest  %gnice   %idle
01:11:39 PM    0   63.37    0.00   27.72    0.00    0.00    5.94    0.00    0.00    0.00    2.97

01:11:39 PM  CPU    %usr   %nice    %sys %iowait    %irq   %soft  %steal  %guest  %gnice   %idle
01:11:40 PM    0   66.00    0.00   24.00    0.00    0.00    8.00    0.00    0.00    0.00    2.00

01:11:40 PM  CPU    %usr   %nice    %sys %iowait    %irq   %soft  %steal  %guest  %gnice   %idle
01:11:41 PM    0   73.00    0.00   20.00    0.00    0.00    6.00    0.00    0.00    0.00    1.00

01:11:41 PM  CPU    %usr   %nice    %sys %iowait    %irq   %soft  %steal  %guest  %gnice   %idle
01:11:42 PM    0   66.00    0.00   24.00    0.00    0.00    8.00    0.00    0.00    0.00    2.00

01:11:42 PM  CPU    %usr   %nice    %sys %iowait    %irq   %soft  %steal  %guest  %gnice   %idle
01:11:43 PM    0   71.00    0.00   22.00    0.00    0.00    6.00    0.00    0.00    0.00    1.00

01:11:43 PM  CPU    %usr   %nice    %sys %iowait    %irq   %soft  %steal  %guest  %gnice   %idle
01:11:44 PM    0   70.71    0.00   22.22    0.00    0.00    6.06    0.00    0.00    0.00    1.01

01:11:44 PM  CPU    %usr   %nice    %sys %iowait    %irq   %soft  %steal  %guest  %gnice   %idle
01:11:45 PM    0   69.31    0.00   25.74    0.00    0.00    3.96    0.00    0.00    0.00    0.99

01:11:45 PM  CPU    %usr   %nice    %sys %iowait    %irq   %soft  %steal  %guest  %gnice   %idle
01:11:46 PM    0   66.00    0.00   28.00    0.00    0.00    5.00    0.00    0.00    0.00    1.00

01:11:46 PM  CPU    %usr   %nice    %sys %iowait    %irq   %soft  %steal  %guest  %gnice   %idle
01:11:47 PM    0   65.66    0.00   26.26    0.00    0.00    7.07    0.00    0.00    0.00    1.01

01:11:47 PM  CPU    %usr   %nice    %sys %iowait    %irq   %soft  %steal  %guest  %gnice   %idle
01:11:48 PM    0   66.67    0.00   26.26    0.00    0.00    7.07    0.00    0.00    0.00    0.00

01:11:48 PM  CPU    %usr   %nice    %sys %iowait    %irq   %soft  %steal  %guest  %gnice   %idle
01:11:49 PM    0   70.00    0.00   22.00    0.00    0.00    7.00    0.00    0.00    0.00    1.00

01:11:49 PM  CPU    %usr   %nice    %sys %iowait    %irq   %soft  %steal  %guest  %gnice   %idle
01:11:50 PM    0   67.33    0.00   25.74    0.00    0.00    6.93    0.00    0.00    0.00    0.00

01:11:50 PM  CPU    %usr   %nice    %sys %iowait    %irq   %soft  %steal  %guest  %gnice   %idle
01:11:51 PM    0   67.35    0.00   26.53    0.00    0.00    6.12    0.00    0.00    0.00    0.00

01:11:51 PM  CPU    %usr   %nice    %sys %iowait    %irq   %soft  %steal  %guest  %gnice   %idle
01:11:52 PM    0   67.00    0.00   28.00    0.00    0.00    5.00    0.00    0.00    0.00    0.00

01:11:52 PM  CPU    %usr   %nice    %sys %iowait    %irq   %soft  %steal  %guest  %gnice   %idle
01:11:53 PM    0   65.35    0.00   25.74    0.00    0.00    7.92    0.00    0.00    0.00    0.99

01:11:53 PM  CPU    %usr   %nice    %sys %iowait    %irq   %soft  %steal  %guest  %gnice   %idle
01:11:54 PM    0   64.65    0.00   26.26    0.00    0.00    8.08    0.00    0.00    0.00    1.01

01:11:54 PM  CPU    %usr   %nice    %sys %iowait    %irq   %soft  %steal  %guest  %gnice   %idle
01:11:55 PM    0   65.00    0.00   28.00    0.00    0.00    6.00    0.00    0.00    0.00    1.00

01:11:55 PM  CPU    %usr   %nice    %sys %iowait    %irq   %soft  %steal  %guest  %gnice   %idle
01:11:56 PM    0   67.35    0.00   25.51    0.00    0.00    5.10    0.00    0.00    0.00    2.04

01:11:56 PM  CPU    %usr   %nice    %sys %iowait    %irq   %soft  %steal  %guest  %gnice   %idle
01:11:57 PM    0   67.68    0.00   23.23    0.00    0.00    7.07    0.00    0.00    0.00    2.02

01:11:57 PM  CPU    %usr   %nice    %sys %iowait    %irq   %soft  %steal  %guest  %gnice   %idle
01:11:58 PM    0   63.00    0.00   27.00    0.00    0.00    7.00    0.00    0.00    0.00    3.00

01:11:58 PM  CPU    %usr   %nice    %sys %iowait    %irq   %soft  %steal  %guest  %gnice   %idle
01:11:59 PM    0   70.71    0.00   21.21    0.00    0.00    6.06    0.00    0.00    0.00    2.02

01:11:59 PM  CPU    %usr   %nice    %sys %iowait    %irq   %soft  %steal  %guest  %gnice   %idle
01:12:00 PM    0   63.11    0.00   26.21    0.00    0.00    7.77    0.00    0.00    0.00    2.91

01:12:00 PM  CPU    %usr   %nice    %sys %iowait    %irq   %soft  %steal  %guest  %gnice   %idle
01:12:01 PM    0   65.35    0.00   24.75    0.00    0.00    6.93    0.00    0.00    0.00    2.97

01:12:01 PM  CPU    %usr   %nice    %sys %iowait    %irq   %soft  %steal  %guest  %gnice   %idle
01:12:02 PM    0   70.30    0.00   21.78    0.00    0.00    5.94    0.00    0.00    0.00    1.98

01:12:02 PM  CPU    %usr   %nice    %sys %iowait    %irq   %soft  %steal  %guest  %gnice   %idle
01:12:03 PM    0   69.00    0.00   20.00    0.00    0.00    8.00    0.00    0.00    0.00    3.00

01:12:03 PM  CPU    %usr   %nice    %sys %iowait    %irq   %soft  %steal  %guest  %gnice   %idle
01:12:04 PM    0   68.00    0.00   21.00    0.00    0.00    8.00    0.00    0.00    0.00    3.00

01:12:04 PM  CPU    %usr   %nice    %sys %iowait    %irq   %soft  %steal  %guest  %gnice   %idle
01:12:05 PM    0   63.00    0.00   27.00    0.00    0.00    6.00    0.00    0.00    0.00    4.00

01:12:05 PM  CPU    %usr   %nice    %sys %iowait    %irq   %soft  %steal  %guest  %gnice   %idle
01:12:06 PM    0   71.29    0.00   18.81    0.00    0.00    5.94    0.00    0.00    0.00    3.96

Average:     CPU    %usr   %nice    %sys %iowait    %irq   %soft  %steal  %guest  %gnice   %idle
Average:       0   65.78    0.00   25.58    0.00    0.00    6.40    0.00    0.00    0.00    2.24
