Linux 5.3.0-61-generic (cw-zenbook) 	07/16/2020 	_x86_64_	(8 CPU)

12:12:31 PM  CPU    %usr   %nice    %sys %iowait    %irq   %soft  %steal  %guest  %gnice   %idle
12:12:32 PM    0   39.80    0.00   15.31    0.00    0.00    3.06    0.00    0.00    0.00   41.84

12:12:32 PM  CPU    %usr   %nice    %sys %iowait    %irq   %soft  %steal  %guest  %gnice   %idle
12:12:33 PM    0   33.67    0.00   20.41    0.00    0.00    5.10    0.00    0.00    0.00   40.82

12:12:33 PM  CPU    %usr   %nice    %sys %iowait    %irq   %soft  %steal  %guest  %gnice   %idle
12:12:34 PM    0   37.76    0.00   17.35    0.00    0.00    4.08    0.00    0.00    0.00   40.82

12:12:34 PM  CPU    %usr   %nice    %sys %iowait    %irq   %soft  %steal  %guest  %gnice   %idle
12:12:35 PM    0   38.78    0.00   15.31    0.00    0.00    4.08    0.00    0.00    0.00   41.84

12:12:35 PM  CPU    %usr   %nice    %sys %iowait    %irq   %soft  %steal  %guest  %gnice   %idle
12:12:36 PM    0   40.21    0.00   13.40    0.00    0.00    4.12    0.00    0.00    0.00   42.27

12:12:36 PM  CPU    %usr   %nice    %sys %iowait    %irq   %soft  %steal  %guest  %gnice   %idle
12:12:37 PM    0   37.62    0.00   17.82    0.00    0.00    3.96    0.00    0.00    0.00   40.59

12:12:37 PM  CPU    %usr   %nice    %sys %iowait    %irq   %soft  %steal  %guest  %gnice   %idle
12:12:38 PM    0   38.61    0.00   16.83    0.00    0.00    3.96    0.00    0.00    0.00   40.59

12:12:38 PM  CPU    %usr   %nice    %sys %iowait    %irq   %soft  %steal  %guest  %gnice   %idle
12:12:39 PM    0   37.76    0.00   18.37    0.00    0.00    3.06    0.00    0.00    0.00   40.82

12:12:39 PM  CPU    %usr   %nice    %sys %iowait    %irq   %soft  %steal  %guest  %gnice   %idle
12:12:40 PM    0   41.41    0.00   12.12    0.00    0.00    5.05    0.00    0.00    0.00   41.41

12:12:40 PM  CPU    %usr   %nice    %sys %iowait    %irq   %soft  %steal  %guest  %gnice   %idle
12:12:41 PM    0   37.37    0.00   17.17    0.00    0.00    4.04    0.00    0.00    0.00   41.41

12:12:41 PM  CPU    %usr   %nice    %sys %iowait    %irq   %soft  %steal  %guest  %gnice   %idle
12:12:42 PM    0   42.57    0.00   11.88    0.00    0.00    3.96    0.00    0.00    0.00   41.58

12:12:42 PM  CPU    %usr   %nice    %sys %iowait    %irq   %soft  %steal  %guest  %gnice   %idle
12:12:43 PM    0   40.20    0.00   16.67    0.00    0.00    2.94    0.00    0.00    0.00   40.20

12:12:43 PM  CPU    %usr   %nice    %sys %iowait    %irq   %soft  %steal  %guest  %gnice   %idle
12:12:44 PM    0   37.76    0.00   18.37    0.00    0.00    3.06    0.00    0.00    0.00   40.82

12:12:44 PM  CPU    %usr   %nice    %sys %iowait    %irq   %soft  %steal  %guest  %gnice   %idle
12:12:45 PM    0   34.34    0.00   21.21    0.00    0.00    4.04    0.00    0.00    0.00   40.40

12:12:45 PM  CPU    %usr   %nice    %sys %iowait    %irq   %soft  %steal  %guest  %gnice   %idle
12:12:46 PM    0   38.54    0.00   16.67    0.00    0.00    3.12    0.00    0.00    0.00   41.67

12:12:46 PM  CPU    %usr   %nice    %sys %iowait    %irq   %soft  %steal  %guest  %gnice   %idle
12:12:47 PM    0   36.73    0.00   18.37    0.00    0.00    4.08    0.00    0.00    0.00   40.82

12:12:47 PM  CPU    %usr   %nice    %sys %iowait    %irq   %soft  %steal  %guest  %gnice   %idle
12:12:48 PM    0   37.11    0.00   16.49    0.00    0.00    5.15    0.00    0.00    0.00   41.24

12:12:48 PM  CPU    %usr   %nice    %sys %iowait    %irq   %soft  %steal  %guest  %gnice   %idle
12:12:49 PM    0   41.24    0.00   12.37    0.00    0.00    6.19    0.00    0.00    0.00   40.21

12:12:49 PM  CPU    %usr   %nice    %sys %iowait    %irq   %soft  %steal  %guest  %gnice   %idle
12:12:50 PM    0   40.21    0.00   16.49    0.00    0.00    2.06    0.00    0.00    0.00   41.24

12:12:50 PM  CPU    %usr   %nice    %sys %iowait    %irq   %soft  %steal  %guest  %gnice   %idle
12:12:51 PM    0   42.57    0.00   12.87    0.00    0.00    3.96    0.00    0.00    0.00   40.59

12:12:51 PM  CPU    %usr   %nice    %sys %iowait    %irq   %soft  %steal  %guest  %gnice   %idle
12:12:52 PM    0   38.38    0.00   16.16    0.00    0.00    5.05    0.00    0.00    0.00   40.40

12:12:52 PM  CPU    %usr   %nice    %sys %iowait    %irq   %soft  %steal  %guest  %gnice   %idle
12:12:53 PM    0   36.73    0.00   16.33    0.00    0.00    6.12    0.00    0.00    0.00   40.82

12:12:53 PM  CPU    %usr   %nice    %sys %iowait    %irq   %soft  %steal  %guest  %gnice   %idle
12:12:54 PM    0   41.75    0.00   16.50    0.00    0.00    3.88    0.00    0.00    0.00   37.86

12:12:54 PM  CPU    %usr   %nice    %sys %iowait    %irq   %soft  %steal  %guest  %gnice   %idle
12:12:55 PM    0   41.58    0.00   13.86    0.00    0.00    4.95    0.00    0.00    0.00   39.60

12:12:55 PM  CPU    %usr   %nice    %sys %iowait    %irq   %soft  %steal  %guest  %gnice   %idle
12:12:56 PM    0   36.08    0.00   18.56    0.00    0.00    5.15    0.00    0.00    0.00   40.21

12:12:56 PM  CPU    %usr   %nice    %sys %iowait    %irq   %soft  %steal  %guest  %gnice   %idle
12:12:57 PM    0   37.76    0.00   18.37    0.00    0.00    3.06    0.00    0.00    0.00   40.82

12:12:57 PM  CPU    %usr   %nice    %sys %iowait    %irq   %soft  %steal  %guest  %gnice   %idle
12:12:58 PM    0   39.60    0.00   15.84    0.00    0.00    3.96    0.00    0.00    0.00   40.59

12:12:58 PM  CPU    %usr   %nice    %sys %iowait    %irq   %soft  %steal  %guest  %gnice   %idle
12:12:59 PM    0   41.24    0.00   14.43    0.00    0.00    3.09    0.00    0.00    0.00   41.24

12:12:59 PM  CPU    %usr   %nice    %sys %iowait    %irq   %soft  %steal  %guest  %gnice   %idle
12:13:00 PM    0   41.41    0.00   14.14    0.00    0.00    4.04    0.00    0.00    0.00   40.40

12:13:00 PM  CPU    %usr   %nice    %sys %iowait    %irq   %soft  %steal  %guest  %gnice   %idle
12:13:01 PM    0   40.78    0.00   15.53    0.00    0.00    2.91    0.00    0.00    0.00   40.78

12:13:01 PM  CPU    %usr   %nice    %sys %iowait    %irq   %soft  %steal  %guest  %gnice   %idle
12:13:02 PM    0   37.76    0.00   15.31    0.00    0.00    6.12    0.00    0.00    0.00   40.82

12:13:02 PM  CPU    %usr   %nice    %sys %iowait    %irq   %soft  %steal  %guest  %gnice   %idle
12:13:03 PM    0   41.67    0.00   15.62    0.00    0.00    2.08    0.00    0.00    0.00   40.62

12:13:03 PM  CPU    %usr   %nice    %sys %iowait    %irq   %soft  %steal  %guest  %gnice   %idle
12:13:04 PM    0   39.80    0.00   14.29    0.00    0.00    5.10    0.00    0.00    0.00   40.82

12:13:04 PM  CPU    %usr   %nice    %sys %iowait    %irq   %soft  %steal  %guest  %gnice   %idle
12:13:05 PM    0   38.00    0.00   18.00    0.00    0.00    5.00    0.00    0.00    0.00   39.00

12:13:05 PM  CPU    %usr   %nice    %sys %iowait    %irq   %soft  %steal  %guest  %gnice   %idle
12:13:06 PM    0   38.24    0.00   18.63    0.00    0.00    3.92    0.00    0.00    0.00   39.22

12:13:06 PM  CPU    %usr   %nice    %sys %iowait    %irq   %soft  %steal  %guest  %gnice   %idle
12:13:07 PM    0   40.40    0.00   16.16    0.00    0.00    2.02    0.00    0.00    0.00   41.41

12:13:07 PM  CPU    %usr   %nice    %sys %iowait    %irq   %soft  %steal  %guest  %gnice   %idle
12:13:08 PM    0   39.60    0.00   16.83    0.00    0.00    3.96    0.00    0.00    0.00   39.60

12:13:08 PM  CPU    %usr   %nice    %sys %iowait    %irq   %soft  %steal  %guest  %gnice   %idle
12:13:09 PM    0   38.00    0.00   16.00    0.00    0.00    5.00    0.00    0.00    0.00   41.00

12:13:09 PM  CPU    %usr   %nice    %sys %iowait    %irq   %soft  %steal  %guest  %gnice   %idle
12:13:10 PM    0   37.37    0.00   20.20    0.00    0.00    2.02    0.00    0.00    0.00   40.40

12:13:10 PM  CPU    %usr   %nice    %sys %iowait    %irq   %soft  %steal  %guest  %gnice   %idle
12:13:11 PM    0   38.24    0.00   16.67    0.00    0.00    4.90    0.00    0.00    0.00   40.20

12:13:11 PM  CPU    %usr   %nice    %sys %iowait    %irq   %soft  %steal  %guest  %gnice   %idle
12:13:12 PM    0   37.11    0.00   13.40    0.00    0.00    8.25    0.00    0.00    0.00   41.24

12:13:12 PM  CPU    %usr   %nice    %sys %iowait    %irq   %soft  %steal  %guest  %gnice   %idle
12:13:13 PM    0   40.21    0.00   14.43    0.00    0.00    3.09    0.00    0.00    0.00   42.27

12:13:13 PM  CPU    %usr   %nice    %sys %iowait    %irq   %soft  %steal  %guest  %gnice   %idle
12:13:14 PM    0   40.21    0.00   15.46    0.00    0.00    3.09    0.00    0.00    0.00   41.24

12:13:14 PM  CPU    %usr   %nice    %sys %iowait    %irq   %soft  %steal  %guest  %gnice   %idle
12:13:15 PM    0   34.69    0.00   19.39    0.00    0.00    5.10    0.00    0.00    0.00   40.82

12:13:15 PM  CPU    %usr   %nice    %sys %iowait    %irq   %soft  %steal  %guest  %gnice   %idle
12:13:16 PM    0   40.00    0.00   14.00    0.00    0.00    5.00    0.00    0.00    0.00   41.00

12:13:16 PM  CPU    %usr   %nice    %sys %iowait    %irq   %soft  %steal  %guest  %gnice   %idle
12:13:17 PM    0   36.73    0.00   19.39    0.00    0.00    2.04    0.00    0.00    0.00   41.84

12:13:17 PM  CPU    %usr   %nice    %sys %iowait    %irq   %soft  %steal  %guest  %gnice   %idle
12:13:18 PM    0   40.00    0.00   15.00    0.00    0.00    4.00    0.00    0.00    0.00   41.00

12:13:18 PM  CPU    %usr   %nice    %sys %iowait    %irq   %soft  %steal  %guest  %gnice   %idle
12:13:19 PM    0   38.00    0.00   17.00    0.00    0.00    4.00    0.00    0.00    0.00   41.00

12:13:19 PM  CPU    %usr   %nice    %sys %iowait    %irq   %soft  %steal  %guest  %gnice   %idle
12:13:20 PM    0   40.40    0.00   15.15    0.00    0.00    3.03    0.00    0.00    0.00   41.41

12:13:20 PM  CPU    %usr   %nice    %sys %iowait    %irq   %soft  %steal  %guest  %gnice   %idle
12:13:21 PM    0   38.00    0.00   16.00    0.00    0.00    4.00    0.00    0.00    0.00   42.00

12:13:21 PM  CPU    %usr   %nice    %sys %iowait    %irq   %soft  %steal  %guest  %gnice   %idle
12:13:22 PM    0   39.80    0.00   14.29    0.00    0.00    5.10    0.00    0.00    0.00   40.82

12:13:22 PM  CPU    %usr   %nice    %sys %iowait    %irq   %soft  %steal  %guest  %gnice   %idle
12:13:23 PM    0   36.46    0.00   15.62    0.00    0.00    5.21    0.00    0.00    0.00   42.71

12:13:23 PM  CPU    %usr   %nice    %sys %iowait    %irq   %soft  %steal  %guest  %gnice   %idle
12:13:24 PM    0   38.38    0.00   16.16    0.00    0.00    4.04    0.00    0.00    0.00   41.41

12:13:24 PM  CPU    %usr   %nice    %sys %iowait    %irq   %soft  %steal  %guest  %gnice   %idle
12:13:25 PM    0   37.76    0.00   15.31    0.00    0.00    5.10    0.00    0.00    0.00   41.84

12:13:25 PM  CPU    %usr   %nice    %sys %iowait    %irq   %soft  %steal  %guest  %gnice   %idle
12:13:26 PM    0   42.16    0.00   15.69    0.00    0.00    1.96    0.00    0.00    0.00   40.20

12:13:26 PM  CPU    %usr   %nice    %sys %iowait    %irq   %soft  %steal  %guest  %gnice   %idle
12:13:27 PM    0   37.50    0.00   15.62    0.00    0.00    4.17    0.00    0.00    0.00   42.71

12:13:27 PM  CPU    %usr   %nice    %sys %iowait    %irq   %soft  %steal  %guest  %gnice   %idle
12:13:28 PM    0   35.05    0.00   19.59    0.00    0.00    4.12    0.00    0.00    0.00   41.24

12:13:28 PM  CPU    %usr   %nice    %sys %iowait    %irq   %soft  %steal  %guest  %gnice   %idle
12:13:29 PM    0   37.00    0.00   17.00    0.00    0.00    4.00    0.00    0.00    0.00   42.00

12:13:29 PM  CPU    %usr   %nice    %sys %iowait    %irq   %soft  %steal  %guest  %gnice   %idle
12:13:30 PM    0   44.44    0.00   12.12    0.00    0.00    3.03    0.00    0.00    0.00   40.40

12:13:30 PM  CPU    %usr   %nice    %sys %iowait    %irq   %soft  %steal  %guest  %gnice   %idle
12:13:31 PM    0   36.08    0.00   19.59    0.00    0.00    3.09    0.00    0.00    0.00   41.24

12:13:31 PM  CPU    %usr   %nice    %sys %iowait    %irq   %soft  %steal  %guest  %gnice   %idle
12:13:32 PM    0   40.59    0.00   14.85    0.00    0.00    3.96    0.00    0.00    0.00   40.59

12:13:32 PM  CPU    %usr   %nice    %sys %iowait    %irq   %soft  %steal  %guest  %gnice   %idle
12:13:33 PM    0   38.61    0.00   14.85    0.00    0.00    5.94    0.00    0.00    0.00   40.59

12:13:33 PM  CPU    %usr   %nice    %sys %iowait    %irq   %soft  %steal  %guest  %gnice   %idle
12:13:34 PM    0   38.54    0.00   14.58    0.00    0.00    4.17    0.00    0.00    0.00   42.71

12:13:34 PM  CPU    %usr   %nice    %sys %iowait    %irq   %soft  %steal  %guest  %gnice   %idle
12:13:35 PM    0   39.80    0.00   16.33    0.00    0.00    2.04    0.00    0.00    0.00   41.84

12:13:35 PM  CPU    %usr   %nice    %sys %iowait    %irq   %soft  %steal  %guest  %gnice   %idle
12:13:36 PM    0   42.00    0.00   13.00    0.00    0.00    4.00    0.00    0.00    0.00   41.00

12:13:36 PM  CPU    %usr   %nice    %sys %iowait    %irq   %soft  %steal  %guest  %gnice   %idle
12:13:37 PM    0   38.78    0.00   18.37    0.00    0.00    2.04    0.00    0.00    0.00   40.82

12:13:37 PM  CPU    %usr   %nice    %sys %iowait    %irq   %soft  %steal  %guest  %gnice   %idle
12:13:38 PM    0   38.00    0.00   15.00    0.00    0.00    6.00    0.00    0.00    0.00   41.00

12:13:38 PM  CPU    %usr   %nice    %sys %iowait    %irq   %soft  %steal  %guest  %gnice   %idle
12:13:39 PM    0   35.05    0.00   16.49    0.00    0.00    5.15    0.00    0.00    0.00   43.30

12:13:39 PM  CPU    %usr   %nice    %sys %iowait    %irq   %soft  %steal  %guest  %gnice   %idle
12:13:40 PM    0   36.63    0.00   17.82    0.00    0.00    3.96    0.00    0.00    0.00   41.58

12:13:40 PM  CPU    %usr   %nice    %sys %iowait    %irq   %soft  %steal  %guest  %gnice   %idle
12:13:41 PM    0   39.42    0.00   16.35    0.00    0.00    3.85    0.00    0.00    0.00   40.38

12:13:41 PM  CPU    %usr   %nice    %sys %iowait    %irq   %soft  %steal  %guest  %gnice   %idle
12:13:42 PM    0   37.89    0.00   15.79    0.00    0.00    3.16    0.00    0.00    0.00   43.16

12:13:42 PM  CPU    %usr   %nice    %sys %iowait    %irq   %soft  %steal  %guest  %gnice   %idle
12:13:43 PM    0   38.78    0.00   14.29    0.00    0.00    4.08    0.00    0.00    0.00   42.86

12:13:43 PM  CPU    %usr   %nice    %sys %iowait    %irq   %soft  %steal  %guest  %gnice   %idle
12:13:44 PM    0   36.73    0.00   17.35    0.00    0.00    4.08    0.00    0.00    0.00   41.84

12:13:44 PM  CPU    %usr   %nice    %sys %iowait    %irq   %soft  %steal  %guest  %gnice   %idle
12:13:45 PM    0   35.64    0.00   19.80    0.00    0.00    2.97    0.00    0.00    0.00   41.58

12:13:45 PM  CPU    %usr   %nice    %sys %iowait    %irq   %soft  %steal  %guest  %gnice   %idle
12:13:46 PM    0   39.22    0.00   17.65    0.00    0.00    2.94    0.00    0.00    0.00   40.20

12:13:46 PM  CPU    %usr   %nice    %sys %iowait    %irq   %soft  %steal  %guest  %gnice   %idle
12:13:47 PM    0   31.63    0.00   21.43    0.00    0.00    5.10    0.00    0.00    0.00   41.84

12:13:47 PM  CPU    %usr   %nice    %sys %iowait    %irq   %soft  %steal  %guest  %gnice   %idle
12:13:48 PM    0   45.45    0.00   10.10    0.00    0.00    2.02    0.00    0.00    0.00   42.42

12:13:48 PM  CPU    %usr   %nice    %sys %iowait    %irq   %soft  %steal  %guest  %gnice   %idle
12:13:49 PM    0   38.54    0.00   15.62    0.00    0.00    4.17    0.00    0.00    0.00   41.67

12:13:49 PM  CPU    %usr   %nice    %sys %iowait    %irq   %soft  %steal  %guest  %gnice   %idle
12:13:50 PM    0   38.38    0.00   18.18    0.00    0.00    3.03    0.00    0.00    0.00   40.40

12:13:50 PM  CPU    %usr   %nice    %sys %iowait    %irq   %soft  %steal  %guest  %gnice   %idle
12:13:51 PM    0   39.22    0.00   17.65    0.00    0.00    3.92    0.00    0.00    0.00   39.22

12:13:51 PM  CPU    %usr   %nice    %sys %iowait    %irq   %soft  %steal  %guest  %gnice   %idle
12:13:52 PM    0   44.90    0.00   13.27    0.00    0.00    2.04    0.00    0.00    0.00   39.80

12:13:52 PM  CPU    %usr   %nice    %sys %iowait    %irq   %soft  %steal  %guest  %gnice   %idle
12:13:53 PM    0   41.24    0.00   15.46    0.00    0.00    2.06    0.00    0.00    0.00   41.24

12:13:53 PM  CPU    %usr   %nice    %sys %iowait    %irq   %soft  %steal  %guest  %gnice   %idle
12:13:54 PM    0   36.08    0.00   17.53    0.00    0.00    4.12    0.00    0.00    0.00   42.27

12:13:54 PM  CPU    %usr   %nice    %sys %iowait    %irq   %soft  %steal  %guest  %gnice   %idle
12:13:55 PM    0   35.00    0.00   18.00    0.00    0.00    5.00    0.00    0.00    0.00   42.00

12:13:55 PM  CPU    %usr   %nice    %sys %iowait    %irq   %soft  %steal  %guest  %gnice   %idle
12:13:56 PM    0   37.37    0.00   17.17    0.00    0.00    3.03    0.00    0.00    0.00   42.42

12:13:56 PM  CPU    %usr   %nice    %sys %iowait    %irq   %soft  %steal  %guest  %gnice   %idle
12:13:57 PM    0   39.39    0.00   14.14    0.00    0.00    5.05    0.00    0.00    0.00   41.41

12:13:57 PM  CPU    %usr   %nice    %sys %iowait    %irq   %soft  %steal  %guest  %gnice   %idle
12:13:58 PM    0   37.11    0.00   17.53    0.00    0.00    4.12    0.00    0.00    0.00   41.24

12:13:58 PM  CPU    %usr   %nice    %sys %iowait    %irq   %soft  %steal  %guest  %gnice   %idle
12:13:59 PM    0   38.78    0.00   16.33    0.00    0.00    3.06    0.00    0.00    0.00   41.84

12:13:59 PM  CPU    %usr   %nice    %sys %iowait    %irq   %soft  %steal  %guest  %gnice   %idle
12:14:00 PM    0   39.00    0.00   17.00    0.00    0.00    4.00    0.00    0.00    0.00   40.00

12:14:00 PM  CPU    %usr   %nice    %sys %iowait    %irq   %soft  %steal  %guest  %gnice   %idle
12:14:01 PM    0   42.27    0.00   15.46    0.00    0.00    1.03    0.00    0.00    0.00   41.24

12:14:01 PM  CPU    %usr   %nice    %sys %iowait    %irq   %soft  %steal  %guest  %gnice   %idle
12:14:02 PM    0   41.84    0.00   15.31    0.00    0.00    2.04    0.00    0.00    0.00   40.82

12:14:02 PM  CPU    %usr   %nice    %sys %iowait    %irq   %soft  %steal  %guest  %gnice   %idle
12:14:03 PM    0   38.78    0.00   17.35    0.00    0.00    3.06    0.00    0.00    0.00   40.82

12:14:03 PM  CPU    %usr   %nice    %sys %iowait    %irq   %soft  %steal  %guest  %gnice   %idle
12:14:04 PM    0   40.82    0.00   14.29    0.00    0.00    3.06    0.00    0.00    0.00   41.84

12:14:04 PM  CPU    %usr   %nice    %sys %iowait    %irq   %soft  %steal  %guest  %gnice   %idle
12:14:05 PM    0   39.39    0.00   14.14    0.00    0.00    5.05    0.00    0.00    0.00   41.41

12:14:05 PM  CPU    %usr   %nice    %sys %iowait    %irq   %soft  %steal  %guest  %gnice   %idle
12:14:06 PM    0   38.00    0.00   16.00    0.00    0.00    5.00    0.00    0.00    0.00   41.00

12:14:06 PM  CPU    %usr   %nice    %sys %iowait    %irq   %soft  %steal  %guest  %gnice   %idle
12:14:07 PM    0   39.00    0.00   16.00    0.00    0.00    4.00    0.00    0.00    0.00   41.00

12:14:07 PM  CPU    %usr   %nice    %sys %iowait    %irq   %soft  %steal  %guest  %gnice   %idle
12:14:08 PM    0   40.20    0.00   16.67    0.00    0.00    3.92    0.00    0.00    0.00   39.22

12:14:08 PM  CPU    %usr   %nice    %sys %iowait    %irq   %soft  %steal  %guest  %gnice   %idle
12:14:09 PM    0   41.41    0.00   14.14    0.00    0.00    3.03    0.00    0.00    0.00   41.41

12:14:09 PM  CPU    %usr   %nice    %sys %iowait    %irq   %soft  %steal  %guest  %gnice   %idle
12:14:10 PM    0   38.14    0.00   18.56    0.00    0.00    2.06    0.00    0.00    0.00   41.24

12:14:10 PM  CPU    %usr   %nice    %sys %iowait    %irq   %soft  %steal  %guest  %gnice   %idle
12:14:11 PM    0   40.00    0.00   15.00    0.00    0.00    4.00    0.00    0.00    0.00   41.00

12:14:11 PM  CPU    %usr   %nice    %sys %iowait    %irq   %soft  %steal  %guest  %gnice   %idle
12:14:12 PM    0   41.41    0.00   13.13    0.00    0.00    4.04    0.00    0.00    0.00   41.41

12:14:12 PM  CPU    %usr   %nice    %sys %iowait    %irq   %soft  %steal  %guest  %gnice   %idle
12:14:13 PM    0   40.00    0.00   15.00    0.00    0.00    4.00    0.00    0.00    0.00   41.00

12:14:13 PM  CPU    %usr   %nice    %sys %iowait    %irq   %soft  %steal  %guest  %gnice   %idle
12:14:14 PM    0   41.24    0.00   14.43    0.00    0.00    3.09    0.00    0.00    0.00   41.24

12:14:14 PM  CPU    %usr   %nice    %sys %iowait    %irq   %soft  %steal  %guest  %gnice   %idle
12:14:15 PM    0   39.39    0.00   14.14    0.00    0.00    5.05    0.00    0.00    0.00   41.41

12:14:15 PM  CPU    %usr   %nice    %sys %iowait    %irq   %soft  %steal  %guest  %gnice   %idle
12:14:16 PM    0   40.62    0.00   14.58    0.00    0.00    1.04    0.00    0.00    0.00   43.75

12:14:16 PM  CPU    %usr   %nice    %sys %iowait    %irq   %soft  %steal  %guest  %gnice   %idle
12:14:17 PM    0   36.89    0.00   21.36    0.00    0.00    1.94    0.00    0.00    0.00   39.81

12:14:17 PM  CPU    %usr   %nice    %sys %iowait    %irq   %soft  %steal  %guest  %gnice   %idle
12:14:18 PM    0   38.95    0.00   15.79    0.00    0.00    3.16    0.00    0.00    0.00   42.11

12:14:18 PM  CPU    %usr   %nice    %sys %iowait    %irq   %soft  %steal  %guest  %gnice   %idle
12:14:19 PM    0   42.42    0.00   12.12    0.00    0.00    5.05    0.00    0.00    0.00   40.40

12:14:19 PM  CPU    %usr   %nice    %sys %iowait    %irq   %soft  %steal  %guest  %gnice   %idle
12:14:20 PM    0   36.36    0.00   18.18    0.00    0.00    4.04    0.00    0.00    0.00   41.41

12:14:20 PM  CPU    %usr   %nice    %sys %iowait    %irq   %soft  %steal  %guest  %gnice   %idle
12:14:21 PM    0   42.27    0.00   10.31    0.00    0.00    5.15    0.00    0.00    0.00   42.27

12:14:21 PM  CPU    %usr   %nice    %sys %iowait    %irq   %soft  %steal  %guest  %gnice   %idle
12:14:22 PM    0   39.00    0.00   15.00    0.00    0.00    5.00    0.00    0.00    0.00   41.00

12:14:22 PM  CPU    %usr   %nice    %sys %iowait    %irq   %soft  %steal  %guest  %gnice   %idle
12:14:23 PM    0   40.40    0.00   14.14    0.00    0.00    4.04    0.00    0.00    0.00   41.41

12:14:23 PM  CPU    %usr   %nice    %sys %iowait    %irq   %soft  %steal  %guest  %gnice   %idle
12:14:24 PM    0   39.00    0.00   14.00    0.00    0.00    7.00    0.00    0.00    0.00   40.00

12:14:24 PM  CPU    %usr   %nice    %sys %iowait    %irq   %soft  %steal  %guest  %gnice   %idle
12:14:25 PM    0   40.59    0.00   14.85    0.00    0.00    3.96    0.00    0.00    0.00   40.59

12:14:25 PM  CPU    %usr   %nice    %sys %iowait    %irq   %soft  %steal  %guest  %gnice   %idle
12:14:26 PM    0   38.38    0.00   16.16    0.00    0.00    4.04    0.00    0.00    0.00   41.41

12:14:26 PM  CPU    %usr   %nice    %sys %iowait    %irq   %soft  %steal  %guest  %gnice   %idle
12:14:27 PM    0   37.00    0.00   20.00    0.00    0.00    1.00    0.00    0.00    0.00   42.00

12:14:27 PM  CPU    %usr   %nice    %sys %iowait    %irq   %soft  %steal  %guest  %gnice   %idle
12:14:28 PM    0   39.18    0.00   15.46    0.00    0.00    3.09    0.00    0.00    0.00   42.27

12:14:28 PM  CPU    %usr   %nice    %sys %iowait    %irq   %soft  %steal  %guest  %gnice   %idle
12:14:29 PM    0   40.40    0.00   15.15    0.00    0.00    4.04    0.00    0.00    0.00   40.40

12:14:29 PM  CPU    %usr   %nice    %sys %iowait    %irq   %soft  %steal  %guest  %gnice   %idle
12:14:30 PM    0   35.71    0.00   17.35    0.00    0.00    5.10    0.00    0.00    0.00   41.84

12:14:30 PM  CPU    %usr   %nice    %sys %iowait    %irq   %soft  %steal  %guest  %gnice   %idle
12:14:31 PM    0   38.00    0.00   14.00    0.00    0.00    6.00    0.00    0.00    0.00   42.00

Average:     CPU    %usr   %nice    %sys %iowait    %irq   %soft  %steal  %guest  %gnice   %idle
Average:       0   38.95    0.00   16.03    0.00    0.00    3.90    0.00    0.00    0.00   41.12
