Linux 5.3.0-61-generic (cw-zenbook) 	07/16/2020 	_x86_64_	(8 CPU)

04:50:00 PM  CPU    %usr   %nice    %sys %iowait    %irq   %soft  %steal  %guest  %gnice   %idle
04:50:01 PM    0   37.00    0.00   19.00    0.00    0.00    4.00    0.00    0.00    0.00   40.00

04:50:01 PM  CPU    %usr   %nice    %sys %iowait    %irq   %soft  %steal  %guest  %gnice   %idle
04:50:02 PM    0   42.42    0.00   13.13    0.00    0.00    4.04    0.00    0.00    0.00   40.40

04:50:02 PM  CPU    %usr   %nice    %sys %iowait    %irq   %soft  %steal  %guest  %gnice   %idle
04:50:03 PM    0   41.84    0.00   16.33    0.00    0.00    1.02    0.00    0.00    0.00   40.82

04:50:03 PM  CPU    %usr   %nice    %sys %iowait    %irq   %soft  %steal  %guest  %gnice   %idle
04:50:04 PM    0   43.88    0.00   10.20    0.00    0.00    5.10    0.00    0.00    0.00   40.82

04:50:04 PM  CPU    %usr   %nice    %sys %iowait    %irq   %soft  %steal  %guest  %gnice   %idle
04:50:05 PM    0   41.00    0.00   17.00    0.00    0.00    2.00    0.00    0.00    0.00   40.00

04:50:05 PM  CPU    %usr   %nice    %sys %iowait    %irq   %soft  %steal  %guest  %gnice   %idle
04:50:06 PM    0   41.67    0.00   15.62    0.00    0.00    1.04    0.00    0.00    0.00   41.67

04:50:06 PM  CPU    %usr   %nice    %sys %iowait    %irq   %soft  %steal  %guest  %gnice   %idle
04:50:07 PM    0   39.60    0.00   15.84    0.00    0.00    3.96    0.00    0.00    0.00   40.59

04:50:07 PM  CPU    %usr   %nice    %sys %iowait    %irq   %soft  %steal  %guest  %gnice   %idle
04:50:08 PM    0   37.23    0.00   15.96    0.00    0.00    4.26    0.00    0.00    0.00   42.55

04:50:08 PM  CPU    %usr   %nice    %sys %iowait    %irq   %soft  %steal  %guest  %gnice   %idle
04:50:09 PM    0   36.46    0.00   16.67    0.00    0.00    5.21    0.00    0.00    0.00   41.67

04:50:09 PM  CPU    %usr   %nice    %sys %iowait    %irq   %soft  %steal  %guest  %gnice   %idle
04:50:10 PM    0   40.00    0.00   15.00    0.00    0.00    3.00    0.00    0.00    0.00   42.00

04:50:10 PM  CPU    %usr   %nice    %sys %iowait    %irq   %soft  %steal  %guest  %gnice   %idle
04:50:11 PM    0   42.27    0.00   13.40    0.00    0.00    2.06    0.00    0.00    0.00   42.27

04:50:11 PM  CPU    %usr   %nice    %sys %iowait    %irq   %soft  %steal  %guest  %gnice   %idle
04:50:12 PM    0   42.27    0.00   10.31    0.00    0.00    4.12    0.00    0.00    0.00   43.30

04:50:12 PM  CPU    %usr   %nice    %sys %iowait    %irq   %soft  %steal  %guest  %gnice   %idle
04:50:13 PM    0   35.35    0.00   16.16    0.00    0.00    6.06    0.00    0.00    0.00   42.42

04:50:13 PM  CPU    %usr   %nice    %sys %iowait    %irq   %soft  %steal  %guest  %gnice   %idle
04:50:14 PM    0   38.14    0.00   15.46    0.00    0.00    4.12    0.00    0.00    0.00   42.27

04:50:14 PM  CPU    %usr   %nice    %sys %iowait    %irq   %soft  %steal  %guest  %gnice   %idle
04:50:15 PM    0   35.64    0.00   17.82    0.00    0.00    5.94    0.00    0.00    0.00   40.59

04:50:15 PM  CPU    %usr   %nice    %sys %iowait    %irq   %soft  %steal  %guest  %gnice   %idle
04:50:16 PM    0   39.39    0.00   14.14    0.00    0.00    4.04    0.00    0.00    0.00   42.42

04:50:16 PM  CPU    %usr   %nice    %sys %iowait    %irq   %soft  %steal  %guest  %gnice   %idle
04:50:17 PM    0   44.23    0.00   13.46    0.00    0.00    1.92    0.00    0.00    0.00   40.38

04:50:17 PM  CPU    %usr   %nice    %sys %iowait    %irq   %soft  %steal  %guest  %gnice   %idle
04:50:18 PM    0   36.36    0.00   17.17    0.00    0.00    5.05    0.00    0.00    0.00   41.41

04:50:18 PM  CPU    %usr   %nice    %sys %iowait    %irq   %soft  %steal  %guest  %gnice   %idle
04:50:19 PM    0   32.67    0.00   19.80    0.00    0.00    5.94    0.00    0.00    0.00   41.58

04:50:19 PM  CPU    %usr   %nice    %sys %iowait    %irq   %soft  %steal  %guest  %gnice   %idle
04:50:20 PM    0   38.61    0.00   16.83    0.00    0.00    3.96    0.00    0.00    0.00   40.59

04:50:20 PM  CPU    %usr   %nice    %sys %iowait    %irq   %soft  %steal  %guest  %gnice   %idle
04:50:21 PM    0   33.68    0.00   17.89    0.00    0.00    5.26    0.00    0.00    0.00   43.16

04:50:21 PM  CPU    %usr   %nice    %sys %iowait    %irq   %soft  %steal  %guest  %gnice   %idle
04:50:22 PM    0   40.82    0.00   15.31    0.00    0.00    2.04    0.00    0.00    0.00   41.84

04:50:22 PM  CPU    %usr   %nice    %sys %iowait    %irq   %soft  %steal  %guest  %gnice   %idle
04:50:23 PM    0   40.20    0.00   13.73    0.00    0.00    5.88    0.00    0.00    0.00   40.20

04:50:23 PM  CPU    %usr   %nice    %sys %iowait    %irq   %soft  %steal  %guest  %gnice   %idle
04:50:24 PM    0   35.35    0.00   18.18    0.00    0.00    4.04    0.00    0.00    0.00   42.42

04:50:24 PM  CPU    %usr   %nice    %sys %iowait    %irq   %soft  %steal  %guest  %gnice   %idle
04:50:25 PM    0   36.00    0.00   17.00    0.00    0.00    6.00    0.00    0.00    0.00   41.00

04:50:25 PM  CPU    %usr   %nice    %sys %iowait    %irq   %soft  %steal  %guest  %gnice   %idle
04:50:26 PM    0   43.14    0.00   12.75    0.00    0.00    2.94    0.00    0.00    0.00   41.18

04:50:26 PM  CPU    %usr   %nice    %sys %iowait    %irq   %soft  %steal  %guest  %gnice   %idle
04:50:27 PM    0   37.76    0.00   15.31    0.00    0.00    5.10    0.00    0.00    0.00   41.84

04:50:27 PM  CPU    %usr   %nice    %sys %iowait    %irq   %soft  %steal  %guest  %gnice   %idle
04:50:28 PM    0   38.78    0.00   14.29    0.00    0.00    5.10    0.00    0.00    0.00   41.84

04:50:28 PM  CPU    %usr   %nice    %sys %iowait    %irq   %soft  %steal  %guest  %gnice   %idle
04:50:29 PM    0   34.02    0.00   21.65    0.00    0.00    2.06    0.00    0.00    0.00   42.27

04:50:29 PM  CPU    %usr   %nice    %sys %iowait    %irq   %soft  %steal  %guest  %gnice   %idle
04:50:30 PM    0   40.40    0.00   15.15    0.00    0.00    3.03    0.00    0.00    0.00   41.41

04:50:30 PM  CPU    %usr   %nice    %sys %iowait    %irq   %soft  %steal  %guest  %gnice   %idle
04:50:31 PM    0   39.00    0.00   17.00    0.00    0.00    4.00    0.00    0.00    0.00   40.00

04:50:31 PM  CPU    %usr   %nice    %sys %iowait    %irq   %soft  %steal  %guest  %gnice   %idle
04:50:32 PM    0   36.36    0.00   18.18    0.00    0.00    4.04    0.00    0.00    0.00   41.41

04:50:32 PM  CPU    %usr   %nice    %sys %iowait    %irq   %soft  %steal  %guest  %gnice   %idle
04:50:33 PM    0   37.00    0.00   18.00    0.00    0.00    3.00    0.00    0.00    0.00   42.00

04:50:33 PM  CPU    %usr   %nice    %sys %iowait    %irq   %soft  %steal  %guest  %gnice   %idle
04:50:34 PM    0   35.00    0.00   20.00    0.00    0.00    4.00    0.00    0.00    0.00   41.00

04:50:34 PM  CPU    %usr   %nice    %sys %iowait    %irq   %soft  %steal  %guest  %gnice   %idle
04:50:35 PM    0   38.00    0.00   17.00    0.00    0.00    3.00    0.00    0.00    0.00   42.00

04:50:35 PM  CPU    %usr   %nice    %sys %iowait    %irq   %soft  %steal  %guest  %gnice   %idle
04:50:36 PM    0   38.38    0.00   19.19    0.00    0.00    1.01    0.00    0.00    0.00   41.41

04:50:36 PM  CPU    %usr   %nice    %sys %iowait    %irq   %soft  %steal  %guest  %gnice   %idle
04:50:37 PM    0   39.00    0.00   16.00    0.00    0.00    5.00    0.00    0.00    0.00   40.00

04:50:37 PM  CPU    %usr   %nice    %sys %iowait    %irq   %soft  %steal  %guest  %gnice   %idle
04:50:38 PM    0   39.39    0.00   16.16    0.00    0.00    3.03    0.00    0.00    0.00   41.41

04:50:38 PM  CPU    %usr   %nice    %sys %iowait    %irq   %soft  %steal  %guest  %gnice   %idle
04:50:39 PM    0   36.27    0.00   20.59    0.00    0.00    1.96    0.00    0.00    0.00   41.18

04:50:39 PM  CPU    %usr   %nice    %sys %iowait    %irq   %soft  %steal  %guest  %gnice   %idle
04:50:40 PM    0   39.60    0.00   15.84    0.00    0.00    3.96    0.00    0.00    0.00   40.59

04:50:40 PM  CPU    %usr   %nice    %sys %iowait    %irq   %soft  %steal  %guest  %gnice   %idle
04:50:41 PM    0   39.00    0.00   15.00    0.00    0.00    5.00    0.00    0.00    0.00   41.00

04:50:41 PM  CPU    %usr   %nice    %sys %iowait    %irq   %soft  %steal  %guest  %gnice   %idle
04:50:42 PM    0   40.00    0.00   15.00    0.00    0.00    4.00    0.00    0.00    0.00   41.00

04:50:42 PM  CPU    %usr   %nice    %sys %iowait    %irq   %soft  %steal  %guest  %gnice   %idle
04:50:43 PM    0   42.71    0.00   12.50    0.00    0.00    2.08    0.00    0.00    0.00   42.71

04:50:43 PM  CPU    %usr   %nice    %sys %iowait    %irq   %soft  %steal  %guest  %gnice   %idle
04:50:44 PM    0   38.61    0.00   16.83    0.00    0.00    2.97    0.00    0.00    0.00   41.58

04:50:44 PM  CPU    %usr   %nice    %sys %iowait    %irq   %soft  %steal  %guest  %gnice   %idle
04:50:45 PM    0   37.86    0.00   19.42    0.00    0.00    2.91    0.00    0.00    0.00   39.81

04:50:45 PM  CPU    %usr   %nice    %sys %iowait    %irq   %soft  %steal  %guest  %gnice   %idle
04:50:46 PM    0   39.18    0.00   15.46    0.00    0.00    3.09    0.00    0.00    0.00   42.27

04:50:46 PM  CPU    %usr   %nice    %sys %iowait    %irq   %soft  %steal  %guest  %gnice   %idle
04:50:47 PM    0   34.34    0.00   19.19    0.00    0.00    5.05    0.00    0.00    0.00   41.41

04:50:47 PM  CPU    %usr   %nice    %sys %iowait    %irq   %soft  %steal  %guest  %gnice   %idle
04:50:48 PM    0   40.21    0.00   12.37    0.00    0.00    4.12    0.00    0.00    0.00   43.30

04:50:48 PM  CPU    %usr   %nice    %sys %iowait    %irq   %soft  %steal  %guest  %gnice   %idle
04:50:49 PM    0   37.76    0.00   15.31    0.00    0.00    5.10    0.00    0.00    0.00   41.84

04:50:49 PM  CPU    %usr   %nice    %sys %iowait    %irq   %soft  %steal  %guest  %gnice   %idle
04:50:50 PM    0   41.00    0.00   13.00    0.00    0.00    4.00    0.00    0.00    0.00   42.00

04:50:50 PM  CPU    %usr   %nice    %sys %iowait    %irq   %soft  %steal  %guest  %gnice   %idle
04:50:51 PM    0   39.00    0.00   15.00    0.00    0.00    5.00    0.00    0.00    0.00   41.00

04:50:51 PM  CPU    %usr   %nice    %sys %iowait    %irq   %soft  %steal  %guest  %gnice   %idle
04:50:52 PM    0   37.50    0.00   16.67    0.00    0.00    3.12    0.00    0.00    0.00   42.71

04:50:52 PM  CPU    %usr   %nice    %sys %iowait    %irq   %soft  %steal  %guest  %gnice   %idle
04:50:53 PM    0   41.58    0.00   11.88    0.00    0.00    4.95    0.00    0.00    0.00   41.58

04:50:53 PM  CPU    %usr   %nice    %sys %iowait    %irq   %soft  %steal  %guest  %gnice   %idle
04:50:54 PM    0   41.58    0.00   14.85    0.00    0.00    2.97    0.00    0.00    0.00   40.59

04:50:54 PM  CPU    %usr   %nice    %sys %iowait    %irq   %soft  %steal  %guest  %gnice   %idle
04:50:55 PM    0   36.63    0.00   15.84    0.00    0.00    5.94    0.00    0.00    0.00   41.58

04:50:55 PM  CPU    %usr   %nice    %sys %iowait    %irq   %soft  %steal  %guest  %gnice   %idle
04:50:56 PM    0   39.39    0.00   15.15    0.00    0.00    3.03    0.00    0.00    0.00   42.42

04:50:56 PM  CPU    %usr   %nice    %sys %iowait    %irq   %soft  %steal  %guest  %gnice   %idle
04:50:57 PM    0   37.11    0.00   15.46    0.00    0.00    4.12    0.00    0.00    0.00   43.30

04:50:57 PM  CPU    %usr   %nice    %sys %iowait    %irq   %soft  %steal  %guest  %gnice   %idle
04:50:58 PM    0   41.58    0.00   14.85    0.00    0.00    2.97    0.00    0.00    0.00   40.59

04:50:58 PM  CPU    %usr   %nice    %sys %iowait    %irq   %soft  %steal  %guest  %gnice   %idle
04:50:59 PM    0   42.42    0.00   14.14    0.00    0.00    2.02    0.00    0.00    0.00   41.41

04:50:59 PM  CPU    %usr   %nice    %sys %iowait    %irq   %soft  %steal  %guest  %gnice   %idle
04:51:00 PM    0   36.89    0.00   17.48    0.00    0.00    4.85    0.00    0.00    0.00   40.78

04:51:00 PM  CPU    %usr   %nice    %sys %iowait    %irq   %soft  %steal  %guest  %gnice   %idle
04:51:01 PM    0   39.60    0.00   14.85    0.00    0.00    4.95    0.00    0.00    0.00   40.59

04:51:01 PM  CPU    %usr   %nice    %sys %iowait    %irq   %soft  %steal  %guest  %gnice   %idle
04:51:02 PM    0   41.84    0.00   11.22    0.00    0.00    6.12    0.00    0.00    0.00   40.82

04:51:02 PM  CPU    %usr   %nice    %sys %iowait    %irq   %soft  %steal  %guest  %gnice   %idle
04:51:03 PM    0   40.00    0.00   14.00    0.00    0.00    5.00    0.00    0.00    0.00   41.00

04:51:03 PM  CPU    %usr   %nice    %sys %iowait    %irq   %soft  %steal  %guest  %gnice   %idle
04:51:04 PM    0   38.54    0.00   15.62    0.00    0.00    3.12    0.00    0.00    0.00   42.71

04:51:04 PM  CPU    %usr   %nice    %sys %iowait    %irq   %soft  %steal  %guest  %gnice   %idle
04:51:05 PM    0   38.00    0.00   16.00    0.00    0.00    5.00    0.00    0.00    0.00   41.00

04:51:05 PM  CPU    %usr   %nice    %sys %iowait    %irq   %soft  %steal  %guest  %gnice   %idle
04:51:06 PM    0   35.05    0.00   19.59    0.00    0.00    4.12    0.00    0.00    0.00   41.24

04:51:06 PM  CPU    %usr   %nice    %sys %iowait    %irq   %soft  %steal  %guest  %gnice   %idle
04:51:07 PM    0   41.18    0.00   15.69    0.00    0.00    2.94    0.00    0.00    0.00   40.20

04:51:07 PM  CPU    %usr   %nice    %sys %iowait    %irq   %soft  %steal  %guest  %gnice   %idle
04:51:08 PM    0   39.39    0.00   15.15    0.00    0.00    3.03    0.00    0.00    0.00   42.42

04:51:08 PM  CPU    %usr   %nice    %sys %iowait    %irq   %soft  %steal  %guest  %gnice   %idle
04:51:09 PM    0   40.40    0.00   15.15    0.00    0.00    4.04    0.00    0.00    0.00   40.40

04:51:09 PM  CPU    %usr   %nice    %sys %iowait    %irq   %soft  %steal  %guest  %gnice   %idle
04:51:10 PM    0   44.90    0.00    9.18    0.00    0.00    4.08    0.00    0.00    0.00   41.84

04:51:10 PM  CPU    %usr   %nice    %sys %iowait    %irq   %soft  %steal  %guest  %gnice   %idle
04:51:11 PM    0   42.42    0.00   14.14    0.00    0.00    3.03    0.00    0.00    0.00   40.40

04:51:11 PM  CPU    %usr   %nice    %sys %iowait    %irq   %soft  %steal  %guest  %gnice   %idle
04:51:12 PM    0   39.00    0.00   16.00    0.00    0.00    4.00    0.00    0.00    0.00   41.00

04:51:12 PM  CPU    %usr   %nice    %sys %iowait    %irq   %soft  %steal  %guest  %gnice   %idle
04:51:13 PM    0   38.00    0.00   18.00    0.00    0.00    3.00    0.00    0.00    0.00   41.00

04:51:13 PM  CPU    %usr   %nice    %sys %iowait    %irq   %soft  %steal  %guest  %gnice   %idle
04:51:14 PM    0   41.24    0.00   13.40    0.00    0.00    4.12    0.00    0.00    0.00   41.24

04:51:14 PM  CPU    %usr   %nice    %sys %iowait    %irq   %soft  %steal  %guest  %gnice   %idle
04:51:15 PM    0   37.62    0.00   16.83    0.00    0.00    4.95    0.00    0.00    0.00   40.59

04:51:15 PM  CPU    %usr   %nice    %sys %iowait    %irq   %soft  %steal  %guest  %gnice   %idle
04:51:16 PM    0   40.00    0.00   16.00    0.00    0.00    3.00    0.00    0.00    0.00   41.00

04:51:16 PM  CPU    %usr   %nice    %sys %iowait    %irq   %soft  %steal  %guest  %gnice   %idle
04:51:17 PM    0   41.00    0.00   14.00    0.00    0.00    4.00    0.00    0.00    0.00   41.00

04:51:17 PM  CPU    %usr   %nice    %sys %iowait    %irq   %soft  %steal  %guest  %gnice   %idle
04:51:18 PM    0   37.76    0.00   14.29    0.00    0.00    5.10    0.00    0.00    0.00   42.86

04:51:18 PM  CPU    %usr   %nice    %sys %iowait    %irq   %soft  %steal  %guest  %gnice   %idle
04:51:19 PM    0   38.00    0.00   15.00    0.00    0.00    5.00    0.00    0.00    0.00   42.00

04:51:19 PM  CPU    %usr   %nice    %sys %iowait    %irq   %soft  %steal  %guest  %gnice   %idle
04:51:20 PM    0   39.00    0.00   16.00    0.00    0.00    4.00    0.00    0.00    0.00   41.00

04:51:20 PM  CPU    %usr   %nice    %sys %iowait    %irq   %soft  %steal  %guest  %gnice   %idle
04:51:21 PM    0   39.00    0.00   16.00    0.00    0.00    3.00    0.00    0.00    0.00   42.00

04:51:21 PM  CPU    %usr   %nice    %sys %iowait    %irq   %soft  %steal  %guest  %gnice   %idle
04:51:22 PM    0   42.42    0.00   10.10    0.00    0.00    5.05    0.00    0.00    0.00   42.42

04:51:22 PM  CPU    %usr   %nice    %sys %iowait    %irq   %soft  %steal  %guest  %gnice   %idle
04:51:23 PM    0   39.18    0.00   13.40    0.00    0.00    5.15    0.00    0.00    0.00   42.27

04:51:23 PM  CPU    %usr   %nice    %sys %iowait    %irq   %soft  %steal  %guest  %gnice   %idle
04:51:24 PM    0   40.40    0.00   14.14    0.00    0.00    4.04    0.00    0.00    0.00   41.41

04:51:24 PM  CPU    %usr   %nice    %sys %iowait    %irq   %soft  %steal  %guest  %gnice   %idle
04:51:25 PM    0   38.61    0.00   14.85    0.00    0.00    4.95    0.00    0.00    0.00   41.58

04:51:25 PM  CPU    %usr   %nice    %sys %iowait    %irq   %soft  %steal  %guest  %gnice   %idle
04:51:26 PM    0   39.39    0.00   13.13    0.00    0.00    5.05    0.00    0.00    0.00   42.42

04:51:26 PM  CPU    %usr   %nice    %sys %iowait    %irq   %soft  %steal  %guest  %gnice   %idle
04:51:27 PM    0   38.61    0.00   15.84    0.00    0.00    4.95    0.00    0.00    0.00   40.59

04:51:27 PM  CPU    %usr   %nice    %sys %iowait    %irq   %soft  %steal  %guest  %gnice   %idle
04:51:28 PM    0   39.80    0.00   15.31    0.00    0.00    2.04    0.00    0.00    0.00   42.86

04:51:28 PM  CPU    %usr   %nice    %sys %iowait    %irq   %soft  %steal  %guest  %gnice   %idle
04:51:29 PM    0   41.75    0.00   13.59    0.00    0.00    4.85    0.00    0.00    0.00   39.81

04:51:29 PM  CPU    %usr   %nice    %sys %iowait    %irq   %soft  %steal  %guest  %gnice   %idle
04:51:30 PM    0   35.35    0.00   18.18    0.00    0.00    5.05    0.00    0.00    0.00   41.41

04:51:30 PM  CPU    %usr   %nice    %sys %iowait    %irq   %soft  %steal  %guest  %gnice   %idle
04:51:31 PM    0   35.05    0.00   17.53    0.00    0.00    4.12    0.00    0.00    0.00   43.30

04:51:31 PM  CPU    %usr   %nice    %sys %iowait    %irq   %soft  %steal  %guest  %gnice   %idle
04:51:32 PM    0   36.36    0.00   17.17    0.00    0.00    5.05    0.00    0.00    0.00   41.41

04:51:32 PM  CPU    %usr   %nice    %sys %iowait    %irq   %soft  %steal  %guest  %gnice   %idle
04:51:33 PM    0   38.61    0.00   15.84    0.00    0.00    3.96    0.00    0.00    0.00   41.58

04:51:33 PM  CPU    %usr   %nice    %sys %iowait    %irq   %soft  %steal  %guest  %gnice   %idle
04:51:34 PM    0   41.41    0.00   13.13    0.00    0.00    3.03    0.00    0.00    0.00   42.42

04:51:34 PM  CPU    %usr   %nice    %sys %iowait    %irq   %soft  %steal  %guest  %gnice   %idle
04:51:35 PM    0   36.36    0.00   18.18    0.00    0.00    4.04    0.00    0.00    0.00   41.41

04:51:35 PM  CPU    %usr   %nice    %sys %iowait    %irq   %soft  %steal  %guest  %gnice   %idle
04:51:36 PM    0   36.73    0.00   18.37    0.00    0.00    3.06    0.00    0.00    0.00   41.84

04:51:36 PM  CPU    %usr   %nice    %sys %iowait    %irq   %soft  %steal  %guest  %gnice   %idle
04:51:37 PM    0   42.42    0.00   13.13    0.00    0.00    2.02    0.00    0.00    0.00   42.42

04:51:37 PM  CPU    %usr   %nice    %sys %iowait    %irq   %soft  %steal  %guest  %gnice   %idle
04:51:38 PM    0   40.00    0.00   15.79    0.00    0.00    2.11    0.00    0.00    0.00   42.11

04:51:38 PM  CPU    %usr   %nice    %sys %iowait    %irq   %soft  %steal  %guest  %gnice   %idle
04:51:39 PM    0   36.00    0.00   18.00    0.00    0.00    4.00    0.00    0.00    0.00   42.00

04:51:39 PM  CPU    %usr   %nice    %sys %iowait    %irq   %soft  %steal  %guest  %gnice   %idle
04:51:40 PM    0   38.00    0.00   18.00    0.00    0.00    3.00    0.00    0.00    0.00   41.00

04:51:40 PM  CPU    %usr   %nice    %sys %iowait    %irq   %soft  %steal  %guest  %gnice   %idle
04:51:41 PM    0   39.81    0.00   14.56    0.00    0.00    4.85    0.00    0.00    0.00   40.78

04:51:41 PM  CPU    %usr   %nice    %sys %iowait    %irq   %soft  %steal  %guest  %gnice   %idle
04:51:42 PM    0   38.38    0.00   17.17    0.00    0.00    3.03    0.00    0.00    0.00   41.41

04:51:42 PM  CPU    %usr   %nice    %sys %iowait    %irq   %soft  %steal  %guest  %gnice   %idle
04:51:43 PM    0   41.00    0.00   15.00    0.00    0.00    3.00    0.00    0.00    0.00   41.00

04:51:43 PM  CPU    %usr   %nice    %sys %iowait    %irq   %soft  %steal  %guest  %gnice   %idle
04:51:44 PM    0   39.39    0.00   15.15    0.00    0.00    4.04    0.00    0.00    0.00   41.41

04:51:44 PM  CPU    %usr   %nice    %sys %iowait    %irq   %soft  %steal  %guest  %gnice   %idle
04:51:45 PM    0   38.38    0.00   15.15    0.00    0.00    5.05    0.00    0.00    0.00   41.41

04:51:45 PM  CPU    %usr   %nice    %sys %iowait    %irq   %soft  %steal  %guest  %gnice   %idle
04:51:46 PM    0   40.00    0.00   13.68    0.00    0.00    3.16    0.00    0.00    0.00   43.16

04:51:46 PM  CPU    %usr   %nice    %sys %iowait    %irq   %soft  %steal  %guest  %gnice   %idle
04:51:47 PM    0   34.02    0.00   19.59    0.00    0.00    4.12    0.00    0.00    0.00   42.27

04:51:47 PM  CPU    %usr   %nice    %sys %iowait    %irq   %soft  %steal  %guest  %gnice   %idle
04:51:48 PM    0   36.36    0.00   16.16    0.00    0.00    6.06    0.00    0.00    0.00   41.41

04:51:48 PM  CPU    %usr   %nice    %sys %iowait    %irq   %soft  %steal  %guest  %gnice   %idle
04:51:49 PM    0   37.76    0.00   14.29    0.00    0.00    5.10    0.00    0.00    0.00   42.86

04:51:49 PM  CPU    %usr   %nice    %sys %iowait    %irq   %soft  %steal  %guest  %gnice   %idle
04:51:50 PM    0   38.24    0.00   16.67    0.00    0.00    3.92    0.00    0.00    0.00   41.18

04:51:50 PM  CPU    %usr   %nice    %sys %iowait    %irq   %soft  %steal  %guest  %gnice   %idle
04:51:51 PM    0   38.38    0.00   16.16    0.00    0.00    4.04    0.00    0.00    0.00   41.41

04:51:51 PM  CPU    %usr   %nice    %sys %iowait    %irq   %soft  %steal  %guest  %gnice   %idle
04:51:52 PM    0   40.40    0.00   14.14    0.00    0.00    3.03    0.00    0.00    0.00   42.42

04:51:52 PM  CPU    %usr   %nice    %sys %iowait    %irq   %soft  %steal  %guest  %gnice   %idle
04:51:53 PM    0   40.82    0.00   12.24    0.00    0.00    5.10    0.00    0.00    0.00   41.84

04:51:53 PM  CPU    %usr   %nice    %sys %iowait    %irq   %soft  %steal  %guest  %gnice   %idle
04:51:54 PM    0   41.41    0.00   15.15    0.00    0.00    2.02    0.00    0.00    0.00   41.41

04:51:54 PM  CPU    %usr   %nice    %sys %iowait    %irq   %soft  %steal  %guest  %gnice   %idle
04:51:55 PM    0   37.76    0.00   18.37    0.00    0.00    3.06    0.00    0.00    0.00   40.82

04:51:55 PM  CPU    %usr   %nice    %sys %iowait    %irq   %soft  %steal  %guest  %gnice   %idle
04:51:56 PM    0   35.71    0.00   17.35    0.00    0.00    6.12    0.00    0.00    0.00   40.82

04:51:56 PM  CPU    %usr   %nice    %sys %iowait    %irq   %soft  %steal  %guest  %gnice   %idle
04:51:57 PM    0   42.27    0.00   14.43    0.00    0.00    2.06    0.00    0.00    0.00   41.24

04:51:57 PM  CPU    %usr   %nice    %sys %iowait    %irq   %soft  %steal  %guest  %gnice   %idle
04:51:58 PM    0   36.46    0.00   15.62    0.00    0.00    5.21    0.00    0.00    0.00   42.71

04:51:58 PM  CPU    %usr   %nice    %sys %iowait    %irq   %soft  %steal  %guest  %gnice   %idle
04:51:59 PM    0   39.00    0.00   15.00    0.00    0.00    5.00    0.00    0.00    0.00   41.00

04:51:59 PM  CPU    %usr   %nice    %sys %iowait    %irq   %soft  %steal  %guest  %gnice   %idle
04:52:00 PM    0   40.59    0.00   14.85    0.00    0.00    4.95    0.00    0.00    0.00   39.60

Average:     CPU    %usr   %nice    %sys %iowait    %irq   %soft  %steal  %guest  %gnice   %idle
Average:       0   38.95    0.00   15.62    0.00    0.00    3.94    0.00    0.00    0.00   41.49
