Linux 5.3.0-61-generic (cw-zenbook) 	07/16/2020 	_x86_64_	(8 CPU)

02:41:43 PM  CPU    %usr   %nice    %sys %iowait    %irq   %soft  %steal  %guest  %gnice   %idle
02:41:44 PM    0   41.41    0.00   13.13    0.00    0.00    4.04    0.00    0.00    0.00   41.41

02:41:44 PM  CPU    %usr   %nice    %sys %iowait    %irq   %soft  %steal  %guest  %gnice   %idle
02:41:45 PM    0   41.67    0.00   10.42    0.00    0.00    5.21    0.00    0.00    0.00   42.71

02:41:45 PM  CPU    %usr   %nice    %sys %iowait    %irq   %soft  %steal  %guest  %gnice   %idle
02:41:46 PM    0   37.11    0.00   15.46    0.00    0.00    5.15    0.00    0.00    0.00   42.27

02:41:46 PM  CPU    %usr   %nice    %sys %iowait    %irq   %soft  %steal  %guest  %gnice   %idle
02:41:47 PM    0   36.00    0.00   18.00    0.00    0.00    6.00    0.00    0.00    0.00   40.00

02:41:47 PM  CPU    %usr   %nice    %sys %iowait    %irq   %soft  %steal  %guest  %gnice   %idle
02:41:48 PM    0   38.46    0.00   18.27    0.00    0.00    3.85    0.00    0.00    0.00   39.42

02:41:48 PM  CPU    %usr   %nice    %sys %iowait    %irq   %soft  %steal  %guest  %gnice   %idle
02:41:49 PM    0   37.62    0.00   18.81    0.00    0.00    3.96    0.00    0.00    0.00   39.60

02:41:49 PM  CPU    %usr   %nice    %sys %iowait    %irq   %soft  %steal  %guest  %gnice   %idle
02:41:50 PM    0   39.39    0.00   15.15    0.00    0.00    5.05    0.00    0.00    0.00   40.40

02:41:50 PM  CPU    %usr   %nice    %sys %iowait    %irq   %soft  %steal  %guest  %gnice   %idle
02:41:51 PM    0   40.00    0.00   13.00    0.00    0.00    6.00    0.00    0.00    0.00   41.00

02:41:51 PM  CPU    %usr   %nice    %sys %iowait    %irq   %soft  %steal  %guest  %gnice   %idle
02:41:52 PM    0   41.00    0.00   13.00    0.00    0.00    5.00    0.00    0.00    0.00   41.00

02:41:52 PM  CPU    %usr   %nice    %sys %iowait    %irq   %soft  %steal  %guest  %gnice   %idle
02:41:53 PM    0   39.00    0.00   16.00    0.00    0.00    4.00    0.00    0.00    0.00   41.00

02:41:53 PM  CPU    %usr   %nice    %sys %iowait    %irq   %soft  %steal  %guest  %gnice   %idle
02:41:54 PM    0   35.42    0.00   15.62    0.00    0.00    6.25    0.00    0.00    0.00   42.71

02:41:54 PM  CPU    %usr   %nice    %sys %iowait    %irq   %soft  %steal  %guest  %gnice   %idle
02:41:55 PM    0   42.00    0.00   14.00    0.00    0.00    3.00    0.00    0.00    0.00   41.00

02:41:55 PM  CPU    %usr   %nice    %sys %iowait    %irq   %soft  %steal  %guest  %gnice   %idle
02:41:56 PM    0   38.54    0.00   17.71    0.00    0.00    2.08    0.00    0.00    0.00   41.67

02:41:56 PM  CPU    %usr   %nice    %sys %iowait    %irq   %soft  %steal  %guest  %gnice   %idle
02:41:57 PM    0   43.69    0.00   12.62    0.00    0.00    4.85    0.00    0.00    0.00   38.83

02:41:57 PM  CPU    %usr   %nice    %sys %iowait    %irq   %soft  %steal  %guest  %gnice   %idle
02:41:58 PM    0   41.00    0.00   15.00    0.00    0.00    4.00    0.00    0.00    0.00   40.00

02:41:58 PM  CPU    %usr   %nice    %sys %iowait    %irq   %soft  %steal  %guest  %gnice   %idle
02:41:59 PM    0   37.76    0.00   13.27    0.00    0.00    7.14    0.00    0.00    0.00   41.84

02:41:59 PM  CPU    %usr   %nice    %sys %iowait    %irq   %soft  %steal  %guest  %gnice   %idle
02:42:00 PM    0   44.44    0.00   13.13    0.00    0.00    2.02    0.00    0.00    0.00   40.40

02:42:00 PM  CPU    %usr   %nice    %sys %iowait    %irq   %soft  %steal  %guest  %gnice   %idle
02:42:01 PM    0   38.38    0.00   16.16    0.00    0.00    5.05    0.00    0.00    0.00   40.40

02:42:01 PM  CPU    %usr   %nice    %sys %iowait    %irq   %soft  %steal  %guest  %gnice   %idle
02:42:02 PM    0   38.38    0.00   17.17    0.00    0.00    4.04    0.00    0.00    0.00   40.40

02:42:02 PM  CPU    %usr   %nice    %sys %iowait    %irq   %soft  %steal  %guest  %gnice   %idle
02:42:03 PM    0   37.50    0.00   18.75    0.00    0.00    2.08    0.00    0.00    0.00   41.67

02:42:03 PM  CPU    %usr   %nice    %sys %iowait    %irq   %soft  %steal  %guest  %gnice   %idle
02:42:04 PM    0   36.73    0.00   18.37    0.00    0.00    4.08    0.00    0.00    0.00   40.82

02:42:04 PM  CPU    %usr   %nice    %sys %iowait    %irq   %soft  %steal  %guest  %gnice   %idle
02:42:05 PM    0   36.73    0.00   18.37    0.00    0.00    3.06    0.00    0.00    0.00   41.84

02:42:05 PM  CPU    %usr   %nice    %sys %iowait    %irq   %soft  %steal  %guest  %gnice   %idle
02:42:06 PM    0   40.40    0.00   14.14    0.00    0.00    4.04    0.00    0.00    0.00   41.41

02:42:06 PM  CPU    %usr   %nice    %sys %iowait    %irq   %soft  %steal  %guest  %gnice   %idle
02:42:07 PM    0   39.39    0.00   14.14    0.00    0.00    6.06    0.00    0.00    0.00   40.40

02:42:07 PM  CPU    %usr   %nice    %sys %iowait    %irq   %soft  %steal  %guest  %gnice   %idle
02:42:08 PM    0   43.00    0.00   14.00    0.00    0.00    3.00    0.00    0.00    0.00   40.00

02:42:08 PM  CPU    %usr   %nice    %sys %iowait    %irq   %soft  %steal  %guest  %gnice   %idle
02:42:09 PM    0   35.42    0.00   16.67    0.00    0.00    5.21    0.00    0.00    0.00   42.71

02:42:09 PM  CPU    %usr   %nice    %sys %iowait    %irq   %soft  %steal  %guest  %gnice   %idle
02:42:10 PM    0   38.83    0.00   17.48    0.00    0.00    3.88    0.00    0.00    0.00   39.81

02:42:10 PM  CPU    %usr   %nice    %sys %iowait    %irq   %soft  %steal  %guest  %gnice   %idle
02:42:11 PM    0   39.18    0.00   17.53    0.00    0.00    2.06    0.00    0.00    0.00   41.24

02:42:11 PM  CPU    %usr   %nice    %sys %iowait    %irq   %soft  %steal  %guest  %gnice   %idle
02:42:12 PM    0   39.00    0.00   15.00    0.00    0.00    6.00    0.00    0.00    0.00   40.00

02:42:12 PM  CPU    %usr   %nice    %sys %iowait    %irq   %soft  %steal  %guest  %gnice   %idle
02:42:13 PM    0   40.82    0.00   13.27    0.00    0.00    4.08    0.00    0.00    0.00   41.84

02:42:13 PM  CPU    %usr   %nice    %sys %iowait    %irq   %soft  %steal  %guest  %gnice   %idle
02:42:14 PM    0   40.21    0.00   14.43    0.00    0.00    4.12    0.00    0.00    0.00   41.24

02:42:14 PM  CPU    %usr   %nice    %sys %iowait    %irq   %soft  %steal  %guest  %gnice   %idle
02:42:15 PM    0   40.82    0.00   14.29    0.00    0.00    4.08    0.00    0.00    0.00   40.82

02:42:15 PM  CPU    %usr   %nice    %sys %iowait    %irq   %soft  %steal  %guest  %gnice   %idle
02:42:16 PM    0   41.00    0.00   13.00    0.00    0.00    6.00    0.00    0.00    0.00   40.00

02:42:16 PM  CPU    %usr   %nice    %sys %iowait    %irq   %soft  %steal  %guest  %gnice   %idle
02:42:17 PM    0   37.00    0.00   19.00    0.00    0.00    4.00    0.00    0.00    0.00   40.00

02:42:17 PM  CPU    %usr   %nice    %sys %iowait    %irq   %soft  %steal  %guest  %gnice   %idle
02:42:18 PM    0   42.00    0.00   15.00    0.00    0.00    3.00    0.00    0.00    0.00   40.00

02:42:18 PM  CPU    %usr   %nice    %sys %iowait    %irq   %soft  %steal  %guest  %gnice   %idle
02:42:19 PM    0   36.36    0.00   18.18    0.00    0.00    4.04    0.00    0.00    0.00   41.41

02:42:19 PM  CPU    %usr   %nice    %sys %iowait    %irq   %soft  %steal  %guest  %gnice   %idle
02:42:20 PM    0   37.89    0.00   14.74    0.00    0.00    5.26    0.00    0.00    0.00   42.11

02:42:20 PM  CPU    %usr   %nice    %sys %iowait    %irq   %soft  %steal  %guest  %gnice   %idle
02:42:21 PM    0   42.00    0.00   15.00    0.00    0.00    2.00    0.00    0.00    0.00   41.00

02:42:21 PM  CPU    %usr   %nice    %sys %iowait    %irq   %soft  %steal  %guest  %gnice   %idle
02:42:22 PM    0   41.41    0.00   14.14    0.00    0.00    4.04    0.00    0.00    0.00   40.40

02:42:22 PM  CPU    %usr   %nice    %sys %iowait    %irq   %soft  %steal  %guest  %gnice   %idle
02:42:23 PM    0   39.60    0.00   16.83    0.00    0.00    3.96    0.00    0.00    0.00   39.60

02:42:23 PM  CPU    %usr   %nice    %sys %iowait    %irq   %soft  %steal  %guest  %gnice   %idle
02:42:24 PM    0   43.88    0.00   13.27    0.00    0.00    2.04    0.00    0.00    0.00   40.82

02:42:24 PM  CPU    %usr   %nice    %sys %iowait    %irq   %soft  %steal  %guest  %gnice   %idle
02:42:25 PM    0   37.37    0.00   16.16    0.00    0.00    4.04    0.00    0.00    0.00   42.42

02:42:25 PM  CPU    %usr   %nice    %sys %iowait    %irq   %soft  %steal  %guest  %gnice   %idle
02:42:26 PM    0   36.36    0.00   19.19    0.00    0.00    3.03    0.00    0.00    0.00   41.41

02:42:26 PM  CPU    %usr   %nice    %sys %iowait    %irq   %soft  %steal  %guest  %gnice   %idle
02:42:27 PM    0   42.71    0.00   12.50    0.00    0.00    3.12    0.00    0.00    0.00   41.67

02:42:27 PM  CPU    %usr   %nice    %sys %iowait    %irq   %soft  %steal  %guest  %gnice   %idle
02:42:28 PM    0   34.00    0.00   20.00    0.00    0.00    4.00    0.00    0.00    0.00   42.00

02:42:28 PM  CPU    %usr   %nice    %sys %iowait    %irq   %soft  %steal  %guest  %gnice   %idle
02:42:29 PM    0   37.50    0.00   15.62    0.00    0.00    3.12    0.00    0.00    0.00   43.75

02:42:29 PM  CPU    %usr   %nice    %sys %iowait    %irq   %soft  %steal  %guest  %gnice   %idle
02:42:30 PM    0   36.73    0.00   18.37    0.00    0.00    3.06    0.00    0.00    0.00   41.84

02:42:30 PM  CPU    %usr   %nice    %sys %iowait    %irq   %soft  %steal  %guest  %gnice   %idle
02:42:31 PM    0   41.18    0.00   15.69    0.00    0.00    2.94    0.00    0.00    0.00   40.20

02:42:31 PM  CPU    %usr   %nice    %sys %iowait    %irq   %soft  %steal  %guest  %gnice   %idle
02:42:32 PM    0   40.40    0.00   15.15    0.00    0.00    3.03    0.00    0.00    0.00   41.41

02:42:32 PM  CPU    %usr   %nice    %sys %iowait    %irq   %soft  %steal  %guest  %gnice   %idle
02:42:33 PM    0   38.38    0.00   18.18    0.00    0.00    3.03    0.00    0.00    0.00   40.40

02:42:33 PM  CPU    %usr   %nice    %sys %iowait    %irq   %soft  %steal  %guest  %gnice   %idle
02:42:34 PM    0   36.73    0.00   15.31    0.00    0.00    6.12    0.00    0.00    0.00   41.84

02:42:34 PM  CPU    %usr   %nice    %sys %iowait    %irq   %soft  %steal  %guest  %gnice   %idle
02:42:35 PM    0   39.60    0.00   14.85    0.00    0.00    4.95    0.00    0.00    0.00   40.59

02:42:35 PM  CPU    %usr   %nice    %sys %iowait    %irq   %soft  %steal  %guest  %gnice   %idle
02:42:36 PM    0   37.62    0.00   17.82    0.00    0.00    3.96    0.00    0.00    0.00   40.59

02:42:36 PM  CPU    %usr   %nice    %sys %iowait    %irq   %soft  %steal  %guest  %gnice   %idle
02:42:37 PM    0   41.67    0.00   12.50    0.00    0.00    4.17    0.00    0.00    0.00   41.67

02:42:37 PM  CPU    %usr   %nice    %sys %iowait    %irq   %soft  %steal  %guest  %gnice   %idle
02:42:38 PM    0   42.00    0.00   13.00    0.00    0.00    4.00    0.00    0.00    0.00   41.00

02:42:38 PM  CPU    %usr   %nice    %sys %iowait    %irq   %soft  %steal  %guest  %gnice   %idle
02:42:39 PM    0   40.21    0.00   14.43    0.00    0.00    3.09    0.00    0.00    0.00   42.27

02:42:39 PM  CPU    %usr   %nice    %sys %iowait    %irq   %soft  %steal  %guest  %gnice   %idle
02:42:40 PM    0   38.14    0.00   15.46    0.00    0.00    5.15    0.00    0.00    0.00   41.24

02:42:40 PM  CPU    %usr   %nice    %sys %iowait    %irq   %soft  %steal  %guest  %gnice   %idle
02:42:41 PM    0   38.14    0.00   12.37    0.00    0.00    7.22    0.00    0.00    0.00   42.27

02:42:41 PM  CPU    %usr   %nice    %sys %iowait    %irq   %soft  %steal  %guest  %gnice   %idle
02:42:42 PM    0   34.00    0.00   19.00    0.00    0.00    6.00    0.00    0.00    0.00   41.00

02:42:42 PM  CPU    %usr   %nice    %sys %iowait    %irq   %soft  %steal  %guest  %gnice   %idle
02:42:43 PM    0   38.00    0.00   14.00    0.00    0.00    6.00    0.00    0.00    0.00   42.00

02:42:43 PM  CPU    %usr   %nice    %sys %iowait    %irq   %soft  %steal  %guest  %gnice   %idle
02:42:44 PM    0   36.00    0.00   18.00    0.00    0.00    5.00    0.00    0.00    0.00   41.00

02:42:44 PM  CPU    %usr   %nice    %sys %iowait    %irq   %soft  %steal  %guest  %gnice   %idle
02:42:45 PM    0   37.62    0.00   14.85    0.00    0.00    6.93    0.00    0.00    0.00   40.59

02:42:45 PM  CPU    %usr   %nice    %sys %iowait    %irq   %soft  %steal  %guest  %gnice   %idle
02:42:46 PM    0   38.38    0.00   16.16    0.00    0.00    3.03    0.00    0.00    0.00   42.42

02:42:46 PM  CPU    %usr   %nice    %sys %iowait    %irq   %soft  %steal  %guest  %gnice   %idle
02:42:47 PM    0   37.62    0.00   15.84    0.00    0.00    4.95    0.00    0.00    0.00   41.58

02:42:47 PM  CPU    %usr   %nice    %sys %iowait    %irq   %soft  %steal  %guest  %gnice   %idle
02:42:48 PM    0   38.14    0.00   15.46    0.00    0.00    4.12    0.00    0.00    0.00   42.27

02:42:48 PM  CPU    %usr   %nice    %sys %iowait    %irq   %soft  %steal  %guest  %gnice   %idle
02:42:49 PM    0   38.38    0.00   14.14    0.00    0.00    5.05    0.00    0.00    0.00   42.42

02:42:49 PM  CPU    %usr   %nice    %sys %iowait    %irq   %soft  %steal  %guest  %gnice   %idle
02:42:50 PM    0   41.24    0.00   12.37    0.00    0.00    4.12    0.00    0.00    0.00   42.27

02:42:50 PM  CPU    %usr   %nice    %sys %iowait    %irq   %soft  %steal  %guest  %gnice   %idle
02:42:51 PM    0   36.00    0.00   17.00    0.00    0.00    5.00    0.00    0.00    0.00   42.00

02:42:51 PM  CPU    %usr   %nice    %sys %iowait    %irq   %soft  %steal  %guest  %gnice   %idle
02:42:52 PM    0   38.38    0.00   14.14    0.00    0.00    5.05    0.00    0.00    0.00   42.42

02:42:52 PM  CPU    %usr   %nice    %sys %iowait    %irq   %soft  %steal  %guest  %gnice   %idle
02:42:53 PM    0   41.00    0.00   17.00    0.00    0.00    2.00    0.00    0.00    0.00   40.00

02:42:53 PM  CPU    %usr   %nice    %sys %iowait    %irq   %soft  %steal  %guest  %gnice   %idle
02:42:54 PM    0   39.18    0.00   11.34    0.00    0.00    7.22    0.00    0.00    0.00   42.27

02:42:54 PM  CPU    %usr   %nice    %sys %iowait    %irq   %soft  %steal  %guest  %gnice   %idle
02:42:55 PM    0   39.00    0.00   15.00    0.00    0.00    5.00    0.00    0.00    0.00   41.00

02:42:55 PM  CPU    %usr   %nice    %sys %iowait    %irq   %soft  %steal  %guest  %gnice   %idle
02:42:56 PM    0   40.00    0.00   16.00    0.00    0.00    3.00    0.00    0.00    0.00   41.00

02:42:56 PM  CPU    %usr   %nice    %sys %iowait    %irq   %soft  %steal  %guest  %gnice   %idle
02:42:57 PM    0   39.39    0.00   15.15    0.00    0.00    5.05    0.00    0.00    0.00   40.40

02:42:57 PM  CPU    %usr   %nice    %sys %iowait    %irq   %soft  %steal  %guest  %gnice   %idle
02:42:58 PM    0   43.88    0.00   12.24    0.00    0.00    2.04    0.00    0.00    0.00   41.84

02:42:58 PM  CPU    %usr   %nice    %sys %iowait    %irq   %soft  %steal  %guest  %gnice   %idle
02:42:59 PM    0   39.18    0.00   13.40    0.00    0.00    5.15    0.00    0.00    0.00   42.27

02:42:59 PM  CPU    %usr   %nice    %sys %iowait    %irq   %soft  %steal  %guest  %gnice   %idle
02:43:00 PM    0   36.08    0.00   17.53    0.00    0.00    3.09    0.00    0.00    0.00   43.30

02:43:00 PM  CPU    %usr   %nice    %sys %iowait    %irq   %soft  %steal  %guest  %gnice   %idle
02:43:01 PM    0   39.00    0.00   17.00    0.00    0.00    4.00    0.00    0.00    0.00   40.00

02:43:01 PM  CPU    %usr   %nice    %sys %iowait    %irq   %soft  %steal  %guest  %gnice   %idle
02:43:02 PM    0   37.50    0.00   14.58    0.00    0.00    5.21    0.00    0.00    0.00   42.71

02:43:02 PM  CPU    %usr   %nice    %sys %iowait    %irq   %soft  %steal  %guest  %gnice   %idle
02:43:03 PM    0   40.40    0.00   14.14    0.00    0.00    3.03    0.00    0.00    0.00   42.42

02:43:03 PM  CPU    %usr   %nice    %sys %iowait    %irq   %soft  %steal  %guest  %gnice   %idle
02:43:04 PM    0   40.21    0.00   16.49    0.00    0.00    2.06    0.00    0.00    0.00   41.24

02:43:04 PM  CPU    %usr   %nice    %sys %iowait    %irq   %soft  %steal  %guest  %gnice   %idle
02:43:05 PM    0   36.73    0.00   15.31    0.00    0.00    6.12    0.00    0.00    0.00   41.84

02:43:05 PM  CPU    %usr   %nice    %sys %iowait    %irq   %soft  %steal  %guest  %gnice   %idle
02:43:06 PM    0   38.00    0.00   15.00    0.00    0.00    5.00    0.00    0.00    0.00   42.00

02:43:06 PM  CPU    %usr   %nice    %sys %iowait    %irq   %soft  %steal  %guest  %gnice   %idle
02:43:07 PM    0   39.60    0.00   14.85    0.00    0.00    3.96    0.00    0.00    0.00   41.58

02:43:07 PM  CPU    %usr   %nice    %sys %iowait    %irq   %soft  %steal  %guest  %gnice   %idle
02:43:08 PM    0   34.31    0.00   21.57    0.00    0.00    3.92    0.00    0.00    0.00   40.20

02:43:08 PM  CPU    %usr   %nice    %sys %iowait    %irq   %soft  %steal  %guest  %gnice   %idle
02:43:09 PM    0   41.00    0.00   14.00    0.00    0.00    3.00    0.00    0.00    0.00   42.00

02:43:09 PM  CPU    %usr   %nice    %sys %iowait    %irq   %soft  %steal  %guest  %gnice   %idle
02:43:10 PM    0   40.21    0.00   16.49    0.00    0.00    2.06    0.00    0.00    0.00   41.24

02:43:10 PM  CPU    %usr   %nice    %sys %iowait    %irq   %soft  %steal  %guest  %gnice   %idle
02:43:11 PM    0   38.38    0.00   17.17    0.00    0.00    3.03    0.00    0.00    0.00   41.41

02:43:11 PM  CPU    %usr   %nice    %sys %iowait    %irq   %soft  %steal  %guest  %gnice   %idle
02:43:12 PM    0   40.59    0.00   15.84    0.00    0.00    2.97    0.00    0.00    0.00   40.59

02:43:12 PM  CPU    %usr   %nice    %sys %iowait    %irq   %soft  %steal  %guest  %gnice   %idle
02:43:13 PM    0   37.25    0.00   16.67    0.00    0.00    5.88    0.00    0.00    0.00   40.20

02:43:13 PM  CPU    %usr   %nice    %sys %iowait    %irq   %soft  %steal  %guest  %gnice   %idle
02:43:14 PM    0   38.14    0.00   16.49    0.00    0.00    3.09    0.00    0.00    0.00   42.27

02:43:14 PM  CPU    %usr   %nice    %sys %iowait    %irq   %soft  %steal  %guest  %gnice   %idle
02:43:15 PM    0   40.40    0.00   16.16    0.00    0.00    3.03    0.00    0.00    0.00   40.40

02:43:15 PM  CPU    %usr   %nice    %sys %iowait    %irq   %soft  %steal  %guest  %gnice   %idle
02:43:16 PM    0   39.00    0.00   14.00    0.00    0.00    6.00    0.00    0.00    0.00   41.00

02:43:16 PM  CPU    %usr   %nice    %sys %iowait    %irq   %soft  %steal  %guest  %gnice   %idle
02:43:17 PM    0   38.54    0.00   14.58    0.00    0.00    4.17    0.00    0.00    0.00   42.71

02:43:17 PM  CPU    %usr   %nice    %sys %iowait    %irq   %soft  %steal  %guest  %gnice   %idle
02:43:18 PM    0   37.76    0.00   14.29    0.00    0.00    6.12    0.00    0.00    0.00   41.84

02:43:18 PM  CPU    %usr   %nice    %sys %iowait    %irq   %soft  %steal  %guest  %gnice   %idle
02:43:19 PM    0   38.61    0.00   16.83    0.00    0.00    3.96    0.00    0.00    0.00   40.59

02:43:19 PM  CPU    %usr   %nice    %sys %iowait    %irq   %soft  %steal  %guest  %gnice   %idle
02:43:20 PM    0   41.00    0.00   17.00    0.00    0.00    2.00    0.00    0.00    0.00   40.00

02:43:20 PM  CPU    %usr   %nice    %sys %iowait    %irq   %soft  %steal  %guest  %gnice   %idle
02:43:21 PM    0   42.57    0.00   14.85    0.00    0.00    2.97    0.00    0.00    0.00   39.60

02:43:21 PM  CPU    %usr   %nice    %sys %iowait    %irq   %soft  %steal  %guest  %gnice   %idle
02:43:22 PM    0   39.58    0.00   11.46    0.00    0.00    6.25    0.00    0.00    0.00   42.71

02:43:22 PM  CPU    %usr   %nice    %sys %iowait    %irq   %soft  %steal  %guest  %gnice   %idle
02:43:23 PM    0   37.37    0.00   21.21    0.00    0.00    2.02    0.00    0.00    0.00   39.39

02:43:23 PM  CPU    %usr   %nice    %sys %iowait    %irq   %soft  %steal  %guest  %gnice   %idle
02:43:24 PM    0   39.18    0.00   16.49    0.00    0.00    2.06    0.00    0.00    0.00   42.27

02:43:24 PM  CPU    %usr   %nice    %sys %iowait    %irq   %soft  %steal  %guest  %gnice   %idle
02:43:25 PM    0   39.39    0.00   15.15    0.00    0.00    5.05    0.00    0.00    0.00   40.40

02:43:25 PM  CPU    %usr   %nice    %sys %iowait    %irq   %soft  %steal  %guest  %gnice   %idle
02:43:26 PM    0   38.78    0.00   17.35    0.00    0.00    2.04    0.00    0.00    0.00   41.84

02:43:26 PM  CPU    %usr   %nice    %sys %iowait    %irq   %soft  %steal  %guest  %gnice   %idle
02:43:27 PM    0   35.35    0.00   17.17    0.00    0.00    5.05    0.00    0.00    0.00   42.42

02:43:27 PM  CPU    %usr   %nice    %sys %iowait    %irq   %soft  %steal  %guest  %gnice   %idle
02:43:28 PM    0   37.11    0.00   17.53    0.00    0.00    3.09    0.00    0.00    0.00   42.27

02:43:28 PM  CPU    %usr   %nice    %sys %iowait    %irq   %soft  %steal  %guest  %gnice   %idle
02:43:29 PM    0   43.56    0.00   12.87    0.00    0.00    3.96    0.00    0.00    0.00   39.60

02:43:29 PM  CPU    %usr   %nice    %sys %iowait    %irq   %soft  %steal  %guest  %gnice   %idle
02:43:30 PM    0   37.37    0.00   18.18    0.00    0.00    4.04    0.00    0.00    0.00   40.40

02:43:30 PM  CPU    %usr   %nice    %sys %iowait    %irq   %soft  %steal  %guest  %gnice   %idle
02:43:32 PM    0   40.00    0.00   14.00    0.00    0.00    5.00    0.00    0.00    0.00   41.00

02:43:32 PM  CPU    %usr   %nice    %sys %iowait    %irq   %soft  %steal  %guest  %gnice   %idle
02:43:33 PM    0   35.64    0.00   18.81    0.00    0.00    5.94    0.00    0.00    0.00   39.60

02:43:33 PM  CPU    %usr   %nice    %sys %iowait    %irq   %soft  %steal  %guest  %gnice   %idle
02:43:34 PM    0   43.00    0.00   14.00    0.00    0.00    2.00    0.00    0.00    0.00   41.00

02:43:34 PM  CPU    %usr   %nice    %sys %iowait    %irq   %soft  %steal  %guest  %gnice   %idle
02:43:35 PM    0   37.37    0.00   15.15    0.00    0.00    5.05    0.00    0.00    0.00   42.42

02:43:35 PM  CPU    %usr   %nice    %sys %iowait    %irq   %soft  %steal  %guest  %gnice   %idle
02:43:36 PM    0   38.54    0.00   16.67    0.00    0.00    2.08    0.00    0.00    0.00   42.71

02:43:36 PM  CPU    %usr   %nice    %sys %iowait    %irq   %soft  %steal  %guest  %gnice   %idle
02:43:37 PM    0   41.41    0.00   14.14    0.00    0.00    3.03    0.00    0.00    0.00   41.41

02:43:37 PM  CPU    %usr   %nice    %sys %iowait    %irq   %soft  %steal  %guest  %gnice   %idle
02:43:38 PM    0   41.41    0.00   15.15    0.00    0.00    3.03    0.00    0.00    0.00   40.40

02:43:38 PM  CPU    %usr   %nice    %sys %iowait    %irq   %soft  %steal  %guest  %gnice   %idle
02:43:39 PM    0   37.00    0.00   20.00    0.00    0.00    2.00    0.00    0.00    0.00   41.00

02:43:39 PM  CPU    %usr   %nice    %sys %iowait    %irq   %soft  %steal  %guest  %gnice   %idle
02:43:40 PM    0   36.17    0.00   15.96    0.00    0.00    5.32    0.00    0.00    0.00   42.55

02:43:40 PM  CPU    %usr   %nice    %sys %iowait    %irq   %soft  %steal  %guest  %gnice   %idle
02:43:41 PM    0   41.24    0.00   16.49    0.00    0.00    2.06    0.00    0.00    0.00   40.21

02:43:41 PM  CPU    %usr   %nice    %sys %iowait    %irq   %soft  %steal  %guest  %gnice   %idle
02:43:42 PM    0   43.56    0.00   13.86    0.00    0.00    2.97    0.00    0.00    0.00   39.60

02:43:42 PM  CPU    %usr   %nice    %sys %iowait    %irq   %soft  %steal  %guest  %gnice   %idle
02:43:43 PM    0   43.30    0.00   12.37    0.00    0.00    4.12    0.00    0.00    0.00   40.21

02:43:43 PM  CPU    %usr   %nice    %sys %iowait    %irq   %soft  %steal  %guest  %gnice   %idle
02:43:44 PM    0   39.39    0.00   16.16    0.00    0.00    4.04    0.00    0.00    0.00   40.40

Average:     CPU    %usr   %nice    %sys %iowait    %irq   %soft  %steal  %guest  %gnice   %idle
Average:       0   39.14    0.00   15.59    0.00    0.00    4.09    0.00    0.00    0.00   41.18
