54
49
49
49
49
49
49
49
49
50
49
50
49
49
48
49
48
48
50
48
48
48
49
50
48
48
49
49
50
50
49
49
49
49
49
50
50
50
50
49
49
48
48
48
51
48
48
50
50
48
48
48
48
48
49
48
48
48
48
49
49
48
48
48
48
49
49
48
48
48
48
49
48
48
49
48
49
48
48
48
49
49
48
49
49
49
50
49
50
50
50
49
51
50
49
50
49
50
49
50
49
49
49
48
49
49
49
50
49
49
49
49
48
49
49
49
49
49
49
49
48
48
48
48
48
48
48
50
50
50
50
50
49
49
49
50
50
49
49
54
49
51
49
49
48
58
49
55
48
49
48
48
48
49
50
55
55
53
51
49
49
49
49
49
49
57
55
62
53
49
51
50
50
49
50
50
57
59
53
50
49
49
49
49
49
49
57
55
55
54
49
49
50
50
50
54
54
50
56
53
