Linux 5.3.0-61-generic (cw-zenbook) 	07/16/2020 	_x86_64_	(8 CPU)

05:16:10 PM  CPU    %usr   %nice    %sys %iowait    %irq   %soft  %steal  %guest  %gnice   %idle
05:16:11 PM    0   54.08    0.00   19.39    0.00    0.00    6.12    0.00    0.00    0.00   20.41

05:16:11 PM  CPU    %usr   %nice    %sys %iowait    %irq   %soft  %steal  %guest  %gnice   %idle
05:16:12 PM    0   57.43    0.00   15.84    0.00    0.00    5.94    0.00    0.00    0.00   20.79

05:16:12 PM  CPU    %usr   %nice    %sys %iowait    %irq   %soft  %steal  %guest  %gnice   %idle
05:16:13 PM    0   53.54    0.00   17.17    0.00    0.00    8.08    0.00    0.00    0.00   21.21

05:16:13 PM  CPU    %usr   %nice    %sys %iowait    %irq   %soft  %steal  %guest  %gnice   %idle
05:16:14 PM    0   54.46    0.00   21.78    0.00    0.00    2.97    0.00    0.00    0.00   20.79

05:16:14 PM  CPU    %usr   %nice    %sys %iowait    %irq   %soft  %steal  %guest  %gnice   %idle
05:16:15 PM    0   52.48    0.00   22.77    0.00    0.00    3.96    0.00    0.00    0.00   20.79

05:16:15 PM  CPU    %usr   %nice    %sys %iowait    %irq   %soft  %steal  %guest  %gnice   %idle
05:16:16 PM    0   55.34    0.00   21.36    0.00    0.00    3.88    0.00    0.00    0.00   19.42

05:16:16 PM  CPU    %usr   %nice    %sys %iowait    %irq   %soft  %steal  %guest  %gnice   %idle
05:16:17 PM    0   55.56    0.00   18.18    0.00    0.00    5.05    0.00    0.00    0.00   21.21

05:16:17 PM  CPU    %usr   %nice    %sys %iowait    %irq   %soft  %steal  %guest  %gnice   %idle
05:16:18 PM    0   50.00    0.00   24.49    0.00    0.00    4.08    0.00    0.00    0.00   21.43

05:16:18 PM  CPU    %usr   %nice    %sys %iowait    %irq   %soft  %steal  %guest  %gnice   %idle
05:16:19 PM    0   55.56    0.00   19.19    0.00    0.00    4.04    0.00    0.00    0.00   21.21

05:16:19 PM  CPU    %usr   %nice    %sys %iowait    %irq   %soft  %steal  %guest  %gnice   %idle
05:16:20 PM    0   46.53    0.00   25.74    0.00    0.00    6.93    0.00    0.00    0.00   20.79

05:16:20 PM  CPU    %usr   %nice    %sys %iowait    %irq   %soft  %steal  %guest  %gnice   %idle
05:16:21 PM    0   58.59    0.00   18.18    0.00    0.00    2.02    0.00    0.00    0.00   21.21

05:16:21 PM  CPU    %usr   %nice    %sys %iowait    %irq   %soft  %steal  %guest  %gnice   %idle
05:16:22 PM    0   51.46    0.00   23.30    0.00    0.00    4.85    0.00    0.00    0.00   20.39

05:16:22 PM  CPU    %usr   %nice    %sys %iowait    %irq   %soft  %steal  %guest  %gnice   %idle
05:16:23 PM    0   48.00    0.00   25.00    0.00    0.00    6.00    0.00    0.00    0.00   21.00

05:16:23 PM  CPU    %usr   %nice    %sys %iowait    %irq   %soft  %steal  %guest  %gnice   %idle
05:16:24 PM    0   54.64    0.00   17.53    0.00    0.00    7.22    0.00    0.00    0.00   20.62

05:16:24 PM  CPU    %usr   %nice    %sys %iowait    %irq   %soft  %steal  %guest  %gnice   %idle
05:16:25 PM    0   51.49    0.00   21.78    0.00    0.00    5.94    0.00    0.00    0.00   20.79

05:16:25 PM  CPU    %usr   %nice    %sys %iowait    %irq   %soft  %steal  %guest  %gnice   %idle
05:16:26 PM    0   54.08    0.00   18.37    0.00    0.00    6.12    0.00    0.00    0.00   21.43

05:16:26 PM  CPU    %usr   %nice    %sys %iowait    %irq   %soft  %steal  %guest  %gnice   %idle
05:16:27 PM    0   55.56    0.00   18.18    0.00    0.00    5.05    0.00    0.00    0.00   21.21

05:16:27 PM  CPU    %usr   %nice    %sys %iowait    %irq   %soft  %steal  %guest  %gnice   %idle
05:16:28 PM    0   50.50    0.00   23.76    0.00    0.00    4.95    0.00    0.00    0.00   20.79

05:16:28 PM  CPU    %usr   %nice    %sys %iowait    %irq   %soft  %steal  %guest  %gnice   %idle
05:16:29 PM    0   55.00    0.00   18.00    0.00    0.00    6.00    0.00    0.00    0.00   21.00

05:16:29 PM  CPU    %usr   %nice    %sys %iowait    %irq   %soft  %steal  %guest  %gnice   %idle
05:16:30 PM    0   57.73    0.00   16.49    0.00    0.00    5.15    0.00    0.00    0.00   20.62

05:16:30 PM  CPU    %usr   %nice    %sys %iowait    %irq   %soft  %steal  %guest  %gnice   %idle
05:16:31 PM    0   48.08    0.00   23.08    0.00    0.00    7.69    0.00    0.00    0.00   21.15

05:16:31 PM  CPU    %usr   %nice    %sys %iowait    %irq   %soft  %steal  %guest  %gnice   %idle
05:16:32 PM    0   51.02    0.00   22.45    0.00    0.00    5.10    0.00    0.00    0.00   21.43

05:16:32 PM  CPU    %usr   %nice    %sys %iowait    %irq   %soft  %steal  %guest  %gnice   %idle
05:16:33 PM    0   50.51    0.00   20.20    0.00    0.00    7.07    0.00    0.00    0.00   22.22

05:16:33 PM  CPU    %usr   %nice    %sys %iowait    %irq   %soft  %steal  %guest  %gnice   %idle
05:16:34 PM    0   54.46    0.00   17.82    0.00    0.00    6.93    0.00    0.00    0.00   20.79

05:16:34 PM  CPU    %usr   %nice    %sys %iowait    %irq   %soft  %steal  %guest  %gnice   %idle
05:16:35 PM    0   53.40    0.00   19.42    0.00    0.00    5.83    0.00    0.00    0.00   21.36

05:16:35 PM  CPU    %usr   %nice    %sys %iowait    %irq   %soft  %steal  %guest  %gnice   %idle
05:16:36 PM    0   52.53    0.00   23.23    0.00    0.00    3.03    0.00    0.00    0.00   21.21

05:16:36 PM  CPU    %usr   %nice    %sys %iowait    %irq   %soft  %steal  %guest  %gnice   %idle
05:16:37 PM    0   53.47    0.00   20.79    0.00    0.00    4.95    0.00    0.00    0.00   20.79

05:16:37 PM  CPU    %usr   %nice    %sys %iowait    %irq   %soft  %steal  %guest  %gnice   %idle
05:16:38 PM    0   55.10    0.00   20.41    0.00    0.00    4.08    0.00    0.00    0.00   20.41

05:16:38 PM  CPU    %usr   %nice    %sys %iowait    %irq   %soft  %steal  %guest  %gnice   %idle
05:16:39 PM    0   53.06    0.00   20.41    0.00    0.00    5.10    0.00    0.00    0.00   21.43

05:16:39 PM  CPU    %usr   %nice    %sys %iowait    %irq   %soft  %steal  %guest  %gnice   %idle
05:16:40 PM    0   53.61    0.00   19.59    0.00    0.00    5.15    0.00    0.00    0.00   21.65

05:16:40 PM  CPU    %usr   %nice    %sys %iowait    %irq   %soft  %steal  %guest  %gnice   %idle
05:16:41 PM    0   54.00    0.00   18.00    0.00    0.00    6.00    0.00    0.00    0.00   22.00

05:16:41 PM  CPU    %usr   %nice    %sys %iowait    %irq   %soft  %steal  %guest  %gnice   %idle
05:16:42 PM    0   51.52    0.00   23.23    0.00    0.00    5.05    0.00    0.00    0.00   20.20

05:16:42 PM  CPU    %usr   %nice    %sys %iowait    %irq   %soft  %steal  %guest  %gnice   %idle
05:16:43 PM    0   55.10    0.00   17.35    0.00    0.00    6.12    0.00    0.00    0.00   21.43

05:16:43 PM  CPU    %usr   %nice    %sys %iowait    %irq   %soft  %steal  %guest  %gnice   %idle
05:16:44 PM    0   51.00    0.00   24.00    0.00    0.00    4.00    0.00    0.00    0.00   21.00

05:16:44 PM  CPU    %usr   %nice    %sys %iowait    %irq   %soft  %steal  %guest  %gnice   %idle
05:16:45 PM    0   50.00    0.00   23.00    0.00    0.00    6.00    0.00    0.00    0.00   21.00

05:16:45 PM  CPU    %usr   %nice    %sys %iowait    %irq   %soft  %steal  %guest  %gnice   %idle
05:16:46 PM    0   56.44    0.00   19.80    0.00    0.00    2.97    0.00    0.00    0.00   20.79

05:16:46 PM  CPU    %usr   %nice    %sys %iowait    %irq   %soft  %steal  %guest  %gnice   %idle
05:16:47 PM    0   50.50    0.00   20.79    0.00    0.00    7.92    0.00    0.00    0.00   20.79

05:16:47 PM  CPU    %usr   %nice    %sys %iowait    %irq   %soft  %steal  %guest  %gnice   %idle
05:16:48 PM    0   52.04    0.00   23.47    0.00    0.00    3.06    0.00    0.00    0.00   21.43

05:16:48 PM  CPU    %usr   %nice    %sys %iowait    %irq   %soft  %steal  %guest  %gnice   %idle
05:16:49 PM    0   51.52    0.00   21.21    0.00    0.00    7.07    0.00    0.00    0.00   20.20

05:16:49 PM  CPU    %usr   %nice    %sys %iowait    %irq   %soft  %steal  %guest  %gnice   %idle
05:16:50 PM    0   53.00    0.00   20.00    0.00    0.00    6.00    0.00    0.00    0.00   21.00

05:16:50 PM  CPU    %usr   %nice    %sys %iowait    %irq   %soft  %steal  %guest  %gnice   %idle
05:16:51 PM    0   54.00    0.00   21.00    0.00    0.00    4.00    0.00    0.00    0.00   21.00

05:16:51 PM  CPU    %usr   %nice    %sys %iowait    %irq   %soft  %steal  %guest  %gnice   %idle
05:16:52 PM    0   52.04    0.00   22.45    0.00    0.00    4.08    0.00    0.00    0.00   21.43

05:16:52 PM  CPU    %usr   %nice    %sys %iowait    %irq   %soft  %steal  %guest  %gnice   %idle
05:16:53 PM    0   56.19    0.00   17.14    0.00    0.00    5.71    0.00    0.00    0.00   20.95

05:16:53 PM  CPU    %usr   %nice    %sys %iowait    %irq   %soft  %steal  %guest  %gnice   %idle
05:16:54 PM    0   52.53    0.00   22.22    0.00    0.00    5.05    0.00    0.00    0.00   20.20

05:16:54 PM  CPU    %usr   %nice    %sys %iowait    %irq   %soft  %steal  %guest  %gnice   %idle
05:16:55 PM    0   54.46    0.00   19.80    0.00    0.00    4.95    0.00    0.00    0.00   20.79

05:16:55 PM  CPU    %usr   %nice    %sys %iowait    %irq   %soft  %steal  %guest  %gnice   %idle
05:16:56 PM    0   58.82    0.00   17.65    0.00    0.00    2.94    0.00    0.00    0.00   20.59

05:16:56 PM  CPU    %usr   %nice    %sys %iowait    %irq   %soft  %steal  %guest  %gnice   %idle
05:16:57 PM    0   52.53    0.00   21.21    0.00    0.00    5.05    0.00    0.00    0.00   21.21

05:16:57 PM  CPU    %usr   %nice    %sys %iowait    %irq   %soft  %steal  %guest  %gnice   %idle
05:16:58 PM    0   50.51    0.00   21.21    0.00    0.00    7.07    0.00    0.00    0.00   21.21

05:16:58 PM  CPU    %usr   %nice    %sys %iowait    %irq   %soft  %steal  %guest  %gnice   %idle
05:16:59 PM    0   54.00    0.00   18.00    0.00    0.00    7.00    0.00    0.00    0.00   21.00

05:16:59 PM  CPU    %usr   %nice    %sys %iowait    %irq   %soft  %steal  %guest  %gnice   %idle
05:17:00 PM    0   52.58    0.00   17.53    0.00    0.00    6.19    0.00    0.00    0.00   23.71

05:17:00 PM  CPU    %usr   %nice    %sys %iowait    %irq   %soft  %steal  %guest  %gnice   %idle
05:17:01 PM    0   53.47    0.00   20.79    0.00    0.00    4.95    0.00    0.00    0.00   20.79

05:17:01 PM  CPU    %usr   %nice    %sys %iowait    %irq   %soft  %steal  %guest  %gnice   %idle
05:17:02 PM    0   53.00    0.00   21.00    0.00    0.00    5.00    0.00    0.00    0.00   21.00

05:17:02 PM  CPU    %usr   %nice    %sys %iowait    %irq   %soft  %steal  %guest  %gnice   %idle
05:17:03 PM    0   48.00    0.00   21.00    0.00    0.00    9.00    0.00    0.00    0.00   22.00

05:17:03 PM  CPU    %usr   %nice    %sys %iowait    %irq   %soft  %steal  %guest  %gnice   %idle
05:17:04 PM    0   55.00    0.00   16.00    0.00    0.00    8.00    0.00    0.00    0.00   21.00

05:17:04 PM  CPU    %usr   %nice    %sys %iowait    %irq   %soft  %steal  %guest  %gnice   %idle
05:17:05 PM    0   56.00    0.00   19.00    0.00    0.00    4.00    0.00    0.00    0.00   21.00

05:17:05 PM  CPU    %usr   %nice    %sys %iowait    %irq   %soft  %steal  %guest  %gnice   %idle
05:17:06 PM    0   50.00    0.00   24.51    0.00    0.00    4.90    0.00    0.00    0.00   20.59

05:17:06 PM  CPU    %usr   %nice    %sys %iowait    %irq   %soft  %steal  %guest  %gnice   %idle
05:17:07 PM    0   55.88    0.00   19.61    0.00    0.00    4.90    0.00    0.00    0.00   19.61

05:17:07 PM  CPU    %usr   %nice    %sys %iowait    %irq   %soft  %steal  %guest  %gnice   %idle
05:17:08 PM    0   54.64    0.00   18.56    0.00    0.00    5.15    0.00    0.00    0.00   21.65

05:17:08 PM  CPU    %usr   %nice    %sys %iowait    %irq   %soft  %steal  %guest  %gnice   %idle
05:17:09 PM    0   52.00    0.00   21.00    0.00    0.00    6.00    0.00    0.00    0.00   21.00

05:17:09 PM  CPU    %usr   %nice    %sys %iowait    %irq   %soft  %steal  %guest  %gnice   %idle
05:17:10 PM    0   56.31    0.00   20.39    0.00    0.00    1.94    0.00    0.00    0.00   21.36

05:17:10 PM  CPU    %usr   %nice    %sys %iowait    %irq   %soft  %steal  %guest  %gnice   %idle
05:17:11 PM    0   52.53    0.00   23.23    0.00    0.00    3.03    0.00    0.00    0.00   21.21

05:17:11 PM  CPU    %usr   %nice    %sys %iowait    %irq   %soft  %steal  %guest  %gnice   %idle
05:17:12 PM    0   55.10    0.00   21.43    0.00    0.00    3.06    0.00    0.00    0.00   20.41

05:17:12 PM  CPU    %usr   %nice    %sys %iowait    %irq   %soft  %steal  %guest  %gnice   %idle
05:17:13 PM    0   47.52    0.00   28.71    0.00    0.00    2.97    0.00    0.00    0.00   20.79

05:17:13 PM  CPU    %usr   %nice    %sys %iowait    %irq   %soft  %steal  %guest  %gnice   %idle
05:17:14 PM    0   53.54    0.00   20.20    0.00    0.00    6.06    0.00    0.00    0.00   20.20

05:17:14 PM  CPU    %usr   %nice    %sys %iowait    %irq   %soft  %steal  %guest  %gnice   %idle
05:17:15 PM    0   51.00    0.00   22.00    0.00    0.00    6.00    0.00    0.00    0.00   21.00

05:17:15 PM  CPU    %usr   %nice    %sys %iowait    %irq   %soft  %steal  %guest  %gnice   %idle
05:17:16 PM    0   56.31    0.00   18.45    0.00    0.00    4.85    0.00    0.00    0.00   20.39

05:17:16 PM  CPU    %usr   %nice    %sys %iowait    %irq   %soft  %steal  %guest  %gnice   %idle
05:17:17 PM    0   51.02    0.00   25.51    0.00    0.00    2.04    0.00    0.00    0.00   21.43

05:17:17 PM  CPU    %usr   %nice    %sys %iowait    %irq   %soft  %steal  %guest  %gnice   %idle
05:17:18 PM    0   54.64    0.00   19.59    0.00    0.00    4.12    0.00    0.00    0.00   21.65

05:17:18 PM  CPU    %usr   %nice    %sys %iowait    %irq   %soft  %steal  %guest  %gnice   %idle
05:17:19 PM    0   51.00    0.00   21.00    0.00    0.00    7.00    0.00    0.00    0.00   21.00

05:17:19 PM  CPU    %usr   %nice    %sys %iowait    %irq   %soft  %steal  %guest  %gnice   %idle
05:17:20 PM    0   52.08    0.00   22.92    0.00    0.00    3.12    0.00    0.00    0.00   21.88

05:17:20 PM  CPU    %usr   %nice    %sys %iowait    %irq   %soft  %steal  %guest  %gnice   %idle
05:17:21 PM    0   50.00    0.00   25.00    0.00    0.00    4.00    0.00    0.00    0.00   21.00

05:17:21 PM  CPU    %usr   %nice    %sys %iowait    %irq   %soft  %steal  %guest  %gnice   %idle
05:17:22 PM    0   50.00    0.00   22.45    0.00    0.00    6.12    0.00    0.00    0.00   21.43

05:17:22 PM  CPU    %usr   %nice    %sys %iowait    %irq   %soft  %steal  %guest  %gnice   %idle
05:17:23 PM    0   54.55    0.00   18.18    0.00    0.00    6.06    0.00    0.00    0.00   21.21

05:17:23 PM  CPU    %usr   %nice    %sys %iowait    %irq   %soft  %steal  %guest  %gnice   %idle
05:17:24 PM    0   50.50    0.00   20.79    0.00    0.00    7.92    0.00    0.00    0.00   20.79

05:17:24 PM  CPU    %usr   %nice    %sys %iowait    %irq   %soft  %steal  %guest  %gnice   %idle
05:17:25 PM    0   54.00    0.00   22.00    0.00    0.00    4.00    0.00    0.00    0.00   20.00

05:17:25 PM  CPU    %usr   %nice    %sys %iowait    %irq   %soft  %steal  %guest  %gnice   %idle
05:17:26 PM    0   53.06    0.00   21.43    0.00    0.00    4.08    0.00    0.00    0.00   21.43

05:17:26 PM  CPU    %usr   %nice    %sys %iowait    %irq   %soft  %steal  %guest  %gnice   %idle
05:17:27 PM    0   51.49    0.00   22.77    0.00    0.00    5.94    0.00    0.00    0.00   19.80

05:17:27 PM  CPU    %usr   %nice    %sys %iowait    %irq   %soft  %steal  %guest  %gnice   %idle
05:17:28 PM    0   56.57    0.00   17.17    0.00    0.00    5.05    0.00    0.00    0.00   21.21

05:17:28 PM  CPU    %usr   %nice    %sys %iowait    %irq   %soft  %steal  %guest  %gnice   %idle
05:17:29 PM    0   48.98    0.00   22.45    0.00    0.00    7.14    0.00    0.00    0.00   21.43

05:17:29 PM  CPU    %usr   %nice    %sys %iowait    %irq   %soft  %steal  %guest  %gnice   %idle
05:17:30 PM    0   50.49    0.00   23.30    0.00    0.00    5.83    0.00    0.00    0.00   20.39

05:17:30 PM  CPU    %usr   %nice    %sys %iowait    %irq   %soft  %steal  %guest  %gnice   %idle
05:17:31 PM    0   52.00    0.00   23.00    0.00    0.00    3.00    0.00    0.00    0.00   22.00

05:17:31 PM  CPU    %usr   %nice    %sys %iowait    %irq   %soft  %steal  %guest  %gnice   %idle
05:17:32 PM    0   55.67    0.00   18.56    0.00    0.00    5.15    0.00    0.00    0.00   20.62

05:17:32 PM  CPU    %usr   %nice    %sys %iowait    %irq   %soft  %steal  %guest  %gnice   %idle
05:17:33 PM    0   53.92    0.00   19.61    0.00    0.00    5.88    0.00    0.00    0.00   20.59

05:17:33 PM  CPU    %usr   %nice    %sys %iowait    %irq   %soft  %steal  %guest  %gnice   %idle
05:17:34 PM    0   53.68    0.00   20.00    0.00    0.00    4.21    0.00    0.00    0.00   22.11

05:17:34 PM  CPU    %usr   %nice    %sys %iowait    %irq   %soft  %steal  %guest  %gnice   %idle
05:17:35 PM    0   51.49    0.00   20.79    0.00    0.00    6.93    0.00    0.00    0.00   20.79

05:17:35 PM  CPU    %usr   %nice    %sys %iowait    %irq   %soft  %steal  %guest  %gnice   %idle
05:17:36 PM    0   52.48    0.00   19.80    0.00    0.00    6.93    0.00    0.00    0.00   20.79

05:17:36 PM  CPU    %usr   %nice    %sys %iowait    %irq   %soft  %steal  %guest  %gnice   %idle
05:17:37 PM    0   58.16    0.00   17.35    0.00    0.00    4.08    0.00    0.00    0.00   20.41

05:17:37 PM  CPU    %usr   %nice    %sys %iowait    %irq   %soft  %steal  %guest  %gnice   %idle
05:17:38 PM    0   47.42    0.00   26.80    0.00    0.00    4.12    0.00    0.00    0.00   21.65

05:17:38 PM  CPU    %usr   %nice    %sys %iowait    %irq   %soft  %steal  %guest  %gnice   %idle
05:17:39 PM    0   49.49    0.00   22.22    0.00    0.00    7.07    0.00    0.00    0.00   21.21

05:17:39 PM  CPU    %usr   %nice    %sys %iowait    %irq   %soft  %steal  %guest  %gnice   %idle
05:17:40 PM    0   54.64    0.00   18.56    0.00    0.00    5.15    0.00    0.00    0.00   21.65

05:17:40 PM  CPU    %usr   %nice    %sys %iowait    %irq   %soft  %steal  %guest  %gnice   %idle
05:17:41 PM    0   51.02    0.00   18.37    0.00    0.00    8.16    0.00    0.00    0.00   22.45

05:17:41 PM  CPU    %usr   %nice    %sys %iowait    %irq   %soft  %steal  %guest  %gnice   %idle
05:17:42 PM    0   54.00    0.00   22.00    0.00    0.00    3.00    0.00    0.00    0.00   21.00

05:17:42 PM  CPU    %usr   %nice    %sys %iowait    %irq   %soft  %steal  %guest  %gnice   %idle
05:17:43 PM    0   51.46    0.00   24.27    0.00    0.00    3.88    0.00    0.00    0.00   20.39

05:17:43 PM  CPU    %usr   %nice    %sys %iowait    %irq   %soft  %steal  %guest  %gnice   %idle
05:17:44 PM    0   54.37    0.00   22.33    0.00    0.00    3.88    0.00    0.00    0.00   19.42

05:17:44 PM  CPU    %usr   %nice    %sys %iowait    %irq   %soft  %steal  %guest  %gnice   %idle
05:17:45 PM    0   51.96    0.00   20.59    0.00    0.00    6.86    0.00    0.00    0.00   20.59

05:17:45 PM  CPU    %usr   %nice    %sys %iowait    %irq   %soft  %steal  %guest  %gnice   %idle
05:17:46 PM    0   52.48    0.00   21.78    0.00    0.00    4.95    0.00    0.00    0.00   20.79

05:17:46 PM  CPU    %usr   %nice    %sys %iowait    %irq   %soft  %steal  %guest  %gnice   %idle
05:17:47 PM    0   48.51    0.00   23.76    0.00    0.00    6.93    0.00    0.00    0.00   20.79

05:17:47 PM  CPU    %usr   %nice    %sys %iowait    %irq   %soft  %steal  %guest  %gnice   %idle
05:17:48 PM    0   50.00    0.00   23.00    0.00    0.00    6.00    0.00    0.00    0.00   21.00

05:17:48 PM  CPU    %usr   %nice    %sys %iowait    %irq   %soft  %steal  %guest  %gnice   %idle
05:17:49 PM    0   50.52    0.00   21.65    0.00    0.00    6.19    0.00    0.00    0.00   21.65

05:17:49 PM  CPU    %usr   %nice    %sys %iowait    %irq   %soft  %steal  %guest  %gnice   %idle
05:17:50 PM    0   53.00    0.00   20.00    0.00    0.00    6.00    0.00    0.00    0.00   21.00

05:17:50 PM  CPU    %usr   %nice    %sys %iowait    %irq   %soft  %steal  %guest  %gnice   %idle
05:17:51 PM    0   51.55    0.00   20.62    0.00    0.00    5.15    0.00    0.00    0.00   22.68

05:17:51 PM  CPU    %usr   %nice    %sys %iowait    %irq   %soft  %steal  %guest  %gnice   %idle
05:17:52 PM    0   50.00    0.00   23.53    0.00    0.00    5.88    0.00    0.00    0.00   20.59

05:17:52 PM  CPU    %usr   %nice    %sys %iowait    %irq   %soft  %steal  %guest  %gnice   %idle
05:17:53 PM    0   50.00    0.00   24.49    0.00    0.00    5.10    0.00    0.00    0.00   20.41

05:17:53 PM  CPU    %usr   %nice    %sys %iowait    %irq   %soft  %steal  %guest  %gnice   %idle
05:17:54 PM    0   46.53    0.00   26.73    0.00    0.00    4.95    0.00    0.00    0.00   21.78

05:17:54 PM  CPU    %usr   %nice    %sys %iowait    %irq   %soft  %steal  %guest  %gnice   %idle
05:17:55 PM    0   53.06    0.00   18.37    0.00    0.00    7.14    0.00    0.00    0.00   21.43

05:17:55 PM  CPU    %usr   %nice    %sys %iowait    %irq   %soft  %steal  %guest  %gnice   %idle
05:17:56 PM    0   51.00    0.00   20.00    0.00    0.00    7.00    0.00    0.00    0.00   22.00

05:17:56 PM  CPU    %usr   %nice    %sys %iowait    %irq   %soft  %steal  %guest  %gnice   %idle
05:17:57 PM    0   51.04    0.00   23.96    0.00    0.00    4.17    0.00    0.00    0.00   20.83

05:17:57 PM  CPU    %usr   %nice    %sys %iowait    %irq   %soft  %steal  %guest  %gnice   %idle
05:17:58 PM    0   53.54    0.00   19.19    0.00    0.00    6.06    0.00    0.00    0.00   21.21

05:17:58 PM  CPU    %usr   %nice    %sys %iowait    %irq   %soft  %steal  %guest  %gnice   %idle
05:17:59 PM    0   51.00    0.00   23.00    0.00    0.00    5.00    0.00    0.00    0.00   21.00

05:17:59 PM  CPU    %usr   %nice    %sys %iowait    %irq   %soft  %steal  %guest  %gnice   %idle
05:18:00 PM    0   45.54    0.00   25.74    0.00    0.00    5.94    0.00    0.00    0.00   22.77

05:18:00 PM  CPU    %usr   %nice    %sys %iowait    %irq   %soft  %steal  %guest  %gnice   %idle
05:18:01 PM    0   53.00    0.00   20.00    0.00    0.00    6.00    0.00    0.00    0.00   21.00

05:18:01 PM  CPU    %usr   %nice    %sys %iowait    %irq   %soft  %steal  %guest  %gnice   %idle
05:18:02 PM    0   55.00    0.00   20.00    0.00    0.00    4.00    0.00    0.00    0.00   21.00

05:18:02 PM  CPU    %usr   %nice    %sys %iowait    %irq   %soft  %steal  %guest  %gnice   %idle
05:18:03 PM    0   56.12    0.00   17.35    0.00    0.00    5.10    0.00    0.00    0.00   21.43

05:18:03 PM  CPU    %usr   %nice    %sys %iowait    %irq   %soft  %steal  %guest  %gnice   %idle
05:18:04 PM    0   55.00    0.00   22.00    0.00    0.00    2.00    0.00    0.00    0.00   21.00

05:18:04 PM  CPU    %usr   %nice    %sys %iowait    %irq   %soft  %steal  %guest  %gnice   %idle
05:18:05 PM    0   55.00    0.00   19.00    0.00    0.00    5.00    0.00    0.00    0.00   21.00

05:18:05 PM  CPU    %usr   %nice    %sys %iowait    %irq   %soft  %steal  %guest  %gnice   %idle
05:18:06 PM    0   54.55    0.00   18.18    0.00    0.00    6.06    0.00    0.00    0.00   21.21

05:18:06 PM  CPU    %usr   %nice    %sys %iowait    %irq   %soft  %steal  %guest  %gnice   %idle
05:18:07 PM    0   53.40    0.00   22.33    0.00    0.00    3.88    0.00    0.00    0.00   20.39

05:18:07 PM  CPU    %usr   %nice    %sys %iowait    %irq   %soft  %steal  %guest  %gnice   %idle
05:18:08 PM    0   51.52    0.00   21.21    0.00    0.00    6.06    0.00    0.00    0.00   21.21

05:18:08 PM  CPU    %usr   %nice    %sys %iowait    %irq   %soft  %steal  %guest  %gnice   %idle
05:18:09 PM    0   47.42    0.00   25.77    0.00    0.00    4.12    0.00    0.00    0.00   22.68

05:18:09 PM  CPU    %usr   %nice    %sys %iowait    %irq   %soft  %steal  %guest  %gnice   %idle
05:18:10 PM    0   51.00    0.00   22.00    0.00    0.00    5.00    0.00    0.00    0.00   22.00

Average:     CPU    %usr   %nice    %sys %iowait    %irq   %soft  %steal  %guest  %gnice   %idle
Average:       0   52.67    0.00   21.02    0.00    0.00    5.25    0.00    0.00    0.00   21.07
