Linux 5.3.0-61-generic (cw-zenbook) 	07/16/2020 	_x86_64_	(8 CPU)

04:42:09 PM  CPU    %usr   %nice    %sys %iowait    %irq   %soft  %steal  %guest  %gnice   %idle
04:42:10 PM    0   39.58    0.00   14.58    0.00    0.00    4.17    0.00    0.00    0.00   41.67

04:42:10 PM  CPU    %usr   %nice    %sys %iowait    %irq   %soft  %steal  %guest  %gnice   %idle
04:42:11 PM    0   31.68    0.00   20.79    0.00    0.00    6.93    0.00    0.00    0.00   40.59

04:42:11 PM  CPU    %usr   %nice    %sys %iowait    %irq   %soft  %steal  %guest  %gnice   %idle
04:42:12 PM    0   37.62    0.00   17.82    0.00    0.00    3.96    0.00    0.00    0.00   40.59

04:42:12 PM  CPU    %usr   %nice    %sys %iowait    %irq   %soft  %steal  %guest  %gnice   %idle
04:42:13 PM    0   40.40    0.00   13.13    0.00    0.00    4.04    0.00    0.00    0.00   42.42

04:42:13 PM  CPU    %usr   %nice    %sys %iowait    %irq   %soft  %steal  %guest  %gnice   %idle
04:42:14 PM    0   36.73    0.00   19.39    0.00    0.00    2.04    0.00    0.00    0.00   41.84

04:42:14 PM  CPU    %usr   %nice    %sys %iowait    %irq   %soft  %steal  %guest  %gnice   %idle
04:42:15 PM    0   36.73    0.00   14.29    0.00    0.00    6.12    0.00    0.00    0.00   42.86

04:42:15 PM  CPU    %usr   %nice    %sys %iowait    %irq   %soft  %steal  %guest  %gnice   %idle
04:42:16 PM    0   39.60    0.00   16.83    0.00    0.00    1.98    0.00    0.00    0.00   41.58

04:42:16 PM  CPU    %usr   %nice    %sys %iowait    %irq   %soft  %steal  %guest  %gnice   %idle
04:42:17 PM    0   38.61    0.00   12.87    0.00    0.00    6.93    0.00    0.00    0.00   41.58

04:42:17 PM  CPU    %usr   %nice    %sys %iowait    %irq   %soft  %steal  %guest  %gnice   %idle
04:42:18 PM    0   41.41    0.00   13.13    0.00    0.00    4.04    0.00    0.00    0.00   41.41

04:42:18 PM  CPU    %usr   %nice    %sys %iowait    %irq   %soft  %steal  %guest  %gnice   %idle
04:42:19 PM    0   42.86    0.00   12.24    0.00    0.00    3.06    0.00    0.00    0.00   41.84

04:42:19 PM  CPU    %usr   %nice    %sys %iowait    %irq   %soft  %steal  %guest  %gnice   %idle
04:42:20 PM    0   38.54    0.00   15.62    0.00    0.00    4.17    0.00    0.00    0.00   41.67

04:42:20 PM  CPU    %usr   %nice    %sys %iowait    %irq   %soft  %steal  %guest  %gnice   %idle
04:42:21 PM    0   40.78    0.00   15.53    0.00    0.00    4.85    0.00    0.00    0.00   38.83

04:42:21 PM  CPU    %usr   %nice    %sys %iowait    %irq   %soft  %steal  %guest  %gnice   %idle
04:42:22 PM    0   38.78    0.00   16.33    0.00    0.00    3.06    0.00    0.00    0.00   41.84

04:42:22 PM  CPU    %usr   %nice    %sys %iowait    %irq   %soft  %steal  %guest  %gnice   %idle
04:42:23 PM    0   40.59    0.00   15.84    0.00    0.00    3.96    0.00    0.00    0.00   39.60

04:42:23 PM  CPU    %usr   %nice    %sys %iowait    %irq   %soft  %steal  %guest  %gnice   %idle
04:42:24 PM    0   40.00    0.00   17.00    0.00    0.00    3.00    0.00    0.00    0.00   40.00

04:42:24 PM  CPU    %usr   %nice    %sys %iowait    %irq   %soft  %steal  %guest  %gnice   %idle
04:42:25 PM    0   37.00    0.00   19.00    0.00    0.00    3.00    0.00    0.00    0.00   41.00

04:42:25 PM  CPU    %usr   %nice    %sys %iowait    %irq   %soft  %steal  %guest  %gnice   %idle
04:42:26 PM    0   35.00    0.00   20.00    0.00    0.00    4.00    0.00    0.00    0.00   41.00

04:42:26 PM  CPU    %usr   %nice    %sys %iowait    %irq   %soft  %steal  %guest  %gnice   %idle
04:42:27 PM    0   37.11    0.00   16.49    0.00    0.00    4.12    0.00    0.00    0.00   42.27

04:42:27 PM  CPU    %usr   %nice    %sys %iowait    %irq   %soft  %steal  %guest  %gnice   %idle
04:42:28 PM    0   39.18    0.00   14.43    0.00    0.00    5.15    0.00    0.00    0.00   41.24

04:42:28 PM  CPU    %usr   %nice    %sys %iowait    %irq   %soft  %steal  %guest  %gnice   %idle
04:42:29 PM    0   39.80    0.00   16.33    0.00    0.00    3.06    0.00    0.00    0.00   40.82

04:42:29 PM  CPU    %usr   %nice    %sys %iowait    %irq   %soft  %steal  %guest  %gnice   %idle
04:42:30 PM    0   41.41    0.00   14.14    0.00    0.00    3.03    0.00    0.00    0.00   41.41

04:42:30 PM  CPU    %usr   %nice    %sys %iowait    %irq   %soft  %steal  %guest  %gnice   %idle
04:42:31 PM    0   40.00    0.00   15.79    0.00    0.00    2.11    0.00    0.00    0.00   42.11

04:42:31 PM  CPU    %usr   %nice    %sys %iowait    %irq   %soft  %steal  %guest  %gnice   %idle
04:42:32 PM    0   41.00    0.00   12.00    0.00    0.00    5.00    0.00    0.00    0.00   42.00

04:42:32 PM  CPU    %usr   %nice    %sys %iowait    %irq   %soft  %steal  %guest  %gnice   %idle
04:42:33 PM    0   36.08    0.00   19.59    0.00    0.00    2.06    0.00    0.00    0.00   42.27

04:42:33 PM  CPU    %usr   %nice    %sys %iowait    %irq   %soft  %steal  %guest  %gnice   %idle
04:42:34 PM    0   41.24    0.00   14.43    0.00    0.00    2.06    0.00    0.00    0.00   42.27

04:42:34 PM  CPU    %usr   %nice    %sys %iowait    %irq   %soft  %steal  %guest  %gnice   %idle
04:42:35 PM    0   36.17    0.00   18.09    0.00    0.00    3.19    0.00    0.00    0.00   42.55

04:42:35 PM  CPU    %usr   %nice    %sys %iowait    %irq   %soft  %steal  %guest  %gnice   %idle
04:42:36 PM    0   40.21    0.00   12.37    0.00    0.00    4.12    0.00    0.00    0.00   43.30

04:42:36 PM  CPU    %usr   %nice    %sys %iowait    %irq   %soft  %steal  %guest  %gnice   %idle
04:42:37 PM    0   41.00    0.00   16.00    0.00    0.00    3.00    0.00    0.00    0.00   40.00

04:42:37 PM  CPU    %usr   %nice    %sys %iowait    %irq   %soft  %steal  %guest  %gnice   %idle
04:42:38 PM    0   41.84    0.00   15.31    0.00    0.00    1.02    0.00    0.00    0.00   41.84

04:42:38 PM  CPU    %usr   %nice    %sys %iowait    %irq   %soft  %steal  %guest  %gnice   %idle
04:42:39 PM    0   38.14    0.00   15.46    0.00    0.00    5.15    0.00    0.00    0.00   41.24

04:42:39 PM  CPU    %usr   %nice    %sys %iowait    %irq   %soft  %steal  %guest  %gnice   %idle
04:42:40 PM    0   40.00    0.00   16.00    0.00    0.00    2.00    0.00    0.00    0.00   42.00

04:42:40 PM  CPU    %usr   %nice    %sys %iowait    %irq   %soft  %steal  %guest  %gnice   %idle
04:42:41 PM    0   40.00    0.00   14.00    0.00    0.00    5.00    0.00    0.00    0.00   41.00

04:42:41 PM  CPU    %usr   %nice    %sys %iowait    %irq   %soft  %steal  %guest  %gnice   %idle
04:42:42 PM    0   32.65    0.00   21.43    0.00    0.00    3.06    0.00    0.00    0.00   42.86

04:42:42 PM  CPU    %usr   %nice    %sys %iowait    %irq   %soft  %steal  %guest  %gnice   %idle
04:42:43 PM    0   40.59    0.00   14.85    0.00    0.00    3.96    0.00    0.00    0.00   40.59

04:42:43 PM  CPU    %usr   %nice    %sys %iowait    %irq   %soft  %steal  %guest  %gnice   %idle
04:42:44 PM    0   36.27    0.00   17.65    0.00    0.00    4.90    0.00    0.00    0.00   41.18

04:42:44 PM  CPU    %usr   %nice    %sys %iowait    %irq   %soft  %steal  %guest  %gnice   %idle
04:42:45 PM    0   34.69    0.00   17.35    0.00    0.00    6.12    0.00    0.00    0.00   41.84

04:42:45 PM  CPU    %usr   %nice    %sys %iowait    %irq   %soft  %steal  %guest  %gnice   %idle
04:42:46 PM    0   40.78    0.00   15.53    0.00    0.00    3.88    0.00    0.00    0.00   39.81

04:42:46 PM  CPU    %usr   %nice    %sys %iowait    %irq   %soft  %steal  %guest  %gnice   %idle
04:42:47 PM    0   39.80    0.00   16.33    0.00    0.00    3.06    0.00    0.00    0.00   40.82

04:42:47 PM  CPU    %usr   %nice    %sys %iowait    %irq   %soft  %steal  %guest  %gnice   %idle
04:42:48 PM    0   39.80    0.00   14.29    0.00    0.00    4.08    0.00    0.00    0.00   41.84

04:42:48 PM  CPU    %usr   %nice    %sys %iowait    %irq   %soft  %steal  %guest  %gnice   %idle
04:42:49 PM    0   37.76    0.00   14.29    0.00    0.00    6.12    0.00    0.00    0.00   41.84

04:42:49 PM  CPU    %usr   %nice    %sys %iowait    %irq   %soft  %steal  %guest  %gnice   %idle
04:42:50 PM    0   44.79    0.00   10.42    0.00    0.00    2.08    0.00    0.00    0.00   42.71

04:42:50 PM  CPU    %usr   %nice    %sys %iowait    %irq   %soft  %steal  %guest  %gnice   %idle
04:42:51 PM    0   40.00    0.00   15.00    0.00    0.00    4.00    0.00    0.00    0.00   41.00

04:42:51 PM  CPU    %usr   %nice    %sys %iowait    %irq   %soft  %steal  %guest  %gnice   %idle
04:42:52 PM    0   40.21    0.00   13.40    0.00    0.00    4.12    0.00    0.00    0.00   42.27

04:42:52 PM  CPU    %usr   %nice    %sys %iowait    %irq   %soft  %steal  %guest  %gnice   %idle
04:42:53 PM    0   40.40    0.00   14.14    0.00    0.00    4.04    0.00    0.00    0.00   41.41

04:42:53 PM  CPU    %usr   %nice    %sys %iowait    %irq   %soft  %steal  %guest  %gnice   %idle
04:42:54 PM    0   41.75    0.00   15.53    0.00    0.00    3.88    0.00    0.00    0.00   38.83

04:42:54 PM  CPU    %usr   %nice    %sys %iowait    %irq   %soft  %steal  %guest  %gnice   %idle
04:42:55 PM    0   38.38    0.00   18.18    0.00    0.00    1.01    0.00    0.00    0.00   42.42

04:42:55 PM  CPU    %usr   %nice    %sys %iowait    %irq   %soft  %steal  %guest  %gnice   %idle
04:42:56 PM    0   39.58    0.00   12.50    0.00    0.00    5.21    0.00    0.00    0.00   42.71

04:42:56 PM  CPU    %usr   %nice    %sys %iowait    %irq   %soft  %steal  %guest  %gnice   %idle
04:42:57 PM    0   36.36    0.00   19.19    0.00    0.00    4.04    0.00    0.00    0.00   40.40

04:42:57 PM  CPU    %usr   %nice    %sys %iowait    %irq   %soft  %steal  %guest  %gnice   %idle
04:42:58 PM    0   39.60    0.00   15.84    0.00    0.00    2.97    0.00    0.00    0.00   41.58

04:42:58 PM  CPU    %usr   %nice    %sys %iowait    %irq   %soft  %steal  %guest  %gnice   %idle
04:42:59 PM    0   38.38    0.00   14.14    0.00    0.00    6.06    0.00    0.00    0.00   41.41

04:42:59 PM  CPU    %usr   %nice    %sys %iowait    %irq   %soft  %steal  %guest  %gnice   %idle
04:43:00 PM    0   38.78    0.00   17.35    0.00    0.00    3.06    0.00    0.00    0.00   40.82

04:43:00 PM  CPU    %usr   %nice    %sys %iowait    %irq   %soft  %steal  %guest  %gnice   %idle
04:43:01 PM    0   41.18    0.00   15.69    0.00    0.00    2.94    0.00    0.00    0.00   40.20

04:43:01 PM  CPU    %usr   %nice    %sys %iowait    %irq   %soft  %steal  %guest  %gnice   %idle
04:43:02 PM    0   38.54    0.00   15.62    0.00    0.00    4.17    0.00    0.00    0.00   41.67

04:43:02 PM  CPU    %usr   %nice    %sys %iowait    %irq   %soft  %steal  %guest  %gnice   %idle
04:43:03 PM    0   36.00    0.00   17.00    0.00    0.00    7.00    0.00    0.00    0.00   40.00

04:43:03 PM  CPU    %usr   %nice    %sys %iowait    %irq   %soft  %steal  %guest  %gnice   %idle
04:43:04 PM    0   40.82    0.00   15.31    0.00    0.00    2.04    0.00    0.00    0.00   41.84

04:43:04 PM  CPU    %usr   %nice    %sys %iowait    %irq   %soft  %steal  %guest  %gnice   %idle
04:43:05 PM    0   39.18    0.00   16.49    0.00    0.00    3.09    0.00    0.00    0.00   41.24

04:43:05 PM  CPU    %usr   %nice    %sys %iowait    %irq   %soft  %steal  %guest  %gnice   %idle
04:43:06 PM    0   40.82    0.00   13.27    0.00    0.00    5.10    0.00    0.00    0.00   40.82

04:43:06 PM  CPU    %usr   %nice    %sys %iowait    %irq   %soft  %steal  %guest  %gnice   %idle
04:43:07 PM    0   32.32    0.00   20.20    0.00    0.00    6.06    0.00    0.00    0.00   41.41

04:43:07 PM  CPU    %usr   %nice    %sys %iowait    %irq   %soft  %steal  %guest  %gnice   %idle
04:43:08 PM    0   38.14    0.00   17.53    0.00    0.00    4.12    0.00    0.00    0.00   40.21

04:43:08 PM  CPU    %usr   %nice    %sys %iowait    %irq   %soft  %steal  %guest  %gnice   %idle
04:43:09 PM    0   38.00    0.00   18.00    0.00    0.00    4.00    0.00    0.00    0.00   40.00

04:43:09 PM  CPU    %usr   %nice    %sys %iowait    %irq   %soft  %steal  %guest  %gnice   %idle
04:43:10 PM    0   38.00    0.00   20.00    0.00    0.00    2.00    0.00    0.00    0.00   40.00

04:43:10 PM  CPU    %usr   %nice    %sys %iowait    %irq   %soft  %steal  %guest  %gnice   %idle
04:43:11 PM    0   43.43    0.00   12.12    0.00    0.00    3.03    0.00    0.00    0.00   41.41

04:43:11 PM  CPU    %usr   %nice    %sys %iowait    %irq   %soft  %steal  %guest  %gnice   %idle
04:43:12 PM    0   38.14    0.00   14.43    0.00    0.00    6.19    0.00    0.00    0.00   41.24

04:43:12 PM  CPU    %usr   %nice    %sys %iowait    %irq   %soft  %steal  %guest  %gnice   %idle
04:43:13 PM    0   37.37    0.00   15.15    0.00    0.00    5.05    0.00    0.00    0.00   42.42

04:43:13 PM  CPU    %usr   %nice    %sys %iowait    %irq   %soft  %steal  %guest  %gnice   %idle
04:43:14 PM    0   43.00    0.00   13.00    0.00    0.00    3.00    0.00    0.00    0.00   41.00

04:43:14 PM  CPU    %usr   %nice    %sys %iowait    %irq   %soft  %steal  %guest  %gnice   %idle
04:43:15 PM    0   42.42    0.00   11.11    0.00    0.00    6.06    0.00    0.00    0.00   40.40

04:43:15 PM  CPU    %usr   %nice    %sys %iowait    %irq   %soft  %steal  %guest  %gnice   %idle
04:43:16 PM    0   39.80    0.00   14.29    0.00    0.00    5.10    0.00    0.00    0.00   40.82

04:43:16 PM  CPU    %usr   %nice    %sys %iowait    %irq   %soft  %steal  %guest  %gnice   %idle
04:43:17 PM    0   37.37    0.00   20.20    0.00    0.00    3.03    0.00    0.00    0.00   39.39

04:43:17 PM  CPU    %usr   %nice    %sys %iowait    %irq   %soft  %steal  %guest  %gnice   %idle
04:43:18 PM    0   36.63    0.00   16.83    0.00    0.00    5.94    0.00    0.00    0.00   40.59

04:43:18 PM  CPU    %usr   %nice    %sys %iowait    %irq   %soft  %steal  %guest  %gnice   %idle
04:43:19 PM    0   36.36    0.00   19.19    0.00    0.00    3.03    0.00    0.00    0.00   41.41

04:43:19 PM  CPU    %usr   %nice    %sys %iowait    %irq   %soft  %steal  %guest  %gnice   %idle
04:43:20 PM    0   34.00    0.00   19.00    0.00    0.00    6.00    0.00    0.00    0.00   41.00

04:43:20 PM  CPU    %usr   %nice    %sys %iowait    %irq   %soft  %steal  %guest  %gnice   %idle
04:43:21 PM    0   39.39    0.00   15.15    0.00    0.00    5.05    0.00    0.00    0.00   40.40

04:43:21 PM  CPU    %usr   %nice    %sys %iowait    %irq   %soft  %steal  %guest  %gnice   %idle
04:43:22 PM    0   43.88    0.00   11.22    0.00    0.00    4.08    0.00    0.00    0.00   40.82

04:43:22 PM  CPU    %usr   %nice    %sys %iowait    %irq   %soft  %steal  %guest  %gnice   %idle
04:43:23 PM    0   35.05    0.00   17.53    0.00    0.00    5.15    0.00    0.00    0.00   42.27

04:43:23 PM  CPU    %usr   %nice    %sys %iowait    %irq   %soft  %steal  %guest  %gnice   %idle
04:43:24 PM    0   39.80    0.00   15.31    0.00    0.00    2.04    0.00    0.00    0.00   42.86

04:43:24 PM  CPU    %usr   %nice    %sys %iowait    %irq   %soft  %steal  %guest  %gnice   %idle
04:43:25 PM    0   44.00    0.00   10.00    0.00    0.00    4.00    0.00    0.00    0.00   42.00

04:43:25 PM  CPU    %usr   %nice    %sys %iowait    %irq   %soft  %steal  %guest  %gnice   %idle
04:43:26 PM    0   41.67    0.00   12.50    0.00    0.00    3.12    0.00    0.00    0.00   42.71

04:43:26 PM  CPU    %usr   %nice    %sys %iowait    %irq   %soft  %steal  %guest  %gnice   %idle
04:43:27 PM    0   38.38    0.00   18.18    0.00    0.00    3.03    0.00    0.00    0.00   40.40

04:43:27 PM  CPU    %usr   %nice    %sys %iowait    %irq   %soft  %steal  %guest  %gnice   %idle
04:43:28 PM    0   37.50    0.00   15.62    0.00    0.00    4.17    0.00    0.00    0.00   42.71

04:43:28 PM  CPU    %usr   %nice    %sys %iowait    %irq   %soft  %steal  %guest  %gnice   %idle
04:43:29 PM    0   40.82    0.00   12.24    0.00    0.00    5.10    0.00    0.00    0.00   41.84

04:43:29 PM  CPU    %usr   %nice    %sys %iowait    %irq   %soft  %steal  %guest  %gnice   %idle
04:43:30 PM    0   36.36    0.00   16.16    0.00    0.00    6.06    0.00    0.00    0.00   41.41

04:43:30 PM  CPU    %usr   %nice    %sys %iowait    %irq   %soft  %steal  %guest  %gnice   %idle
04:43:31 PM    0   41.00    0.00   14.00    0.00    0.00    4.00    0.00    0.00    0.00   41.00

04:43:31 PM  CPU    %usr   %nice    %sys %iowait    %irq   %soft  %steal  %guest  %gnice   %idle
04:43:32 PM    0   39.18    0.00   13.40    0.00    0.00    4.12    0.00    0.00    0.00   43.30

04:43:32 PM  CPU    %usr   %nice    %sys %iowait    %irq   %soft  %steal  %guest  %gnice   %idle
04:43:33 PM    0   40.59    0.00   14.85    0.00    0.00    2.97    0.00    0.00    0.00   41.58

04:43:33 PM  CPU    %usr   %nice    %sys %iowait    %irq   %soft  %steal  %guest  %gnice   %idle
04:43:34 PM    0   37.11    0.00   15.46    0.00    0.00    4.12    0.00    0.00    0.00   43.30

04:43:34 PM  CPU    %usr   %nice    %sys %iowait    %irq   %soft  %steal  %guest  %gnice   %idle
04:43:35 PM    0   36.89    0.00   19.42    0.00    0.00    3.88    0.00    0.00    0.00   39.81

04:43:35 PM  CPU    %usr   %nice    %sys %iowait    %irq   %soft  %steal  %guest  %gnice   %idle
04:43:36 PM    0   41.41    0.00   12.12    0.00    0.00    6.06    0.00    0.00    0.00   40.40

04:43:36 PM  CPU    %usr   %nice    %sys %iowait    %irq   %soft  %steal  %guest  %gnice   %idle
04:43:37 PM    0   40.21    0.00   16.49    0.00    0.00    2.06    0.00    0.00    0.00   41.24

04:43:37 PM  CPU    %usr   %nice    %sys %iowait    %irq   %soft  %steal  %guest  %gnice   %idle
04:43:38 PM    0   44.00    0.00   13.00    0.00    0.00    2.00    0.00    0.00    0.00   41.00

04:43:38 PM  CPU    %usr   %nice    %sys %iowait    %irq   %soft  %steal  %guest  %gnice   %idle
04:43:39 PM    0   38.38    0.00   14.14    0.00    0.00    5.05    0.00    0.00    0.00   42.42

04:43:39 PM  CPU    %usr   %nice    %sys %iowait    %irq   %soft  %steal  %guest  %gnice   %idle
04:43:40 PM    0   42.27    0.00   13.40    0.00    0.00    2.06    0.00    0.00    0.00   42.27

04:43:40 PM  CPU    %usr   %nice    %sys %iowait    %irq   %soft  %steal  %guest  %gnice   %idle
04:43:41 PM    0   40.00    0.00   15.00    0.00    0.00    4.00    0.00    0.00    0.00   41.00

04:43:41 PM  CPU    %usr   %nice    %sys %iowait    %irq   %soft  %steal  %guest  %gnice   %idle
04:43:42 PM    0   39.60    0.00   15.84    0.00    0.00    2.97    0.00    0.00    0.00   41.58

04:43:42 PM  CPU    %usr   %nice    %sys %iowait    %irq   %soft  %steal  %guest  %gnice   %idle
04:43:43 PM    0   35.35    0.00   17.17    0.00    0.00    6.06    0.00    0.00    0.00   41.41

04:43:43 PM  CPU    %usr   %nice    %sys %iowait    %irq   %soft  %steal  %guest  %gnice   %idle
04:43:44 PM    0   35.35    0.00   19.19    0.00    0.00    5.05    0.00    0.00    0.00   40.40

04:43:44 PM  CPU    %usr   %nice    %sys %iowait    %irq   %soft  %steal  %guest  %gnice   %idle
04:43:45 PM    0   40.00    0.00   14.74    0.00    0.00    3.16    0.00    0.00    0.00   42.11

04:43:45 PM  CPU    %usr   %nice    %sys %iowait    %irq   %soft  %steal  %guest  %gnice   %idle
04:43:46 PM    0   44.44    0.00   10.10    0.00    0.00    4.04    0.00    0.00    0.00   41.41

04:43:46 PM  CPU    %usr   %nice    %sys %iowait    %irq   %soft  %steal  %guest  %gnice   %idle
04:43:47 PM    0   40.40    0.00   15.15    0.00    0.00    3.03    0.00    0.00    0.00   41.41

04:43:47 PM  CPU    %usr   %nice    %sys %iowait    %irq   %soft  %steal  %guest  %gnice   %idle
04:43:48 PM    0   38.14    0.00   17.53    0.00    0.00    2.06    0.00    0.00    0.00   42.27

04:43:48 PM  CPU    %usr   %nice    %sys %iowait    %irq   %soft  %steal  %guest  %gnice   %idle
04:43:49 PM    0   38.24    0.00   15.69    0.00    0.00    4.90    0.00    0.00    0.00   41.18

04:43:49 PM  CPU    %usr   %nice    %sys %iowait    %irq   %soft  %steal  %guest  %gnice   %idle
04:43:50 PM    0   37.00    0.00   17.00    0.00    0.00    5.00    0.00    0.00    0.00   41.00

04:43:50 PM  CPU    %usr   %nice    %sys %iowait    %irq   %soft  %steal  %guest  %gnice   %idle
04:43:51 PM    0   37.11    0.00   15.46    0.00    0.00    4.12    0.00    0.00    0.00   43.30

04:43:51 PM  CPU    %usr   %nice    %sys %iowait    %irq   %soft  %steal  %guest  %gnice   %idle
04:43:52 PM    0   41.18    0.00   12.75    0.00    0.00    4.90    0.00    0.00    0.00   41.18

04:43:52 PM  CPU    %usr   %nice    %sys %iowait    %irq   %soft  %steal  %guest  %gnice   %idle
04:43:53 PM    0   45.45    0.00   11.11    0.00    0.00    2.02    0.00    0.00    0.00   41.41

04:43:53 PM  CPU    %usr   %nice    %sys %iowait    %irq   %soft  %steal  %guest  %gnice   %idle
04:43:54 PM    0   44.79    0.00   10.42    0.00    0.00    3.12    0.00    0.00    0.00   41.67

04:43:54 PM  CPU    %usr   %nice    %sys %iowait    %irq   %soft  %steal  %guest  %gnice   %idle
04:43:55 PM    0   40.00    0.00   17.00    0.00    0.00    3.00    0.00    0.00    0.00   40.00

04:43:55 PM  CPU    %usr   %nice    %sys %iowait    %irq   %soft  %steal  %guest  %gnice   %idle
04:43:56 PM    0   40.20    0.00   15.69    0.00    0.00    4.90    0.00    0.00    0.00   39.22

04:43:56 PM  CPU    %usr   %nice    %sys %iowait    %irq   %soft  %steal  %guest  %gnice   %idle
04:43:57 PM    0   38.14    0.00   17.53    0.00    0.00    3.09    0.00    0.00    0.00   41.24

04:43:57 PM  CPU    %usr   %nice    %sys %iowait    %irq   %soft  %steal  %guest  %gnice   %idle
04:43:58 PM    0   41.18    0.00   14.71    0.00    0.00    3.92    0.00    0.00    0.00   40.20

04:43:58 PM  CPU    %usr   %nice    %sys %iowait    %irq   %soft  %steal  %guest  %gnice   %idle
04:43:59 PM    0   44.00    0.00   13.00    0.00    0.00    4.00    0.00    0.00    0.00   39.00

04:43:59 PM  CPU    %usr   %nice    %sys %iowait    %irq   %soft  %steal  %guest  %gnice   %idle
04:44:00 PM    0   36.00    0.00   19.00    0.00    0.00    4.00    0.00    0.00    0.00   41.00

04:44:00 PM  CPU    %usr   %nice    %sys %iowait    %irq   %soft  %steal  %guest  %gnice   %idle
04:44:01 PM    0   37.50    0.00   17.71    0.00    0.00    3.12    0.00    0.00    0.00   41.67

04:44:01 PM  CPU    %usr   %nice    %sys %iowait    %irq   %soft  %steal  %guest  %gnice   %idle
04:44:02 PM    0   39.39    0.00   15.15    0.00    0.00    6.06    0.00    0.00    0.00   39.39

04:44:02 PM  CPU    %usr   %nice    %sys %iowait    %irq   %soft  %steal  %guest  %gnice   %idle
04:44:03 PM    0   40.59    0.00   17.82    0.00    0.00    1.98    0.00    0.00    0.00   39.60

04:44:03 PM  CPU    %usr   %nice    %sys %iowait    %irq   %soft  %steal  %guest  %gnice   %idle
04:44:04 PM    0   42.00    0.00   13.00    0.00    0.00    4.00    0.00    0.00    0.00   41.00

04:44:04 PM  CPU    %usr   %nice    %sys %iowait    %irq   %soft  %steal  %guest  %gnice   %idle
04:44:05 PM    0   36.00    0.00   18.00    0.00    0.00    5.00    0.00    0.00    0.00   41.00

04:44:05 PM  CPU    %usr   %nice    %sys %iowait    %irq   %soft  %steal  %guest  %gnice   %idle
04:44:06 PM    0   39.39    0.00   15.15    0.00    0.00    4.04    0.00    0.00    0.00   41.41

04:44:06 PM  CPU    %usr   %nice    %sys %iowait    %irq   %soft  %steal  %guest  %gnice   %idle
04:44:07 PM    0   32.32    0.00   22.22    0.00    0.00    4.04    0.00    0.00    0.00   41.41

04:44:07 PM  CPU    %usr   %nice    %sys %iowait    %irq   %soft  %steal  %guest  %gnice   %idle
04:44:08 PM    0   40.00    0.00   16.00    0.00    0.00    4.00    0.00    0.00    0.00   40.00

04:44:08 PM  CPU    %usr   %nice    %sys %iowait    %irq   %soft  %steal  %guest  %gnice   %idle
04:44:09 PM    0   38.78    0.00   15.31    0.00    0.00    4.08    0.00    0.00    0.00   41.84

Average:     CPU    %usr   %nice    %sys %iowait    %irq   %soft  %steal  %guest  %gnice   %idle
Average:       0   39.18    0.00   15.60    0.00    0.00    3.95    0.00    0.00    0.00   41.26
