Linux 5.3.0-61-generic (cw-zenbook) 	07/16/2020 	_x86_64_	(8 CPU)

12:22:59 PM  CPU    %usr   %nice    %sys %iowait    %irq   %soft  %steal  %guest  %gnice   %idle
12:23:00 PM    0   39.81    0.00   16.50    0.00    0.00    3.88    0.00    0.00    0.00   39.81

12:23:00 PM  CPU    %usr   %nice    %sys %iowait    %irq   %soft  %steal  %guest  %gnice   %idle
12:23:01 PM    0   33.00    0.00   20.00    0.00    0.00    5.00    0.00    0.00    0.00   42.00

12:23:01 PM  CPU    %usr   %nice    %sys %iowait    %irq   %soft  %steal  %guest  %gnice   %idle
12:23:02 PM    0   36.63    0.00   19.80    0.00    0.00    3.96    0.00    0.00    0.00   39.60

12:23:02 PM  CPU    %usr   %nice    %sys %iowait    %irq   %soft  %steal  %guest  %gnice   %idle
12:23:03 PM    0   37.37    0.00   18.18    0.00    0.00    4.04    0.00    0.00    0.00   40.40

12:23:03 PM  CPU    %usr   %nice    %sys %iowait    %irq   %soft  %steal  %guest  %gnice   %idle
12:23:04 PM    0   40.62    0.00   13.54    0.00    0.00    4.17    0.00    0.00    0.00   41.67

12:23:04 PM  CPU    %usr   %nice    %sys %iowait    %irq   %soft  %steal  %guest  %gnice   %idle
12:23:05 PM    0   38.38    0.00   17.17    0.00    0.00    4.04    0.00    0.00    0.00   40.40

12:23:05 PM  CPU    %usr   %nice    %sys %iowait    %irq   %soft  %steal  %guest  %gnice   %idle
12:23:06 PM    0   37.76    0.00   17.35    0.00    0.00    4.08    0.00    0.00    0.00   40.82

12:23:06 PM  CPU    %usr   %nice    %sys %iowait    %irq   %soft  %steal  %guest  %gnice   %idle
12:23:07 PM    0   36.73    0.00   17.35    0.00    0.00    4.08    0.00    0.00    0.00   41.84

12:23:07 PM  CPU    %usr   %nice    %sys %iowait    %irq   %soft  %steal  %guest  %gnice   %idle
12:23:08 PM    0   43.14    0.00   14.71    0.00    0.00    1.96    0.00    0.00    0.00   40.20

12:23:08 PM  CPU    %usr   %nice    %sys %iowait    %irq   %soft  %steal  %guest  %gnice   %idle
12:23:09 PM    0   39.58    0.00   14.58    0.00    0.00    4.17    0.00    0.00    0.00   41.67

12:23:09 PM  CPU    %usr   %nice    %sys %iowait    %irq   %soft  %steal  %guest  %gnice   %idle
12:23:10 PM    0   38.38    0.00   17.17    0.00    0.00    3.03    0.00    0.00    0.00   41.41

12:23:10 PM  CPU    %usr   %nice    %sys %iowait    %irq   %soft  %steal  %guest  %gnice   %idle
12:23:11 PM    0   38.14    0.00   15.46    0.00    0.00    5.15    0.00    0.00    0.00   41.24

12:23:11 PM  CPU    %usr   %nice    %sys %iowait    %irq   %soft  %steal  %guest  %gnice   %idle
12:23:12 PM    0   44.00    0.00   13.00    0.00    0.00    3.00    0.00    0.00    0.00   40.00

12:23:12 PM  CPU    %usr   %nice    %sys %iowait    %irq   %soft  %steal  %guest  %gnice   %idle
12:23:13 PM    0   39.00    0.00   15.00    0.00    0.00    5.00    0.00    0.00    0.00   41.00

12:23:13 PM  CPU    %usr   %nice    %sys %iowait    %irq   %soft  %steal  %guest  %gnice   %idle
12:23:14 PM    0   41.24    0.00   14.43    0.00    0.00    3.09    0.00    0.00    0.00   41.24

12:23:14 PM  CPU    %usr   %nice    %sys %iowait    %irq   %soft  %steal  %guest  %gnice   %idle
12:23:15 PM    0   40.00    0.00   13.00    0.00    0.00    5.00    0.00    0.00    0.00   42.00

12:23:15 PM  CPU    %usr   %nice    %sys %iowait    %irq   %soft  %steal  %guest  %gnice   %idle
12:23:16 PM    0   40.62    0.00   12.50    0.00    0.00    4.17    0.00    0.00    0.00   42.71

12:23:16 PM  CPU    %usr   %nice    %sys %iowait    %irq   %soft  %steal  %guest  %gnice   %idle
12:23:17 PM    0   37.00    0.00   19.00    0.00    0.00    3.00    0.00    0.00    0.00   41.00

12:23:17 PM  CPU    %usr   %nice    %sys %iowait    %irq   %soft  %steal  %guest  %gnice   %idle
12:23:18 PM    0   39.00    0.00   15.00    0.00    0.00    5.00    0.00    0.00    0.00   41.00

12:23:18 PM  CPU    %usr   %nice    %sys %iowait    %irq   %soft  %steal  %guest  %gnice   %idle
12:23:19 PM    0   40.59    0.00   13.86    0.00    0.00    3.96    0.00    0.00    0.00   41.58

12:23:19 PM  CPU    %usr   %nice    %sys %iowait    %irq   %soft  %steal  %guest  %gnice   %idle
12:23:20 PM    0   36.46    0.00   15.62    0.00    0.00    5.21    0.00    0.00    0.00   42.71

12:23:20 PM  CPU    %usr   %nice    %sys %iowait    %irq   %soft  %steal  %guest  %gnice   %idle
12:23:21 PM    0   37.62    0.00   16.83    0.00    0.00    3.96    0.00    0.00    0.00   41.58

12:23:21 PM  CPU    %usr   %nice    %sys %iowait    %irq   %soft  %steal  %guest  %gnice   %idle
12:23:22 PM    0   39.60    0.00   15.84    0.00    0.00    3.96    0.00    0.00    0.00   40.59

12:23:22 PM  CPU    %usr   %nice    %sys %iowait    %irq   %soft  %steal  %guest  %gnice   %idle
12:23:23 PM    0   42.86    0.00   13.27    0.00    0.00    2.04    0.00    0.00    0.00   41.84

12:23:23 PM  CPU    %usr   %nice    %sys %iowait    %irq   %soft  %steal  %guest  %gnice   %idle
12:23:24 PM    0   39.80    0.00   15.31    0.00    0.00    3.06    0.00    0.00    0.00   41.84

12:23:24 PM  CPU    %usr   %nice    %sys %iowait    %irq   %soft  %steal  %guest  %gnice   %idle
12:23:25 PM    0   39.22    0.00   14.71    0.00    0.00    4.90    0.00    0.00    0.00   41.18

12:23:25 PM  CPU    %usr   %nice    %sys %iowait    %irq   %soft  %steal  %guest  %gnice   %idle
12:23:26 PM    0   40.59    0.00   12.87    0.00    0.00    4.95    0.00    0.00    0.00   41.58

12:23:26 PM  CPU    %usr   %nice    %sys %iowait    %irq   %soft  %steal  %guest  %gnice   %idle
12:23:27 PM    0   39.18    0.00   14.43    0.00    0.00    4.12    0.00    0.00    0.00   42.27

12:23:27 PM  CPU    %usr   %nice    %sys %iowait    %irq   %soft  %steal  %guest  %gnice   %idle
12:23:28 PM    0   38.61    0.00   15.84    0.00    0.00    4.95    0.00    0.00    0.00   40.59

12:23:28 PM  CPU    %usr   %nice    %sys %iowait    %irq   %soft  %steal  %guest  %gnice   %idle
12:23:29 PM    0   41.41    0.00   15.15    0.00    0.00    4.04    0.00    0.00    0.00   39.39

12:23:29 PM  CPU    %usr   %nice    %sys %iowait    %irq   %soft  %steal  %guest  %gnice   %idle
12:23:30 PM    0   39.39    0.00   15.15    0.00    0.00    5.05    0.00    0.00    0.00   40.40

12:23:30 PM  CPU    %usr   %nice    %sys %iowait    %irq   %soft  %steal  %guest  %gnice   %idle
12:23:31 PM    0   37.37    0.00   18.18    0.00    0.00    4.04    0.00    0.00    0.00   40.40

12:23:31 PM  CPU    %usr   %nice    %sys %iowait    %irq   %soft  %steal  %guest  %gnice   %idle
12:23:32 PM    0   40.82    0.00   12.24    0.00    0.00    6.12    0.00    0.00    0.00   40.82

12:23:32 PM  CPU    %usr   %nice    %sys %iowait    %irq   %soft  %steal  %guest  %gnice   %idle
12:23:33 PM    0   41.41    0.00   14.14    0.00    0.00    3.03    0.00    0.00    0.00   41.41

12:23:33 PM  CPU    %usr   %nice    %sys %iowait    %irq   %soft  %steal  %guest  %gnice   %idle
12:23:34 PM    0   40.40    0.00   14.14    0.00    0.00    4.04    0.00    0.00    0.00   41.41

12:23:34 PM  CPU    %usr   %nice    %sys %iowait    %irq   %soft  %steal  %guest  %gnice   %idle
12:23:35 PM    0   39.18    0.00   14.43    0.00    0.00    3.09    0.00    0.00    0.00   43.30

12:23:35 PM  CPU    %usr   %nice    %sys %iowait    %irq   %soft  %steal  %guest  %gnice   %idle
12:23:36 PM    0   38.14    0.00   15.46    0.00    0.00    4.12    0.00    0.00    0.00   42.27

12:23:36 PM  CPU    %usr   %nice    %sys %iowait    %irq   %soft  %steal  %guest  %gnice   %idle
12:23:37 PM    0   41.41    0.00   13.13    0.00    0.00    3.03    0.00    0.00    0.00   42.42

12:23:37 PM  CPU    %usr   %nice    %sys %iowait    %irq   %soft  %steal  %guest  %gnice   %idle
12:23:38 PM    0   40.59    0.00   11.88    0.00    0.00    5.94    0.00    0.00    0.00   41.58

12:23:38 PM  CPU    %usr   %nice    %sys %iowait    %irq   %soft  %steal  %guest  %gnice   %idle
12:23:39 PM    0   39.58    0.00   15.62    0.00    0.00    1.04    0.00    0.00    0.00   43.75

12:23:39 PM  CPU    %usr   %nice    %sys %iowait    %irq   %soft  %steal  %guest  %gnice   %idle
12:23:40 PM    0   37.37    0.00   18.18    0.00    0.00    3.03    0.00    0.00    0.00   41.41

12:23:40 PM  CPU    %usr   %nice    %sys %iowait    %irq   %soft  %steal  %guest  %gnice   %idle
12:23:41 PM    0   42.86    0.00   14.29    0.00    0.00    2.04    0.00    0.00    0.00   40.82

12:23:41 PM  CPU    %usr   %nice    %sys %iowait    %irq   %soft  %steal  %guest  %gnice   %idle
12:23:42 PM    0   39.39    0.00   16.16    0.00    0.00    3.03    0.00    0.00    0.00   41.41

12:23:42 PM  CPU    %usr   %nice    %sys %iowait    %irq   %soft  %steal  %guest  %gnice   %idle
12:23:43 PM    0   40.82    0.00   12.24    0.00    0.00    6.12    0.00    0.00    0.00   40.82

12:23:43 PM  CPU    %usr   %nice    %sys %iowait    %irq   %soft  %steal  %guest  %gnice   %idle
12:23:44 PM    0   38.14    0.00   15.46    0.00    0.00    4.12    0.00    0.00    0.00   42.27

12:23:44 PM  CPU    %usr   %nice    %sys %iowait    %irq   %soft  %steal  %guest  %gnice   %idle
12:23:45 PM    0   41.41    0.00   13.13    0.00    0.00    3.03    0.00    0.00    0.00   42.42

12:23:45 PM  CPU    %usr   %nice    %sys %iowait    %irq   %soft  %steal  %guest  %gnice   %idle
12:23:46 PM    0   37.50    0.00   16.67    0.00    0.00    3.12    0.00    0.00    0.00   42.71

12:23:46 PM  CPU    %usr   %nice    %sys %iowait    %irq   %soft  %steal  %guest  %gnice   %idle
12:23:47 PM    0   35.71    0.00   18.37    0.00    0.00    4.08    0.00    0.00    0.00   41.84

12:23:47 PM  CPU    %usr   %nice    %sys %iowait    %irq   %soft  %steal  %guest  %gnice   %idle
12:23:48 PM    0   43.14    0.00   11.76    0.00    0.00    3.92    0.00    0.00    0.00   41.18

12:23:48 PM  CPU    %usr   %nice    %sys %iowait    %irq   %soft  %steal  %guest  %gnice   %idle
12:23:49 PM    0   37.76    0.00   12.24    0.00    0.00    7.14    0.00    0.00    0.00   42.86

12:23:49 PM  CPU    %usr   %nice    %sys %iowait    %irq   %soft  %steal  %guest  %gnice   %idle
12:23:50 PM    0   40.00    0.00   17.00    0.00    0.00    2.00    0.00    0.00    0.00   41.00

12:23:50 PM  CPU    %usr   %nice    %sys %iowait    %irq   %soft  %steal  %guest  %gnice   %idle
12:23:51 PM    0   40.59    0.00   12.87    0.00    0.00    4.95    0.00    0.00    0.00   41.58

12:23:51 PM  CPU    %usr   %nice    %sys %iowait    %irq   %soft  %steal  %guest  %gnice   %idle
12:23:52 PM    0   39.00    0.00   16.00    0.00    0.00    4.00    0.00    0.00    0.00   41.00

12:23:52 PM  CPU    %usr   %nice    %sys %iowait    %irq   %soft  %steal  %guest  %gnice   %idle
12:23:53 PM    0   39.81    0.00   15.53    0.00    0.00    4.85    0.00    0.00    0.00   39.81

12:23:53 PM  CPU    %usr   %nice    %sys %iowait    %irq   %soft  %steal  %guest  %gnice   %idle
12:23:54 PM    0   38.78    0.00   16.33    0.00    0.00    3.06    0.00    0.00    0.00   41.84

12:23:54 PM  CPU    %usr   %nice    %sys %iowait    %irq   %soft  %steal  %guest  %gnice   %idle
12:23:55 PM    0   42.42    0.00   13.13    0.00    0.00    2.02    0.00    0.00    0.00   42.42

12:23:55 PM  CPU    %usr   %nice    %sys %iowait    %irq   %soft  %steal  %guest  %gnice   %idle
12:23:56 PM    0   40.00    0.00   15.00    0.00    0.00    4.00    0.00    0.00    0.00   41.00

12:23:56 PM  CPU    %usr   %nice    %sys %iowait    %irq   %soft  %steal  %guest  %gnice   %idle
12:23:57 PM    0   38.78    0.00   15.31    0.00    0.00    4.08    0.00    0.00    0.00   41.84

12:23:57 PM  CPU    %usr   %nice    %sys %iowait    %irq   %soft  %steal  %guest  %gnice   %idle
12:23:58 PM    0   36.73    0.00   14.29    0.00    0.00    6.12    0.00    0.00    0.00   42.86

12:23:58 PM  CPU    %usr   %nice    %sys %iowait    %irq   %soft  %steal  %guest  %gnice   %idle
12:23:59 PM    0   40.82    0.00   13.27    0.00    0.00    5.10    0.00    0.00    0.00   40.82

12:23:59 PM  CPU    %usr   %nice    %sys %iowait    %irq   %soft  %steal  %guest  %gnice   %idle
12:24:00 PM    0   37.25    0.00   16.67    0.00    0.00    4.90    0.00    0.00    0.00   41.18

12:24:00 PM  CPU    %usr   %nice    %sys %iowait    %irq   %soft  %steal  %guest  %gnice   %idle
12:24:01 PM    0   41.24    0.00   13.40    0.00    0.00    4.12    0.00    0.00    0.00   41.24

12:24:01 PM  CPU    %usr   %nice    %sys %iowait    %irq   %soft  %steal  %guest  %gnice   %idle
12:24:02 PM    0   39.80    0.00   14.29    0.00    0.00    4.08    0.00    0.00    0.00   41.84

12:24:02 PM  CPU    %usr   %nice    %sys %iowait    %irq   %soft  %steal  %guest  %gnice   %idle
12:24:03 PM    0   41.84    0.00   12.24    0.00    0.00    4.08    0.00    0.00    0.00   41.84

12:24:03 PM  CPU    %usr   %nice    %sys %iowait    %irq   %soft  %steal  %guest  %gnice   %idle
12:24:04 PM    0   38.83    0.00   18.45    0.00    0.00    1.94    0.00    0.00    0.00   40.78

12:24:04 PM  CPU    %usr   %nice    %sys %iowait    %irq   %soft  %steal  %guest  %gnice   %idle
12:24:05 PM    0   41.00    0.00   14.00    0.00    0.00    3.00    0.00    0.00    0.00   42.00

12:24:05 PM  CPU    %usr   %nice    %sys %iowait    %irq   %soft  %steal  %guest  %gnice   %idle
12:24:06 PM    0   41.58    0.00   14.85    0.00    0.00    2.97    0.00    0.00    0.00   40.59

12:24:06 PM  CPU    %usr   %nice    %sys %iowait    %irq   %soft  %steal  %guest  %gnice   %idle
12:24:07 PM    0   39.00    0.00   15.00    0.00    0.00    6.00    0.00    0.00    0.00   40.00

12:24:07 PM  CPU    %usr   %nice    %sys %iowait    %irq   %soft  %steal  %guest  %gnice   %idle
12:24:08 PM    0   38.14    0.00   15.46    0.00    0.00    4.12    0.00    0.00    0.00   42.27

12:24:08 PM  CPU    %usr   %nice    %sys %iowait    %irq   %soft  %steal  %guest  %gnice   %idle
12:24:09 PM    0   40.40    0.00   15.15    0.00    0.00    4.04    0.00    0.00    0.00   40.40

12:24:09 PM  CPU    %usr   %nice    %sys %iowait    %irq   %soft  %steal  %guest  %gnice   %idle
12:24:10 PM    0   39.80    0.00   16.33    0.00    0.00    3.06    0.00    0.00    0.00   40.82

12:24:10 PM  CPU    %usr   %nice    %sys %iowait    %irq   %soft  %steal  %guest  %gnice   %idle
12:24:11 PM    0   35.71    0.00   17.35    0.00    0.00    5.10    0.00    0.00    0.00   41.84

12:24:11 PM  CPU    %usr   %nice    %sys %iowait    %irq   %soft  %steal  %guest  %gnice   %idle
12:24:12 PM    0   38.61    0.00   16.83    0.00    0.00    4.95    0.00    0.00    0.00   39.60

12:24:12 PM  CPU    %usr   %nice    %sys %iowait    %irq   %soft  %steal  %guest  %gnice   %idle
12:24:13 PM    0   39.60    0.00   15.84    0.00    0.00    4.95    0.00    0.00    0.00   39.60

12:24:13 PM  CPU    %usr   %nice    %sys %iowait    %irq   %soft  %steal  %guest  %gnice   %idle
12:24:14 PM    0   40.40    0.00   15.15    0.00    0.00    4.04    0.00    0.00    0.00   40.40

12:24:14 PM  CPU    %usr   %nice    %sys %iowait    %irq   %soft  %steal  %guest  %gnice   %idle
12:24:15 PM    0   40.21    0.00   13.40    0.00    0.00    4.12    0.00    0.00    0.00   42.27

12:24:15 PM  CPU    %usr   %nice    %sys %iowait    %irq   %soft  %steal  %guest  %gnice   %idle
12:24:16 PM    0   33.33    0.00   20.20    0.00    0.00    6.06    0.00    0.00    0.00   40.40

12:24:16 PM  CPU    %usr   %nice    %sys %iowait    %irq   %soft  %steal  %guest  %gnice   %idle
12:24:17 PM    0   38.00    0.00   16.00    0.00    0.00    5.00    0.00    0.00    0.00   41.00

12:24:17 PM  CPU    %usr   %nice    %sys %iowait    %irq   %soft  %steal  %guest  %gnice   %idle
12:24:18 PM    0   42.57    0.00   11.88    0.00    0.00    4.95    0.00    0.00    0.00   40.59

12:24:18 PM  CPU    %usr   %nice    %sys %iowait    %irq   %soft  %steal  %guest  %gnice   %idle
12:24:19 PM    0   43.00    0.00   15.00    0.00    0.00    2.00    0.00    0.00    0.00   40.00

12:24:19 PM  CPU    %usr   %nice    %sys %iowait    %irq   %soft  %steal  %guest  %gnice   %idle
12:24:20 PM    0   39.00    0.00   18.00    0.00    0.00    2.00    0.00    0.00    0.00   41.00

12:24:20 PM  CPU    %usr   %nice    %sys %iowait    %irq   %soft  %steal  %guest  %gnice   %idle
12:24:21 PM    0   34.02    0.00   21.65    0.00    0.00    3.09    0.00    0.00    0.00   41.24

12:24:21 PM  CPU    %usr   %nice    %sys %iowait    %irq   %soft  %steal  %guest  %gnice   %idle
12:24:22 PM    0   36.08    0.00   17.53    0.00    0.00    5.15    0.00    0.00    0.00   41.24

12:24:22 PM  CPU    %usr   %nice    %sys %iowait    %irq   %soft  %steal  %guest  %gnice   %idle
12:24:23 PM    0   35.00    0.00   19.00    0.00    0.00    4.00    0.00    0.00    0.00   42.00

12:24:23 PM  CPU    %usr   %nice    %sys %iowait    %irq   %soft  %steal  %guest  %gnice   %idle
12:24:24 PM    0   40.21    0.00   14.43    0.00    0.00    3.09    0.00    0.00    0.00   42.27

12:24:24 PM  CPU    %usr   %nice    %sys %iowait    %irq   %soft  %steal  %guest  %gnice   %idle
12:24:25 PM    0   30.61    0.00   21.43    0.00    0.00    5.10    0.00    0.00    0.00   42.86

12:24:25 PM  CPU    %usr   %nice    %sys %iowait    %irq   %soft  %steal  %guest  %gnice   %idle
12:24:26 PM    0   38.14    0.00   15.46    0.00    0.00    4.12    0.00    0.00    0.00   42.27

12:24:26 PM  CPU    %usr   %nice    %sys %iowait    %irq   %soft  %steal  %guest  %gnice   %idle
12:24:27 PM    0   39.80    0.00   13.27    0.00    0.00    5.10    0.00    0.00    0.00   41.84

12:24:27 PM  CPU    %usr   %nice    %sys %iowait    %irq   %soft  %steal  %guest  %gnice   %idle
12:24:28 PM    0   45.00    0.00   13.00    0.00    0.00    2.00    0.00    0.00    0.00   40.00

12:24:28 PM  CPU    %usr   %nice    %sys %iowait    %irq   %soft  %steal  %guest  %gnice   %idle
12:24:29 PM    0   38.78    0.00   15.31    0.00    0.00    5.10    0.00    0.00    0.00   40.82

12:24:29 PM  CPU    %usr   %nice    %sys %iowait    %irq   %soft  %steal  %guest  %gnice   %idle
12:24:30 PM    0   35.05    0.00   17.53    0.00    0.00    6.19    0.00    0.00    0.00   41.24

12:24:30 PM  CPU    %usr   %nice    %sys %iowait    %irq   %soft  %steal  %guest  %gnice   %idle
12:24:31 PM    0   42.00    0.00   14.00    0.00    0.00    4.00    0.00    0.00    0.00   40.00

12:24:31 PM  CPU    %usr   %nice    %sys %iowait    %irq   %soft  %steal  %guest  %gnice   %idle
12:24:32 PM    0   39.18    0.00   14.43    0.00    0.00    5.15    0.00    0.00    0.00   41.24

12:24:32 PM  CPU    %usr   %nice    %sys %iowait    %irq   %soft  %steal  %guest  %gnice   %idle
12:24:33 PM    0   40.00    0.00   16.00    0.00    0.00    4.00    0.00    0.00    0.00   40.00

12:24:33 PM  CPU    %usr   %nice    %sys %iowait    %irq   %soft  %steal  %guest  %gnice   %idle
12:24:34 PM    0   43.00    0.00   14.00    0.00    0.00    4.00    0.00    0.00    0.00   39.00

12:24:34 PM  CPU    %usr   %nice    %sys %iowait    %irq   %soft  %steal  %guest  %gnice   %idle
12:24:35 PM    0   38.24    0.00   19.61    0.00    0.00    2.94    0.00    0.00    0.00   39.22

12:24:35 PM  CPU    %usr   %nice    %sys %iowait    %irq   %soft  %steal  %guest  %gnice   %idle
12:24:36 PM    0   41.24    0.00   14.43    0.00    0.00    3.09    0.00    0.00    0.00   41.24

12:24:36 PM  CPU    %usr   %nice    %sys %iowait    %irq   %soft  %steal  %guest  %gnice   %idle
12:24:37 PM    0   38.54    0.00   16.67    0.00    0.00    2.08    0.00    0.00    0.00   42.71

12:24:37 PM  CPU    %usr   %nice    %sys %iowait    %irq   %soft  %steal  %guest  %gnice   %idle
12:24:38 PM    0   41.00    0.00   15.00    0.00    0.00    4.00    0.00    0.00    0.00   40.00

12:24:38 PM  CPU    %usr   %nice    %sys %iowait    %irq   %soft  %steal  %guest  %gnice   %idle
12:24:39 PM    0   38.78    0.00   13.27    0.00    0.00    7.14    0.00    0.00    0.00   40.82

12:24:39 PM  CPU    %usr   %nice    %sys %iowait    %irq   %soft  %steal  %guest  %gnice   %idle
12:24:40 PM    0   39.00    0.00   15.00    0.00    0.00    5.00    0.00    0.00    0.00   41.00

12:24:40 PM  CPU    %usr   %nice    %sys %iowait    %irq   %soft  %steal  %guest  %gnice   %idle
12:24:41 PM    0   40.21    0.00   13.40    0.00    0.00    5.15    0.00    0.00    0.00   41.24

12:24:41 PM  CPU    %usr   %nice    %sys %iowait    %irq   %soft  %steal  %guest  %gnice   %idle
12:24:42 PM    0   37.50    0.00   15.62    0.00    0.00    4.17    0.00    0.00    0.00   42.71

12:24:42 PM  CPU    %usr   %nice    %sys %iowait    %irq   %soft  %steal  %guest  %gnice   %idle
12:24:43 PM    0   43.56    0.00   13.86    0.00    0.00    2.97    0.00    0.00    0.00   39.60

12:24:43 PM  CPU    %usr   %nice    %sys %iowait    %irq   %soft  %steal  %guest  %gnice   %idle
12:24:44 PM    0   42.27    0.00   12.37    0.00    0.00    4.12    0.00    0.00    0.00   41.24

12:24:44 PM  CPU    %usr   %nice    %sys %iowait    %irq   %soft  %steal  %guest  %gnice   %idle
12:24:45 PM    0   41.05    0.00   11.58    0.00    0.00    4.21    0.00    0.00    0.00   43.16

12:24:45 PM  CPU    %usr   %nice    %sys %iowait    %irq   %soft  %steal  %guest  %gnice   %idle
12:24:46 PM    0   39.18    0.00   14.43    0.00    0.00    5.15    0.00    0.00    0.00   41.24

12:24:46 PM  CPU    %usr   %nice    %sys %iowait    %irq   %soft  %steal  %guest  %gnice   %idle
12:24:47 PM    0   36.36    0.00   19.19    0.00    0.00    3.03    0.00    0.00    0.00   41.41

12:24:47 PM  CPU    %usr   %nice    %sys %iowait    %irq   %soft  %steal  %guest  %gnice   %idle
12:24:48 PM    0   39.80    0.00   14.29    0.00    0.00    4.08    0.00    0.00    0.00   41.84

12:24:48 PM  CPU    %usr   %nice    %sys %iowait    %irq   %soft  %steal  %guest  %gnice   %idle
12:24:49 PM    0   36.63    0.00   17.82    0.00    0.00    3.96    0.00    0.00    0.00   41.58

12:24:49 PM  CPU    %usr   %nice    %sys %iowait    %irq   %soft  %steal  %guest  %gnice   %idle
12:24:50 PM    0   38.00    0.00   19.00    0.00    0.00    1.00    0.00    0.00    0.00   42.00

12:24:50 PM  CPU    %usr   %nice    %sys %iowait    %irq   %soft  %steal  %guest  %gnice   %idle
12:24:51 PM    0   36.63    0.00   17.82    0.00    0.00    3.96    0.00    0.00    0.00   41.58

12:24:51 PM  CPU    %usr   %nice    %sys %iowait    %irq   %soft  %steal  %guest  %gnice   %idle
12:24:52 PM    0   38.14    0.00   16.49    0.00    0.00    4.12    0.00    0.00    0.00   41.24

12:24:52 PM  CPU    %usr   %nice    %sys %iowait    %irq   %soft  %steal  %guest  %gnice   %idle
12:24:53 PM    0   39.58    0.00   16.67    0.00    0.00    2.08    0.00    0.00    0.00   41.67

12:24:53 PM  CPU    %usr   %nice    %sys %iowait    %irq   %soft  %steal  %guest  %gnice   %idle
12:24:54 PM    0   38.00    0.00   17.00    0.00    0.00    4.00    0.00    0.00    0.00   41.00

12:24:54 PM  CPU    %usr   %nice    %sys %iowait    %irq   %soft  %steal  %guest  %gnice   %idle
12:24:55 PM    0   40.40    0.00   14.14    0.00    0.00    5.05    0.00    0.00    0.00   40.40

12:24:55 PM  CPU    %usr   %nice    %sys %iowait    %irq   %soft  %steal  %guest  %gnice   %idle
12:24:56 PM    0   42.42    0.00   14.14    0.00    0.00    2.02    0.00    0.00    0.00   41.41

12:24:56 PM  CPU    %usr   %nice    %sys %iowait    %irq   %soft  %steal  %guest  %gnice   %idle
12:24:57 PM    0   36.36    0.00   16.16    0.00    0.00    5.05    0.00    0.00    0.00   42.42

12:24:57 PM  CPU    %usr   %nice    %sys %iowait    %irq   %soft  %steal  %guest  %gnice   %idle
12:24:58 PM    0   40.40    0.00   15.15    0.00    0.00    2.02    0.00    0.00    0.00   42.42

12:24:58 PM  CPU    %usr   %nice    %sys %iowait    %irq   %soft  %steal  %guest  %gnice   %idle
12:24:59 PM    0   35.71    0.00   14.29    0.00    0.00    8.16    0.00    0.00    0.00   41.84

Average:     CPU    %usr   %nice    %sys %iowait    %irq   %soft  %steal  %guest  %gnice   %idle
Average:       0   39.26    0.00   15.41    0.00    0.00    4.04    0.00    0.00    0.00   41.29
