Linux 5.3.0-61-generic (cw-zenbook) 	07/16/2020 	_x86_64_	(8 CPU)

02:31:15 PM  CPU    %usr   %nice    %sys %iowait    %irq   %soft  %steal  %guest  %gnice   %idle
02:31:16 PM    0   43.00    0.00   13.00    0.00    0.00    4.00    0.00    0.00    0.00   40.00

02:31:16 PM  CPU    %usr   %nice    %sys %iowait    %irq   %soft  %steal  %guest  %gnice   %idle
02:31:17 PM    0   36.73    0.00   18.37    0.00    0.00    4.08    0.00    0.00    0.00   40.82

02:31:17 PM  CPU    %usr   %nice    %sys %iowait    %irq   %soft  %steal  %guest  %gnice   %idle
02:31:18 PM    0   38.38    0.00   17.17    0.00    0.00    3.03    0.00    0.00    0.00   41.41

02:31:18 PM  CPU    %usr   %nice    %sys %iowait    %irq   %soft  %steal  %guest  %gnice   %idle
02:31:19 PM    0   39.18    0.00   15.46    0.00    0.00    3.09    0.00    0.00    0.00   42.27

02:31:19 PM  CPU    %usr   %nice    %sys %iowait    %irq   %soft  %steal  %guest  %gnice   %idle
02:31:20 PM    0   36.73    0.00   17.35    0.00    0.00    4.08    0.00    0.00    0.00   41.84

02:31:20 PM  CPU    %usr   %nice    %sys %iowait    %irq   %soft  %steal  %guest  %gnice   %idle
02:31:21 PM    0   36.73    0.00   15.31    0.00    0.00    6.12    0.00    0.00    0.00   41.84

02:31:21 PM  CPU    %usr   %nice    %sys %iowait    %irq   %soft  %steal  %guest  %gnice   %idle
02:31:22 PM    0   34.65    0.00   22.77    0.00    0.00    1.98    0.00    0.00    0.00   40.59

02:31:22 PM  CPU    %usr   %nice    %sys %iowait    %irq   %soft  %steal  %guest  %gnice   %idle
02:31:23 PM    0   39.00    0.00   16.00    0.00    0.00    3.00    0.00    0.00    0.00   42.00

02:31:23 PM  CPU    %usr   %nice    %sys %iowait    %irq   %soft  %steal  %guest  %gnice   %idle
02:31:24 PM    0   39.00    0.00   16.00    0.00    0.00    3.00    0.00    0.00    0.00   42.00

02:31:24 PM  CPU    %usr   %nice    %sys %iowait    %irq   %soft  %steal  %guest  %gnice   %idle
02:31:25 PM    0   37.50    0.00   18.27    0.00    0.00    4.81    0.00    0.00    0.00   39.42

02:31:25 PM  CPU    %usr   %nice    %sys %iowait    %irq   %soft  %steal  %guest  %gnice   %idle
02:31:26 PM    0   39.39    0.00   15.15    0.00    0.00    4.04    0.00    0.00    0.00   41.41

02:31:26 PM  CPU    %usr   %nice    %sys %iowait    %irq   %soft  %steal  %guest  %gnice   %idle
02:31:27 PM    0   42.00    0.00   12.00    0.00    0.00    5.00    0.00    0.00    0.00   41.00

02:31:27 PM  CPU    %usr   %nice    %sys %iowait    %irq   %soft  %steal  %guest  %gnice   %idle
02:31:28 PM    0   35.35    0.00   19.19    0.00    0.00    4.04    0.00    0.00    0.00   41.41

02:31:28 PM  CPU    %usr   %nice    %sys %iowait    %irq   %soft  %steal  %guest  %gnice   %idle
02:31:29 PM    0   39.80    0.00   15.31    0.00    0.00    3.06    0.00    0.00    0.00   41.84

02:31:29 PM  CPU    %usr   %nice    %sys %iowait    %irq   %soft  %steal  %guest  %gnice   %idle
02:31:30 PM    0   40.00    0.00   14.00    0.00    0.00    5.00    0.00    0.00    0.00   41.00

02:31:30 PM  CPU    %usr   %nice    %sys %iowait    %irq   %soft  %steal  %guest  %gnice   %idle
02:31:31 PM    0   38.78    0.00   16.33    0.00    0.00    3.06    0.00    0.00    0.00   41.84

02:31:31 PM  CPU    %usr   %nice    %sys %iowait    %irq   %soft  %steal  %guest  %gnice   %idle
02:31:32 PM    0   40.00    0.00   15.00    0.00    0.00    4.00    0.00    0.00    0.00   41.00

02:31:32 PM  CPU    %usr   %nice    %sys %iowait    %irq   %soft  %steal  %guest  %gnice   %idle
02:31:33 PM    0   36.56    0.00   17.20    0.00    0.00    3.23    0.00    0.00    0.00   43.01

02:31:33 PM  CPU    %usr   %nice    %sys %iowait    %irq   %soft  %steal  %guest  %gnice   %idle
02:31:34 PM    0   39.80    0.00   14.29    0.00    0.00    3.06    0.00    0.00    0.00   42.86

02:31:34 PM  CPU    %usr   %nice    %sys %iowait    %irq   %soft  %steal  %guest  %gnice   %idle
02:31:35 PM    0   40.21    0.00   15.46    0.00    0.00    2.06    0.00    0.00    0.00   42.27

02:31:35 PM  CPU    %usr   %nice    %sys %iowait    %irq   %soft  %steal  %guest  %gnice   %idle
02:31:36 PM    0   42.86    0.00   12.38    0.00    0.00    4.76    0.00    0.00    0.00   40.00

02:31:36 PM  CPU    %usr   %nice    %sys %iowait    %irq   %soft  %steal  %guest  %gnice   %idle
02:31:37 PM    0   45.00    0.00   12.00    0.00    0.00    2.00    0.00    0.00    0.00   41.00

02:31:37 PM  CPU    %usr   %nice    %sys %iowait    %irq   %soft  %steal  %guest  %gnice   %idle
02:31:38 PM    0   41.84    0.00   14.29    0.00    0.00    2.04    0.00    0.00    0.00   41.84

02:31:38 PM  CPU    %usr   %nice    %sys %iowait    %irq   %soft  %steal  %guest  %gnice   %idle
02:31:39 PM    0   36.63    0.00   20.79    0.00    0.00    1.98    0.00    0.00    0.00   40.59

02:31:39 PM  CPU    %usr   %nice    %sys %iowait    %irq   %soft  %steal  %guest  %gnice   %idle
02:31:40 PM    0   40.00    0.00   11.58    0.00    0.00    4.21    0.00    0.00    0.00   44.21

02:31:40 PM  CPU    %usr   %nice    %sys %iowait    %irq   %soft  %steal  %guest  %gnice   %idle
02:31:41 PM    0   40.38    0.00   15.38    0.00    0.00    3.85    0.00    0.00    0.00   40.38

02:31:41 PM  CPU    %usr   %nice    %sys %iowait    %irq   %soft  %steal  %guest  %gnice   %idle
02:31:42 PM    0   41.18    0.00   12.75    0.00    0.00    3.92    0.00    0.00    0.00   42.16

02:31:42 PM  CPU    %usr   %nice    %sys %iowait    %irq   %soft  %steal  %guest  %gnice   %idle
02:31:43 PM    0   38.00    0.00   16.00    0.00    0.00    4.00    0.00    0.00    0.00   42.00

02:31:43 PM  CPU    %usr   %nice    %sys %iowait    %irq   %soft  %steal  %guest  %gnice   %idle
02:31:44 PM    0   33.33    0.00   16.67    0.00    0.00    6.25    0.00    0.00    0.00   43.75

02:31:44 PM  CPU    %usr   %nice    %sys %iowait    %irq   %soft  %steal  %guest  %gnice   %idle
02:31:45 PM    0   40.00    0.00   12.00    0.00    0.00    6.00    0.00    0.00    0.00   42.00

02:31:45 PM  CPU    %usr   %nice    %sys %iowait    %irq   %soft  %steal  %guest  %gnice   %idle
02:31:46 PM    0   39.58    0.00   13.54    0.00    0.00    3.12    0.00    0.00    0.00   43.75

02:31:46 PM  CPU    %usr   %nice    %sys %iowait    %irq   %soft  %steal  %guest  %gnice   %idle
02:31:47 PM    0   34.34    0.00   18.18    0.00    0.00    5.05    0.00    0.00    0.00   42.42

02:31:47 PM  CPU    %usr   %nice    %sys %iowait    %irq   %soft  %steal  %guest  %gnice   %idle
02:31:48 PM    0   40.20    0.00   11.76    0.00    0.00    5.88    0.00    0.00    0.00   42.16

02:31:48 PM  CPU    %usr   %nice    %sys %iowait    %irq   %soft  %steal  %guest  %gnice   %idle
02:31:49 PM    0   37.00    0.00   16.00    0.00    0.00    5.00    0.00    0.00    0.00   42.00

02:31:49 PM  CPU    %usr   %nice    %sys %iowait    %irq   %soft  %steal  %guest  %gnice   %idle
02:31:50 PM    0   36.08    0.00   14.43    0.00    0.00    5.15    0.00    0.00    0.00   44.33

02:31:50 PM  CPU    %usr   %nice    %sys %iowait    %irq   %soft  %steal  %guest  %gnice   %idle
02:31:51 PM    0   38.00    0.00   14.00    0.00    0.00    5.00    0.00    0.00    0.00   43.00

02:31:51 PM  CPU    %usr   %nice    %sys %iowait    %irq   %soft  %steal  %guest  %gnice   %idle
02:31:52 PM    0   38.38    0.00   16.16    0.00    0.00    3.03    0.00    0.00    0.00   42.42

02:31:52 PM  CPU    %usr   %nice    %sys %iowait    %irq   %soft  %steal  %guest  %gnice   %idle
02:31:53 PM    0   35.71    0.00   15.31    0.00    0.00    6.12    0.00    0.00    0.00   42.86

02:31:53 PM  CPU    %usr   %nice    %sys %iowait    %irq   %soft  %steal  %guest  %gnice   %idle
02:31:54 PM    0   37.25    0.00   15.69    0.00    0.00    5.88    0.00    0.00    0.00   41.18

02:31:54 PM  CPU    %usr   %nice    %sys %iowait    %irq   %soft  %steal  %guest  %gnice   %idle
02:31:55 PM    0   36.36    0.00   16.16    0.00    0.00    6.06    0.00    0.00    0.00   41.41

02:31:55 PM  CPU    %usr   %nice    %sys %iowait    %irq   %soft  %steal  %guest  %gnice   %idle
02:31:56 PM    0   40.00    0.00   13.00    0.00    0.00    5.00    0.00    0.00    0.00   42.00

02:31:56 PM  CPU    %usr   %nice    %sys %iowait    %irq   %soft  %steal  %guest  %gnice   %idle
02:31:57 PM    0   40.62    0.00   13.54    0.00    0.00    3.12    0.00    0.00    0.00   42.71

02:31:57 PM  CPU    %usr   %nice    %sys %iowait    %irq   %soft  %steal  %guest  %gnice   %idle
02:31:58 PM    0   38.00    0.00   15.00    0.00    0.00    6.00    0.00    0.00    0.00   41.00

02:31:58 PM  CPU    %usr   %nice    %sys %iowait    %irq   %soft  %steal  %guest  %gnice   %idle
02:31:59 PM    0   36.84    0.00   15.79    0.00    0.00    4.21    0.00    0.00    0.00   43.16

02:31:59 PM  CPU    %usr   %nice    %sys %iowait    %irq   %soft  %steal  %guest  %gnice   %idle
02:32:00 PM    0   35.35    0.00   18.18    0.00    0.00    5.05    0.00    0.00    0.00   41.41

02:32:00 PM  CPU    %usr   %nice    %sys %iowait    %irq   %soft  %steal  %guest  %gnice   %idle
02:32:01 PM    0   38.78    0.00   14.29    0.00    0.00    5.10    0.00    0.00    0.00   41.84

02:32:01 PM  CPU    %usr   %nice    %sys %iowait    %irq   %soft  %steal  %guest  %gnice   %idle
02:32:02 PM    0   39.58    0.00   13.54    0.00    0.00    4.17    0.00    0.00    0.00   42.71

02:32:02 PM  CPU    %usr   %nice    %sys %iowait    %irq   %soft  %steal  %guest  %gnice   %idle
02:32:03 PM    0   37.00    0.00   18.00    0.00    0.00    3.00    0.00    0.00    0.00   42.00

02:32:03 PM  CPU    %usr   %nice    %sys %iowait    %irq   %soft  %steal  %guest  %gnice   %idle
02:32:04 PM    0   45.00    0.00   14.00    0.00    0.00    1.00    0.00    0.00    0.00   40.00

02:32:04 PM  CPU    %usr   %nice    %sys %iowait    %irq   %soft  %steal  %guest  %gnice   %idle
02:32:05 PM    0   39.80    0.00   12.24    0.00    0.00    6.12    0.00    0.00    0.00   41.84

02:32:05 PM  CPU    %usr   %nice    %sys %iowait    %irq   %soft  %steal  %guest  %gnice   %idle
02:32:06 PM    0   37.00    0.00   18.00    0.00    0.00    3.00    0.00    0.00    0.00   42.00

02:32:06 PM  CPU    %usr   %nice    %sys %iowait    %irq   %soft  %steal  %guest  %gnice   %idle
02:32:07 PM    0   38.38    0.00   14.14    0.00    0.00    5.05    0.00    0.00    0.00   42.42

02:32:07 PM  CPU    %usr   %nice    %sys %iowait    %irq   %soft  %steal  %guest  %gnice   %idle
02:32:08 PM    0   34.69    0.00   17.35    0.00    0.00    6.12    0.00    0.00    0.00   41.84

02:32:08 PM  CPU    %usr   %nice    %sys %iowait    %irq   %soft  %steal  %guest  %gnice   %idle
02:32:09 PM    0   40.00    0.00   15.00    0.00    0.00    5.00    0.00    0.00    0.00   40.00

02:32:09 PM  CPU    %usr   %nice    %sys %iowait    %irq   %soft  %steal  %guest  %gnice   %idle
02:32:10 PM    0   37.37    0.00   16.16    0.00    0.00    5.05    0.00    0.00    0.00   41.41

02:32:10 PM  CPU    %usr   %nice    %sys %iowait    %irq   %soft  %steal  %guest  %gnice   %idle
02:32:11 PM    0   37.37    0.00   17.17    0.00    0.00    4.04    0.00    0.00    0.00   41.41

02:32:11 PM  CPU    %usr   %nice    %sys %iowait    %irq   %soft  %steal  %guest  %gnice   %idle
02:32:12 PM    0   40.59    0.00   14.85    0.00    0.00    3.96    0.00    0.00    0.00   40.59

02:32:12 PM  CPU    %usr   %nice    %sys %iowait    %irq   %soft  %steal  %guest  %gnice   %idle
02:32:13 PM    0   39.00    0.00   15.00    0.00    0.00    6.00    0.00    0.00    0.00   40.00

02:32:13 PM  CPU    %usr   %nice    %sys %iowait    %irq   %soft  %steal  %guest  %gnice   %idle
02:32:14 PM    0   35.79    0.00   16.84    0.00    0.00    4.21    0.00    0.00    0.00   43.16

02:32:14 PM  CPU    %usr   %nice    %sys %iowait    %irq   %soft  %steal  %guest  %gnice   %idle
02:32:15 PM    0   39.39    0.00   14.14    0.00    0.00    4.04    0.00    0.00    0.00   42.42

02:32:15 PM  CPU    %usr   %nice    %sys %iowait    %irq   %soft  %steal  %guest  %gnice   %idle
02:32:16 PM    0   42.42    0.00   13.13    0.00    0.00    3.03    0.00    0.00    0.00   41.41

02:32:16 PM  CPU    %usr   %nice    %sys %iowait    %irq   %soft  %steal  %guest  %gnice   %idle
02:32:17 PM    0   40.40    0.00   14.14    0.00    0.00    4.04    0.00    0.00    0.00   41.41

02:32:17 PM  CPU    %usr   %nice    %sys %iowait    %irq   %soft  %steal  %guest  %gnice   %idle
02:32:18 PM    0   41.41    0.00   14.14    0.00    0.00    4.04    0.00    0.00    0.00   40.40

02:32:18 PM  CPU    %usr   %nice    %sys %iowait    %irq   %soft  %steal  %guest  %gnice   %idle
02:32:19 PM    0   38.00    0.00   16.00    0.00    0.00    5.00    0.00    0.00    0.00   41.00

02:32:19 PM  CPU    %usr   %nice    %sys %iowait    %irq   %soft  %steal  %guest  %gnice   %idle
02:32:20 PM    0   41.67    0.00   14.58    0.00    0.00    2.08    0.00    0.00    0.00   41.67

02:32:20 PM  CPU    %usr   %nice    %sys %iowait    %irq   %soft  %steal  %guest  %gnice   %idle
02:32:21 PM    0   40.78    0.00   15.53    0.00    0.00    3.88    0.00    0.00    0.00   39.81

02:32:21 PM  CPU    %usr   %nice    %sys %iowait    %irq   %soft  %steal  %guest  %gnice   %idle
02:32:22 PM    0   41.00    0.00   16.00    0.00    0.00    2.00    0.00    0.00    0.00   41.00

02:32:22 PM  CPU    %usr   %nice    %sys %iowait    %irq   %soft  %steal  %guest  %gnice   %idle
02:32:23 PM    0   38.61    0.00   15.84    0.00    0.00    4.95    0.00    0.00    0.00   40.59

02:32:23 PM  CPU    %usr   %nice    %sys %iowait    %irq   %soft  %steal  %guest  %gnice   %idle
02:32:24 PM    0   40.62    0.00   12.50    0.00    0.00    4.17    0.00    0.00    0.00   42.71

02:32:24 PM  CPU    %usr   %nice    %sys %iowait    %irq   %soft  %steal  %guest  %gnice   %idle
02:32:25 PM    0   39.18    0.00   12.37    0.00    0.00    7.22    0.00    0.00    0.00   41.24

02:32:25 PM  CPU    %usr   %nice    %sys %iowait    %irq   %soft  %steal  %guest  %gnice   %idle
02:32:26 PM    0   42.27    0.00   11.34    0.00    0.00    4.12    0.00    0.00    0.00   42.27

02:32:26 PM  CPU    %usr   %nice    %sys %iowait    %irq   %soft  %steal  %guest  %gnice   %idle
02:32:27 PM    0   36.36    0.00   16.16    0.00    0.00    7.07    0.00    0.00    0.00   40.40

02:32:27 PM  CPU    %usr   %nice    %sys %iowait    %irq   %soft  %steal  %guest  %gnice   %idle
02:32:28 PM    0   41.84    0.00   11.22    0.00    0.00    4.08    0.00    0.00    0.00   42.86

02:32:28 PM  CPU    %usr   %nice    %sys %iowait    %irq   %soft  %steal  %guest  %gnice   %idle
02:32:29 PM    0   38.38    0.00   15.15    0.00    0.00    4.04    0.00    0.00    0.00   42.42

02:32:29 PM  CPU    %usr   %nice    %sys %iowait    %irq   %soft  %steal  %guest  %gnice   %idle
02:32:30 PM    0   35.05    0.00   18.56    0.00    0.00    5.15    0.00    0.00    0.00   41.24

02:32:30 PM  CPU    %usr   %nice    %sys %iowait    %irq   %soft  %steal  %guest  %gnice   %idle
02:32:31 PM    0   40.82    0.00   12.24    0.00    0.00    5.10    0.00    0.00    0.00   41.84

02:32:31 PM  CPU    %usr   %nice    %sys %iowait    %irq   %soft  %steal  %guest  %gnice   %idle
02:32:32 PM    0   35.71    0.00   14.29    0.00    0.00    7.14    0.00    0.00    0.00   42.86

02:32:32 PM  CPU    %usr   %nice    %sys %iowait    %irq   %soft  %steal  %guest  %gnice   %idle
02:32:33 PM    0   36.08    0.00   16.49    0.00    0.00    5.15    0.00    0.00    0.00   42.27

02:32:33 PM  CPU    %usr   %nice    %sys %iowait    %irq   %soft  %steal  %guest  %gnice   %idle
02:32:34 PM    0   41.41    0.00   12.12    0.00    0.00    5.05    0.00    0.00    0.00   41.41

02:32:34 PM  CPU    %usr   %nice    %sys %iowait    %irq   %soft  %steal  %guest  %gnice   %idle
02:32:35 PM    0   41.58    0.00   13.86    0.00    0.00    2.97    0.00    0.00    0.00   41.58

02:32:35 PM  CPU    %usr   %nice    %sys %iowait    %irq   %soft  %steal  %guest  %gnice   %idle
02:32:36 PM    0   39.39    0.00   15.15    0.00    0.00    3.03    0.00    0.00    0.00   42.42

02:32:36 PM  CPU    %usr   %nice    %sys %iowait    %irq   %soft  %steal  %guest  %gnice   %idle
02:32:37 PM    0   40.00    0.00   14.00    0.00    0.00    4.00    0.00    0.00    0.00   42.00

02:32:37 PM  CPU    %usr   %nice    %sys %iowait    %irq   %soft  %steal  %guest  %gnice   %idle
02:32:38 PM    0   41.84    0.00   11.22    0.00    0.00    5.10    0.00    0.00    0.00   41.84

02:32:38 PM  CPU    %usr   %nice    %sys %iowait    %irq   %soft  %steal  %guest  %gnice   %idle
02:32:39 PM    0   42.27    0.00   12.37    0.00    0.00    3.09    0.00    0.00    0.00   42.27

02:32:39 PM  CPU    %usr   %nice    %sys %iowait    %irq   %soft  %steal  %guest  %gnice   %idle
02:32:40 PM    0   39.39    0.00   15.15    0.00    0.00    4.04    0.00    0.00    0.00   41.41

02:32:40 PM  CPU    %usr   %nice    %sys %iowait    %irq   %soft  %steal  %guest  %gnice   %idle
02:32:41 PM    0   38.24    0.00   16.67    0.00    0.00    4.90    0.00    0.00    0.00   40.20

02:32:41 PM  CPU    %usr   %nice    %sys %iowait    %irq   %soft  %steal  %guest  %gnice   %idle
02:32:42 PM    0   38.14    0.00   14.43    0.00    0.00    5.15    0.00    0.00    0.00   42.27

02:32:42 PM  CPU    %usr   %nice    %sys %iowait    %irq   %soft  %steal  %guest  %gnice   %idle
02:32:43 PM    0   38.14    0.00   17.53    0.00    0.00    2.06    0.00    0.00    0.00   42.27

02:32:43 PM  CPU    %usr   %nice    %sys %iowait    %irq   %soft  %steal  %guest  %gnice   %idle
02:32:44 PM    0   39.22    0.00   15.69    0.00    0.00    3.92    0.00    0.00    0.00   41.18

02:32:44 PM  CPU    %usr   %nice    %sys %iowait    %irq   %soft  %steal  %guest  %gnice   %idle
02:32:45 PM    0   37.89    0.00   13.68    0.00    0.00    5.26    0.00    0.00    0.00   43.16

02:32:45 PM  CPU    %usr   %nice    %sys %iowait    %irq   %soft  %steal  %guest  %gnice   %idle
02:32:46 PM    0   39.00    0.00   14.00    0.00    0.00    6.00    0.00    0.00    0.00   41.00

02:32:46 PM  CPU    %usr   %nice    %sys %iowait    %irq   %soft  %steal  %guest  %gnice   %idle
02:32:47 PM    0   40.40    0.00   15.15    0.00    0.00    4.04    0.00    0.00    0.00   40.40

02:32:47 PM  CPU    %usr   %nice    %sys %iowait    %irq   %soft  %steal  %guest  %gnice   %idle
02:32:48 PM    0   42.42    0.00   14.14    0.00    0.00    2.02    0.00    0.00    0.00   41.41

02:32:48 PM  CPU    %usr   %nice    %sys %iowait    %irq   %soft  %steal  %guest  %gnice   %idle
02:32:49 PM    0   39.39    0.00   15.15    0.00    0.00    4.04    0.00    0.00    0.00   41.41

02:32:49 PM  CPU    %usr   %nice    %sys %iowait    %irq   %soft  %steal  %guest  %gnice   %idle
02:32:50 PM    0   40.40    0.00   13.13    0.00    0.00    6.06    0.00    0.00    0.00   40.40

02:32:50 PM  CPU    %usr   %nice    %sys %iowait    %irq   %soft  %steal  %guest  %gnice   %idle
02:32:51 PM    0   35.42    0.00   18.75    0.00    0.00    3.12    0.00    0.00    0.00   42.71

02:32:51 PM  CPU    %usr   %nice    %sys %iowait    %irq   %soft  %steal  %guest  %gnice   %idle
02:32:52 PM    0   37.76    0.00   17.35    0.00    0.00    3.06    0.00    0.00    0.00   41.84

02:32:52 PM  CPU    %usr   %nice    %sys %iowait    %irq   %soft  %steal  %guest  %gnice   %idle
02:32:53 PM    0   41.24    0.00   13.40    0.00    0.00    3.09    0.00    0.00    0.00   42.27

02:32:53 PM  CPU    %usr   %nice    %sys %iowait    %irq   %soft  %steal  %guest  %gnice   %idle
02:32:54 PM    0   38.30    0.00   14.89    0.00    0.00    3.19    0.00    0.00    0.00   43.62

02:32:54 PM  CPU    %usr   %nice    %sys %iowait    %irq   %soft  %steal  %guest  %gnice   %idle
02:32:55 PM    0   39.39    0.00   14.14    0.00    0.00    5.05    0.00    0.00    0.00   41.41

02:32:55 PM  CPU    %usr   %nice    %sys %iowait    %irq   %soft  %steal  %guest  %gnice   %idle
02:32:56 PM    0   42.86    0.00   12.24    0.00    0.00    3.06    0.00    0.00    0.00   41.84

02:32:56 PM  CPU    %usr   %nice    %sys %iowait    %irq   %soft  %steal  %guest  %gnice   %idle
02:32:57 PM    0   34.74    0.00   18.95    0.00    0.00    3.16    0.00    0.00    0.00   43.16

02:32:57 PM  CPU    %usr   %nice    %sys %iowait    %irq   %soft  %steal  %guest  %gnice   %idle
02:32:58 PM    0   39.00    0.00   14.00    0.00    0.00    5.00    0.00    0.00    0.00   42.00

02:32:58 PM  CPU    %usr   %nice    %sys %iowait    %irq   %soft  %steal  %guest  %gnice   %idle
02:32:59 PM    0   38.78    0.00   15.31    0.00    0.00    4.08    0.00    0.00    0.00   41.84

02:32:59 PM  CPU    %usr   %nice    %sys %iowait    %irq   %soft  %steal  %guest  %gnice   %idle
02:33:00 PM    0   39.00    0.00   14.00    0.00    0.00    3.00    0.00    0.00    0.00   44.00

02:33:00 PM  CPU    %usr   %nice    %sys %iowait    %irq   %soft  %steal  %guest  %gnice   %idle
02:33:01 PM    0   40.82    0.00   13.27    0.00    0.00    4.08    0.00    0.00    0.00   41.84

02:33:01 PM  CPU    %usr   %nice    %sys %iowait    %irq   %soft  %steal  %guest  %gnice   %idle
02:33:02 PM    0   40.40    0.00   13.13    0.00    0.00    4.04    0.00    0.00    0.00   42.42

02:33:02 PM  CPU    %usr   %nice    %sys %iowait    %irq   %soft  %steal  %guest  %gnice   %idle
02:33:03 PM    0   36.08    0.00   17.53    0.00    0.00    4.12    0.00    0.00    0.00   42.27

02:33:03 PM  CPU    %usr   %nice    %sys %iowait    %irq   %soft  %steal  %guest  %gnice   %idle
02:33:04 PM    0   39.60    0.00   14.85    0.00    0.00    3.96    0.00    0.00    0.00   41.58

02:33:04 PM  CPU    %usr   %nice    %sys %iowait    %irq   %soft  %steal  %guest  %gnice   %idle
02:33:05 PM    0   40.82    0.00   12.24    0.00    0.00    5.10    0.00    0.00    0.00   41.84

02:33:05 PM  CPU    %usr   %nice    %sys %iowait    %irq   %soft  %steal  %guest  %gnice   %idle
02:33:06 PM    0   39.39    0.00   14.14    0.00    0.00    4.04    0.00    0.00    0.00   42.42

02:33:06 PM  CPU    %usr   %nice    %sys %iowait    %irq   %soft  %steal  %guest  %gnice   %idle
02:33:07 PM    0   38.54    0.00   13.54    0.00    0.00    4.17    0.00    0.00    0.00   43.75

02:33:07 PM  CPU    %usr   %nice    %sys %iowait    %irq   %soft  %steal  %guest  %gnice   %idle
02:33:08 PM    0   36.36    0.00   16.16    0.00    0.00    5.05    0.00    0.00    0.00   42.42

02:33:08 PM  CPU    %usr   %nice    %sys %iowait    %irq   %soft  %steal  %guest  %gnice   %idle
02:33:09 PM    0   36.73    0.00   17.35    0.00    0.00    3.06    0.00    0.00    0.00   42.86

02:33:09 PM  CPU    %usr   %nice    %sys %iowait    %irq   %soft  %steal  %guest  %gnice   %idle
02:33:10 PM    0   37.37    0.00   15.15    0.00    0.00    4.04    0.00    0.00    0.00   43.43

02:33:10 PM  CPU    %usr   %nice    %sys %iowait    %irq   %soft  %steal  %guest  %gnice   %idle
02:33:11 PM    0   39.39    0.00   15.15    0.00    0.00    3.03    0.00    0.00    0.00   42.42

02:33:11 PM  CPU    %usr   %nice    %sys %iowait    %irq   %soft  %steal  %guest  %gnice   %idle
02:33:12 PM    0   38.78    0.00   11.22    0.00    0.00    6.12    0.00    0.00    0.00   43.88

02:33:12 PM  CPU    %usr   %nice    %sys %iowait    %irq   %soft  %steal  %guest  %gnice   %idle
02:33:13 PM    0   38.78    0.00   14.29    0.00    0.00    3.06    0.00    0.00    0.00   43.88

02:33:13 PM  CPU    %usr   %nice    %sys %iowait    %irq   %soft  %steal  %guest  %gnice   %idle
02:33:14 PM    0   39.80    0.00   14.29    0.00    0.00    3.06    0.00    0.00    0.00   42.86

02:33:14 PM  CPU    %usr   %nice    %sys %iowait    %irq   %soft  %steal  %guest  %gnice   %idle
02:33:15 PM    0   41.41    0.00   14.14    0.00    0.00    2.02    0.00    0.00    0.00   42.42

Average:     CPU    %usr   %nice    %sys %iowait    %irq   %soft  %steal  %guest  %gnice   %idle
Average:       0   38.98    0.00   14.98    0.00    0.00    4.17    0.00    0.00    0.00   41.87
