Linux 5.3.0-61-generic (cw-zenbook) 	07/16/2020 	_x86_64_	(8 CPU)

05:31:53 PM  CPU    %usr   %nice    %sys %iowait    %irq   %soft  %steal  %guest  %gnice   %idle
05:31:54 PM    0   63.00    0.00   28.00    0.00    0.00    8.00    0.00    0.00    0.00    1.00

05:31:54 PM  CPU    %usr   %nice    %sys %iowait    %irq   %soft  %steal  %guest  %gnice   %idle
05:31:55 PM    0   68.32    0.00   23.76    0.00    0.00    6.93    0.00    0.00    0.00    0.99

05:31:55 PM  CPU    %usr   %nice    %sys %iowait    %irq   %soft  %steal  %guest  %gnice   %idle
05:31:56 PM    0   61.00    0.00   32.00    0.00    0.00    7.00    0.00    0.00    0.00    0.00

05:31:56 PM  CPU    %usr   %nice    %sys %iowait    %irq   %soft  %steal  %guest  %gnice   %idle
05:31:57 PM    0   65.00    0.00   27.00    0.00    0.00    7.00    0.00    0.00    0.00    1.00

05:31:57 PM  CPU    %usr   %nice    %sys %iowait    %irq   %soft  %steal  %guest  %gnice   %idle
05:31:58 PM    0   67.68    0.00   26.26    0.00    0.00    6.06    0.00    0.00    0.00    0.00

05:31:58 PM  CPU    %usr   %nice    %sys %iowait    %irq   %soft  %steal  %guest  %gnice   %idle
05:31:59 PM    0   68.00    0.00   23.00    0.00    0.00    9.00    0.00    0.00    0.00    0.00

05:31:59 PM  CPU    %usr   %nice    %sys %iowait    %irq   %soft  %steal  %guest  %gnice   %idle
05:32:00 PM    0   60.40    0.00   29.70    0.00    0.00    8.91    0.00    0.00    0.00    0.99

05:32:00 PM  CPU    %usr   %nice    %sys %iowait    %irq   %soft  %steal  %guest  %gnice   %idle
05:32:01 PM    0   69.70    0.00   22.22    0.00    0.00    8.08    0.00    0.00    0.00    0.00

05:32:01 PM  CPU    %usr   %nice    %sys %iowait    %irq   %soft  %steal  %guest  %gnice   %idle
05:32:02 PM    0   73.74    0.00   19.19    0.00    0.00    6.06    0.00    0.00    0.00    1.01

05:32:02 PM  CPU    %usr   %nice    %sys %iowait    %irq   %soft  %steal  %guest  %gnice   %idle
05:32:03 PM    0   66.00    0.00   26.00    0.00    0.00    7.00    0.00    0.00    0.00    1.00

05:32:03 PM  CPU    %usr   %nice    %sys %iowait    %irq   %soft  %steal  %guest  %gnice   %idle
05:32:04 PM    0   66.00    0.00   23.00    0.00    0.00    9.00    0.00    0.00    0.00    2.00

05:32:04 PM  CPU    %usr   %nice    %sys %iowait    %irq   %soft  %steal  %guest  %gnice   %idle
05:32:05 PM    0   64.36    0.00   27.72    0.00    0.00    6.93    0.00    0.00    0.00    0.99

05:32:05 PM  CPU    %usr   %nice    %sys %iowait    %irq   %soft  %steal  %guest  %gnice   %idle
05:32:06 PM    0   65.00    0.00   27.00    0.00    0.00    6.00    0.00    0.00    0.00    2.00

05:32:06 PM  CPU    %usr   %nice    %sys %iowait    %irq   %soft  %steal  %guest  %gnice   %idle
05:32:07 PM    0   69.00    0.00   23.00    0.00    0.00    7.00    0.00    0.00    0.00    1.00

05:32:07 PM  CPU    %usr   %nice    %sys %iowait    %irq   %soft  %steal  %guest  %gnice   %idle
05:32:08 PM    0   65.35    0.00   26.73    0.00    0.00    6.93    0.00    0.00    0.00    0.99

05:32:08 PM  CPU    %usr   %nice    %sys %iowait    %irq   %soft  %steal  %guest  %gnice   %idle
05:32:09 PM    0   64.00    0.00   27.00    0.00    0.00    9.00    0.00    0.00    0.00    0.00

05:32:09 PM  CPU    %usr   %nice    %sys %iowait    %irq   %soft  %steal  %guest  %gnice   %idle
05:32:10 PM    0   66.67    0.00   28.28    0.00    0.00    5.05    0.00    0.00    0.00    0.00

05:32:10 PM  CPU    %usr   %nice    %sys %iowait    %irq   %soft  %steal  %guest  %gnice   %idle
05:32:11 PM    0   66.00    0.00   28.00    0.00    0.00    6.00    0.00    0.00    0.00    0.00

05:32:11 PM  CPU    %usr   %nice    %sys %iowait    %irq   %soft  %steal  %guest  %gnice   %idle
05:32:12 PM    0   71.00    0.00   24.00    0.00    0.00    5.00    0.00    0.00    0.00    0.00

05:32:12 PM  CPU    %usr   %nice    %sys %iowait    %irq   %soft  %steal  %guest  %gnice   %idle
05:32:13 PM    0   63.00    0.00   28.00    0.00    0.00    8.00    0.00    0.00    0.00    1.00

05:32:13 PM  CPU    %usr   %nice    %sys %iowait    %irq   %soft  %steal  %guest  %gnice   %idle
05:32:14 PM    0   72.28    0.00   20.79    0.00    0.00    6.93    0.00    0.00    0.00    0.00

05:32:14 PM  CPU    %usr   %nice    %sys %iowait    %irq   %soft  %steal  %guest  %gnice   %idle
05:32:15 PM    0   70.71    0.00   20.20    0.00    0.00    9.09    0.00    0.00    0.00    0.00

05:32:15 PM  CPU    %usr   %nice    %sys %iowait    %irq   %soft  %steal  %guest  %gnice   %idle
05:32:16 PM    0   65.00    0.00   29.00    0.00    0.00    5.00    0.00    0.00    0.00    1.00

05:32:16 PM  CPU    %usr   %nice    %sys %iowait    %irq   %soft  %steal  %guest  %gnice   %idle
05:32:17 PM    0   67.00    0.00   27.00    0.00    0.00    6.00    0.00    0.00    0.00    0.00

05:32:17 PM  CPU    %usr   %nice    %sys %iowait    %irq   %soft  %steal  %guest  %gnice   %idle
05:32:18 PM    0   64.65    0.00   29.29    0.00    0.00    6.06    0.00    0.00    0.00    0.00

05:32:18 PM  CPU    %usr   %nice    %sys %iowait    %irq   %soft  %steal  %guest  %gnice   %idle
05:32:19 PM    0   65.00    0.00   28.00    0.00    0.00    6.00    0.00    0.00    0.00    1.00

05:32:19 PM  CPU    %usr   %nice    %sys %iowait    %irq   %soft  %steal  %guest  %gnice   %idle
05:32:20 PM    0   66.67    0.00   28.28    0.00    0.00    5.05    0.00    0.00    0.00    0.00

05:32:20 PM  CPU    %usr   %nice    %sys %iowait    %irq   %soft  %steal  %guest  %gnice   %idle
05:32:21 PM    0   68.63    0.00   25.49    0.00    0.00    4.90    0.00    0.00    0.00    0.98

05:32:21 PM  CPU    %usr   %nice    %sys %iowait    %irq   %soft  %steal  %guest  %gnice   %idle
05:32:22 PM    0   65.98    0.00   28.87    0.00    0.00    5.15    0.00    0.00    0.00    0.00

05:32:22 PM  CPU    %usr   %nice    %sys %iowait    %irq   %soft  %steal  %guest  %gnice   %idle
05:32:23 PM    0   64.65    0.00   24.24    0.00    0.00   10.10    0.00    0.00    0.00    1.01

05:32:23 PM  CPU    %usr   %nice    %sys %iowait    %irq   %soft  %steal  %guest  %gnice   %idle
05:32:24 PM    0   64.00    0.00   30.00    0.00    0.00    5.00    0.00    0.00    0.00    1.00

05:32:24 PM  CPU    %usr   %nice    %sys %iowait    %irq   %soft  %steal  %guest  %gnice   %idle
05:32:25 PM    0   66.67    0.00   27.27    0.00    0.00    6.06    0.00    0.00    0.00    0.00

05:32:25 PM  CPU    %usr   %nice    %sys %iowait    %irq   %soft  %steal  %guest  %gnice   %idle
05:32:26 PM    0   70.59    0.00   20.59    0.00    0.00    7.84    0.00    0.00    0.00    0.98

05:32:26 PM  CPU    %usr   %nice    %sys %iowait    %irq   %soft  %steal  %guest  %gnice   %idle
05:32:27 PM    0   64.65    0.00   25.25    0.00    0.00    9.09    0.00    0.00    0.00    1.01

05:32:27 PM  CPU    %usr   %nice    %sys %iowait    %irq   %soft  %steal  %guest  %gnice   %idle
05:32:28 PM    0   65.66    0.00   23.23    0.00    0.00   11.11    0.00    0.00    0.00    0.00

05:32:28 PM  CPU    %usr   %nice    %sys %iowait    %irq   %soft  %steal  %guest  %gnice   %idle
05:32:29 PM    0   66.34    0.00   26.73    0.00    0.00    5.94    0.00    0.00    0.00    0.99

05:32:29 PM  CPU    %usr   %nice    %sys %iowait    %irq   %soft  %steal  %guest  %gnice   %idle
05:32:30 PM    0   64.29    0.00   28.57    0.00    0.00    7.14    0.00    0.00    0.00    0.00

05:32:30 PM  CPU    %usr   %nice    %sys %iowait    %irq   %soft  %steal  %guest  %gnice   %idle
05:32:31 PM    0   68.63    0.00   26.47    0.00    0.00    3.92    0.00    0.00    0.00    0.98

05:32:31 PM  CPU    %usr   %nice    %sys %iowait    %irq   %soft  %steal  %guest  %gnice   %idle
05:32:32 PM    0   67.68    0.00   26.26    0.00    0.00    6.06    0.00    0.00    0.00    0.00

05:32:32 PM  CPU    %usr   %nice    %sys %iowait    %irq   %soft  %steal  %guest  %gnice   %idle
05:32:33 PM    0   64.00    0.00   26.00    0.00    0.00    9.00    0.00    0.00    0.00    1.00

05:32:33 PM  CPU    %usr   %nice    %sys %iowait    %irq   %soft  %steal  %guest  %gnice   %idle
05:32:34 PM    0   64.65    0.00   27.27    0.00    0.00    8.08    0.00    0.00    0.00    0.00

05:32:34 PM  CPU    %usr   %nice    %sys %iowait    %irq   %soft  %steal  %guest  %gnice   %idle
05:32:35 PM    0   64.36    0.00   28.71    0.00    0.00    5.94    0.00    0.00    0.00    0.99

05:32:35 PM  CPU    %usr   %nice    %sys %iowait    %irq   %soft  %steal  %guest  %gnice   %idle
05:32:36 PM    0   66.67    0.00   28.28    0.00    0.00    5.05    0.00    0.00    0.00    0.00

05:32:36 PM  CPU    %usr   %nice    %sys %iowait    %irq   %soft  %steal  %guest  %gnice   %idle
05:32:37 PM    0   75.00    0.00   17.00    0.00    0.00    6.00    0.00    0.00    0.00    2.00

05:32:37 PM  CPU    %usr   %nice    %sys %iowait    %irq   %soft  %steal  %guest  %gnice   %idle
05:32:38 PM    0   68.69    0.00   26.26    0.00    0.00    4.04    0.00    0.00    0.00    1.01

05:32:38 PM  CPU    %usr   %nice    %sys %iowait    %irq   %soft  %steal  %guest  %gnice   %idle
05:32:39 PM    0   65.00    0.00   27.00    0.00    0.00    7.00    0.00    0.00    0.00    1.00

05:32:39 PM  CPU    %usr   %nice    %sys %iowait    %irq   %soft  %steal  %guest  %gnice   %idle
05:32:40 PM    0   71.00    0.00   21.00    0.00    0.00    7.00    0.00    0.00    0.00    1.00

05:32:40 PM  CPU    %usr   %nice    %sys %iowait    %irq   %soft  %steal  %guest  %gnice   %idle
05:32:41 PM    0   65.35    0.00   26.73    0.00    0.00    6.93    0.00    0.00    0.00    0.99

05:32:41 PM  CPU    %usr   %nice    %sys %iowait    %irq   %soft  %steal  %guest  %gnice   %idle
05:32:42 PM    0   67.00    0.00   27.00    0.00    0.00    5.00    0.00    0.00    0.00    1.00

05:32:42 PM  CPU    %usr   %nice    %sys %iowait    %irq   %soft  %steal  %guest  %gnice   %idle
05:32:43 PM    0   69.00    0.00   21.00    0.00    0.00    9.00    0.00    0.00    0.00    1.00

05:32:43 PM  CPU    %usr   %nice    %sys %iowait    %irq   %soft  %steal  %guest  %gnice   %idle
05:32:44 PM    0   69.00    0.00   25.00    0.00    0.00    5.00    0.00    0.00    0.00    1.00

05:32:44 PM  CPU    %usr   %nice    %sys %iowait    %irq   %soft  %steal  %guest  %gnice   %idle
05:32:45 PM    0   67.00    0.00   29.00    0.00    0.00    3.00    0.00    0.00    0.00    1.00

05:32:45 PM  CPU    %usr   %nice    %sys %iowait    %irq   %soft  %steal  %guest  %gnice   %idle
05:32:46 PM    0   67.33    0.00   25.74    0.00    0.00    5.94    0.00    0.00    0.00    0.99

05:32:46 PM  CPU    %usr   %nice    %sys %iowait    %irq   %soft  %steal  %guest  %gnice   %idle
05:32:47 PM    0   70.71    0.00   24.24    0.00    0.00    5.05    0.00    0.00    0.00    0.00

05:32:47 PM  CPU    %usr   %nice    %sys %iowait    %irq   %soft  %steal  %guest  %gnice   %idle
05:32:48 PM    0   66.00    0.00   26.00    0.00    0.00    7.00    0.00    0.00    0.00    1.00

05:32:48 PM  CPU    %usr   %nice    %sys %iowait    %irq   %soft  %steal  %guest  %gnice   %idle
05:32:49 PM    0   61.22    0.00   33.67    0.00    0.00    5.10    0.00    0.00    0.00    0.00

05:32:49 PM  CPU    %usr   %nice    %sys %iowait    %irq   %soft  %steal  %guest  %gnice   %idle
05:32:50 PM    0   66.00    0.00   25.00    0.00    0.00    8.00    0.00    0.00    0.00    1.00

05:32:50 PM  CPU    %usr   %nice    %sys %iowait    %irq   %soft  %steal  %guest  %gnice   %idle
05:32:51 PM    0   68.32    0.00   23.76    0.00    0.00    6.93    0.00    0.00    0.00    0.99

05:32:51 PM  CPU    %usr   %nice    %sys %iowait    %irq   %soft  %steal  %guest  %gnice   %idle
05:32:52 PM    0   59.60    0.00   29.29    0.00    0.00   10.10    0.00    0.00    0.00    1.01

05:32:52 PM  CPU    %usr   %nice    %sys %iowait    %irq   %soft  %steal  %guest  %gnice   %idle
05:32:53 PM    0   65.35    0.00   28.71    0.00    0.00    5.94    0.00    0.00    0.00    0.00

05:32:53 PM  CPU    %usr   %nice    %sys %iowait    %irq   %soft  %steal  %guest  %gnice   %idle
05:32:54 PM    0   71.00    0.00   22.00    0.00    0.00    6.00    0.00    0.00    0.00    1.00

05:32:54 PM  CPU    %usr   %nice    %sys %iowait    %irq   %soft  %steal  %guest  %gnice   %idle
05:32:55 PM    0   67.33    0.00   25.74    0.00    0.00    4.95    0.00    0.00    0.00    1.98

05:32:55 PM  CPU    %usr   %nice    %sys %iowait    %irq   %soft  %steal  %guest  %gnice   %idle
05:32:56 PM    0   67.00    0.00   25.00    0.00    0.00    7.00    0.00    0.00    0.00    1.00

05:32:56 PM  CPU    %usr   %nice    %sys %iowait    %irq   %soft  %steal  %guest  %gnice   %idle
05:32:57 PM    0   66.00    0.00   25.00    0.00    0.00    7.00    0.00    0.00    0.00    2.00

05:32:57 PM  CPU    %usr   %nice    %sys %iowait    %irq   %soft  %steal  %guest  %gnice   %idle
05:32:58 PM    0   61.62    0.00   25.25    0.00    0.00   12.12    0.00    0.00    0.00    1.01

05:32:58 PM  CPU    %usr   %nice    %sys %iowait    %irq   %soft  %steal  %guest  %gnice   %idle
05:32:59 PM    0   69.31    0.00   25.74    0.00    0.00    2.97    0.00    0.00    0.00    1.98

05:32:59 PM  CPU    %usr   %nice    %sys %iowait    %irq   %soft  %steal  %guest  %gnice   %idle
05:33:00 PM    0   65.31    0.00   22.45    0.00    0.00   10.20    0.00    0.00    0.00    2.04

05:33:00 PM  CPU    %usr   %nice    %sys %iowait    %irq   %soft  %steal  %guest  %gnice   %idle
05:33:01 PM    0   65.35    0.00   26.73    0.00    0.00    6.93    0.00    0.00    0.00    0.99

05:33:01 PM  CPU    %usr   %nice    %sys %iowait    %irq   %soft  %steal  %guest  %gnice   %idle
05:33:02 PM    0   66.00    0.00   28.00    0.00    0.00    5.00    0.00    0.00    0.00    1.00

05:33:02 PM  CPU    %usr   %nice    %sys %iowait    %irq   %soft  %steal  %guest  %gnice   %idle
05:33:03 PM    0   62.38    0.00   31.68    0.00    0.00    4.95    0.00    0.00    0.00    0.99

05:33:03 PM  CPU    %usr   %nice    %sys %iowait    %irq   %soft  %steal  %guest  %gnice   %idle
05:33:04 PM    0   67.35    0.00   24.49    0.00    0.00    7.14    0.00    0.00    0.00    1.02

05:33:04 PM  CPU    %usr   %nice    %sys %iowait    %irq   %soft  %steal  %guest  %gnice   %idle
05:33:05 PM    0   62.75    0.00   26.47    0.00    0.00    8.82    0.00    0.00    0.00    1.96

05:33:05 PM  CPU    %usr   %nice    %sys %iowait    %irq   %soft  %steal  %guest  %gnice   %idle
05:33:06 PM    0   67.68    0.00   26.26    0.00    0.00    5.05    0.00    0.00    0.00    1.01

05:33:06 PM  CPU    %usr   %nice    %sys %iowait    %irq   %soft  %steal  %guest  %gnice   %idle
05:33:07 PM    0   67.00    0.00   27.00    0.00    0.00    4.00    0.00    0.00    0.00    2.00

05:33:07 PM  CPU    %usr   %nice    %sys %iowait    %irq   %soft  %steal  %guest  %gnice   %idle
05:33:08 PM    0   65.00    0.00   27.00    0.00    0.00    7.00    0.00    0.00    0.00    1.00

05:33:08 PM  CPU    %usr   %nice    %sys %iowait    %irq   %soft  %steal  %guest  %gnice   %idle
05:33:09 PM    0   64.00    0.00   27.00    0.00    0.00    8.00    0.00    0.00    0.00    1.00

05:33:09 PM  CPU    %usr   %nice    %sys %iowait    %irq   %soft  %steal  %guest  %gnice   %idle
05:33:10 PM    0   63.37    0.00   28.71    0.00    0.00    6.93    0.00    0.00    0.00    0.99

05:33:10 PM  CPU    %usr   %nice    %sys %iowait    %irq   %soft  %steal  %guest  %gnice   %idle
05:33:11 PM    0   72.73    0.00   21.21    0.00    0.00    5.05    0.00    0.00    0.00    1.01

05:33:11 PM  CPU    %usr   %nice    %sys %iowait    %irq   %soft  %steal  %guest  %gnice   %idle
05:33:12 PM    0   63.64    0.00   24.24    0.00    0.00    9.09    0.00    0.00    0.00    3.03

05:33:12 PM  CPU    %usr   %nice    %sys %iowait    %irq   %soft  %steal  %guest  %gnice   %idle
05:33:13 PM    0   74.75    0.00   18.18    0.00    0.00    5.05    0.00    0.00    0.00    2.02

05:33:13 PM  CPU    %usr   %nice    %sys %iowait    %irq   %soft  %steal  %guest  %gnice   %idle
05:33:14 PM    0   68.00    0.00   22.00    0.00    0.00    8.00    0.00    0.00    0.00    2.00

05:33:14 PM  CPU    %usr   %nice    %sys %iowait    %irq   %soft  %steal  %guest  %gnice   %idle
05:33:15 PM    0   73.74    0.00   20.20    0.00    0.00    5.05    0.00    0.00    0.00    1.01

05:33:15 PM  CPU    %usr   %nice    %sys %iowait    %irq   %soft  %steal  %guest  %gnice   %idle
05:33:16 PM    0   61.00    0.00   30.00    0.00    0.00    7.00    0.00    0.00    0.00    2.00

05:33:16 PM  CPU    %usr   %nice    %sys %iowait    %irq   %soft  %steal  %guest  %gnice   %idle
05:33:17 PM    0   71.29    0.00   23.76    0.00    0.00    3.96    0.00    0.00    0.00    0.99

05:33:17 PM  CPU    %usr   %nice    %sys %iowait    %irq   %soft  %steal  %guest  %gnice   %idle
05:33:18 PM    0   65.00    0.00   26.00    0.00    0.00    8.00    0.00    0.00    0.00    1.00

05:33:18 PM  CPU    %usr   %nice    %sys %iowait    %irq   %soft  %steal  %guest  %gnice   %idle
05:33:19 PM    0   70.30    0.00   21.78    0.00    0.00    5.94    0.00    0.00    0.00    1.98

05:33:19 PM  CPU    %usr   %nice    %sys %iowait    %irq   %soft  %steal  %guest  %gnice   %idle
05:33:20 PM    0   65.66    0.00   25.25    0.00    0.00    7.07    0.00    0.00    0.00    2.02

05:33:20 PM  CPU    %usr   %nice    %sys %iowait    %irq   %soft  %steal  %guest  %gnice   %idle
05:33:21 PM    0   60.00    0.00   31.00    0.00    0.00    6.00    0.00    0.00    0.00    3.00

05:33:21 PM  CPU    %usr   %nice    %sys %iowait    %irq   %soft  %steal  %guest  %gnice   %idle
05:33:22 PM    0   63.00    0.00   26.00    0.00    0.00    9.00    0.00    0.00    0.00    2.00

05:33:22 PM  CPU    %usr   %nice    %sys %iowait    %irq   %soft  %steal  %guest  %gnice   %idle
05:33:23 PM    0   65.35    0.00   25.74    0.00    0.00    5.94    0.00    0.00    0.00    2.97

05:33:23 PM  CPU    %usr   %nice    %sys %iowait    %irq   %soft  %steal  %guest  %gnice   %idle
05:33:24 PM    0   64.00    0.00   30.00    0.00    0.00    5.00    0.00    0.00    0.00    1.00

05:33:24 PM  CPU    %usr   %nice    %sys %iowait    %irq   %soft  %steal  %guest  %gnice   %idle
05:33:25 PM    0   64.65    0.00   29.29    0.00    0.00    4.04    0.00    0.00    0.00    2.02

05:33:25 PM  CPU    %usr   %nice    %sys %iowait    %irq   %soft  %steal  %guest  %gnice   %idle
05:33:26 PM    0   68.00    0.00   22.00    0.00    0.00    7.00    0.00    0.00    0.00    3.00

05:33:26 PM  CPU    %usr   %nice    %sys %iowait    %irq   %soft  %steal  %guest  %gnice   %idle
05:33:27 PM    0   71.00    0.00   22.00    0.00    0.00    5.00    0.00    0.00    0.00    2.00

05:33:27 PM  CPU    %usr   %nice    %sys %iowait    %irq   %soft  %steal  %guest  %gnice   %idle
05:33:28 PM    0   65.00    0.00   26.00    0.00    0.00    8.00    0.00    0.00    0.00    1.00

05:33:28 PM  CPU    %usr   %nice    %sys %iowait    %irq   %soft  %steal  %guest  %gnice   %idle
05:33:29 PM    0   63.64    0.00   27.27    0.00    0.00    8.08    0.00    0.00    0.00    1.01

05:33:29 PM  CPU    %usr   %nice    %sys %iowait    %irq   %soft  %steal  %guest  %gnice   %idle
05:33:30 PM    0   61.00    0.00   28.00    0.00    0.00    9.00    0.00    0.00    0.00    2.00

05:33:30 PM  CPU    %usr   %nice    %sys %iowait    %irq   %soft  %steal  %guest  %gnice   %idle
05:33:31 PM    0   67.33    0.00   25.74    0.00    0.00    4.95    0.00    0.00    0.00    1.98

05:33:31 PM  CPU    %usr   %nice    %sys %iowait    %irq   %soft  %steal  %guest  %gnice   %idle
05:33:32 PM    0   69.00    0.00   24.00    0.00    0.00    6.00    0.00    0.00    0.00    1.00

05:33:32 PM  CPU    %usr   %nice    %sys %iowait    %irq   %soft  %steal  %guest  %gnice   %idle
05:33:33 PM    0   64.00    0.00   23.00    0.00    0.00   11.00    0.00    0.00    0.00    2.00

05:33:33 PM  CPU    %usr   %nice    %sys %iowait    %irq   %soft  %steal  %guest  %gnice   %idle
05:33:34 PM    0   69.70    0.00   22.22    0.00    0.00    6.06    0.00    0.00    0.00    2.02

05:33:34 PM  CPU    %usr   %nice    %sys %iowait    %irq   %soft  %steal  %guest  %gnice   %idle
05:33:35 PM    0   61.62    0.00   32.32    0.00    0.00    5.05    0.00    0.00    0.00    1.01

05:33:35 PM  CPU    %usr   %nice    %sys %iowait    %irq   %soft  %steal  %guest  %gnice   %idle
05:33:36 PM    0   65.35    0.00   23.76    0.00    0.00    7.92    0.00    0.00    0.00    2.97

05:33:36 PM  CPU    %usr   %nice    %sys %iowait    %irq   %soft  %steal  %guest  %gnice   %idle
05:33:37 PM    0   67.68    0.00   25.25    0.00    0.00    5.05    0.00    0.00    0.00    2.02

05:33:37 PM  CPU    %usr   %nice    %sys %iowait    %irq   %soft  %steal  %guest  %gnice   %idle
05:33:38 PM    0   68.69    0.00   24.24    0.00    0.00    7.07    0.00    0.00    0.00    0.00

05:33:38 PM  CPU    %usr   %nice    %sys %iowait    %irq   %soft  %steal  %guest  %gnice   %idle
05:33:39 PM    0   60.61    0.00   29.29    0.00    0.00    9.09    0.00    0.00    0.00    1.01

05:33:39 PM  CPU    %usr   %nice    %sys %iowait    %irq   %soft  %steal  %guest  %gnice   %idle
05:33:40 PM    0   65.69    0.00   26.47    0.00    0.00    6.86    0.00    0.00    0.00    0.98

05:33:40 PM  CPU    %usr   %nice    %sys %iowait    %irq   %soft  %steal  %guest  %gnice   %idle
05:33:41 PM    0   68.69    0.00   22.22    0.00    0.00    9.09    0.00    0.00    0.00    0.00

05:33:41 PM  CPU    %usr   %nice    %sys %iowait    %irq   %soft  %steal  %guest  %gnice   %idle
05:33:42 PM    0   69.00    0.00   25.00    0.00    0.00    5.00    0.00    0.00    0.00    1.00

05:33:42 PM  CPU    %usr   %nice    %sys %iowait    %irq   %soft  %steal  %guest  %gnice   %idle
05:33:43 PM    0   72.28    0.00   22.77    0.00    0.00    4.95    0.00    0.00    0.00    0.00

05:33:43 PM  CPU    %usr   %nice    %sys %iowait    %irq   %soft  %steal  %guest  %gnice   %idle
05:33:44 PM    0   70.71    0.00   24.24    0.00    0.00    5.05    0.00    0.00    0.00    0.00

05:33:44 PM  CPU    %usr   %nice    %sys %iowait    %irq   %soft  %steal  %guest  %gnice   %idle
05:33:45 PM    0   67.33    0.00   25.74    0.00    0.00    5.94    0.00    0.00    0.00    0.99

05:33:45 PM  CPU    %usr   %nice    %sys %iowait    %irq   %soft  %steal  %guest  %gnice   %idle
05:33:46 PM    0   65.66    0.00   30.30    0.00    0.00    4.04    0.00    0.00    0.00    0.00

05:33:46 PM  CPU    %usr   %nice    %sys %iowait    %irq   %soft  %steal  %guest  %gnice   %idle
05:33:47 PM    0   66.34    0.00   24.75    0.00    0.00    7.92    0.00    0.00    0.00    0.99

05:33:47 PM  CPU    %usr   %nice    %sys %iowait    %irq   %soft  %steal  %guest  %gnice   %idle
05:33:48 PM    0   66.00    0.00   25.00    0.00    0.00    8.00    0.00    0.00    0.00    1.00

05:33:48 PM  CPU    %usr   %nice    %sys %iowait    %irq   %soft  %steal  %guest  %gnice   %idle
05:33:49 PM    0   64.00    0.00   29.00    0.00    0.00    6.00    0.00    0.00    0.00    1.00

05:33:49 PM  CPU    %usr   %nice    %sys %iowait    %irq   %soft  %steal  %guest  %gnice   %idle
05:33:50 PM    0   60.61    0.00   33.33    0.00    0.00    6.06    0.00    0.00    0.00    0.00

05:33:50 PM  CPU    %usr   %nice    %sys %iowait    %irq   %soft  %steal  %guest  %gnice   %idle
05:33:51 PM    0   69.70    0.00   22.22    0.00    0.00    7.07    0.00    0.00    0.00    1.01

05:33:51 PM  CPU    %usr   %nice    %sys %iowait    %irq   %soft  %steal  %guest  %gnice   %idle
05:33:52 PM    0   65.35    0.00   27.72    0.00    0.00    6.93    0.00    0.00    0.00    0.00

05:33:52 PM  CPU    %usr   %nice    %sys %iowait    %irq   %soft  %steal  %guest  %gnice   %idle
05:33:53 PM    0   69.00    0.00   24.00    0.00    0.00    6.00    0.00    0.00    0.00    1.00

Average:     CPU    %usr   %nice    %sys %iowait    %irq   %soft  %steal  %guest  %gnice   %idle
Average:       0   66.48    0.00   25.83    0.00    0.00    6.67    0.00    0.00    0.00    1.02
