Linux 5.3.0-61-generic (cw-zenbook) 	07/16/2020 	_x86_64_	(8 CPU)

01:25:49 PM  CPU    %usr   %nice    %sys %iowait    %irq   %soft  %steal  %guest  %gnice   %idle
01:25:50 PM    0   70.00    0.00   24.00    0.00    0.00    5.00    0.00    0.00    0.00    1.00

01:25:50 PM  CPU    %usr   %nice    %sys %iowait    %irq   %soft  %steal  %guest  %gnice   %idle
01:25:51 PM    0   66.00    0.00   28.00    0.00    0.00    4.00    0.00    0.00    0.00    2.00

01:25:51 PM  CPU    %usr   %nice    %sys %iowait    %irq   %soft  %steal  %guest  %gnice   %idle
01:25:52 PM    0   64.00    0.00   27.00    0.00    0.00    8.00    0.00    0.00    0.00    1.00

01:25:52 PM  CPU    %usr   %nice    %sys %iowait    %irq   %soft  %steal  %guest  %gnice   %idle
01:25:53 PM    0   59.41    0.00   30.69    0.00    0.00    7.92    0.00    0.00    0.00    1.98

01:25:53 PM  CPU    %usr   %nice    %sys %iowait    %irq   %soft  %steal  %guest  %gnice   %idle
01:25:54 PM    0   64.00    0.00   24.00    0.00    0.00   10.00    0.00    0.00    0.00    2.00

01:25:54 PM  CPU    %usr   %nice    %sys %iowait    %irq   %soft  %steal  %guest  %gnice   %idle
01:25:55 PM    0   68.69    0.00   23.23    0.00    0.00    7.07    0.00    0.00    0.00    1.01

01:25:55 PM  CPU    %usr   %nice    %sys %iowait    %irq   %soft  %steal  %guest  %gnice   %idle
01:25:56 PM    0   63.00    0.00   27.00    0.00    0.00    8.00    0.00    0.00    0.00    2.00

01:25:56 PM  CPU    %usr   %nice    %sys %iowait    %irq   %soft  %steal  %guest  %gnice   %idle
01:25:57 PM    0   57.43    0.00   34.65    0.00    0.00    5.94    0.00    0.00    0.00    1.98

01:25:57 PM  CPU    %usr   %nice    %sys %iowait    %irq   %soft  %steal  %guest  %gnice   %idle
01:25:58 PM    0   65.66    0.00   28.28    0.00    0.00    4.04    0.00    0.00    0.00    2.02

01:25:58 PM  CPU    %usr   %nice    %sys %iowait    %irq   %soft  %steal  %guest  %gnice   %idle
01:25:59 PM    0   69.31    0.00   25.74    0.00    0.00    3.96    0.00    0.00    0.00    0.99

01:25:59 PM  CPU    %usr   %nice    %sys %iowait    %irq   %soft  %steal  %guest  %gnice   %idle
01:26:00 PM    0   64.00    0.00   29.00    0.00    0.00    5.00    0.00    0.00    0.00    2.00

01:26:00 PM  CPU    %usr   %nice    %sys %iowait    %irq   %soft  %steal  %guest  %gnice   %idle
01:26:01 PM    0   68.69    0.00   22.22    0.00    0.00    7.07    0.00    0.00    0.00    2.02

01:26:01 PM  CPU    %usr   %nice    %sys %iowait    %irq   %soft  %steal  %guest  %gnice   %idle
01:26:02 PM    0   64.00    0.00   27.00    0.00    0.00    7.00    0.00    0.00    0.00    2.00

01:26:02 PM  CPU    %usr   %nice    %sys %iowait    %irq   %soft  %steal  %guest  %gnice   %idle
01:26:03 PM    0   72.73    0.00   20.20    0.00    0.00    5.05    0.00    0.00    0.00    2.02

01:26:03 PM  CPU    %usr   %nice    %sys %iowait    %irq   %soft  %steal  %guest  %gnice   %idle
01:26:04 PM    0   62.38    0.00   30.69    0.00    0.00    4.95    0.00    0.00    0.00    1.98

01:26:04 PM  CPU    %usr   %nice    %sys %iowait    %irq   %soft  %steal  %guest  %gnice   %idle
01:26:05 PM    0   69.70    0.00   23.23    0.00    0.00    6.06    0.00    0.00    0.00    1.01

01:26:05 PM  CPU    %usr   %nice    %sys %iowait    %irq   %soft  %steal  %guest  %gnice   %idle
01:26:06 PM    0   63.37    0.00   26.73    0.00    0.00    7.92    0.00    0.00    0.00    1.98

01:26:06 PM  CPU    %usr   %nice    %sys %iowait    %irq   %soft  %steal  %guest  %gnice   %idle
01:26:07 PM    0   62.00    0.00   29.00    0.00    0.00    8.00    0.00    0.00    0.00    1.00

01:26:07 PM  CPU    %usr   %nice    %sys %iowait    %irq   %soft  %steal  %guest  %gnice   %idle
01:26:08 PM    0   69.31    0.00   21.78    0.00    0.00    6.93    0.00    0.00    0.00    1.98

01:26:08 PM  CPU    %usr   %nice    %sys %iowait    %irq   %soft  %steal  %guest  %gnice   %idle
01:26:09 PM    0   66.34    0.00   26.73    0.00    0.00    5.94    0.00    0.00    0.00    0.99

01:26:09 PM  CPU    %usr   %nice    %sys %iowait    %irq   %soft  %steal  %guest  %gnice   %idle
01:26:10 PM    0   69.00    0.00   24.00    0.00    0.00    6.00    0.00    0.00    0.00    1.00

01:26:10 PM  CPU    %usr   %nice    %sys %iowait    %irq   %soft  %steal  %guest  %gnice   %idle
01:26:11 PM    0   66.00    0.00   27.00    0.00    0.00    6.00    0.00    0.00    0.00    1.00

01:26:11 PM  CPU    %usr   %nice    %sys %iowait    %irq   %soft  %steal  %guest  %gnice   %idle
01:26:12 PM    0   62.00    0.00   29.00    0.00    0.00    8.00    0.00    0.00    0.00    1.00

01:26:12 PM  CPU    %usr   %nice    %sys %iowait    %irq   %soft  %steal  %guest  %gnice   %idle
01:26:13 PM    0   61.62    0.00   30.30    0.00    0.00    7.07    0.00    0.00    0.00    1.01

01:26:13 PM  CPU    %usr   %nice    %sys %iowait    %irq   %soft  %steal  %guest  %gnice   %idle
01:26:14 PM    0   60.40    0.00   31.68    0.00    0.00    6.93    0.00    0.00    0.00    0.99

01:26:14 PM  CPU    %usr   %nice    %sys %iowait    %irq   %soft  %steal  %guest  %gnice   %idle
01:26:15 PM    0   66.00    0.00   25.00    0.00    0.00    8.00    0.00    0.00    0.00    1.00

01:26:15 PM  CPU    %usr   %nice    %sys %iowait    %irq   %soft  %steal  %guest  %gnice   %idle
01:26:16 PM    0   66.67    0.00   26.26    0.00    0.00    7.07    0.00    0.00    0.00    0.00

01:26:16 PM  CPU    %usr   %nice    %sys %iowait    %irq   %soft  %steal  %guest  %gnice   %idle
01:26:17 PM    0   65.66    0.00   28.28    0.00    0.00    5.05    0.00    0.00    0.00    1.01

01:26:17 PM  CPU    %usr   %nice    %sys %iowait    %irq   %soft  %steal  %guest  %gnice   %idle
01:26:18 PM    0   64.36    0.00   29.70    0.00    0.00    4.95    0.00    0.00    0.00    0.99

01:26:18 PM  CPU    %usr   %nice    %sys %iowait    %irq   %soft  %steal  %guest  %gnice   %idle
01:26:19 PM    0   69.00    0.00   22.00    0.00    0.00    8.00    0.00    0.00    0.00    1.00

01:26:19 PM  CPU    %usr   %nice    %sys %iowait    %irq   %soft  %steal  %guest  %gnice   %idle
01:26:20 PM    0   62.00    0.00   29.00    0.00    0.00    8.00    0.00    0.00    0.00    1.00

01:26:20 PM  CPU    %usr   %nice    %sys %iowait    %irq   %soft  %steal  %guest  %gnice   %idle
01:26:21 PM    0   70.00    0.00   25.00    0.00    0.00    5.00    0.00    0.00    0.00    0.00

01:26:21 PM  CPU    %usr   %nice    %sys %iowait    %irq   %soft  %steal  %guest  %gnice   %idle
01:26:22 PM    0   67.00    0.00   25.00    0.00    0.00    7.00    0.00    0.00    0.00    1.00

01:26:22 PM  CPU    %usr   %nice    %sys %iowait    %irq   %soft  %steal  %guest  %gnice   %idle
01:26:23 PM    0   70.71    0.00   20.20    0.00    0.00    8.08    0.00    0.00    0.00    1.01

01:26:23 PM  CPU    %usr   %nice    %sys %iowait    %irq   %soft  %steal  %guest  %gnice   %idle
01:26:24 PM    0   67.33    0.00   22.77    0.00    0.00    7.92    0.00    0.00    0.00    1.98

01:26:24 PM  CPU    %usr   %nice    %sys %iowait    %irq   %soft  %steal  %guest  %gnice   %idle
01:26:25 PM    0   70.00    0.00   22.00    0.00    0.00    5.00    0.00    0.00    0.00    3.00

01:26:25 PM  CPU    %usr   %nice    %sys %iowait    %irq   %soft  %steal  %guest  %gnice   %idle
01:26:26 PM    0   68.00    0.00   26.00    0.00    0.00    5.00    0.00    0.00    0.00    1.00

01:26:26 PM  CPU    %usr   %nice    %sys %iowait    %irq   %soft  %steal  %guest  %gnice   %idle
01:26:27 PM    0   64.00    0.00   28.00    0.00    0.00    7.00    0.00    0.00    0.00    1.00

01:26:27 PM  CPU    %usr   %nice    %sys %iowait    %irq   %soft  %steal  %guest  %gnice   %idle
01:26:28 PM    0   65.00    0.00   27.00    0.00    0.00    7.00    0.00    0.00    0.00    1.00

01:26:28 PM  CPU    %usr   %nice    %sys %iowait    %irq   %soft  %steal  %guest  %gnice   %idle
01:26:29 PM    0   68.37    0.00   23.47    0.00    0.00    7.14    0.00    0.00    0.00    1.02

01:26:29 PM  CPU    %usr   %nice    %sys %iowait    %irq   %soft  %steal  %guest  %gnice   %idle
01:26:30 PM    0   65.35    0.00   28.71    0.00    0.00    4.95    0.00    0.00    0.00    0.99

01:26:30 PM  CPU    %usr   %nice    %sys %iowait    %irq   %soft  %steal  %guest  %gnice   %idle
01:26:31 PM    0   68.69    0.00   23.23    0.00    0.00    8.08    0.00    0.00    0.00    0.00

01:26:31 PM  CPU    %usr   %nice    %sys %iowait    %irq   %soft  %steal  %guest  %gnice   %idle
01:26:32 PM    0   69.31    0.00   27.72    0.00    0.00    1.98    0.00    0.00    0.00    0.99

01:26:32 PM  CPU    %usr   %nice    %sys %iowait    %irq   %soft  %steal  %guest  %gnice   %idle
01:26:33 PM    0   66.00    0.00   26.00    0.00    0.00    7.00    0.00    0.00    0.00    1.00

01:26:33 PM  CPU    %usr   %nice    %sys %iowait    %irq   %soft  %steal  %guest  %gnice   %idle
01:26:34 PM    0   65.35    0.00   25.74    0.00    0.00    7.92    0.00    0.00    0.00    0.99

01:26:34 PM  CPU    %usr   %nice    %sys %iowait    %irq   %soft  %steal  %guest  %gnice   %idle
01:26:35 PM    0   68.37    0.00   24.49    0.00    0.00    7.14    0.00    0.00    0.00    0.00

01:26:35 PM  CPU    %usr   %nice    %sys %iowait    %irq   %soft  %steal  %guest  %gnice   %idle
01:26:36 PM    0   63.64    0.00   30.30    0.00    0.00    6.06    0.00    0.00    0.00    0.00

01:26:36 PM  CPU    %usr   %nice    %sys %iowait    %irq   %soft  %steal  %guest  %gnice   %idle
01:26:37 PM    0   66.00    0.00   26.00    0.00    0.00    7.00    0.00    0.00    0.00    1.00

01:26:37 PM  CPU    %usr   %nice    %sys %iowait    %irq   %soft  %steal  %guest  %gnice   %idle
01:26:38 PM    0   74.00    0.00   19.00    0.00    0.00    7.00    0.00    0.00    0.00    0.00

01:26:38 PM  CPU    %usr   %nice    %sys %iowait    %irq   %soft  %steal  %guest  %gnice   %idle
01:26:39 PM    0   66.34    0.00   25.74    0.00    0.00    6.93    0.00    0.00    0.00    0.99

01:26:39 PM  CPU    %usr   %nice    %sys %iowait    %irq   %soft  %steal  %guest  %gnice   %idle
01:26:40 PM    0   67.68    0.00   26.26    0.00    0.00    6.06    0.00    0.00    0.00    0.00

01:26:40 PM  CPU    %usr   %nice    %sys %iowait    %irq   %soft  %steal  %guest  %gnice   %idle
01:26:41 PM    0   61.39    0.00   25.74    0.00    0.00   11.88    0.00    0.00    0.00    0.99

01:26:41 PM  CPU    %usr   %nice    %sys %iowait    %irq   %soft  %steal  %guest  %gnice   %idle
01:26:42 PM    0   70.00    0.00   24.00    0.00    0.00    5.00    0.00    0.00    0.00    1.00

01:26:42 PM  CPU    %usr   %nice    %sys %iowait    %irq   %soft  %steal  %guest  %gnice   %idle
01:26:43 PM    0   70.00    0.00   25.00    0.00    0.00    5.00    0.00    0.00    0.00    0.00

01:26:43 PM  CPU    %usr   %nice    %sys %iowait    %irq   %soft  %steal  %guest  %gnice   %idle
01:26:44 PM    0   62.00    0.00   29.00    0.00    0.00    8.00    0.00    0.00    0.00    1.00

01:26:44 PM  CPU    %usr   %nice    %sys %iowait    %irq   %soft  %steal  %guest  %gnice   %idle
01:26:45 PM    0   65.66    0.00   23.23    0.00    0.00   10.10    0.00    0.00    0.00    1.01

01:26:45 PM  CPU    %usr   %nice    %sys %iowait    %irq   %soft  %steal  %guest  %gnice   %idle
01:26:46 PM    0   65.35    0.00   27.72    0.00    0.00    4.95    0.00    0.00    0.00    1.98

01:26:46 PM  CPU    %usr   %nice    %sys %iowait    %irq   %soft  %steal  %guest  %gnice   %idle
01:26:47 PM    0   62.63    0.00   30.30    0.00    0.00    5.05    0.00    0.00    0.00    2.02

01:26:47 PM  CPU    %usr   %nice    %sys %iowait    %irq   %soft  %steal  %guest  %gnice   %idle
01:26:48 PM    0   63.00    0.00   29.00    0.00    0.00    7.00    0.00    0.00    0.00    1.00

01:26:48 PM  CPU    %usr   %nice    %sys %iowait    %irq   %soft  %steal  %guest  %gnice   %idle
01:26:49 PM    0   70.00    0.00   22.00    0.00    0.00    8.00    0.00    0.00    0.00    0.00

01:26:49 PM  CPU    %usr   %nice    %sys %iowait    %irq   %soft  %steal  %guest  %gnice   %idle
01:26:50 PM    0   62.00    0.00   29.00    0.00    0.00    8.00    0.00    0.00    0.00    1.00

01:26:50 PM  CPU    %usr   %nice    %sys %iowait    %irq   %soft  %steal  %guest  %gnice   %idle
01:26:51 PM    0   64.00    0.00   26.00    0.00    0.00    9.00    0.00    0.00    0.00    1.00

01:26:51 PM  CPU    %usr   %nice    %sys %iowait    %irq   %soft  %steal  %guest  %gnice   %idle
01:26:52 PM    0   63.37    0.00   29.70    0.00    0.00    5.94    0.00    0.00    0.00    0.99

01:26:52 PM  CPU    %usr   %nice    %sys %iowait    %irq   %soft  %steal  %guest  %gnice   %idle
01:26:53 PM    0   67.35    0.00   26.53    0.00    0.00    5.10    0.00    0.00    0.00    1.02

01:26:53 PM  CPU    %usr   %nice    %sys %iowait    %irq   %soft  %steal  %guest  %gnice   %idle
01:26:54 PM    0   62.00    0.00   28.00    0.00    0.00    9.00    0.00    0.00    0.00    1.00

01:26:54 PM  CPU    %usr   %nice    %sys %iowait    %irq   %soft  %steal  %guest  %gnice   %idle
01:26:55 PM    0   66.67    0.00   26.26    0.00    0.00    5.05    0.00    0.00    0.00    2.02

01:26:55 PM  CPU    %usr   %nice    %sys %iowait    %irq   %soft  %steal  %guest  %gnice   %idle
01:26:56 PM    0   63.00    0.00   29.00    0.00    0.00    6.00    0.00    0.00    0.00    2.00

01:26:56 PM  CPU    %usr   %nice    %sys %iowait    %irq   %soft  %steal  %guest  %gnice   %idle
01:26:57 PM    0   65.00    0.00   30.00    0.00    0.00    5.00    0.00    0.00    0.00    0.00

01:26:57 PM  CPU    %usr   %nice    %sys %iowait    %irq   %soft  %steal  %guest  %gnice   %idle
01:26:58 PM    0   64.36    0.00   25.74    0.00    0.00    8.91    0.00    0.00    0.00    0.99

01:26:58 PM  CPU    %usr   %nice    %sys %iowait    %irq   %soft  %steal  %guest  %gnice   %idle
01:26:59 PM    0   73.00    0.00   22.00    0.00    0.00    5.00    0.00    0.00    0.00    0.00

01:26:59 PM  CPU    %usr   %nice    %sys %iowait    %irq   %soft  %steal  %guest  %gnice   %idle
01:27:00 PM    0   65.35    0.00   26.73    0.00    0.00    6.93    0.00    0.00    0.00    0.99

01:27:00 PM  CPU    %usr   %nice    %sys %iowait    %irq   %soft  %steal  %guest  %gnice   %idle
01:27:01 PM    0   65.31    0.00   30.61    0.00    0.00    3.06    0.00    0.00    0.00    1.02

01:27:01 PM  CPU    %usr   %nice    %sys %iowait    %irq   %soft  %steal  %guest  %gnice   %idle
01:27:02 PM    0   70.30    0.00   23.76    0.00    0.00    4.95    0.00    0.00    0.00    0.99

01:27:02 PM  CPU    %usr   %nice    %sys %iowait    %irq   %soft  %steal  %guest  %gnice   %idle
01:27:03 PM    0   66.00    0.00   27.00    0.00    0.00    7.00    0.00    0.00    0.00    0.00

01:27:03 PM  CPU    %usr   %nice    %sys %iowait    %irq   %soft  %steal  %guest  %gnice   %idle
01:27:04 PM    0   73.00    0.00   21.00    0.00    0.00    6.00    0.00    0.00    0.00    0.00

01:27:04 PM  CPU    %usr   %nice    %sys %iowait    %irq   %soft  %steal  %guest  %gnice   %idle
01:27:05 PM    0   67.00    0.00   26.00    0.00    0.00    6.00    0.00    0.00    0.00    1.00

01:27:05 PM  CPU    %usr   %nice    %sys %iowait    %irq   %soft  %steal  %guest  %gnice   %idle
01:27:06 PM    0   63.00    0.00   28.00    0.00    0.00    9.00    0.00    0.00    0.00    0.00

01:27:06 PM  CPU    %usr   %nice    %sys %iowait    %irq   %soft  %steal  %guest  %gnice   %idle
01:27:07 PM    0   69.00    0.00   26.00    0.00    0.00    5.00    0.00    0.00    0.00    0.00

01:27:07 PM  CPU    %usr   %nice    %sys %iowait    %irq   %soft  %steal  %guest  %gnice   %idle
01:27:08 PM    0   70.71    0.00   24.24    0.00    0.00    4.04    0.00    0.00    0.00    1.01

01:27:08 PM  CPU    %usr   %nice    %sys %iowait    %irq   %soft  %steal  %guest  %gnice   %idle
01:27:09 PM    0   64.00    0.00   30.00    0.00    0.00    5.00    0.00    0.00    0.00    1.00

01:27:09 PM  CPU    %usr   %nice    %sys %iowait    %irq   %soft  %steal  %guest  %gnice   %idle
01:27:10 PM    0   68.00    0.00   24.00    0.00    0.00    6.00    0.00    0.00    0.00    2.00

01:27:10 PM  CPU    %usr   %nice    %sys %iowait    %irq   %soft  %steal  %guest  %gnice   %idle
01:27:11 PM    0   70.71    0.00   22.22    0.00    0.00    6.06    0.00    0.00    0.00    1.01

01:27:11 PM  CPU    %usr   %nice    %sys %iowait    %irq   %soft  %steal  %guest  %gnice   %idle
01:27:12 PM    0   62.75    0.00   29.41    0.00    0.00    6.86    0.00    0.00    0.00    0.98

01:27:12 PM  CPU    %usr   %nice    %sys %iowait    %irq   %soft  %steal  %guest  %gnice   %idle
01:27:13 PM    0   63.27    0.00   27.55    0.00    0.00    9.18    0.00    0.00    0.00    0.00

01:27:13 PM  CPU    %usr   %nice    %sys %iowait    %irq   %soft  %steal  %guest  %gnice   %idle
01:27:14 PM    0   64.36    0.00   27.72    0.00    0.00    6.93    0.00    0.00    0.00    0.99

01:27:14 PM  CPU    %usr   %nice    %sys %iowait    %irq   %soft  %steal  %guest  %gnice   %idle
01:27:15 PM    0   64.00    0.00   26.00    0.00    0.00    9.00    0.00    0.00    0.00    1.00

01:27:15 PM  CPU    %usr   %nice    %sys %iowait    %irq   %soft  %steal  %guest  %gnice   %idle
01:27:16 PM    0   66.00    0.00   27.00    0.00    0.00    6.00    0.00    0.00    0.00    1.00

01:27:16 PM  CPU    %usr   %nice    %sys %iowait    %irq   %soft  %steal  %guest  %gnice   %idle
01:27:17 PM    0   60.61    0.00   30.30    0.00    0.00    7.07    0.00    0.00    0.00    2.02

01:27:17 PM  CPU    %usr   %nice    %sys %iowait    %irq   %soft  %steal  %guest  %gnice   %idle
01:27:18 PM    0   67.00    0.00   24.00    0.00    0.00    7.00    0.00    0.00    0.00    2.00

01:27:18 PM  CPU    %usr   %nice    %sys %iowait    %irq   %soft  %steal  %guest  %gnice   %idle
01:27:19 PM    0   63.00    0.00   27.00    0.00    0.00    9.00    0.00    0.00    0.00    1.00

01:27:19 PM  CPU    %usr   %nice    %sys %iowait    %irq   %soft  %steal  %guest  %gnice   %idle
01:27:20 PM    0   66.00    0.00   26.00    0.00    0.00    8.00    0.00    0.00    0.00    0.00

01:27:20 PM  CPU    %usr   %nice    %sys %iowait    %irq   %soft  %steal  %guest  %gnice   %idle
01:27:21 PM    0   64.00    0.00   27.00    0.00    0.00    8.00    0.00    0.00    0.00    1.00

01:27:21 PM  CPU    %usr   %nice    %sys %iowait    %irq   %soft  %steal  %guest  %gnice   %idle
01:27:22 PM    0   70.00    0.00   23.00    0.00    0.00    7.00    0.00    0.00    0.00    0.00

01:27:22 PM  CPU    %usr   %nice    %sys %iowait    %irq   %soft  %steal  %guest  %gnice   %idle
01:27:23 PM    0   62.00    0.00   30.00    0.00    0.00    7.00    0.00    0.00    0.00    1.00

01:27:23 PM  CPU    %usr   %nice    %sys %iowait    %irq   %soft  %steal  %guest  %gnice   %idle
01:27:24 PM    0   67.00    0.00   25.00    0.00    0.00    8.00    0.00    0.00    0.00    0.00

01:27:24 PM  CPU    %usr   %nice    %sys %iowait    %irq   %soft  %steal  %guest  %gnice   %idle
01:27:25 PM    0   68.32    0.00   22.77    0.00    0.00    7.92    0.00    0.00    0.00    0.99

01:27:25 PM  CPU    %usr   %nice    %sys %iowait    %irq   %soft  %steal  %guest  %gnice   %idle
01:27:26 PM    0   60.00    0.00   30.00    0.00    0.00    9.00    0.00    0.00    0.00    1.00

01:27:26 PM  CPU    %usr   %nice    %sys %iowait    %irq   %soft  %steal  %guest  %gnice   %idle
01:27:27 PM    0   64.00    0.00   26.00    0.00    0.00    9.00    0.00    0.00    0.00    1.00

01:27:27 PM  CPU    %usr   %nice    %sys %iowait    %irq   %soft  %steal  %guest  %gnice   %idle
01:27:28 PM    0   69.70    0.00   25.25    0.00    0.00    5.05    0.00    0.00    0.00    0.00

01:27:28 PM  CPU    %usr   %nice    %sys %iowait    %irq   %soft  %steal  %guest  %gnice   %idle
01:27:29 PM    0   69.31    0.00   24.75    0.00    0.00    5.94    0.00    0.00    0.00    0.00

01:27:29 PM  CPU    %usr   %nice    %sys %iowait    %irq   %soft  %steal  %guest  %gnice   %idle
01:27:30 PM    0   64.95    0.00   26.80    0.00    0.00    7.22    0.00    0.00    0.00    1.03

01:27:30 PM  CPU    %usr   %nice    %sys %iowait    %irq   %soft  %steal  %guest  %gnice   %idle
01:27:31 PM    0   66.34    0.00   26.73    0.00    0.00    5.94    0.00    0.00    0.00    0.99

01:27:31 PM  CPU    %usr   %nice    %sys %iowait    %irq   %soft  %steal  %guest  %gnice   %idle
01:27:32 PM    0   67.68    0.00   25.25    0.00    0.00    6.06    0.00    0.00    0.00    1.01

01:27:32 PM  CPU    %usr   %nice    %sys %iowait    %irq   %soft  %steal  %guest  %gnice   %idle
01:27:33 PM    0   61.39    0.00   28.71    0.00    0.00    7.92    0.00    0.00    0.00    1.98

01:27:33 PM  CPU    %usr   %nice    %sys %iowait    %irq   %soft  %steal  %guest  %gnice   %idle
01:27:34 PM    0   66.34    0.00   23.76    0.00    0.00    8.91    0.00    0.00    0.00    0.99

01:27:34 PM  CPU    %usr   %nice    %sys %iowait    %irq   %soft  %steal  %guest  %gnice   %idle
01:27:35 PM    0   71.00    0.00   22.00    0.00    0.00    6.00    0.00    0.00    0.00    1.00

01:27:35 PM  CPU    %usr   %nice    %sys %iowait    %irq   %soft  %steal  %guest  %gnice   %idle
01:27:36 PM    0   68.00    0.00   24.00    0.00    0.00    8.00    0.00    0.00    0.00    0.00

01:27:36 PM  CPU    %usr   %nice    %sys %iowait    %irq   %soft  %steal  %guest  %gnice   %idle
01:27:37 PM    0   63.00    0.00   32.00    0.00    0.00    5.00    0.00    0.00    0.00    0.00

01:27:37 PM  CPU    %usr   %nice    %sys %iowait    %irq   %soft  %steal  %guest  %gnice   %idle
01:27:38 PM    0   67.00    0.00   28.00    0.00    0.00    5.00    0.00    0.00    0.00    0.00

01:27:38 PM  CPU    %usr   %nice    %sys %iowait    %irq   %soft  %steal  %guest  %gnice   %idle
01:27:39 PM    0   70.00    0.00   26.00    0.00    0.00    4.00    0.00    0.00    0.00    0.00

01:27:39 PM  CPU    %usr   %nice    %sys %iowait    %irq   %soft  %steal  %guest  %gnice   %idle
01:27:40 PM    0   71.00    0.00   23.00    0.00    0.00    5.00    0.00    0.00    0.00    1.00

01:27:40 PM  CPU    %usr   %nice    %sys %iowait    %irq   %soft  %steal  %guest  %gnice   %idle
01:27:41 PM    0   65.66    0.00   29.29    0.00    0.00    4.04    0.00    0.00    0.00    1.01

01:27:41 PM  CPU    %usr   %nice    %sys %iowait    %irq   %soft  %steal  %guest  %gnice   %idle
01:27:42 PM    0   55.45    0.00   34.65    0.00    0.00    7.92    0.00    0.00    0.00    1.98

01:27:42 PM  CPU    %usr   %nice    %sys %iowait    %irq   %soft  %steal  %guest  %gnice   %idle
01:27:43 PM    0   65.00    0.00   28.00    0.00    0.00    6.00    0.00    0.00    0.00    1.00

01:27:43 PM  CPU    %usr   %nice    %sys %iowait    %irq   %soft  %steal  %guest  %gnice   %idle
01:27:44 PM    0   69.70    0.00   21.21    0.00    0.00    8.08    0.00    0.00    0.00    1.01

01:27:44 PM  CPU    %usr   %nice    %sys %iowait    %irq   %soft  %steal  %guest  %gnice   %idle
01:27:45 PM    0   66.00    0.00   27.00    0.00    0.00    6.00    0.00    0.00    0.00    1.00

01:27:45 PM  CPU    %usr   %nice    %sys %iowait    %irq   %soft  %steal  %guest  %gnice   %idle
01:27:46 PM    0   67.00    0.00   27.00    0.00    0.00    5.00    0.00    0.00    0.00    1.00

01:27:46 PM  CPU    %usr   %nice    %sys %iowait    %irq   %soft  %steal  %guest  %gnice   %idle
01:27:47 PM    0   69.00    0.00   26.00    0.00    0.00    5.00    0.00    0.00    0.00    0.00

01:27:47 PM  CPU    %usr   %nice    %sys %iowait    %irq   %soft  %steal  %guest  %gnice   %idle
01:27:48 PM    0   70.00    0.00   23.00    0.00    0.00    6.00    0.00    0.00    0.00    1.00

01:27:48 PM  CPU    %usr   %nice    %sys %iowait    %irq   %soft  %steal  %guest  %gnice   %idle
01:27:49 PM    0   68.00    0.00   26.00    0.00    0.00    6.00    0.00    0.00    0.00    0.00

Average:     CPU    %usr   %nice    %sys %iowait    %irq   %soft  %steal  %guest  %gnice   %idle
Average:       0   66.08    0.00   26.33    0.00    0.00    6.60    0.00    0.00    0.00    0.98
