Linux 5.3.0-61-generic (cw-zenbook) 	07/16/2020 	_x86_64_	(8 CPU)

05:44:58 PM  CPU    %usr   %nice    %sys %iowait    %irq   %soft  %steal  %guest  %gnice   %idle
05:44:59 PM    0   65.98    0.00   26.80    0.00    0.00    6.19    0.00    0.00    0.00    1.03

05:44:59 PM  CPU    %usr   %nice    %sys %iowait    %irq   %soft  %steal  %guest  %gnice   %idle
05:45:00 PM    0   63.37    0.00   25.74    0.00    0.00    7.92    0.00    0.00    0.00    2.97

05:45:00 PM  CPU    %usr   %nice    %sys %iowait    %irq   %soft  %steal  %guest  %gnice   %idle
05:45:01 PM    0   65.00    0.00   25.00    0.00    0.00    8.00    0.00    0.00    0.00    2.00

05:45:01 PM  CPU    %usr   %nice    %sys %iowait    %irq   %soft  %steal  %guest  %gnice   %idle
05:45:02 PM    0   68.69    0.00   21.21    0.00    0.00    8.08    0.00    0.00    0.00    2.02

05:45:02 PM  CPU    %usr   %nice    %sys %iowait    %irq   %soft  %steal  %guest  %gnice   %idle
05:45:03 PM    0   63.37    0.00   29.70    0.00    0.00    3.96    0.00    0.00    0.00    2.97

05:45:03 PM  CPU    %usr   %nice    %sys %iowait    %irq   %soft  %steal  %guest  %gnice   %idle
05:45:04 PM    0   67.00    0.00   23.00    0.00    0.00    8.00    0.00    0.00    0.00    2.00

05:45:04 PM  CPU    %usr   %nice    %sys %iowait    %irq   %soft  %steal  %guest  %gnice   %idle
05:45:05 PM    0   61.76    0.00   28.43    0.00    0.00    6.86    0.00    0.00    0.00    2.94

05:45:05 PM  CPU    %usr   %nice    %sys %iowait    %irq   %soft  %steal  %guest  %gnice   %idle
05:45:06 PM    0   64.29    0.00   26.53    0.00    0.00    7.14    0.00    0.00    0.00    2.04

05:45:06 PM  CPU    %usr   %nice    %sys %iowait    %irq   %soft  %steal  %guest  %gnice   %idle
05:45:07 PM    0   63.37    0.00   27.72    0.00    0.00    6.93    0.00    0.00    0.00    1.98

05:45:07 PM  CPU    %usr   %nice    %sys %iowait    %irq   %soft  %steal  %guest  %gnice   %idle
05:45:08 PM    0   68.69    0.00   24.24    0.00    0.00    5.05    0.00    0.00    0.00    2.02

05:45:08 PM  CPU    %usr   %nice    %sys %iowait    %irq   %soft  %steal  %guest  %gnice   %idle
05:45:09 PM    0   68.00    0.00   24.00    0.00    0.00    6.00    0.00    0.00    0.00    2.00

05:45:09 PM  CPU    %usr   %nice    %sys %iowait    %irq   %soft  %steal  %guest  %gnice   %idle
05:45:10 PM    0   65.35    0.00   26.73    0.00    0.00    6.93    0.00    0.00    0.00    0.99

05:45:10 PM  CPU    %usr   %nice    %sys %iowait    %irq   %soft  %steal  %guest  %gnice   %idle
05:45:11 PM    0   66.67    0.00   26.26    0.00    0.00    6.06    0.00    0.00    0.00    1.01

05:45:11 PM  CPU    %usr   %nice    %sys %iowait    %irq   %soft  %steal  %guest  %gnice   %idle
05:45:12 PM    0   70.71    0.00   21.21    0.00    0.00    6.06    0.00    0.00    0.00    2.02

05:45:12 PM  CPU    %usr   %nice    %sys %iowait    %irq   %soft  %steal  %guest  %gnice   %idle
05:45:13 PM    0   67.33    0.00   22.77    0.00    0.00    7.92    0.00    0.00    0.00    1.98

05:45:13 PM  CPU    %usr   %nice    %sys %iowait    %irq   %soft  %steal  %guest  %gnice   %idle
05:45:14 PM    0   65.35    0.00   27.72    0.00    0.00    4.95    0.00    0.00    0.00    1.98

05:45:14 PM  CPU    %usr   %nice    %sys %iowait    %irq   %soft  %steal  %guest  %gnice   %idle
05:45:15 PM    0   63.37    0.00   26.73    0.00    0.00    7.92    0.00    0.00    0.00    1.98

05:45:15 PM  CPU    %usr   %nice    %sys %iowait    %irq   %soft  %steal  %guest  %gnice   %idle
05:45:16 PM    0   68.00    0.00   24.00    0.00    0.00    7.00    0.00    0.00    0.00    1.00

05:45:16 PM  CPU    %usr   %nice    %sys %iowait    %irq   %soft  %steal  %guest  %gnice   %idle
05:45:17 PM    0   64.65    0.00   25.25    0.00    0.00    8.08    0.00    0.00    0.00    2.02

05:45:17 PM  CPU    %usr   %nice    %sys %iowait    %irq   %soft  %steal  %guest  %gnice   %idle
05:45:18 PM    0   62.00    0.00   30.00    0.00    0.00    7.00    0.00    0.00    0.00    1.00

05:45:18 PM  CPU    %usr   %nice    %sys %iowait    %irq   %soft  %steal  %guest  %gnice   %idle
05:45:19 PM    0   62.63    0.00   23.23    0.00    0.00    9.09    0.00    0.00    0.00    5.05

05:45:19 PM  CPU    %usr   %nice    %sys %iowait    %irq   %soft  %steal  %guest  %gnice   %idle
05:45:20 PM    0   66.34    0.00   25.74    0.00    0.00    4.95    0.00    0.00    0.00    2.97

05:45:20 PM  CPU    %usr   %nice    %sys %iowait    %irq   %soft  %steal  %guest  %gnice   %idle
05:45:21 PM    0   71.00    0.00   20.00    0.00    0.00    6.00    0.00    0.00    0.00    3.00

05:45:21 PM  CPU    %usr   %nice    %sys %iowait    %irq   %soft  %steal  %guest  %gnice   %idle
05:45:22 PM    0   65.00    0.00   26.00    0.00    0.00    7.00    0.00    0.00    0.00    2.00

05:45:22 PM  CPU    %usr   %nice    %sys %iowait    %irq   %soft  %steal  %guest  %gnice   %idle
05:45:23 PM    0   67.68    0.00   24.24    0.00    0.00    7.07    0.00    0.00    0.00    1.01

05:45:23 PM  CPU    %usr   %nice    %sys %iowait    %irq   %soft  %steal  %guest  %gnice   %idle
05:45:24 PM    0   68.32    0.00   24.75    0.00    0.00    5.94    0.00    0.00    0.00    0.99

05:45:24 PM  CPU    %usr   %nice    %sys %iowait    %irq   %soft  %steal  %guest  %gnice   %idle
05:45:25 PM    0   63.37    0.00   26.73    0.00    0.00    7.92    0.00    0.00    0.00    1.98

05:45:25 PM  CPU    %usr   %nice    %sys %iowait    %irq   %soft  %steal  %guest  %gnice   %idle
05:45:26 PM    0   70.00    0.00   22.00    0.00    0.00    6.00    0.00    0.00    0.00    2.00

05:45:26 PM  CPU    %usr   %nice    %sys %iowait    %irq   %soft  %steal  %guest  %gnice   %idle
05:45:27 PM    0   62.63    0.00   28.28    0.00    0.00    7.07    0.00    0.00    0.00    2.02

05:45:27 PM  CPU    %usr   %nice    %sys %iowait    %irq   %soft  %steal  %guest  %gnice   %idle
05:45:28 PM    0   62.00    0.00   30.00    0.00    0.00    7.00    0.00    0.00    0.00    1.00

05:45:28 PM  CPU    %usr   %nice    %sys %iowait    %irq   %soft  %steal  %guest  %gnice   %idle
05:45:29 PM    0   65.69    0.00   29.41    0.00    0.00    3.92    0.00    0.00    0.00    0.98

05:45:29 PM  CPU    %usr   %nice    %sys %iowait    %irq   %soft  %steal  %guest  %gnice   %idle
05:45:30 PM    0   69.70    0.00   26.26    0.00    0.00    4.04    0.00    0.00    0.00    0.00

05:45:30 PM  CPU    %usr   %nice    %sys %iowait    %irq   %soft  %steal  %guest  %gnice   %idle
05:45:31 PM    0   67.68    0.00   24.24    0.00    0.00    8.08    0.00    0.00    0.00    0.00

05:45:31 PM  CPU    %usr   %nice    %sys %iowait    %irq   %soft  %steal  %guest  %gnice   %idle
05:45:32 PM    0   69.00    0.00   26.00    0.00    0.00    4.00    0.00    0.00    0.00    1.00

05:45:32 PM  CPU    %usr   %nice    %sys %iowait    %irq   %soft  %steal  %guest  %gnice   %idle
05:45:33 PM    0   68.00    0.00   22.00    0.00    0.00    9.00    0.00    0.00    0.00    1.00

05:45:33 PM  CPU    %usr   %nice    %sys %iowait    %irq   %soft  %steal  %guest  %gnice   %idle
05:45:34 PM    0   69.70    0.00   22.22    0.00    0.00    7.07    0.00    0.00    0.00    1.01

05:45:34 PM  CPU    %usr   %nice    %sys %iowait    %irq   %soft  %steal  %guest  %gnice   %idle
05:45:35 PM    0   68.00    0.00   26.00    0.00    0.00    6.00    0.00    0.00    0.00    0.00

05:45:35 PM  CPU    %usr   %nice    %sys %iowait    %irq   %soft  %steal  %guest  %gnice   %idle
05:45:36 PM    0   64.71    0.00   29.41    0.00    0.00    4.90    0.00    0.00    0.00    0.98

05:45:36 PM  CPU    %usr   %nice    %sys %iowait    %irq   %soft  %steal  %guest  %gnice   %idle
05:45:37 PM    0   67.68    0.00   25.25    0.00    0.00    7.07    0.00    0.00    0.00    0.00

05:45:37 PM  CPU    %usr   %nice    %sys %iowait    %irq   %soft  %steal  %guest  %gnice   %idle
05:45:38 PM    0   69.00    0.00   23.00    0.00    0.00    7.00    0.00    0.00    0.00    1.00

05:45:38 PM  CPU    %usr   %nice    %sys %iowait    %irq   %soft  %steal  %guest  %gnice   %idle
05:45:39 PM    0   67.00    0.00   26.00    0.00    0.00    6.00    0.00    0.00    0.00    1.00

05:45:39 PM  CPU    %usr   %nice    %sys %iowait    %irq   %soft  %steal  %guest  %gnice   %idle
05:45:40 PM    0   58.42    0.00   31.68    0.00    0.00    7.92    0.00    0.00    0.00    1.98

05:45:40 PM  CPU    %usr   %nice    %sys %iowait    %irq   %soft  %steal  %guest  %gnice   %idle
05:45:41 PM    0   70.00    0.00   26.00    0.00    0.00    4.00    0.00    0.00    0.00    0.00

05:45:41 PM  CPU    %usr   %nice    %sys %iowait    %irq   %soft  %steal  %guest  %gnice   %idle
05:45:42 PM    0   66.67    0.00   27.27    0.00    0.00    5.05    0.00    0.00    0.00    1.01

05:45:42 PM  CPU    %usr   %nice    %sys %iowait    %irq   %soft  %steal  %guest  %gnice   %idle
05:45:43 PM    0   67.00    0.00   22.00    0.00    0.00    8.00    0.00    0.00    0.00    3.00

05:45:43 PM  CPU    %usr   %nice    %sys %iowait    %irq   %soft  %steal  %guest  %gnice   %idle
05:45:44 PM    0   62.75    0.00   26.47    0.00    0.00    8.82    0.00    0.00    0.00    1.96

05:45:44 PM  CPU    %usr   %nice    %sys %iowait    %irq   %soft  %steal  %guest  %gnice   %idle
05:45:45 PM    0   66.67    0.00   25.25    0.00    0.00    6.06    0.00    0.00    0.00    2.02

05:45:45 PM  CPU    %usr   %nice    %sys %iowait    %irq   %soft  %steal  %guest  %gnice   %idle
05:45:46 PM    0   65.31    0.00   22.45    0.00    0.00   11.22    0.00    0.00    0.00    1.02

05:45:46 PM  CPU    %usr   %nice    %sys %iowait    %irq   %soft  %steal  %guest  %gnice   %idle
05:45:47 PM    0   66.67    0.00   26.47    0.00    0.00    5.88    0.00    0.00    0.00    0.98

05:45:47 PM  CPU    %usr   %nice    %sys %iowait    %irq   %soft  %steal  %guest  %gnice   %idle
05:45:48 PM    0   66.00    0.00   26.00    0.00    0.00    8.00    0.00    0.00    0.00    0.00

05:45:48 PM  CPU    %usr   %nice    %sys %iowait    %irq   %soft  %steal  %guest  %gnice   %idle
05:45:49 PM    0   64.65    0.00   27.27    0.00    0.00    7.07    0.00    0.00    0.00    1.01

05:45:49 PM  CPU    %usr   %nice    %sys %iowait    %irq   %soft  %steal  %guest  %gnice   %idle
05:45:50 PM    0   68.69    0.00   21.21    0.00    0.00    8.08    0.00    0.00    0.00    2.02

05:45:50 PM  CPU    %usr   %nice    %sys %iowait    %irq   %soft  %steal  %guest  %gnice   %idle
05:45:51 PM    0   67.68    0.00   21.21    0.00    0.00    9.09    0.00    0.00    0.00    2.02

05:45:51 PM  CPU    %usr   %nice    %sys %iowait    %irq   %soft  %steal  %guest  %gnice   %idle
05:45:52 PM    0   63.00    0.00   30.00    0.00    0.00    6.00    0.00    0.00    0.00    1.00

05:45:52 PM  CPU    %usr   %nice    %sys %iowait    %irq   %soft  %steal  %guest  %gnice   %idle
05:45:53 PM    0   65.66    0.00   27.27    0.00    0.00    6.06    0.00    0.00    0.00    1.01

05:45:53 PM  CPU    %usr   %nice    %sys %iowait    %irq   %soft  %steal  %guest  %gnice   %idle
05:45:54 PM    0   62.75    0.00   28.43    0.00    0.00    5.88    0.00    0.00    0.00    2.94

05:45:54 PM  CPU    %usr   %nice    %sys %iowait    %irq   %soft  %steal  %guest  %gnice   %idle
05:45:55 PM    0   61.00    0.00   31.00    0.00    0.00    7.00    0.00    0.00    0.00    1.00

05:45:55 PM  CPU    %usr   %nice    %sys %iowait    %irq   %soft  %steal  %guest  %gnice   %idle
05:45:56 PM    0   68.00    0.00   24.00    0.00    0.00    6.00    0.00    0.00    0.00    2.00

05:45:56 PM  CPU    %usr   %nice    %sys %iowait    %irq   %soft  %steal  %guest  %gnice   %idle
05:45:57 PM    0   65.69    0.00   25.49    0.00    0.00    7.84    0.00    0.00    0.00    0.98

05:45:57 PM  CPU    %usr   %nice    %sys %iowait    %irq   %soft  %steal  %guest  %gnice   %idle
05:45:58 PM    0   61.62    0.00   28.28    0.00    0.00    7.07    0.00    0.00    0.00    3.03

05:45:58 PM  CPU    %usr   %nice    %sys %iowait    %irq   %soft  %steal  %guest  %gnice   %idle
05:45:59 PM    0   63.00    0.00   30.00    0.00    0.00    4.00    0.00    0.00    0.00    3.00

05:45:59 PM  CPU    %usr   %nice    %sys %iowait    %irq   %soft  %steal  %guest  %gnice   %idle
05:46:00 PM    0   67.00    0.00   25.00    0.00    0.00    5.00    0.00    0.00    0.00    3.00

05:46:00 PM  CPU    %usr   %nice    %sys %iowait    %irq   %soft  %steal  %guest  %gnice   %idle
05:46:01 PM    0   69.31    0.00   20.79    0.00    0.00    6.93    0.00    0.00    0.00    2.97

05:46:01 PM  CPU    %usr   %nice    %sys %iowait    %irq   %soft  %steal  %guest  %gnice   %idle
05:46:02 PM    0   63.64    0.00   26.26    0.00    0.00    9.09    0.00    0.00    0.00    1.01

05:46:02 PM  CPU    %usr   %nice    %sys %iowait    %irq   %soft  %steal  %guest  %gnice   %idle
05:46:03 PM    0   68.00    0.00   25.00    0.00    0.00    6.00    0.00    0.00    0.00    1.00

05:46:03 PM  CPU    %usr   %nice    %sys %iowait    %irq   %soft  %steal  %guest  %gnice   %idle
05:46:04 PM    0   69.70    0.00   25.25    0.00    0.00    5.05    0.00    0.00    0.00    0.00

05:46:04 PM  CPU    %usr   %nice    %sys %iowait    %irq   %soft  %steal  %guest  %gnice   %idle
05:46:05 PM    0   64.36    0.00   25.74    0.00    0.00    8.91    0.00    0.00    0.00    0.99

05:46:05 PM  CPU    %usr   %nice    %sys %iowait    %irq   %soft  %steal  %guest  %gnice   %idle
05:46:06 PM    0   68.32    0.00   22.77    0.00    0.00    7.92    0.00    0.00    0.00    0.99

05:46:06 PM  CPU    %usr   %nice    %sys %iowait    %irq   %soft  %steal  %guest  %gnice   %idle
05:46:07 PM    0   70.71    0.00   25.25    0.00    0.00    4.04    0.00    0.00    0.00    0.00

05:46:07 PM  CPU    %usr   %nice    %sys %iowait    %irq   %soft  %steal  %guest  %gnice   %idle
05:46:08 PM    0   69.00    0.00   22.00    0.00    0.00    7.00    0.00    0.00    0.00    2.00

05:46:08 PM  CPU    %usr   %nice    %sys %iowait    %irq   %soft  %steal  %guest  %gnice   %idle
05:46:09 PM    0   64.00    0.00   26.00    0.00    0.00    7.00    0.00    0.00    0.00    3.00

05:46:09 PM  CPU    %usr   %nice    %sys %iowait    %irq   %soft  %steal  %guest  %gnice   %idle
05:46:10 PM    0   70.71    0.00   21.21    0.00    0.00    6.06    0.00    0.00    0.00    2.02

05:46:10 PM  CPU    %usr   %nice    %sys %iowait    %irq   %soft  %steal  %guest  %gnice   %idle
05:46:11 PM    0   66.00    0.00   25.00    0.00    0.00    6.00    0.00    0.00    0.00    3.00

05:46:11 PM  CPU    %usr   %nice    %sys %iowait    %irq   %soft  %steal  %guest  %gnice   %idle
05:46:12 PM    0   67.33    0.00   25.74    0.00    0.00    5.94    0.00    0.00    0.00    0.99

05:46:12 PM  CPU    %usr   %nice    %sys %iowait    %irq   %soft  %steal  %guest  %gnice   %idle
05:46:13 PM    0   64.36    0.00   27.72    0.00    0.00    5.94    0.00    0.00    0.00    1.98

05:46:13 PM  CPU    %usr   %nice    %sys %iowait    %irq   %soft  %steal  %guest  %gnice   %idle
05:46:14 PM    0   71.00    0.00   22.00    0.00    0.00    6.00    0.00    0.00    0.00    1.00

05:46:14 PM  CPU    %usr   %nice    %sys %iowait    %irq   %soft  %steal  %guest  %gnice   %idle
05:46:15 PM    0   70.00    0.00   19.00    0.00    0.00    9.00    0.00    0.00    0.00    2.00

05:46:15 PM  CPU    %usr   %nice    %sys %iowait    %irq   %soft  %steal  %guest  %gnice   %idle
05:46:16 PM    0   66.34    0.00   25.74    0.00    0.00    5.94    0.00    0.00    0.00    1.98

05:46:16 PM  CPU    %usr   %nice    %sys %iowait    %irq   %soft  %steal  %guest  %gnice   %idle
05:46:17 PM    0   70.71    0.00   23.23    0.00    0.00    4.04    0.00    0.00    0.00    2.02

05:46:17 PM  CPU    %usr   %nice    %sys %iowait    %irq   %soft  %steal  %guest  %gnice   %idle
05:46:18 PM    0   63.73    0.00   27.45    0.00    0.00    5.88    0.00    0.00    0.00    2.94

05:46:18 PM  CPU    %usr   %nice    %sys %iowait    %irq   %soft  %steal  %guest  %gnice   %idle
05:46:19 PM    0   68.37    0.00   23.47    0.00    0.00    5.10    0.00    0.00    0.00    3.06

05:46:19 PM  CPU    %usr   %nice    %sys %iowait    %irq   %soft  %steal  %guest  %gnice   %idle
05:46:20 PM    0   63.00    0.00   29.00    0.00    0.00    7.00    0.00    0.00    0.00    1.00

05:46:20 PM  CPU    %usr   %nice    %sys %iowait    %irq   %soft  %steal  %guest  %gnice   %idle
05:46:21 PM    0   62.00    0.00   28.00    0.00    0.00    8.00    0.00    0.00    0.00    2.00

05:46:21 PM  CPU    %usr   %nice    %sys %iowait    %irq   %soft  %steal  %guest  %gnice   %idle
05:46:22 PM    0   63.00    0.00   28.00    0.00    0.00    7.00    0.00    0.00    0.00    2.00

05:46:22 PM  CPU    %usr   %nice    %sys %iowait    %irq   %soft  %steal  %guest  %gnice   %idle
05:46:23 PM    0   64.65    0.00   26.26    0.00    0.00    7.07    0.00    0.00    0.00    2.02

05:46:23 PM  CPU    %usr   %nice    %sys %iowait    %irq   %soft  %steal  %guest  %gnice   %idle
05:46:24 PM    0   68.32    0.00   21.78    0.00    0.00    4.95    0.00    0.00    0.00    4.95

05:46:24 PM  CPU    %usr   %nice    %sys %iowait    %irq   %soft  %steal  %guest  %gnice   %idle
05:46:25 PM    0   69.00    0.00   22.00    0.00    0.00    6.00    0.00    0.00    0.00    3.00

05:46:25 PM  CPU    %usr   %nice    %sys %iowait    %irq   %soft  %steal  %guest  %gnice   %idle
05:46:26 PM    0   63.00    0.00   27.00    0.00    0.00    8.00    0.00    0.00    0.00    2.00

05:46:26 PM  CPU    %usr   %nice    %sys %iowait    %irq   %soft  %steal  %guest  %gnice   %idle
05:46:27 PM    0   65.66    0.00   29.29    0.00    0.00    3.03    0.00    0.00    0.00    2.02

05:46:27 PM  CPU    %usr   %nice    %sys %iowait    %irq   %soft  %steal  %guest  %gnice   %idle
05:46:28 PM    0   66.34    0.00   25.74    0.00    0.00    6.93    0.00    0.00    0.00    0.99

05:46:28 PM  CPU    %usr   %nice    %sys %iowait    %irq   %soft  %steal  %guest  %gnice   %idle
05:46:29 PM    0   69.70    0.00   22.22    0.00    0.00    7.07    0.00    0.00    0.00    1.01

05:46:29 PM  CPU    %usr   %nice    %sys %iowait    %irq   %soft  %steal  %guest  %gnice   %idle
05:46:30 PM    0   63.00    0.00   30.00    0.00    0.00    7.00    0.00    0.00    0.00    0.00

05:46:30 PM  CPU    %usr   %nice    %sys %iowait    %irq   %soft  %steal  %guest  %gnice   %idle
05:46:31 PM    0   70.71    0.00   23.23    0.00    0.00    6.06    0.00    0.00    0.00    0.00

05:46:31 PM  CPU    %usr   %nice    %sys %iowait    %irq   %soft  %steal  %guest  %gnice   %idle
05:46:32 PM    0   62.00    0.00   30.00    0.00    0.00    7.00    0.00    0.00    0.00    1.00

05:46:32 PM  CPU    %usr   %nice    %sys %iowait    %irq   %soft  %steal  %guest  %gnice   %idle
05:46:33 PM    0   68.69    0.00   22.22    0.00    0.00    9.09    0.00    0.00    0.00    0.00

05:46:33 PM  CPU    %usr   %nice    %sys %iowait    %irq   %soft  %steal  %guest  %gnice   %idle
05:46:34 PM    0   64.71    0.00   26.47    0.00    0.00    6.86    0.00    0.00    0.00    1.96

05:46:34 PM  CPU    %usr   %nice    %sys %iowait    %irq   %soft  %steal  %guest  %gnice   %idle
05:46:35 PM    0   66.00    0.00   26.00    0.00    0.00    6.00    0.00    0.00    0.00    2.00

05:46:35 PM  CPU    %usr   %nice    %sys %iowait    %irq   %soft  %steal  %guest  %gnice   %idle
05:46:36 PM    0   62.38    0.00   28.71    0.00    0.00    5.94    0.00    0.00    0.00    2.97

05:46:36 PM  CPU    %usr   %nice    %sys %iowait    %irq   %soft  %steal  %guest  %gnice   %idle
05:46:37 PM    0   66.67    0.00   26.26    0.00    0.00    6.06    0.00    0.00    0.00    1.01

05:46:37 PM  CPU    %usr   %nice    %sys %iowait    %irq   %soft  %steal  %guest  %gnice   %idle
05:46:38 PM    0   66.34    0.00   24.75    0.00    0.00    6.93    0.00    0.00    0.00    1.98

05:46:38 PM  CPU    %usr   %nice    %sys %iowait    %irq   %soft  %steal  %guest  %gnice   %idle
05:46:39 PM    0   65.00    0.00   24.00    0.00    0.00    9.00    0.00    0.00    0.00    2.00

05:46:39 PM  CPU    %usr   %nice    %sys %iowait    %irq   %soft  %steal  %guest  %gnice   %idle
05:46:40 PM    0   65.00    0.00   28.00    0.00    0.00    7.00    0.00    0.00    0.00    0.00

05:46:40 PM  CPU    %usr   %nice    %sys %iowait    %irq   %soft  %steal  %guest  %gnice   %idle
05:46:41 PM    0   64.00    0.00   28.00    0.00    0.00    7.00    0.00    0.00    0.00    1.00

05:46:41 PM  CPU    %usr   %nice    %sys %iowait    %irq   %soft  %steal  %guest  %gnice   %idle
05:46:42 PM    0   72.73    0.00   22.22    0.00    0.00    4.04    0.00    0.00    0.00    1.01

05:46:42 PM  CPU    %usr   %nice    %sys %iowait    %irq   %soft  %steal  %guest  %gnice   %idle
05:46:43 PM    0   62.63    0.00   26.26    0.00    0.00   10.10    0.00    0.00    0.00    1.01

05:46:43 PM  CPU    %usr   %nice    %sys %iowait    %irq   %soft  %steal  %guest  %gnice   %idle
05:46:44 PM    0   63.00    0.00   28.00    0.00    0.00    9.00    0.00    0.00    0.00    0.00

05:46:44 PM  CPU    %usr   %nice    %sys %iowait    %irq   %soft  %steal  %guest  %gnice   %idle
05:46:45 PM    0   63.00    0.00   29.00    0.00    0.00    7.00    0.00    0.00    0.00    1.00

05:46:45 PM  CPU    %usr   %nice    %sys %iowait    %irq   %soft  %steal  %guest  %gnice   %idle
05:46:46 PM    0   69.00    0.00   27.00    0.00    0.00    4.00    0.00    0.00    0.00    0.00

05:46:46 PM  CPU    %usr   %nice    %sys %iowait    %irq   %soft  %steal  %guest  %gnice   %idle
05:46:47 PM    0   65.00    0.00   24.00    0.00    0.00   10.00    0.00    0.00    0.00    1.00

05:46:47 PM  CPU    %usr   %nice    %sys %iowait    %irq   %soft  %steal  %guest  %gnice   %idle
05:46:48 PM    0   69.00    0.00   23.00    0.00    0.00    7.00    0.00    0.00    0.00    1.00

05:46:48 PM  CPU    %usr   %nice    %sys %iowait    %irq   %soft  %steal  %guest  %gnice   %idle
05:46:49 PM    0   62.00    0.00   30.00    0.00    0.00    6.00    0.00    0.00    0.00    2.00

05:46:49 PM  CPU    %usr   %nice    %sys %iowait    %irq   %soft  %steal  %guest  %gnice   %idle
05:46:50 PM    0   72.00    0.00   20.00    0.00    0.00    7.00    0.00    0.00    0.00    1.00

05:46:50 PM  CPU    %usr   %nice    %sys %iowait    %irq   %soft  %steal  %guest  %gnice   %idle
05:46:51 PM    0   63.37    0.00   28.71    0.00    0.00    6.93    0.00    0.00    0.00    0.99

05:46:51 PM  CPU    %usr   %nice    %sys %iowait    %irq   %soft  %steal  %guest  %gnice   %idle
05:46:52 PM    0   67.00    0.00   27.00    0.00    0.00    4.00    0.00    0.00    0.00    2.00

05:46:52 PM  CPU    %usr   %nice    %sys %iowait    %irq   %soft  %steal  %guest  %gnice   %idle
05:46:53 PM    0   68.00    0.00   23.00    0.00    0.00    7.00    0.00    0.00    0.00    2.00

05:46:53 PM  CPU    %usr   %nice    %sys %iowait    %irq   %soft  %steal  %guest  %gnice   %idle
05:46:54 PM    0   69.00    0.00   22.00    0.00    0.00    6.00    0.00    0.00    0.00    3.00

05:46:54 PM  CPU    %usr   %nice    %sys %iowait    %irq   %soft  %steal  %guest  %gnice   %idle
05:46:55 PM    0   63.00    0.00   29.00    0.00    0.00    7.00    0.00    0.00    0.00    1.00

05:46:55 PM  CPU    %usr   %nice    %sys %iowait    %irq   %soft  %steal  %guest  %gnice   %idle
05:46:56 PM    0   63.00    0.00   29.00    0.00    0.00    7.00    0.00    0.00    0.00    1.00

05:46:56 PM  CPU    %usr   %nice    %sys %iowait    %irq   %soft  %steal  %guest  %gnice   %idle
05:46:57 PM    0   63.64    0.00   29.29    0.00    0.00    6.06    0.00    0.00    0.00    1.01

05:46:57 PM  CPU    %usr   %nice    %sys %iowait    %irq   %soft  %steal  %guest  %gnice   %idle
05:46:58 PM    0   66.67    0.00   25.25    0.00    0.00    7.07    0.00    0.00    0.00    1.01

Average:     CPU    %usr   %nice    %sys %iowait    %irq   %soft  %steal  %guest  %gnice   %idle
Average:       0   66.10    0.00   25.64    0.00    0.00    6.68    0.00    0.00    0.00    1.58
