Linux 5.3.0-61-generic (cw-zenbook) 	07/16/2020 	_x86_64_	(8 CPU)

01:28:26 PM  CPU    %usr   %nice    %sys %iowait    %irq   %soft  %steal  %guest  %gnice   %idle
01:28:27 PM    0   12.24    0.00    4.08    0.00    0.00    1.02    0.00    0.00    0.00   82.65

01:28:27 PM  CPU    %usr   %nice    %sys %iowait    %irq   %soft  %steal  %guest  %gnice   %idle
01:28:28 PM    0   11.22    0.00    5.10    0.00    0.00    1.02    0.00    0.00    0.00   82.65

01:28:28 PM  CPU    %usr   %nice    %sys %iowait    %irq   %soft  %steal  %guest  %gnice   %idle
01:28:29 PM    0   12.12    0.00    3.03    0.00    0.00    3.03    0.00    0.00    0.00   81.82

01:28:29 PM  CPU    %usr   %nice    %sys %iowait    %irq   %soft  %steal  %guest  %gnice   %idle
01:28:30 PM    0   12.12    0.00    4.04    0.00    0.00    2.02    0.00    0.00    0.00   81.82

01:28:30 PM  CPU    %usr   %nice    %sys %iowait    %irq   %soft  %steal  %guest  %gnice   %idle
01:28:31 PM    0   12.12    0.00    4.04    0.00    0.00    2.02    0.00    0.00    0.00   81.82

01:28:31 PM  CPU    %usr   %nice    %sys %iowait    %irq   %soft  %steal  %guest  %gnice   %idle
01:28:32 PM    0   11.00    0.00    5.00    0.00    0.00    3.00    0.00    0.00    0.00   81.00

01:28:32 PM  CPU    %usr   %nice    %sys %iowait    %irq   %soft  %steal  %guest  %gnice   %idle
01:28:33 PM    0   11.00    0.00    5.00    0.00    0.00    3.00    0.00    0.00    0.00   81.00

01:28:33 PM  CPU    %usr   %nice    %sys %iowait    %irq   %soft  %steal  %guest  %gnice   %idle
01:28:34 PM    0    9.38    0.00    4.17    0.00    0.00    2.08    0.00    0.00    0.00   84.38

01:28:34 PM  CPU    %usr   %nice    %sys %iowait    %irq   %soft  %steal  %guest  %gnice   %idle
01:28:35 PM    0   13.86    0.00    3.96    0.00    0.00    1.98    0.00    0.00    0.00   80.20

01:28:35 PM  CPU    %usr   %nice    %sys %iowait    %irq   %soft  %steal  %guest  %gnice   %idle
01:28:36 PM    0   11.00    0.00    7.00    0.00    0.00    1.00    0.00    0.00    0.00   81.00

01:28:36 PM  CPU    %usr   %nice    %sys %iowait    %irq   %soft  %steal  %guest  %gnice   %idle
01:28:37 PM    0   12.00    0.00    5.00    0.00    0.00    1.00    0.00    0.00    0.00   82.00

01:28:37 PM  CPU    %usr   %nice    %sys %iowait    %irq   %soft  %steal  %guest  %gnice   %idle
01:28:38 PM    0   12.12    0.00    4.04    0.00    0.00    2.02    0.00    0.00    0.00   81.82

01:28:38 PM  CPU    %usr   %nice    %sys %iowait    %irq   %soft  %steal  %guest  %gnice   %idle
01:28:39 PM    0   12.00    0.00    5.00    0.00    0.00    2.00    0.00    0.00    0.00   81.00

01:28:39 PM  CPU    %usr   %nice    %sys %iowait    %irq   %soft  %steal  %guest  %gnice   %idle
01:28:40 PM    0   11.88    0.00    4.95    0.00    0.00    2.97    0.00    0.00    0.00   80.20

01:28:40 PM  CPU    %usr   %nice    %sys %iowait    %irq   %soft  %steal  %guest  %gnice   %idle
01:28:41 PM    0   10.00    0.00    6.00    0.00    0.00    3.00    0.00    0.00    0.00   81.00

01:28:41 PM  CPU    %usr   %nice    %sys %iowait    %irq   %soft  %steal  %guest  %gnice   %idle
01:28:42 PM    0    8.08    0.00    8.08    0.00    0.00    2.02    0.00    0.00    0.00   81.82

01:28:42 PM  CPU    %usr   %nice    %sys %iowait    %irq   %soft  %steal  %guest  %gnice   %idle
01:28:43 PM    0   10.20    0.00    5.10    0.00    0.00    2.04    0.00    0.00    0.00   82.65

01:28:43 PM  CPU    %usr   %nice    %sys %iowait    %irq   %soft  %steal  %guest  %gnice   %idle
01:28:44 PM    0    9.09    0.00    5.05    0.00    0.00    4.04    0.00    0.00    0.00   81.82

01:28:44 PM  CPU    %usr   %nice    %sys %iowait    %irq   %soft  %steal  %guest  %gnice   %idle
01:28:45 PM    0   11.00    0.00    5.00    0.00    0.00    3.00    0.00    0.00    0.00   81.00

01:28:45 PM  CPU    %usr   %nice    %sys %iowait    %irq   %soft  %steal  %guest  %gnice   %idle
01:28:46 PM    0   10.00    0.00    6.00    0.00    0.00    3.00    0.00    0.00    0.00   81.00

01:28:46 PM  CPU    %usr   %nice    %sys %iowait    %irq   %soft  %steal  %guest  %gnice   %idle
01:28:47 PM    0   13.00    0.00    6.00    0.00    0.00    0.00    0.00    0.00    0.00   81.00

01:28:47 PM  CPU    %usr   %nice    %sys %iowait    %irq   %soft  %steal  %guest  %gnice   %idle
01:28:48 PM    0   11.88    0.00    4.95    0.00    0.00    2.97    0.00    0.00    0.00   80.20

01:28:48 PM  CPU    %usr   %nice    %sys %iowait    %irq   %soft  %steal  %guest  %gnice   %idle
01:28:49 PM    0   14.00    0.00    3.00    0.00    0.00    1.00    0.00    0.00    0.00   82.00

01:28:49 PM  CPU    %usr   %nice    %sys %iowait    %irq   %soft  %steal  %guest  %gnice   %idle
01:28:50 PM    0   13.00    0.00    4.00    0.00    0.00    2.00    0.00    0.00    0.00   81.00

01:28:50 PM  CPU    %usr   %nice    %sys %iowait    %irq   %soft  %steal  %guest  %gnice   %idle
01:28:51 PM    0   11.11    0.00    6.06    0.00    0.00    1.01    0.00    0.00    0.00   81.82

01:28:51 PM  CPU    %usr   %nice    %sys %iowait    %irq   %soft  %steal  %guest  %gnice   %idle
01:28:52 PM    0   13.13    0.00    3.03    4.04    0.00    2.02    0.00    0.00    0.00   77.78

01:28:52 PM  CPU    %usr   %nice    %sys %iowait    %irq   %soft  %steal  %guest  %gnice   %idle
01:28:53 PM    0   12.12    0.00    4.04    0.00    0.00    2.02    0.00    0.00    0.00   81.82

01:28:53 PM  CPU    %usr   %nice    %sys %iowait    %irq   %soft  %steal  %guest  %gnice   %idle
01:28:54 PM    0   12.00    0.00    3.00    0.00    0.00    3.00    0.00    0.00    0.00   82.00

01:28:54 PM  CPU    %usr   %nice    %sys %iowait    %irq   %soft  %steal  %guest  %gnice   %idle
01:28:55 PM    0   11.22    0.00    5.10    0.00    0.00    1.02    0.00    0.00    0.00   82.65

01:28:55 PM  CPU    %usr   %nice    %sys %iowait    %irq   %soft  %steal  %guest  %gnice   %idle
01:28:56 PM    0   10.00    0.00    8.00    0.00    0.00    1.00    0.00    0.00    0.00   81.00

01:28:56 PM  CPU    %usr   %nice    %sys %iowait    %irq   %soft  %steal  %guest  %gnice   %idle
01:28:57 PM    0    9.00    0.00    6.00    0.00    0.00    4.00    0.00    0.00    0.00   81.00

01:28:57 PM  CPU    %usr   %nice    %sys %iowait    %irq   %soft  %steal  %guest  %gnice   %idle
01:28:58 PM    0   11.11    0.00    4.04    0.00    0.00    3.03    0.00    0.00    0.00   81.82

01:28:58 PM  CPU    %usr   %nice    %sys %iowait    %irq   %soft  %steal  %guest  %gnice   %idle
01:28:59 PM    0    9.09    0.00    8.08    0.00    0.00    1.01    0.00    0.00    0.00   81.82

01:28:59 PM  CPU    %usr   %nice    %sys %iowait    %irq   %soft  %steal  %guest  %gnice   %idle
01:29:00 PM    0   12.12    0.00    3.03    0.00    0.00    3.03    0.00    0.00    0.00   81.82

01:29:00 PM  CPU    %usr   %nice    %sys %iowait    %irq   %soft  %steal  %guest  %gnice   %idle
01:29:01 PM    0   11.88    0.00    5.94    0.00    0.00    1.98    0.00    0.00    0.00   80.20

01:29:01 PM  CPU    %usr   %nice    %sys %iowait    %irq   %soft  %steal  %guest  %gnice   %idle
01:29:02 PM    0   12.24    0.00    5.10    0.00    0.00    0.00    0.00    0.00    0.00   82.65

01:29:02 PM  CPU    %usr   %nice    %sys %iowait    %irq   %soft  %steal  %guest  %gnice   %idle
01:29:03 PM    0   11.88    0.00    3.96    0.00    0.00    3.96    0.00    0.00    0.00   80.20

01:29:03 PM  CPU    %usr   %nice    %sys %iowait    %irq   %soft  %steal  %guest  %gnice   %idle
01:29:04 PM    0   12.00    0.00    4.00    0.00    0.00    2.00    0.00    0.00    0.00   82.00

01:29:04 PM  CPU    %usr   %nice    %sys %iowait    %irq   %soft  %steal  %guest  %gnice   %idle
01:29:05 PM    0   11.65    0.00    7.77    0.00    0.00    1.94    0.00    0.00    0.00   78.64

01:29:05 PM  CPU    %usr   %nice    %sys %iowait    %irq   %soft  %steal  %guest  %gnice   %idle
01:29:06 PM    0   10.10    0.00    6.06    0.00    0.00    2.02    0.00    0.00    0.00   81.82

01:29:06 PM  CPU    %usr   %nice    %sys %iowait    %irq   %soft  %steal  %guest  %gnice   %idle
01:29:07 PM    0   14.71    0.00    3.92    0.00    0.00    1.96    0.00    0.00    0.00   79.41

01:29:07 PM  CPU    %usr   %nice    %sys %iowait    %irq   %soft  %steal  %guest  %gnice   %idle
01:29:08 PM    0   11.22    0.00    5.10    0.00    0.00    1.02    0.00    0.00    0.00   82.65

01:29:08 PM  CPU    %usr   %nice    %sys %iowait    %irq   %soft  %steal  %guest  %gnice   %idle
01:29:09 PM    0   12.37    0.00    2.06    0.00    0.00    2.06    0.00    0.00    0.00   83.51

01:29:09 PM  CPU    %usr   %nice    %sys %iowait    %irq   %soft  %steal  %guest  %gnice   %idle
01:29:10 PM    0    7.92    0.00    8.91    0.00    0.00    2.97    0.00    0.00    0.00   80.20

01:29:10 PM  CPU    %usr   %nice    %sys %iowait    %irq   %soft  %steal  %guest  %gnice   %idle
01:29:11 PM    0   12.00    0.00    3.00    0.00    0.00    3.00    0.00    0.00    0.00   82.00

01:29:11 PM  CPU    %usr   %nice    %sys %iowait    %irq   %soft  %steal  %guest  %gnice   %idle
01:29:12 PM    0   11.00    0.00    7.00    0.00    0.00    1.00    0.00    0.00    0.00   81.00

01:29:12 PM  CPU    %usr   %nice    %sys %iowait    %irq   %soft  %steal  %guest  %gnice   %idle
01:29:13 PM    0   13.27    0.00    3.06    0.00    0.00    1.02    0.00    0.00    0.00   82.65

01:29:13 PM  CPU    %usr   %nice    %sys %iowait    %irq   %soft  %steal  %guest  %gnice   %idle
01:29:14 PM    0   13.00    0.00    4.00    0.00    0.00    2.00    0.00    0.00    0.00   81.00

01:29:14 PM  CPU    %usr   %nice    %sys %iowait    %irq   %soft  %steal  %guest  %gnice   %idle
01:29:15 PM    0    9.09    0.00    7.07    0.00    0.00    2.02    0.00    0.00    0.00   81.82

01:29:15 PM  CPU    %usr   %nice    %sys %iowait    %irq   %soft  %steal  %guest  %gnice   %idle
01:29:16 PM    0   14.29    0.00    2.04    0.00    0.00    1.02    0.00    0.00    0.00   82.65

01:29:16 PM  CPU    %usr   %nice    %sys %iowait    %irq   %soft  %steal  %guest  %gnice   %idle
01:29:17 PM    0   11.22    0.00    4.08    0.00    0.00    2.04    0.00    0.00    0.00   82.65

01:29:17 PM  CPU    %usr   %nice    %sys %iowait    %irq   %soft  %steal  %guest  %gnice   %idle
01:29:18 PM    0   13.00    0.00    5.00    0.00    0.00    1.00    0.00    0.00    0.00   81.00

01:29:18 PM  CPU    %usr   %nice    %sys %iowait    %irq   %soft  %steal  %guest  %gnice   %idle
01:29:19 PM    0   13.13    0.00    3.03    0.00    0.00    1.01    0.00    0.00    0.00   82.83

01:29:19 PM  CPU    %usr   %nice    %sys %iowait    %irq   %soft  %steal  %guest  %gnice   %idle
01:29:20 PM    0   11.22    0.00    5.10    0.00    0.00    1.02    0.00    0.00    0.00   82.65

01:29:20 PM  CPU    %usr   %nice    %sys %iowait    %irq   %soft  %steal  %guest  %gnice   %idle
01:29:21 PM    0   12.12    0.00    4.04    0.00    0.00    2.02    0.00    0.00    0.00   81.82

01:29:21 PM  CPU    %usr   %nice    %sys %iowait    %irq   %soft  %steal  %guest  %gnice   %idle
01:29:22 PM    0   11.22    0.00    4.08    0.00    0.00    2.04    0.00    0.00    0.00   82.65

01:29:22 PM  CPU    %usr   %nice    %sys %iowait    %irq   %soft  %steal  %guest  %gnice   %idle
01:29:23 PM    0   12.75    0.00    5.88    0.00    0.00    1.96    0.00    0.00    0.00   79.41

01:29:23 PM  CPU    %usr   %nice    %sys %iowait    %irq   %soft  %steal  %guest  %gnice   %idle
01:29:24 PM    0   12.24    0.00    3.06    0.00    0.00    2.04    0.00    0.00    0.00   82.65

01:29:24 PM  CPU    %usr   %nice    %sys %iowait    %irq   %soft  %steal  %guest  %gnice   %idle
01:29:25 PM    0    9.09    0.00    8.08    0.00    0.00    1.01    0.00    0.00    0.00   81.82

01:29:25 PM  CPU    %usr   %nice    %sys %iowait    %irq   %soft  %steal  %guest  %gnice   %idle
01:29:26 PM    0   11.11    0.00    4.04    0.00    0.00    3.03    0.00    0.00    0.00   81.82

01:29:26 PM  CPU    %usr   %nice    %sys %iowait    %irq   %soft  %steal  %guest  %gnice   %idle
01:29:27 PM    0   11.88    0.00    4.95    0.00    0.00    1.98    0.00    0.00    0.00   81.19

01:29:27 PM  CPU    %usr   %nice    %sys %iowait    %irq   %soft  %steal  %guest  %gnice   %idle
01:29:28 PM    0   11.00    0.00    5.00    0.00    0.00    3.00    0.00    0.00    0.00   81.00

01:29:28 PM  CPU    %usr   %nice    %sys %iowait    %irq   %soft  %steal  %guest  %gnice   %idle
01:29:29 PM    0   11.11    0.00    6.06    0.00    0.00    1.01    0.00    0.00    0.00   81.82

01:29:29 PM  CPU    %usr   %nice    %sys %iowait    %irq   %soft  %steal  %guest  %gnice   %idle
01:29:30 PM    0   11.46    0.00    3.12    0.00    0.00    1.04    0.00    0.00    0.00   84.38

01:29:30 PM  CPU    %usr   %nice    %sys %iowait    %irq   %soft  %steal  %guest  %gnice   %idle
01:29:31 PM    0   14.00    0.00    4.00    0.00    0.00    1.00    0.00    0.00    0.00   81.00

01:29:31 PM  CPU    %usr   %nice    %sys %iowait    %irq   %soft  %steal  %guest  %gnice   %idle
01:29:32 PM    0   10.20    0.00    8.16    0.00    0.00    0.00    0.00    0.00    0.00   81.63

01:29:32 PM  CPU    %usr   %nice    %sys %iowait    %irq   %soft  %steal  %guest  %gnice   %idle
01:29:33 PM    0   12.87    0.00    3.96    0.00    0.00    1.98    0.00    0.00    0.00   81.19

01:29:33 PM  CPU    %usr   %nice    %sys %iowait    %irq   %soft  %steal  %guest  %gnice   %idle
01:29:34 PM    0   11.11    0.00    5.05    0.00    0.00    2.02    0.00    0.00    0.00   81.82

01:29:34 PM  CPU    %usr   %nice    %sys %iowait    %irq   %soft  %steal  %guest  %gnice   %idle
01:29:35 PM    0   14.14    0.00    3.03    0.00    0.00    1.01    0.00    0.00    0.00   81.82

01:29:35 PM  CPU    %usr   %nice    %sys %iowait    %irq   %soft  %steal  %guest  %gnice   %idle
01:29:36 PM    0   12.12    0.00    4.04    0.00    0.00    2.02    0.00    0.00    0.00   81.82

01:29:36 PM  CPU    %usr   %nice    %sys %iowait    %irq   %soft  %steal  %guest  %gnice   %idle
01:29:37 PM    0   15.00    0.00    3.00    0.00    0.00    1.00    0.00    0.00    0.00   81.00

01:29:37 PM  CPU    %usr   %nice    %sys %iowait    %irq   %soft  %steal  %guest  %gnice   %idle
01:29:38 PM    0   12.24    0.00    4.08    0.00    0.00    1.02    0.00    0.00    0.00   82.65

01:29:38 PM  CPU    %usr   %nice    %sys %iowait    %irq   %soft  %steal  %guest  %gnice   %idle
01:29:39 PM    0   11.88    0.00    5.94    0.00    0.00    0.99    0.00    0.00    0.00   81.19

01:29:39 PM  CPU    %usr   %nice    %sys %iowait    %irq   %soft  %steal  %guest  %gnice   %idle
01:29:40 PM    0   11.11    0.00    5.05    0.00    0.00    2.02    0.00    0.00    0.00   81.82

01:29:40 PM  CPU    %usr   %nice    %sys %iowait    %irq   %soft  %steal  %guest  %gnice   %idle
01:29:41 PM    0   11.22    0.00    5.10    0.00    0.00    1.02    0.00    0.00    0.00   82.65

01:29:41 PM  CPU    %usr   %nice    %sys %iowait    %irq   %soft  %steal  %guest  %gnice   %idle
01:29:42 PM    0    9.28    0.00    4.12    0.00    0.00    3.09    0.00    0.00    0.00   83.51

01:29:42 PM  CPU    %usr   %nice    %sys %iowait    %irq   %soft  %steal  %guest  %gnice   %idle
01:29:43 PM    0   11.22    0.00    4.08    0.00    0.00    2.04    0.00    0.00    0.00   82.65

01:29:43 PM  CPU    %usr   %nice    %sys %iowait    %irq   %soft  %steal  %guest  %gnice   %idle
01:29:44 PM    0    8.08    0.00    5.05    0.00    0.00    4.04    0.00    0.00    0.00   82.83

01:29:44 PM  CPU    %usr   %nice    %sys %iowait    %irq   %soft  %steal  %guest  %gnice   %idle
01:29:45 PM    0   12.87    0.00    4.95    0.00    0.00    1.98    0.00    0.00    0.00   80.20

01:29:45 PM  CPU    %usr   %nice    %sys %iowait    %irq   %soft  %steal  %guest  %gnice   %idle
01:29:46 PM    0   11.34    0.00    5.15    0.00    0.00    0.00    0.00    0.00    0.00   83.51

01:29:46 PM  CPU    %usr   %nice    %sys %iowait    %irq   %soft  %steal  %guest  %gnice   %idle
01:29:47 PM    0   12.12    0.00    4.04    0.00    0.00    2.02    0.00    0.00    0.00   81.82

01:29:47 PM  CPU    %usr   %nice    %sys %iowait    %irq   %soft  %steal  %guest  %gnice   %idle
01:29:48 PM    0   13.86    0.00    2.97    0.00    0.00    2.97    0.00    0.00    0.00   80.20

01:29:48 PM  CPU    %usr   %nice    %sys %iowait    %irq   %soft  %steal  %guest  %gnice   %idle
01:29:49 PM    0   12.12    0.00    5.05    0.00    0.00    1.01    0.00    0.00    0.00   81.82

01:29:49 PM  CPU    %usr   %nice    %sys %iowait    %irq   %soft  %steal  %guest  %gnice   %idle
01:29:50 PM    0   13.00    0.00    5.00    0.00    0.00    1.00    0.00    0.00    0.00   81.00

01:29:50 PM  CPU    %usr   %nice    %sys %iowait    %irq   %soft  %steal  %guest  %gnice   %idle
01:29:51 PM    0   10.20    0.00    4.08    0.00    0.00    3.06    0.00    0.00    0.00   82.65

01:29:51 PM  CPU    %usr   %nice    %sys %iowait    %irq   %soft  %steal  %guest  %gnice   %idle
01:29:52 PM    0   12.62    0.00    5.83    0.00    0.00    1.94    0.00    0.00    0.00   79.61

01:29:52 PM  CPU    %usr   %nice    %sys %iowait    %irq   %soft  %steal  %guest  %gnice   %idle
01:29:53 PM    0   10.10    0.00    6.06    0.00    0.00    2.02    0.00    0.00    0.00   81.82

01:29:53 PM  CPU    %usr   %nice    %sys %iowait    %irq   %soft  %steal  %guest  %gnice   %idle
01:29:54 PM    0   12.12    0.00    5.05    0.00    0.00    1.01    0.00    0.00    0.00   81.82

01:29:54 PM  CPU    %usr   %nice    %sys %iowait    %irq   %soft  %steal  %guest  %gnice   %idle
01:29:55 PM    0   12.00    0.00    5.00    0.00    0.00    2.00    0.00    0.00    0.00   81.00

01:29:55 PM  CPU    %usr   %nice    %sys %iowait    %irq   %soft  %steal  %guest  %gnice   %idle
01:29:56 PM    0   11.11    0.00    4.04    0.00    0.00    3.03    0.00    0.00    0.00   81.82

01:29:56 PM  CPU    %usr   %nice    %sys %iowait    %irq   %soft  %steal  %guest  %gnice   %idle
01:29:57 PM    0    9.09    0.00    8.08    0.00    0.00    1.01    0.00    0.00    0.00   81.82

01:29:57 PM  CPU    %usr   %nice    %sys %iowait    %irq   %soft  %steal  %guest  %gnice   %idle
01:29:58 PM    0   10.10    0.00    6.06    0.00    0.00    2.02    0.00    0.00    0.00   81.82

01:29:58 PM  CPU    %usr   %nice    %sys %iowait    %irq   %soft  %steal  %guest  %gnice   %idle
01:29:59 PM    0   10.20    0.00    4.08    0.00    0.00    3.06    0.00    0.00    0.00   82.65

01:29:59 PM  CPU    %usr   %nice    %sys %iowait    %irq   %soft  %steal  %guest  %gnice   %idle
01:30:00 PM    0   12.12    0.00    3.03    0.00    0.00    3.03    0.00    0.00    0.00   81.82

01:30:00 PM  CPU    %usr   %nice    %sys %iowait    %irq   %soft  %steal  %guest  %gnice   %idle
01:30:01 PM    0   11.88    0.00    4.95    0.00    0.00    2.97    0.00    0.00    0.00   80.20

01:30:01 PM  CPU    %usr   %nice    %sys %iowait    %irq   %soft  %steal  %guest  %gnice   %idle
01:30:02 PM    0    9.90    0.00    7.92    0.00    0.00    1.98    0.00    0.00    0.00   80.20

01:30:02 PM  CPU    %usr   %nice    %sys %iowait    %irq   %soft  %steal  %guest  %gnice   %idle
01:30:03 PM    0   11.76    0.00    5.88    0.00    0.00    2.94    0.00    0.00    0.00   79.41

01:30:03 PM  CPU    %usr   %nice    %sys %iowait    %irq   %soft  %steal  %guest  %gnice   %idle
01:30:04 PM    0   12.24    0.00    4.08    0.00    0.00    1.02    0.00    0.00    0.00   82.65

01:30:04 PM  CPU    %usr   %nice    %sys %iowait    %irq   %soft  %steal  %guest  %gnice   %idle
01:30:05 PM    0   10.78    0.00    8.82    0.00    0.00    0.98    0.00    0.00    0.00   79.41

01:30:05 PM  CPU    %usr   %nice    %sys %iowait    %irq   %soft  %steal  %guest  %gnice   %idle
01:30:06 PM    0   13.13    0.00    2.02    0.00    0.00    3.03    0.00    0.00    0.00   81.82

01:30:06 PM  CPU    %usr   %nice    %sys %iowait    %irq   %soft  %steal  %guest  %gnice   %idle
01:30:07 PM    0   13.00    0.00    5.00    0.00    0.00    1.00    0.00    0.00    0.00   81.00

01:30:07 PM  CPU    %usr   %nice    %sys %iowait    %irq   %soft  %steal  %guest  %gnice   %idle
01:30:08 PM    0   13.00    0.00    4.00    0.00    0.00    2.00    0.00    0.00    0.00   81.00

01:30:08 PM  CPU    %usr   %nice    %sys %iowait    %irq   %soft  %steal  %guest  %gnice   %idle
01:30:09 PM    0   11.11    0.00    4.04    0.00    0.00    2.02    0.00    0.00    0.00   82.83

01:30:09 PM  CPU    %usr   %nice    %sys %iowait    %irq   %soft  %steal  %guest  %gnice   %idle
01:30:10 PM    0   10.31    0.00    4.12    0.00    0.00    2.06    0.00    0.00    0.00   83.51

01:30:10 PM  CPU    %usr   %nice    %sys %iowait    %irq   %soft  %steal  %guest  %gnice   %idle
01:30:11 PM    0   12.87    0.00    4.95    0.00    0.00    2.97    0.00    0.00    0.00   79.21

01:30:11 PM  CPU    %usr   %nice    %sys %iowait    %irq   %soft  %steal  %guest  %gnice   %idle
01:30:12 PM    0   12.00    0.00    6.00    0.00    0.00    1.00    0.00    0.00    0.00   81.00

01:30:12 PM  CPU    %usr   %nice    %sys %iowait    %irq   %soft  %steal  %guest  %gnice   %idle
01:30:13 PM    0   11.88    0.00    3.96    0.00    0.00    2.97    0.00    0.00    0.00   81.19

01:30:13 PM  CPU    %usr   %nice    %sys %iowait    %irq   %soft  %steal  %guest  %gnice   %idle
01:30:14 PM    0   11.22    0.00    5.10    0.00    0.00    1.02    0.00    0.00    0.00   82.65

01:30:14 PM  CPU    %usr   %nice    %sys %iowait    %irq   %soft  %steal  %guest  %gnice   %idle
01:30:15 PM    0    9.09    0.00    8.08    0.00    0.00    1.01    0.00    0.00    0.00   81.82

01:30:15 PM  CPU    %usr   %nice    %sys %iowait    %irq   %soft  %steal  %guest  %gnice   %idle
01:30:16 PM    0   11.11    0.00    5.05    0.00    0.00    2.02    0.00    0.00    0.00   81.82

01:30:16 PM  CPU    %usr   %nice    %sys %iowait    %irq   %soft  %steal  %guest  %gnice   %idle
01:30:17 PM    0   13.00    0.00    4.00    0.00    0.00    2.00    0.00    0.00    0.00   81.00

01:30:17 PM  CPU    %usr   %nice    %sys %iowait    %irq   %soft  %steal  %guest  %gnice   %idle
01:30:18 PM    0    9.28    0.00    5.15    0.00    0.00    2.06    0.00    0.00    0.00   83.51

01:30:18 PM  CPU    %usr   %nice    %sys %iowait    %irq   %soft  %steal  %guest  %gnice   %idle
01:30:19 PM    0   10.10    0.00    5.05    0.00    0.00    3.03    0.00    0.00    0.00   81.82

01:30:19 PM  CPU    %usr   %nice    %sys %iowait    %irq   %soft  %steal  %guest  %gnice   %idle
01:30:20 PM    0   13.00    0.00    3.00    0.00    0.00    2.00    0.00    0.00    0.00   82.00

01:30:20 PM  CPU    %usr   %nice    %sys %iowait    %irq   %soft  %steal  %guest  %gnice   %idle
01:30:21 PM    0   13.00    0.00    5.00    0.00    0.00    1.00    0.00    0.00    0.00   81.00

01:30:21 PM  CPU    %usr   %nice    %sys %iowait    %irq   %soft  %steal  %guest  %gnice   %idle
01:30:22 PM    0   11.11    0.00    5.05    0.00    0.00    2.02    0.00    0.00    0.00   81.82

01:30:22 PM  CPU    %usr   %nice    %sys %iowait    %irq   %soft  %steal  %guest  %gnice   %idle
01:30:23 PM    0   10.20    0.00    6.12    0.00    0.00    1.02    0.00    0.00    0.00   82.65

01:30:23 PM  CPU    %usr   %nice    %sys %iowait    %irq   %soft  %steal  %guest  %gnice   %idle
01:30:24 PM    0   13.00    0.00    3.00    0.00    0.00    3.00    0.00    0.00    0.00   81.00

01:30:24 PM  CPU    %usr   %nice    %sys %iowait    %irq   %soft  %steal  %guest  %gnice   %idle
01:30:25 PM    0    9.18    0.00    7.14    0.00    0.00    1.02    0.00    0.00    0.00   82.65

01:30:25 PM  CPU    %usr   %nice    %sys %iowait    %irq   %soft  %steal  %guest  %gnice   %idle
01:30:26 PM    0   11.88    0.00    4.95    0.00    0.00    2.97    0.00    0.00    0.00   80.20

Average:     CPU    %usr   %nice    %sys %iowait    %irq   %soft  %steal  %guest  %gnice   %idle
Average:       0   11.55    0.00    4.91    0.03    0.00    1.94    0.00    0.00    0.00   81.58
