Linux 5.3.0-61-generic (cw-zenbook) 	07/16/2020 	_x86_64_	(8 CPU)

05:47:35 PM  CPU    %usr   %nice    %sys %iowait    %irq   %soft  %steal  %guest  %gnice   %idle
05:47:36 PM    0   64.65    0.00   27.27    0.00    0.00    8.08    0.00    0.00    0.00    0.00

05:47:36 PM  CPU    %usr   %nice    %sys %iowait    %irq   %soft  %steal  %guest  %gnice   %idle
05:47:37 PM    0   67.33    0.00   26.73    0.00    0.00    4.95    0.00    0.00    0.00    0.99

05:47:37 PM  CPU    %usr   %nice    %sys %iowait    %irq   %soft  %steal  %guest  %gnice   %idle
05:47:38 PM    0   65.00    0.00   25.00    0.00    0.00    9.00    0.00    0.00    0.00    1.00

05:47:38 PM  CPU    %usr   %nice    %sys %iowait    %irq   %soft  %steal  %guest  %gnice   %idle
05:47:39 PM    0   69.39    0.00   22.45    0.00    0.00    7.14    0.00    0.00    0.00    1.02

05:47:39 PM  CPU    %usr   %nice    %sys %iowait    %irq   %soft  %steal  %guest  %gnice   %idle
05:47:40 PM    0   68.69    0.00   23.23    0.00    0.00    7.07    0.00    0.00    0.00    1.01

05:47:40 PM  CPU    %usr   %nice    %sys %iowait    %irq   %soft  %steal  %guest  %gnice   %idle
05:47:41 PM    0   63.00    0.00   27.00    0.00    0.00    8.00    0.00    0.00    0.00    2.00

05:47:41 PM  CPU    %usr   %nice    %sys %iowait    %irq   %soft  %steal  %guest  %gnice   %idle
05:47:42 PM    0   64.65    0.00   27.27    0.00    0.00    6.06    0.00    0.00    0.00    2.02

05:47:42 PM  CPU    %usr   %nice    %sys %iowait    %irq   %soft  %steal  %guest  %gnice   %idle
05:47:43 PM    0   65.00    0.00   25.00    0.00    0.00    9.00    0.00    0.00    0.00    1.00

05:47:43 PM  CPU    %usr   %nice    %sys %iowait    %irq   %soft  %steal  %guest  %gnice   %idle
05:47:44 PM    0   65.69    0.00   24.51    0.00    0.00    6.86    0.00    0.00    0.00    2.94

05:47:44 PM  CPU    %usr   %nice    %sys %iowait    %irq   %soft  %steal  %guest  %gnice   %idle
05:47:45 PM    0   64.29    0.00   27.55    0.00    0.00    7.14    0.00    0.00    0.00    1.02

05:47:45 PM  CPU    %usr   %nice    %sys %iowait    %irq   %soft  %steal  %guest  %gnice   %idle
05:47:46 PM    0   65.35    0.00   26.73    0.00    0.00    6.93    0.00    0.00    0.00    0.99

05:47:46 PM  CPU    %usr   %nice    %sys %iowait    %irq   %soft  %steal  %guest  %gnice   %idle
05:47:47 PM    0   69.00    0.00   24.00    0.00    0.00    6.00    0.00    0.00    0.00    1.00

05:47:47 PM  CPU    %usr   %nice    %sys %iowait    %irq   %soft  %steal  %guest  %gnice   %idle
05:47:48 PM    0   63.64    0.00   29.29    0.00    0.00    6.06    0.00    0.00    0.00    1.01

05:47:48 PM  CPU    %usr   %nice    %sys %iowait    %irq   %soft  %steal  %guest  %gnice   %idle
05:47:49 PM    0   66.00    0.00   25.00    0.00    0.00    7.00    0.00    0.00    0.00    2.00

05:47:49 PM  CPU    %usr   %nice    %sys %iowait    %irq   %soft  %steal  %guest  %gnice   %idle
05:47:50 PM    0   62.63    0.00   27.27    0.00    0.00    8.08    0.00    0.00    0.00    2.02

05:47:50 PM  CPU    %usr   %nice    %sys %iowait    %irq   %soft  %steal  %guest  %gnice   %idle
05:47:51 PM    0   64.36    0.00   27.72    0.00    0.00    6.93    0.00    0.00    0.00    0.99

05:47:51 PM  CPU    %usr   %nice    %sys %iowait    %irq   %soft  %steal  %guest  %gnice   %idle
05:47:52 PM    0   65.00    0.00   28.00    0.00    0.00    7.00    0.00    0.00    0.00    0.00

05:47:52 PM  CPU    %usr   %nice    %sys %iowait    %irq   %soft  %steal  %guest  %gnice   %idle
05:47:53 PM    0   68.69    0.00   25.25    0.00    0.00    5.05    0.00    0.00    0.00    1.01

05:47:53 PM  CPU    %usr   %nice    %sys %iowait    %irq   %soft  %steal  %guest  %gnice   %idle
05:47:54 PM    0   67.35    0.00   27.55    0.00    0.00    4.08    0.00    0.00    0.00    1.02

05:47:54 PM  CPU    %usr   %nice    %sys %iowait    %irq   %soft  %steal  %guest  %gnice   %idle
05:47:55 PM    0   66.34    0.00   28.71    0.00    0.00    3.96    0.00    0.00    0.00    0.99

05:47:55 PM  CPU    %usr   %nice    %sys %iowait    %irq   %soft  %steal  %guest  %gnice   %idle
05:47:56 PM    0   62.63    0.00   30.30    0.00    0.00    6.06    0.00    0.00    0.00    1.01

05:47:56 PM  CPU    %usr   %nice    %sys %iowait    %irq   %soft  %steal  %guest  %gnice   %idle
05:47:57 PM    0   67.33    0.00   25.74    0.00    0.00    4.95    0.00    0.00    0.00    1.98

05:47:57 PM  CPU    %usr   %nice    %sys %iowait    %irq   %soft  %steal  %guest  %gnice   %idle
05:47:58 PM    0   68.00    0.00   23.00    0.00    0.00    8.00    0.00    0.00    0.00    1.00

05:47:58 PM  CPU    %usr   %nice    %sys %iowait    %irq   %soft  %steal  %guest  %gnice   %idle
05:47:59 PM    0   68.37    0.00   28.57    0.00    0.00    3.06    0.00    0.00    0.00    0.00

05:47:59 PM  CPU    %usr   %nice    %sys %iowait    %irq   %soft  %steal  %guest  %gnice   %idle
05:48:00 PM    0   63.73    0.00   30.39    0.00    0.00    2.94    0.00    0.00    0.00    2.94

05:48:00 PM  CPU    %usr   %nice    %sys %iowait    %irq   %soft  %steal  %guest  %gnice   %idle
05:48:01 PM    0   61.39    0.00   29.70    0.00    0.00    7.92    0.00    0.00    0.00    0.99

05:48:01 PM  CPU    %usr   %nice    %sys %iowait    %irq   %soft  %steal  %guest  %gnice   %idle
05:48:02 PM    0   64.29    0.00   28.57    0.00    0.00    7.14    0.00    0.00    0.00    0.00

05:48:02 PM  CPU    %usr   %nice    %sys %iowait    %irq   %soft  %steal  %guest  %gnice   %idle
05:48:03 PM    0   64.00    0.00   28.00    0.00    0.00    8.00    0.00    0.00    0.00    0.00

05:48:03 PM  CPU    %usr   %nice    %sys %iowait    %irq   %soft  %steal  %guest  %gnice   %idle
05:48:04 PM    0   68.00    0.00   27.00    0.00    0.00    4.00    0.00    0.00    0.00    1.00

05:48:04 PM  CPU    %usr   %nice    %sys %iowait    %irq   %soft  %steal  %guest  %gnice   %idle
05:48:05 PM    0   67.00    0.00   27.00    0.00    0.00    3.00    0.00    0.00    0.00    3.00

05:48:05 PM  CPU    %usr   %nice    %sys %iowait    %irq   %soft  %steal  %guest  %gnice   %idle
05:48:06 PM    0   74.51    0.00   21.57    0.00    0.00    2.94    0.00    0.00    0.00    0.98

05:48:06 PM  CPU    %usr   %nice    %sys %iowait    %irq   %soft  %steal  %guest  %gnice   %idle
05:48:07 PM    0   67.35    0.00   24.49    0.00    0.00    6.12    0.00    0.00    0.00    2.04

05:48:07 PM  CPU    %usr   %nice    %sys %iowait    %irq   %soft  %steal  %guest  %gnice   %idle
05:48:08 PM    0   65.00    0.00   30.00    0.00    0.00    4.00    0.00    0.00    0.00    1.00

05:48:08 PM  CPU    %usr   %nice    %sys %iowait    %irq   %soft  %steal  %guest  %gnice   %idle
05:48:09 PM    0   67.68    0.00   26.26    0.00    0.00    6.06    0.00    0.00    0.00    0.00

05:48:09 PM  CPU    %usr   %nice    %sys %iowait    %irq   %soft  %steal  %guest  %gnice   %idle
05:48:10 PM    0   68.32    0.00   25.74    0.00    0.00    5.94    0.00    0.00    0.00    0.00

05:48:10 PM  CPU    %usr   %nice    %sys %iowait    %irq   %soft  %steal  %guest  %gnice   %idle
05:48:11 PM    0   65.66    0.00   27.27    0.00    0.00    7.07    0.00    0.00    0.00    0.00

05:48:11 PM  CPU    %usr   %nice    %sys %iowait    %irq   %soft  %steal  %guest  %gnice   %idle
05:48:12 PM    0   65.35    0.00   27.72    0.00    0.00    5.94    0.00    0.00    0.00    0.99

05:48:12 PM  CPU    %usr   %nice    %sys %iowait    %irq   %soft  %steal  %guest  %gnice   %idle
05:48:13 PM    0   67.35    0.00   24.49    0.00    0.00    7.14    0.00    0.00    0.00    1.02

05:48:13 PM  CPU    %usr   %nice    %sys %iowait    %irq   %soft  %steal  %guest  %gnice   %idle
05:48:14 PM    0   66.00    0.00   25.00    0.00    0.00    8.00    0.00    0.00    0.00    1.00

05:48:14 PM  CPU    %usr   %nice    %sys %iowait    %irq   %soft  %steal  %guest  %gnice   %idle
05:48:15 PM    0   62.00    0.00   31.00    0.00    0.00    6.00    0.00    0.00    0.00    1.00

05:48:15 PM  CPU    %usr   %nice    %sys %iowait    %irq   %soft  %steal  %guest  %gnice   %idle
05:48:16 PM    0   63.37    0.00   27.72    0.00    0.00    7.92    0.00    0.00    0.00    0.99

05:48:16 PM  CPU    %usr   %nice    %sys %iowait    %irq   %soft  %steal  %guest  %gnice   %idle
05:48:17 PM    0   67.68    0.00   27.27    0.00    0.00    4.04    0.00    0.00    0.00    1.01

05:48:17 PM  CPU    %usr   %nice    %sys %iowait    %irq   %soft  %steal  %guest  %gnice   %idle
05:48:18 PM    0   69.00    0.00   23.00    0.00    0.00    7.00    0.00    0.00    0.00    1.00

05:48:18 PM  CPU    %usr   %nice    %sys %iowait    %irq   %soft  %steal  %guest  %gnice   %idle
05:48:19 PM    0   64.29    0.00   29.59    0.00    0.00    6.12    0.00    0.00    0.00    0.00

05:48:19 PM  CPU    %usr   %nice    %sys %iowait    %irq   %soft  %steal  %guest  %gnice   %idle
05:48:20 PM    0   68.32    0.00   26.73    0.00    0.00    4.95    0.00    0.00    0.00    0.00

05:48:20 PM  CPU    %usr   %nice    %sys %iowait    %irq   %soft  %steal  %guest  %gnice   %idle
05:48:21 PM    0   62.00    0.00   29.00    0.00    0.00    8.00    0.00    0.00    0.00    1.00

05:48:21 PM  CPU    %usr   %nice    %sys %iowait    %irq   %soft  %steal  %guest  %gnice   %idle
05:48:22 PM    0   67.00    0.00   27.00    0.00    0.00    6.00    0.00    0.00    0.00    0.00

05:48:22 PM  CPU    %usr   %nice    %sys %iowait    %irq   %soft  %steal  %guest  %gnice   %idle
05:48:23 PM    0   62.63    0.00   31.31    0.00    0.00    6.06    0.00    0.00    0.00    0.00

05:48:23 PM  CPU    %usr   %nice    %sys %iowait    %irq   %soft  %steal  %guest  %gnice   %idle
05:48:24 PM    0   70.30    0.00   23.76    0.00    0.00    4.95    0.00    0.00    0.00    0.99

05:48:24 PM  CPU    %usr   %nice    %sys %iowait    %irq   %soft  %steal  %guest  %gnice   %idle
05:48:25 PM    0   63.00    0.00   29.00    0.00    0.00    7.00    0.00    0.00    0.00    1.00

05:48:25 PM  CPU    %usr   %nice    %sys %iowait    %irq   %soft  %steal  %guest  %gnice   %idle
05:48:26 PM    0   64.36    0.00   26.73    0.00    0.00    6.93    0.00    0.00    0.00    1.98

05:48:26 PM  CPU    %usr   %nice    %sys %iowait    %irq   %soft  %steal  %guest  %gnice   %idle
05:48:27 PM    0   67.00    0.00   27.00    0.00    0.00    5.00    0.00    0.00    0.00    1.00

05:48:27 PM  CPU    %usr   %nice    %sys %iowait    %irq   %soft  %steal  %guest  %gnice   %idle
05:48:28 PM    0   65.66    0.00   28.28    0.00    0.00    5.05    0.00    0.00    0.00    1.01

05:48:28 PM  CPU    %usr   %nice    %sys %iowait    %irq   %soft  %steal  %guest  %gnice   %idle
05:48:29 PM    0   64.65    0.00   29.29    0.00    0.00    5.05    0.00    0.00    0.00    1.01

05:48:29 PM  CPU    %usr   %nice    %sys %iowait    %irq   %soft  %steal  %guest  %gnice   %idle
05:48:30 PM    0   65.00    0.00   29.00    0.00    0.00    6.00    0.00    0.00    0.00    0.00

05:48:30 PM  CPU    %usr   %nice    %sys %iowait    %irq   %soft  %steal  %guest  %gnice   %idle
05:48:31 PM    0   67.68    0.00   25.25    0.00    0.00    6.06    0.00    0.00    0.00    1.01

05:48:31 PM  CPU    %usr   %nice    %sys %iowait    %irq   %soft  %steal  %guest  %gnice   %idle
05:48:32 PM    0   65.69    0.00   24.51    0.00    0.00    8.82    0.00    0.00    0.00    0.98

05:48:32 PM  CPU    %usr   %nice    %sys %iowait    %irq   %soft  %steal  %guest  %gnice   %idle
05:48:33 PM    0   62.63    0.00   27.27    0.00    0.00    9.09    0.00    0.00    0.00    1.01

05:48:33 PM  CPU    %usr   %nice    %sys %iowait    %irq   %soft  %steal  %guest  %gnice   %idle
05:48:34 PM    0   65.69    0.00   26.47    0.00    0.00    6.86    0.00    0.00    0.00    0.98

05:48:34 PM  CPU    %usr   %nice    %sys %iowait    %irq   %soft  %steal  %guest  %gnice   %idle
05:48:35 PM    0   69.70    0.00   21.21    0.00    0.00    8.08    0.00    0.00    0.00    1.01

05:48:35 PM  CPU    %usr   %nice    %sys %iowait    %irq   %soft  %steal  %guest  %gnice   %idle
05:48:36 PM    0   69.70    0.00   24.24    0.00    0.00    6.06    0.00    0.00    0.00    0.00

05:48:36 PM  CPU    %usr   %nice    %sys %iowait    %irq   %soft  %steal  %guest  %gnice   %idle
05:48:37 PM    0   69.70    0.00   23.23    0.00    0.00    6.06    0.00    0.00    0.00    1.01

05:48:37 PM  CPU    %usr   %nice    %sys %iowait    %irq   %soft  %steal  %guest  %gnice   %idle
05:48:38 PM    0   70.30    0.00   21.78    0.00    0.00    5.94    0.00    0.00    0.00    1.98

05:48:38 PM  CPU    %usr   %nice    %sys %iowait    %irq   %soft  %steal  %guest  %gnice   %idle
05:48:39 PM    0   67.68    0.00   26.26    0.00    0.00    4.04    0.00    0.00    0.00    2.02

05:48:39 PM  CPU    %usr   %nice    %sys %iowait    %irq   %soft  %steal  %guest  %gnice   %idle
05:48:40 PM    0   73.00    0.00   20.00    0.00    0.00    6.00    0.00    0.00    0.00    1.00

05:48:40 PM  CPU    %usr   %nice    %sys %iowait    %irq   %soft  %steal  %guest  %gnice   %idle
05:48:41 PM    0   66.34    0.00   27.72    0.00    0.00    5.94    0.00    0.00    0.00    0.00

05:48:41 PM  CPU    %usr   %nice    %sys %iowait    %irq   %soft  %steal  %guest  %gnice   %idle
05:48:42 PM    0   63.00    0.00   30.00    0.00    0.00    6.00    0.00    0.00    0.00    1.00

05:48:42 PM  CPU    %usr   %nice    %sys %iowait    %irq   %soft  %steal  %guest  %gnice   %idle
05:48:43 PM    0   75.76    0.00   20.20    0.00    0.00    4.04    0.00    0.00    0.00    0.00

05:48:43 PM  CPU    %usr   %nice    %sys %iowait    %irq   %soft  %steal  %guest  %gnice   %idle
05:48:44 PM    0   64.36    0.00   24.75    0.00    0.00    8.91    0.00    0.00    0.00    1.98

05:48:44 PM  CPU    %usr   %nice    %sys %iowait    %irq   %soft  %steal  %guest  %gnice   %idle
05:48:45 PM    0   65.31    0.00   30.61    0.00    0.00    3.06    0.00    0.00    0.00    1.02

05:48:45 PM  CPU    %usr   %nice    %sys %iowait    %irq   %soft  %steal  %guest  %gnice   %idle
05:48:46 PM    0   62.63    0.00   31.31    0.00    0.00    5.05    0.00    0.00    0.00    1.01

05:48:46 PM  CPU    %usr   %nice    %sys %iowait    %irq   %soft  %steal  %guest  %gnice   %idle
05:48:47 PM    0   62.75    0.00   26.47    0.00    0.00    9.80    0.00    0.00    0.00    0.98

05:48:47 PM  CPU    %usr   %nice    %sys %iowait    %irq   %soft  %steal  %guest  %gnice   %idle
05:48:48 PM    0   67.68    0.00   28.28    0.00    0.00    4.04    0.00    0.00    0.00    0.00

05:48:48 PM  CPU    %usr   %nice    %sys %iowait    %irq   %soft  %steal  %guest  %gnice   %idle
05:48:49 PM    0   68.69    0.00   23.23    0.00    0.00    8.08    0.00    0.00    0.00    0.00

05:48:49 PM  CPU    %usr   %nice    %sys %iowait    %irq   %soft  %steal  %guest  %gnice   %idle
05:48:50 PM    0   65.00    0.00   28.00    0.00    0.00    6.00    0.00    0.00    0.00    1.00

05:48:50 PM  CPU    %usr   %nice    %sys %iowait    %irq   %soft  %steal  %guest  %gnice   %idle
05:48:51 PM    0   64.36    0.00   28.71    0.00    0.00    5.94    0.00    0.00    0.00    0.99

05:48:51 PM  CPU    %usr   %nice    %sys %iowait    %irq   %soft  %steal  %guest  %gnice   %idle
05:48:52 PM    0   67.68    0.00   28.28    0.00    0.00    3.03    0.00    0.00    0.00    1.01

05:48:52 PM  CPU    %usr   %nice    %sys %iowait    %irq   %soft  %steal  %guest  %gnice   %idle
05:48:53 PM    0   68.69    0.00   25.25    0.00    0.00    6.06    0.00    0.00    0.00    0.00

05:48:53 PM  CPU    %usr   %nice    %sys %iowait    %irq   %soft  %steal  %guest  %gnice   %idle
05:48:54 PM    0   69.31    0.00   20.79    0.00    0.00    8.91    0.00    0.00    0.00    0.99

05:48:54 PM  CPU    %usr   %nice    %sys %iowait    %irq   %soft  %steal  %guest  %gnice   %idle
05:48:55 PM    0   62.00    0.00   30.00    0.00    0.00    7.00    0.00    0.00    0.00    1.00

05:48:55 PM  CPU    %usr   %nice    %sys %iowait    %irq   %soft  %steal  %guest  %gnice   %idle
05:48:56 PM    0   64.00    0.00   28.00    0.00    0.00    7.00    0.00    0.00    0.00    1.00

05:48:56 PM  CPU    %usr   %nice    %sys %iowait    %irq   %soft  %steal  %guest  %gnice   %idle
05:48:57 PM    0   66.34    0.00   25.74    0.00    0.00    6.93    0.00    0.00    0.00    0.99

05:48:57 PM  CPU    %usr   %nice    %sys %iowait    %irq   %soft  %steal  %guest  %gnice   %idle
05:48:58 PM    0   70.71    0.00   22.22    0.00    0.00    7.07    0.00    0.00    0.00    0.00

05:48:58 PM  CPU    %usr   %nice    %sys %iowait    %irq   %soft  %steal  %guest  %gnice   %idle
05:48:59 PM    0   70.59    0.00   22.55    0.00    0.00    5.88    0.00    0.00    0.00    0.98

05:48:59 PM  CPU    %usr   %nice    %sys %iowait    %irq   %soft  %steal  %guest  %gnice   %idle
05:49:00 PM    0   65.66    0.00   28.28    0.00    0.00    5.05    0.00    0.00    0.00    1.01

05:49:00 PM  CPU    %usr   %nice    %sys %iowait    %irq   %soft  %steal  %guest  %gnice   %idle
05:49:01 PM    0   67.00    0.00   29.00    0.00    0.00    4.00    0.00    0.00    0.00    0.00

05:49:01 PM  CPU    %usr   %nice    %sys %iowait    %irq   %soft  %steal  %guest  %gnice   %idle
05:49:02 PM    0   66.00    0.00   29.00    0.00    0.00    4.00    0.00    0.00    0.00    1.00

05:49:02 PM  CPU    %usr   %nice    %sys %iowait    %irq   %soft  %steal  %guest  %gnice   %idle
05:49:03 PM    0   65.00    0.00   26.00    0.00    0.00    9.00    0.00    0.00    0.00    0.00

05:49:03 PM  CPU    %usr   %nice    %sys %iowait    %irq   %soft  %steal  %guest  %gnice   %idle
05:49:04 PM    0   68.69    0.00   24.24    0.00    0.00    5.05    0.00    0.00    0.00    2.02

05:49:04 PM  CPU    %usr   %nice    %sys %iowait    %irq   %soft  %steal  %guest  %gnice   %idle
05:49:05 PM    0   69.31    0.00   22.77    0.00    0.00    5.94    0.00    0.00    0.00    1.98

05:49:05 PM  CPU    %usr   %nice    %sys %iowait    %irq   %soft  %steal  %guest  %gnice   %idle
05:49:06 PM    0   61.62    0.00   32.32    0.00    0.00    5.05    0.00    0.00    0.00    1.01

05:49:06 PM  CPU    %usr   %nice    %sys %iowait    %irq   %soft  %steal  %guest  %gnice   %idle
05:49:07 PM    0   65.00    0.00   27.00    0.00    0.00    5.00    0.00    0.00    0.00    3.00

05:49:07 PM  CPU    %usr   %nice    %sys %iowait    %irq   %soft  %steal  %guest  %gnice   %idle
05:49:08 PM    0   62.00    0.00   31.00    0.00    0.00    6.00    0.00    0.00    0.00    1.00

05:49:08 PM  CPU    %usr   %nice    %sys %iowait    %irq   %soft  %steal  %guest  %gnice   %idle
05:49:09 PM    0   70.00    0.00   24.00    0.00    0.00    4.00    0.00    0.00    0.00    2.00

05:49:09 PM  CPU    %usr   %nice    %sys %iowait    %irq   %soft  %steal  %guest  %gnice   %idle
05:49:10 PM    0   67.33    0.00   23.76    0.00    0.00    5.94    0.00    0.00    0.00    2.97

05:49:10 PM  CPU    %usr   %nice    %sys %iowait    %irq   %soft  %steal  %guest  %gnice   %idle
05:49:11 PM    0   64.36    0.00   26.73    0.00    0.00    6.93    0.00    0.00    0.00    1.98

05:49:11 PM  CPU    %usr   %nice    %sys %iowait    %irq   %soft  %steal  %guest  %gnice   %idle
05:49:12 PM    0   65.35    0.00   25.74    0.00    0.00    5.94    0.00    0.00    0.00    2.97

05:49:12 PM  CPU    %usr   %nice    %sys %iowait    %irq   %soft  %steal  %guest  %gnice   %idle
05:49:13 PM    0   67.33    0.00   24.75    0.00    0.00    5.94    0.00    0.00    0.00    1.98

05:49:13 PM  CPU    %usr   %nice    %sys %iowait    %irq   %soft  %steal  %guest  %gnice   %idle
05:49:14 PM    0   59.00    0.00   32.00    0.00    0.00    8.00    0.00    0.00    0.00    1.00

05:49:14 PM  CPU    %usr   %nice    %sys %iowait    %irq   %soft  %steal  %guest  %gnice   %idle
05:49:15 PM    0   66.34    0.00   26.73    0.00    0.00    5.94    0.00    0.00    0.00    0.99

05:49:15 PM  CPU    %usr   %nice    %sys %iowait    %irq   %soft  %steal  %guest  %gnice   %idle
05:49:16 PM    0   63.00    0.00   27.00    0.00    0.00    9.00    0.00    0.00    0.00    1.00

05:49:16 PM  CPU    %usr   %nice    %sys %iowait    %irq   %soft  %steal  %guest  %gnice   %idle
05:49:17 PM    0   65.00    0.00   24.00    0.00    0.00    9.00    0.00    0.00    0.00    2.00

05:49:17 PM  CPU    %usr   %nice    %sys %iowait    %irq   %soft  %steal  %guest  %gnice   %idle
05:49:18 PM    0   62.38    0.00   29.70    0.00    0.00    6.93    0.00    0.00    0.00    0.99

05:49:18 PM  CPU    %usr   %nice    %sys %iowait    %irq   %soft  %steal  %guest  %gnice   %idle
05:49:19 PM    0   64.00    0.00   30.00    0.00    0.00    5.00    0.00    0.00    0.00    1.00

05:49:19 PM  CPU    %usr   %nice    %sys %iowait    %irq   %soft  %steal  %guest  %gnice   %idle
05:49:20 PM    0   61.62    0.00   33.33    0.00    0.00    5.05    0.00    0.00    0.00    0.00

05:49:20 PM  CPU    %usr   %nice    %sys %iowait    %irq   %soft  %steal  %guest  %gnice   %idle
05:49:21 PM    0   62.75    0.00   27.45    0.00    0.00    7.84    0.00    0.00    0.00    1.96

05:49:21 PM  CPU    %usr   %nice    %sys %iowait    %irq   %soft  %steal  %guest  %gnice   %idle
05:49:22 PM    0   65.66    0.00   26.26    0.00    0.00    7.07    0.00    0.00    0.00    1.01

05:49:22 PM  CPU    %usr   %nice    %sys %iowait    %irq   %soft  %steal  %guest  %gnice   %idle
05:49:23 PM    0   70.30    0.00   22.77    0.00    0.00    5.94    0.00    0.00    0.00    0.99

05:49:23 PM  CPU    %usr   %nice    %sys %iowait    %irq   %soft  %steal  %guest  %gnice   %idle
05:49:24 PM    0   63.64    0.00   28.28    0.00    0.00    7.07    0.00    0.00    0.00    1.01

05:49:24 PM  CPU    %usr   %nice    %sys %iowait    %irq   %soft  %steal  %guest  %gnice   %idle
05:49:25 PM    0   72.00    0.00   20.00    0.00    0.00    7.00    0.00    0.00    0.00    1.00

05:49:25 PM  CPU    %usr   %nice    %sys %iowait    %irq   %soft  %steal  %guest  %gnice   %idle
05:49:26 PM    0   66.67    0.00   26.26    0.00    0.00    7.07    0.00    0.00    0.00    0.00

05:49:26 PM  CPU    %usr   %nice    %sys %iowait    %irq   %soft  %steal  %guest  %gnice   %idle
05:49:27 PM    0   66.00    0.00   27.00    0.00    0.00    6.00    0.00    0.00    0.00    1.00

05:49:27 PM  CPU    %usr   %nice    %sys %iowait    %irq   %soft  %steal  %guest  %gnice   %idle
05:49:28 PM    0   62.00    0.00   29.00    0.00    0.00    8.00    0.00    0.00    0.00    1.00

05:49:28 PM  CPU    %usr   %nice    %sys %iowait    %irq   %soft  %steal  %guest  %gnice   %idle
05:49:29 PM    0   63.37    0.00   28.71    0.00    0.00    6.93    0.00    0.00    0.00    0.99

05:49:29 PM  CPU    %usr   %nice    %sys %iowait    %irq   %soft  %steal  %guest  %gnice   %idle
05:49:30 PM    0   64.29    0.00   29.59    0.00    0.00    5.10    0.00    0.00    0.00    1.02

05:49:30 PM  CPU    %usr   %nice    %sys %iowait    %irq   %soft  %steal  %guest  %gnice   %idle
05:49:31 PM    0   67.00    0.00   27.00    0.00    0.00    5.00    0.00    0.00    0.00    1.00

05:49:31 PM  CPU    %usr   %nice    %sys %iowait    %irq   %soft  %steal  %guest  %gnice   %idle
05:49:32 PM    0   66.00    0.00   25.00    0.00    0.00    8.00    0.00    0.00    0.00    1.00

05:49:32 PM  CPU    %usr   %nice    %sys %iowait    %irq   %soft  %steal  %guest  %gnice   %idle
05:49:33 PM    0   69.00    0.00   26.00    0.00    0.00    4.00    0.00    0.00    0.00    1.00

05:49:33 PM  CPU    %usr   %nice    %sys %iowait    %irq   %soft  %steal  %guest  %gnice   %idle
05:49:34 PM    0   65.66    0.00   26.26    0.00    0.00    7.07    0.00    0.00    0.00    1.01

05:49:34 PM  CPU    %usr   %nice    %sys %iowait    %irq   %soft  %steal  %guest  %gnice   %idle
05:49:35 PM    0   67.35    0.00   27.55    0.00    0.00    5.10    0.00    0.00    0.00    0.00

Average:     CPU    %usr   %nice    %sys %iowait    %irq   %soft  %steal  %guest  %gnice   %idle
Average:       0   66.07    0.00   26.65    0.00    0.00    6.24    0.00    0.00    0.00    1.03
