Linux 5.3.0-61-generic (cw-zenbook) 	07/16/2020 	_x86_64_	(8 CPU)

05:10:56 PM  CPU    %usr   %nice    %sys %iowait    %irq   %soft  %steal  %guest  %gnice   %idle
05:10:57 PM    0   56.12    0.00   16.33    0.00    0.00    7.14    0.00    0.00    0.00   20.41

05:10:57 PM  CPU    %usr   %nice    %sys %iowait    %irq   %soft  %steal  %guest  %gnice   %idle
05:10:58 PM    0   50.00    0.00   23.53    0.00    0.00    4.90    0.00    0.00    0.00   21.57

05:10:58 PM  CPU    %usr   %nice    %sys %iowait    %irq   %soft  %steal  %guest  %gnice   %idle
05:10:59 PM    0   56.57    0.00   18.18    0.00    0.00    4.04    0.00    0.00    0.00   21.21

05:10:59 PM  CPU    %usr   %nice    %sys %iowait    %irq   %soft  %steal  %guest  %gnice   %idle
05:11:00 PM    0   50.50    0.00   21.78    0.00    0.00    4.95    0.00    0.00    0.00   22.77

05:11:00 PM  CPU    %usr   %nice    %sys %iowait    %irq   %soft  %steal  %guest  %gnice   %idle
05:11:01 PM    0   48.48    0.00   25.25    0.00    0.00    5.05    0.00    0.00    0.00   21.21

05:11:01 PM  CPU    %usr   %nice    %sys %iowait    %irq   %soft  %steal  %guest  %gnice   %idle
05:11:02 PM    0   50.51    0.00   22.22    0.00    0.00    8.08    0.00    0.00    0.00   19.19

05:11:02 PM  CPU    %usr   %nice    %sys %iowait    %irq   %soft  %steal  %guest  %gnice   %idle
05:11:03 PM    0   53.54    0.00   20.20    0.00    0.00    6.06    0.00    0.00    0.00   20.20

05:11:03 PM  CPU    %usr   %nice    %sys %iowait    %irq   %soft  %steal  %guest  %gnice   %idle
05:11:04 PM    0   57.43    0.00   19.80    0.00    0.00    2.97    0.00    0.00    0.00   19.80

05:11:04 PM  CPU    %usr   %nice    %sys %iowait    %irq   %soft  %steal  %guest  %gnice   %idle
05:11:05 PM    0   53.12    0.00   23.96    0.00    0.00    2.08    0.00    0.00    0.00   20.83

05:11:05 PM  CPU    %usr   %nice    %sys %iowait    %irq   %soft  %steal  %guest  %gnice   %idle
05:11:06 PM    0   50.51    0.00   24.24    0.00    0.00    6.06    0.00    0.00    0.00   19.19

05:11:06 PM  CPU    %usr   %nice    %sys %iowait    %irq   %soft  %steal  %guest  %gnice   %idle
05:11:07 PM    0   47.52    0.00   23.76    0.00    0.00    7.92    0.00    0.00    0.00   20.79

05:11:07 PM  CPU    %usr   %nice    %sys %iowait    %irq   %soft  %steal  %guest  %gnice   %idle
05:11:08 PM    0   51.02    0.00   22.45    0.00    0.00    5.10    0.00    0.00    0.00   21.43

05:11:08 PM  CPU    %usr   %nice    %sys %iowait    %irq   %soft  %steal  %guest  %gnice   %idle
05:11:09 PM    0   53.54    0.00   19.19    0.00    0.00    6.06    0.00    0.00    0.00   21.21

05:11:09 PM  CPU    %usr   %nice    %sys %iowait    %irq   %soft  %steal  %guest  %gnice   %idle
05:11:10 PM    0   51.55    0.00   21.65    0.00    0.00    5.15    0.00    0.00    0.00   21.65

05:11:10 PM  CPU    %usr   %nice    %sys %iowait    %irq   %soft  %steal  %guest  %gnice   %idle
05:11:11 PM    0   50.50    0.00   21.78    0.00    0.00    6.93    0.00    0.00    0.00   20.79

05:11:11 PM  CPU    %usr   %nice    %sys %iowait    %irq   %soft  %steal  %guest  %gnice   %idle
05:11:12 PM    0   54.00    0.00   19.00    0.00    0.00    6.00    0.00    0.00    0.00   21.00

05:11:12 PM  CPU    %usr   %nice    %sys %iowait    %irq   %soft  %steal  %guest  %gnice   %idle
05:11:13 PM    0   55.10    0.00   20.41    0.00    0.00    4.08    0.00    0.00    0.00   20.41

05:11:13 PM  CPU    %usr   %nice    %sys %iowait    %irq   %soft  %steal  %guest  %gnice   %idle
05:11:14 PM    0   50.51    0.00   21.21    0.00    0.00    7.07    0.00    0.00    0.00   21.21

05:11:14 PM  CPU    %usr   %nice    %sys %iowait    %irq   %soft  %steal  %guest  %gnice   %idle
05:11:15 PM    0   48.48    0.00   24.24    0.00    0.00    5.05    0.00    0.00    0.00   22.22

05:11:15 PM  CPU    %usr   %nice    %sys %iowait    %irq   %soft  %steal  %guest  %gnice   %idle
05:11:16 PM    0   53.06    0.00   22.45    0.00    0.00    4.08    0.00    0.00    0.00   20.41

05:11:16 PM  CPU    %usr   %nice    %sys %iowait    %irq   %soft  %steal  %guest  %gnice   %idle
05:11:17 PM    0   52.53    0.00   22.22    0.00    0.00    5.05    0.00    0.00    0.00   20.20

05:11:17 PM  CPU    %usr   %nice    %sys %iowait    %irq   %soft  %steal  %guest  %gnice   %idle
05:11:18 PM    0   48.51    0.00   25.74    0.00    0.00    4.95    0.00    0.00    0.00   20.79

05:11:18 PM  CPU    %usr   %nice    %sys %iowait    %irq   %soft  %steal  %guest  %gnice   %idle
05:11:19 PM    0   51.52    0.00   22.22    0.00    0.00    7.07    0.00    0.00    0.00   19.19

05:11:19 PM  CPU    %usr   %nice    %sys %iowait    %irq   %soft  %steal  %guest  %gnice   %idle
05:11:20 PM    0   47.96    0.00   22.45    0.00    0.00    9.18    0.00    0.00    0.00   20.41

05:11:20 PM  CPU    %usr   %nice    %sys %iowait    %irq   %soft  %steal  %guest  %gnice   %idle
05:11:21 PM    0   54.00    0.00   21.00    0.00    0.00    4.00    0.00    0.00    0.00   21.00

05:11:21 PM  CPU    %usr   %nice    %sys %iowait    %irq   %soft  %steal  %guest  %gnice   %idle
05:11:22 PM    0   52.00    0.00   21.00    0.00    0.00    6.00    0.00    0.00    0.00   21.00

05:11:22 PM  CPU    %usr   %nice    %sys %iowait    %irq   %soft  %steal  %guest  %gnice   %idle
05:11:23 PM    0   47.47    0.00   24.24    0.00    0.00    7.07    0.00    0.00    0.00   21.21

05:11:23 PM  CPU    %usr   %nice    %sys %iowait    %irq   %soft  %steal  %guest  %gnice   %idle
05:11:24 PM    0   60.00    0.00   16.00    0.00    0.00    3.00    0.00    0.00    0.00   21.00

05:11:24 PM  CPU    %usr   %nice    %sys %iowait    %irq   %soft  %steal  %guest  %gnice   %idle
05:11:25 PM    0   50.00    0.00   23.00    0.00    0.00    6.00    0.00    0.00    0.00   21.00

05:11:25 PM  CPU    %usr   %nice    %sys %iowait    %irq   %soft  %steal  %guest  %gnice   %idle
05:11:26 PM    0   55.67    0.00   17.53    0.00    0.00    6.19    0.00    0.00    0.00   20.62

05:11:26 PM  CPU    %usr   %nice    %sys %iowait    %irq   %soft  %steal  %guest  %gnice   %idle
05:11:27 PM    0   54.37    0.00   20.39    0.00    0.00    4.85    0.00    0.00    0.00   20.39

05:11:27 PM  CPU    %usr   %nice    %sys %iowait    %irq   %soft  %steal  %guest  %gnice   %idle
05:11:28 PM    0   54.55    0.00   19.19    0.00    0.00    5.05    0.00    0.00    0.00   21.21

05:11:28 PM  CPU    %usr   %nice    %sys %iowait    %irq   %soft  %steal  %guest  %gnice   %idle
05:11:29 PM    0   53.61    0.00   17.53    0.00    0.00    8.25    0.00    0.00    0.00   20.62

05:11:29 PM  CPU    %usr   %nice    %sys %iowait    %irq   %soft  %steal  %guest  %gnice   %idle
05:11:30 PM    0   53.54    0.00   22.22    0.00    0.00    3.03    0.00    0.00    0.00   21.21

05:11:30 PM  CPU    %usr   %nice    %sys %iowait    %irq   %soft  %steal  %guest  %gnice   %idle
05:11:31 PM    0   52.53    0.00   19.19    0.00    0.00    7.07    0.00    0.00    0.00   21.21

05:11:31 PM  CPU    %usr   %nice    %sys %iowait    %irq   %soft  %steal  %guest  %gnice   %idle
05:11:32 PM    0   50.00    0.00   23.47    0.00    0.00    4.08    0.00    0.00    0.00   22.45

05:11:32 PM  CPU    %usr   %nice    %sys %iowait    %irq   %soft  %steal  %guest  %gnice   %idle
05:11:33 PM    0   46.53    0.00   25.74    0.00    0.00    7.92    0.00    0.00    0.00   19.80

05:11:33 PM  CPU    %usr   %nice    %sys %iowait    %irq   %soft  %steal  %guest  %gnice   %idle
05:11:34 PM    0   54.17    0.00   19.79    0.00    0.00    5.21    0.00    0.00    0.00   20.83

05:11:34 PM  CPU    %usr   %nice    %sys %iowait    %irq   %soft  %steal  %guest  %gnice   %idle
05:11:35 PM    0   50.50    0.00   24.75    0.00    0.00    4.95    0.00    0.00    0.00   19.80

05:11:35 PM  CPU    %usr   %nice    %sys %iowait    %irq   %soft  %steal  %guest  %gnice   %idle
05:11:36 PM    0   55.45    0.00   17.82    0.00    0.00    5.94    0.00    0.00    0.00   20.79

05:11:36 PM  CPU    %usr   %nice    %sys %iowait    %irq   %soft  %steal  %guest  %gnice   %idle
05:11:37 PM    0   50.00    0.00   23.00    0.00    0.00    6.00    0.00    0.00    0.00   21.00

05:11:37 PM  CPU    %usr   %nice    %sys %iowait    %irq   %soft  %steal  %guest  %gnice   %idle
05:11:38 PM    0   53.54    0.00   19.19    0.00    0.00    6.06    0.00    0.00    0.00   21.21

05:11:38 PM  CPU    %usr   %nice    %sys %iowait    %irq   %soft  %steal  %guest  %gnice   %idle
05:11:39 PM    0   50.98    0.00   21.57    0.00    0.00    5.88    0.00    0.00    0.00   21.57

05:11:39 PM  CPU    %usr   %nice    %sys %iowait    %irq   %soft  %steal  %guest  %gnice   %idle
05:11:40 PM    0   54.55    0.00   19.19    0.00    0.00    6.06    0.00    0.00    0.00   20.20

05:11:40 PM  CPU    %usr   %nice    %sys %iowait    %irq   %soft  %steal  %guest  %gnice   %idle
05:11:41 PM    0   53.00    0.00   18.00    0.00    0.00    7.00    0.00    0.00    0.00   22.00

05:11:41 PM  CPU    %usr   %nice    %sys %iowait    %irq   %soft  %steal  %guest  %gnice   %idle
05:11:42 PM    0   58.42    0.00   16.83    0.00    0.00    4.95    0.00    0.00    0.00   19.80

05:11:42 PM  CPU    %usr   %nice    %sys %iowait    %irq   %soft  %steal  %guest  %gnice   %idle
05:11:43 PM    0   51.04    0.00   20.83    0.00    0.00    6.25    0.00    0.00    0.00   21.88

05:11:43 PM  CPU    %usr   %nice    %sys %iowait    %irq   %soft  %steal  %guest  %gnice   %idle
05:11:44 PM    0   50.51    0.00   24.24    0.00    0.00    6.06    0.00    0.00    0.00   19.19

05:11:44 PM  CPU    %usr   %nice    %sys %iowait    %irq   %soft  %steal  %guest  %gnice   %idle
05:11:45 PM    0   50.98    0.00   24.51    0.00    0.00    4.90    0.00    0.00    0.00   19.61

05:11:45 PM  CPU    %usr   %nice    %sys %iowait    %irq   %soft  %steal  %guest  %gnice   %idle
05:11:46 PM    0   50.00    0.00   22.45    0.00    0.00    7.14    0.00    0.00    0.00   20.41

05:11:46 PM  CPU    %usr   %nice    %sys %iowait    %irq   %soft  %steal  %guest  %gnice   %idle
05:11:47 PM    0   53.00    0.00   20.00    0.00    0.00    6.00    0.00    0.00    0.00   21.00

05:11:47 PM  CPU    %usr   %nice    %sys %iowait    %irq   %soft  %steal  %guest  %gnice   %idle
05:11:48 PM    0   56.00    0.00   20.00    0.00    0.00    4.00    0.00    0.00    0.00   20.00

05:11:48 PM  CPU    %usr   %nice    %sys %iowait    %irq   %soft  %steal  %guest  %gnice   %idle
05:11:49 PM    0   53.00    0.00   21.00    0.00    0.00    5.00    0.00    0.00    0.00   21.00

05:11:49 PM  CPU    %usr   %nice    %sys %iowait    %irq   %soft  %steal  %guest  %gnice   %idle
05:11:50 PM    0   53.40    0.00   21.36    0.00    0.00    4.85    0.00    0.00    0.00   20.39

05:11:50 PM  CPU    %usr   %nice    %sys %iowait    %irq   %soft  %steal  %guest  %gnice   %idle
05:11:51 PM    0   53.61    0.00   21.65    0.00    0.00    4.12    0.00    0.00    0.00   20.62

05:11:51 PM  CPU    %usr   %nice    %sys %iowait    %irq   %soft  %steal  %guest  %gnice   %idle
05:11:52 PM    0   51.49    0.00   21.78    0.00    0.00    6.93    0.00    0.00    0.00   19.80

05:11:52 PM  CPU    %usr   %nice    %sys %iowait    %irq   %soft  %steal  %guest  %gnice   %idle
05:11:53 PM    0   51.96    0.00   23.53    0.00    0.00    4.90    0.00    0.00    0.00   19.61

05:11:53 PM  CPU    %usr   %nice    %sys %iowait    %irq   %soft  %steal  %guest  %gnice   %idle
05:11:54 PM    0   55.45    0.00   17.82    0.00    0.00    5.94    0.00    0.00    0.00   20.79

05:11:54 PM  CPU    %usr   %nice    %sys %iowait    %irq   %soft  %steal  %guest  %gnice   %idle
05:11:55 PM    0   58.59    0.00   15.15    0.00    0.00    6.06    0.00    0.00    0.00   20.20

05:11:55 PM  CPU    %usr   %nice    %sys %iowait    %irq   %soft  %steal  %guest  %gnice   %idle
05:11:56 PM    0   51.55    0.00   21.65    0.00    0.00    5.15    0.00    0.00    0.00   21.65

05:11:56 PM  CPU    %usr   %nice    %sys %iowait    %irq   %soft  %steal  %guest  %gnice   %idle
05:11:57 PM    0   54.55    0.00   21.21    0.00    0.00    4.04    0.00    0.00    0.00   20.20

05:11:57 PM  CPU    %usr   %nice    %sys %iowait    %irq   %soft  %steal  %guest  %gnice   %idle
05:11:58 PM    0   52.43    0.00   20.39    0.00    0.00    6.80    0.00    0.00    0.00   20.39

05:11:58 PM  CPU    %usr   %nice    %sys %iowait    %irq   %soft  %steal  %guest  %gnice   %idle
05:11:59 PM    0   53.00    0.00   19.00    0.00    0.00    7.00    0.00    0.00    0.00   21.00

05:11:59 PM  CPU    %usr   %nice    %sys %iowait    %irq   %soft  %steal  %guest  %gnice   %idle
05:12:00 PM    0   51.02    0.00   21.43    0.00    0.00    5.10    0.00    0.00    0.00   22.45

05:12:00 PM  CPU    %usr   %nice    %sys %iowait    %irq   %soft  %steal  %guest  %gnice   %idle
05:12:01 PM    0   53.47    0.00   22.77    0.00    0.00    3.96    0.00    0.00    0.00   19.80

05:12:01 PM  CPU    %usr   %nice    %sys %iowait    %irq   %soft  %steal  %guest  %gnice   %idle
05:12:02 PM    0   60.40    0.00   14.85    0.00    0.00    3.96    0.00    0.00    0.00   20.79

05:12:02 PM  CPU    %usr   %nice    %sys %iowait    %irq   %soft  %steal  %guest  %gnice   %idle
05:12:03 PM    0   55.00    0.00   20.00    0.00    0.00    5.00    0.00    0.00    0.00   20.00

05:12:03 PM  CPU    %usr   %nice    %sys %iowait    %irq   %soft  %steal  %guest  %gnice   %idle
05:12:04 PM    0   52.94    0.00   21.57    0.00    0.00    4.90    0.00    0.00    0.00   20.59

05:12:04 PM  CPU    %usr   %nice    %sys %iowait    %irq   %soft  %steal  %guest  %gnice   %idle
05:12:05 PM    0   53.06    0.00   23.47    0.00    0.00    4.08    0.00    0.00    0.00   19.39

05:12:05 PM  CPU    %usr   %nice    %sys %iowait    %irq   %soft  %steal  %guest  %gnice   %idle
05:12:06 PM    0   45.54    0.00   23.76    0.00    0.00    8.91    0.00    0.00    0.00   21.78

05:12:06 PM  CPU    %usr   %nice    %sys %iowait    %irq   %soft  %steal  %guest  %gnice   %idle
05:12:07 PM    0   51.55    0.00   22.68    0.00    0.00    5.15    0.00    0.00    0.00   20.62

05:12:07 PM  CPU    %usr   %nice    %sys %iowait    %irq   %soft  %steal  %guest  %gnice   %idle
05:12:08 PM    0   52.04    0.00   21.43    0.00    0.00    5.10    0.00    0.00    0.00   21.43

05:12:08 PM  CPU    %usr   %nice    %sys %iowait    %irq   %soft  %steal  %guest  %gnice   %idle
05:12:09 PM    0   49.00    0.00   25.00    0.00    0.00    5.00    0.00    0.00    0.00   21.00

05:12:09 PM  CPU    %usr   %nice    %sys %iowait    %irq   %soft  %steal  %guest  %gnice   %idle
05:12:10 PM    0   45.92    0.00   24.49    0.00    0.00    8.16    0.00    0.00    0.00   21.43

05:12:10 PM  CPU    %usr   %nice    %sys %iowait    %irq   %soft  %steal  %guest  %gnice   %idle
05:12:11 PM    0   48.04    0.00   24.51    0.00    0.00    6.86    0.00    0.00    0.00   20.59

05:12:11 PM  CPU    %usr   %nice    %sys %iowait    %irq   %soft  %steal  %guest  %gnice   %idle
05:12:12 PM    0   50.98    0.00   22.55    0.00    0.00    5.88    0.00    0.00    0.00   20.59

05:12:12 PM  CPU    %usr   %nice    %sys %iowait    %irq   %soft  %steal  %guest  %gnice   %idle
05:12:13 PM    0   52.53    0.00   19.19    0.00    0.00    7.07    0.00    0.00    0.00   21.21

05:12:13 PM  CPU    %usr   %nice    %sys %iowait    %irq   %soft  %steal  %guest  %gnice   %idle
05:12:14 PM    0   53.54    0.00   21.21    0.00    0.00    4.04    0.00    0.00    0.00   21.21

05:12:14 PM  CPU    %usr   %nice    %sys %iowait    %irq   %soft  %steal  %guest  %gnice   %idle
05:12:15 PM    0   51.55    0.00   21.65    0.00    0.00    6.19    0.00    0.00    0.00   20.62

05:12:15 PM  CPU    %usr   %nice    %sys %iowait    %irq   %soft  %steal  %guest  %gnice   %idle
05:12:16 PM    0   52.04    0.00   21.43    0.00    0.00    6.12    0.00    0.00    0.00   20.41

05:12:16 PM  CPU    %usr   %nice    %sys %iowait    %irq   %soft  %steal  %guest  %gnice   %idle
05:12:17 PM    0   53.06    0.00   20.41    0.00    0.00    5.10    0.00    0.00    0.00   21.43

05:12:17 PM  CPU    %usr   %nice    %sys %iowait    %irq   %soft  %steal  %guest  %gnice   %idle
05:12:18 PM    0   57.43    0.00   19.80    0.00    0.00    1.98    0.00    0.00    0.00   20.79

05:12:18 PM  CPU    %usr   %nice    %sys %iowait    %irq   %soft  %steal  %guest  %gnice   %idle
05:12:19 PM    0   49.49    0.00   23.23    0.00    0.00    7.07    0.00    0.00    0.00   20.20

05:12:19 PM  CPU    %usr   %nice    %sys %iowait    %irq   %soft  %steal  %guest  %gnice   %idle
05:12:20 PM    0   50.52    0.00   23.71    0.00    0.00    4.12    0.00    0.00    0.00   21.65

05:12:20 PM  CPU    %usr   %nice    %sys %iowait    %irq   %soft  %steal  %guest  %gnice   %idle
05:12:21 PM    0   52.53    0.00   18.18    0.00    0.00    8.08    0.00    0.00    0.00   21.21

05:12:21 PM  CPU    %usr   %nice    %sys %iowait    %irq   %soft  %steal  %guest  %gnice   %idle
05:12:22 PM    0   51.46    0.00   22.33    0.00    0.00    5.83    0.00    0.00    0.00   20.39

05:12:22 PM  CPU    %usr   %nice    %sys %iowait    %irq   %soft  %steal  %guest  %gnice   %idle
05:12:23 PM    0   50.51    0.00   25.25    0.00    0.00    4.04    0.00    0.00    0.00   20.20

05:12:23 PM  CPU    %usr   %nice    %sys %iowait    %irq   %soft  %steal  %guest  %gnice   %idle
05:12:24 PM    0   50.00    0.00   21.00    0.00    0.00    9.00    0.00    0.00    0.00   20.00

05:12:24 PM  CPU    %usr   %nice    %sys %iowait    %irq   %soft  %steal  %guest  %gnice   %idle
05:12:25 PM    0   52.53    0.00   22.22    0.00    0.00    5.05    0.00    0.00    0.00   20.20

05:12:25 PM  CPU    %usr   %nice    %sys %iowait    %irq   %soft  %steal  %guest  %gnice   %idle
05:12:26 PM    0   55.00    0.00   18.00    0.00    0.00    6.00    0.00    0.00    0.00   21.00

05:12:26 PM  CPU    %usr   %nice    %sys %iowait    %irq   %soft  %steal  %guest  %gnice   %idle
05:12:27 PM    0   51.55    0.00   22.68    0.00    0.00    5.15    0.00    0.00    0.00   20.62

05:12:27 PM  CPU    %usr   %nice    %sys %iowait    %irq   %soft  %steal  %guest  %gnice   %idle
05:12:28 PM    0   50.00    0.00   21.88    0.00    0.00    6.25    0.00    0.00    0.00   21.88

05:12:28 PM  CPU    %usr   %nice    %sys %iowait    %irq   %soft  %steal  %guest  %gnice   %idle
05:12:29 PM    0   50.00    0.00   23.47    0.00    0.00    5.10    0.00    0.00    0.00   21.43

05:12:29 PM  CPU    %usr   %nice    %sys %iowait    %irq   %soft  %steal  %guest  %gnice   %idle
05:12:30 PM    0   50.50    0.00   21.78    0.00    0.00    7.92    0.00    0.00    0.00   19.80

05:12:30 PM  CPU    %usr   %nice    %sys %iowait    %irq   %soft  %steal  %guest  %gnice   %idle
05:12:31 PM    0   55.21    0.00   19.79    0.00    0.00    4.17    0.00    0.00    0.00   20.83

05:12:31 PM  CPU    %usr   %nice    %sys %iowait    %irq   %soft  %steal  %guest  %gnice   %idle
05:12:32 PM    0   55.00    0.00   18.00    0.00    0.00    6.00    0.00    0.00    0.00   21.00

05:12:32 PM  CPU    %usr   %nice    %sys %iowait    %irq   %soft  %steal  %guest  %gnice   %idle
05:12:33 PM    0   54.00    0.00   21.00    0.00    0.00    4.00    0.00    0.00    0.00   21.00

05:12:33 PM  CPU    %usr   %nice    %sys %iowait    %irq   %soft  %steal  %guest  %gnice   %idle
05:12:34 PM    0   55.56    0.00   19.19    0.00    0.00    4.04    0.00    0.00    0.00   21.21

05:12:34 PM  CPU    %usr   %nice    %sys %iowait    %irq   %soft  %steal  %guest  %gnice   %idle
05:12:35 PM    0   56.00    0.00   19.00    0.00    0.00    4.00    0.00    0.00    0.00   21.00

05:12:35 PM  CPU    %usr   %nice    %sys %iowait    %irq   %soft  %steal  %guest  %gnice   %idle
05:12:36 PM    0   52.00    0.00   23.00    0.00    0.00    4.00    0.00    0.00    0.00   21.00

05:12:36 PM  CPU    %usr   %nice    %sys %iowait    %irq   %soft  %steal  %guest  %gnice   %idle
05:12:37 PM    0   51.00    0.00   22.00    0.00    0.00    6.00    0.00    0.00    0.00   21.00

05:12:37 PM  CPU    %usr   %nice    %sys %iowait    %irq   %soft  %steal  %guest  %gnice   %idle
05:12:38 PM    0   56.44    0.00   18.81    0.00    0.00    4.95    0.00    0.00    0.00   19.80

05:12:38 PM  CPU    %usr   %nice    %sys %iowait    %irq   %soft  %steal  %guest  %gnice   %idle
05:12:39 PM    0   53.00    0.00   20.00    0.00    0.00    6.00    0.00    0.00    0.00   21.00

05:12:39 PM  CPU    %usr   %nice    %sys %iowait    %irq   %soft  %steal  %guest  %gnice   %idle
05:12:40 PM    0   55.10    0.00   17.35    0.00    0.00    5.10    0.00    0.00    0.00   22.45

05:12:40 PM  CPU    %usr   %nice    %sys %iowait    %irq   %soft  %steal  %guest  %gnice   %idle
05:12:41 PM    0   55.10    0.00   18.37    0.00    0.00    6.12    0.00    0.00    0.00   20.41

05:12:41 PM  CPU    %usr   %nice    %sys %iowait    %irq   %soft  %steal  %guest  %gnice   %idle
05:12:42 PM    0   47.52    0.00   28.71    0.00    0.00    2.97    0.00    0.00    0.00   20.79

05:12:42 PM  CPU    %usr   %nice    %sys %iowait    %irq   %soft  %steal  %guest  %gnice   %idle
05:12:43 PM    0   55.67    0.00   18.56    0.00    0.00    5.15    0.00    0.00    0.00   20.62

05:12:43 PM  CPU    %usr   %nice    %sys %iowait    %irq   %soft  %steal  %guest  %gnice   %idle
05:12:44 PM    0   53.06    0.00   22.45    0.00    0.00    3.06    0.00    0.00    0.00   21.43

05:12:44 PM  CPU    %usr   %nice    %sys %iowait    %irq   %soft  %steal  %guest  %gnice   %idle
05:12:45 PM    0   54.08    0.00   19.39    0.00    0.00    6.12    0.00    0.00    0.00   20.41

05:12:45 PM  CPU    %usr   %nice    %sys %iowait    %irq   %soft  %steal  %guest  %gnice   %idle
05:12:46 PM    0   54.90    0.00   20.59    0.00    0.00    4.90    0.00    0.00    0.00   19.61

05:12:46 PM  CPU    %usr   %nice    %sys %iowait    %irq   %soft  %steal  %guest  %gnice   %idle
05:12:47 PM    0   54.46    0.00   18.81    0.00    0.00    5.94    0.00    0.00    0.00   20.79

05:12:47 PM  CPU    %usr   %nice    %sys %iowait    %irq   %soft  %steal  %guest  %gnice   %idle
05:12:48 PM    0   54.00    0.00   19.00    0.00    0.00    6.00    0.00    0.00    0.00   21.00

05:12:48 PM  CPU    %usr   %nice    %sys %iowait    %irq   %soft  %steal  %guest  %gnice   %idle
05:12:49 PM    0   54.55    0.00   20.20    0.00    0.00    5.05    0.00    0.00    0.00   20.20

05:12:49 PM  CPU    %usr   %nice    %sys %iowait    %irq   %soft  %steal  %guest  %gnice   %idle
05:12:50 PM    0   52.04    0.00   22.45    0.00    0.00    5.10    0.00    0.00    0.00   20.41

05:12:50 PM  CPU    %usr   %nice    %sys %iowait    %irq   %soft  %steal  %guest  %gnice   %idle
05:12:51 PM    0   53.54    0.00   21.21    0.00    0.00    4.04    0.00    0.00    0.00   21.21

05:12:51 PM  CPU    %usr   %nice    %sys %iowait    %irq   %soft  %steal  %guest  %gnice   %idle
05:12:52 PM    0   54.00    0.00   20.00    0.00    0.00    5.00    0.00    0.00    0.00   21.00

05:12:52 PM  CPU    %usr   %nice    %sys %iowait    %irq   %soft  %steal  %guest  %gnice   %idle
05:12:53 PM    0   56.00    0.00   20.00    0.00    0.00    3.00    0.00    0.00    0.00   21.00

05:12:53 PM  CPU    %usr   %nice    %sys %iowait    %irq   %soft  %steal  %guest  %gnice   %idle
05:12:54 PM    0   52.94    0.00   22.55    0.00    0.00    3.92    0.00    0.00    0.00   20.59

05:12:54 PM  CPU    %usr   %nice    %sys %iowait    %irq   %soft  %steal  %guest  %gnice   %idle
05:12:55 PM    0   52.53    0.00   24.24    0.00    0.00    3.03    0.00    0.00    0.00   20.20

05:12:55 PM  CPU    %usr   %nice    %sys %iowait    %irq   %soft  %steal  %guest  %gnice   %idle
05:12:56 PM    0   55.00    0.00   21.00    0.00    0.00    4.00    0.00    0.00    0.00   20.00

Average:     CPU    %usr   %nice    %sys %iowait    %irq   %soft  %steal  %guest  %gnice   %idle
Average:       0   52.61    0.00   21.20    0.00    0.00    5.44    0.00    0.00    0.00   20.75
