2004
1997
1987
1988
1996
1987
1988
1993
2002
1990
1988
1997
1987
1988
2002
2001
1988
2001
2001
1988
1988
2001
1993
1987
2002
2001
1988
2001
1999
1988
1988
2001
1987
1988
1999
2001
1988
1988
2001
1988
1988
2001
2001
1988
2002
2001
1988
1988
2001
1988
1988
2001
2001
1988
2001
2001
1988
1988
2001
1988
1988
2001
2001
1988
2001
2001
1988
1988
2001
1987
1988
2001
2000
1988
2001
2000
1988
1988
2001
1987
1988
2000
2000
1988
1988
1999
1988
1988
2001
2000
1988
2001
2000
1988
1988
2001
1988
1988
2001
2029
1988
2000
1999
1988
1988
1998
1988
1988
2000
2002
1988
2000
1999
1988
1994
2002
1988
1988
2001
2000
1988
2000
2000
1988
1988
2000
1988
1988
2000
1999
1988
1999
2000
1988
1988
2001
1988
1989
1994
2001
1988
1988
1999
2001
1988
2001
2001
1988
1988
2001
1987
1988
2002
2001
1988
2001
2001
1988
1988
2001
1988
1988
2000
2000
1988
2000
2001
1988
1988
2001
1988
1988
2001
1988
1988
2001
2000
1988
2001
2000
1988
1988
2001
1988
1988
2001
2001
1988
2001
2000
1988
2001
2000
2148
2230
2116
2002
1988
2006
2001
1988
2007
1995
2001
1988
2001
2002
1988
1988
2001
2000
1988
2001
2000
1988
2001
2000
1988
1988
2001
1988
1988
2001
2000
1988
2001
2001
1988
1988
2001
1988
1988
1997
2002
1988
2002
2001
1988
2001
2001
1988
1988
2001
1988
1988
2001
1988
1988
2001
2001
1988
2001
2001
1988
1988
2001
1987
1988
2002
1988
1988
2001
2000
1988
2001
2000
1988
1988
2000
1987
1988
2001
2000
1988
2000
2000
1988
1988
2001
1988
1988
2000
1988
1988
2000
2000
1988
2000
1999
1988
1988
2001
1987
1988
1999
1988
1988
2000
1999
1988
1999
1999
1988
1988
1999
1987
1988
1999
1999
1988
2000
1999
1988
1999
1999
1988
1988
1999
1988
1988
1999
1999
1988
1999
1999
1988
1988
1999
1988
1988
2008
1988
1988
2000
2000
1988
2000
1999
1988
1988
2000
1988
1988
2001
2000
1991
1995
2001
1988
1988
2001
1988
1988
2000
1988
1988
2000
1999
1988
2000
1999
1988
1988
2000
1988
1988
2001
2000
1988
1995
2000
1988
1988
2002
1988
1988
2001
2000
1988
2001
2000
1988
2000
2000
1988
1988
2001
1988
1988
2001
2000
1988
2001
2000
1988
1988
2000
1988
1988
2001
1988
1988
2001
2000
1988
2001
2000
1988
1988
2000
1987
1988
2001
2000
1988
2000
2000
1988
2000
2000
1988
1988
2001
1988
1988
2001
2000
1988
2000
1999
1988
1988
2001
1988
1988
2001
2000
1988
2000
2000
1988
2000
2000
1988
1988
2001
1988
1988
2001
1987
1988
2001
2000
1988
2000
1999
1988
1988
1999
1987
1999
1996
2000
1988
1999
2017
1988
1988
2002
1987
1988
2007
1999
1988
2000
1999
1988
1999
2000
1988
1988
2000
1988
1988
1999
2000
1988
1998
2000
1988
1988
2000
1988
1988
2001
2000
1988
1998
2000
1988
2001
2000
1988
1988
2000
1988
1988
2001
1987
1988
2000
1999
1988
2000
1999
1988
1988
2000
1988
1988
2000
2000
1988
2000
2000
1988
2005
2000
1988
1988
2000
1994
1988
2000
1987
1988
2000
1999
1988
1999
1999
1988
1988
1999
1988
1988
2001
1988
1988
1999
1999
1988
2000
1999
1988
1988
2000
1988
1988
2001
1988
1988
2000
2000
1988
2021
2000
1988
1988
2001
1988
1988
2000
2000
1988
2004
2001
1988
1989
2001
1988
1988
2002
2001
1988
2000
2000
1988
1988
2000
1988
1988
2000
1988
1988
2000
2000
1988
2000
2000
1988
1988
2001
1988
1988
2000
2000
1988
2001
2000
1988
1988
2000
1988
1988
2002
1988
1988
2001
2000
1988
2001
2000
1988
1988
2001
1988
1988
2002
2000
1988
2001
2000
1988
2002
2001
1988
1988
2000
1988
1988
2001
2000
1988
2001
2000
1988
1988
2000
1988
1988
1999
1999
1988
1999
1999
1988
1999
1998
1988
1988
1999
1987
1988
1999
1999
1988
1999
1999
1988
1988
1999
1988
1988
2000
1999
1988
1999
1999
1988
2000
1999
1988
1988
2001
1988
1988
2000
1999
1988
2000
1996
1988
1991
2000
1988
1988
2000
1999
1988
2000
1999
1988
1988
1999
1987
1988
2000
1987
1988
2001
1999
1988
2000
1999
1988
1988
2000
1988
1988
1999
1999
1988
2000
1999
1988
1988
2000
1988
1988
2001
1988
1988
2000
2001
1988
1999
1999
1988
1988
2001
1988
1988
2000
2000
1988
2000
1999
1988
1988
1999
1988
1988
2009
1990
1988
1999
2000
1988
2001
2046
1988
1988
2002
1988
1988
2000
2001
1988
2002
2001
2255
2223
2002
1987
1988
2003
1992
1988
2018
2001
1988
1988
2001
1988
1988
2002
1999
1988
2001
2000
1988
2007
2000
1988
1988
2001
1988
1988
2002
1987
1988
1999
2000
1988
2000
1998
1988
1988
2040
2000
1988
2002
2002
1988
1988
2000
1987
1988
2001
1987
1988
2000
2000
1988
2000
2000
1988
1988
2001
1987
1988
2001
1987
1988
2001
2000
1988
2000
2000
1988
1988
2001
1988
1988
2000
1987
1988
2000
1999
1988
2019
1999
1988
1988
2000
1988
1988
2000
1999
1988
1999
1999
1988
2000
1999
1988
1988
2000
1988
1988
2000
1988
1988
2000
1999
1988
1999
1999
1988
1988
1999
1988
1988
2000
1988
1988
2000
1999
1988
1999
2000
1988
1988
2000
1987
1988
2000
1988
1988
1998
2000
1988
1988
2001
1988
1988
2000
1988
1988
2000
1999
1988
2000
1999
1988
1988
2000
1988
1988
2001
2062
1987
2006
2007
1988
2001
2000
1987
1988
2000
2004
1988
2000
2000
1988
1988
2000
1987
1988
2000
1988
1988
2000
2006
1988
2000
1999
1988
1988
2000
1988
1988
1999
1988
1988
2000
1999
1988
1999
1999
1988
1988
1999
1988
1988
1999
1987
1988
1999
1999
1988
2000
1999
1988
1988
1999
1988
1988
2000
1999
1988
2000
1999
1988
1988
2000
1988
1988
1999
1999
1988
1999
1999
1988
2000
1999
1988
1988
1999
1999
1988
1999
1999
1988
2000
1999
1988
1988
2000
1987
1988
1993
1993
1987
1987
1993
1988
1988
2000
1999
1988
2000
1999
1988
1988
2000
1988
1988
1999
1988
1988
2000
1999
1988
2000
2000
1988
1991
2000
1988
1988
1999
2002
1988
2000
1999
1988
1999
1999
1988
1988
2000
1988
1988
1999
1988
1988
2000
1999
1988
2000
1999
1988
1988
1999
1987
1988
1999
1988
1988
1999
1999
1988
1999
1999
1988
1988
2000
1988
1988
2000
1988
1988
1999
1999
1988
1999
1999
1988
1988
1999
1988
1988
1999
1987
1988
2000
1999
1988
2000
2000
1988
1988
1999
1994
1987
1994
1995
1988
1987
1994
2000
1987
1988
1995
1988
1987
1994
2000
1988
1988
2000
1987
1988
2001
1999
1988
2000
2003
1988
1988
2000
1988
1988
2000
2000
1988
2000
2000
1988
1988
2001
1988
1988
2000
2002
1988
2000
2004
1988
1988
2017
1991
1988
2002
2026
1988
1988
2004
1987
1988
2000
2000
1988
2001
2000
1988
1988
2002
1988
1988
2002
2001
1988
2000
2000
1988
1988
2001
1988
1988
2000
2000
1988
2000
2000
1988
1988
2003
1987
1988
2001
2000
1988
2000
1999
1988
1988
2000
1988
1988
1999
1999
1988
2000
1999
1988
1988
2003
1988
1988
2000
1998
1988
2000
1999
1988
1988
1999
1988
1988
1999
1999
1988
1999
1999
1988
1988
2002
1988
1988
2008
1999
1988
2000
1998
1988
1988
2000
1988
1988
2000
1999
1988
2001
1999
1988
1988
1999
1988
1988
2000
1999
1988
2000
1999
1988
1988
2000
1987
1988
1999
1988
1988
1999
1999
1988
1991
1991
1989
1988
2000
1999
1988
1988
2000
1988
1988
2000
1999
1988
1999
1999
1988
2000
1999
1988
1988
2000
1987
1988
1999
1988
1988
1998
1999
1988
1988
1999
1988
1988
2000
1988
1988
2001
2000
1988
2000
1999
1994
1988
2000
1987
1988
1999
1988
1988
1999
1999
1988
1999
1999
1988
1988
2001
1988
1988
2000
1988
1988
1999
1999
1988
2000
1999
1988
1988
2000
1988
1988
1999
1988
1988
1999
2008
1988
1999
1999
2165
2231
2103
2003
1988
2007
2002
1990
2012
1995
1988
1988
2000
2000
1988
1988
1999
1988
1988
2000
1988
1988
2000
1997
1988
1988
2000
1988
1988
2000
1997
1988
2000
1999
1999
1998
1996
1987
1987
2002
2001
1988
1998
2000
1988
1988
2001
1987
1988
2001
2000
1988
2001
2000
1988
2005
2000
1988
1988
2001
1988
1988
2001
1988
1988
2001
2000
1988
2000
2000
1988
1988
2000
1988
1988
2001
1988
1988
2000
1999
1988
2000
2000
1988
1988
2000
1987
1988
2000
2000
1988
2001
2001
1988
2000
1999
1988
1988
2000
1988
1988
2000
2007
1988
2000
2000
1988
2000
1999
1988
1988
2000
1988
1988
2001
1988
1988
2001
2000
1988
2000
2000
1988
1988
2001
1988
1988
2000
1999
1988
2000
2000
1988
2000
2000
1988
1988
2000
1987
1988
2000
1988
1988
2000
2000
1988
2000
1999
1988
2000
1997
1987
1988
2004
1999
1988
2000
1999
1987
1988
2001
1988
1988
2000
1999
1988
1999
1999
1988
1988
2000
1987
1988
1999
1998
1988
2000
1999
1988
1999
1999
1988
1988
1999
1988
1988
2000
1987
1988
2000
1999
1988
1999
1999
1988
1988
2001
1988
1988
1999
1999
1988
2000
1999
1988
2000
1999
1988
1988
2000
1988
1988
2000
1988
1988
1999
1999
1988
1988
2000
1988
1988
2001
1999
1988
2001
1999
1988
1999
1998
1988
1988
1998
1988
1988
2000
1988
1988
1999
1998
1988
1999
1998
1988
1988
1999
1988
1988
1999
1988
1988
1999
1999
1988
1999
1999
1988
1988
1999
1988
1988
1999
1988
1988
2009
1996
1988
2016
2001
1987
1988
2000
1999
1988
2000
1999
1988
1988
1999
1988
1988
2001
1988
1988
1999
1999
1988
2000
1999
1988
1988
2000
1987
1988
2000
1999
1988
2000
1999
1988
2002
1999
1988
1988
2000
1988
1988
2000
1988
1988
1999
1997
1988
1999
1999
1988
1988
2000
1988
1988
2000
1988
1988
2000
1999
1988
1999
1999
1988
1988
1999
1988
1988
2000
1988
1988
2000
1999
1988
1999
1999
1988
1988
1999
1988
1988
2001
1987
1988
2000
1999
1988
2000
1999
1988
1988
2000
1988
1988
2002
1988
1988
1999
1999
1988
2000
1999
1988
1988
1999
1988
1988
2000
1987
1988
1999
1999
1988
1999
1999
1987
1988
2001
1988
1988
2000
2000
1988
1999
2000
1988
1988
1999
1988
1988
2001
1988
1988
1999
1999
1988
2000
1999
1988
1988
2000
1988
1988
2000
1988
1988
1999
1999
1988
2000
1999
1988
1988
2000
1988
1988
2001
1987
1988
1999
1999
1988
1999
1999
1988
1988
2000
1987
1988
2001
1988
1988
2000
1999
1988
1999
1999
1988
1988
2000
1988
1988
2000
1988
1988
1999
1999
1988
1999
1999
1988
1988
2000
1988
1988
1999
1990
1988
1999
1998
1988
1999
1998
1988
1988
1999
1988
1988
1999
1998
1988
1999
1998
1988
1999
1998
1988
1988
1999
1988
1988
1999
1998
1988
1999
1998
1988
1999
2000
1988
1987
2001
1999
1988
2000
1999
1988
1988
1999
1987
1988
1999
1987
1988
1999
1999
1988
2000
1999
1988
1988
2000
1988
1988
2000
1988
1988
1998
2000
1988
1988
1999
1988
1988
2001
1988
1988
2000
1999
1988
2000
1999
1988
1988
2001
1988
1988
2001
1988
1988
2000
1999
1988
1999
1999
1988
1988
1999
1988
1988
1999
1999
1988
1999
1999
1988
1988
2001
1987
1988
2000
1987
1988
1999
1999
1988
2000
1999
1988
1988
1999
1988
2036
2247
2187
1988
1988
2003
1987
1988
2009
1995
1988
1988
2001
1988
1988
2000
1999
1988
2000
1999
1988
1988
1998
1988
1988
1999
1988
1988
1997
1999
1988
2000
1999
1988
1988
1999
2001
1988
2001
2000
1988
1998
1999
1988
1988
2000
1988
1988
2000
1987
1988
2001
2000
1988
2000
1999
1988
1988
2001
1988
1988
1999
1988
1988
1999
1999
1988
1999
1999
1988
1988
2000
1988
1988
