Linux 5.3.0-61-generic (cw-zenbook) 	07/16/2020 	_x86_64_	(8 CPU)

12:02:02 PM  CPU    %usr   %nice    %sys %iowait    %irq   %soft  %steal  %guest  %gnice   %idle
12:02:03 PM    0   26.53    0.00    7.14    0.00    0.00    4.08    0.00    0.00    0.00   62.24

12:02:03 PM  CPU    %usr   %nice    %sys %iowait    %irq   %soft  %steal  %guest  %gnice   %idle
12:02:04 PM    0   23.23    0.00   11.11    0.00    0.00    3.03    0.00    0.00    0.00   62.63

12:02:04 PM  CPU    %usr   %nice    %sys %iowait    %irq   %soft  %steal  %guest  %gnice   %idle
12:02:05 PM    0   30.39    0.00    6.86    0.00    0.00    2.94    0.00    0.00    0.00   59.80

12:02:05 PM  CPU    %usr   %nice    %sys %iowait    %irq   %soft  %steal  %guest  %gnice   %idle
12:02:06 PM    0   25.25    0.00    9.09    0.00    0.00    4.04    0.00    0.00    0.00   61.62

12:02:06 PM  CPU    %usr   %nice    %sys %iowait    %irq   %soft  %steal  %guest  %gnice   %idle
12:02:07 PM    0   24.24    0.00   10.10    0.00    0.00    4.04    0.00    0.00    0.00   61.62

12:02:07 PM  CPU    %usr   %nice    %sys %iowait    %irq   %soft  %steal  %guest  %gnice   %idle
12:02:08 PM    0   25.49    0.00   11.76    0.00    0.00    1.96    0.00    0.00    0.00   60.78

12:02:08 PM  CPU    %usr   %nice    %sys %iowait    %irq   %soft  %steal  %guest  %gnice   %idle
12:02:09 PM    0   25.51    0.00    9.18    0.00    0.00    3.06    0.00    0.00    0.00   62.24

12:02:09 PM  CPU    %usr   %nice    %sys %iowait    %irq   %soft  %steal  %guest  %gnice   %idle
12:02:10 PM    0   23.71    0.00   12.37    0.00    0.00    2.06    0.00    0.00    0.00   61.86

12:02:10 PM  CPU    %usr   %nice    %sys %iowait    %irq   %soft  %steal  %guest  %gnice   %idle
12:02:11 PM    0   25.51    0.00   10.20    0.00    0.00    3.06    0.00    0.00    0.00   61.22

12:02:11 PM  CPU    %usr   %nice    %sys %iowait    %irq   %soft  %steal  %guest  %gnice   %idle
12:02:12 PM    0   25.25    0.00    9.09    0.00    0.00    3.03    0.00    0.00    0.00   62.63

12:02:12 PM  CPU    %usr   %nice    %sys %iowait    %irq   %soft  %steal  %guest  %gnice   %idle
12:02:13 PM    0   27.27    0.00    8.08    0.00    0.00    2.02    0.00    0.00    0.00   62.63

12:02:13 PM  CPU    %usr   %nice    %sys %iowait    %irq   %soft  %steal  %guest  %gnice   %idle
12:02:14 PM    0   23.00    0.00   12.00    0.00    0.00    4.00    0.00    0.00    0.00   61.00

12:02:14 PM  CPU    %usr   %nice    %sys %iowait    %irq   %soft  %steal  %guest  %gnice   %idle
12:02:15 PM    0   28.00    0.00    7.00    0.00    0.00    3.00    0.00    0.00    0.00   62.00

12:02:15 PM  CPU    %usr   %nice    %sys %iowait    %irq   %soft  %steal  %guest  %gnice   %idle
12:02:16 PM    0   28.00    0.00    9.00    0.00    0.00    2.00    0.00    0.00    0.00   61.00

12:02:16 PM  CPU    %usr   %nice    %sys %iowait    %irq   %soft  %steal  %guest  %gnice   %idle
12:02:17 PM    0   23.53    0.00   11.76    0.00    0.00    3.92    0.00    0.00    0.00   60.78

12:02:17 PM  CPU    %usr   %nice    %sys %iowait    %irq   %soft  %steal  %guest  %gnice   %idle
12:02:18 PM    0   23.23    0.00   12.12    0.00    0.00    2.02    0.00    0.00    0.00   62.63

12:02:18 PM  CPU    %usr   %nice    %sys %iowait    %irq   %soft  %steal  %guest  %gnice   %idle
12:02:19 PM    0   22.22    0.00   12.12    0.00    0.00    3.03    0.00    0.00    0.00   62.63

12:02:19 PM  CPU    %usr   %nice    %sys %iowait    %irq   %soft  %steal  %guest  %gnice   %idle
12:02:20 PM    0   24.49    0.00   11.22    0.00    0.00    1.02    0.00    0.00    0.00   63.27

12:02:20 PM  CPU    %usr   %nice    %sys %iowait    %irq   %soft  %steal  %guest  %gnice   %idle
12:02:21 PM    0   24.51    0.00   12.75    0.00    0.00    2.94    0.00    0.00    0.00   59.80

12:02:21 PM  CPU    %usr   %nice    %sys %iowait    %irq   %soft  %steal  %guest  %gnice   %idle
12:02:22 PM    0   24.00    0.00   11.00    0.00    0.00    3.00    0.00    0.00    0.00   62.00

12:02:22 PM  CPU    %usr   %nice    %sys %iowait    %irq   %soft  %steal  %guest  %gnice   %idle
12:02:23 PM    0   26.73    0.00    8.91    0.00    0.00    4.95    0.00    0.00    0.00   59.41

12:02:23 PM  CPU    %usr   %nice    %sys %iowait    %irq   %soft  %steal  %guest  %gnice   %idle
12:02:24 PM    0   24.00    0.00   12.00    0.00    0.00    3.00    0.00    0.00    0.00   61.00

12:02:24 PM  CPU    %usr   %nice    %sys %iowait    %irq   %soft  %steal  %guest  %gnice   %idle
12:02:25 PM    0   25.74    0.00    8.91    0.00    0.00    5.94    0.00    0.00    0.00   59.41

12:02:25 PM  CPU    %usr   %nice    %sys %iowait    %irq   %soft  %steal  %guest  %gnice   %idle
12:02:26 PM    0   25.00    0.00   11.00    0.00    0.00    4.00    0.00    0.00    0.00   60.00

12:02:26 PM  CPU    %usr   %nice    %sys %iowait    %irq   %soft  %steal  %guest  %gnice   %idle
12:02:27 PM    0   27.27    0.00    9.09    0.00    0.00    2.02    0.00    0.00    0.00   61.62

12:02:27 PM  CPU    %usr   %nice    %sys %iowait    %irq   %soft  %steal  %guest  %gnice   %idle
12:02:28 PM    0   25.24    0.00   11.65    0.00    0.00    2.91    0.00    0.00    0.00   60.19

12:02:28 PM  CPU    %usr   %nice    %sys %iowait    %irq   %soft  %steal  %guest  %gnice   %idle
12:02:29 PM    0   26.80    0.00    8.25    0.00    0.00    3.09    0.00    0.00    0.00   61.86

12:02:29 PM  CPU    %usr   %nice    %sys %iowait    %irq   %soft  %steal  %guest  %gnice   %idle
12:02:30 PM    0   27.00    0.00    9.00    0.00    0.00    4.00    0.00    0.00    0.00   60.00

12:02:30 PM  CPU    %usr   %nice    %sys %iowait    %irq   %soft  %steal  %guest  %gnice   %idle
12:02:31 PM    0   21.00    0.00   15.00    0.00    0.00    3.00    0.00    0.00    0.00   61.00

12:02:31 PM  CPU    %usr   %nice    %sys %iowait    %irq   %soft  %steal  %guest  %gnice   %idle
12:02:32 PM    0   26.26    0.00    7.07    0.00    0.00    4.04    0.00    0.00    0.00   62.63

12:02:32 PM  CPU    %usr   %nice    %sys %iowait    %irq   %soft  %steal  %guest  %gnice   %idle
12:02:33 PM    0   26.53    0.00    9.18    0.00    0.00    2.04    0.00    0.00    0.00   62.24

12:02:33 PM  CPU    %usr   %nice    %sys %iowait    %irq   %soft  %steal  %guest  %gnice   %idle
12:02:34 PM    0   26.00    0.00    8.00    0.00    0.00    4.00    0.00    0.00    0.00   62.00

12:02:34 PM  CPU    %usr   %nice    %sys %iowait    %irq   %soft  %steal  %guest  %gnice   %idle
12:02:35 PM    0   23.47    0.00   10.20    0.00    0.00    4.08    0.00    0.00    0.00   62.24

12:02:35 PM  CPU    %usr   %nice    %sys %iowait    %irq   %soft  %steal  %guest  %gnice   %idle
12:02:36 PM    0   24.24    0.00   11.11    0.00    0.00    3.03    0.00    0.00    0.00   61.62

12:02:36 PM  CPU    %usr   %nice    %sys %iowait    %irq   %soft  %steal  %guest  %gnice   %idle
12:02:37 PM    0   25.51    0.00    7.14    0.00    0.00    5.10    0.00    0.00    0.00   62.24

12:02:37 PM  CPU    %usr   %nice    %sys %iowait    %irq   %soft  %steal  %guest  %gnice   %idle
12:02:38 PM    0   23.30    0.00   11.65    0.00    0.00    6.80    0.00    0.00    0.00   58.25

12:02:38 PM  CPU    %usr   %nice    %sys %iowait    %irq   %soft  %steal  %guest  %gnice   %idle
12:02:39 PM    0   24.49    0.00   12.24    0.00    0.00    2.04    0.00    0.00    0.00   61.22

12:02:39 PM  CPU    %usr   %nice    %sys %iowait    %irq   %soft  %steal  %guest  %gnice   %idle
12:02:40 PM    0   26.26    0.00    7.07    0.00    0.00    6.06    0.00    0.00    0.00   60.61

12:02:40 PM  CPU    %usr   %nice    %sys %iowait    %irq   %soft  %steal  %guest  %gnice   %idle
12:02:41 PM    0   26.53    0.00   10.20    0.00    0.00    1.02    0.00    0.00    0.00   62.24

12:02:41 PM  CPU    %usr   %nice    %sys %iowait    %irq   %soft  %steal  %guest  %gnice   %idle
12:02:42 PM    0   24.00    0.00   10.00    0.00    0.00    5.00    0.00    0.00    0.00   61.00

12:02:42 PM  CPU    %usr   %nice    %sys %iowait    %irq   %soft  %steal  %guest  %gnice   %idle
12:02:43 PM    0   27.55    0.00    9.18    0.00    0.00    2.04    0.00    0.00    0.00   61.22

12:02:43 PM  CPU    %usr   %nice    %sys %iowait    %irq   %soft  %steal  %guest  %gnice   %idle
12:02:44 PM    0   28.43    0.00    9.80    0.00    0.00    2.94    0.00    0.00    0.00   58.82

12:02:44 PM  CPU    %usr   %nice    %sys %iowait    %irq   %soft  %steal  %guest  %gnice   %idle
12:02:45 PM    0   24.74    0.00   12.37    0.00    0.00    1.03    0.00    0.00    0.00   61.86

12:02:45 PM  CPU    %usr   %nice    %sys %iowait    %irq   %soft  %steal  %guest  %gnice   %idle
12:02:46 PM    0   25.49    0.00   10.78    0.00    0.00    3.92    0.00    0.00    0.00   59.80

12:02:46 PM  CPU    %usr   %nice    %sys %iowait    %irq   %soft  %steal  %guest  %gnice   %idle
12:02:47 PM    0   26.53    0.00    9.18    0.00    0.00    2.04    0.00    0.00    0.00   62.24

12:02:47 PM  CPU    %usr   %nice    %sys %iowait    %irq   %soft  %steal  %guest  %gnice   %idle
12:02:48 PM    0   27.45    0.00    9.80    0.00    0.00    1.96    0.00    0.00    0.00   60.78

12:02:48 PM  CPU    %usr   %nice    %sys %iowait    %irq   %soft  %steal  %guest  %gnice   %idle
12:02:49 PM    0   24.49    0.00   10.20    0.00    0.00    4.08    0.00    0.00    0.00   61.22

12:02:49 PM  CPU    %usr   %nice    %sys %iowait    %irq   %soft  %steal  %guest  %gnice   %idle
12:02:50 PM    0   23.47    0.00   12.24    0.00    0.00    2.04    0.00    0.00    0.00   62.24

12:02:50 PM  CPU    %usr   %nice    %sys %iowait    %irq   %soft  %steal  %guest  %gnice   %idle
12:02:51 PM    0   27.45    0.00    9.80    0.00    0.00    3.92    0.00    0.00    0.00   58.82

12:02:51 PM  CPU    %usr   %nice    %sys %iowait    %irq   %soft  %steal  %guest  %gnice   %idle
12:02:52 PM    0   24.24    0.00   12.12    0.00    0.00    2.02    0.00    0.00    0.00   61.62

12:02:52 PM  CPU    %usr   %nice    %sys %iowait    %irq   %soft  %steal  %guest  %gnice   %idle
12:02:53 PM    0   25.74    0.00   11.88    0.00    0.00    0.99    0.00    0.00    0.00   61.39

12:02:53 PM  CPU    %usr   %nice    %sys %iowait    %irq   %soft  %steal  %guest  %gnice   %idle
12:02:54 PM    0   23.71    0.00    9.28    0.00    0.00    4.12    0.00    0.00    0.00   62.89

12:02:54 PM  CPU    %usr   %nice    %sys %iowait    %irq   %soft  %steal  %guest  %gnice   %idle
12:02:55 PM    0   24.24    0.00   11.11    0.00    0.00    3.03    0.00    0.00    0.00   61.62

12:02:55 PM  CPU    %usr   %nice    %sys %iowait    %irq   %soft  %steal  %guest  %gnice   %idle
12:02:56 PM    0   26.26    0.00    9.09    0.00    0.00    2.02    0.00    0.00    0.00   62.63

12:02:56 PM  CPU    %usr   %nice    %sys %iowait    %irq   %soft  %steal  %guest  %gnice   %idle
12:02:57 PM    0   29.41    0.00    8.82    0.00    0.00    0.98    0.00    0.00    0.00   60.78

12:02:57 PM  CPU    %usr   %nice    %sys %iowait    %irq   %soft  %steal  %guest  %gnice   %idle
12:02:58 PM    0   22.77    0.00   13.86    0.00    0.00    1.98    0.00    0.00    0.00   61.39

12:02:58 PM  CPU    %usr   %nice    %sys %iowait    %irq   %soft  %steal  %guest  %gnice   %idle
12:02:59 PM    0   29.00    0.00    8.00    0.00    0.00    2.00    0.00    0.00    0.00   61.00

12:02:59 PM  CPU    %usr   %nice    %sys %iowait    %irq   %soft  %steal  %guest  %gnice   %idle
12:03:00 PM    0   20.20    0.00   14.14    0.00    0.00    4.04    0.00    0.00    0.00   61.62

12:03:00 PM  CPU    %usr   %nice    %sys %iowait    %irq   %soft  %steal  %guest  %gnice   %idle
12:03:01 PM    0   25.00    0.00   12.00    0.00    0.00    3.00    0.00    0.00    0.00   60.00

12:03:01 PM  CPU    %usr   %nice    %sys %iowait    %irq   %soft  %steal  %guest  %gnice   %idle
12:03:02 PM    0   24.75    0.00   12.87    0.00    0.00    1.98    0.00    0.00    0.00   60.40

12:03:02 PM  CPU    %usr   %nice    %sys %iowait    %irq   %soft  %steal  %guest  %gnice   %idle
12:03:03 PM    0   22.45    0.00   11.22    0.00    0.00    4.08    0.00    0.00    0.00   62.24

12:03:03 PM  CPU    %usr   %nice    %sys %iowait    %irq   %soft  %steal  %guest  %gnice   %idle
12:03:04 PM    0   21.43    0.00   10.20    0.00    0.00    6.12    0.00    0.00    0.00   62.24

12:03:04 PM  CPU    %usr   %nice    %sys %iowait    %irq   %soft  %steal  %guest  %gnice   %idle
12:03:05 PM    0   25.25    0.00    9.09    0.00    0.00    4.04    0.00    0.00    0.00   61.62

12:03:05 PM  CPU    %usr   %nice    %sys %iowait    %irq   %soft  %steal  %guest  %gnice   %idle
12:03:06 PM    0   22.45    0.00   13.27    0.00    0.00    2.04    0.00    0.00    0.00   62.24

12:03:06 PM  CPU    %usr   %nice    %sys %iowait    %irq   %soft  %steal  %guest  %gnice   %idle
12:03:07 PM    0   23.76    0.00   10.89    0.00    0.00    3.96    0.00    0.00    0.00   61.39

12:03:07 PM  CPU    %usr   %nice    %sys %iowait    %irq   %soft  %steal  %guest  %gnice   %idle
12:03:08 PM    0   29.00    0.00    8.00    0.00    0.00    2.00    0.00    0.00    0.00   61.00

12:03:08 PM  CPU    %usr   %nice    %sys %iowait    %irq   %soft  %steal  %guest  %gnice   %idle
12:03:09 PM    0   23.00    0.00   11.00    0.00    0.00    5.00    0.00    0.00    0.00   61.00

12:03:09 PM  CPU    %usr   %nice    %sys %iowait    %irq   %soft  %steal  %guest  %gnice   %idle
12:03:10 PM    0   25.00    0.00   12.00    0.00    0.00    2.00    0.00    0.00    0.00   61.00

12:03:10 PM  CPU    %usr   %nice    %sys %iowait    %irq   %soft  %steal  %guest  %gnice   %idle
12:03:11 PM    0   22.45    0.00   10.20    0.00    0.00    5.10    0.00    0.00    0.00   62.24

12:03:11 PM  CPU    %usr   %nice    %sys %iowait    %irq   %soft  %steal  %guest  %gnice   %idle
12:03:12 PM    0   22.77    0.00   11.88    0.00    0.00    5.94    0.00    0.00    0.00   59.41

12:03:12 PM  CPU    %usr   %nice    %sys %iowait    %irq   %soft  %steal  %guest  %gnice   %idle
12:03:13 PM    0   24.24    0.00   10.10    0.00    0.00    5.05    0.00    0.00    0.00   60.61

12:03:13 PM  CPU    %usr   %nice    %sys %iowait    %irq   %soft  %steal  %guest  %gnice   %idle
12:03:14 PM    0   26.00    0.00    9.00    0.00    0.00    4.00    0.00    0.00    0.00   61.00

12:03:14 PM  CPU    %usr   %nice    %sys %iowait    %irq   %soft  %steal  %guest  %gnice   %idle
12:03:15 PM    0   27.00    0.00   11.00    0.00    0.00    2.00    0.00    0.00    0.00   60.00

12:03:15 PM  CPU    %usr   %nice    %sys %iowait    %irq   %soft  %steal  %guest  %gnice   %idle
12:03:16 PM    0   21.43    0.00   14.29    0.00    0.00    2.04    0.00    0.00    0.00   62.24

12:03:16 PM  CPU    %usr   %nice    %sys %iowait    %irq   %soft  %steal  %guest  %gnice   %idle
12:03:17 PM    0   25.74    0.00   10.89    0.00    0.00    2.97    0.00    0.00    0.00   60.40

12:03:17 PM  CPU    %usr   %nice    %sys %iowait    %irq   %soft  %steal  %guest  %gnice   %idle
12:03:18 PM    0   23.76    0.00   10.89    0.00    0.00    4.95    0.00    0.00    0.00   60.40

12:03:18 PM  CPU    %usr   %nice    %sys %iowait    %irq   %soft  %steal  %guest  %gnice   %idle
12:03:19 PM    0   28.57    0.00    8.16    0.00    0.00    2.04    0.00    0.00    0.00   61.22

12:03:19 PM  CPU    %usr   %nice    %sys %iowait    %irq   %soft  %steal  %guest  %gnice   %idle
12:03:20 PM    0   26.26    0.00    9.09    0.00    0.00    4.04    0.00    0.00    0.00   60.61

12:03:20 PM  CPU    %usr   %nice    %sys %iowait    %irq   %soft  %steal  %guest  %gnice   %idle
12:03:21 PM    0   26.53    0.00    9.18    0.00    0.00    3.06    0.00    0.00    0.00   61.22

12:03:21 PM  CPU    %usr   %nice    %sys %iowait    %irq   %soft  %steal  %guest  %gnice   %idle
12:03:22 PM    0   24.00    0.00   12.00    0.00    0.00    3.00    0.00    0.00    0.00   61.00

12:03:22 PM  CPU    %usr   %nice    %sys %iowait    %irq   %soft  %steal  %guest  %gnice   %idle
12:03:23 PM    0   26.00    0.00   10.00    0.00    0.00    3.00    0.00    0.00    0.00   61.00

12:03:23 PM  CPU    %usr   %nice    %sys %iowait    %irq   %soft  %steal  %guest  %gnice   %idle
12:03:24 PM    0   29.59    0.00    5.10    0.00    0.00    4.08    0.00    0.00    0.00   61.22

12:03:24 PM  CPU    %usr   %nice    %sys %iowait    %irq   %soft  %steal  %guest  %gnice   %idle
12:03:25 PM    0   22.22    0.00   13.13    0.00    0.00    3.03    0.00    0.00    0.00   61.62

12:03:25 PM  CPU    %usr   %nice    %sys %iowait    %irq   %soft  %steal  %guest  %gnice   %idle
12:03:26 PM    0   26.26    0.00    9.09    0.00    0.00    3.03    0.00    0.00    0.00   61.62

12:03:26 PM  CPU    %usr   %nice    %sys %iowait    %irq   %soft  %steal  %guest  %gnice   %idle
12:03:27 PM    0   24.24    0.00   11.11    0.00    0.00    3.03    0.00    0.00    0.00   61.62

12:03:27 PM  CPU    %usr   %nice    %sys %iowait    %irq   %soft  %steal  %guest  %gnice   %idle
12:03:28 PM    0   24.51    0.00    9.80    0.00    0.00    5.88    0.00    0.00    0.00   59.80

12:03:28 PM  CPU    %usr   %nice    %sys %iowait    %irq   %soft  %steal  %guest  %gnice   %idle
12:03:29 PM    0   26.26    0.00   10.10    0.00    0.00    4.04    0.00    0.00    0.00   59.60

12:03:29 PM  CPU    %usr   %nice    %sys %iowait    %irq   %soft  %steal  %guest  %gnice   %idle
12:03:30 PM    0   22.22    0.00    9.09    0.00    0.00    6.06    0.00    0.00    0.00   62.63

12:03:30 PM  CPU    %usr   %nice    %sys %iowait    %irq   %soft  %steal  %guest  %gnice   %idle
12:03:31 PM    0   27.84    0.00    7.22    0.00    0.00    2.06    0.00    0.00    0.00   62.89

12:03:31 PM  CPU    %usr   %nice    %sys %iowait    %irq   %soft  %steal  %guest  %gnice   %idle
12:03:32 PM    0   23.76    0.00   11.88    0.00    0.00    2.97    0.00    0.00    0.00   61.39

12:03:32 PM  CPU    %usr   %nice    %sys %iowait    %irq   %soft  %steal  %guest  %gnice   %idle
12:03:33 PM    0   22.45    0.00   10.20    0.00    0.00    6.12    0.00    0.00    0.00   61.22

12:03:33 PM  CPU    %usr   %nice    %sys %iowait    %irq   %soft  %steal  %guest  %gnice   %idle
12:03:34 PM    0   24.00    0.00   10.00    0.00    0.00    4.00    0.00    0.00    0.00   62.00

12:03:34 PM  CPU    %usr   %nice    %sys %iowait    %irq   %soft  %steal  %guest  %gnice   %idle
12:03:35 PM    0   25.00    0.00   11.00    0.00    0.00    3.00    0.00    0.00    0.00   61.00

12:03:35 PM  CPU    %usr   %nice    %sys %iowait    %irq   %soft  %steal  %guest  %gnice   %idle
12:03:36 PM    0   27.45    0.00   10.78    0.00    0.00    1.96    0.00    0.00    0.00   59.80

12:03:36 PM  CPU    %usr   %nice    %sys %iowait    %irq   %soft  %steal  %guest  %gnice   %idle
12:03:37 PM    0   26.53    0.00    8.16    0.00    0.00    3.06    0.00    0.00    0.00   62.24

12:03:37 PM  CPU    %usr   %nice    %sys %iowait    %irq   %soft  %steal  %guest  %gnice   %idle
12:03:38 PM    0   26.00    0.00   10.00    0.00    0.00    4.00    0.00    0.00    0.00   60.00

12:03:38 PM  CPU    %usr   %nice    %sys %iowait    %irq   %soft  %steal  %guest  %gnice   %idle
12:03:39 PM    0   22.68    0.00   11.34    0.00    0.00    2.06    0.00    0.00    0.00   63.92

12:03:39 PM  CPU    %usr   %nice    %sys %iowait    %irq   %soft  %steal  %guest  %gnice   %idle
12:03:40 PM    0   26.53    0.00    8.16    0.00    0.00    3.06    0.00    0.00    0.00   62.24

12:03:40 PM  CPU    %usr   %nice    %sys %iowait    %irq   %soft  %steal  %guest  %gnice   %idle
12:03:41 PM    0   24.74    0.00   11.34    0.00    0.00    2.06    0.00    0.00    0.00   61.86

12:03:41 PM  CPU    %usr   %nice    %sys %iowait    %irq   %soft  %steal  %guest  %gnice   %idle
12:03:42 PM    0   26.26    0.00    9.09    0.00    0.00    2.02    0.00    0.00    0.00   62.63

12:03:42 PM  CPU    %usr   %nice    %sys %iowait    %irq   %soft  %steal  %guest  %gnice   %idle
12:03:43 PM    0   23.96    0.00    9.38    0.00    0.00    3.12    0.00    0.00    0.00   63.54

12:03:43 PM  CPU    %usr   %nice    %sys %iowait    %irq   %soft  %steal  %guest  %gnice   %idle
12:03:44 PM    0   23.47    0.00   11.22    0.00    0.00    2.04    0.00    0.00    0.00   63.27

12:03:44 PM  CPU    %usr   %nice    %sys %iowait    %irq   %soft  %steal  %guest  %gnice   %idle
12:03:45 PM    0   25.00    0.00   11.00    0.00    0.00    3.00    0.00    0.00    0.00   61.00

12:03:45 PM  CPU    %usr   %nice    %sys %iowait    %irq   %soft  %steal  %guest  %gnice   %idle
12:03:46 PM    0   22.00    0.00   12.00    0.00    0.00    4.00    0.00    0.00    0.00   62.00

12:03:46 PM  CPU    %usr   %nice    %sys %iowait    %irq   %soft  %steal  %guest  %gnice   %idle
12:03:47 PM    0   25.74    0.00    8.91    0.00    0.00    3.96    0.00    0.00    0.00   61.39

12:03:47 PM  CPU    %usr   %nice    %sys %iowait    %irq   %soft  %steal  %guest  %gnice   %idle
12:03:48 PM    0   25.51    0.00    7.14    0.00    0.00    5.10    0.00    0.00    0.00   62.24

12:03:48 PM  CPU    %usr   %nice    %sys %iowait    %irq   %soft  %steal  %guest  %gnice   %idle
12:03:49 PM    0   27.00    0.00   11.00    0.00    0.00    2.00    0.00    0.00    0.00   60.00

12:03:49 PM  CPU    %usr   %nice    %sys %iowait    %irq   %soft  %steal  %guest  %gnice   %idle
12:03:50 PM    0   27.72    0.00    8.91    0.00    0.00    2.97    0.00    0.00    0.00   60.40

12:03:50 PM  CPU    %usr   %nice    %sys %iowait    %irq   %soft  %steal  %guest  %gnice   %idle
12:03:51 PM    0   22.77    0.00   12.87    0.00    0.00    2.97    0.00    0.00    0.00   61.39

12:03:51 PM  CPU    %usr   %nice    %sys %iowait    %irq   %soft  %steal  %guest  %gnice   %idle
12:03:52 PM    0   22.22    0.00   10.10    0.00    0.00    6.06    0.00    0.00    0.00   61.62

12:03:52 PM  CPU    %usr   %nice    %sys %iowait    %irq   %soft  %steal  %guest  %gnice   %idle
12:03:53 PM    0   26.00    0.00   10.00    0.00    0.00    3.00    0.00    0.00    0.00   61.00

12:03:53 PM  CPU    %usr   %nice    %sys %iowait    %irq   %soft  %steal  %guest  %gnice   %idle
12:03:54 PM    0   25.49    0.00    9.80    0.00    0.00    3.92    0.00    0.00    0.00   60.78

12:03:54 PM  CPU    %usr   %nice    %sys %iowait    %irq   %soft  %steal  %guest  %gnice   %idle
12:03:55 PM    0   27.00    0.00    9.00    0.00    0.00    3.00    0.00    0.00    0.00   61.00

12:03:55 PM  CPU    %usr   %nice    %sys %iowait    %irq   %soft  %steal  %guest  %gnice   %idle
12:03:56 PM    0   22.77    0.00    9.90    0.00    0.00    5.94    0.00    0.00    0.00   61.39

12:03:56 PM  CPU    %usr   %nice    %sys %iowait    %irq   %soft  %steal  %guest  %gnice   %idle
12:03:57 PM    0   25.00    0.00   11.00    0.00    0.00    3.00    0.00    0.00    0.00   61.00

12:03:57 PM  CPU    %usr   %nice    %sys %iowait    %irq   %soft  %steal  %guest  %gnice   %idle
12:03:58 PM    0   25.25    0.00   10.10    0.00    0.00    3.03    0.00    0.00    0.00   61.62

12:03:58 PM  CPU    %usr   %nice    %sys %iowait    %irq   %soft  %steal  %guest  %gnice   %idle
12:03:59 PM    0   24.49    0.00   11.22    0.00    0.00    2.04    0.00    0.00    0.00   62.24

12:03:59 PM  CPU    %usr   %nice    %sys %iowait    %irq   %soft  %steal  %guest  %gnice   %idle
12:04:00 PM    0   23.71    0.00    8.25    0.00    0.00    6.19    0.00    0.00    0.00   61.86

12:04:00 PM  CPU    %usr   %nice    %sys %iowait    %irq   %soft  %steal  %guest  %gnice   %idle
12:04:01 PM    0   25.51    0.00   10.20    0.00    0.00    2.04    0.00    0.00    0.00   62.24

12:04:01 PM  CPU    %usr   %nice    %sys %iowait    %irq   %soft  %steal  %guest  %gnice   %idle
12:04:02 PM    0   27.45    0.00    9.80    0.00    0.00    1.96    0.00    0.00    0.00   60.78

Average:     CPU    %usr   %nice    %sys %iowait    %irq   %soft  %steal  %guest  %gnice   %idle
Average:       0   25.12    0.00   10.25    0.00    0.00    3.30    0.00    0.00    0.00   61.34
