Linux 5.3.0-61-generic (cw-zenbook) 	07/16/2020 	_x86_64_	(8 CPU)

02:52:12 PM  CPU    %usr   %nice    %sys %iowait    %irq   %soft  %steal  %guest  %gnice   %idle
02:52:13 PM    0   55.10    0.00   17.35    0.00    0.00    5.10    0.00    0.00    0.00   22.45

02:52:13 PM  CPU    %usr   %nice    %sys %iowait    %irq   %soft  %steal  %guest  %gnice   %idle
02:52:14 PM    0   52.53    0.00   22.22    0.00    0.00    4.04    0.00    0.00    0.00   21.21

02:52:14 PM  CPU    %usr   %nice    %sys %iowait    %irq   %soft  %steal  %guest  %gnice   %idle
02:52:15 PM    0   52.53    0.00   18.18    0.00    0.00    7.07    0.00    0.00    0.00   22.22

02:52:15 PM  CPU    %usr   %nice    %sys %iowait    %irq   %soft  %steal  %guest  %gnice   %idle
02:52:16 PM    0   53.92    0.00   21.57    0.00    0.00    3.92    0.00    0.00    0.00   20.59

02:52:16 PM  CPU    %usr   %nice    %sys %iowait    %irq   %soft  %steal  %guest  %gnice   %idle
02:52:17 PM    0   51.52    0.00   21.21    0.00    0.00    5.05    0.00    0.00    0.00   22.22

02:52:17 PM  CPU    %usr   %nice    %sys %iowait    %irq   %soft  %steal  %guest  %gnice   %idle
02:52:18 PM    0   51.00    0.00   22.00    0.00    0.00    5.00    0.00    0.00    0.00   22.00

02:52:18 PM  CPU    %usr   %nice    %sys %iowait    %irq   %soft  %steal  %guest  %gnice   %idle
02:52:19 PM    0   53.47    0.00   20.79    0.00    0.00    4.95    0.00    0.00    0.00   20.79

02:52:19 PM  CPU    %usr   %nice    %sys %iowait    %irq   %soft  %steal  %guest  %gnice   %idle
02:52:20 PM    0   50.51    0.00   21.21    0.00    0.00    7.07    0.00    0.00    0.00   21.21

02:52:20 PM  CPU    %usr   %nice    %sys %iowait    %irq   %soft  %steal  %guest  %gnice   %idle
02:52:21 PM    0   49.50    0.00   18.81    0.00    0.00    9.90    0.00    0.00    0.00   21.78

02:52:21 PM  CPU    %usr   %nice    %sys %iowait    %irq   %soft  %steal  %guest  %gnice   %idle
02:52:22 PM    0   51.52    0.00   22.22    0.00    0.00    4.04    0.00    0.00    0.00   22.22

02:52:22 PM  CPU    %usr   %nice    %sys %iowait    %irq   %soft  %steal  %guest  %gnice   %idle
02:52:23 PM    0   51.02    0.00   24.49    0.00    0.00    3.06    0.00    0.00    0.00   21.43

02:52:23 PM  CPU    %usr   %nice    %sys %iowait    %irq   %soft  %steal  %guest  %gnice   %idle
02:52:24 PM    0   55.88    0.00   17.65    0.00    0.00    4.90    0.00    0.00    0.00   21.57

02:52:24 PM  CPU    %usr   %nice    %sys %iowait    %irq   %soft  %steal  %guest  %gnice   %idle
02:52:25 PM    0   51.02    0.00   20.41    0.00    0.00    6.12    0.00    0.00    0.00   22.45

02:52:25 PM  CPU    %usr   %nice    %sys %iowait    %irq   %soft  %steal  %guest  %gnice   %idle
02:52:26 PM    0   48.48    0.00   22.22    0.00    0.00    7.07    0.00    0.00    0.00   22.22

02:52:26 PM  CPU    %usr   %nice    %sys %iowait    %irq   %soft  %steal  %guest  %gnice   %idle
02:52:27 PM    0   50.00    0.00   21.00    0.00    0.00    7.00    0.00    0.00    0.00   22.00

02:52:27 PM  CPU    %usr   %nice    %sys %iowait    %irq   %soft  %steal  %guest  %gnice   %idle
02:52:28 PM    0   52.53    0.00   18.18    0.00    0.00    7.07    0.00    0.00    0.00   22.22

02:52:28 PM  CPU    %usr   %nice    %sys %iowait    %irq   %soft  %steal  %guest  %gnice   %idle
02:52:29 PM    0   55.45    0.00   18.81    0.00    0.00    3.96    0.00    0.00    0.00   21.78

02:52:29 PM  CPU    %usr   %nice    %sys %iowait    %irq   %soft  %steal  %guest  %gnice   %idle
02:52:30 PM    0   55.45    0.00   17.82    0.00    0.00    4.95    0.00    0.00    0.00   21.78

02:52:30 PM  CPU    %usr   %nice    %sys %iowait    %irq   %soft  %steal  %guest  %gnice   %idle
02:52:31 PM    0   50.53    0.00   18.95    0.00    0.00    7.37    0.00    0.00    0.00   23.16

02:52:31 PM  CPU    %usr   %nice    %sys %iowait    %irq   %soft  %steal  %guest  %gnice   %idle
02:52:32 PM    0   52.00    0.00   21.00    0.00    0.00    5.00    0.00    0.00    0.00   22.00

02:52:32 PM  CPU    %usr   %nice    %sys %iowait    %irq   %soft  %steal  %guest  %gnice   %idle
02:52:33 PM    0   51.52    0.00   23.23    0.00    0.00    4.04    0.00    0.00    0.00   21.21

02:52:33 PM  CPU    %usr   %nice    %sys %iowait    %irq   %soft  %steal  %guest  %gnice   %idle
02:52:34 PM    0   48.00    0.00   22.00    0.00    0.00    8.00    0.00    0.00    0.00   22.00

02:52:34 PM  CPU    %usr   %nice    %sys %iowait    %irq   %soft  %steal  %guest  %gnice   %idle
02:52:35 PM    0   54.46    0.00   19.80    0.00    0.00    3.96    0.00    0.00    0.00   21.78

02:52:35 PM  CPU    %usr   %nice    %sys %iowait    %irq   %soft  %steal  %guest  %gnice   %idle
02:52:36 PM    0   54.00    0.00   19.00    0.00    0.00    5.00    0.00    0.00    0.00   22.00

02:52:36 PM  CPU    %usr   %nice    %sys %iowait    %irq   %soft  %steal  %guest  %gnice   %idle
02:52:37 PM    0   53.47    0.00   18.81    0.00    0.00    4.95    0.00    0.00    0.00   22.77

02:52:37 PM  CPU    %usr   %nice    %sys %iowait    %irq   %soft  %steal  %guest  %gnice   %idle
02:52:38 PM    0   54.00    0.00   20.00    0.00    0.00    4.00    0.00    0.00    0.00   22.00

02:52:38 PM  CPU    %usr   %nice    %sys %iowait    %irq   %soft  %steal  %guest  %gnice   %idle
02:52:39 PM    0   44.90    0.00   26.53    0.00    0.00    6.12    0.00    0.00    0.00   22.45

02:52:39 PM  CPU    %usr   %nice    %sys %iowait    %irq   %soft  %steal  %guest  %gnice   %idle
02:52:40 PM    0   54.00    0.00   21.00    0.00    0.00    3.00    0.00    0.00    0.00   22.00

02:52:40 PM  CPU    %usr   %nice    %sys %iowait    %irq   %soft  %steal  %guest  %gnice   %idle
02:52:41 PM    0   51.52    0.00   21.21    0.00    0.00    4.04    0.00    0.00    0.00   23.23

02:52:41 PM  CPU    %usr   %nice    %sys %iowait    %irq   %soft  %steal  %guest  %gnice   %idle
02:52:42 PM    0   50.50    0.00   21.78    0.00    0.00    4.95    0.00    0.00    0.00   22.77

02:52:42 PM  CPU    %usr   %nice    %sys %iowait    %irq   %soft  %steal  %guest  %gnice   %idle
02:52:43 PM    0   51.55    0.00   22.68    0.00    0.00    4.12    0.00    0.00    0.00   21.65

02:52:43 PM  CPU    %usr   %nice    %sys %iowait    %irq   %soft  %steal  %guest  %gnice   %idle
02:52:44 PM    0   53.40    0.00   20.39    0.00    0.00    3.88    0.00    0.00    0.00   22.33

02:52:44 PM  CPU    %usr   %nice    %sys %iowait    %irq   %soft  %steal  %guest  %gnice   %idle
02:52:45 PM    0   51.52    0.00   23.23    0.00    0.00    3.03    0.00    0.00    0.00   22.22

02:52:45 PM  CPU    %usr   %nice    %sys %iowait    %irq   %soft  %steal  %guest  %gnice   %idle
02:52:46 PM    0   56.57    0.00   15.15    0.00    0.00    6.06    0.00    0.00    0.00   22.22

02:52:46 PM  CPU    %usr   %nice    %sys %iowait    %irq   %soft  %steal  %guest  %gnice   %idle
02:52:47 PM    0   52.00    0.00   21.00    0.00    0.00    6.00    0.00    0.00    0.00   21.00

02:52:47 PM  CPU    %usr   %nice    %sys %iowait    %irq   %soft  %steal  %guest  %gnice   %idle
02:52:48 PM    0   56.44    0.00   13.86    0.00    0.00    6.93    0.00    0.00    0.00   22.77

02:52:48 PM  CPU    %usr   %nice    %sys %iowait    %irq   %soft  %steal  %guest  %gnice   %idle
02:52:49 PM    0   52.58    0.00   19.59    0.00    0.00    4.12    0.00    0.00    0.00   23.71

02:52:49 PM  CPU    %usr   %nice    %sys %iowait    %irq   %soft  %steal  %guest  %gnice   %idle
02:52:50 PM    0   53.47    0.00   19.80    0.00    0.00    4.95    0.00    0.00    0.00   21.78

02:52:50 PM  CPU    %usr   %nice    %sys %iowait    %irq   %soft  %steal  %guest  %gnice   %idle
02:52:51 PM    0   52.00    0.00   21.00    0.00    0.00    5.00    0.00    0.00    0.00   22.00

02:52:51 PM  CPU    %usr   %nice    %sys %iowait    %irq   %soft  %steal  %guest  %gnice   %idle
02:52:52 PM    0   54.00    0.00   19.00    0.00    0.00    5.00    0.00    0.00    0.00   22.00

02:52:52 PM  CPU    %usr   %nice    %sys %iowait    %irq   %soft  %steal  %guest  %gnice   %idle
02:52:53 PM    0   51.49    0.00   20.79    0.00    0.00    6.93    0.00    0.00    0.00   20.79

02:52:53 PM  CPU    %usr   %nice    %sys %iowait    %irq   %soft  %steal  %guest  %gnice   %idle
02:52:54 PM    0   54.08    0.00   18.37    0.00    0.00    5.10    0.00    0.00    0.00   22.45

02:52:54 PM  CPU    %usr   %nice    %sys %iowait    %irq   %soft  %steal  %guest  %gnice   %idle
02:52:55 PM    0   54.08    0.00   18.37    0.00    0.00    5.10    0.00    0.00    0.00   22.45

02:52:55 PM  CPU    %usr   %nice    %sys %iowait    %irq   %soft  %steal  %guest  %gnice   %idle
02:52:56 PM    0   57.84    0.00   18.63    0.00    0.00    1.96    0.00    0.00    0.00   21.57

02:52:56 PM  CPU    %usr   %nice    %sys %iowait    %irq   %soft  %steal  %guest  %gnice   %idle
02:52:57 PM    0   46.53    0.00   26.73    0.00    0.00    4.95    0.00    0.00    0.00   21.78

02:52:57 PM  CPU    %usr   %nice    %sys %iowait    %irq   %soft  %steal  %guest  %gnice   %idle
02:52:58 PM    0   51.00    0.00   22.00    0.00    0.00    5.00    0.00    0.00    0.00   22.00

02:52:58 PM  CPU    %usr   %nice    %sys %iowait    %irq   %soft  %steal  %guest  %gnice   %idle
02:52:59 PM    0   52.43    0.00   21.36    0.00    0.00    4.85    0.00    0.00    0.00   21.36

02:52:59 PM  CPU    %usr   %nice    %sys %iowait    %irq   %soft  %steal  %guest  %gnice   %idle
02:53:00 PM    0   48.98    0.00   19.39    0.00    0.00    9.18    0.00    0.00    0.00   22.45

02:53:00 PM  CPU    %usr   %nice    %sys %iowait    %irq   %soft  %steal  %guest  %gnice   %idle
02:53:01 PM    0   51.00    0.00   23.00    0.00    0.00    4.00    0.00    0.00    0.00   22.00

02:53:01 PM  CPU    %usr   %nice    %sys %iowait    %irq   %soft  %steal  %guest  %gnice   %idle
02:53:02 PM    0   50.00    0.00   25.49    0.00    0.00    2.94    0.00    0.00    0.00   21.57

02:53:02 PM  CPU    %usr   %nice    %sys %iowait    %irq   %soft  %steal  %guest  %gnice   %idle
02:53:03 PM    0   53.47    0.00   17.82    0.00    0.00    6.93    0.00    0.00    0.00   21.78

02:53:03 PM  CPU    %usr   %nice    %sys %iowait    %irq   %soft  %steal  %guest  %gnice   %idle
02:53:04 PM    0   56.12    0.00   18.37    0.00    0.00    4.08    0.00    0.00    0.00   21.43

02:53:04 PM  CPU    %usr   %nice    %sys %iowait    %irq   %soft  %steal  %guest  %gnice   %idle
02:53:05 PM    0   52.48    0.00   19.80    0.00    0.00    6.93    0.00    0.00    0.00   20.79

02:53:05 PM  CPU    %usr   %nice    %sys %iowait    %irq   %soft  %steal  %guest  %gnice   %idle
02:53:06 PM    0   57.00    0.00   16.00    0.00    0.00    5.00    0.00    0.00    0.00   22.00

02:53:06 PM  CPU    %usr   %nice    %sys %iowait    %irq   %soft  %steal  %guest  %gnice   %idle
02:53:07 PM    0   55.00    0.00   20.00    0.00    0.00    4.00    0.00    0.00    0.00   21.00

02:53:07 PM  CPU    %usr   %nice    %sys %iowait    %irq   %soft  %steal  %guest  %gnice   %idle
02:53:08 PM    0   57.00    0.00   18.00    0.00    0.00    4.00    0.00    0.00    0.00   21.00

02:53:08 PM  CPU    %usr   %nice    %sys %iowait    %irq   %soft  %steal  %guest  %gnice   %idle
02:53:09 PM    0   48.48    0.00   24.24    0.00    0.00    5.05    0.00    0.00    0.00   22.22

02:53:09 PM  CPU    %usr   %nice    %sys %iowait    %irq   %soft  %steal  %guest  %gnice   %idle
02:53:10 PM    0   47.52    0.00   23.76    0.00    0.00    6.93    0.00    0.00    0.00   21.78

02:53:10 PM  CPU    %usr   %nice    %sys %iowait    %irq   %soft  %steal  %guest  %gnice   %idle
02:53:11 PM    0   51.00    0.00   20.00    0.00    0.00    8.00    0.00    0.00    0.00   21.00

02:53:11 PM  CPU    %usr   %nice    %sys %iowait    %irq   %soft  %steal  %guest  %gnice   %idle
02:53:12 PM    0   50.50    0.00   22.77    0.00    0.00    4.95    0.00    0.00    0.00   21.78

02:53:12 PM  CPU    %usr   %nice    %sys %iowait    %irq   %soft  %steal  %guest  %gnice   %idle
02:53:13 PM    0   48.98    0.00   23.47    0.00    0.00    5.10    0.00    0.00    0.00   22.45

02:53:13 PM  CPU    %usr   %nice    %sys %iowait    %irq   %soft  %steal  %guest  %gnice   %idle
02:53:14 PM    0   43.14    0.00   27.45    0.00    0.00    7.84    0.00    0.00    0.00   21.57

02:53:14 PM  CPU    %usr   %nice    %sys %iowait    %irq   %soft  %steal  %guest  %gnice   %idle
02:53:15 PM    0   56.00    0.00   18.00    0.00    0.00    4.00    0.00    0.00    0.00   22.00

02:53:15 PM  CPU    %usr   %nice    %sys %iowait    %irq   %soft  %steal  %guest  %gnice   %idle
02:53:16 PM    0   52.53    0.00   21.21    0.00    0.00    4.04    0.00    0.00    0.00   22.22

02:53:16 PM  CPU    %usr   %nice    %sys %iowait    %irq   %soft  %steal  %guest  %gnice   %idle
02:53:17 PM    0   52.53    0.00   21.21    0.00    0.00    5.05    0.00    0.00    0.00   21.21

02:53:17 PM  CPU    %usr   %nice    %sys %iowait    %irq   %soft  %steal  %guest  %gnice   %idle
02:53:18 PM    0   53.47    0.00   19.80    0.00    0.00    4.95    0.00    0.00    0.00   21.78

02:53:18 PM  CPU    %usr   %nice    %sys %iowait    %irq   %soft  %steal  %guest  %gnice   %idle
02:53:19 PM    0   52.53    0.00   17.17    0.00    0.00    8.08    0.00    0.00    0.00   22.22

02:53:19 PM  CPU    %usr   %nice    %sys %iowait    %irq   %soft  %steal  %guest  %gnice   %idle
02:53:20 PM    0   53.68    0.00   17.89    0.00    0.00    5.26    0.00    0.00    0.00   23.16

02:53:20 PM  CPU    %usr   %nice    %sys %iowait    %irq   %soft  %steal  %guest  %gnice   %idle
02:53:21 PM    0   57.29    0.00   17.71    0.00    0.00    3.12    0.00    0.00    0.00   21.88

02:53:21 PM  CPU    %usr   %nice    %sys %iowait    %irq   %soft  %steal  %guest  %gnice   %idle
02:53:22 PM    0   50.51    0.00   21.21    0.00    0.00    7.07    0.00    0.00    0.00   21.21

02:53:22 PM  CPU    %usr   %nice    %sys %iowait    %irq   %soft  %steal  %guest  %gnice   %idle
02:53:23 PM    0   53.92    0.00   20.59    0.00    0.00    3.92    0.00    0.00    0.00   21.57

02:53:23 PM  CPU    %usr   %nice    %sys %iowait    %irq   %soft  %steal  %guest  %gnice   %idle
02:53:24 PM    0   51.96    0.00   22.55    0.00    0.00    3.92    0.00    0.00    0.00   21.57

02:53:24 PM  CPU    %usr   %nice    %sys %iowait    %irq   %soft  %steal  %guest  %gnice   %idle
02:53:25 PM    0   52.08    0.00   18.75    0.00    0.00    7.29    0.00    0.00    0.00   21.88

02:53:25 PM  CPU    %usr   %nice    %sys %iowait    %irq   %soft  %steal  %guest  %gnice   %idle
02:53:26 PM    0   55.56    0.00   20.20    0.00    0.00    2.02    0.00    0.00    0.00   22.22

02:53:26 PM  CPU    %usr   %nice    %sys %iowait    %irq   %soft  %steal  %guest  %gnice   %idle
02:53:27 PM    0   57.00    0.00   18.00    0.00    0.00    4.00    0.00    0.00    0.00   21.00

02:53:27 PM  CPU    %usr   %nice    %sys %iowait    %irq   %soft  %steal  %guest  %gnice   %idle
02:53:28 PM    0   52.48    0.00   20.79    0.00    0.00    4.95    0.00    0.00    0.00   21.78

02:53:28 PM  CPU    %usr   %nice    %sys %iowait    %irq   %soft  %steal  %guest  %gnice   %idle
02:53:29 PM    0   54.00    0.00   21.00    0.00    0.00    5.00    0.00    0.00    0.00   20.00

02:53:29 PM  CPU    %usr   %nice    %sys %iowait    %irq   %soft  %steal  %guest  %gnice   %idle
02:53:30 PM    0   53.92    0.00   19.61    0.00    0.00    4.90    0.00    0.00    0.00   21.57

02:53:30 PM  CPU    %usr   %nice    %sys %iowait    %irq   %soft  %steal  %guest  %gnice   %idle
02:53:31 PM    0   51.96    0.00   23.53    0.00    0.00    3.92    0.00    0.00    0.00   20.59

02:53:31 PM  CPU    %usr   %nice    %sys %iowait    %irq   %soft  %steal  %guest  %gnice   %idle
02:53:32 PM    0   59.00    0.00   15.00    0.00    0.00    4.00    0.00    0.00    0.00   22.00

02:53:32 PM  CPU    %usr   %nice    %sys %iowait    %irq   %soft  %steal  %guest  %gnice   %idle
02:53:33 PM    0   53.00    0.00   19.00    0.00    0.00    6.00    0.00    0.00    0.00   22.00

02:53:33 PM  CPU    %usr   %nice    %sys %iowait    %irq   %soft  %steal  %guest  %gnice   %idle
02:53:34 PM    0   54.46    0.00   17.82    0.00    0.00    5.94    0.00    0.00    0.00   21.78

02:53:34 PM  CPU    %usr   %nice    %sys %iowait    %irq   %soft  %steal  %guest  %gnice   %idle
02:53:35 PM    0   57.00    0.00   17.00    0.00    0.00    4.00    0.00    0.00    0.00   22.00

02:53:35 PM  CPU    %usr   %nice    %sys %iowait    %irq   %soft  %steal  %guest  %gnice   %idle
02:53:36 PM    0   53.92    0.00   19.61    0.00    0.00    4.90    0.00    0.00    0.00   21.57

02:53:36 PM  CPU    %usr   %nice    %sys %iowait    %irq   %soft  %steal  %guest  %gnice   %idle
02:53:37 PM    0   50.52    0.00   20.62    0.00    0.00    6.19    0.00    0.00    0.00   22.68

02:53:37 PM  CPU    %usr   %nice    %sys %iowait    %irq   %soft  %steal  %guest  %gnice   %idle
02:53:38 PM    0   50.50    0.00   22.77    0.00    0.00    4.95    0.00    0.00    0.00   21.78

02:53:38 PM  CPU    %usr   %nice    %sys %iowait    %irq   %soft  %steal  %guest  %gnice   %idle
02:53:39 PM    0   52.00    0.00   23.00    0.00    0.00    4.00    0.00    0.00    0.00   21.00

02:53:39 PM  CPU    %usr   %nice    %sys %iowait    %irq   %soft  %steal  %guest  %gnice   %idle
02:53:40 PM    0   55.56    0.00   19.19    0.00    0.00    3.03    0.00    0.00    0.00   22.22

02:53:40 PM  CPU    %usr   %nice    %sys %iowait    %irq   %soft  %steal  %guest  %gnice   %idle
02:53:41 PM    0   53.54    0.00   17.17    0.00    0.00    7.07    0.00    0.00    0.00   22.22

02:53:41 PM  CPU    %usr   %nice    %sys %iowait    %irq   %soft  %steal  %guest  %gnice   %idle
02:53:42 PM    0   52.94    0.00   20.59    0.00    0.00    4.90    0.00    0.00    0.00   21.57

02:53:42 PM  CPU    %usr   %nice    %sys %iowait    %irq   %soft  %steal  %guest  %gnice   %idle
02:53:43 PM    0   50.51    0.00   24.24    0.00    0.00    4.04    0.00    0.00    0.00   21.21

02:53:43 PM  CPU    %usr   %nice    %sys %iowait    %irq   %soft  %steal  %guest  %gnice   %idle
02:53:44 PM    0   48.98    0.00   23.47    0.00    0.00    6.12    0.00    0.00    0.00   21.43

02:53:44 PM  CPU    %usr   %nice    %sys %iowait    %irq   %soft  %steal  %guest  %gnice   %idle
02:53:45 PM    0   52.94    0.00   22.55    0.00    0.00    2.94    0.00    0.00    0.00   21.57

02:53:45 PM  CPU    %usr   %nice    %sys %iowait    %irq   %soft  %steal  %guest  %gnice   %idle
02:53:46 PM    0   52.58    0.00   19.59    0.00    0.00    5.15    0.00    0.00    0.00   22.68

02:53:46 PM  CPU    %usr   %nice    %sys %iowait    %irq   %soft  %steal  %guest  %gnice   %idle
02:53:47 PM    0   51.52    0.00   21.21    0.00    0.00    6.06    0.00    0.00    0.00   21.21

02:53:47 PM  CPU    %usr   %nice    %sys %iowait    %irq   %soft  %steal  %guest  %gnice   %idle
02:53:48 PM    0   50.51    0.00   21.21    0.00    0.00    6.06    0.00    0.00    0.00   22.22

02:53:48 PM  CPU    %usr   %nice    %sys %iowait    %irq   %soft  %steal  %guest  %gnice   %idle
02:53:49 PM    0   48.00    0.00   24.00    0.00    0.00    6.00    0.00    0.00    0.00   22.00

02:53:49 PM  CPU    %usr   %nice    %sys %iowait    %irq   %soft  %steal  %guest  %gnice   %idle
02:53:50 PM    0   53.92    0.00   19.61    0.00    0.00    4.90    0.00    0.00    0.00   21.57

02:53:50 PM  CPU    %usr   %nice    %sys %iowait    %irq   %soft  %steal  %guest  %gnice   %idle
02:53:51 PM    0   51.92    0.00   19.23    0.00    0.00    7.69    0.00    0.00    0.00   21.15

02:53:51 PM  CPU    %usr   %nice    %sys %iowait    %irq   %soft  %steal  %guest  %gnice   %idle
02:53:52 PM    0   53.06    0.00   20.41    0.00    0.00    5.10    0.00    0.00    0.00   21.43

02:53:52 PM  CPU    %usr   %nice    %sys %iowait    %irq   %soft  %steal  %guest  %gnice   %idle
02:53:53 PM    0   48.51    0.00   23.76    0.00    0.00    5.94    0.00    0.00    0.00   21.78

02:53:53 PM  CPU    %usr   %nice    %sys %iowait    %irq   %soft  %steal  %guest  %gnice   %idle
02:53:54 PM    0   50.52    0.00   18.56    0.00    0.00    8.25    0.00    0.00    0.00   22.68

02:53:54 PM  CPU    %usr   %nice    %sys %iowait    %irq   %soft  %steal  %guest  %gnice   %idle
02:53:55 PM    0   56.57    0.00   19.19    0.00    0.00    3.03    0.00    0.00    0.00   21.21

02:53:55 PM  CPU    %usr   %nice    %sys %iowait    %irq   %soft  %steal  %guest  %gnice   %idle
02:53:56 PM    0   45.54    0.00   27.72    0.00    0.00    5.94    0.00    0.00    0.00   20.79

02:53:56 PM  CPU    %usr   %nice    %sys %iowait    %irq   %soft  %steal  %guest  %gnice   %idle
02:53:57 PM    0   50.51    0.00   19.19    0.00    0.00    8.08    0.00    0.00    0.00   22.22

02:53:57 PM  CPU    %usr   %nice    %sys %iowait    %irq   %soft  %steal  %guest  %gnice   %idle
02:53:58 PM    0   47.92    0.00   23.96    0.00    0.00    6.25    0.00    0.00    0.00   21.88

02:53:58 PM  CPU    %usr   %nice    %sys %iowait    %irq   %soft  %steal  %guest  %gnice   %idle
02:53:59 PM    0   53.06    0.00   17.35    0.00    0.00    7.14    0.00    0.00    0.00   22.45

02:53:59 PM  CPU    %usr   %nice    %sys %iowait    %irq   %soft  %steal  %guest  %gnice   %idle
02:54:00 PM    0   48.45    0.00   23.71    0.00    0.00    5.15    0.00    0.00    0.00   22.68

02:54:00 PM  CPU    %usr   %nice    %sys %iowait    %irq   %soft  %steal  %guest  %gnice   %idle
02:54:01 PM    0   49.49    0.00   25.25    0.00    0.00    4.04    0.00    0.00    0.00   21.21

02:54:01 PM  CPU    %usr   %nice    %sys %iowait    %irq   %soft  %steal  %guest  %gnice   %idle
02:54:02 PM    0   49.00    0.00   23.00    0.00    0.00    7.00    0.00    0.00    0.00   21.00

02:54:02 PM  CPU    %usr   %nice    %sys %iowait    %irq   %soft  %steal  %guest  %gnice   %idle
02:54:03 PM    0   52.00    0.00   18.00    0.00    0.00    8.00    0.00    0.00    0.00   22.00

02:54:03 PM  CPU    %usr   %nice    %sys %iowait    %irq   %soft  %steal  %guest  %gnice   %idle
02:54:04 PM    0   55.45    0.00   19.80    0.00    0.00    2.97    0.00    0.00    0.00   21.78

02:54:04 PM  CPU    %usr   %nice    %sys %iowait    %irq   %soft  %steal  %guest  %gnice   %idle
02:54:05 PM    0   57.43    0.00   17.82    0.00    0.00    3.96    0.00    0.00    0.00   20.79

02:54:05 PM  CPU    %usr   %nice    %sys %iowait    %irq   %soft  %steal  %guest  %gnice   %idle
02:54:06 PM    0   54.55    0.00   19.19    0.00    0.00    4.04    0.00    0.00    0.00   22.22

02:54:06 PM  CPU    %usr   %nice    %sys %iowait    %irq   %soft  %steal  %guest  %gnice   %idle
02:54:07 PM    0   54.55    0.00   18.18    0.00    0.00    5.05    0.00    0.00    0.00   22.22

02:54:07 PM  CPU    %usr   %nice    %sys %iowait    %irq   %soft  %steal  %guest  %gnice   %idle
02:54:08 PM    0   49.50    0.00   23.76    0.00    0.00    5.94    0.00    0.00    0.00   20.79

02:54:08 PM  CPU    %usr   %nice    %sys %iowait    %irq   %soft  %steal  %guest  %gnice   %idle
02:54:09 PM    0   51.00    0.00   19.00    0.00    0.00    8.00    0.00    0.00    0.00   22.00

02:54:09 PM  CPU    %usr   %nice    %sys %iowait    %irq   %soft  %steal  %guest  %gnice   %idle
02:54:10 PM    0   54.55    0.00   18.18    0.00    0.00    5.05    0.00    0.00    0.00   22.22

02:54:10 PM  CPU    %usr   %nice    %sys %iowait    %irq   %soft  %steal  %guest  %gnice   %idle
02:54:11 PM    0   48.51    0.00   23.76    0.00    0.00    5.94    0.00    0.00    0.00   21.78

02:54:11 PM  CPU    %usr   %nice    %sys %iowait    %irq   %soft  %steal  %guest  %gnice   %idle
02:54:12 PM    0   52.00    0.00   22.00    0.00    0.00    5.00    0.00    0.00    0.00   21.00

Average:     CPU    %usr   %nice    %sys %iowait    %irq   %soft  %steal  %guest  %gnice   %idle
Average:       0   52.33    0.00   20.58    0.00    0.00    5.28    0.00    0.00    0.00   21.81
