Linux 5.3.0-61-generic (cw-zenbook) 	07/16/2020 	_x86_64_	(8 CPU)

01:15:20 PM  CPU    %usr   %nice    %sys %iowait    %irq   %soft  %steal  %guest  %gnice   %idle
01:15:21 PM    0   67.00    0.00   25.00    0.00    0.00    5.00    0.00    0.00    0.00    3.00

01:15:21 PM  CPU    %usr   %nice    %sys %iowait    %irq   %soft  %steal  %guest  %gnice   %idle
01:15:22 PM    0   66.34    0.00   24.75    0.00    0.00    6.93    0.00    0.00    0.00    1.98

01:15:22 PM  CPU    %usr   %nice    %sys %iowait    %irq   %soft  %steal  %guest  %gnice   %idle
01:15:23 PM    0   74.00    0.00   20.00    0.00    0.00    5.00    0.00    0.00    0.00    1.00

01:15:23 PM  CPU    %usr   %nice    %sys %iowait    %irq   %soft  %steal  %guest  %gnice   %idle
01:15:24 PM    0   67.33    0.00   24.75    0.00    0.00    5.94    0.00    0.00    0.00    1.98

01:15:24 PM  CPU    %usr   %nice    %sys %iowait    %irq   %soft  %steal  %guest  %gnice   %idle
01:15:25 PM    0   65.00    0.00   30.00    0.00    0.00    3.00    0.00    0.00    0.00    2.00

01:15:25 PM  CPU    %usr   %nice    %sys %iowait    %irq   %soft  %steal  %guest  %gnice   %idle
01:15:26 PM    0   64.00    0.00   27.00    0.00    0.00    7.00    0.00    0.00    0.00    2.00

01:15:26 PM  CPU    %usr   %nice    %sys %iowait    %irq   %soft  %steal  %guest  %gnice   %idle
01:15:27 PM    0   64.29    0.00   26.53    0.00    0.00    7.14    0.00    0.00    0.00    2.04

01:15:27 PM  CPU    %usr   %nice    %sys %iowait    %irq   %soft  %steal  %guest  %gnice   %idle
01:15:28 PM    0   64.36    0.00   30.69    0.00    0.00    2.97    0.00    0.00    0.00    1.98

01:15:28 PM  CPU    %usr   %nice    %sys %iowait    %irq   %soft  %steal  %guest  %gnice   %idle
01:15:29 PM    0   64.65    0.00   27.27    0.00    0.00    6.06    0.00    0.00    0.00    2.02

01:15:29 PM  CPU    %usr   %nice    %sys %iowait    %irq   %soft  %steal  %guest  %gnice   %idle
01:15:30 PM    0   65.35    0.00   26.73    0.00    0.00    5.94    0.00    0.00    0.00    1.98

01:15:30 PM  CPU    %usr   %nice    %sys %iowait    %irq   %soft  %steal  %guest  %gnice   %idle
01:15:31 PM    0   65.66    0.00   27.27    0.00    0.00    6.06    0.00    0.00    0.00    1.01

01:15:31 PM  CPU    %usr   %nice    %sys %iowait    %irq   %soft  %steal  %guest  %gnice   %idle
01:15:32 PM    0   66.67    0.00   25.25    0.00    0.00    7.07    0.00    0.00    0.00    1.01

01:15:32 PM  CPU    %usr   %nice    %sys %iowait    %irq   %soft  %steal  %guest  %gnice   %idle
01:15:33 PM    0   67.68    0.00   26.26    0.00    0.00    5.05    0.00    0.00    0.00    1.01

01:15:33 PM  CPU    %usr   %nice    %sys %iowait    %irq   %soft  %steal  %guest  %gnice   %idle
01:15:34 PM    0   68.63    0.00   22.55    0.00    0.00    5.88    0.00    0.00    0.00    2.94

01:15:34 PM  CPU    %usr   %nice    %sys %iowait    %irq   %soft  %steal  %guest  %gnice   %idle
01:15:35 PM    0   67.35    0.00   23.47    0.00    0.00    7.14    0.00    0.00    0.00    2.04

01:15:35 PM  CPU    %usr   %nice    %sys %iowait    %irq   %soft  %steal  %guest  %gnice   %idle
01:15:36 PM    0   64.36    0.00   29.70    0.00    0.00    3.96    0.00    0.00    0.00    1.98

01:15:36 PM  CPU    %usr   %nice    %sys %iowait    %irq   %soft  %steal  %guest  %gnice   %idle
01:15:37 PM    0   69.39    0.00   23.47    0.00    0.00    6.12    0.00    0.00    0.00    1.02

01:15:37 PM  CPU    %usr   %nice    %sys %iowait    %irq   %soft  %steal  %guest  %gnice   %idle
01:15:38 PM    0   70.30    0.00   22.77    0.00    0.00    5.94    0.00    0.00    0.00    0.99

01:15:38 PM  CPU    %usr   %nice    %sys %iowait    %irq   %soft  %steal  %guest  %gnice   %idle
01:15:39 PM    0   71.00    0.00   22.00    0.00    0.00    6.00    0.00    0.00    0.00    1.00

01:15:39 PM  CPU    %usr   %nice    %sys %iowait    %irq   %soft  %steal  %guest  %gnice   %idle
01:15:40 PM    0   63.00    0.00   29.00    0.00    0.00    7.00    0.00    0.00    0.00    1.00

01:15:40 PM  CPU    %usr   %nice    %sys %iowait    %irq   %soft  %steal  %guest  %gnice   %idle
01:15:41 PM    0   65.00    0.00   27.00    0.00    0.00    8.00    0.00    0.00    0.00    0.00

01:15:41 PM  CPU    %usr   %nice    %sys %iowait    %irq   %soft  %steal  %guest  %gnice   %idle
01:15:42 PM    0   72.73    0.00   26.26    0.00    0.00    1.01    0.00    0.00    0.00    0.00

01:15:42 PM  CPU    %usr   %nice    %sys %iowait    %irq   %soft  %steal  %guest  %gnice   %idle
01:15:43 PM    0   66.34    0.00   25.74    0.00    0.00    6.93    0.00    0.00    0.00    0.99

01:15:43 PM  CPU    %usr   %nice    %sys %iowait    %irq   %soft  %steal  %guest  %gnice   %idle
01:15:44 PM    0   65.66    0.00   24.24    0.00    0.00    8.08    0.00    0.00    0.00    2.02

01:15:44 PM  CPU    %usr   %nice    %sys %iowait    %irq   %soft  %steal  %guest  %gnice   %idle
01:15:45 PM    0   66.00    0.00   26.00    0.00    0.00    7.00    0.00    0.00    0.00    1.00

01:15:45 PM  CPU    %usr   %nice    %sys %iowait    %irq   %soft  %steal  %guest  %gnice   %idle
01:15:46 PM    0   64.00    0.00   28.00    0.00    0.00    7.00    0.00    0.00    0.00    1.00

01:15:46 PM  CPU    %usr   %nice    %sys %iowait    %irq   %soft  %steal  %guest  %gnice   %idle
01:15:47 PM    0   57.43    0.00   31.68    0.00    0.00    7.92    0.00    0.00    0.00    2.97

01:15:47 PM  CPU    %usr   %nice    %sys %iowait    %irq   %soft  %steal  %guest  %gnice   %idle
01:15:48 PM    0   70.41    0.00   24.49    0.00    0.00    4.08    0.00    0.00    0.00    1.02

01:15:48 PM  CPU    %usr   %nice    %sys %iowait    %irq   %soft  %steal  %guest  %gnice   %idle
01:15:49 PM    0   59.41    0.00   29.70    0.00    0.00    7.92    0.00    0.00    0.00    2.97

01:15:49 PM  CPU    %usr   %nice    %sys %iowait    %irq   %soft  %steal  %guest  %gnice   %idle
01:15:50 PM    0   66.00    0.00   26.00    0.00    0.00    6.00    0.00    0.00    0.00    2.00

01:15:50 PM  CPU    %usr   %nice    %sys %iowait    %irq   %soft  %steal  %guest  %gnice   %idle
01:15:51 PM    0   61.62    0.00   32.32    0.00    0.00    6.06    0.00    0.00    0.00    0.00

01:15:51 PM  CPU    %usr   %nice    %sys %iowait    %irq   %soft  %steal  %guest  %gnice   %idle
01:15:52 PM    0   66.67    0.00   25.49    0.00    0.00    6.86    0.00    0.00    0.00    0.98

01:15:52 PM  CPU    %usr   %nice    %sys %iowait    %irq   %soft  %steal  %guest  %gnice   %idle
01:15:53 PM    0   68.69    0.00   24.24    0.00    0.00    7.07    0.00    0.00    0.00    0.00

01:15:53 PM  CPU    %usr   %nice    %sys %iowait    %irq   %soft  %steal  %guest  %gnice   %idle
01:15:54 PM    0   68.69    0.00   27.27    0.00    0.00    4.04    0.00    0.00    0.00    0.00

01:15:54 PM  CPU    %usr   %nice    %sys %iowait    %irq   %soft  %steal  %guest  %gnice   %idle
01:15:55 PM    0   67.00    0.00   27.00    0.00    0.00    5.00    0.00    0.00    0.00    1.00

01:15:55 PM  CPU    %usr   %nice    %sys %iowait    %irq   %soft  %steal  %guest  %gnice   %idle
01:15:56 PM    0   66.33    0.00   26.53    0.00    0.00    7.14    0.00    0.00    0.00    0.00

01:15:56 PM  CPU    %usr   %nice    %sys %iowait    %irq   %soft  %steal  %guest  %gnice   %idle
01:15:57 PM    0   70.00    0.00   22.00    0.00    0.00    7.00    0.00    0.00    0.00    1.00

01:15:57 PM  CPU    %usr   %nice    %sys %iowait    %irq   %soft  %steal  %guest  %gnice   %idle
01:15:58 PM    0   67.68    0.00   26.26    0.00    0.00    6.06    0.00    0.00    0.00    0.00

01:15:58 PM  CPU    %usr   %nice    %sys %iowait    %irq   %soft  %steal  %guest  %gnice   %idle
01:15:59 PM    0   63.73    0.00   26.47    0.00    0.00    7.84    0.00    0.00    0.00    1.96

01:15:59 PM  CPU    %usr   %nice    %sys %iowait    %irq   %soft  %steal  %guest  %gnice   %idle
01:16:00 PM    0   66.67    0.00   30.30    0.00    0.00    1.01    0.00    0.00    0.00    2.02

01:16:00 PM  CPU    %usr   %nice    %sys %iowait    %irq   %soft  %steal  %guest  %gnice   %idle
01:16:01 PM    0   68.32    0.00   23.76    0.00    0.00    6.93    0.00    0.00    0.00    0.99

01:16:01 PM  CPU    %usr   %nice    %sys %iowait    %irq   %soft  %steal  %guest  %gnice   %idle
01:16:02 PM    0   67.00    0.00   28.00    0.00    0.00    5.00    0.00    0.00    0.00    0.00

01:16:02 PM  CPU    %usr   %nice    %sys %iowait    %irq   %soft  %steal  %guest  %gnice   %idle
01:16:03 PM    0   63.00    0.00   30.00    0.00    0.00    6.00    0.00    0.00    0.00    1.00

01:16:03 PM  CPU    %usr   %nice    %sys %iowait    %irq   %soft  %steal  %guest  %gnice   %idle
01:16:04 PM    0   76.00    0.00   18.00    0.00    0.00    6.00    0.00    0.00    0.00    0.00

01:16:04 PM  CPU    %usr   %nice    %sys %iowait    %irq   %soft  %steal  %guest  %gnice   %idle
01:16:05 PM    0   63.00    0.00   27.00    0.00    0.00    9.00    0.00    0.00    0.00    1.00

01:16:05 PM  CPU    %usr   %nice    %sys %iowait    %irq   %soft  %steal  %guest  %gnice   %idle
01:16:06 PM    0   62.75    0.00   29.41    0.00    0.00    6.86    0.00    0.00    0.00    0.98

01:16:06 PM  CPU    %usr   %nice    %sys %iowait    %irq   %soft  %steal  %guest  %gnice   %idle
01:16:07 PM    0   61.00    0.00   31.00    0.00    0.00    6.00    0.00    0.00    0.00    2.00

01:16:07 PM  CPU    %usr   %nice    %sys %iowait    %irq   %soft  %steal  %guest  %gnice   %idle
01:16:08 PM    0   71.00    0.00   20.00    0.00    0.00    6.00    0.00    0.00    0.00    3.00

01:16:08 PM  CPU    %usr   %nice    %sys %iowait    %irq   %soft  %steal  %guest  %gnice   %idle
01:16:09 PM    0   68.00    0.00   25.00    0.00    0.00    4.00    0.00    0.00    0.00    3.00

01:16:09 PM  CPU    %usr   %nice    %sys %iowait    %irq   %soft  %steal  %guest  %gnice   %idle
01:16:10 PM    0   65.35    0.00   26.73    0.00    0.00    4.95    0.00    0.00    0.00    2.97

01:16:10 PM  CPU    %usr   %nice    %sys %iowait    %irq   %soft  %steal  %guest  %gnice   %idle
01:16:11 PM    0   68.00    0.00   24.00    0.00    0.00    6.00    0.00    0.00    0.00    2.00

01:16:11 PM  CPU    %usr   %nice    %sys %iowait    %irq   %soft  %steal  %guest  %gnice   %idle
01:16:12 PM    0   61.62    0.00   31.31    0.00    0.00    6.06    0.00    0.00    0.00    1.01

01:16:12 PM  CPU    %usr   %nice    %sys %iowait    %irq   %soft  %steal  %guest  %gnice   %idle
01:16:13 PM    0   70.71    0.00   22.22    0.00    0.00    6.06    0.00    0.00    0.00    1.01

01:16:13 PM  CPU    %usr   %nice    %sys %iowait    %irq   %soft  %steal  %guest  %gnice   %idle
01:16:14 PM    0   67.65    0.00   23.53    0.00    0.00    6.86    0.00    0.00    0.00    1.96

01:16:14 PM  CPU    %usr   %nice    %sys %iowait    %irq   %soft  %steal  %guest  %gnice   %idle
01:16:15 PM    0   69.00    0.00   24.00    0.00    0.00    6.00    0.00    0.00    0.00    1.00

01:16:15 PM  CPU    %usr   %nice    %sys %iowait    %irq   %soft  %steal  %guest  %gnice   %idle
01:16:16 PM    0   67.68    0.00   24.24    0.00    0.00    6.06    0.00    0.00    0.00    2.02

01:16:16 PM  CPU    %usr   %nice    %sys %iowait    %irq   %soft  %steal  %guest  %gnice   %idle
01:16:17 PM    0   66.00    0.00   26.00    0.00    0.00    7.00    0.00    0.00    0.00    1.00

01:16:17 PM  CPU    %usr   %nice    %sys %iowait    %irq   %soft  %steal  %guest  %gnice   %idle
01:16:18 PM    0   68.32    0.00   24.75    0.00    0.00    4.95    0.00    0.00    0.00    1.98

01:16:18 PM  CPU    %usr   %nice    %sys %iowait    %irq   %soft  %steal  %guest  %gnice   %idle
01:16:19 PM    0   66.34    0.00   26.73    0.00    0.00    6.93    0.00    0.00    0.00    0.00

01:16:19 PM  CPU    %usr   %nice    %sys %iowait    %irq   %soft  %steal  %guest  %gnice   %idle
01:16:20 PM    0   64.00    0.00   26.00    0.00    0.00    9.00    0.00    0.00    0.00    1.00

01:16:20 PM  CPU    %usr   %nice    %sys %iowait    %irq   %soft  %steal  %guest  %gnice   %idle
01:16:21 PM    0   63.00    0.00   28.00    0.00    0.00    8.00    0.00    0.00    0.00    1.00

01:16:21 PM  CPU    %usr   %nice    %sys %iowait    %irq   %soft  %steal  %guest  %gnice   %idle
01:16:22 PM    0   63.64    0.00   28.28    0.00    0.00    6.06    0.00    0.00    0.00    2.02

01:16:22 PM  CPU    %usr   %nice    %sys %iowait    %irq   %soft  %steal  %guest  %gnice   %idle
01:16:23 PM    0   67.00    0.00   27.00    0.00    0.00    4.00    0.00    0.00    0.00    2.00

01:16:23 PM  CPU    %usr   %nice    %sys %iowait    %irq   %soft  %steal  %guest  %gnice   %idle
01:16:24 PM    0   69.00    0.00   25.00    0.00    0.00    6.00    0.00    0.00    0.00    0.00

01:16:24 PM  CPU    %usr   %nice    %sys %iowait    %irq   %soft  %steal  %guest  %gnice   %idle
01:16:25 PM    0   64.65    0.00   28.28    0.00    0.00    6.06    0.00    0.00    0.00    1.01

01:16:25 PM  CPU    %usr   %nice    %sys %iowait    %irq   %soft  %steal  %guest  %gnice   %idle
01:16:26 PM    0   69.00    0.00   28.00    0.00    0.00    3.00    0.00    0.00    0.00    0.00

01:16:26 PM  CPU    %usr   %nice    %sys %iowait    %irq   %soft  %steal  %guest  %gnice   %idle
01:16:27 PM    0   61.00    0.00   28.00    0.00    0.00    9.00    0.00    0.00    0.00    2.00

01:16:27 PM  CPU    %usr   %nice    %sys %iowait    %irq   %soft  %steal  %guest  %gnice   %idle
01:16:28 PM    0   63.00    0.00   27.00    0.00    0.00    9.00    0.00    0.00    0.00    1.00

01:16:28 PM  CPU    %usr   %nice    %sys %iowait    %irq   %soft  %steal  %guest  %gnice   %idle
01:16:29 PM    0   68.32    0.00   24.75    0.00    0.00    5.94    0.00    0.00    0.00    0.99

01:16:29 PM  CPU    %usr   %nice    %sys %iowait    %irq   %soft  %steal  %guest  %gnice   %idle
01:16:30 PM    0   68.69    0.00   24.24    0.00    0.00    7.07    0.00    0.00    0.00    0.00

01:16:30 PM  CPU    %usr   %nice    %sys %iowait    %irq   %soft  %steal  %guest  %gnice   %idle
01:16:31 PM    0   69.70    0.00   23.23    0.00    0.00    4.04    0.00    0.00    0.00    3.03

01:16:31 PM  CPU    %usr   %nice    %sys %iowait    %irq   %soft  %steal  %guest  %gnice   %idle
01:16:32 PM    0   63.64    0.00   23.23    0.00    0.00   10.10    0.00    0.00    0.00    3.03

01:16:32 PM  CPU    %usr   %nice    %sys %iowait    %irq   %soft  %steal  %guest  %gnice   %idle
01:16:33 PM    0   63.00    0.00   29.00    0.00    0.00    6.00    0.00    0.00    0.00    2.00

01:16:33 PM  CPU    %usr   %nice    %sys %iowait    %irq   %soft  %steal  %guest  %gnice   %idle
01:16:34 PM    0   63.00    0.00   31.00    0.00    0.00    6.00    0.00    0.00    0.00    0.00

01:16:34 PM  CPU    %usr   %nice    %sys %iowait    %irq   %soft  %steal  %guest  %gnice   %idle
01:16:35 PM    0   67.00    0.00   26.00    0.00    0.00    6.00    0.00    0.00    0.00    1.00

01:16:35 PM  CPU    %usr   %nice    %sys %iowait    %irq   %soft  %steal  %guest  %gnice   %idle
01:16:36 PM    0   67.33    0.00   23.76    0.00    0.00    7.92    0.00    0.00    0.00    0.99

01:16:36 PM  CPU    %usr   %nice    %sys %iowait    %irq   %soft  %steal  %guest  %gnice   %idle
01:16:37 PM    0   65.00    0.00   29.00    0.00    0.00    6.00    0.00    0.00    0.00    0.00

01:16:37 PM  CPU    %usr   %nice    %sys %iowait    %irq   %soft  %steal  %guest  %gnice   %idle
01:16:38 PM    0   62.00    0.00   30.00    0.00    0.00    8.00    0.00    0.00    0.00    0.00

01:16:38 PM  CPU    %usr   %nice    %sys %iowait    %irq   %soft  %steal  %guest  %gnice   %idle
01:16:39 PM    0   66.00    0.00   27.00    0.00    0.00    6.00    0.00    0.00    0.00    1.00

01:16:39 PM  CPU    %usr   %nice    %sys %iowait    %irq   %soft  %steal  %guest  %gnice   %idle
01:16:40 PM    0   63.37    0.00   29.70    0.00    0.00    5.94    0.00    0.00    0.00    0.99

01:16:40 PM  CPU    %usr   %nice    %sys %iowait    %irq   %soft  %steal  %guest  %gnice   %idle
01:16:41 PM    0   66.67    0.00   24.24    0.00    0.00    8.08    0.00    0.00    0.00    1.01

01:16:41 PM  CPU    %usr   %nice    %sys %iowait    %irq   %soft  %steal  %guest  %gnice   %idle
01:16:42 PM    0   72.55    0.00   21.57    0.00    0.00    4.90    0.00    0.00    0.00    0.98

01:16:42 PM  CPU    %usr   %nice    %sys %iowait    %irq   %soft  %steal  %guest  %gnice   %idle
01:16:43 PM    0   68.00    0.00   26.00    0.00    0.00    5.00    0.00    0.00    0.00    1.00

01:16:43 PM  CPU    %usr   %nice    %sys %iowait    %irq   %soft  %steal  %guest  %gnice   %idle
01:16:44 PM    0   67.01    0.00   26.80    0.00    0.00    6.19    0.00    0.00    0.00    0.00

01:16:44 PM  CPU    %usr   %nice    %sys %iowait    %irq   %soft  %steal  %guest  %gnice   %idle
01:16:45 PM    0   66.34    0.00   27.72    0.00    0.00    4.95    0.00    0.00    0.00    0.99

01:16:45 PM  CPU    %usr   %nice    %sys %iowait    %irq   %soft  %steal  %guest  %gnice   %idle
01:16:46 PM    0   70.00    0.00   25.00    0.00    0.00    5.00    0.00    0.00    0.00    0.00

01:16:46 PM  CPU    %usr   %nice    %sys %iowait    %irq   %soft  %steal  %guest  %gnice   %idle
01:16:47 PM    0   67.68    0.00   23.23    0.00    0.00    7.07    0.00    0.00    0.00    2.02

01:16:47 PM  CPU    %usr   %nice    %sys %iowait    %irq   %soft  %steal  %guest  %gnice   %idle
01:16:48 PM    0   62.38    0.00   29.70    0.00    0.00    6.93    0.00    0.00    0.00    0.99

01:16:48 PM  CPU    %usr   %nice    %sys %iowait    %irq   %soft  %steal  %guest  %gnice   %idle
01:16:49 PM    0   63.64    0.00   33.33    0.00    0.00    3.03    0.00    0.00    0.00    0.00

01:16:49 PM  CPU    %usr   %nice    %sys %iowait    %irq   %soft  %steal  %guest  %gnice   %idle
01:16:50 PM    0   67.00    0.00   27.00    0.00    0.00    5.00    0.00    0.00    0.00    1.00

01:16:50 PM  CPU    %usr   %nice    %sys %iowait    %irq   %soft  %steal  %guest  %gnice   %idle
01:16:51 PM    0   69.00    0.00   26.00    0.00    0.00    5.00    0.00    0.00    0.00    0.00

01:16:51 PM  CPU    %usr   %nice    %sys %iowait    %irq   %soft  %steal  %guest  %gnice   %idle
01:16:52 PM    0   66.00    0.00   26.00    0.00    0.00    7.00    0.00    0.00    0.00    1.00

01:16:52 PM  CPU    %usr   %nice    %sys %iowait    %irq   %soft  %steal  %guest  %gnice   %idle
01:16:53 PM    0   72.00    0.00   24.00    0.00    0.00    4.00    0.00    0.00    0.00    0.00

01:16:53 PM  CPU    %usr   %nice    %sys %iowait    %irq   %soft  %steal  %guest  %gnice   %idle
01:16:54 PM    0   63.00    0.00   28.00    0.00    0.00    8.00    0.00    0.00    0.00    1.00

01:16:54 PM  CPU    %usr   %nice    %sys %iowait    %irq   %soft  %steal  %guest  %gnice   %idle
01:16:55 PM    0   70.00    0.00   23.00    0.00    0.00    5.00    0.00    0.00    0.00    2.00

01:16:55 PM  CPU    %usr   %nice    %sys %iowait    %irq   %soft  %steal  %guest  %gnice   %idle
01:16:56 PM    0   67.68    0.00   24.24    0.00    0.00    5.05    0.00    0.00    0.00    3.03

01:16:56 PM  CPU    %usr   %nice    %sys %iowait    %irq   %soft  %steal  %guest  %gnice   %idle
01:16:57 PM    0   64.36    0.00   25.74    0.00    0.00    6.93    0.00    0.00    0.00    2.97

01:16:57 PM  CPU    %usr   %nice    %sys %iowait    %irq   %soft  %steal  %guest  %gnice   %idle
01:16:58 PM    0   60.40    0.00   27.72    0.00    0.00   10.89    0.00    0.00    0.00    0.99

01:16:58 PM  CPU    %usr   %nice    %sys %iowait    %irq   %soft  %steal  %guest  %gnice   %idle
01:16:59 PM    0   67.00    0.00   24.00    0.00    0.00    8.00    0.00    0.00    0.00    1.00

01:16:59 PM  CPU    %usr   %nice    %sys %iowait    %irq   %soft  %steal  %guest  %gnice   %idle
01:17:00 PM    0   65.31    0.00   25.51    0.00    0.00    6.12    0.00    0.00    0.00    3.06

01:17:00 PM  CPU    %usr   %nice    %sys %iowait    %irq   %soft  %steal  %guest  %gnice   %idle
01:17:01 PM    0   65.35    0.00   26.73    0.00    0.00    4.95    0.00    0.00    0.00    2.97

01:17:01 PM  CPU    %usr   %nice    %sys %iowait    %irq   %soft  %steal  %guest  %gnice   %idle
01:17:02 PM    0   66.00    0.00   27.00    0.00    0.00    5.00    0.00    0.00    0.00    2.00

01:17:02 PM  CPU    %usr   %nice    %sys %iowait    %irq   %soft  %steal  %guest  %gnice   %idle
01:17:03 PM    0   69.00    0.00   26.00    0.00    0.00    5.00    0.00    0.00    0.00    0.00

01:17:03 PM  CPU    %usr   %nice    %sys %iowait    %irq   %soft  %steal  %guest  %gnice   %idle
01:17:04 PM    0   64.65    0.00   31.31    0.00    0.00    3.03    0.00    0.00    0.00    1.01

01:17:04 PM  CPU    %usr   %nice    %sys %iowait    %irq   %soft  %steal  %guest  %gnice   %idle
01:17:05 PM    0   66.00    0.00   24.00    0.00    0.00    8.00    0.00    0.00    0.00    2.00

01:17:05 PM  CPU    %usr   %nice    %sys %iowait    %irq   %soft  %steal  %guest  %gnice   %idle
01:17:06 PM    0   66.67    0.00   26.26    0.00    0.00    6.06    0.00    0.00    0.00    1.01

01:17:06 PM  CPU    %usr   %nice    %sys %iowait    %irq   %soft  %steal  %guest  %gnice   %idle
01:17:07 PM    0   70.00    0.00   23.00    0.00    0.00    6.00    0.00    0.00    0.00    1.00

01:17:07 PM  CPU    %usr   %nice    %sys %iowait    %irq   %soft  %steal  %guest  %gnice   %idle
01:17:08 PM    0   66.67    0.00   25.25    0.00    0.00    8.08    0.00    0.00    0.00    0.00

01:17:08 PM  CPU    %usr   %nice    %sys %iowait    %irq   %soft  %steal  %guest  %gnice   %idle
01:17:09 PM    0   66.00    0.00   27.00    0.00    0.00    6.00    0.00    0.00    0.00    1.00

01:17:09 PM  CPU    %usr   %nice    %sys %iowait    %irq   %soft  %steal  %guest  %gnice   %idle
01:17:10 PM    0   67.68    0.00   28.28    0.00    0.00    4.04    0.00    0.00    0.00    0.00

01:17:10 PM  CPU    %usr   %nice    %sys %iowait    %irq   %soft  %steal  %guest  %gnice   %idle
01:17:11 PM    0   68.32    0.00   24.75    0.00    0.00    5.94    0.00    0.00    0.00    0.99

01:17:11 PM  CPU    %usr   %nice    %sys %iowait    %irq   %soft  %steal  %guest  %gnice   %idle
01:17:12 PM    0   69.70    0.00   25.25    0.00    0.00    5.05    0.00    0.00    0.00    0.00

01:17:12 PM  CPU    %usr   %nice    %sys %iowait    %irq   %soft  %steal  %guest  %gnice   %idle
01:17:13 PM    0   67.33    0.00   23.76    0.00    0.00    6.93    0.00    0.00    0.00    1.98

01:17:13 PM  CPU    %usr   %nice    %sys %iowait    %irq   %soft  %steal  %guest  %gnice   %idle
01:17:14 PM    0   66.34    0.00   24.75    0.00    0.00    7.92    0.00    0.00    0.00    0.99

01:17:14 PM  CPU    %usr   %nice    %sys %iowait    %irq   %soft  %steal  %guest  %gnice   %idle
01:17:15 PM    0   67.00    0.00   25.00    0.00    0.00    7.00    0.00    0.00    0.00    1.00

01:17:15 PM  CPU    %usr   %nice    %sys %iowait    %irq   %soft  %steal  %guest  %gnice   %idle
01:17:16 PM    0   64.36    0.00   27.72    0.00    0.00    5.94    0.00    0.00    0.00    1.98

01:17:16 PM  CPU    %usr   %nice    %sys %iowait    %irq   %soft  %steal  %guest  %gnice   %idle
01:17:17 PM    0   67.35    0.00   26.53    0.00    0.00    4.08    0.00    0.00    0.00    2.04

01:17:17 PM  CPU    %usr   %nice    %sys %iowait    %irq   %soft  %steal  %guest  %gnice   %idle
01:17:18 PM    0   66.00    0.00   25.00    0.00    0.00    7.00    0.00    0.00    0.00    2.00

01:17:18 PM  CPU    %usr   %nice    %sys %iowait    %irq   %soft  %steal  %guest  %gnice   %idle
01:17:19 PM    0   67.00    0.00   25.00    0.00    0.00    7.00    0.00    0.00    0.00    1.00

01:17:19 PM  CPU    %usr   %nice    %sys %iowait    %irq   %soft  %steal  %guest  %gnice   %idle
01:17:20 PM    0   71.43    0.00   24.49    0.00    0.00    3.06    0.00    0.00    0.00    1.02

Average:     CPU    %usr   %nice    %sys %iowait    %irq   %soft  %steal  %guest  %gnice   %idle
Average:       0   66.47    0.00   26.16    0.00    0.00    6.10    0.00    0.00    0.00    1.27
