Linux 5.3.0-61-generic (cw-zenbook) 	07/16/2020 	_x86_64_	(8 CPU)

11:46:20 AM  CPU    %usr   %nice    %sys %iowait    %irq   %soft  %steal  %guest  %gnice   %idle
11:46:21 AM    0   26.26    0.00    9.09    0.00    0.00    4.04    0.00    0.00    0.00   60.61

11:46:21 AM  CPU    %usr   %nice    %sys %iowait    %irq   %soft  %steal  %guest  %gnice   %idle
11:46:22 AM    0   30.00    0.00    8.00    0.00    0.00    2.00    0.00    0.00    0.00   60.00

11:46:22 AM  CPU    %usr   %nice    %sys %iowait    %irq   %soft  %steal  %guest  %gnice   %idle
11:46:23 AM    0   22.45    0.00   12.24    0.00    0.00    4.08    0.00    0.00    0.00   61.22

11:46:23 AM  CPU    %usr   %nice    %sys %iowait    %irq   %soft  %steal  %guest  %gnice   %idle
11:46:24 AM    0   25.00    0.00   12.00    0.00    0.00    4.00    0.00    0.00    0.00   59.00

11:46:24 AM  CPU    %usr   %nice    %sys %iowait    %irq   %soft  %steal  %guest  %gnice   %idle
11:46:25 AM    0   28.28    0.00    7.07    0.00    0.00    4.04    0.00    0.00    0.00   60.61

11:46:25 AM  CPU    %usr   %nice    %sys %iowait    %irq   %soft  %steal  %guest  %gnice   %idle
11:46:26 AM    0   24.24    0.00   10.10    0.00    0.00    5.05    0.00    0.00    0.00   60.61

11:46:26 AM  CPU    %usr   %nice    %sys %iowait    %irq   %soft  %steal  %guest  %gnice   %idle
11:46:27 AM    0   24.75    0.00   11.88    0.00    0.00    2.97    0.00    0.00    0.00   60.40

11:46:27 AM  CPU    %usr   %nice    %sys %iowait    %irq   %soft  %steal  %guest  %gnice   %idle
11:46:28 AM    0   26.53    0.00   10.20    0.00    0.00    1.02    0.00    0.00    0.00   62.24

11:46:28 AM  CPU    %usr   %nice    %sys %iowait    %irq   %soft  %steal  %guest  %gnice   %idle
11:46:29 AM    0   26.73    0.00    8.91    0.00    0.00    4.95    0.00    0.00    0.00   59.41

11:46:29 AM  CPU    %usr   %nice    %sys %iowait    %irq   %soft  %steal  %guest  %gnice   %idle
11:46:30 AM    0   27.72    0.00    8.91    0.00    0.00    3.96    0.00    0.00    0.00   59.41

11:46:30 AM  CPU    %usr   %nice    %sys %iowait    %irq   %soft  %steal  %guest  %gnice   %idle
11:46:31 AM    0   25.00    0.00   10.00    0.00    0.00    5.00    0.00    0.00    0.00   60.00

11:46:31 AM  CPU    %usr   %nice    %sys %iowait    %irq   %soft  %steal  %guest  %gnice   %idle
11:46:32 AM    0   26.00    0.00   10.00    0.00    0.00    3.00    0.00    0.00    0.00   61.00

11:46:32 AM  CPU    %usr   %nice    %sys %iowait    %irq   %soft  %steal  %guest  %gnice   %idle
11:46:33 AM    0   23.30    0.00   13.59    0.00    0.00    3.88    0.00    0.00    0.00   59.22

11:46:33 AM  CPU    %usr   %nice    %sys %iowait    %irq   %soft  %steal  %guest  %gnice   %idle
11:46:34 AM    0   27.55    0.00    7.14    0.00    0.00    3.06    0.00    0.00    0.00   62.24

11:46:34 AM  CPU    %usr   %nice    %sys %iowait    %irq   %soft  %steal  %guest  %gnice   %idle
11:46:35 AM    0   20.62    0.00   12.37    0.00    0.00    4.12    0.00    0.00    0.00   62.89

11:46:35 AM  CPU    %usr   %nice    %sys %iowait    %irq   %soft  %steal  %guest  %gnice   %idle
11:46:36 AM    0   27.00    0.00   10.00    0.00    0.00    3.00    0.00    0.00    0.00   60.00

11:46:36 AM  CPU    %usr   %nice    %sys %iowait    %irq   %soft  %steal  %guest  %gnice   %idle
11:46:37 AM    0   27.72    0.00    8.91    0.00    0.00    2.97    0.00    0.00    0.00   60.40

11:46:37 AM  CPU    %usr   %nice    %sys %iowait    %irq   %soft  %steal  %guest  %gnice   %idle
11:46:38 AM    0   24.00    0.00   11.00    0.00    0.00    5.00    0.00    0.00    0.00   60.00

11:46:38 AM  CPU    %usr   %nice    %sys %iowait    %irq   %soft  %steal  %guest  %gnice   %idle
11:46:39 AM    0   24.75    0.00   12.87    0.00    0.00    2.97    0.00    0.00    0.00   59.41

11:46:39 AM  CPU    %usr   %nice    %sys %iowait    %irq   %soft  %steal  %guest  %gnice   %idle
11:46:40 AM    0   27.84    0.00    7.22    0.00    0.00    3.09    0.00    0.00    0.00   61.86

11:46:40 AM  CPU    %usr   %nice    %sys %iowait    %irq   %soft  %steal  %guest  %gnice   %idle
11:46:41 AM    0   26.26    0.00   10.10    0.00    0.00    3.03    0.00    0.00    0.00   60.61

11:46:41 AM  CPU    %usr   %nice    %sys %iowait    %irq   %soft  %steal  %guest  %gnice   %idle
11:46:42 AM    0   27.27    0.00    7.07    0.00    0.00    5.05    0.00    0.00    0.00   60.61

11:46:42 AM  CPU    %usr   %nice    %sys %iowait    %irq   %soft  %steal  %guest  %gnice   %idle
11:46:43 AM    0   29.81    0.00    8.65    0.00    0.00    2.88    0.00    0.00    0.00   58.65

11:46:43 AM  CPU    %usr   %nice    %sys %iowait    %irq   %soft  %steal  %guest  %gnice   %idle
11:46:44 AM    0   28.57    0.00    7.14    0.00    0.00    2.04    0.00    0.00    0.00   62.24

11:46:44 AM  CPU    %usr   %nice    %sys %iowait    %irq   %soft  %steal  %guest  %gnice   %idle
11:46:45 AM    0   25.74    0.00    8.91    0.00    0.00    4.95    0.00    0.00    0.00   60.40

11:46:45 AM  CPU    %usr   %nice    %sys %iowait    %irq   %soft  %steal  %guest  %gnice   %idle
11:46:46 AM    0   27.18    0.00    9.71    0.00    0.00    3.88    0.00    0.00    0.00   59.22

11:46:46 AM  CPU    %usr   %nice    %sys %iowait    %irq   %soft  %steal  %guest  %gnice   %idle
11:46:47 AM    0   25.77    0.00    8.25    0.00    0.00    4.12    0.00    0.00    0.00   61.86

11:46:47 AM  CPU    %usr   %nice    %sys %iowait    %irq   %soft  %steal  %guest  %gnice   %idle
11:46:48 AM    0   30.48    0.00    8.57    0.00    0.00    3.81    0.00    0.00    0.00   57.14

11:46:48 AM  CPU    %usr   %nice    %sys %iowait    %irq   %soft  %steal  %guest  %gnice   %idle
11:46:49 AM    0   24.49    0.00   10.20    0.00    0.00    3.06    0.00    0.00    0.00   62.24

11:46:49 AM  CPU    %usr   %nice    %sys %iowait    %irq   %soft  %steal  %guest  %gnice   %idle
11:46:50 AM    0   23.76    0.00   11.88    0.00    0.00    4.95    0.00    0.00    0.00   59.41

11:46:50 AM  CPU    %usr   %nice    %sys %iowait    %irq   %soft  %steal  %guest  %gnice   %idle
11:46:51 AM    0   25.51    0.00   12.24    0.00    0.00    2.04    0.00    0.00    0.00   60.20

11:46:51 AM  CPU    %usr   %nice    %sys %iowait    %irq   %soft  %steal  %guest  %gnice   %idle
11:46:52 AM    0   28.00    0.00   11.00    0.00    0.00    1.00    0.00    0.00    0.00   60.00

11:46:52 AM  CPU    %usr   %nice    %sys %iowait    %irq   %soft  %steal  %guest  %gnice   %idle
11:46:53 AM    0   24.00    0.00   11.00    0.00    0.00    4.00    0.00    0.00    0.00   61.00

11:46:53 AM  CPU    %usr   %nice    %sys %iowait    %irq   %soft  %steal  %guest  %gnice   %idle
11:46:54 AM    0   27.72    0.00    8.91    0.00    0.00    3.96    0.00    0.00    0.00   59.41

11:46:54 AM  CPU    %usr   %nice    %sys %iowait    %irq   %soft  %steal  %guest  %gnice   %idle
11:46:55 AM    0   26.80    0.00    8.25    0.00    0.00    3.09    0.00    0.00    0.00   61.86

11:46:55 AM  CPU    %usr   %nice    %sys %iowait    %irq   %soft  %steal  %guest  %gnice   %idle
11:46:56 AM    0   28.57    0.00    8.16    0.00    0.00    1.02    0.00    0.00    0.00   62.24

11:46:56 AM  CPU    %usr   %nice    %sys %iowait    %irq   %soft  %steal  %guest  %gnice   %idle
11:46:57 AM    0   24.00    0.00   13.00    0.00    0.00    2.00    0.00    0.00    0.00   61.00

11:46:57 AM  CPU    %usr   %nice    %sys %iowait    %irq   %soft  %steal  %guest  %gnice   %idle
11:46:58 AM    0   25.49    0.00   12.75    0.00    0.00    2.94    0.00    0.00    0.00   58.82

11:46:58 AM  CPU    %usr   %nice    %sys %iowait    %irq   %soft  %steal  %guest  %gnice   %idle
11:46:59 AM    0   26.53    0.00   10.20    0.00    0.00    2.04    0.00    0.00    0.00   61.22

11:46:59 AM  CPU    %usr   %nice    %sys %iowait    %irq   %soft  %steal  %guest  %gnice   %idle
11:47:00 AM    0   24.49    0.00   12.24    0.00    0.00    1.02    0.00    0.00    0.00   62.24

11:47:00 AM  CPU    %usr   %nice    %sys %iowait    %irq   %soft  %steal  %guest  %gnice   %idle
11:47:01 AM    0   28.00    0.00    9.00    0.00    0.00    2.00    0.00    0.00    0.00   61.00

11:47:01 AM  CPU    %usr   %nice    %sys %iowait    %irq   %soft  %steal  %guest  %gnice   %idle
11:47:02 AM    0   30.00    0.00    8.00    0.00    0.00    3.00    0.00    0.00    0.00   59.00

11:47:02 AM  CPU    %usr   %nice    %sys %iowait    %irq   %soft  %steal  %guest  %gnice   %idle
11:47:03 AM    0   26.92    0.00   12.50    0.00    0.00    1.92    0.00    0.00    0.00   58.65

11:47:03 AM  CPU    %usr   %nice    %sys %iowait    %irq   %soft  %steal  %guest  %gnice   %idle
11:47:04 AM    0   25.51    0.00   11.22    0.00    0.00    2.04    0.00    0.00    0.00   61.22

11:47:04 AM  CPU    %usr   %nice    %sys %iowait    %irq   %soft  %steal  %guest  %gnice   %idle
11:47:05 AM    0   25.51    0.00   10.20    0.00    0.00    3.06    0.00    0.00    0.00   61.22

11:47:05 AM  CPU    %usr   %nice    %sys %iowait    %irq   %soft  %steal  %guest  %gnice   %idle
11:47:06 AM    0   25.00    0.00   12.00    0.00    0.00    2.00    0.00    0.00    0.00   61.00

11:47:06 AM  CPU    %usr   %nice    %sys %iowait    %irq   %soft  %steal  %guest  %gnice   %idle
11:47:07 AM    0   26.26    0.00    9.09    0.00    0.00    3.03    0.00    0.00    0.00   61.62

11:47:07 AM  CPU    %usr   %nice    %sys %iowait    %irq   %soft  %steal  %guest  %gnice   %idle
11:47:08 AM    0   25.51    0.00    9.18    0.00    0.00    3.06    0.00    0.00    0.00   62.24

11:47:08 AM  CPU    %usr   %nice    %sys %iowait    %irq   %soft  %steal  %guest  %gnice   %idle
11:47:09 AM    0   26.53    0.00   10.20    0.00    0.00    1.02    0.00    0.00    0.00   62.24

11:47:09 AM  CPU    %usr   %nice    %sys %iowait    %irq   %soft  %steal  %guest  %gnice   %idle
11:47:10 AM    0   27.55    0.00    9.18    0.00    0.00    2.04    0.00    0.00    0.00   61.22

11:47:10 AM  CPU    %usr   %nice    %sys %iowait    %irq   %soft  %steal  %guest  %gnice   %idle
11:47:11 AM    0   23.47    0.00    9.18    0.00    0.00    5.10    0.00    0.00    0.00   62.24

11:47:11 AM  CPU    %usr   %nice    %sys %iowait    %irq   %soft  %steal  %guest  %gnice   %idle
11:47:12 AM    0   26.26    0.00   10.10    0.00    0.00    3.03    0.00    0.00    0.00   60.61

11:47:12 AM  CPU    %usr   %nice    %sys %iowait    %irq   %soft  %steal  %guest  %gnice   %idle
11:47:13 AM    0   24.49    0.00    9.18    0.00    0.00    4.08    0.00    0.00    0.00   62.24

11:47:13 AM  CPU    %usr   %nice    %sys %iowait    %irq   %soft  %steal  %guest  %gnice   %idle
11:47:14 AM    0   27.88    0.00    9.62    0.00    0.00    3.85    0.00    0.00    0.00   58.65

11:47:14 AM  CPU    %usr   %nice    %sys %iowait    %irq   %soft  %steal  %guest  %gnice   %idle
11:47:15 AM    0   22.00    0.00   14.00    0.00    0.00    3.00    0.00    0.00    0.00   61.00

11:47:15 AM  CPU    %usr   %nice    %sys %iowait    %irq   %soft  %steal  %guest  %gnice   %idle
11:47:16 AM    0   23.71    0.00    8.25    0.00    0.00    5.15    0.00    0.00    0.00   62.89

11:47:16 AM  CPU    %usr   %nice    %sys %iowait    %irq   %soft  %steal  %guest  %gnice   %idle
11:47:17 AM    0   25.74    0.00   11.88    0.00    0.00    2.97    0.00    0.00    0.00   59.41

11:47:17 AM  CPU    %usr   %nice    %sys %iowait    %irq   %soft  %steal  %guest  %gnice   %idle
11:47:18 AM    0   28.43    0.00    8.82    0.00    0.00    3.92    0.00    0.00    0.00   58.82

11:47:18 AM  CPU    %usr   %nice    %sys %iowait    %irq   %soft  %steal  %guest  %gnice   %idle
11:47:19 AM    0   28.00    0.00    8.00    0.00    0.00    3.00    0.00    0.00    0.00   61.00

11:47:19 AM  CPU    %usr   %nice    %sys %iowait    %irq   %soft  %steal  %guest  %gnice   %idle
11:47:20 AM    0   26.53    0.00    9.18    0.00    0.00    2.04    0.00    0.00    0.00   62.24

11:47:20 AM  CPU    %usr   %nice    %sys %iowait    %irq   %soft  %steal  %guest  %gnice   %idle
11:47:21 AM    0   23.47    0.00   10.20    0.00    0.00    4.08    0.00    0.00    0.00   62.24

11:47:21 AM  CPU    %usr   %nice    %sys %iowait    %irq   %soft  %steal  %guest  %gnice   %idle
11:47:22 AM    0   26.53    0.00   10.20    0.00    0.00    2.04    0.00    0.00    0.00   61.22

11:47:22 AM  CPU    %usr   %nice    %sys %iowait    %irq   %soft  %steal  %guest  %gnice   %idle
11:47:23 AM    0   23.53    0.00   12.75    0.00    0.00    2.94    0.00    0.00    0.00   60.78

11:47:23 AM  CPU    %usr   %nice    %sys %iowait    %irq   %soft  %steal  %guest  %gnice   %idle
11:47:24 AM    0   25.25    0.00   10.10    0.00    0.00    3.03    0.00    0.00    0.00   61.62

11:47:24 AM  CPU    %usr   %nice    %sys %iowait    %irq   %soft  %steal  %guest  %gnice   %idle
11:47:25 AM    0   27.27    0.00    7.07    0.00    0.00    5.05    0.00    0.00    0.00   60.61

11:47:25 AM  CPU    %usr   %nice    %sys %iowait    %irq   %soft  %steal  %guest  %gnice   %idle
11:47:26 AM    0   24.51    0.00   12.75    0.00    0.00    3.92    0.00    0.00    0.00   58.82

11:47:26 AM  CPU    %usr   %nice    %sys %iowait    %irq   %soft  %steal  %guest  %gnice   %idle
11:47:27 AM    0   24.49    0.00   10.20    0.00    0.00    4.08    0.00    0.00    0.00   61.22

11:47:27 AM  CPU    %usr   %nice    %sys %iowait    %irq   %soft  %steal  %guest  %gnice   %idle
11:47:28 AM    0   24.24    0.00   11.11    0.00    0.00    3.03    0.00    0.00    0.00   61.62

11:47:28 AM  CPU    %usr   %nice    %sys %iowait    %irq   %soft  %steal  %guest  %gnice   %idle
11:47:29 AM    0   23.47    0.00   12.24    0.00    0.00    4.08    0.00    0.00    0.00   60.20

11:47:29 AM  CPU    %usr   %nice    %sys %iowait    %irq   %soft  %steal  %guest  %gnice   %idle
11:47:30 AM    0   25.26    0.00    7.37    0.00    0.00    4.21    0.00    0.00    0.00   63.16

11:47:30 AM  CPU    %usr   %nice    %sys %iowait    %irq   %soft  %steal  %guest  %gnice   %idle
11:47:31 AM    0   27.00    0.00   11.00    0.00    0.00    2.00    0.00    0.00    0.00   60.00

11:47:31 AM  CPU    %usr   %nice    %sys %iowait    %irq   %soft  %steal  %guest  %gnice   %idle
11:47:32 AM    0   25.00    0.00   10.00    0.00    0.00    5.00    0.00    0.00    0.00   60.00

11:47:32 AM  CPU    %usr   %nice    %sys %iowait    %irq   %soft  %steal  %guest  %gnice   %idle
11:47:33 AM    0   24.49    0.00   11.22    0.00    0.00    3.06    0.00    0.00    0.00   61.22

11:47:33 AM  CPU    %usr   %nice    %sys %iowait    %irq   %soft  %steal  %guest  %gnice   %idle
11:47:34 AM    0   24.00    0.00   12.00    0.00    0.00    3.00    0.00    0.00    0.00   61.00

11:47:34 AM  CPU    %usr   %nice    %sys %iowait    %irq   %soft  %steal  %guest  %gnice   %idle
11:47:35 AM    0   26.92    0.00   10.58    0.00    0.00    4.81    0.00    0.00    0.00   57.69

11:47:35 AM  CPU    %usr   %nice    %sys %iowait    %irq   %soft  %steal  %guest  %gnice   %idle
11:47:36 AM    0   26.53    0.00    8.16    0.00    0.00    3.06    0.00    0.00    0.00   62.24

11:47:36 AM  CPU    %usr   %nice    %sys %iowait    %irq   %soft  %steal  %guest  %gnice   %idle
11:47:37 AM    0   24.24    0.00   10.10    0.00    0.00    4.04    0.00    0.00    0.00   61.62

11:47:37 AM  CPU    %usr   %nice    %sys %iowait    %irq   %soft  %steal  %guest  %gnice   %idle
11:47:38 AM    0   22.77    0.00   13.86    0.00    0.00    3.96    0.00    0.00    0.00   59.41

11:47:38 AM  CPU    %usr   %nice    %sys %iowait    %irq   %soft  %steal  %guest  %gnice   %idle
11:47:39 AM    0   24.74    0.00   11.34    0.00    0.00    1.03    0.00    0.00    0.00   62.89

11:47:39 AM  CPU    %usr   %nice    %sys %iowait    %irq   %soft  %steal  %guest  %gnice   %idle
11:47:40 AM    0   25.74    0.00    9.90    0.00    0.00    3.96    0.00    0.00    0.00   60.40

11:47:40 AM  CPU    %usr   %nice    %sys %iowait    %irq   %soft  %steal  %guest  %gnice   %idle
11:47:41 AM    0   23.23    0.00   11.11    0.00    0.00    4.04    0.00    0.00    0.00   61.62

11:47:41 AM  CPU    %usr   %nice    %sys %iowait    %irq   %soft  %steal  %guest  %gnice   %idle
11:47:42 AM    0   25.00    0.00    8.00    0.00    0.00    6.00    0.00    0.00    0.00   61.00

11:47:42 AM  CPU    %usr   %nice    %sys %iowait    %irq   %soft  %steal  %guest  %gnice   %idle
11:47:43 AM    0   23.47    0.00   11.22    0.00    0.00    3.06    0.00    0.00    0.00   62.24

11:47:43 AM  CPU    %usr   %nice    %sys %iowait    %irq   %soft  %steal  %guest  %gnice   %idle
11:47:44 AM    0   25.49    0.00   12.75    0.00    0.00    1.96    0.00    0.00    0.00   59.80

11:47:44 AM  CPU    %usr   %nice    %sys %iowait    %irq   %soft  %steal  %guest  %gnice   %idle
11:47:45 AM    0   25.49    0.00    9.80    0.00    0.00    3.92    0.00    0.00    0.00   60.78

11:47:45 AM  CPU    %usr   %nice    %sys %iowait    %irq   %soft  %steal  %guest  %gnice   %idle
11:47:46 AM    0   28.00    0.00    8.00    0.00    0.00    4.00    0.00    0.00    0.00   60.00

11:47:46 AM  CPU    %usr   %nice    %sys %iowait    %irq   %soft  %steal  %guest  %gnice   %idle
11:47:47 AM    0   23.76    0.00    9.90    0.00    0.00    6.93    0.00    0.00    0.00   59.41

11:47:47 AM  CPU    %usr   %nice    %sys %iowait    %irq   %soft  %steal  %guest  %gnice   %idle
11:47:48 AM    0   25.25    0.00   10.10    0.00    0.00    3.03    0.00    0.00    0.00   61.62

11:47:48 AM  CPU    %usr   %nice    %sys %iowait    %irq   %soft  %steal  %guest  %gnice   %idle
11:47:49 AM    0   25.51    0.00   10.20    0.00    0.00    3.06    0.00    0.00    0.00   61.22

11:47:49 AM  CPU    %usr   %nice    %sys %iowait    %irq   %soft  %steal  %guest  %gnice   %idle
11:47:50 AM    0   25.00    0.00   11.00    0.00    0.00    4.00    0.00    0.00    0.00   60.00

11:47:50 AM  CPU    %usr   %nice    %sys %iowait    %irq   %soft  %steal  %guest  %gnice   %idle
11:47:51 AM    0   23.71    0.00   10.31    0.00    0.00    4.12    0.00    0.00    0.00   61.86

11:47:51 AM  CPU    %usr   %nice    %sys %iowait    %irq   %soft  %steal  %guest  %gnice   %idle
11:47:52 AM    0   25.51    0.00    9.18    0.00    0.00    4.08    0.00    0.00    0.00   61.22

11:47:52 AM  CPU    %usr   %nice    %sys %iowait    %irq   %soft  %steal  %guest  %gnice   %idle
11:47:53 AM    0   26.53    0.00    9.18    0.00    0.00    3.06    0.00    0.00    0.00   61.22

11:47:53 AM  CPU    %usr   %nice    %sys %iowait    %irq   %soft  %steal  %guest  %gnice   %idle
11:47:54 AM    0   23.23    0.00   13.13    0.00    0.00    2.02    0.00    0.00    0.00   61.62

11:47:54 AM  CPU    %usr   %nice    %sys %iowait    %irq   %soft  %steal  %guest  %gnice   %idle
11:47:55 AM    0   27.27    0.00    8.08    0.00    0.00    4.04    0.00    0.00    0.00   60.61

11:47:55 AM  CPU    %usr   %nice    %sys %iowait    %irq   %soft  %steal  %guest  %gnice   %idle
11:47:56 AM    0   25.74    0.00    9.90    0.00    0.00    4.95    0.00    0.00    0.00   59.41

11:47:56 AM  CPU    %usr   %nice    %sys %iowait    %irq   %soft  %steal  %guest  %gnice   %idle
11:47:57 AM    0   22.55    0.00   11.76    0.00    0.00    5.88    0.00    0.00    0.00   59.80

11:47:57 AM  CPU    %usr   %nice    %sys %iowait    %irq   %soft  %steal  %guest  %gnice   %idle
11:47:58 AM    0   23.47    0.00   10.20    0.00    0.00    4.08    0.00    0.00    0.00   62.24

11:47:58 AM  CPU    %usr   %nice    %sys %iowait    %irq   %soft  %steal  %guest  %gnice   %idle
11:47:59 AM    0   27.27    0.00    8.08    0.00    0.00    4.04    0.00    0.00    0.00   60.61

11:47:59 AM  CPU    %usr   %nice    %sys %iowait    %irq   %soft  %steal  %guest  %gnice   %idle
11:48:00 AM    0   29.00    0.00    7.00    0.00    0.00    4.00    0.00    0.00    0.00   60.00

11:48:00 AM  CPU    %usr   %nice    %sys %iowait    %irq   %soft  %steal  %guest  %gnice   %idle
11:48:01 AM    0   24.75    0.00   10.89    0.00    0.00    3.96    0.00    0.00    0.00   60.40

11:48:01 AM  CPU    %usr   %nice    %sys %iowait    %irq   %soft  %steal  %guest  %gnice   %idle
11:48:02 AM    0   27.45    0.00    7.84    0.00    0.00    5.88    0.00    0.00    0.00   58.82

11:48:02 AM  CPU    %usr   %nice    %sys %iowait    %irq   %soft  %steal  %guest  %gnice   %idle
11:48:03 AM    0   25.51    0.00   10.20    0.00    0.00    3.06    0.00    0.00    0.00   61.22

11:48:03 AM  CPU    %usr   %nice    %sys %iowait    %irq   %soft  %steal  %guest  %gnice   %idle
11:48:04 AM    0   28.28    0.00    8.08    0.00    0.00    3.03    0.00    0.00    0.00   60.61

11:48:04 AM  CPU    %usr   %nice    %sys %iowait    %irq   %soft  %steal  %guest  %gnice   %idle
11:48:05 AM    0   24.27    0.00   13.59    0.00    0.00    2.91    0.00    0.00    0.00   59.22

11:48:05 AM  CPU    %usr   %nice    %sys %iowait    %irq   %soft  %steal  %guest  %gnice   %idle
11:48:06 AM    0   24.74    0.00   10.31    0.00    0.00    3.09    0.00    0.00    0.00   61.86

11:48:06 AM  CPU    %usr   %nice    %sys %iowait    %irq   %soft  %steal  %guest  %gnice   %idle
11:48:07 AM    0   25.74    0.00    9.90    0.00    0.00    3.96    0.00    0.00    0.00   60.40

11:48:07 AM  CPU    %usr   %nice    %sys %iowait    %irq   %soft  %steal  %guest  %gnice   %idle
11:48:08 AM    0   28.57    0.00    9.18    0.00    0.00    1.02    0.00    0.00    0.00   61.22

11:48:08 AM  CPU    %usr   %nice    %sys %iowait    %irq   %soft  %steal  %guest  %gnice   %idle
11:48:09 AM    0   25.00    0.00   10.00    0.00    0.00    4.00    0.00    0.00    0.00   61.00

11:48:09 AM  CPU    %usr   %nice    %sys %iowait    %irq   %soft  %steal  %guest  %gnice   %idle
11:48:10 AM    0   25.25    0.00   11.11    0.00    0.00    3.03    0.00    0.00    0.00   60.61

11:48:10 AM  CPU    %usr   %nice    %sys %iowait    %irq   %soft  %steal  %guest  %gnice   %idle
11:48:11 AM    0   24.75    0.00   10.89    0.00    0.00    3.96    0.00    0.00    0.00   60.40

11:48:11 AM  CPU    %usr   %nice    %sys %iowait    %irq   %soft  %steal  %guest  %gnice   %idle
11:48:12 AM    0   23.76    0.00   11.88    0.00    0.00    3.96    0.00    0.00    0.00   60.40

11:48:12 AM  CPU    %usr   %nice    %sys %iowait    %irq   %soft  %steal  %guest  %gnice   %idle
11:48:13 AM    0   20.83    0.00   12.50    0.00    0.00    4.17    0.00    0.00    0.00   62.50

11:48:13 AM  CPU    %usr   %nice    %sys %iowait    %irq   %soft  %steal  %guest  %gnice   %idle
11:48:14 AM    0   23.71    0.00   10.31    0.00    0.00    4.12    0.00    0.00    0.00   61.86

11:48:14 AM  CPU    %usr   %nice    %sys %iowait    %irq   %soft  %steal  %guest  %gnice   %idle
11:48:15 AM    0   29.00    0.00    9.00    0.00    0.00    2.00    0.00    0.00    0.00   60.00

11:48:15 AM  CPU    %usr   %nice    %sys %iowait    %irq   %soft  %steal  %guest  %gnice   %idle
11:48:16 AM    0   25.00    0.00   11.00    0.00    0.00    4.00    0.00    0.00    0.00   60.00

11:48:16 AM  CPU    %usr   %nice    %sys %iowait    %irq   %soft  %steal  %guest  %gnice   %idle
11:48:17 AM    0   27.45    0.00    8.82    0.00    0.00    3.92    0.00    0.00    0.00   59.80

11:48:17 AM  CPU    %usr   %nice    %sys %iowait    %irq   %soft  %steal  %guest  %gnice   %idle
11:48:18 AM    0   24.00    0.00   11.00    0.00    0.00    4.00    0.00    0.00    0.00   61.00

11:48:18 AM  CPU    %usr   %nice    %sys %iowait    %irq   %soft  %steal  %guest  %gnice   %idle
11:48:19 AM    0   25.77    0.00    9.28    0.00    0.00    2.06    0.00    0.00    0.00   62.89

11:48:19 AM  CPU    %usr   %nice    %sys %iowait    %irq   %soft  %steal  %guest  %gnice   %idle
11:48:20 AM    0   22.68    0.00   12.37    0.00    0.00    3.09    0.00    0.00    0.00   61.86

Average:     CPU    %usr   %nice    %sys %iowait    %irq   %soft  %steal  %guest  %gnice   %idle
Average:       0   25.68    0.00   10.15    0.00    0.00    3.44    0.00    0.00    0.00   60.73
