Linux 5.3.0-61-generic (cw-zenbook) 	07/16/2020 	_x86_64_	(8 CPU)

02:10:19 PM  CPU    %usr   %nice    %sys %iowait    %irq   %soft  %steal  %guest  %gnice   %idle
02:10:20 PM    0   22.00    0.00   13.00    0.00    0.00    3.00    0.00    0.00    0.00   62.00

02:10:20 PM  CPU    %usr   %nice    %sys %iowait    %irq   %soft  %steal  %guest  %gnice   %idle
02:10:21 PM    0   22.45    0.00   10.20    0.00    0.00    5.10    0.00    0.00    0.00   62.24

02:10:21 PM  CPU    %usr   %nice    %sys %iowait    %irq   %soft  %steal  %guest  %gnice   %idle
02:10:22 PM    0   27.18    0.00    8.74    0.00    0.00    4.85    0.00    0.00    0.00   59.22

02:10:22 PM  CPU    %usr   %nice    %sys %iowait    %irq   %soft  %steal  %guest  %gnice   %idle
02:10:23 PM    0   23.00    0.00   12.00    0.00    0.00    4.00    0.00    0.00    0.00   61.00

02:10:23 PM  CPU    %usr   %nice    %sys %iowait    %irq   %soft  %steal  %guest  %gnice   %idle
02:10:24 PM    0   22.77    0.00   13.86    0.00    0.00    1.98    0.00    0.00    0.00   61.39

02:10:24 PM  CPU    %usr   %nice    %sys %iowait    %irq   %soft  %steal  %guest  %gnice   %idle
02:10:25 PM    0   24.00    0.00   12.00    0.00    0.00    2.00    0.00    0.00    0.00   62.00

02:10:25 PM  CPU    %usr   %nice    %sys %iowait    %irq   %soft  %steal  %guest  %gnice   %idle
02:10:26 PM    0   26.00    0.00   10.00    0.00    0.00    2.00    0.00    0.00    0.00   62.00

02:10:26 PM  CPU    %usr   %nice    %sys %iowait    %irq   %soft  %steal  %guest  %gnice   %idle
02:10:27 PM    0   24.51    0.00   11.76    0.00    0.00    3.92    0.00    0.00    0.00   59.80

02:10:27 PM  CPU    %usr   %nice    %sys %iowait    %irq   %soft  %steal  %guest  %gnice   %idle
02:10:28 PM    0   27.00    0.00   11.00    0.00    0.00    2.00    0.00    0.00    0.00   60.00

02:10:28 PM  CPU    %usr   %nice    %sys %iowait    %irq   %soft  %steal  %guest  %gnice   %idle
02:10:29 PM    0   25.49    0.00   10.78    0.00    0.00    3.92    0.00    0.00    0.00   59.80

02:10:29 PM  CPU    %usr   %nice    %sys %iowait    %irq   %soft  %steal  %guest  %gnice   %idle
02:10:30 PM    0   22.92    0.00   10.42    0.00    0.00    3.12    0.00    0.00    0.00   63.54

02:10:30 PM  CPU    %usr   %nice    %sys %iowait    %irq   %soft  %steal  %guest  %gnice   %idle
02:10:31 PM    0   28.57    0.00    7.14    0.00    0.00    2.04    0.00    0.00    0.00   62.24

02:10:31 PM  CPU    %usr   %nice    %sys %iowait    %irq   %soft  %steal  %guest  %gnice   %idle
02:10:32 PM    0   24.75    0.00   10.89    0.00    0.00    2.97    0.00    0.00    0.00   61.39

02:10:32 PM  CPU    %usr   %nice    %sys %iowait    %irq   %soft  %steal  %guest  %gnice   %idle
02:10:33 PM    0   23.23    0.00   12.12    0.00    0.00    3.03    0.00    0.00    0.00   61.62

02:10:33 PM  CPU    %usr   %nice    %sys %iowait    %irq   %soft  %steal  %guest  %gnice   %idle
02:10:34 PM    0   25.96    0.00   11.54    0.00    0.00    4.81    0.00    0.00    0.00   57.69

02:10:34 PM  CPU    %usr   %nice    %sys %iowait    %irq   %soft  %steal  %guest  %gnice   %idle
02:10:35 PM    0   24.49    0.00    8.16    0.00    0.00    4.08    0.00    0.00    0.00   63.27

02:10:35 PM  CPU    %usr   %nice    %sys %iowait    %irq   %soft  %steal  %guest  %gnice   %idle
02:10:36 PM    0   28.28    0.00    6.06    0.00    0.00    3.03    0.00    0.00    0.00   62.63

02:10:36 PM  CPU    %usr   %nice    %sys %iowait    %irq   %soft  %steal  %guest  %gnice   %idle
02:10:37 PM    0   27.72    0.00    7.92    0.00    0.00    2.97    0.00    0.00    0.00   61.39

02:10:37 PM  CPU    %usr   %nice    %sys %iowait    %irq   %soft  %steal  %guest  %gnice   %idle
02:10:38 PM    0   27.00    0.00    9.00    0.00    0.00    2.00    0.00    0.00    0.00   62.00

02:10:38 PM  CPU    %usr   %nice    %sys %iowait    %irq   %soft  %steal  %guest  %gnice   %idle
02:10:39 PM    0   26.53    0.00    9.18    0.00    0.00    2.04    0.00    0.00    0.00   62.24

02:10:39 PM  CPU    %usr   %nice    %sys %iowait    %irq   %soft  %steal  %guest  %gnice   %idle
02:10:40 PM    0   23.76    0.00   12.87    0.00    0.00    1.98    0.00    0.00    0.00   61.39

02:10:40 PM  CPU    %usr   %nice    %sys %iowait    %irq   %soft  %steal  %guest  %gnice   %idle
02:10:41 PM    0   26.53    0.00    9.18    0.00    0.00    2.04    0.00    0.00    0.00   62.24

02:10:41 PM  CPU    %usr   %nice    %sys %iowait    %irq   %soft  %steal  %guest  %gnice   %idle
02:10:42 PM    0   26.21    0.00    9.71    0.00    0.00    4.85    0.00    0.00    0.00   59.22

02:10:42 PM  CPU    %usr   %nice    %sys %iowait    %irq   %soft  %steal  %guest  %gnice   %idle
02:10:43 PM    0   28.71    0.00    8.91    0.00    0.00    1.98    0.00    0.00    0.00   60.40

02:10:43 PM  CPU    %usr   %nice    %sys %iowait    %irq   %soft  %steal  %guest  %gnice   %idle
02:10:44 PM    0   25.74    0.00   10.89    0.00    0.00    2.97    0.00    0.00    0.00   60.40

02:10:44 PM  CPU    %usr   %nice    %sys %iowait    %irq   %soft  %steal  %guest  %gnice   %idle
02:10:45 PM    0   29.00    0.00    8.00    0.00    0.00    3.00    0.00    0.00    0.00   60.00

02:10:45 PM  CPU    %usr   %nice    %sys %iowait    %irq   %soft  %steal  %guest  %gnice   %idle
02:10:46 PM    0   26.73    0.00    9.90    0.00    0.00    2.97    0.00    0.00    0.00   60.40

02:10:46 PM  CPU    %usr   %nice    %sys %iowait    %irq   %soft  %steal  %guest  %gnice   %idle
02:10:47 PM    0   26.47    0.00   10.78    0.00    0.00    1.96    0.00    0.00    0.00   60.78

02:10:47 PM  CPU    %usr   %nice    %sys %iowait    %irq   %soft  %steal  %guest  %gnice   %idle
02:10:48 PM    0   23.23    0.00   13.13    0.00    0.00    3.03    0.00    0.00    0.00   60.61

02:10:48 PM  CPU    %usr   %nice    %sys %iowait    %irq   %soft  %steal  %guest  %gnice   %idle
02:10:49 PM    0   25.51    0.00   10.20    0.00    0.00    2.04    0.00    0.00    0.00   62.24

02:10:49 PM  CPU    %usr   %nice    %sys %iowait    %irq   %soft  %steal  %guest  %gnice   %idle
02:10:50 PM    0   27.00    0.00    9.00    0.00    0.00    3.00    0.00    0.00    0.00   61.00

02:10:50 PM  CPU    %usr   %nice    %sys %iowait    %irq   %soft  %steal  %guest  %gnice   %idle
02:10:51 PM    0   24.49    0.00   11.22    0.00    0.00    2.04    0.00    0.00    0.00   62.24

02:10:51 PM  CPU    %usr   %nice    %sys %iowait    %irq   %soft  %steal  %guest  %gnice   %idle
02:10:52 PM    0   27.72    0.00   10.89    0.00    0.00    1.98    0.00    0.00    0.00   59.41

02:10:52 PM  CPU    %usr   %nice    %sys %iowait    %irq   %soft  %steal  %guest  %gnice   %idle
02:10:53 PM    0   26.53    0.00   10.20    0.00    0.00    1.02    0.00    0.00    0.00   62.24

02:10:53 PM  CPU    %usr   %nice    %sys %iowait    %irq   %soft  %steal  %guest  %gnice   %idle
02:10:54 PM    0   23.71    0.00    9.28    0.00    0.00    3.09    0.00    0.00    0.00   63.92

02:10:54 PM  CPU    %usr   %nice    %sys %iowait    %irq   %soft  %steal  %guest  %gnice   %idle
02:10:55 PM    0   25.25    0.00    9.09    0.00    0.00    4.04    0.00    0.00    0.00   61.62

02:10:55 PM  CPU    %usr   %nice    %sys %iowait    %irq   %soft  %steal  %guest  %gnice   %idle
02:10:56 PM    0   24.24    0.00    9.09    0.00    0.00    5.05    0.00    0.00    0.00   61.62

02:10:56 PM  CPU    %usr   %nice    %sys %iowait    %irq   %soft  %steal  %guest  %gnice   %idle
02:10:57 PM    0   24.00    0.00   10.00    0.00    0.00    4.00    0.00    0.00    0.00   62.00

02:10:57 PM  CPU    %usr   %nice    %sys %iowait    %irq   %soft  %steal  %guest  %gnice   %idle
02:10:58 PM    0   24.51    0.00   11.76    0.00    0.00    3.92    0.00    0.00    0.00   59.80

02:10:58 PM  CPU    %usr   %nice    %sys %iowait    %irq   %soft  %steal  %guest  %gnice   %idle
02:10:59 PM    0   29.90    0.00    5.15    0.00    0.00    2.06    0.00    0.00    0.00   62.89

02:10:59 PM  CPU    %usr   %nice    %sys %iowait    %irq   %soft  %steal  %guest  %gnice   %idle
02:11:00 PM    0   23.76    0.00   11.88    0.00    0.00    2.97    0.00    0.00    0.00   61.39

02:11:00 PM  CPU    %usr   %nice    %sys %iowait    %irq   %soft  %steal  %guest  %gnice   %idle
02:11:01 PM    0   27.00    0.00   11.00    0.00    0.00    3.00    0.00    0.00    0.00   59.00

02:11:01 PM  CPU    %usr   %nice    %sys %iowait    %irq   %soft  %steal  %guest  %gnice   %idle
02:11:02 PM    0   26.26    0.00   11.11    0.00    0.00    2.02    0.00    0.00    0.00   60.61

02:11:02 PM  CPU    %usr   %nice    %sys %iowait    %irq   %soft  %steal  %guest  %gnice   %idle
02:11:03 PM    0   26.26    0.00   10.10    0.00    0.00    3.03    0.00    0.00    0.00   60.61

02:11:03 PM  CPU    %usr   %nice    %sys %iowait    %irq   %soft  %steal  %guest  %gnice   %idle
02:11:04 PM    0   24.75    0.00   12.87    0.00    0.00    1.98    0.00    0.00    0.00   60.40

02:11:04 PM  CPU    %usr   %nice    %sys %iowait    %irq   %soft  %steal  %guest  %gnice   %idle
02:11:05 PM    0   26.80    0.00    8.25    0.00    0.00    3.09    0.00    0.00    0.00   61.86

02:11:05 PM  CPU    %usr   %nice    %sys %iowait    %irq   %soft  %steal  %guest  %gnice   %idle
02:11:06 PM    0   24.49    0.00    9.18    0.00    0.00    4.08    0.00    0.00    0.00   62.24

02:11:06 PM  CPU    %usr   %nice    %sys %iowait    %irq   %soft  %steal  %guest  %gnice   %idle
02:11:07 PM    0   25.74    0.00    9.90    0.00    0.00    4.95    0.00    0.00    0.00   59.41

02:11:07 PM  CPU    %usr   %nice    %sys %iowait    %irq   %soft  %steal  %guest  %gnice   %idle
02:11:08 PM    0   26.26    0.00    9.09    0.00    0.00    4.04    0.00    0.00    0.00   60.61

02:11:08 PM  CPU    %usr   %nice    %sys %iowait    %irq   %soft  %steal  %guest  %gnice   %idle
02:11:09 PM    0   28.71    0.00    7.92    0.00    0.00    2.97    0.00    0.00    0.00   60.40

02:11:09 PM  CPU    %usr   %nice    %sys %iowait    %irq   %soft  %steal  %guest  %gnice   %idle
02:11:10 PM    0   22.77    0.00   11.88    0.00    0.00    4.95    0.00    0.00    0.00   60.40

02:11:10 PM  CPU    %usr   %nice    %sys %iowait    %irq   %soft  %steal  %guest  %gnice   %idle
02:11:11 PM    0   26.73    0.00    9.90    0.00    0.00    2.97    0.00    0.00    0.00   60.40

02:11:11 PM  CPU    %usr   %nice    %sys %iowait    %irq   %soft  %steal  %guest  %gnice   %idle
02:11:12 PM    0   26.73    0.00    9.90    0.00    0.00    1.98    0.00    0.00    0.00   61.39

02:11:12 PM  CPU    %usr   %nice    %sys %iowait    %irq   %soft  %steal  %guest  %gnice   %idle
02:11:13 PM    0   26.00    0.00   10.00    0.00    0.00    3.00    0.00    0.00    0.00   61.00

02:11:13 PM  CPU    %usr   %nice    %sys %iowait    %irq   %soft  %steal  %guest  %gnice   %idle
02:11:14 PM    0   27.55    0.00    8.16    0.00    0.00    1.02    0.00    0.00    0.00   63.27

02:11:14 PM  CPU    %usr   %nice    %sys %iowait    %irq   %soft  %steal  %guest  %gnice   %idle
02:11:15 PM    0   26.53    0.00    9.18    0.00    0.00    2.04    0.00    0.00    0.00   62.24

02:11:15 PM  CPU    %usr   %nice    %sys %iowait    %irq   %soft  %steal  %guest  %gnice   %idle
02:11:16 PM    0   23.00    0.00   11.00    0.00    0.00    4.00    0.00    0.00    0.00   62.00

02:11:16 PM  CPU    %usr   %nice    %sys %iowait    %irq   %soft  %steal  %guest  %gnice   %idle
02:11:17 PM    0   25.25    0.00   10.10    0.00    0.00    3.03    0.00    0.00    0.00   61.62

02:11:17 PM  CPU    %usr   %nice    %sys %iowait    %irq   %soft  %steal  %guest  %gnice   %idle
02:11:18 PM    0   27.00    0.00   10.00    0.00    0.00    2.00    0.00    0.00    0.00   61.00

02:11:18 PM  CPU    %usr   %nice    %sys %iowait    %irq   %soft  %steal  %guest  %gnice   %idle
02:11:19 PM    0   25.25    0.00   10.10    0.00    0.00    3.03    0.00    0.00    0.00   61.62

02:11:19 PM  CPU    %usr   %nice    %sys %iowait    %irq   %soft  %steal  %guest  %gnice   %idle
02:11:20 PM    0   26.04    0.00    7.29    0.00    0.00    3.12    0.00    0.00    0.00   63.54

02:11:20 PM  CPU    %usr   %nice    %sys %iowait    %irq   %soft  %steal  %guest  %gnice   %idle
02:11:21 PM    0   26.26    0.00    8.08    0.00    0.00    4.04    0.00    0.00    0.00   61.62

02:11:21 PM  CPU    %usr   %nice    %sys %iowait    %irq   %soft  %steal  %guest  %gnice   %idle
02:11:22 PM    0   26.53    0.00    7.14    0.00    0.00    3.06    0.00    0.00    0.00   63.27

02:11:22 PM  CPU    %usr   %nice    %sys %iowait    %irq   %soft  %steal  %guest  %gnice   %idle
02:11:23 PM    0   28.71    0.00    7.92    0.00    0.00    2.97    0.00    0.00    0.00   60.40

02:11:23 PM  CPU    %usr   %nice    %sys %iowait    %irq   %soft  %steal  %guest  %gnice   %idle
02:11:24 PM    0   28.00    0.00    8.00    0.00    0.00    2.00    0.00    0.00    0.00   62.00

02:11:24 PM  CPU    %usr   %nice    %sys %iowait    %irq   %soft  %steal  %guest  %gnice   %idle
02:11:25 PM    0   21.21    0.00   13.13    0.00    0.00    3.03    0.00    0.00    0.00   62.63

02:11:25 PM  CPU    %usr   %nice    %sys %iowait    %irq   %soft  %steal  %guest  %gnice   %idle
02:11:26 PM    0   24.49    0.00   11.22    0.00    0.00    1.02    0.00    0.00    0.00   63.27

02:11:26 PM  CPU    %usr   %nice    %sys %iowait    %irq   %soft  %steal  %guest  %gnice   %idle
02:11:27 PM    0   25.00    0.00   11.00    0.00    0.00    4.00    0.00    0.00    0.00   60.00

02:11:27 PM  CPU    %usr   %nice    %sys %iowait    %irq   %soft  %steal  %guest  %gnice   %idle
02:11:28 PM    0   25.51    0.00   10.20    0.00    0.00    2.04    0.00    0.00    0.00   62.24

02:11:28 PM  CPU    %usr   %nice    %sys %iowait    %irq   %soft  %steal  %guest  %gnice   %idle
02:11:29 PM    0   26.80    0.00    7.22    0.00    0.00    3.09    0.00    0.00    0.00   62.89

02:11:29 PM  CPU    %usr   %nice    %sys %iowait    %irq   %soft  %steal  %guest  %gnice   %idle
02:11:30 PM    0   27.72    0.00    7.92    0.00    0.00    3.96    0.00    0.00    0.00   60.40

02:11:30 PM  CPU    %usr   %nice    %sys %iowait    %irq   %soft  %steal  %guest  %gnice   %idle
02:11:31 PM    0   24.49    0.00   11.22    0.00    0.00    2.04    0.00    0.00    0.00   62.24

02:11:31 PM  CPU    %usr   %nice    %sys %iowait    %irq   %soft  %steal  %guest  %gnice   %idle
02:11:32 PM    0   23.23    0.00   11.11    0.00    0.00    3.03    0.00    0.00    0.00   62.63

02:11:32 PM  CPU    %usr   %nice    %sys %iowait    %irq   %soft  %steal  %guest  %gnice   %idle
02:11:33 PM    0   23.23    0.00   13.13    0.00    0.00    2.02    0.00    0.00    0.00   61.62

02:11:33 PM  CPU    %usr   %nice    %sys %iowait    %irq   %soft  %steal  %guest  %gnice   %idle
02:11:34 PM    0   24.74    0.00   10.31    0.00    0.00    3.09    0.00    0.00    0.00   61.86

02:11:34 PM  CPU    %usr   %nice    %sys %iowait    %irq   %soft  %steal  %guest  %gnice   %idle
02:11:35 PM    0   26.42    0.00   11.32    0.00    0.00    3.77    0.00    0.00    0.00   58.49

02:11:35 PM  CPU    %usr   %nice    %sys %iowait    %irq   %soft  %steal  %guest  %gnice   %idle
02:11:36 PM    0   26.00    0.00   11.00    0.00    0.00    2.00    0.00    0.00    0.00   61.00

02:11:36 PM  CPU    %usr   %nice    %sys %iowait    %irq   %soft  %steal  %guest  %gnice   %idle
02:11:37 PM    0   25.74    0.00   10.89    0.00    0.00    1.98    0.00    0.00    0.00   61.39

02:11:37 PM  CPU    %usr   %nice    %sys %iowait    %irq   %soft  %steal  %guest  %gnice   %idle
02:11:38 PM    0   24.00    0.00   11.00    0.00    0.00    3.00    0.00    0.00    0.00   62.00

02:11:38 PM  CPU    %usr   %nice    %sys %iowait    %irq   %soft  %steal  %guest  %gnice   %idle
02:11:39 PM    0   23.76    0.00   12.87    0.00    0.00    1.98    0.00    0.00    0.00   61.39

02:11:39 PM  CPU    %usr   %nice    %sys %iowait    %irq   %soft  %steal  %guest  %gnice   %idle
02:11:40 PM    0   24.24    0.00   11.11    0.00    0.00    2.02    0.00    0.00    0.00   62.63

02:11:40 PM  CPU    %usr   %nice    %sys %iowait    %irq   %soft  %steal  %guest  %gnice   %idle
02:11:41 PM    0   25.49    0.00    9.80    0.00    0.00    3.92    0.00    0.00    0.00   60.78

02:11:41 PM  CPU    %usr   %nice    %sys %iowait    %irq   %soft  %steal  %guest  %gnice   %idle
02:11:42 PM    0   22.92    0.00   10.42    0.00    0.00    2.08    0.00    0.00    0.00   64.58

02:11:42 PM  CPU    %usr   %nice    %sys %iowait    %irq   %soft  %steal  %guest  %gnice   %idle
02:11:43 PM    0   28.43    0.00    8.82    0.00    0.00    2.94    0.00    0.00    0.00   59.80

02:11:43 PM  CPU    %usr   %nice    %sys %iowait    %irq   %soft  %steal  %guest  %gnice   %idle
02:11:44 PM    0   23.96    0.00   11.46    0.00    0.00    2.08    0.00    0.00    0.00   62.50

02:11:44 PM  CPU    %usr   %nice    %sys %iowait    %irq   %soft  %steal  %guest  %gnice   %idle
02:11:45 PM    0   26.26    0.00   11.11    0.00    0.00    2.02    0.00    0.00    0.00   60.61

02:11:45 PM  CPU    %usr   %nice    %sys %iowait    %irq   %soft  %steal  %guest  %gnice   %idle
02:11:46 PM    0   24.49    0.00   12.24    0.00    0.00    1.02    0.00    0.00    0.00   62.24

02:11:46 PM  CPU    %usr   %nice    %sys %iowait    %irq   %soft  %steal  %guest  %gnice   %idle
02:11:47 PM    0   26.00    0.00    8.00    0.00    0.00    4.00    0.00    0.00    0.00   62.00

02:11:47 PM  CPU    %usr   %nice    %sys %iowait    %irq   %soft  %steal  %guest  %gnice   %idle
02:11:48 PM    0   27.27    0.00    9.09    0.00    0.00    2.02    0.00    0.00    0.00   61.62

02:11:48 PM  CPU    %usr   %nice    %sys %iowait    %irq   %soft  %steal  %guest  %gnice   %idle
02:11:49 PM    0   22.77    0.00   13.86    0.00    0.00    1.98    0.00    0.00    0.00   61.39

02:11:49 PM  CPU    %usr   %nice    %sys %iowait    %irq   %soft  %steal  %guest  %gnice   %idle
02:11:50 PM    0   25.25    0.00    8.08    0.00    0.00    4.04    0.00    0.00    0.00   62.63

02:11:50 PM  CPU    %usr   %nice    %sys %iowait    %irq   %soft  %steal  %guest  %gnice   %idle
02:11:51 PM    0   23.53    0.00    9.80    0.00    0.00    5.88    0.00    0.00    0.00   60.78

02:11:51 PM  CPU    %usr   %nice    %sys %iowait    %irq   %soft  %steal  %guest  %gnice   %idle
02:11:52 PM    0   30.30    0.00    5.05    0.00    0.00    3.03    0.00    0.00    0.00   61.62

02:11:52 PM  CPU    %usr   %nice    %sys %iowait    %irq   %soft  %steal  %guest  %gnice   %idle
02:11:53 PM    0   29.00    0.00    9.00    0.00    0.00    1.00    0.00    0.00    0.00   61.00

02:11:53 PM  CPU    %usr   %nice    %sys %iowait    %irq   %soft  %steal  %guest  %gnice   %idle
02:11:54 PM    0   24.49    0.00    8.16    0.00    0.00    4.08    0.00    0.00    0.00   63.27

02:11:54 PM  CPU    %usr   %nice    %sys %iowait    %irq   %soft  %steal  %guest  %gnice   %idle
02:11:55 PM    0   26.47    0.00    8.82    0.00    0.00    3.92    0.00    0.00    0.00   60.78

02:11:55 PM  CPU    %usr   %nice    %sys %iowait    %irq   %soft  %steal  %guest  %gnice   %idle
02:11:56 PM    0   28.43    0.00    8.82    0.00    0.00    3.92    0.00    0.00    0.00   58.82

02:11:56 PM  CPU    %usr   %nice    %sys %iowait    %irq   %soft  %steal  %guest  %gnice   %idle
02:11:57 PM    0   24.51    0.00   11.76    0.00    0.00    3.92    0.00    0.00    0.00   59.80

02:11:57 PM  CPU    %usr   %nice    %sys %iowait    %irq   %soft  %steal  %guest  %gnice   %idle
02:11:58 PM    0   21.21    0.00   13.13    0.00    0.00    4.04    0.00    0.00    0.00   61.62

02:11:58 PM  CPU    %usr   %nice    %sys %iowait    %irq   %soft  %steal  %guest  %gnice   %idle
02:11:59 PM    0   26.00    0.00    9.00    0.00    0.00    5.00    0.00    0.00    0.00   60.00

02:11:59 PM  CPU    %usr   %nice    %sys %iowait    %irq   %soft  %steal  %guest  %gnice   %idle
02:12:00 PM    0   27.45    0.00    9.80    0.00    0.00    2.94    0.00    0.00    0.00   59.80

02:12:00 PM  CPU    %usr   %nice    %sys %iowait    %irq   %soft  %steal  %guest  %gnice   %idle
02:12:01 PM    0   24.51    0.00   11.76    0.00    0.00    3.92    0.00    0.00    0.00   59.80

02:12:01 PM  CPU    %usr   %nice    %sys %iowait    %irq   %soft  %steal  %guest  %gnice   %idle
02:12:02 PM    0   25.00    0.00   10.00    0.00    0.00    4.00    0.00    0.00    0.00   61.00

02:12:02 PM  CPU    %usr   %nice    %sys %iowait    %irq   %soft  %steal  %guest  %gnice   %idle
02:12:03 PM    0   25.74    0.00   12.87    0.00    0.00    1.98    0.00    0.00    0.00   59.41

02:12:03 PM  CPU    %usr   %nice    %sys %iowait    %irq   %soft  %steal  %guest  %gnice   %idle
02:12:04 PM    0   27.00    0.00   10.00    0.00    0.00    2.00    0.00    0.00    0.00   61.00

02:12:04 PM  CPU    %usr   %nice    %sys %iowait    %irq   %soft  %steal  %guest  %gnice   %idle
02:12:05 PM    0   22.45    0.00   12.24    0.00    0.00    4.08    0.00    0.00    0.00   61.22

02:12:05 PM  CPU    %usr   %nice    %sys %iowait    %irq   %soft  %steal  %guest  %gnice   %idle
02:12:06 PM    0   25.25    0.00   10.10    0.00    0.00    3.03    0.00    0.00    0.00   61.62

02:12:06 PM  CPU    %usr   %nice    %sys %iowait    %irq   %soft  %steal  %guest  %gnice   %idle
02:12:07 PM    0   25.74    0.00   10.89    0.00    0.00    2.97    0.00    0.00    0.00   60.40

02:12:07 PM  CPU    %usr   %nice    %sys %iowait    %irq   %soft  %steal  %guest  %gnice   %idle
02:12:08 PM    0   26.47    0.00   10.78    0.00    0.00    1.96    0.00    0.00    0.00   60.78

02:12:08 PM  CPU    %usr   %nice    %sys %iowait    %irq   %soft  %steal  %guest  %gnice   %idle
02:12:09 PM    0   26.47    0.00   11.76    0.00    0.00    0.98    0.00    0.00    0.00   60.78

02:12:09 PM  CPU    %usr   %nice    %sys %iowait    %irq   %soft  %steal  %guest  %gnice   %idle
02:12:10 PM    0   22.92    0.00    9.38    0.00    0.00    4.17    0.00    0.00    0.00   63.54

02:12:10 PM  CPU    %usr   %nice    %sys %iowait    %irq   %soft  %steal  %guest  %gnice   %idle
02:12:11 PM    0   23.76    0.00   11.88    0.00    0.00    2.97    0.00    0.00    0.00   61.39

02:12:11 PM  CPU    %usr   %nice    %sys %iowait    %irq   %soft  %steal  %guest  %gnice   %idle
02:12:12 PM    0   26.00    0.00   10.00    0.00    0.00    3.00    0.00    0.00    0.00   61.00

02:12:12 PM  CPU    %usr   %nice    %sys %iowait    %irq   %soft  %steal  %guest  %gnice   %idle
02:12:13 PM    0   24.49    0.00   12.24    0.00    0.00    2.04    0.00    0.00    0.00   61.22

02:12:13 PM  CPU    %usr   %nice    %sys %iowait    %irq   %soft  %steal  %guest  %gnice   %idle
02:12:14 PM    0   23.47    0.00   12.24    0.00    0.00    3.06    0.00    0.00    0.00   61.22

02:12:14 PM  CPU    %usr   %nice    %sys %iowait    %irq   %soft  %steal  %guest  %gnice   %idle
02:12:15 PM    0   21.21    0.00   13.13    0.00    0.00    4.04    0.00    0.00    0.00   61.62

02:12:15 PM  CPU    %usr   %nice    %sys %iowait    %irq   %soft  %steal  %guest  %gnice   %idle
02:12:16 PM    0   27.72    0.00    8.91    0.00    0.00    2.97    0.00    0.00    0.00   60.40

02:12:16 PM  CPU    %usr   %nice    %sys %iowait    %irq   %soft  %steal  %guest  %gnice   %idle
02:12:17 PM    0   24.24    0.00    9.09    0.00    0.00    5.05    0.00    0.00    0.00   61.62

02:12:17 PM  CPU    %usr   %nice    %sys %iowait    %irq   %soft  %steal  %guest  %gnice   %idle
02:12:18 PM    0   21.21    0.00   11.11    0.00    0.00    5.05    0.00    0.00    0.00   62.63

02:12:18 PM  CPU    %usr   %nice    %sys %iowait    %irq   %soft  %steal  %guest  %gnice   %idle
02:12:19 PM    0   25.00    0.00    8.00    1.00    0.00    5.00    0.00    0.00    0.00   61.00

Average:     CPU    %usr   %nice    %sys %iowait    %irq   %soft  %steal  %guest  %gnice   %idle
Average:       0   25.47    0.00   10.19    0.01    0.00    3.03    0.00    0.00    0.00   61.30
