Linux 5.3.0-61-generic (cw-zenbook) 	07/16/2020 	_x86_64_	(8 CPU)

05:26:39 PM  CPU    %usr   %nice    %sys %iowait    %irq   %soft  %steal  %guest  %gnice   %idle
05:26:40 PM    0   65.66    0.00   28.28    0.00    0.00    6.06    0.00    0.00    0.00    0.00

05:26:40 PM  CPU    %usr   %nice    %sys %iowait    %irq   %soft  %steal  %guest  %gnice   %idle
05:26:41 PM    0   62.75    0.00   30.39    0.00    0.00    4.90    0.00    0.00    0.00    1.96

05:26:41 PM  CPU    %usr   %nice    %sys %iowait    %irq   %soft  %steal  %guest  %gnice   %idle
05:26:42 PM    0   63.37    0.00   28.71    0.00    0.00    6.93    0.00    0.00    0.00    0.99

05:26:42 PM  CPU    %usr   %nice    %sys %iowait    %irq   %soft  %steal  %guest  %gnice   %idle
05:26:43 PM    0   69.70    0.00   20.20    0.00    0.00    8.08    0.00    0.00    0.00    2.02

05:26:43 PM  CPU    %usr   %nice    %sys %iowait    %irq   %soft  %steal  %guest  %gnice   %idle
05:26:44 PM    0   67.00    0.00   24.00    0.00    0.00    6.00    0.00    0.00    0.00    3.00

05:26:44 PM  CPU    %usr   %nice    %sys %iowait    %irq   %soft  %steal  %guest  %gnice   %idle
05:26:45 PM    0   66.67    0.00   28.28    0.00    0.00    3.03    0.00    0.00    0.00    2.02

05:26:45 PM  CPU    %usr   %nice    %sys %iowait    %irq   %soft  %steal  %guest  %gnice   %idle
05:26:46 PM    0   68.32    0.00   20.79    0.00    0.00    6.93    0.00    0.00    0.00    3.96

05:26:46 PM  CPU    %usr   %nice    %sys %iowait    %irq   %soft  %steal  %guest  %gnice   %idle
05:26:47 PM    0   65.66    0.00   25.25    0.00    0.00    6.06    0.00    0.00    0.00    3.03

05:26:47 PM  CPU    %usr   %nice    %sys %iowait    %irq   %soft  %steal  %guest  %gnice   %idle
05:26:48 PM    0   68.69    0.00   24.24    0.00    0.00    4.04    0.00    0.00    0.00    3.03

05:26:48 PM  CPU    %usr   %nice    %sys %iowait    %irq   %soft  %steal  %guest  %gnice   %idle
05:26:49 PM    0   64.00    0.00   25.00    0.00    0.00    8.00    0.00    0.00    0.00    3.00

05:26:49 PM  CPU    %usr   %nice    %sys %iowait    %irq   %soft  %steal  %guest  %gnice   %idle
05:26:50 PM    0   64.65    0.00   26.26    0.00    0.00    7.07    0.00    0.00    0.00    2.02

05:26:50 PM  CPU    %usr   %nice    %sys %iowait    %irq   %soft  %steal  %guest  %gnice   %idle
05:26:51 PM    0   65.00    0.00   25.00    0.00    0.00    7.00    0.00    0.00    0.00    3.00

05:26:51 PM  CPU    %usr   %nice    %sys %iowait    %irq   %soft  %steal  %guest  %gnice   %idle
05:26:52 PM    0   64.95    0.00   24.74    0.00    0.00    8.25    0.00    0.00    0.00    2.06

05:26:52 PM  CPU    %usr   %nice    %sys %iowait    %irq   %soft  %steal  %guest  %gnice   %idle
05:26:53 PM    0   67.33    0.00   23.76    0.00    0.00    5.94    0.00    0.00    0.00    2.97

05:26:53 PM  CPU    %usr   %nice    %sys %iowait    %irq   %soft  %steal  %guest  %gnice   %idle
05:26:54 PM    0   71.00    0.00   22.00    0.00    0.00    5.00    0.00    0.00    0.00    2.00

05:26:54 PM  CPU    %usr   %nice    %sys %iowait    %irq   %soft  %steal  %guest  %gnice   %idle
05:26:55 PM    0   72.73    0.00   20.20    0.00    0.00    5.05    0.00    0.00    0.00    2.02

05:26:55 PM  CPU    %usr   %nice    %sys %iowait    %irq   %soft  %steal  %guest  %gnice   %idle
05:26:56 PM    0   61.54    0.00   26.92    0.00    0.00    7.69    0.00    0.00    0.00    3.85

05:26:56 PM  CPU    %usr   %nice    %sys %iowait    %irq   %soft  %steal  %guest  %gnice   %idle
05:26:57 PM    0   66.33    0.00   23.47    0.00    0.00    6.12    0.00    0.00    0.00    4.08

05:26:57 PM  CPU    %usr   %nice    %sys %iowait    %irq   %soft  %steal  %guest  %gnice   %idle
05:26:58 PM    0   64.36    0.00   26.73    0.00    0.00    5.94    0.00    0.00    0.00    2.97

05:26:58 PM  CPU    %usr   %nice    %sys %iowait    %irq   %soft  %steal  %guest  %gnice   %idle
05:26:59 PM    0   67.33    0.00   25.74    0.00    0.00    4.95    0.00    0.00    0.00    1.98

05:26:59 PM  CPU    %usr   %nice    %sys %iowait    %irq   %soft  %steal  %guest  %gnice   %idle
05:27:00 PM    0   67.00    0.00   24.00    0.00    0.00    8.00    0.00    0.00    0.00    1.00

05:27:00 PM  CPU    %usr   %nice    %sys %iowait    %irq   %soft  %steal  %guest  %gnice   %idle
05:27:01 PM    0   67.00    0.00   23.00    0.00    0.00    8.00    0.00    0.00    0.00    2.00

05:27:01 PM  CPU    %usr   %nice    %sys %iowait    %irq   %soft  %steal  %guest  %gnice   %idle
05:27:02 PM    0   71.00    0.00   20.00    0.00    0.00    7.00    0.00    0.00    0.00    2.00

05:27:02 PM  CPU    %usr   %nice    %sys %iowait    %irq   %soft  %steal  %guest  %gnice   %idle
05:27:03 PM    0   62.24    0.00   28.57    0.00    0.00    6.12    0.00    0.00    0.00    3.06

05:27:03 PM  CPU    %usr   %nice    %sys %iowait    %irq   %soft  %steal  %guest  %gnice   %idle
05:27:04 PM    0   62.00    0.00   27.00    0.00    0.00    7.00    0.00    0.00    0.00    4.00

05:27:04 PM  CPU    %usr   %nice    %sys %iowait    %irq   %soft  %steal  %guest  %gnice   %idle
05:27:05 PM    0   67.01    0.00   26.80    0.00    0.00    3.09    0.00    0.00    0.00    3.09

05:27:05 PM  CPU    %usr   %nice    %sys %iowait    %irq   %soft  %steal  %guest  %gnice   %idle
05:27:06 PM    0   65.35    0.00   24.75    0.00    0.00    5.94    0.00    0.00    0.00    3.96

05:27:06 PM  CPU    %usr   %nice    %sys %iowait    %irq   %soft  %steal  %guest  %gnice   %idle
05:27:07 PM    0   61.62    0.00   28.28    0.00    0.00    6.06    0.00    0.00    0.00    4.04

05:27:07 PM  CPU    %usr   %nice    %sys %iowait    %irq   %soft  %steal  %guest  %gnice   %idle
05:27:08 PM    0   68.69    0.00   21.21    0.00    0.00    6.06    0.00    0.00    0.00    4.04

05:27:08 PM  CPU    %usr   %nice    %sys %iowait    %irq   %soft  %steal  %guest  %gnice   %idle
05:27:09 PM    0   65.00    0.00   25.00    0.00    0.00    7.00    0.00    0.00    0.00    3.00

05:27:09 PM  CPU    %usr   %nice    %sys %iowait    %irq   %soft  %steal  %guest  %gnice   %idle
05:27:10 PM    0   69.31    0.00   22.77    0.00    0.00    4.95    0.00    0.00    0.00    2.97

05:27:10 PM  CPU    %usr   %nice    %sys %iowait    %irq   %soft  %steal  %guest  %gnice   %idle
05:27:11 PM    0   63.27    0.00   24.49    0.00    0.00    9.18    0.00    0.00    0.00    3.06

05:27:11 PM  CPU    %usr   %nice    %sys %iowait    %irq   %soft  %steal  %guest  %gnice   %idle
05:27:12 PM    0   69.00    0.00   22.00    0.00    0.00    6.00    0.00    0.00    0.00    3.00

05:27:12 PM  CPU    %usr   %nice    %sys %iowait    %irq   %soft  %steal  %guest  %gnice   %idle
05:27:13 PM    0   67.00    0.00   27.00    0.00    0.00    3.00    0.00    0.00    0.00    3.00

05:27:13 PM  CPU    %usr   %nice    %sys %iowait    %irq   %soft  %steal  %guest  %gnice   %idle
05:27:14 PM    0   66.00    0.00   22.00    0.00    0.00   10.00    0.00    0.00    0.00    2.00

05:27:14 PM  CPU    %usr   %nice    %sys %iowait    %irq   %soft  %steal  %guest  %gnice   %idle
05:27:15 PM    0   65.00    0.00   29.00    0.00    0.00    4.00    0.00    0.00    0.00    2.00

05:27:15 PM  CPU    %usr   %nice    %sys %iowait    %irq   %soft  %steal  %guest  %gnice   %idle
05:27:16 PM    0   68.69    0.00   22.22    0.00    0.00    6.06    0.00    0.00    0.00    3.03

05:27:16 PM  CPU    %usr   %nice    %sys %iowait    %irq   %soft  %steal  %guest  %gnice   %idle
05:27:17 PM    0   63.00    0.00   26.00    0.00    0.00    8.00    0.00    0.00    0.00    3.00

05:27:17 PM  CPU    %usr   %nice    %sys %iowait    %irq   %soft  %steal  %guest  %gnice   %idle
05:27:18 PM    0   63.00    0.00   24.00    0.00    0.00   10.00    0.00    0.00    0.00    3.00

05:27:18 PM  CPU    %usr   %nice    %sys %iowait    %irq   %soft  %steal  %guest  %gnice   %idle
05:27:19 PM    0   65.35    0.00   22.77    0.00    0.00    7.92    0.00    0.00    0.00    3.96

05:27:19 PM  CPU    %usr   %nice    %sys %iowait    %irq   %soft  %steal  %guest  %gnice   %idle
05:27:20 PM    0   69.00    0.00   22.00    0.00    0.00    5.00    0.00    0.00    0.00    4.00

05:27:20 PM  CPU    %usr   %nice    %sys %iowait    %irq   %soft  %steal  %guest  %gnice   %idle
05:27:21 PM    0   63.64    0.00   23.23    0.00    0.00   11.11    0.00    0.00    0.00    2.02

05:27:21 PM  CPU    %usr   %nice    %sys %iowait    %irq   %soft  %steal  %guest  %gnice   %idle
05:27:22 PM    0   67.68    0.00   22.22    0.00    0.00    8.08    0.00    0.00    0.00    2.02

05:27:22 PM  CPU    %usr   %nice    %sys %iowait    %irq   %soft  %steal  %guest  %gnice   %idle
05:27:23 PM    0   64.00    0.00   29.00    0.00    0.00    6.00    0.00    0.00    0.00    1.00

05:27:23 PM  CPU    %usr   %nice    %sys %iowait    %irq   %soft  %steal  %guest  %gnice   %idle
05:27:24 PM    0   63.27    0.00   27.55    0.00    0.00    8.16    0.00    0.00    0.00    1.02

05:27:24 PM  CPU    %usr   %nice    %sys %iowait    %irq   %soft  %steal  %guest  %gnice   %idle
05:27:25 PM    0   70.30    0.00   19.80    0.00    0.00    6.93    0.00    0.00    0.00    2.97

05:27:25 PM  CPU    %usr   %nice    %sys %iowait    %irq   %soft  %steal  %guest  %gnice   %idle
05:27:26 PM    0   68.00    0.00   21.00    0.00    0.00    6.00    0.00    0.00    0.00    5.00

05:27:26 PM  CPU    %usr   %nice    %sys %iowait    %irq   %soft  %steal  %guest  %gnice   %idle
05:27:27 PM    0   66.67    0.00   24.24    0.00    0.00    6.06    0.00    0.00    0.00    3.03

05:27:27 PM  CPU    %usr   %nice    %sys %iowait    %irq   %soft  %steal  %guest  %gnice   %idle
05:27:28 PM    0   66.34    0.00   26.73    0.00    0.00    3.96    0.00    0.00    0.00    2.97

05:27:28 PM  CPU    %usr   %nice    %sys %iowait    %irq   %soft  %steal  %guest  %gnice   %idle
05:27:29 PM    0   71.43    0.00   21.43    0.00    0.00    4.08    0.00    0.00    0.00    3.06

05:27:29 PM  CPU    %usr   %nice    %sys %iowait    %irq   %soft  %steal  %guest  %gnice   %idle
05:27:30 PM    0   70.00    0.00   21.00    0.00    0.00    6.00    0.00    0.00    0.00    3.00

05:27:30 PM  CPU    %usr   %nice    %sys %iowait    %irq   %soft  %steal  %guest  %gnice   %idle
05:27:31 PM    0   63.64    0.00   28.28    0.00    0.00    4.04    0.00    0.00    0.00    4.04

05:27:31 PM  CPU    %usr   %nice    %sys %iowait    %irq   %soft  %steal  %guest  %gnice   %idle
05:27:32 PM    0   65.66    0.00   24.24    0.00    0.00    7.07    0.00    0.00    0.00    3.03

05:27:32 PM  CPU    %usr   %nice    %sys %iowait    %irq   %soft  %steal  %guest  %gnice   %idle
05:27:33 PM    0   69.00    0.00   22.00    0.00    0.00    5.00    0.00    0.00    0.00    4.00

05:27:33 PM  CPU    %usr   %nice    %sys %iowait    %irq   %soft  %steal  %guest  %gnice   %idle
05:27:34 PM    0   62.00    0.00   29.00    0.00    0.00    5.00    0.00    0.00    0.00    4.00

05:27:34 PM  CPU    %usr   %nice    %sys %iowait    %irq   %soft  %steal  %guest  %gnice   %idle
05:27:35 PM    0   65.35    0.00   24.75    0.00    0.00    7.92    0.00    0.00    0.00    1.98

05:27:35 PM  CPU    %usr   %nice    %sys %iowait    %irq   %soft  %steal  %guest  %gnice   %idle
05:27:36 PM    0   64.36    0.00   26.73    0.00    0.00    5.94    0.00    0.00    0.00    2.97

05:27:36 PM  CPU    %usr   %nice    %sys %iowait    %irq   %soft  %steal  %guest  %gnice   %idle
05:27:37 PM    0   68.69    0.00   21.21    0.00    0.00    7.07    0.00    0.00    0.00    3.03

05:27:37 PM  CPU    %usr   %nice    %sys %iowait    %irq   %soft  %steal  %guest  %gnice   %idle
05:27:38 PM    0   62.75    0.00   27.45    0.00    0.00    6.86    0.00    0.00    0.00    2.94

05:27:38 PM  CPU    %usr   %nice    %sys %iowait    %irq   %soft  %steal  %guest  %gnice   %idle
05:27:39 PM    0   71.00    0.00   22.00    0.00    0.00    4.00    0.00    0.00    0.00    3.00

05:27:39 PM  CPU    %usr   %nice    %sys %iowait    %irq   %soft  %steal  %guest  %gnice   %idle
05:27:40 PM    0   67.00    0.00   26.00    0.00    0.00    6.00    0.00    0.00    0.00    1.00

05:27:40 PM  CPU    %usr   %nice    %sys %iowait    %irq   %soft  %steal  %guest  %gnice   %idle
05:27:41 PM    0   67.68    0.00   25.25    0.00    0.00    6.06    0.00    0.00    0.00    1.01

05:27:41 PM  CPU    %usr   %nice    %sys %iowait    %irq   %soft  %steal  %guest  %gnice   %idle
05:27:42 PM    0   69.61    0.00   20.59    0.00    0.00    8.82    0.00    0.00    0.00    0.98

05:27:42 PM  CPU    %usr   %nice    %sys %iowait    %irq   %soft  %steal  %guest  %gnice   %idle
05:27:43 PM    0   71.00    0.00   22.00    0.00    0.00    5.00    0.00    0.00    0.00    2.00

05:27:43 PM  CPU    %usr   %nice    %sys %iowait    %irq   %soft  %steal  %guest  %gnice   %idle
05:27:44 PM    0   70.71    0.00   22.22    0.00    0.00    6.06    0.00    0.00    0.00    1.01

05:27:44 PM  CPU    %usr   %nice    %sys %iowait    %irq   %soft  %steal  %guest  %gnice   %idle
05:27:45 PM    0   65.00    0.00   26.00    0.00    0.00    6.00    0.00    0.00    0.00    3.00

05:27:45 PM  CPU    %usr   %nice    %sys %iowait    %irq   %soft  %steal  %guest  %gnice   %idle
05:27:46 PM    0   62.24    0.00   25.51    0.00    0.00    8.16    0.00    0.00    0.00    4.08

05:27:46 PM  CPU    %usr   %nice    %sys %iowait    %irq   %soft  %steal  %guest  %gnice   %idle
05:27:47 PM    0   60.40    0.00   27.72    0.00    0.00    7.92    0.00    0.00    0.00    3.96

05:27:47 PM  CPU    %usr   %nice    %sys %iowait    %irq   %soft  %steal  %guest  %gnice   %idle
05:27:48 PM    0   67.68    0.00   24.24    0.00    0.00    6.06    0.00    0.00    0.00    2.02

05:27:48 PM  CPU    %usr   %nice    %sys %iowait    %irq   %soft  %steal  %guest  %gnice   %idle
05:27:49 PM    0   64.65    0.00   28.28    0.00    0.00    5.05    0.00    0.00    0.00    2.02

05:27:49 PM  CPU    %usr   %nice    %sys %iowait    %irq   %soft  %steal  %guest  %gnice   %idle
05:27:50 PM    0   67.33    0.00   23.76    0.00    0.00    6.93    0.00    0.00    0.00    1.98

05:27:50 PM  CPU    %usr   %nice    %sys %iowait    %irq   %soft  %steal  %guest  %gnice   %idle
05:27:51 PM    0   59.60    0.00   32.32    0.00    0.00    6.06    0.00    0.00    0.00    2.02

05:27:51 PM  CPU    %usr   %nice    %sys %iowait    %irq   %soft  %steal  %guest  %gnice   %idle
05:27:52 PM    0   66.67    0.00   26.26    0.00    0.00    7.07    0.00    0.00    0.00    0.00

05:27:52 PM  CPU    %usr   %nice    %sys %iowait    %irq   %soft  %steal  %guest  %gnice   %idle
05:27:53 PM    0   66.67    0.00   27.27    0.00    0.00    5.05    0.00    0.00    0.00    1.01

05:27:53 PM  CPU    %usr   %nice    %sys %iowait    %irq   %soft  %steal  %guest  %gnice   %idle
05:27:54 PM    0   64.00    0.00   30.00    0.00    0.00    6.00    0.00    0.00    0.00    0.00

05:27:54 PM  CPU    %usr   %nice    %sys %iowait    %irq   %soft  %steal  %guest  %gnice   %idle
05:27:55 PM    0   67.33    0.00   21.78    0.00    0.00    9.90    0.00    0.00    0.00    0.99

05:27:55 PM  CPU    %usr   %nice    %sys %iowait    %irq   %soft  %steal  %guest  %gnice   %idle
05:27:56 PM    0   64.00    0.00   30.00    0.00    0.00    6.00    0.00    0.00    0.00    0.00

05:27:56 PM  CPU    %usr   %nice    %sys %iowait    %irq   %soft  %steal  %guest  %gnice   %idle
05:27:57 PM    0   66.67    0.00   27.27    0.00    0.00    6.06    0.00    0.00    0.00    0.00

05:27:57 PM  CPU    %usr   %nice    %sys %iowait    %irq   %soft  %steal  %guest  %gnice   %idle
05:27:58 PM    0   62.00    0.00   27.00    0.00    0.00   10.00    0.00    0.00    0.00    1.00

05:27:58 PM  CPU    %usr   %nice    %sys %iowait    %irq   %soft  %steal  %guest  %gnice   %idle
05:27:59 PM    0   69.70    0.00   25.25    0.00    0.00    5.05    0.00    0.00    0.00    0.00

05:27:59 PM  CPU    %usr   %nice    %sys %iowait    %irq   %soft  %steal  %guest  %gnice   %idle
05:28:00 PM    0   65.66    0.00   27.27    0.00    0.00    6.06    0.00    0.00    0.00    1.01

05:28:00 PM  CPU    %usr   %nice    %sys %iowait    %irq   %soft  %steal  %guest  %gnice   %idle
05:28:01 PM    0   67.00    0.00   26.00    0.00    0.00    7.00    0.00    0.00    0.00    0.00

05:28:01 PM  CPU    %usr   %nice    %sys %iowait    %irq   %soft  %steal  %guest  %gnice   %idle
05:28:02 PM    0   70.71    0.00   23.23    0.00    0.00    6.06    0.00    0.00    0.00    0.00

05:28:02 PM  CPU    %usr   %nice    %sys %iowait    %irq   %soft  %steal  %guest  %gnice   %idle
05:28:03 PM    0   64.36    0.00   28.71    0.00    0.00    5.94    0.00    0.00    0.00    0.99

05:28:03 PM  CPU    %usr   %nice    %sys %iowait    %irq   %soft  %steal  %guest  %gnice   %idle
05:28:04 PM    0   68.00    0.00   24.00    0.00    0.00    7.00    0.00    0.00    0.00    1.00

05:28:04 PM  CPU    %usr   %nice    %sys %iowait    %irq   %soft  %steal  %guest  %gnice   %idle
05:28:05 PM    0   65.66    0.00   21.21    0.00    0.00   10.10    0.00    0.00    0.00    3.03

05:28:05 PM  CPU    %usr   %nice    %sys %iowait    %irq   %soft  %steal  %guest  %gnice   %idle
05:28:06 PM    0   66.34    0.00   26.73    0.00    0.00    4.95    0.00    0.00    0.00    1.98

05:28:06 PM  CPU    %usr   %nice    %sys %iowait    %irq   %soft  %steal  %guest  %gnice   %idle
05:28:07 PM    0   59.18    0.00   29.59    0.00    0.00    9.18    0.00    0.00    0.00    2.04

05:28:07 PM  CPU    %usr   %nice    %sys %iowait    %irq   %soft  %steal  %guest  %gnice   %idle
05:28:08 PM    0   66.00    0.00   27.00    0.00    0.00    5.00    0.00    0.00    0.00    2.00

05:28:08 PM  CPU    %usr   %nice    %sys %iowait    %irq   %soft  %steal  %guest  %gnice   %idle
05:28:09 PM    0   69.31    0.00   23.76    0.00    0.00    5.94    0.00    0.00    0.00    0.99

05:28:09 PM  CPU    %usr   %nice    %sys %iowait    %irq   %soft  %steal  %guest  %gnice   %idle
05:28:10 PM    0   68.69    0.00   24.24    0.00    0.00    7.07    0.00    0.00    0.00    0.00

05:28:10 PM  CPU    %usr   %nice    %sys %iowait    %irq   %soft  %steal  %guest  %gnice   %idle
05:28:11 PM    0   62.00    0.00   27.00    0.00    0.00   10.00    0.00    0.00    0.00    1.00

05:28:11 PM  CPU    %usr   %nice    %sys %iowait    %irq   %soft  %steal  %guest  %gnice   %idle
05:28:12 PM    0   65.66    0.00   28.28    0.00    0.00    6.06    0.00    0.00    0.00    0.00

05:28:12 PM  CPU    %usr   %nice    %sys %iowait    %irq   %soft  %steal  %guest  %gnice   %idle
05:28:13 PM    0   67.33    0.00   25.74    0.00    0.00    5.94    0.00    0.00    0.00    0.99

05:28:13 PM  CPU    %usr   %nice    %sys %iowait    %irq   %soft  %steal  %guest  %gnice   %idle
05:28:14 PM    0   67.00    0.00   23.00    0.00    0.00    7.00    0.00    0.00    0.00    3.00

05:28:14 PM  CPU    %usr   %nice    %sys %iowait    %irq   %soft  %steal  %guest  %gnice   %idle
05:28:15 PM    0   69.00    0.00   25.00    0.00    0.00    4.00    0.00    0.00    0.00    2.00

05:28:15 PM  CPU    %usr   %nice    %sys %iowait    %irq   %soft  %steal  %guest  %gnice   %idle
05:28:16 PM    0   71.00    0.00   20.00    0.00    0.00    6.00    0.00    0.00    0.00    3.00

05:28:16 PM  CPU    %usr   %nice    %sys %iowait    %irq   %soft  %steal  %guest  %gnice   %idle
05:28:17 PM    0   62.63    0.00   29.29    0.00    0.00    6.06    0.00    0.00    0.00    2.02

05:28:17 PM  CPU    %usr   %nice    %sys %iowait    %irq   %soft  %steal  %guest  %gnice   %idle
05:28:18 PM    0   65.35    0.00   25.74    0.00    0.00    5.94    0.00    0.00    0.00    2.97

05:28:18 PM  CPU    %usr   %nice    %sys %iowait    %irq   %soft  %steal  %guest  %gnice   %idle
05:28:19 PM    0   68.69    0.00   22.22    0.00    0.00    7.07    0.00    0.00    0.00    2.02

05:28:19 PM  CPU    %usr   %nice    %sys %iowait    %irq   %soft  %steal  %guest  %gnice   %idle
05:28:20 PM    0   57.73    0.00   30.93    0.00    0.00   10.31    0.00    0.00    0.00    1.03

05:28:20 PM  CPU    %usr   %nice    %sys %iowait    %irq   %soft  %steal  %guest  %gnice   %idle
05:28:21 PM    0   66.67    0.00   26.47    0.00    0.00    4.90    0.00    0.00    0.00    1.96

05:28:21 PM  CPU    %usr   %nice    %sys %iowait    %irq   %soft  %steal  %guest  %gnice   %idle
05:28:22 PM    0   68.37    0.00   25.51    0.00    0.00    5.10    0.00    0.00    0.00    1.02

05:28:22 PM  CPU    %usr   %nice    %sys %iowait    %irq   %soft  %steal  %guest  %gnice   %idle
05:28:23 PM    0   66.99    0.00   23.30    0.00    0.00    6.80    0.00    0.00    0.00    2.91

05:28:23 PM  CPU    %usr   %nice    %sys %iowait    %irq   %soft  %steal  %guest  %gnice   %idle
05:28:24 PM    0   68.37    0.00   23.47    0.00    0.00    6.12    0.00    0.00    0.00    2.04

05:28:24 PM  CPU    %usr   %nice    %sys %iowait    %irq   %soft  %steal  %guest  %gnice   %idle
05:28:25 PM    0   71.29    0.00   22.77    0.00    0.00    3.96    0.00    0.00    0.00    1.98

05:28:25 PM  CPU    %usr   %nice    %sys %iowait    %irq   %soft  %steal  %guest  %gnice   %idle
05:28:26 PM    0   61.00    0.00   26.00    0.00    0.00   10.00    0.00    0.00    0.00    3.00

05:28:26 PM  CPU    %usr   %nice    %sys %iowait    %irq   %soft  %steal  %guest  %gnice   %idle
05:28:27 PM    0   66.00    0.00   26.00    0.00    0.00    7.00    0.00    0.00    0.00    1.00

05:28:27 PM  CPU    %usr   %nice    %sys %iowait    %irq   %soft  %steal  %guest  %gnice   %idle
05:28:28 PM    0   60.40    0.00   27.72    0.00    0.00    7.92    0.00    0.00    0.00    3.96

05:28:28 PM  CPU    %usr   %nice    %sys %iowait    %irq   %soft  %steal  %guest  %gnice   %idle
05:28:29 PM    0   67.01    0.00   23.71    0.00    0.00    5.15    0.00    0.00    0.00    4.12

05:28:29 PM  CPU    %usr   %nice    %sys %iowait    %irq   %soft  %steal  %guest  %gnice   %idle
05:28:30 PM    0   68.69    0.00   23.23    0.00    0.00    6.06    0.00    0.00    0.00    2.02

05:28:30 PM  CPU    %usr   %nice    %sys %iowait    %irq   %soft  %steal  %guest  %gnice   %idle
05:28:31 PM    0   67.68    0.00   24.24    0.00    0.00    6.06    0.00    0.00    0.00    2.02

05:28:31 PM  CPU    %usr   %nice    %sys %iowait    %irq   %soft  %steal  %guest  %gnice   %idle
05:28:32 PM    0   64.36    0.00   26.73    0.00    0.00    5.94    0.00    0.00    0.00    2.97

05:28:32 PM  CPU    %usr   %nice    %sys %iowait    %irq   %soft  %steal  %guest  %gnice   %idle
05:28:33 PM    0   63.64    0.00   29.29    0.00    0.00    5.05    0.00    0.00    0.00    2.02

05:28:33 PM  CPU    %usr   %nice    %sys %iowait    %irq   %soft  %steal  %guest  %gnice   %idle
05:28:34 PM    0   63.00    0.00   28.00    0.00    0.00    6.00    0.00    0.00    0.00    3.00

05:28:34 PM  CPU    %usr   %nice    %sys %iowait    %irq   %soft  %steal  %guest  %gnice   %idle
05:28:35 PM    0   59.60    0.00   34.34    0.00    0.00    3.03    0.00    0.00    0.00    3.03

05:28:35 PM  CPU    %usr   %nice    %sys %iowait    %irq   %soft  %steal  %guest  %gnice   %idle
05:28:36 PM    0   63.64    0.00   26.26    0.00    0.00    7.07    0.00    0.00    0.00    3.03

05:28:36 PM  CPU    %usr   %nice    %sys %iowait    %irq   %soft  %steal  %guest  %gnice   %idle
05:28:37 PM    0   66.00    0.00   26.00    0.00    0.00    6.00    0.00    0.00    0.00    2.00

05:28:37 PM  CPU    %usr   %nice    %sys %iowait    %irq   %soft  %steal  %guest  %gnice   %idle
05:28:38 PM    0   66.34    0.00   26.73    0.00    0.00    4.95    0.00    0.00    0.00    1.98

05:28:38 PM  CPU    %usr   %nice    %sys %iowait    %irq   %soft  %steal  %guest  %gnice   %idle
05:28:39 PM    0   61.39    0.00   27.72    0.00    0.00    9.90    0.00    0.00    0.00    0.99

Average:     CPU    %usr   %nice    %sys %iowait    %irq   %soft  %steal  %guest  %gnice   %idle
Average:       0   66.03    0.00   25.25    0.00    0.00    6.45    0.00    0.00    0.00    2.27
