Linux 5.3.0-61-generic (cw-zenbook) 	07/16/2020 	_x86_64_	(8 CPU)

02:28:38 PM  CPU    %usr   %nice    %sys %iowait    %irq   %soft  %steal  %guest  %gnice   %idle
02:28:39 PM    0   38.78    0.00   16.33    0.00    0.00    4.08    0.00    0.00    0.00   40.82

02:28:39 PM  CPU    %usr   %nice    %sys %iowait    %irq   %soft  %steal  %guest  %gnice   %idle
02:28:40 PM    0   40.78    0.00   16.50    0.00    0.00    2.91    0.00    0.00    0.00   39.81

02:28:40 PM  CPU    %usr   %nice    %sys %iowait    %irq   %soft  %steal  %guest  %gnice   %idle
02:28:41 PM    0   37.50    0.00   14.58    0.00    0.00    6.25    0.00    0.00    0.00   41.67

02:28:41 PM  CPU    %usr   %nice    %sys %iowait    %irq   %soft  %steal  %guest  %gnice   %idle
02:28:42 PM    0   39.60    0.00   14.85    1.98    0.00    3.96    0.00    0.00    0.00   39.60

02:28:42 PM  CPU    %usr   %nice    %sys %iowait    %irq   %soft  %steal  %guest  %gnice   %idle
02:28:43 PM    0   40.62    0.00   14.58    0.00    0.00    3.12    0.00    0.00    0.00   41.67

02:28:43 PM  CPU    %usr   %nice    %sys %iowait    %irq   %soft  %steal  %guest  %gnice   %idle
02:28:44 PM    0   41.00    0.00   15.00    0.00    0.00    3.00    0.00    0.00    0.00   41.00

02:28:44 PM  CPU    %usr   %nice    %sys %iowait    %irq   %soft  %steal  %guest  %gnice   %idle
02:28:45 PM    0   41.84    0.00   13.27    0.00    0.00    2.04    0.00    0.00    0.00   42.86

02:28:45 PM  CPU    %usr   %nice    %sys %iowait    %irq   %soft  %steal  %guest  %gnice   %idle
02:28:46 PM    0   36.63    0.00   17.82    0.00    0.00    3.96    0.00    0.00    0.00   41.58

02:28:46 PM  CPU    %usr   %nice    %sys %iowait    %irq   %soft  %steal  %guest  %gnice   %idle
02:28:47 PM    0   38.95    0.00   15.79    0.00    0.00    2.11    0.00    0.00    0.00   43.16

02:28:47 PM  CPU    %usr   %nice    %sys %iowait    %irq   %soft  %steal  %guest  %gnice   %idle
02:28:48 PM    0   38.78    0.00   17.35    0.00    0.00    3.06    0.00    0.00    0.00   40.82

02:28:48 PM  CPU    %usr   %nice    %sys %iowait    %irq   %soft  %steal  %guest  %gnice   %idle
02:28:49 PM    0   39.39    0.00   16.16    0.00    0.00    4.04    0.00    0.00    0.00   40.40

02:28:49 PM  CPU    %usr   %nice    %sys %iowait    %irq   %soft  %steal  %guest  %gnice   %idle
02:28:50 PM    0   37.37    0.00   17.17    0.00    0.00    4.04    0.00    0.00    0.00   41.41

02:28:50 PM  CPU    %usr   %nice    %sys %iowait    %irq   %soft  %steal  %guest  %gnice   %idle
02:28:51 PM    0   40.00    0.00   12.63    0.00    0.00    5.26    0.00    0.00    0.00   42.11

02:28:51 PM  CPU    %usr   %nice    %sys %iowait    %irq   %soft  %steal  %guest  %gnice   %idle
02:28:52 PM    0   39.22    0.00   14.71    0.00    0.00    5.88    0.00    0.00    0.00   40.20

02:28:52 PM  CPU    %usr   %nice    %sys %iowait    %irq   %soft  %steal  %guest  %gnice   %idle
02:28:53 PM    0   37.11    0.00   15.46    0.00    0.00    6.19    0.00    0.00    0.00   41.24

02:28:53 PM  CPU    %usr   %nice    %sys %iowait    %irq   %soft  %steal  %guest  %gnice   %idle
02:28:54 PM    0   42.27    0.00   10.31    0.00    0.00    6.19    0.00    0.00    0.00   41.24

02:28:54 PM  CPU    %usr   %nice    %sys %iowait    %irq   %soft  %steal  %guest  %gnice   %idle
02:28:55 PM    0   35.42    0.00   19.79    0.00    0.00    2.08    0.00    0.00    0.00   42.71

02:28:55 PM  CPU    %usr   %nice    %sys %iowait    %irq   %soft  %steal  %guest  %gnice   %idle
02:28:56 PM    0   38.38    0.00   14.14    0.00    0.00    6.06    0.00    0.00    0.00   41.41

02:28:56 PM  CPU    %usr   %nice    %sys %iowait    %irq   %soft  %steal  %guest  %gnice   %idle
02:28:57 PM    0   37.00    0.00   15.00    0.00    0.00    6.00    0.00    0.00    0.00   42.00

02:28:57 PM  CPU    %usr   %nice    %sys %iowait    %irq   %soft  %steal  %guest  %gnice   %idle
02:28:58 PM    0   39.58    0.00   13.54    0.00    0.00    3.12    0.00    0.00    0.00   43.75

02:28:58 PM  CPU    %usr   %nice    %sys %iowait    %irq   %soft  %steal  %guest  %gnice   %idle
02:28:59 PM    0   39.60    0.00   15.84    0.00    0.00    3.96    0.00    0.00    0.00   40.59

02:28:59 PM  CPU    %usr   %nice    %sys %iowait    %irq   %soft  %steal  %guest  %gnice   %idle
02:29:00 PM    0   36.00    0.00   17.00    0.00    0.00    4.00    0.00    0.00    0.00   43.00

02:29:00 PM  CPU    %usr   %nice    %sys %iowait    %irq   %soft  %steal  %guest  %gnice   %idle
02:29:01 PM    0   41.84    0.00   11.22    0.00    0.00    5.10    0.00    0.00    0.00   41.84

02:29:01 PM  CPU    %usr   %nice    %sys %iowait    %irq   %soft  %steal  %guest  %gnice   %idle
02:29:02 PM    0   38.00    0.00   18.00    0.00    0.00    3.00    0.00    0.00    0.00   41.00

02:29:02 PM  CPU    %usr   %nice    %sys %iowait    %irq   %soft  %steal  %guest  %gnice   %idle
02:29:03 PM    0   36.36    0.00   17.17    0.00    0.00    5.05    0.00    0.00    0.00   41.41

02:29:03 PM  CPU    %usr   %nice    %sys %iowait    %irq   %soft  %steal  %guest  %gnice   %idle
02:29:04 PM    0   40.00    0.00   17.00    0.00    0.00    3.00    0.00    0.00    0.00   40.00

02:29:04 PM  CPU    %usr   %nice    %sys %iowait    %irq   %soft  %steal  %guest  %gnice   %idle
02:29:05 PM    0   42.00    0.00   14.00    0.00    0.00    3.00    0.00    0.00    0.00   41.00

02:29:05 PM  CPU    %usr   %nice    %sys %iowait    %irq   %soft  %steal  %guest  %gnice   %idle
02:29:06 PM    0   39.18    0.00   14.43    0.00    0.00    4.12    0.00    0.00    0.00   42.27

02:29:06 PM  CPU    %usr   %nice    %sys %iowait    %irq   %soft  %steal  %guest  %gnice   %idle
02:29:07 PM    0   41.41    0.00   14.14    0.00    0.00    3.03    0.00    0.00    0.00   41.41

02:29:07 PM  CPU    %usr   %nice    %sys %iowait    %irq   %soft  %steal  %guest  %gnice   %idle
02:29:08 PM    0   38.83    0.00   16.50    0.00    0.00    4.85    0.00    0.00    0.00   39.81

02:29:08 PM  CPU    %usr   %nice    %sys %iowait    %irq   %soft  %steal  %guest  %gnice   %idle
02:29:09 PM    0   38.14    0.00   14.43    0.00    0.00    6.19    0.00    0.00    0.00   41.24

02:29:09 PM  CPU    %usr   %nice    %sys %iowait    %irq   %soft  %steal  %guest  %gnice   %idle
02:29:10 PM    0   38.83    0.00   17.48    0.00    0.00    4.85    0.00    0.00    0.00   38.83

02:29:10 PM  CPU    %usr   %nice    %sys %iowait    %irq   %soft  %steal  %guest  %gnice   %idle
02:29:11 PM    0   39.00    0.00   16.00    0.00    0.00    4.00    0.00    0.00    0.00   41.00

02:29:11 PM  CPU    %usr   %nice    %sys %iowait    %irq   %soft  %steal  %guest  %gnice   %idle
02:29:12 PM    0   42.42    0.00   13.13    0.00    0.00    3.03    0.00    0.00    0.00   41.41

02:29:12 PM  CPU    %usr   %nice    %sys %iowait    %irq   %soft  %steal  %guest  %gnice   %idle
02:29:13 PM    0   38.14    0.00   15.46    0.00    0.00    4.12    0.00    0.00    0.00   42.27

02:29:13 PM  CPU    %usr   %nice    %sys %iowait    %irq   %soft  %steal  %guest  %gnice   %idle
02:29:14 PM    0   41.58    0.00   13.86    0.00    0.00    2.97    0.00    0.00    0.00   41.58

02:29:14 PM  CPU    %usr   %nice    %sys %iowait    %irq   %soft  %steal  %guest  %gnice   %idle
02:29:15 PM    0   36.08    0.00   18.56    0.00    0.00    3.09    0.00    0.00    0.00   42.27

02:29:15 PM  CPU    %usr   %nice    %sys %iowait    %irq   %soft  %steal  %guest  %gnice   %idle
02:29:16 PM    0   37.37    0.00   18.18    0.00    0.00    3.03    0.00    0.00    0.00   41.41

02:29:16 PM  CPU    %usr   %nice    %sys %iowait    %irq   %soft  %steal  %guest  %gnice   %idle
02:29:17 PM    0   36.17    0.00   18.09    0.00    0.00    3.19    0.00    0.00    0.00   42.55

02:29:17 PM  CPU    %usr   %nice    %sys %iowait    %irq   %soft  %steal  %guest  %gnice   %idle
02:29:18 PM    0   38.78    0.00   14.29    0.00    0.00    5.10    0.00    0.00    0.00   41.84

02:29:18 PM  CPU    %usr   %nice    %sys %iowait    %irq   %soft  %steal  %guest  %gnice   %idle
02:29:19 PM    0   39.58    0.00   12.50    0.00    0.00    6.25    0.00    0.00    0.00   41.67

02:29:19 PM  CPU    %usr   %nice    %sys %iowait    %irq   %soft  %steal  %guest  %gnice   %idle
02:29:20 PM    0   39.18    0.00   11.34    0.00    0.00    7.22    0.00    0.00    0.00   42.27

02:29:20 PM  CPU    %usr   %nice    %sys %iowait    %irq   %soft  %steal  %guest  %gnice   %idle
02:29:21 PM    0   39.39    0.00   17.17    0.00    0.00    2.02    0.00    0.00    0.00   41.41

02:29:21 PM  CPU    %usr   %nice    %sys %iowait    %irq   %soft  %steal  %guest  %gnice   %idle
02:29:22 PM    0   36.63    0.00   17.82    0.00    0.00    4.95    0.00    0.00    0.00   40.59

02:29:22 PM  CPU    %usr   %nice    %sys %iowait    %irq   %soft  %steal  %guest  %gnice   %idle
02:29:23 PM    0   39.60    0.00   13.86    0.00    0.00    4.95    0.00    0.00    0.00   41.58

02:29:23 PM  CPU    %usr   %nice    %sys %iowait    %irq   %soft  %steal  %guest  %gnice   %idle
02:29:24 PM    0   40.00    0.00   16.00    0.00    0.00    3.00    0.00    0.00    0.00   41.00

02:29:24 PM  CPU    %usr   %nice    %sys %iowait    %irq   %soft  %steal  %guest  %gnice   %idle
02:29:25 PM    0   40.59    0.00   15.84    0.00    0.00    2.97    0.00    0.00    0.00   40.59

02:29:25 PM  CPU    %usr   %nice    %sys %iowait    %irq   %soft  %steal  %guest  %gnice   %idle
02:29:26 PM    0   44.00    0.00   13.00    0.00    0.00    3.00    0.00    0.00    0.00   40.00

02:29:26 PM  CPU    %usr   %nice    %sys %iowait    %irq   %soft  %steal  %guest  %gnice   %idle
02:29:27 PM    0   40.00    0.00   16.00    0.00    0.00    3.00    0.00    0.00    0.00   41.00

02:29:27 PM  CPU    %usr   %nice    %sys %iowait    %irq   %soft  %steal  %guest  %gnice   %idle
02:29:28 PM    0   39.39    0.00   16.16    0.00    0.00    4.04    0.00    0.00    0.00   40.40

02:29:28 PM  CPU    %usr   %nice    %sys %iowait    %irq   %soft  %steal  %guest  %gnice   %idle
02:29:29 PM    0   33.67    0.00   18.37    0.00    0.00    5.10    0.00    0.00    0.00   42.86

02:29:29 PM  CPU    %usr   %nice    %sys %iowait    %irq   %soft  %steal  %guest  %gnice   %idle
02:29:30 PM    0   37.62    0.00   16.83    0.00    0.00    4.95    0.00    0.00    0.00   40.59

02:29:30 PM  CPU    %usr   %nice    %sys %iowait    %irq   %soft  %steal  %guest  %gnice   %idle
02:29:31 PM    0   40.82    0.00   15.31    0.00    0.00    3.06    0.00    0.00    0.00   40.82

02:29:31 PM  CPU    %usr   %nice    %sys %iowait    %irq   %soft  %steal  %guest  %gnice   %idle
02:29:32 PM    0   41.18    0.00   15.69    0.00    0.00    2.94    0.00    0.00    0.00   40.20

02:29:32 PM  CPU    %usr   %nice    %sys %iowait    %irq   %soft  %steal  %guest  %gnice   %idle
02:29:33 PM    0   34.69    0.00   17.35    0.00    0.00    7.14    0.00    0.00    0.00   40.82

02:29:33 PM  CPU    %usr   %nice    %sys %iowait    %irq   %soft  %steal  %guest  %gnice   %idle
02:29:34 PM    0   42.86    0.00   12.24    0.00    0.00    3.06    0.00    0.00    0.00   41.84

02:29:34 PM  CPU    %usr   %nice    %sys %iowait    %irq   %soft  %steal  %guest  %gnice   %idle
02:29:35 PM    0   40.00    0.00   15.79    0.00    0.00    2.11    0.00    0.00    0.00   42.11

02:29:35 PM  CPU    %usr   %nice    %sys %iowait    %irq   %soft  %steal  %guest  %gnice   %idle
02:29:36 PM    0   38.78    0.00   17.35    0.00    0.00    2.04    0.00    0.00    0.00   41.84

02:29:36 PM  CPU    %usr   %nice    %sys %iowait    %irq   %soft  %steal  %guest  %gnice   %idle
02:29:37 PM    0   37.37    0.00   17.17    0.00    0.00    4.04    0.00    0.00    0.00   41.41

02:29:37 PM  CPU    %usr   %nice    %sys %iowait    %irq   %soft  %steal  %guest  %gnice   %idle
02:29:38 PM    0   41.24    0.00   12.37    0.00    0.00    4.12    0.00    0.00    0.00   42.27

02:29:38 PM  CPU    %usr   %nice    %sys %iowait    %irq   %soft  %steal  %guest  %gnice   %idle
02:29:39 PM    0   42.42    0.00   14.14    0.00    0.00    2.02    0.00    0.00    0.00   41.41

02:29:39 PM  CPU    %usr   %nice    %sys %iowait    %irq   %soft  %steal  %guest  %gnice   %idle
02:29:40 PM    0   42.16    0.00   12.75    0.00    0.00    4.90    0.00    0.00    0.00   40.20

02:29:40 PM  CPU    %usr   %nice    %sys %iowait    %irq   %soft  %steal  %guest  %gnice   %idle
02:29:41 PM    0   37.37    0.00   17.17    0.00    0.00    3.03    0.00    0.00    0.00   42.42

02:29:41 PM  CPU    %usr   %nice    %sys %iowait    %irq   %soft  %steal  %guest  %gnice   %idle
02:29:42 PM    0   36.36    0.00   16.16    0.00    0.00    6.06    0.00    0.00    0.00   41.41

02:29:42 PM  CPU    %usr   %nice    %sys %iowait    %irq   %soft  %steal  %guest  %gnice   %idle
02:29:43 PM    0   36.36    0.00   17.17    0.00    0.00    5.05    0.00    0.00    0.00   41.41

02:29:43 PM  CPU    %usr   %nice    %sys %iowait    %irq   %soft  %steal  %guest  %gnice   %idle
02:29:44 PM    0   36.00    0.00   16.00    0.00    0.00    5.00    0.00    0.00    0.00   43.00

02:29:44 PM  CPU    %usr   %nice    %sys %iowait    %irq   %soft  %steal  %guest  %gnice   %idle
02:29:45 PM    0   38.38    0.00   15.15    0.00    0.00    4.04    0.00    0.00    0.00   42.42

02:29:45 PM  CPU    %usr   %nice    %sys %iowait    %irq   %soft  %steal  %guest  %gnice   %idle
02:29:46 PM    0   37.76    0.00   16.33    0.00    0.00    4.08    0.00    0.00    0.00   41.84

02:29:46 PM  CPU    %usr   %nice    %sys %iowait    %irq   %soft  %steal  %guest  %gnice   %idle
02:29:47 PM    0   35.35    0.00   16.16    0.00    0.00    6.06    0.00    0.00    0.00   42.42

02:29:47 PM  CPU    %usr   %nice    %sys %iowait    %irq   %soft  %steal  %guest  %gnice   %idle
02:29:48 PM    0   40.20    0.00   13.73    0.00    0.00    3.92    0.00    0.00    0.00   42.16

02:29:48 PM  CPU    %usr   %nice    %sys %iowait    %irq   %soft  %steal  %guest  %gnice   %idle
02:29:49 PM    0   36.84    0.00   14.74    0.00    0.00    4.21    0.00    0.00    0.00   44.21

02:29:49 PM  CPU    %usr   %nice    %sys %iowait    %irq   %soft  %steal  %guest  %gnice   %idle
02:29:50 PM    0   39.39    0.00   13.13    0.00    0.00    5.05    0.00    0.00    0.00   42.42

02:29:50 PM  CPU    %usr   %nice    %sys %iowait    %irq   %soft  %steal  %guest  %gnice   %idle
02:29:51 PM    0   44.33    0.00   11.34    0.00    0.00    1.03    0.00    0.00    0.00   43.30

02:29:51 PM  CPU    %usr   %nice    %sys %iowait    %irq   %soft  %steal  %guest  %gnice   %idle
02:29:52 PM    0   41.00    0.00   13.00    0.00    0.00    4.00    0.00    0.00    0.00   42.00

02:29:52 PM  CPU    %usr   %nice    %sys %iowait    %irq   %soft  %steal  %guest  %gnice   %idle
02:29:53 PM    0   39.00    0.00   15.00    0.00    0.00    5.00    0.00    0.00    0.00   41.00

02:29:53 PM  CPU    %usr   %nice    %sys %iowait    %irq   %soft  %steal  %guest  %gnice   %idle
02:29:54 PM    0   40.82    0.00   14.29    0.00    0.00    2.04    0.00    0.00    0.00   42.86

02:29:54 PM  CPU    %usr   %nice    %sys %iowait    %irq   %soft  %steal  %guest  %gnice   %idle
02:29:55 PM    0   38.30    0.00   13.83    0.00    0.00    3.19    0.00    0.00    0.00   44.68

02:29:55 PM  CPU    %usr   %nice    %sys %iowait    %irq   %soft  %steal  %guest  %gnice   %idle
02:29:56 PM    0   36.89    0.00   16.50    0.00    0.00    5.83    0.00    0.00    0.00   40.78

02:29:56 PM  CPU    %usr   %nice    %sys %iowait    %irq   %soft  %steal  %guest  %gnice   %idle
02:29:57 PM    0   42.11    0.00   13.68    0.00    0.00    1.05    0.00    0.00    0.00   43.16

02:29:57 PM  CPU    %usr   %nice    %sys %iowait    %irq   %soft  %steal  %guest  %gnice   %idle
02:29:58 PM    0   38.83    0.00   16.50    0.00    0.00    3.88    0.00    0.00    0.00   40.78

02:29:58 PM  CPU    %usr   %nice    %sys %iowait    %irq   %soft  %steal  %guest  %gnice   %idle
02:29:59 PM    0   41.24    0.00   11.34    0.00    0.00    4.12    0.00    0.00    0.00   43.30

02:29:59 PM  CPU    %usr   %nice    %sys %iowait    %irq   %soft  %steal  %guest  %gnice   %idle
02:30:00 PM    0   38.78    0.00   12.24    0.00    0.00    5.10    0.00    0.00    0.00   43.88

02:30:00 PM  CPU    %usr   %nice    %sys %iowait    %irq   %soft  %steal  %guest  %gnice   %idle
02:30:01 PM    0   36.36    0.00   17.17    0.00    0.00    4.04    0.00    0.00    0.00   42.42

02:30:01 PM  CPU    %usr   %nice    %sys %iowait    %irq   %soft  %steal  %guest  %gnice   %idle
02:30:02 PM    0   40.00    0.00   14.00    0.00    0.00    4.00    0.00    0.00    0.00   42.00

02:30:02 PM  CPU    %usr   %nice    %sys %iowait    %irq   %soft  %steal  %guest  %gnice   %idle
02:30:03 PM    0   37.76    0.00   16.33    0.00    0.00    3.06    0.00    0.00    0.00   42.86

02:30:03 PM  CPU    %usr   %nice    %sys %iowait    %irq   %soft  %steal  %guest  %gnice   %idle
02:30:04 PM    0   42.72    0.00   13.59    0.00    0.00    1.94    0.00    0.00    0.00   41.75

02:30:04 PM  CPU    %usr   %nice    %sys %iowait    %irq   %soft  %steal  %guest  %gnice   %idle
02:30:05 PM    0   40.40    0.00   14.14    0.00    0.00    3.03    0.00    0.00    0.00   42.42

02:30:05 PM  CPU    %usr   %nice    %sys %iowait    %irq   %soft  %steal  %guest  %gnice   %idle
02:30:06 PM    0   38.24    0.00   17.65    0.00    0.00    2.94    0.00    0.00    0.00   41.18

02:30:06 PM  CPU    %usr   %nice    %sys %iowait    %irq   %soft  %steal  %guest  %gnice   %idle
02:30:07 PM    0   38.61    0.00   13.86    0.00    0.00    6.93    0.00    0.00    0.00   40.59

02:30:07 PM  CPU    %usr   %nice    %sys %iowait    %irq   %soft  %steal  %guest  %gnice   %idle
02:30:08 PM    0   37.76    0.00   18.37    0.00    0.00    2.04    0.00    0.00    0.00   41.84

02:30:08 PM  CPU    %usr   %nice    %sys %iowait    %irq   %soft  %steal  %guest  %gnice   %idle
02:30:09 PM    0   42.86    0.00   13.27    0.00    0.00    3.06    0.00    0.00    0.00   40.82

02:30:09 PM  CPU    %usr   %nice    %sys %iowait    %irq   %soft  %steal  %guest  %gnice   %idle
02:30:10 PM    0   39.18    0.00   13.40    0.00    0.00    5.15    0.00    0.00    0.00   42.27

02:30:10 PM  CPU    %usr   %nice    %sys %iowait    %irq   %soft  %steal  %guest  %gnice   %idle
02:30:11 PM    0   36.36    0.00   19.19    0.00    0.00    4.04    0.00    0.00    0.00   40.40

02:30:11 PM  CPU    %usr   %nice    %sys %iowait    %irq   %soft  %steal  %guest  %gnice   %idle
02:30:12 PM    0   37.37    0.00   17.17    0.00    0.00    4.04    0.00    0.00    0.00   41.41

02:30:12 PM  CPU    %usr   %nice    %sys %iowait    %irq   %soft  %steal  %guest  %gnice   %idle
02:30:13 PM    0   38.61    0.00   16.83    0.00    0.00    4.95    0.00    0.00    0.00   39.60

02:30:13 PM  CPU    %usr   %nice    %sys %iowait    %irq   %soft  %steal  %guest  %gnice   %idle
02:30:14 PM    0   38.00    0.00   17.00    0.00    0.00    3.00    0.00    0.00    0.00   42.00

02:30:14 PM  CPU    %usr   %nice    %sys %iowait    %irq   %soft  %steal  %guest  %gnice   %idle
02:30:15 PM    0   40.40    0.00   14.14    0.00    0.00    4.04    0.00    0.00    0.00   41.41

02:30:15 PM  CPU    %usr   %nice    %sys %iowait    %irq   %soft  %steal  %guest  %gnice   %idle
02:30:16 PM    0   37.50    0.00   16.67    0.00    0.00    4.17    0.00    0.00    0.00   41.67

02:30:16 PM  CPU    %usr   %nice    %sys %iowait    %irq   %soft  %steal  %guest  %gnice   %idle
02:30:17 PM    0   39.80    0.00   13.27    0.00    0.00    5.10    0.00    0.00    0.00   41.84

02:30:17 PM  CPU    %usr   %nice    %sys %iowait    %irq   %soft  %steal  %guest  %gnice   %idle
02:30:18 PM    0   40.21    0.00   11.34    0.00    0.00    6.19    0.00    0.00    0.00   42.27

02:30:18 PM  CPU    %usr   %nice    %sys %iowait    %irq   %soft  %steal  %guest  %gnice   %idle
02:30:19 PM    0   38.38    0.00   16.16    0.00    0.00    4.04    0.00    0.00    0.00   41.41

02:30:19 PM  CPU    %usr   %nice    %sys %iowait    %irq   %soft  %steal  %guest  %gnice   %idle
02:30:20 PM    0   38.78    0.00   14.29    0.00    0.00    5.10    0.00    0.00    0.00   41.84

02:30:20 PM  CPU    %usr   %nice    %sys %iowait    %irq   %soft  %steal  %guest  %gnice   %idle
02:30:21 PM    0   36.73    0.00   19.39    0.00    0.00    3.06    0.00    0.00    0.00   40.82

02:30:21 PM  CPU    %usr   %nice    %sys %iowait    %irq   %soft  %steal  %guest  %gnice   %idle
02:30:22 PM    0   37.11    0.00   16.49    0.00    0.00    3.09    0.00    0.00    0.00   43.30

02:30:22 PM  CPU    %usr   %nice    %sys %iowait    %irq   %soft  %steal  %guest  %gnice   %idle
02:30:23 PM    0   36.08    0.00   17.53    0.00    0.00    3.09    0.00    0.00    0.00   43.30

02:30:23 PM  CPU    %usr   %nice    %sys %iowait    %irq   %soft  %steal  %guest  %gnice   %idle
02:30:24 PM    0   41.84    0.00   12.24    0.00    0.00    4.08    0.00    0.00    0.00   41.84

02:30:24 PM  CPU    %usr   %nice    %sys %iowait    %irq   %soft  %steal  %guest  %gnice   %idle
02:30:25 PM    0   37.76    0.00   15.31    0.00    0.00    4.08    0.00    0.00    0.00   42.86

02:30:25 PM  CPU    %usr   %nice    %sys %iowait    %irq   %soft  %steal  %guest  %gnice   %idle
02:30:26 PM    0   39.60    0.00   14.85    0.00    0.00    3.96    0.00    0.00    0.00   41.58

02:30:26 PM  CPU    %usr   %nice    %sys %iowait    %irq   %soft  %steal  %guest  %gnice   %idle
02:30:27 PM    0   37.37    0.00   17.17    0.00    0.00    3.03    0.00    0.00    0.00   42.42

02:30:27 PM  CPU    %usr   %nice    %sys %iowait    %irq   %soft  %steal  %guest  %gnice   %idle
02:30:28 PM    0   34.69    0.00   17.35    0.00    0.00    6.12    0.00    0.00    0.00   41.84

02:30:28 PM  CPU    %usr   %nice    %sys %iowait    %irq   %soft  %steal  %guest  %gnice   %idle
02:30:29 PM    0   40.00    0.00   14.00    0.00    0.00    4.00    0.00    0.00    0.00   42.00

02:30:29 PM  CPU    %usr   %nice    %sys %iowait    %irq   %soft  %steal  %guest  %gnice   %idle
02:30:30 PM    0   39.80    0.00   15.31    0.00    0.00    3.06    0.00    0.00    0.00   41.84

02:30:30 PM  CPU    %usr   %nice    %sys %iowait    %irq   %soft  %steal  %guest  %gnice   %idle
02:30:31 PM    0   37.37    0.00   16.16    0.00    0.00    5.05    0.00    0.00    0.00   41.41

02:30:31 PM  CPU    %usr   %nice    %sys %iowait    %irq   %soft  %steal  %guest  %gnice   %idle
02:30:32 PM    0   39.39    0.00   14.14    0.00    0.00    4.04    0.00    0.00    0.00   42.42

02:30:32 PM  CPU    %usr   %nice    %sys %iowait    %irq   %soft  %steal  %guest  %gnice   %idle
02:30:33 PM    0   38.78    0.00   14.29    0.00    0.00    4.08    0.00    0.00    0.00   42.86

02:30:33 PM  CPU    %usr   %nice    %sys %iowait    %irq   %soft  %steal  %guest  %gnice   %idle
02:30:34 PM    0   37.00    0.00   17.00    0.00    0.00    4.00    0.00    0.00    0.00   42.00

02:30:34 PM  CPU    %usr   %nice    %sys %iowait    %irq   %soft  %steal  %guest  %gnice   %idle
02:30:35 PM    0   40.62    0.00   12.50    0.00    0.00    4.17    0.00    0.00    0.00   42.71

02:30:35 PM  CPU    %usr   %nice    %sys %iowait    %irq   %soft  %steal  %guest  %gnice   %idle
02:30:36 PM    0   36.36    0.00   16.16    0.00    0.00    5.05    0.00    0.00    0.00   42.42

02:30:36 PM  CPU    %usr   %nice    %sys %iowait    %irq   %soft  %steal  %guest  %gnice   %idle
02:30:37 PM    0   38.61    0.00   14.85    0.00    0.00    4.95    0.00    0.00    0.00   41.58

02:30:37 PM  CPU    %usr   %nice    %sys %iowait    %irq   %soft  %steal  %guest  %gnice   %idle
02:30:38 PM    0   40.82    0.00   14.29    0.00    0.00    2.04    0.00    0.00    0.00   42.86

Average:     CPU    %usr   %nice    %sys %iowait    %irq   %soft  %steal  %guest  %gnice   %idle
Average:       0   38.97    0.00   15.30    0.02    0.00    4.02    0.00    0.00    0.00   41.69
