Linux 5.3.0-61-generic (cw-zenbook) 	07/16/2020 	_x86_64_	(8 CPU)

04:47:23 PM  CPU    %usr   %nice    %sys %iowait    %irq   %soft  %steal  %guest  %gnice   %idle
04:47:24 PM    0   37.11    0.00   17.53    0.00    0.00    3.09    0.00    0.00    0.00   42.27

04:47:24 PM  CPU    %usr   %nice    %sys %iowait    %irq   %soft  %steal  %guest  %gnice   %idle
04:47:25 PM    0   40.59    0.00   14.85    0.00    0.00    2.97    0.00    0.00    0.00   41.58

04:47:25 PM  CPU    %usr   %nice    %sys %iowait    %irq   %soft  %steal  %guest  %gnice   %idle
04:47:26 PM    0   39.58    0.00   11.46    0.00    0.00    5.21    0.00    0.00    0.00   43.75

04:47:26 PM  CPU    %usr   %nice    %sys %iowait    %irq   %soft  %steal  %guest  %gnice   %idle
04:47:27 PM    0   39.39    0.00   13.13    0.00    0.00    5.05    0.00    0.00    0.00   42.42

04:47:27 PM  CPU    %usr   %nice    %sys %iowait    %irq   %soft  %steal  %guest  %gnice   %idle
04:47:28 PM    0   40.00    0.00   16.00    0.00    0.00    2.00    0.00    0.00    0.00   42.00

04:47:28 PM  CPU    %usr   %nice    %sys %iowait    %irq   %soft  %steal  %guest  %gnice   %idle
04:47:29 PM    0   42.00    0.00   14.00    0.00    0.00    3.00    0.00    0.00    0.00   41.00

04:47:29 PM  CPU    %usr   %nice    %sys %iowait    %irq   %soft  %steal  %guest  %gnice   %idle
04:47:30 PM    0   42.86    0.00   13.27    0.00    0.00    2.04    0.00    0.00    0.00   41.84

04:47:30 PM  CPU    %usr   %nice    %sys %iowait    %irq   %soft  %steal  %guest  %gnice   %idle
04:47:31 PM    0   38.24    0.00   16.67    0.00    0.00    3.92    0.00    0.00    0.00   41.18

04:47:31 PM  CPU    %usr   %nice    %sys %iowait    %irq   %soft  %steal  %guest  %gnice   %idle
04:47:32 PM    0   39.60    0.00   15.84    0.00    0.00    4.95    0.00    0.00    0.00   39.60

04:47:32 PM  CPU    %usr   %nice    %sys %iowait    %irq   %soft  %steal  %guest  %gnice   %idle
04:47:33 PM    0   36.84    0.00   14.74    0.00    0.00    4.21    0.00    0.00    0.00   44.21

04:47:33 PM  CPU    %usr   %nice    %sys %iowait    %irq   %soft  %steal  %guest  %gnice   %idle
04:47:34 PM    0   35.29    0.00   19.61    0.00    0.00    3.92    0.00    0.00    0.00   41.18

04:47:34 PM  CPU    %usr   %nice    %sys %iowait    %irq   %soft  %steal  %guest  %gnice   %idle
04:47:35 PM    0   41.67    0.00   12.50    0.00    0.00    3.12    0.00    0.00    0.00   42.71

04:47:35 PM  CPU    %usr   %nice    %sys %iowait    %irq   %soft  %steal  %guest  %gnice   %idle
04:47:36 PM    0   38.78    0.00   16.33    0.00    0.00    2.04    0.00    0.00    0.00   42.86

04:47:36 PM  CPU    %usr   %nice    %sys %iowait    %irq   %soft  %steal  %guest  %gnice   %idle
04:47:37 PM    0   39.18    0.00   14.43    0.00    0.00    3.09    0.00    0.00    0.00   43.30

04:47:37 PM  CPU    %usr   %nice    %sys %iowait    %irq   %soft  %steal  %guest  %gnice   %idle
04:47:38 PM    0   38.38    0.00   15.15    0.00    0.00    5.05    0.00    0.00    0.00   41.41

04:47:38 PM  CPU    %usr   %nice    %sys %iowait    %irq   %soft  %steal  %guest  %gnice   %idle
04:47:39 PM    0   41.18    0.00   14.71    0.00    0.00    2.94    0.00    0.00    0.00   41.18

04:47:39 PM  CPU    %usr   %nice    %sys %iowait    %irq   %soft  %steal  %guest  %gnice   %idle
04:47:40 PM    0   36.00    0.00   17.00    0.00    0.00    4.00    0.00    0.00    0.00   43.00

04:47:40 PM  CPU    %usr   %nice    %sys %iowait    %irq   %soft  %steal  %guest  %gnice   %idle
04:47:41 PM    0   34.02    0.00   18.56    0.00    0.00    5.15    0.00    0.00    0.00   42.27

04:47:41 PM  CPU    %usr   %nice    %sys %iowait    %irq   %soft  %steal  %guest  %gnice   %idle
04:47:42 PM    0   35.71    0.00   16.33    0.00    0.00    6.12    0.00    0.00    0.00   41.84

04:47:42 PM  CPU    %usr   %nice    %sys %iowait    %irq   %soft  %steal  %guest  %gnice   %idle
04:47:43 PM    0   40.82    0.00   11.22    0.00    0.00    5.10    0.00    0.00    0.00   42.86

04:47:43 PM  CPU    %usr   %nice    %sys %iowait    %irq   %soft  %steal  %guest  %gnice   %idle
04:47:44 PM    0   40.00    0.00   12.63    0.00    0.00    4.21    0.00    0.00    0.00   43.16

04:47:44 PM  CPU    %usr   %nice    %sys %iowait    %irq   %soft  %steal  %guest  %gnice   %idle
04:47:45 PM    0   38.00    0.00   16.00    0.00    0.00    4.00    0.00    0.00    0.00   42.00

04:47:45 PM  CPU    %usr   %nice    %sys %iowait    %irq   %soft  %steal  %guest  %gnice   %idle
04:47:46 PM    0   35.79    0.00   16.84    0.00    0.00    4.21    0.00    0.00    0.00   43.16

04:47:46 PM  CPU    %usr   %nice    %sys %iowait    %irq   %soft  %steal  %guest  %gnice   %idle
04:47:47 PM    0   38.14    0.00   12.37    0.00    0.00    5.15    0.00    0.00    0.00   44.33

04:47:47 PM  CPU    %usr   %nice    %sys %iowait    %irq   %soft  %steal  %guest  %gnice   %idle
04:47:48 PM    0   40.59    0.00   13.86    0.00    0.00    3.96    0.00    0.00    0.00   41.58

04:47:48 PM  CPU    %usr   %nice    %sys %iowait    %irq   %soft  %steal  %guest  %gnice   %idle
04:47:49 PM    0   40.00    0.00   14.00    0.00    0.00    4.00    0.00    0.00    0.00   42.00

04:47:49 PM  CPU    %usr   %nice    %sys %iowait    %irq   %soft  %steal  %guest  %gnice   %idle
04:47:50 PM    0   40.59    0.00   14.85    0.00    0.00    2.97    0.00    0.00    0.00   41.58

04:47:50 PM  CPU    %usr   %nice    %sys %iowait    %irq   %soft  %steal  %guest  %gnice   %idle
04:47:51 PM    0   36.63    0.00   17.82    0.00    0.00    3.96    0.00    0.00    0.00   41.58

04:47:51 PM  CPU    %usr   %nice    %sys %iowait    %irq   %soft  %steal  %guest  %gnice   %idle
04:47:52 PM    0   36.73    0.00   17.35    0.00    0.00    4.08    0.00    0.00    0.00   41.84

04:47:52 PM  CPU    %usr   %nice    %sys %iowait    %irq   %soft  %steal  %guest  %gnice   %idle
04:47:53 PM    0   43.88    0.00   12.24    0.00    0.00    2.04    0.00    0.00    0.00   41.84

04:47:53 PM  CPU    %usr   %nice    %sys %iowait    %irq   %soft  %steal  %guest  %gnice   %idle
04:47:54 PM    0   38.00    0.00   18.00    0.00    0.00    3.00    0.00    0.00    0.00   41.00

04:47:54 PM  CPU    %usr   %nice    %sys %iowait    %irq   %soft  %steal  %guest  %gnice   %idle
04:47:55 PM    0   41.00    0.00   14.00    0.00    0.00    4.00    0.00    0.00    0.00   41.00

04:47:55 PM  CPU    %usr   %nice    %sys %iowait    %irq   %soft  %steal  %guest  %gnice   %idle
04:47:56 PM    0   34.65    0.00   20.79    0.00    0.00    2.97    0.00    0.00    0.00   41.58

04:47:56 PM  CPU    %usr   %nice    %sys %iowait    %irq   %soft  %steal  %guest  %gnice   %idle
04:47:57 PM    0   40.59    0.00   14.85    0.00    0.00    1.98    0.00    0.00    0.00   42.57

04:47:57 PM  CPU    %usr   %nice    %sys %iowait    %irq   %soft  %steal  %guest  %gnice   %idle
04:47:58 PM    0   37.76    0.00   16.33    0.00    0.00    3.06    0.00    0.00    0.00   42.86

04:47:58 PM  CPU    %usr   %nice    %sys %iowait    %irq   %soft  %steal  %guest  %gnice   %idle
04:47:59 PM    0   36.08    0.00   14.43    0.00    0.00    7.22    0.00    0.00    0.00   42.27

04:47:59 PM  CPU    %usr   %nice    %sys %iowait    %irq   %soft  %steal  %guest  %gnice   %idle
04:48:00 PM    0   42.42    0.00   13.13    0.00    0.00    3.03    0.00    0.00    0.00   41.41

04:48:00 PM  CPU    %usr   %nice    %sys %iowait    %irq   %soft  %steal  %guest  %gnice   %idle
04:48:01 PM    0   39.80    0.00   16.33    0.00    0.00    3.06    0.00    0.00    0.00   40.82

04:48:01 PM  CPU    %usr   %nice    %sys %iowait    %irq   %soft  %steal  %guest  %gnice   %idle
04:48:02 PM    0   37.11    0.00   15.46    0.00    0.00    4.12    0.00    0.00    0.00   43.30

04:48:02 PM  CPU    %usr   %nice    %sys %iowait    %irq   %soft  %steal  %guest  %gnice   %idle
04:48:03 PM    0   40.82    0.00   12.24    0.00    0.00    4.08    0.00    0.00    0.00   42.86

04:48:03 PM  CPU    %usr   %nice    %sys %iowait    %irq   %soft  %steal  %guest  %gnice   %idle
04:48:04 PM    0   43.43    0.00   10.10    0.00    0.00    4.04    0.00    0.00    0.00   42.42

04:48:04 PM  CPU    %usr   %nice    %sys %iowait    %irq   %soft  %steal  %guest  %gnice   %idle
04:48:05 PM    0   38.38    0.00   14.14    0.00    0.00    5.05    0.00    0.00    0.00   42.42

04:48:05 PM  CPU    %usr   %nice    %sys %iowait    %irq   %soft  %steal  %guest  %gnice   %idle
04:48:06 PM    0   39.39    0.00   15.15    0.00    0.00    3.03    0.00    0.00    0.00   42.42

04:48:06 PM  CPU    %usr   %nice    %sys %iowait    %irq   %soft  %steal  %guest  %gnice   %idle
04:48:07 PM    0   33.67    0.00   19.39    0.00    0.00    4.08    0.00    0.00    0.00   42.86

04:48:07 PM  CPU    %usr   %nice    %sys %iowait    %irq   %soft  %steal  %guest  %gnice   %idle
04:48:08 PM    0   38.24    0.00   17.65    0.00    0.00    4.90    0.00    0.00    0.00   39.22

04:48:08 PM  CPU    %usr   %nice    %sys %iowait    %irq   %soft  %steal  %guest  %gnice   %idle
04:48:09 PM    0   42.86    0.00   11.22    0.00    0.00    4.08    0.00    0.00    0.00   41.84

04:48:09 PM  CPU    %usr   %nice    %sys %iowait    %irq   %soft  %steal  %guest  %gnice   %idle
04:48:10 PM    0   36.08    0.00   16.49    0.00    0.00    5.15    0.00    0.00    0.00   42.27

04:48:10 PM  CPU    %usr   %nice    %sys %iowait    %irq   %soft  %steal  %guest  %gnice   %idle
04:48:11 PM    0   41.67    0.00   14.58    0.00    0.00    2.08    0.00    0.00    0.00   41.67

04:48:11 PM  CPU    %usr   %nice    %sys %iowait    %irq   %soft  %steal  %guest  %gnice   %idle
04:48:12 PM    0   41.58    0.00   13.86    0.00    0.00    3.96    0.00    0.00    0.00   40.59

04:48:12 PM  CPU    %usr   %nice    %sys %iowait    %irq   %soft  %steal  %guest  %gnice   %idle
04:48:13 PM    0   42.00    0.00   15.00    0.00    0.00    3.00    0.00    0.00    0.00   40.00

04:48:13 PM  CPU    %usr   %nice    %sys %iowait    %irq   %soft  %steal  %guest  %gnice   %idle
04:48:14 PM    0   37.11    0.00   17.53    0.00    0.00    4.12    0.00    0.00    0.00   41.24

04:48:14 PM  CPU    %usr   %nice    %sys %iowait    %irq   %soft  %steal  %guest  %gnice   %idle
04:48:15 PM    0   38.00    0.00   15.00    0.00    0.00    5.00    0.00    0.00    0.00   42.00

04:48:15 PM  CPU    %usr   %nice    %sys %iowait    %irq   %soft  %steal  %guest  %gnice   %idle
04:48:16 PM    0   41.24    0.00   14.43    0.00    0.00    2.06    0.00    0.00    0.00   42.27

04:48:16 PM  CPU    %usr   %nice    %sys %iowait    %irq   %soft  %steal  %guest  %gnice   %idle
04:48:17 PM    0   41.00    0.00   14.00    0.00    0.00    4.00    0.00    0.00    0.00   41.00

04:48:17 PM  CPU    %usr   %nice    %sys %iowait    %irq   %soft  %steal  %guest  %gnice   %idle
04:48:18 PM    0   36.46    0.00   16.67    0.00    0.00    4.17    0.00    0.00    0.00   42.71

04:48:18 PM  CPU    %usr   %nice    %sys %iowait    %irq   %soft  %steal  %guest  %gnice   %idle
04:48:19 PM    0   36.08    0.00   18.56    0.00    0.00    2.06    0.00    0.00    0.00   43.30

04:48:19 PM  CPU    %usr   %nice    %sys %iowait    %irq   %soft  %steal  %guest  %gnice   %idle
04:48:20 PM    0   40.62    0.00   13.54    0.00    0.00    2.08    0.00    0.00    0.00   43.75

04:48:20 PM  CPU    %usr   %nice    %sys %iowait    %irq   %soft  %steal  %guest  %gnice   %idle
04:48:21 PM    0   39.00    0.00   14.00    0.00    0.00    5.00    0.00    0.00    0.00   42.00

04:48:21 PM  CPU    %usr   %nice    %sys %iowait    %irq   %soft  %steal  %guest  %gnice   %idle
04:48:22 PM    0   36.08    0.00   16.49    0.00    0.00    5.15    0.00    0.00    0.00   42.27

04:48:22 PM  CPU    %usr   %nice    %sys %iowait    %irq   %soft  %steal  %guest  %gnice   %idle
04:48:23 PM    0   36.00    0.00   18.00    0.00    0.00    4.00    0.00    0.00    0.00   42.00

04:48:23 PM  CPU    %usr   %nice    %sys %iowait    %irq   %soft  %steal  %guest  %gnice   %idle
04:48:24 PM    0   37.11    0.00   15.46    0.00    0.00    4.12    0.00    0.00    0.00   43.30

04:48:24 PM  CPU    %usr   %nice    %sys %iowait    %irq   %soft  %steal  %guest  %gnice   %idle
04:48:25 PM    0   38.38    0.00   16.16    0.00    0.00    4.04    0.00    0.00    0.00   41.41

04:48:25 PM  CPU    %usr   %nice    %sys %iowait    %irq   %soft  %steal  %guest  %gnice   %idle
04:48:26 PM    0   39.22    0.00   15.69    0.00    0.00    4.90    0.00    0.00    0.00   40.20

04:48:26 PM  CPU    %usr   %nice    %sys %iowait    %irq   %soft  %steal  %guest  %gnice   %idle
04:48:27 PM    0   41.24    0.00   12.37    0.00    0.00    3.09    0.00    0.00    0.00   43.30

04:48:27 PM  CPU    %usr   %nice    %sys %iowait    %irq   %soft  %steal  %guest  %gnice   %idle
04:48:28 PM    0   39.36    0.00   12.77    0.00    0.00    4.26    0.00    0.00    0.00   43.62

04:48:28 PM  CPU    %usr   %nice    %sys %iowait    %irq   %soft  %steal  %guest  %gnice   %idle
04:48:29 PM    0   36.08    0.00   18.56    0.00    0.00    3.09    0.00    0.00    0.00   42.27

04:48:29 PM  CPU    %usr   %nice    %sys %iowait    %irq   %soft  %steal  %guest  %gnice   %idle
04:48:30 PM    0   35.71    0.00   17.35    0.00    0.00    5.10    0.00    0.00    0.00   41.84

04:48:30 PM  CPU    %usr   %nice    %sys %iowait    %irq   %soft  %steal  %guest  %gnice   %idle
04:48:31 PM    0   35.11    0.00   17.02    0.00    0.00    4.26    0.00    0.00    0.00   43.62

04:48:31 PM  CPU    %usr   %nice    %sys %iowait    %irq   %soft  %steal  %guest  %gnice   %idle
04:48:32 PM    0   38.24    0.00   16.67    0.00    0.00    4.90    0.00    0.00    0.00   40.20

04:48:32 PM  CPU    %usr   %nice    %sys %iowait    %irq   %soft  %steal  %guest  %gnice   %idle
04:48:33 PM    0   38.24    0.00   17.65    0.00    0.00    3.92    0.00    0.00    0.00   40.20

04:48:33 PM  CPU    %usr   %nice    %sys %iowait    %irq   %soft  %steal  %guest  %gnice   %idle
04:48:34 PM    0   36.73    0.00   16.33    0.00    0.00    5.10    0.00    0.00    0.00   41.84

04:48:34 PM  CPU    %usr   %nice    %sys %iowait    %irq   %soft  %steal  %guest  %gnice   %idle
04:48:35 PM    0   37.00    0.00   16.00    0.00    0.00    5.00    0.00    0.00    0.00   42.00

04:48:35 PM  CPU    %usr   %nice    %sys %iowait    %irq   %soft  %steal  %guest  %gnice   %idle
04:48:36 PM    0   38.38    0.00   15.15    0.00    0.00    4.04    0.00    0.00    0.00   42.42

04:48:36 PM  CPU    %usr   %nice    %sys %iowait    %irq   %soft  %steal  %guest  %gnice   %idle
04:48:37 PM    0   43.88    0.00   11.22    0.00    0.00    3.06    0.00    0.00    0.00   41.84

04:48:37 PM  CPU    %usr   %nice    %sys %iowait    %irq   %soft  %steal  %guest  %gnice   %idle
04:48:38 PM    0   39.39    0.00   14.14    0.00    0.00    5.05    0.00    0.00    0.00   41.41

04:48:38 PM  CPU    %usr   %nice    %sys %iowait    %irq   %soft  %steal  %guest  %gnice   %idle
04:48:39 PM    0   40.59    0.00   17.82    0.00    0.00    0.99    0.00    0.00    0.00   40.59

04:48:39 PM  CPU    %usr   %nice    %sys %iowait    %irq   %soft  %steal  %guest  %gnice   %idle
04:48:40 PM    0   34.69    0.00   17.35    0.00    0.00    5.10    0.00    0.00    0.00   42.86

04:48:40 PM  CPU    %usr   %nice    %sys %iowait    %irq   %soft  %steal  %guest  %gnice   %idle
04:48:41 PM    0   38.78    0.00   15.31    0.00    0.00    4.08    0.00    0.00    0.00   41.84

04:48:41 PM  CPU    %usr   %nice    %sys %iowait    %irq   %soft  %steal  %guest  %gnice   %idle
04:48:42 PM    0   40.40    0.00   14.14    0.00    0.00    3.03    0.00    0.00    0.00   42.42

04:48:42 PM  CPU    %usr   %nice    %sys %iowait    %irq   %soft  %steal  %guest  %gnice   %idle
04:48:43 PM    0   36.63    0.00   17.82    0.00    0.00    3.96    0.00    0.00    0.00   41.58

04:48:43 PM  CPU    %usr   %nice    %sys %iowait    %irq   %soft  %steal  %guest  %gnice   %idle
04:48:44 PM    0   39.39    0.00   16.16    0.00    0.00    2.02    0.00    0.00    0.00   42.42

04:48:44 PM  CPU    %usr   %nice    %sys %iowait    %irq   %soft  %steal  %guest  %gnice   %idle
04:48:45 PM    0   36.73    0.00   16.33    0.00    0.00    4.08    0.00    0.00    0.00   42.86

04:48:45 PM  CPU    %usr   %nice    %sys %iowait    %irq   %soft  %steal  %guest  %gnice   %idle
04:48:46 PM    0   38.00    0.00   14.00    0.00    0.00    6.00    0.00    0.00    0.00   42.00

04:48:46 PM  CPU    %usr   %nice    %sys %iowait    %irq   %soft  %steal  %guest  %gnice   %idle
04:48:47 PM    0   34.00    0.00   21.00    0.00    0.00    4.00    0.00    0.00    0.00   41.00

04:48:47 PM  CPU    %usr   %nice    %sys %iowait    %irq   %soft  %steal  %guest  %gnice   %idle
04:48:48 PM    0   36.46    0.00   17.71    0.00    0.00    3.12    0.00    0.00    0.00   42.71

04:48:48 PM  CPU    %usr   %nice    %sys %iowait    %irq   %soft  %steal  %guest  %gnice   %idle
04:48:49 PM    0   44.55    0.00   10.89    0.00    0.00    2.97    0.00    0.00    0.00   41.58

04:48:49 PM  CPU    %usr   %nice    %sys %iowait    %irq   %soft  %steal  %guest  %gnice   %idle
04:48:50 PM    0   39.00    0.00   15.00    0.00    0.00    5.00    0.00    0.00    0.00   41.00

04:48:50 PM  CPU    %usr   %nice    %sys %iowait    %irq   %soft  %steal  %guest  %gnice   %idle
04:48:51 PM    0   35.79    0.00   16.84    0.00    0.00    4.21    0.00    0.00    0.00   43.16

04:48:51 PM  CPU    %usr   %nice    %sys %iowait    %irq   %soft  %steal  %guest  %gnice   %idle
04:48:52 PM    0   39.80    0.00   14.29    0.00    0.00    3.06    0.00    0.00    0.00   42.86

04:48:52 PM  CPU    %usr   %nice    %sys %iowait    %irq   %soft  %steal  %guest  %gnice   %idle
04:48:53 PM    0   35.05    0.00   15.46    0.00    0.00    6.19    0.00    0.00    0.00   43.30

04:48:53 PM  CPU    %usr   %nice    %sys %iowait    %irq   %soft  %steal  %guest  %gnice   %idle
04:48:54 PM    0   37.76    0.00   17.35    0.00    0.00    3.06    0.00    0.00    0.00   41.84

04:48:54 PM  CPU    %usr   %nice    %sys %iowait    %irq   %soft  %steal  %guest  %gnice   %idle
04:48:55 PM    0   35.71    0.00   17.35    0.00    0.00    4.08    0.00    0.00    0.00   42.86

04:48:55 PM  CPU    %usr   %nice    %sys %iowait    %irq   %soft  %steal  %guest  %gnice   %idle
04:48:56 PM    0   35.64    0.00   20.79    0.00    0.00    2.97    0.00    0.00    0.00   40.59

04:48:56 PM  CPU    %usr   %nice    %sys %iowait    %irq   %soft  %steal  %guest  %gnice   %idle
04:48:57 PM    0   39.58    0.00   14.58    0.00    0.00    3.12    0.00    0.00    0.00   42.71

04:48:57 PM  CPU    %usr   %nice    %sys %iowait    %irq   %soft  %steal  %guest  %gnice   %idle
04:48:58 PM    0   38.83    0.00   15.53    0.00    0.00    4.85    0.00    0.00    0.00   40.78

04:48:58 PM  CPU    %usr   %nice    %sys %iowait    %irq   %soft  %steal  %guest  %gnice   %idle
04:48:59 PM    0   40.21    0.00   14.43    0.00    0.00    4.12    0.00    0.00    0.00   41.24

04:48:59 PM  CPU    %usr   %nice    %sys %iowait    %irq   %soft  %steal  %guest  %gnice   %idle
04:49:00 PM    0   37.62    0.00   15.84    0.00    0.00    4.95    0.00    0.00    0.00   41.58

04:49:00 PM  CPU    %usr   %nice    %sys %iowait    %irq   %soft  %steal  %guest  %gnice   %idle
04:49:01 PM    0   38.14    0.00   16.49    0.00    0.00    3.09    0.00    0.00    0.00   42.27

04:49:01 PM  CPU    %usr   %nice    %sys %iowait    %irq   %soft  %steal  %guest  %gnice   %idle
04:49:02 PM    0   40.00    0.00   14.00    0.00    0.00    4.00    0.00    0.00    0.00   42.00

04:49:02 PM  CPU    %usr   %nice    %sys %iowait    %irq   %soft  %steal  %guest  %gnice   %idle
04:49:03 PM    0   39.60    0.00   16.83    0.00    0.00    2.97    0.00    0.00    0.00   40.59

04:49:03 PM  CPU    %usr   %nice    %sys %iowait    %irq   %soft  %steal  %guest  %gnice   %idle
04:49:04 PM    0   37.25    0.00   18.63    0.00    0.00    3.92    0.00    0.00    0.00   40.20

04:49:04 PM  CPU    %usr   %nice    %sys %iowait    %irq   %soft  %steal  %guest  %gnice   %idle
04:49:05 PM    0   37.11    0.00   16.49    0.00    0.00    5.15    0.00    0.00    0.00   41.24

04:49:05 PM  CPU    %usr   %nice    %sys %iowait    %irq   %soft  %steal  %guest  %gnice   %idle
04:49:06 PM    0   37.50    0.00   15.62    0.00    0.00    3.12    0.00    0.00    0.00   43.75

04:49:06 PM  CPU    %usr   %nice    %sys %iowait    %irq   %soft  %steal  %guest  %gnice   %idle
04:49:07 PM    0   40.40    0.00   11.11    0.00    0.00    5.05    0.00    0.00    0.00   43.43

04:49:07 PM  CPU    %usr   %nice    %sys %iowait    %irq   %soft  %steal  %guest  %gnice   %idle
04:49:08 PM    0   37.76    0.00   16.33    0.00    0.00    4.08    0.00    0.00    0.00   41.84

04:49:08 PM  CPU    %usr   %nice    %sys %iowait    %irq   %soft  %steal  %guest  %gnice   %idle
04:49:09 PM    0   35.35    0.00   14.14    0.00    0.00    7.07    0.00    0.00    0.00   43.43

04:49:09 PM  CPU    %usr   %nice    %sys %iowait    %irq   %soft  %steal  %guest  %gnice   %idle
04:49:10 PM    0   37.37    0.00   17.17    0.00    0.00    3.03    0.00    0.00    0.00   42.42

04:49:10 PM  CPU    %usr   %nice    %sys %iowait    %irq   %soft  %steal  %guest  %gnice   %idle
04:49:11 PM    0   42.00    0.00   14.00    0.00    0.00    2.00    0.00    0.00    0.00   42.00

04:49:11 PM  CPU    %usr   %nice    %sys %iowait    %irq   %soft  %steal  %guest  %gnice   %idle
04:49:12 PM    0   32.99    0.00   17.53    0.00    0.00    6.19    0.00    0.00    0.00   43.30

04:49:12 PM  CPU    %usr   %nice    %sys %iowait    %irq   %soft  %steal  %guest  %gnice   %idle
04:49:13 PM    0   40.59    0.00   13.86    0.00    0.00    3.96    0.00    0.00    0.00   41.58

04:49:13 PM  CPU    %usr   %nice    %sys %iowait    %irq   %soft  %steal  %guest  %gnice   %idle
04:49:14 PM    0   34.69    0.00   18.37    0.00    0.00    5.10    0.00    0.00    0.00   41.84

04:49:14 PM  CPU    %usr   %nice    %sys %iowait    %irq   %soft  %steal  %guest  %gnice   %idle
04:49:15 PM    0   40.40    0.00   14.14    0.00    0.00    4.04    0.00    0.00    0.00   41.41

04:49:15 PM  CPU    %usr   %nice    %sys %iowait    %irq   %soft  %steal  %guest  %gnice   %idle
04:49:16 PM    0   37.62    0.00   17.82    0.00    0.00    3.96    0.00    0.00    0.00   40.59

04:49:16 PM  CPU    %usr   %nice    %sys %iowait    %irq   %soft  %steal  %guest  %gnice   %idle
04:49:17 PM    0   36.08    0.00   16.49    0.00    0.00    5.15    0.00    0.00    0.00   42.27

04:49:17 PM  CPU    %usr   %nice    %sys %iowait    %irq   %soft  %steal  %guest  %gnice   %idle
04:49:18 PM    0   42.00    0.00   11.00    0.00    0.00    4.00    0.00    0.00    0.00   43.00

04:49:18 PM  CPU    %usr   %nice    %sys %iowait    %irq   %soft  %steal  %guest  %gnice   %idle
04:49:19 PM    0   34.38    0.00   17.71    0.00    0.00    4.17    0.00    0.00    0.00   43.75

04:49:19 PM  CPU    %usr   %nice    %sys %iowait    %irq   %soft  %steal  %guest  %gnice   %idle
04:49:20 PM    0   41.58    0.00   14.85    0.00    0.00    3.96    0.00    0.00    0.00   39.60

04:49:20 PM  CPU    %usr   %nice    %sys %iowait    %irq   %soft  %steal  %guest  %gnice   %idle
04:49:21 PM    0   42.55    0.00   12.77    0.00    0.00    2.13    0.00    0.00    0.00   42.55

04:49:21 PM  CPU    %usr   %nice    %sys %iowait    %irq   %soft  %steal  %guest  %gnice   %idle
04:49:22 PM    0   39.80    0.00   15.31    0.00    0.00    4.08    0.00    0.00    0.00   40.82

04:49:22 PM  CPU    %usr   %nice    %sys %iowait    %irq   %soft  %steal  %guest  %gnice   %idle
04:49:23 PM    0   43.88    0.00   12.24    0.00    0.00    3.06    0.00    0.00    0.00   40.82

Average:     CPU    %usr   %nice    %sys %iowait    %irq   %soft  %steal  %guest  %gnice   %idle
Average:       0   38.62    0.00   15.46    0.00    0.00    3.93    0.00    0.00    0.00   42.00
