Linux 5.3.0-61-generic (cw-zenbook) 	07/16/2020 	_x86_64_	(8 CPU)

11:59:25 AM  CPU    %usr   %nice    %sys %iowait    %irq   %soft  %steal  %guest  %gnice   %idle
11:59:26 AM    0   25.49    0.00   11.76    0.00    0.00    2.94    0.00    0.00    0.00   59.80

11:59:26 AM  CPU    %usr   %nice    %sys %iowait    %irq   %soft  %steal  %guest  %gnice   %idle
11:59:27 AM    0   24.75    0.00   10.89    0.00    0.00    5.94    0.00    0.00    0.00   58.42

11:59:27 AM  CPU    %usr   %nice    %sys %iowait    %irq   %soft  %steal  %guest  %gnice   %idle
11:59:28 AM    0   27.27    0.00    8.08    0.00    0.00    4.04    0.00    0.00    0.00   60.61

11:59:28 AM  CPU    %usr   %nice    %sys %iowait    %irq   %soft  %steal  %guest  %gnice   %idle
11:59:29 AM    0   26.53    0.00   10.20    0.00    0.00    3.06    0.00    0.00    0.00   60.20

11:59:29 AM  CPU    %usr   %nice    %sys %iowait    %irq   %soft  %steal  %guest  %gnice   %idle
11:59:30 AM    0   26.00    0.00   10.00    0.00    0.00    4.00    0.00    0.00    0.00   60.00

11:59:30 AM  CPU    %usr   %nice    %sys %iowait    %irq   %soft  %steal  %guest  %gnice   %idle
11:59:31 AM    0   26.21    0.00   11.65    0.00    0.00    4.85    0.00    0.00    0.00   57.28

11:59:31 AM  CPU    %usr   %nice    %sys %iowait    %irq   %soft  %steal  %guest  %gnice   %idle
11:59:32 AM    0   26.73    0.00   11.88    0.00    0.00    1.98    0.00    0.00    0.00   59.41

11:59:32 AM  CPU    %usr   %nice    %sys %iowait    %irq   %soft  %steal  %guest  %gnice   %idle
11:59:33 AM    0   26.26    0.00   12.12    0.00    0.00    1.01    0.00    0.00    0.00   60.61

11:59:33 AM  CPU    %usr   %nice    %sys %iowait    %irq   %soft  %steal  %guest  %gnice   %idle
11:59:34 AM    0   26.21    0.00   10.68    0.00    0.00    3.88    0.00    0.00    0.00   59.22

11:59:34 AM  CPU    %usr   %nice    %sys %iowait    %irq   %soft  %steal  %guest  %gnice   %idle
11:59:35 AM    0   27.00    0.00    7.00    0.00    0.00    6.00    0.00    0.00    0.00   60.00

11:59:35 AM  CPU    %usr   %nice    %sys %iowait    %irq   %soft  %steal  %guest  %gnice   %idle
11:59:36 AM    0   29.00    0.00    8.00    0.00    0.00    2.00    0.00    0.00    0.00   61.00

11:59:36 AM  CPU    %usr   %nice    %sys %iowait    %irq   %soft  %steal  %guest  %gnice   %idle
11:59:37 AM    0   24.75    0.00   10.89    0.00    0.00    4.95    0.00    0.00    0.00   59.41

11:59:37 AM  CPU    %usr   %nice    %sys %iowait    %irq   %soft  %steal  %guest  %gnice   %idle
11:59:38 AM    0   22.77    0.00   12.87    0.00    0.00    4.95    0.00    0.00    0.00   59.41

11:59:38 AM  CPU    %usr   %nice    %sys %iowait    %irq   %soft  %steal  %guest  %gnice   %idle
11:59:39 AM    0   24.00    0.00   12.00    0.00    0.00    3.00    0.00    0.00    0.00   61.00

11:59:39 AM  CPU    %usr   %nice    %sys %iowait    %irq   %soft  %steal  %guest  %gnice   %idle
11:59:40 AM    0   25.25    0.00   11.11    0.00    0.00    3.03    0.00    0.00    0.00   60.61

11:59:40 AM  CPU    %usr   %nice    %sys %iowait    %irq   %soft  %steal  %guest  %gnice   %idle
11:59:41 AM    0   26.73    0.00   10.89    0.00    0.00    2.97    0.00    0.00    0.00   59.41

11:59:41 AM  CPU    %usr   %nice    %sys %iowait    %irq   %soft  %steal  %guest  %gnice   %idle
11:59:42 AM    0   23.76    0.00   11.88    0.00    0.00    3.96    0.00    0.00    0.00   60.40

11:59:42 AM  CPU    %usr   %nice    %sys %iowait    %irq   %soft  %steal  %guest  %gnice   %idle
11:59:43 AM    0   24.49    0.00   11.22    0.00    0.00    3.06    0.00    0.00    0.00   61.22

11:59:43 AM  CPU    %usr   %nice    %sys %iowait    %irq   %soft  %steal  %guest  %gnice   %idle
11:59:44 AM    0   28.71    0.00    8.91    0.00    0.00    2.97    0.00    0.00    0.00   59.41

11:59:44 AM  CPU    %usr   %nice    %sys %iowait    %irq   %soft  %steal  %guest  %gnice   %idle
11:59:45 AM    0   24.75    0.00   10.89    0.00    0.00    3.96    0.00    0.00    0.00   60.40

11:59:45 AM  CPU    %usr   %nice    %sys %iowait    %irq   %soft  %steal  %guest  %gnice   %idle
11:59:46 AM    0   22.22    0.00   12.12    0.00    0.00    5.05    0.00    0.00    0.00   60.61

11:59:46 AM  CPU    %usr   %nice    %sys %iowait    %irq   %soft  %steal  %guest  %gnice   %idle
11:59:47 AM    0   24.75    0.00   10.89    0.00    0.00    3.96    0.00    0.00    0.00   60.40

11:59:47 AM  CPU    %usr   %nice    %sys %iowait    %irq   %soft  %steal  %guest  %gnice   %idle
11:59:48 AM    0   27.00    0.00   12.00    0.00    0.00    1.00    0.00    0.00    0.00   60.00

11:59:48 AM  CPU    %usr   %nice    %sys %iowait    %irq   %soft  %steal  %guest  %gnice   %idle
11:59:49 AM    0   24.74    0.00   11.34    0.00    0.00    3.09    0.00    0.00    0.00   60.82

11:59:49 AM  CPU    %usr   %nice    %sys %iowait    %irq   %soft  %steal  %guest  %gnice   %idle
11:59:50 AM    0   25.49    0.00   11.76    0.00    0.00    3.92    0.00    0.00    0.00   58.82

11:59:50 AM  CPU    %usr   %nice    %sys %iowait    %irq   %soft  %steal  %guest  %gnice   %idle
11:59:51 AM    0   25.00    0.00   11.00    0.00    0.00    3.00    0.00    0.00    0.00   61.00

11:59:51 AM  CPU    %usr   %nice    %sys %iowait    %irq   %soft  %steal  %guest  %gnice   %idle
11:59:52 AM    0   27.27    0.00   11.11    0.00    0.00    2.02    0.00    0.00    0.00   59.60

11:59:52 AM  CPU    %usr   %nice    %sys %iowait    %irq   %soft  %steal  %guest  %gnice   %idle
11:59:53 AM    0   25.96    0.00   12.50    0.00    0.00    3.85    0.00    0.00    0.00   57.69

11:59:53 AM  CPU    %usr   %nice    %sys %iowait    %irq   %soft  %steal  %guest  %gnice   %idle
11:59:54 AM    0   28.57    0.00    8.16    0.00    0.00    2.04    0.00    0.00    0.00   61.22

11:59:54 AM  CPU    %usr   %nice    %sys %iowait    %irq   %soft  %steal  %guest  %gnice   %idle
11:59:55 AM    0   29.00    0.00    9.00    0.00    0.00    2.00    0.00    0.00    0.00   60.00

11:59:55 AM  CPU    %usr   %nice    %sys %iowait    %irq   %soft  %steal  %guest  %gnice   %idle
11:59:56 AM    0   27.00    0.00    9.00    0.00    0.00    3.00    0.00    0.00    0.00   61.00

11:59:56 AM  CPU    %usr   %nice    %sys %iowait    %irq   %soft  %steal  %guest  %gnice   %idle
11:59:57 AM    0   24.75    0.00    9.90    0.00    0.00    3.96    0.00    0.00    0.00   61.39

11:59:57 AM  CPU    %usr   %nice    %sys %iowait    %irq   %soft  %steal  %guest  %gnice   %idle
11:59:58 AM    0   24.24    0.00   10.10    0.00    0.00    3.03    0.00    0.00    0.00   62.63

11:59:58 AM  CPU    %usr   %nice    %sys %iowait    %irq   %soft  %steal  %guest  %gnice   %idle
11:59:59 AM    0   26.21    0.00   11.65    0.00    0.00    2.91    0.00    0.00    0.00   59.22

11:59:59 AM  CPU    %usr   %nice    %sys %iowait    %irq   %soft  %steal  %guest  %gnice   %idle
12:00:00 PM    0   24.24    0.00   11.11    0.00    0.00    4.04    0.00    0.00    0.00   60.61

12:00:00 PM  CPU    %usr   %nice    %sys %iowait    %irq   %soft  %steal  %guest  %gnice   %idle
12:00:01 PM    0   22.22    0.00   13.13    0.00    0.00    4.04    0.00    0.00    0.00   60.61

12:00:01 PM  CPU    %usr   %nice    %sys %iowait    %irq   %soft  %steal  %guest  %gnice   %idle
12:00:02 PM    0   24.24    0.00   10.10    0.00    0.00    4.04    0.00    0.00    0.00   61.62

12:00:02 PM  CPU    %usr   %nice    %sys %iowait    %irq   %soft  %steal  %guest  %gnice   %idle
12:00:03 PM    0   24.75    0.00   12.87    0.00    0.00    1.98    0.00    0.00    0.00   60.40

12:00:03 PM  CPU    %usr   %nice    %sys %iowait    %irq   %soft  %steal  %guest  %gnice   %idle
12:00:04 PM    0   26.21    0.00   10.68    0.00    0.00    4.85    0.00    0.00    0.00   58.25

12:00:04 PM  CPU    %usr   %nice    %sys %iowait    %irq   %soft  %steal  %guest  %gnice   %idle
12:00:05 PM    0   23.23    0.00   12.12    0.00    0.00    3.03    0.00    0.00    0.00   61.62

12:00:05 PM  CPU    %usr   %nice    %sys %iowait    %irq   %soft  %steal  %guest  %gnice   %idle
12:00:06 PM    0   23.71    0.00   11.34    0.00    0.00    3.09    0.00    0.00    0.00   61.86

12:00:06 PM  CPU    %usr   %nice    %sys %iowait    %irq   %soft  %steal  %guest  %gnice   %idle
12:00:07 PM    0   25.74    0.00   11.88    0.00    0.00    2.97    0.00    0.00    0.00   59.41

12:00:07 PM  CPU    %usr   %nice    %sys %iowait    %irq   %soft  %steal  %guest  %gnice   %idle
12:00:08 PM    0   28.16    0.00    9.71    0.00    0.00    2.91    0.00    0.00    0.00   59.22

12:00:08 PM  CPU    %usr   %nice    %sys %iowait    %irq   %soft  %steal  %guest  %gnice   %idle
12:00:09 PM    0   23.00    0.00   15.00    0.00    0.00    2.00    0.00    0.00    0.00   60.00

12:00:09 PM  CPU    %usr   %nice    %sys %iowait    %irq   %soft  %steal  %guest  %gnice   %idle
12:00:10 PM    0   25.74    0.00    8.91    0.00    0.00    4.95    0.00    0.00    0.00   60.40

12:00:10 PM  CPU    %usr   %nice    %sys %iowait    %irq   %soft  %steal  %guest  %gnice   %idle
12:00:11 PM    0   25.49    0.00   12.75    0.00    0.00    2.94    0.00    0.00    0.00   58.82

12:00:11 PM  CPU    %usr   %nice    %sys %iowait    %irq   %soft  %steal  %guest  %gnice   %idle
12:00:12 PM    0   24.74    0.00   11.34    0.00    0.00    2.06    0.00    0.00    0.00   61.86

12:00:12 PM  CPU    %usr   %nice    %sys %iowait    %irq   %soft  %steal  %guest  %gnice   %idle
12:00:13 PM    0   19.59    0.00   12.37    0.00    0.00    5.15    0.00    0.00    0.00   62.89

12:00:13 PM  CPU    %usr   %nice    %sys %iowait    %irq   %soft  %steal  %guest  %gnice   %idle
12:00:14 PM    0   25.74    0.00   11.88    0.00    0.00    2.97    0.00    0.00    0.00   59.41

12:00:14 PM  CPU    %usr   %nice    %sys %iowait    %irq   %soft  %steal  %guest  %gnice   %idle
12:00:15 PM    0   27.27    0.00   11.11    0.00    0.00    1.01    0.00    0.00    0.00   60.61

12:00:15 PM  CPU    %usr   %nice    %sys %iowait    %irq   %soft  %steal  %guest  %gnice   %idle
12:00:16 PM    0   30.61    0.00    6.12    0.00    0.00    2.04    0.00    0.00    0.00   61.22

12:00:16 PM  CPU    %usr   %nice    %sys %iowait    %irq   %soft  %steal  %guest  %gnice   %idle
12:00:17 PM    0   27.45    0.00    9.80    0.00    0.00    2.94    0.00    0.00    0.00   59.80

12:00:17 PM  CPU    %usr   %nice    %sys %iowait    %irq   %soft  %steal  %guest  %gnice   %idle
12:00:18 PM    0   24.00    0.00   12.00    0.00    0.00    2.00    0.00    0.00    0.00   62.00

12:00:18 PM  CPU    %usr   %nice    %sys %iowait    %irq   %soft  %steal  %guest  %gnice   %idle
12:00:19 PM    0   24.75    0.00   10.89    0.00    0.00    2.97    0.00    0.00    0.00   61.39

12:00:19 PM  CPU    %usr   %nice    %sys %iowait    %irq   %soft  %steal  %guest  %gnice   %idle
12:00:20 PM    0   23.96    0.00    9.38    0.00    0.00    3.12    0.00    0.00    0.00   63.54

12:00:20 PM  CPU    %usr   %nice    %sys %iowait    %irq   %soft  %steal  %guest  %gnice   %idle
12:00:21 PM    0   23.76    0.00   11.88    0.00    0.00    2.97    0.00    0.00    0.00   61.39

12:00:21 PM  CPU    %usr   %nice    %sys %iowait    %irq   %soft  %steal  %guest  %gnice   %idle
12:00:22 PM    0   23.76    0.00   11.88    0.00    0.00    2.97    0.00    0.00    0.00   61.39

12:00:22 PM  CPU    %usr   %nice    %sys %iowait    %irq   %soft  %steal  %guest  %gnice   %idle
12:00:23 PM    0   21.88    0.00   13.54    0.00    0.00    1.04    0.00    0.00    0.00   63.54

12:00:23 PM  CPU    %usr   %nice    %sys %iowait    %irq   %soft  %steal  %guest  %gnice   %idle
12:00:24 PM    0   26.53    0.00    7.14    0.00    0.00    4.08    0.00    0.00    0.00   62.24

12:00:24 PM  CPU    %usr   %nice    %sys %iowait    %irq   %soft  %steal  %guest  %gnice   %idle
12:00:25 PM    0   24.75    0.00   11.88    0.00    0.00    2.97    0.00    0.00    0.00   60.40

12:00:25 PM  CPU    %usr   %nice    %sys %iowait    %irq   %soft  %steal  %guest  %gnice   %idle
12:00:26 PM    0   24.00    0.00   13.00    0.00    0.00    3.00    0.00    0.00    0.00   60.00

12:00:26 PM  CPU    %usr   %nice    %sys %iowait    %irq   %soft  %steal  %guest  %gnice   %idle
12:00:27 PM    0   26.26    0.00    7.07    0.00    0.00    5.05    0.00    0.00    0.00   61.62

12:00:27 PM  CPU    %usr   %nice    %sys %iowait    %irq   %soft  %steal  %guest  %gnice   %idle
12:00:28 PM    0   25.00    0.00    9.00    0.00    0.00    4.00    0.00    0.00    0.00   62.00

12:00:28 PM  CPU    %usr   %nice    %sys %iowait    %irq   %soft  %steal  %guest  %gnice   %idle
12:00:29 PM    0   23.23    0.00   13.13    0.00    0.00    3.03    0.00    0.00    0.00   60.61

12:00:29 PM  CPU    %usr   %nice    %sys %iowait    %irq   %soft  %steal  %guest  %gnice   %idle
12:00:30 PM    0   26.73    0.00   10.89    0.00    0.00    1.98    0.00    0.00    0.00   60.40

12:00:30 PM  CPU    %usr   %nice    %sys %iowait    %irq   %soft  %steal  %guest  %gnice   %idle
12:00:31 PM    0   25.00    0.00   11.00    0.00    0.00    2.00    0.00    0.00    0.00   62.00

12:00:31 PM  CPU    %usr   %nice    %sys %iowait    %irq   %soft  %steal  %guest  %gnice   %idle
12:00:32 PM    0   25.25    0.00   11.11    0.00    0.00    3.03    0.00    0.00    0.00   60.61

12:00:32 PM  CPU    %usr   %nice    %sys %iowait    %irq   %soft  %steal  %guest  %gnice   %idle
12:00:33 PM    0   26.73    0.00    9.90    0.00    0.00    2.97    0.00    0.00    0.00   60.40

12:00:33 PM  CPU    %usr   %nice    %sys %iowait    %irq   %soft  %steal  %guest  %gnice   %idle
12:00:34 PM    0   26.80    0.00    7.22    0.00    0.00    2.06    0.00    0.00    0.00   63.92

12:00:34 PM  CPU    %usr   %nice    %sys %iowait    %irq   %soft  %steal  %guest  %gnice   %idle
12:00:35 PM    0   24.51    0.00   11.76    0.00    0.00    3.92    0.00    0.00    0.00   59.80

12:00:35 PM  CPU    %usr   %nice    %sys %iowait    %irq   %soft  %steal  %guest  %gnice   %idle
12:00:36 PM    0   27.45    0.00    9.80    0.00    0.00    2.94    0.00    0.00    0.00   59.80

12:00:36 PM  CPU    %usr   %nice    %sys %iowait    %irq   %soft  %steal  %guest  %gnice   %idle
12:00:37 PM    0   27.27    0.00    8.08    0.00    0.00    2.02    0.00    0.00    0.00   62.63

12:00:37 PM  CPU    %usr   %nice    %sys %iowait    %irq   %soft  %steal  %guest  %gnice   %idle
12:00:38 PM    0   27.27    0.00    7.07    0.00    0.00    5.05    0.00    0.00    0.00   60.61

12:00:38 PM  CPU    %usr   %nice    %sys %iowait    %irq   %soft  %steal  %guest  %gnice   %idle
12:00:39 PM    0   28.85    0.00   10.58    0.00    0.00    1.92    0.00    0.00    0.00   58.65

12:00:39 PM  CPU    %usr   %nice    %sys %iowait    %irq   %soft  %steal  %guest  %gnice   %idle
12:00:40 PM    0   24.24    0.00   12.12    0.00    0.00    3.03    0.00    0.00    0.00   60.61

12:00:40 PM  CPU    %usr   %nice    %sys %iowait    %irq   %soft  %steal  %guest  %gnice   %idle
12:00:41 PM    0   25.00    0.00   10.00    0.00    0.00    3.00    0.00    0.00    0.00   62.00

12:00:41 PM  CPU    %usr   %nice    %sys %iowait    %irq   %soft  %steal  %guest  %gnice   %idle
12:00:42 PM    0   26.73    0.00    9.90    0.00    0.00    3.96    0.00    0.00    0.00   59.41

12:00:42 PM  CPU    %usr   %nice    %sys %iowait    %irq   %soft  %steal  %guest  %gnice   %idle
12:00:43 PM    0   25.51    0.00   10.20    0.00    0.00    2.04    0.00    0.00    0.00   62.24

12:00:43 PM  CPU    %usr   %nice    %sys %iowait    %irq   %soft  %steal  %guest  %gnice   %idle
12:00:44 PM    0   20.83    0.00   12.50    0.00    0.00    4.17    0.00    0.00    0.00   62.50

12:00:44 PM  CPU    %usr   %nice    %sys %iowait    %irq   %soft  %steal  %guest  %gnice   %idle
12:00:45 PM    0   27.72    0.00    9.90    0.00    0.00    1.98    0.00    0.00    0.00   60.40

12:00:45 PM  CPU    %usr   %nice    %sys %iowait    %irq   %soft  %steal  %guest  %gnice   %idle
12:00:46 PM    0   28.71    0.00    9.90    0.00    0.00    1.98    0.00    0.00    0.00   59.41

12:00:46 PM  CPU    %usr   %nice    %sys %iowait    %irq   %soft  %steal  %guest  %gnice   %idle
12:00:47 PM    0   24.24    0.00   12.12    0.00    0.00    3.03    0.00    0.00    0.00   60.61

12:00:47 PM  CPU    %usr   %nice    %sys %iowait    %irq   %soft  %steal  %guest  %gnice   %idle
12:00:48 PM    0   30.69    0.00    8.91    0.00    0.00    0.99    0.00    0.00    0.00   59.41

12:00:48 PM  CPU    %usr   %nice    %sys %iowait    %irq   %soft  %steal  %guest  %gnice   %idle
12:00:49 PM    0   22.45    0.00   12.24    0.00    0.00    3.06    0.00    0.00    0.00   62.24

12:00:49 PM  CPU    %usr   %nice    %sys %iowait    %irq   %soft  %steal  %guest  %gnice   %idle
12:00:50 PM    0   26.04    0.00    9.38    0.00    0.00    2.08    0.00    0.00    0.00   62.50

12:00:50 PM  CPU    %usr   %nice    %sys %iowait    %irq   %soft  %steal  %guest  %gnice   %idle
12:00:51 PM    0   27.45    0.00    9.80    0.00    0.00    2.94    0.00    0.00    0.00   59.80

12:00:51 PM  CPU    %usr   %nice    %sys %iowait    %irq   %soft  %steal  %guest  %gnice   %idle
12:00:52 PM    0   29.00    0.00   10.00    0.00    0.00    0.00    0.00    0.00    0.00   61.00

12:00:52 PM  CPU    %usr   %nice    %sys %iowait    %irq   %soft  %steal  %guest  %gnice   %idle
12:00:53 PM    0   21.78    0.00   12.87    0.00    0.00    3.96    0.00    0.00    0.00   61.39

12:00:53 PM  CPU    %usr   %nice    %sys %iowait    %irq   %soft  %steal  %guest  %gnice   %idle
12:00:54 PM    0   28.00    0.00    9.00    0.00    0.00    3.00    0.00    0.00    0.00   60.00

12:00:54 PM  CPU    %usr   %nice    %sys %iowait    %irq   %soft  %steal  %guest  %gnice   %idle
12:00:55 PM    0   23.53    0.00    9.80    0.00    0.00    6.86    0.00    0.00    0.00   59.80

12:00:55 PM  CPU    %usr   %nice    %sys %iowait    %irq   %soft  %steal  %guest  %gnice   %idle
12:00:56 PM    0   29.70    0.00    7.92    0.00    0.00    1.98    0.00    0.00    0.00   60.40

12:00:56 PM  CPU    %usr   %nice    %sys %iowait    %irq   %soft  %steal  %guest  %gnice   %idle
12:00:57 PM    0   29.70    0.00    5.94    0.00    0.00    3.96    0.00    0.00    0.00   60.40

12:00:57 PM  CPU    %usr   %nice    %sys %iowait    %irq   %soft  %steal  %guest  %gnice   %idle
12:00:58 PM    0   25.51    0.00   11.22    0.00    0.00    1.02    0.00    0.00    0.00   62.24

12:00:58 PM  CPU    %usr   %nice    %sys %iowait    %irq   %soft  %steal  %guest  %gnice   %idle
12:00:59 PM    0   25.00    0.00    9.00    0.00    0.00    5.00    0.00    0.00    0.00   61.00

12:00:59 PM  CPU    %usr   %nice    %sys %iowait    %irq   %soft  %steal  %guest  %gnice   %idle
12:01:00 PM    0   24.00    0.00   12.00    0.00    0.00    2.00    0.00    0.00    0.00   62.00

12:01:00 PM  CPU    %usr   %nice    %sys %iowait    %irq   %soft  %steal  %guest  %gnice   %idle
12:01:01 PM    0   25.00    0.00   11.00    0.00    0.00    4.00    0.00    0.00    0.00   60.00

12:01:01 PM  CPU    %usr   %nice    %sys %iowait    %irq   %soft  %steal  %guest  %gnice   %idle
12:01:02 PM    0   27.45    0.00   10.78    0.00    0.00    2.94    0.00    0.00    0.00   58.82

12:01:02 PM  CPU    %usr   %nice    %sys %iowait    %irq   %soft  %steal  %guest  %gnice   %idle
12:01:03 PM    0   25.74    0.00    9.90    0.00    0.00    4.95    0.00    0.00    0.00   59.41

12:01:03 PM  CPU    %usr   %nice    %sys %iowait    %irq   %soft  %steal  %guest  %gnice   %idle
12:01:04 PM    0   24.49    0.00   12.24    0.00    0.00    2.04    0.00    0.00    0.00   61.22

12:01:04 PM  CPU    %usr   %nice    %sys %iowait    %irq   %soft  %steal  %guest  %gnice   %idle
12:01:05 PM    0   24.24    0.00   12.12    0.00    0.00    2.02    0.00    0.00    0.00   61.62

12:01:05 PM  CPU    %usr   %nice    %sys %iowait    %irq   %soft  %steal  %guest  %gnice   %idle
12:01:06 PM    0   22.77    0.00   12.87    0.00    0.00    3.96    0.00    0.00    0.00   60.40

12:01:06 PM  CPU    %usr   %nice    %sys %iowait    %irq   %soft  %steal  %guest  %gnice   %idle
12:01:07 PM    0   28.00    0.00    9.00    0.00    0.00    2.00    0.00    0.00    0.00   61.00

12:01:07 PM  CPU    %usr   %nice    %sys %iowait    %irq   %soft  %steal  %guest  %gnice   %idle
12:01:08 PM    0   25.24    0.00   11.65    0.00    0.00    3.88    0.00    0.00    0.00   59.22

12:01:08 PM  CPU    %usr   %nice    %sys %iowait    %irq   %soft  %steal  %guest  %gnice   %idle
12:01:09 PM    0   29.70    0.00    7.92    0.00    0.00    1.98    0.00    0.00    0.00   60.40

12:01:09 PM  CPU    %usr   %nice    %sys %iowait    %irq   %soft  %steal  %guest  %gnice   %idle
12:01:10 PM    0   23.96    0.00   10.42    0.00    0.00    2.08    0.00    0.00    0.00   63.54

12:01:10 PM  CPU    %usr   %nice    %sys %iowait    %irq   %soft  %steal  %guest  %gnice   %idle
12:01:11 PM    0   26.00    0.00    9.00    0.00    0.00    4.00    0.00    0.00    0.00   61.00

12:01:11 PM  CPU    %usr   %nice    %sys %iowait    %irq   %soft  %steal  %guest  %gnice   %idle
12:01:12 PM    0   25.00    0.00   12.00    0.00    0.00    2.00    0.00    0.00    0.00   61.00

12:01:12 PM  CPU    %usr   %nice    %sys %iowait    %irq   %soft  %steal  %guest  %gnice   %idle
12:01:13 PM    0   27.45    0.00    8.82    0.00    0.00    4.90    0.00    0.00    0.00   58.82

12:01:13 PM  CPU    %usr   %nice    %sys %iowait    %irq   %soft  %steal  %guest  %gnice   %idle
12:01:14 PM    0   25.25    0.00    9.09    0.00    0.00    3.03    0.00    0.00    0.00   62.63

12:01:14 PM  CPU    %usr   %nice    %sys %iowait    %irq   %soft  %steal  %guest  %gnice   %idle
12:01:15 PM    0   29.00    0.00    8.00    0.00    0.00    2.00    0.00    0.00    0.00   61.00

12:01:15 PM  CPU    %usr   %nice    %sys %iowait    %irq   %soft  %steal  %guest  %gnice   %idle
12:01:16 PM    0   25.49    0.00   10.78    0.00    0.00    3.92    0.00    0.00    0.00   59.80

12:01:16 PM  CPU    %usr   %nice    %sys %iowait    %irq   %soft  %steal  %guest  %gnice   %idle
12:01:17 PM    0   21.57    0.00   14.71    0.00    0.00    4.90    0.00    0.00    0.00   58.82

12:01:17 PM  CPU    %usr   %nice    %sys %iowait    %irq   %soft  %steal  %guest  %gnice   %idle
12:01:18 PM    0   28.00    0.00    9.00    0.00    0.00    3.00    0.00    0.00    0.00   60.00

12:01:18 PM  CPU    %usr   %nice    %sys %iowait    %irq   %soft  %steal  %guest  %gnice   %idle
12:01:19 PM    0   26.73    0.00   11.88    0.00    0.00    0.99    0.00    0.00    0.00   60.40

12:01:19 PM  CPU    %usr   %nice    %sys %iowait    %irq   %soft  %steal  %guest  %gnice   %idle
12:01:20 PM    0   28.71    0.00    9.90    0.00    0.00    0.99    0.00    0.00    0.00   60.40

12:01:20 PM  CPU    %usr   %nice    %sys %iowait    %irq   %soft  %steal  %guest  %gnice   %idle
12:01:21 PM    0   24.00    0.00   10.00    0.00    0.00    6.00    0.00    0.00    0.00   60.00

12:01:21 PM  CPU    %usr   %nice    %sys %iowait    %irq   %soft  %steal  %guest  %gnice   %idle
12:01:22 PM    0   25.51    0.00   10.20    0.00    0.00    2.04    0.00    0.00    0.00   62.24

12:01:22 PM  CPU    %usr   %nice    %sys %iowait    %irq   %soft  %steal  %guest  %gnice   %idle
12:01:23 PM    0   23.00    0.00   12.00    0.00    0.00    4.00    0.00    0.00    0.00   61.00

12:01:23 PM  CPU    %usr   %nice    %sys %iowait    %irq   %soft  %steal  %guest  %gnice   %idle
12:01:24 PM    0   26.73    0.00    9.90    0.00    0.00    2.97    0.00    0.00    0.00   60.40

12:01:24 PM  CPU    %usr   %nice    %sys %iowait    %irq   %soft  %steal  %guest  %gnice   %idle
12:01:25 PM    0   29.00    0.00   10.00    0.00    0.00    1.00    0.00    0.00    0.00   60.00

Average:     CPU    %usr   %nice    %sys %iowait    %irq   %soft  %steal  %guest  %gnice   %idle
Average:       0   25.70    0.00   10.60    0.00    0.00    3.11    0.00    0.00    0.00   60.58
