Linux 5.3.0-61-generic (cw-zenbook) 	07/16/2020 	_x86_64_	(8 CPU)

05:29:16 PM  CPU    %usr   %nice    %sys %iowait    %irq   %soft  %steal  %guest  %gnice   %idle
05:29:17 PM    0   65.35    0.00   25.74    0.00    0.00    7.92    0.00    0.00    0.00    0.99

05:29:17 PM  CPU    %usr   %nice    %sys %iowait    %irq   %soft  %steal  %guest  %gnice   %idle
05:29:18 PM    0   68.00    0.00   25.00    0.00    0.00    6.00    0.00    0.00    0.00    1.00

05:29:18 PM  CPU    %usr   %nice    %sys %iowait    %irq   %soft  %steal  %guest  %gnice   %idle
05:29:19 PM    0   70.00    0.00   26.00    0.00    0.00    4.00    0.00    0.00    0.00    0.00

05:29:19 PM  CPU    %usr   %nice    %sys %iowait    %irq   %soft  %steal  %guest  %gnice   %idle
05:29:20 PM    0   66.34    0.00   25.74    0.00    0.00    6.93    0.00    0.00    0.00    0.99

05:29:20 PM  CPU    %usr   %nice    %sys %iowait    %irq   %soft  %steal  %guest  %gnice   %idle
05:29:21 PM    0   69.00    0.00   24.00    0.00    0.00    6.00    0.00    0.00    0.00    1.00

05:29:21 PM  CPU    %usr   %nice    %sys %iowait    %irq   %soft  %steal  %guest  %gnice   %idle
05:29:22 PM    0   67.68    0.00   26.26    0.00    0.00    5.05    0.00    0.00    0.00    1.01

05:29:22 PM  CPU    %usr   %nice    %sys %iowait    %irq   %soft  %steal  %guest  %gnice   %idle
05:29:23 PM    0   68.32    0.00   23.76    0.00    0.00    6.93    0.00    0.00    0.00    0.99

05:29:23 PM  CPU    %usr   %nice    %sys %iowait    %irq   %soft  %steal  %guest  %gnice   %idle
05:29:24 PM    0   65.66    0.00   29.29    0.00    0.00    5.05    0.00    0.00    0.00    0.00

05:29:24 PM  CPU    %usr   %nice    %sys %iowait    %irq   %soft  %steal  %guest  %gnice   %idle
05:29:25 PM    0   69.31    0.00   23.76    0.00    0.00    5.94    0.00    0.00    0.00    0.99

05:29:25 PM  CPU    %usr   %nice    %sys %iowait    %irq   %soft  %steal  %guest  %gnice   %idle
05:29:26 PM    0   69.39    0.00   24.49    0.00    0.00    6.12    0.00    0.00    0.00    0.00

05:29:26 PM  CPU    %usr   %nice    %sys %iowait    %irq   %soft  %steal  %guest  %gnice   %idle
05:29:27 PM    0   63.00    0.00   28.00    0.00    0.00    9.00    0.00    0.00    0.00    0.00

05:29:27 PM  CPU    %usr   %nice    %sys %iowait    %irq   %soft  %steal  %guest  %gnice   %idle
05:29:28 PM    0   62.75    0.00   29.41    0.00    0.00    6.86    0.00    0.00    0.00    0.98

05:29:28 PM  CPU    %usr   %nice    %sys %iowait    %irq   %soft  %steal  %guest  %gnice   %idle
05:29:29 PM    0   63.27    0.00   27.55    0.00    0.00    9.18    0.00    0.00    0.00    0.00

05:29:29 PM  CPU    %usr   %nice    %sys %iowait    %irq   %soft  %steal  %guest  %gnice   %idle
05:29:30 PM    0   67.68    0.00   27.27    0.00    0.00    5.05    0.00    0.00    0.00    0.00

05:29:30 PM  CPU    %usr   %nice    %sys %iowait    %irq   %soft  %steal  %guest  %gnice   %idle
05:29:31 PM    0   68.00    0.00   24.00    0.00    0.00    7.00    0.00    0.00    0.00    1.00

05:29:31 PM  CPU    %usr   %nice    %sys %iowait    %irq   %soft  %steal  %guest  %gnice   %idle
05:29:32 PM    0   64.36    0.00   27.72    0.00    0.00    6.93    0.00    0.00    0.00    0.99

05:29:32 PM  CPU    %usr   %nice    %sys %iowait    %irq   %soft  %steal  %guest  %gnice   %idle
05:29:33 PM    0   68.63    0.00   25.49    0.00    0.00    4.90    0.00    0.00    0.00    0.98

05:29:33 PM  CPU    %usr   %nice    %sys %iowait    %irq   %soft  %steal  %guest  %gnice   %idle
05:29:34 PM    0   65.00    0.00   28.00    0.00    0.00    6.00    0.00    0.00    0.00    1.00

05:29:34 PM  CPU    %usr   %nice    %sys %iowait    %irq   %soft  %steal  %guest  %gnice   %idle
05:29:35 PM    0   67.68    0.00   26.26    0.00    0.00    5.05    0.00    0.00    0.00    1.01

05:29:35 PM  CPU    %usr   %nice    %sys %iowait    %irq   %soft  %steal  %guest  %gnice   %idle
05:29:36 PM    0   64.65    0.00   28.28    0.00    0.00    6.06    0.00    0.00    0.00    1.01

05:29:36 PM  CPU    %usr   %nice    %sys %iowait    %irq   %soft  %steal  %guest  %gnice   %idle
05:29:37 PM    0   59.00    0.00   34.00    0.00    0.00    6.00    0.00    0.00    0.00    1.00

05:29:37 PM  CPU    %usr   %nice    %sys %iowait    %irq   %soft  %steal  %guest  %gnice   %idle
05:29:38 PM    0   66.00    0.00   27.00    0.00    0.00    6.00    0.00    0.00    0.00    1.00

05:29:38 PM  CPU    %usr   %nice    %sys %iowait    %irq   %soft  %steal  %guest  %gnice   %idle
05:29:39 PM    0   66.00    0.00   25.00    0.00    0.00    8.00    0.00    0.00    0.00    1.00

05:29:39 PM  CPU    %usr   %nice    %sys %iowait    %irq   %soft  %steal  %guest  %gnice   %idle
05:29:40 PM    0   64.36    0.00   26.73    0.00    0.00    8.91    0.00    0.00    0.00    0.00

05:29:40 PM  CPU    %usr   %nice    %sys %iowait    %irq   %soft  %steal  %guest  %gnice   %idle
05:29:41 PM    0   65.31    0.00   27.55    0.00    0.00    7.14    0.00    0.00    0.00    0.00

05:29:41 PM  CPU    %usr   %nice    %sys %iowait    %irq   %soft  %steal  %guest  %gnice   %idle
05:29:42 PM    0   68.63    0.00   23.53    0.00    0.00    6.86    0.00    0.00    0.00    0.98

05:29:42 PM  CPU    %usr   %nice    %sys %iowait    %irq   %soft  %steal  %guest  %gnice   %idle
05:29:43 PM    0   69.00    0.00   28.00    0.00    0.00    3.00    0.00    0.00    0.00    0.00

05:29:43 PM  CPU    %usr   %nice    %sys %iowait    %irq   %soft  %steal  %guest  %gnice   %idle
05:29:44 PM    0   63.00    0.00   28.00    0.00    0.00    7.00    0.00    0.00    0.00    2.00

05:29:44 PM  CPU    %usr   %nice    %sys %iowait    %irq   %soft  %steal  %guest  %gnice   %idle
05:29:45 PM    0   66.67    0.00   28.28    0.00    0.00    5.05    0.00    0.00    0.00    0.00

05:29:45 PM  CPU    %usr   %nice    %sys %iowait    %irq   %soft  %steal  %guest  %gnice   %idle
05:29:46 PM    0   67.33    0.00   24.75    0.00    0.00    5.94    0.00    0.00    0.00    1.98

05:29:46 PM  CPU    %usr   %nice    %sys %iowait    %irq   %soft  %steal  %guest  %gnice   %idle
05:29:47 PM    0   68.00    0.00   23.00    0.00    0.00    6.00    0.00    0.00    0.00    3.00

05:29:47 PM  CPU    %usr   %nice    %sys %iowait    %irq   %soft  %steal  %guest  %gnice   %idle
05:29:48 PM    0   67.33    0.00   23.76    0.00    0.00    7.92    0.00    0.00    0.00    0.99

05:29:48 PM  CPU    %usr   %nice    %sys %iowait    %irq   %soft  %steal  %guest  %gnice   %idle
05:29:49 PM    0   63.27    0.00   30.61    0.00    0.00    5.10    0.00    0.00    0.00    1.02

05:29:49 PM  CPU    %usr   %nice    %sys %iowait    %irq   %soft  %steal  %guest  %gnice   %idle
05:29:50 PM    0   63.73    0.00   26.47    0.00    0.00    8.82    0.00    0.00    0.00    0.98

05:29:50 PM  CPU    %usr   %nice    %sys %iowait    %irq   %soft  %steal  %guest  %gnice   %idle
05:29:51 PM    0   71.00    0.00   22.00    0.00    0.00    6.00    0.00    0.00    0.00    1.00

05:29:51 PM  CPU    %usr   %nice    %sys %iowait    %irq   %soft  %steal  %guest  %gnice   %idle
05:29:52 PM    0   70.71    0.00   23.23    0.00    0.00    6.06    0.00    0.00    0.00    0.00

05:29:52 PM  CPU    %usr   %nice    %sys %iowait    %irq   %soft  %steal  %guest  %gnice   %idle
05:29:53 PM    0   65.35    0.00   27.72    0.00    0.00    5.94    0.00    0.00    0.00    0.99

05:29:53 PM  CPU    %usr   %nice    %sys %iowait    %irq   %soft  %steal  %guest  %gnice   %idle
05:29:54 PM    0   64.00    0.00   30.00    0.00    0.00    5.00    0.00    0.00    0.00    1.00

05:29:54 PM  CPU    %usr   %nice    %sys %iowait    %irq   %soft  %steal  %guest  %gnice   %idle
05:29:55 PM    0   62.63    0.00   29.29    0.00    0.00    7.07    0.00    0.00    0.00    1.01

05:29:55 PM  CPU    %usr   %nice    %sys %iowait    %irq   %soft  %steal  %guest  %gnice   %idle
05:29:56 PM    0   67.00    0.00   27.00    0.00    0.00    4.00    0.00    0.00    0.00    2.00

05:29:56 PM  CPU    %usr   %nice    %sys %iowait    %irq   %soft  %steal  %guest  %gnice   %idle
05:29:57 PM    0   63.00    0.00   28.00    0.00    0.00    7.00    0.00    0.00    0.00    2.00

05:29:57 PM  CPU    %usr   %nice    %sys %iowait    %irq   %soft  %steal  %guest  %gnice   %idle
05:29:58 PM    0   65.35    0.00   27.72    0.00    0.00    6.93    0.00    0.00    0.00    0.00

05:29:58 PM  CPU    %usr   %nice    %sys %iowait    %irq   %soft  %steal  %guest  %gnice   %idle
05:29:59 PM    0   65.00    0.00   27.00    0.00    0.00    7.00    0.00    0.00    0.00    1.00

05:29:59 PM  CPU    %usr   %nice    %sys %iowait    %irq   %soft  %steal  %guest  %gnice   %idle
05:30:00 PM    0   68.69    0.00   21.21    0.00    0.00    8.08    0.00    0.00    0.00    2.02

05:30:00 PM  CPU    %usr   %nice    %sys %iowait    %irq   %soft  %steal  %guest  %gnice   %idle
05:30:01 PM    0   68.00    0.00   26.00    0.00    0.00    4.00    0.00    0.00    0.00    2.00

05:30:01 PM  CPU    %usr   %nice    %sys %iowait    %irq   %soft  %steal  %guest  %gnice   %idle
05:30:02 PM    0   69.00    0.00   23.00    0.00    0.00    6.00    0.00    0.00    0.00    2.00

05:30:02 PM  CPU    %usr   %nice    %sys %iowait    %irq   %soft  %steal  %guest  %gnice   %idle
05:30:03 PM    0   62.63    0.00   29.29    0.00    0.00    7.07    0.00    0.00    0.00    1.01

05:30:03 PM  CPU    %usr   %nice    %sys %iowait    %irq   %soft  %steal  %guest  %gnice   %idle
05:30:04 PM    0   66.34    0.00   23.76    0.00    0.00    8.91    0.00    0.00    0.00    0.99

05:30:04 PM  CPU    %usr   %nice    %sys %iowait    %irq   %soft  %steal  %guest  %gnice   %idle
05:30:05 PM    0   65.35    0.00   26.73    0.00    0.00    5.94    0.00    0.00    0.00    1.98

05:30:05 PM  CPU    %usr   %nice    %sys %iowait    %irq   %soft  %steal  %guest  %gnice   %idle
05:30:06 PM    0   68.00    0.00   26.00    0.00    0.00    5.00    0.00    0.00    0.00    1.00

05:30:06 PM  CPU    %usr   %nice    %sys %iowait    %irq   %soft  %steal  %guest  %gnice   %idle
05:30:07 PM    0   65.66    0.00   25.25    0.00    0.00    8.08    0.00    0.00    0.00    1.01

05:30:07 PM  CPU    %usr   %nice    %sys %iowait    %irq   %soft  %steal  %guest  %gnice   %idle
05:30:08 PM    0   69.00    0.00   26.00    0.00    0.00    4.00    0.00    0.00    0.00    1.00

05:30:08 PM  CPU    %usr   %nice    %sys %iowait    %irq   %soft  %steal  %guest  %gnice   %idle
05:30:09 PM    0   63.00    0.00   30.00    0.00    0.00    6.00    0.00    0.00    0.00    1.00

05:30:09 PM  CPU    %usr   %nice    %sys %iowait    %irq   %soft  %steal  %guest  %gnice   %idle
05:30:10 PM    0   61.62    0.00   29.29    0.00    0.00    8.08    0.00    0.00    0.00    1.01

05:30:10 PM  CPU    %usr   %nice    %sys %iowait    %irq   %soft  %steal  %guest  %gnice   %idle
05:30:11 PM    0   67.00    0.00   25.00    0.00    0.00    6.00    0.00    0.00    0.00    2.00

05:30:11 PM  CPU    %usr   %nice    %sys %iowait    %irq   %soft  %steal  %guest  %gnice   %idle
05:30:12 PM    0   61.62    0.00   30.30    0.00    0.00    7.07    0.00    0.00    0.00    1.01

05:30:12 PM  CPU    %usr   %nice    %sys %iowait    %irq   %soft  %steal  %guest  %gnice   %idle
05:30:13 PM    0   64.65    0.00   28.28    0.00    0.00    6.06    0.00    0.00    0.00    1.01

05:30:13 PM  CPU    %usr   %nice    %sys %iowait    %irq   %soft  %steal  %guest  %gnice   %idle
05:30:14 PM    0   63.73    0.00   27.45    0.00    0.00    6.86    0.00    0.00    0.00    1.96

05:30:14 PM  CPU    %usr   %nice    %sys %iowait    %irq   %soft  %steal  %guest  %gnice   %idle
05:30:15 PM    0   58.59    0.00   30.30    0.00    0.00   10.10    0.00    0.00    0.00    1.01

05:30:15 PM  CPU    %usr   %nice    %sys %iowait    %irq   %soft  %steal  %guest  %gnice   %idle
05:30:16 PM    0   66.00    0.00   28.00    0.00    0.00    6.00    0.00    0.00    0.00    0.00

05:30:16 PM  CPU    %usr   %nice    %sys %iowait    %irq   %soft  %steal  %guest  %gnice   %idle
05:30:17 PM    0   61.62    0.00   30.30    0.00    0.00    6.06    0.00    0.00    0.00    2.02

05:30:17 PM  CPU    %usr   %nice    %sys %iowait    %irq   %soft  %steal  %guest  %gnice   %idle
05:30:18 PM    0   67.00    0.00   25.00    0.00    0.00    8.00    0.00    0.00    0.00    0.00

05:30:18 PM  CPU    %usr   %nice    %sys %iowait    %irq   %soft  %steal  %guest  %gnice   %idle
05:30:19 PM    0   67.33    0.00   24.75    0.00    0.00    6.93    0.00    0.00    0.00    0.99

05:30:19 PM  CPU    %usr   %nice    %sys %iowait    %irq   %soft  %steal  %guest  %gnice   %idle
05:30:20 PM    0   63.64    0.00   27.27    0.00    0.00    9.09    0.00    0.00    0.00    0.00

05:30:20 PM  CPU    %usr   %nice    %sys %iowait    %irq   %soft  %steal  %guest  %gnice   %idle
05:30:21 PM    0   68.00    0.00   28.00    0.00    0.00    4.00    0.00    0.00    0.00    0.00

05:30:21 PM  CPU    %usr   %nice    %sys %iowait    %irq   %soft  %steal  %guest  %gnice   %idle
05:30:22 PM    0   64.00    0.00   25.00    0.00    0.00   11.00    0.00    0.00    0.00    0.00

05:30:22 PM  CPU    %usr   %nice    %sys %iowait    %irq   %soft  %steal  %guest  %gnice   %idle
05:30:23 PM    0   67.65    0.00   26.47    0.00    0.00    4.90    0.00    0.00    0.00    0.98

05:30:23 PM  CPU    %usr   %nice    %sys %iowait    %irq   %soft  %steal  %guest  %gnice   %idle
05:30:24 PM    0   60.61    0.00   31.31    0.00    0.00    8.08    0.00    0.00    0.00    0.00

05:30:24 PM  CPU    %usr   %nice    %sys %iowait    %irq   %soft  %steal  %guest  %gnice   %idle
05:30:25 PM    0   66.67    0.00   26.26    0.00    0.00    7.07    0.00    0.00    0.00    0.00

05:30:25 PM  CPU    %usr   %nice    %sys %iowait    %irq   %soft  %steal  %guest  %gnice   %idle
05:30:26 PM    0   71.00    0.00   22.00    0.00    0.00    7.00    0.00    0.00    0.00    0.00

05:30:26 PM  CPU    %usr   %nice    %sys %iowait    %irq   %soft  %steal  %guest  %gnice   %idle
05:30:27 PM    0   69.00    0.00   22.00    0.00    0.00    8.00    0.00    0.00    0.00    1.00

05:30:27 PM  CPU    %usr   %nice    %sys %iowait    %irq   %soft  %steal  %guest  %gnice   %idle
05:30:28 PM    0   67.68    0.00   23.23    0.00    0.00    8.08    0.00    0.00    0.00    1.01

05:30:28 PM  CPU    %usr   %nice    %sys %iowait    %irq   %soft  %steal  %guest  %gnice   %idle
05:30:29 PM    0   63.37    0.00   28.71    0.00    0.00    6.93    0.00    0.00    0.00    0.99

05:30:29 PM  CPU    %usr   %nice    %sys %iowait    %irq   %soft  %steal  %guest  %gnice   %idle
05:30:30 PM    0   63.64    0.00   31.31    0.00    0.00    5.05    0.00    0.00    0.00    0.00

05:30:30 PM  CPU    %usr   %nice    %sys %iowait    %irq   %soft  %steal  %guest  %gnice   %idle
05:30:31 PM    0   68.32    0.00   23.76    0.00    0.00    7.92    0.00    0.00    0.00    0.00

05:30:31 PM  CPU    %usr   %nice    %sys %iowait    %irq   %soft  %steal  %guest  %gnice   %idle
05:30:32 PM    0   66.00    0.00   26.00    0.00    0.00    7.00    0.00    0.00    0.00    1.00

05:30:32 PM  CPU    %usr   %nice    %sys %iowait    %irq   %soft  %steal  %guest  %gnice   %idle
05:30:33 PM    0   67.00    0.00   27.00    0.00    0.00    6.00    0.00    0.00    0.00    0.00

05:30:33 PM  CPU    %usr   %nice    %sys %iowait    %irq   %soft  %steal  %guest  %gnice   %idle
05:30:34 PM    0   64.65    0.00   28.28    0.00    0.00    7.07    0.00    0.00    0.00    0.00

05:30:34 PM  CPU    %usr   %nice    %sys %iowait    %irq   %soft  %steal  %guest  %gnice   %idle
05:30:35 PM    0   65.35    0.00   27.72    0.00    0.00    5.94    0.00    0.00    0.00    0.99

05:30:35 PM  CPU    %usr   %nice    %sys %iowait    %irq   %soft  %steal  %guest  %gnice   %idle
05:30:36 PM    0   65.31    0.00   28.57    0.00    0.00    6.12    0.00    0.00    0.00    0.00

05:30:36 PM  CPU    %usr   %nice    %sys %iowait    %irq   %soft  %steal  %guest  %gnice   %idle
05:30:37 PM    0   61.00    0.00   30.00    0.00    0.00    8.00    0.00    0.00    0.00    1.00

05:30:37 PM  CPU    %usr   %nice    %sys %iowait    %irq   %soft  %steal  %guest  %gnice   %idle
05:30:38 PM    0   66.00    0.00   28.00    0.00    0.00    5.00    0.00    0.00    0.00    1.00

05:30:38 PM  CPU    %usr   %nice    %sys %iowait    %irq   %soft  %steal  %guest  %gnice   %idle
05:30:39 PM    0   65.66    0.00   29.29    0.00    0.00    5.05    0.00    0.00    0.00    0.00

05:30:39 PM  CPU    %usr   %nice    %sys %iowait    %irq   %soft  %steal  %guest  %gnice   %idle
05:30:40 PM    0   69.31    0.00   20.79    0.00    0.00    8.91    0.00    0.00    0.00    0.99

05:30:40 PM  CPU    %usr   %nice    %sys %iowait    %irq   %soft  %steal  %guest  %gnice   %idle
05:30:41 PM    0   60.00    0.00   29.00    0.00    0.00   10.00    0.00    0.00    0.00    1.00

05:30:41 PM  CPU    %usr   %nice    %sys %iowait    %irq   %soft  %steal  %guest  %gnice   %idle
05:30:42 PM    0   66.67    0.00   22.22    0.00    0.00    9.09    0.00    0.00    0.00    2.02

05:30:42 PM  CPU    %usr   %nice    %sys %iowait    %irq   %soft  %steal  %guest  %gnice   %idle
05:30:43 PM    0   66.34    0.00   22.77    0.00    0.00    8.91    0.00    0.00    0.00    1.98

05:30:43 PM  CPU    %usr   %nice    %sys %iowait    %irq   %soft  %steal  %guest  %gnice   %idle
05:30:44 PM    0   75.00    0.00   22.00    0.00    0.00    2.00    0.00    0.00    0.00    1.00

05:30:44 PM  CPU    %usr   %nice    %sys %iowait    %irq   %soft  %steal  %guest  %gnice   %idle
05:30:45 PM    0   74.26    0.00   19.80    0.00    0.00    4.95    0.00    0.00    0.00    0.99

05:30:45 PM  CPU    %usr   %nice    %sys %iowait    %irq   %soft  %steal  %guest  %gnice   %idle
05:30:46 PM    0   67.00    0.00   28.00    0.00    0.00    3.00    0.00    0.00    0.00    2.00

05:30:46 PM  CPU    %usr   %nice    %sys %iowait    %irq   %soft  %steal  %guest  %gnice   %idle
05:30:47 PM    0   70.00    0.00   20.00    0.00    0.00    8.00    0.00    0.00    0.00    2.00

05:30:47 PM  CPU    %usr   %nice    %sys %iowait    %irq   %soft  %steal  %guest  %gnice   %idle
05:30:48 PM    0   59.00    0.00   29.00    0.00    0.00    9.00    0.00    0.00    0.00    3.00

05:30:48 PM  CPU    %usr   %nice    %sys %iowait    %irq   %soft  %steal  %guest  %gnice   %idle
05:30:49 PM    0   64.00    0.00   28.00    0.00    0.00    5.00    0.00    0.00    0.00    3.00

05:30:49 PM  CPU    %usr   %nice    %sys %iowait    %irq   %soft  %steal  %guest  %gnice   %idle
05:30:50 PM    0   64.36    0.00   25.74    0.00    0.00    7.92    0.00    0.00    0.00    1.98

05:30:50 PM  CPU    %usr   %nice    %sys %iowait    %irq   %soft  %steal  %guest  %gnice   %idle
05:30:51 PM    0   66.00    0.00   26.00    0.00    0.00    7.00    0.00    0.00    0.00    1.00

05:30:51 PM  CPU    %usr   %nice    %sys %iowait    %irq   %soft  %steal  %guest  %gnice   %idle
05:30:52 PM    0   68.00    0.00   24.00    0.00    0.00    8.00    0.00    0.00    0.00    0.00

05:30:52 PM  CPU    %usr   %nice    %sys %iowait    %irq   %soft  %steal  %guest  %gnice   %idle
05:30:53 PM    0   68.00    0.00   27.00    0.00    0.00    4.00    0.00    0.00    0.00    1.00

05:30:53 PM  CPU    %usr   %nice    %sys %iowait    %irq   %soft  %steal  %guest  %gnice   %idle
05:30:54 PM    0   63.37    0.00   27.72    0.00    0.00    8.91    0.00    0.00    0.00    0.00

05:30:54 PM  CPU    %usr   %nice    %sys %iowait    %irq   %soft  %steal  %guest  %gnice   %idle
05:30:55 PM    0   66.00    0.00   26.00    0.00    0.00    8.00    0.00    0.00    0.00    0.00

05:30:55 PM  CPU    %usr   %nice    %sys %iowait    %irq   %soft  %steal  %guest  %gnice   %idle
05:30:56 PM    0   64.36    0.00   29.70    0.00    0.00    4.95    0.00    0.00    0.00    0.99

05:30:56 PM  CPU    %usr   %nice    %sys %iowait    %irq   %soft  %steal  %guest  %gnice   %idle
05:30:57 PM    0   69.70    0.00   24.24    0.00    0.00    5.05    0.00    0.00    0.00    1.01

05:30:57 PM  CPU    %usr   %nice    %sys %iowait    %irq   %soft  %steal  %guest  %gnice   %idle
05:30:58 PM    0   66.67    0.00   25.49    0.00    0.00    7.84    0.00    0.00    0.00    0.00

05:30:58 PM  CPU    %usr   %nice    %sys %iowait    %irq   %soft  %steal  %guest  %gnice   %idle
05:30:59 PM    0   64.65    0.00   28.28    0.00    0.00    6.06    0.00    0.00    0.00    1.01

05:30:59 PM  CPU    %usr   %nice    %sys %iowait    %irq   %soft  %steal  %guest  %gnice   %idle
05:31:00 PM    0   63.27    0.00   28.57    0.00    0.00    7.14    0.00    0.00    0.00    1.02

05:31:00 PM  CPU    %usr   %nice    %sys %iowait    %irq   %soft  %steal  %guest  %gnice   %idle
05:31:01 PM    0   68.32    0.00   25.74    0.00    0.00    4.95    0.00    0.00    0.00    0.99

05:31:01 PM  CPU    %usr   %nice    %sys %iowait    %irq   %soft  %steal  %guest  %gnice   %idle
05:31:02 PM    0   64.36    0.00   27.72    0.00    0.00    6.93    0.00    0.00    0.00    0.99

05:31:02 PM  CPU    %usr   %nice    %sys %iowait    %irq   %soft  %steal  %guest  %gnice   %idle
05:31:03 PM    0   73.74    0.00   22.22    0.00    0.00    4.04    0.00    0.00    0.00    0.00

05:31:03 PM  CPU    %usr   %nice    %sys %iowait    %irq   %soft  %steal  %guest  %gnice   %idle
05:31:04 PM    0   62.00    0.00   29.00    0.00    0.00    6.00    0.00    0.00    0.00    3.00

05:31:04 PM  CPU    %usr   %nice    %sys %iowait    %irq   %soft  %steal  %guest  %gnice   %idle
05:31:05 PM    0   67.00    0.00   28.00    0.00    0.00    5.00    0.00    0.00    0.00    0.00

05:31:05 PM  CPU    %usr   %nice    %sys %iowait    %irq   %soft  %steal  %guest  %gnice   %idle
05:31:06 PM    0   59.00    0.00   29.00    0.00    0.00   11.00    0.00    0.00    0.00    1.00

05:31:06 PM  CPU    %usr   %nice    %sys %iowait    %irq   %soft  %steal  %guest  %gnice   %idle
05:31:07 PM    0   64.36    0.00   29.70    0.00    0.00    4.95    0.00    0.00    0.00    0.99

05:31:07 PM  CPU    %usr   %nice    %sys %iowait    %irq   %soft  %steal  %guest  %gnice   %idle
05:31:08 PM    0   67.00    0.00   25.00    0.00    0.00    7.00    0.00    0.00    0.00    1.00

05:31:08 PM  CPU    %usr   %nice    %sys %iowait    %irq   %soft  %steal  %guest  %gnice   %idle
05:31:09 PM    0   66.67    0.00   26.47    0.00    0.00    5.88    0.00    0.00    0.00    0.98

05:31:09 PM  CPU    %usr   %nice    %sys %iowait    %irq   %soft  %steal  %guest  %gnice   %idle
05:31:10 PM    0   66.00    0.00   25.00    0.00    0.00    8.00    0.00    0.00    0.00    1.00

05:31:10 PM  CPU    %usr   %nice    %sys %iowait    %irq   %soft  %steal  %guest  %gnice   %idle
05:31:11 PM    0   68.69    0.00   23.23    0.00    0.00    7.07    0.00    0.00    0.00    1.01

05:31:11 PM  CPU    %usr   %nice    %sys %iowait    %irq   %soft  %steal  %guest  %gnice   %idle
05:31:12 PM    0   70.30    0.00   23.76    0.00    0.00    4.95    0.00    0.00    0.00    0.99

05:31:12 PM  CPU    %usr   %nice    %sys %iowait    %irq   %soft  %steal  %guest  %gnice   %idle
05:31:13 PM    0   65.35    0.00   26.73    0.00    0.00    6.93    0.00    0.00    0.00    0.99

05:31:13 PM  CPU    %usr   %nice    %sys %iowait    %irq   %soft  %steal  %guest  %gnice   %idle
05:31:14 PM    0   65.31    0.00   29.59    0.00    0.00    4.08    0.00    0.00    0.00    1.02

05:31:14 PM  CPU    %usr   %nice    %sys %iowait    %irq   %soft  %steal  %guest  %gnice   %idle
05:31:15 PM    0   63.37    0.00   27.72    0.00    0.00    7.92    0.00    0.00    0.00    0.99

05:31:15 PM  CPU    %usr   %nice    %sys %iowait    %irq   %soft  %steal  %guest  %gnice   %idle
05:31:16 PM    0   67.33    0.00   27.72    0.00    0.00    4.95    0.00    0.00    0.00    0.00

Average:     CPU    %usr   %nice    %sys %iowait    %irq   %soft  %steal  %guest  %gnice   %idle
Average:       0   66.00    0.00   26.51    0.00    0.00    6.57    0.00    0.00    0.00    0.92
