Linux 5.3.0-61-generic (cw-zenbook) 	07/16/2020 	_x86_64_	(8 CPU)

01:59:50 PM  CPU    %usr   %nice    %sys %iowait    %irq   %soft  %steal  %guest  %gnice   %idle
01:59:51 PM    0   20.62    0.00   13.40    0.00    0.00    3.09    0.00    0.00    0.00   62.89

01:59:51 PM  CPU    %usr   %nice    %sys %iowait    %irq   %soft  %steal  %guest  %gnice   %idle
01:59:52 PM    0   24.00    0.00   10.00    0.00    0.00    5.00    0.00    0.00    0.00   61.00

01:59:52 PM  CPU    %usr   %nice    %sys %iowait    %irq   %soft  %steal  %guest  %gnice   %idle
01:59:53 PM    0   27.72    0.00    9.90    0.00    0.00    2.97    0.00    0.00    0.00   59.41

01:59:53 PM  CPU    %usr   %nice    %sys %iowait    %irq   %soft  %steal  %guest  %gnice   %idle
01:59:54 PM    0   26.26    0.00   12.12    0.00    0.00    1.01    0.00    0.00    0.00   60.61

01:59:54 PM  CPU    %usr   %nice    %sys %iowait    %irq   %soft  %steal  %guest  %gnice   %idle
01:59:55 PM    0   24.74    0.00   11.34    0.00    0.00    1.03    0.00    0.00    0.00   62.89

01:59:55 PM  CPU    %usr   %nice    %sys %iowait    %irq   %soft  %steal  %guest  %gnice   %idle
01:59:56 PM    0   25.00    0.00   11.00    0.00    0.00    3.00    0.00    0.00    0.00   61.00

01:59:56 PM  CPU    %usr   %nice    %sys %iowait    %irq   %soft  %steal  %guest  %gnice   %idle
01:59:57 PM    0   27.00    0.00   10.00    0.00    0.00    3.00    0.00    0.00    0.00   60.00

01:59:57 PM  CPU    %usr   %nice    %sys %iowait    %irq   %soft  %steal  %guest  %gnice   %idle
01:59:58 PM    0   27.18    0.00    9.71    0.00    0.00    4.85    0.00    0.00    0.00   58.25

01:59:58 PM  CPU    %usr   %nice    %sys %iowait    %irq   %soft  %steal  %guest  %gnice   %idle
01:59:59 PM    0   25.25    0.00   12.12    0.00    0.00    2.02    0.00    0.00    0.00   60.61

01:59:59 PM  CPU    %usr   %nice    %sys %iowait    %irq   %soft  %steal  %guest  %gnice   %idle
02:00:00 PM    0   24.24    0.00   12.12    0.00    0.00    2.02    0.00    0.00    0.00   61.62

02:00:00 PM  CPU    %usr   %nice    %sys %iowait    %irq   %soft  %steal  %guest  %gnice   %idle
02:00:01 PM    0   25.25    0.00    9.09    0.00    0.00    4.04    0.00    0.00    0.00   61.62

02:00:01 PM  CPU    %usr   %nice    %sys %iowait    %irq   %soft  %steal  %guest  %gnice   %idle
02:00:02 PM    0   25.51    0.00    9.18    0.00    0.00    4.08    0.00    0.00    0.00   61.22

02:00:02 PM  CPU    %usr   %nice    %sys %iowait    %irq   %soft  %steal  %guest  %gnice   %idle
02:00:03 PM    0   25.00    0.00   12.00    0.00    0.00    2.00    0.00    0.00    0.00   61.00

02:00:03 PM  CPU    %usr   %nice    %sys %iowait    %irq   %soft  %steal  %guest  %gnice   %idle
02:00:04 PM    0   25.25    0.00   10.10    0.00    0.00    3.03    0.00    0.00    0.00   61.62

02:00:04 PM  CPU    %usr   %nice    %sys %iowait    %irq   %soft  %steal  %guest  %gnice   %idle
02:00:05 PM    0   26.73    0.00    8.91    0.00    0.00    4.95    0.00    0.00    0.00   59.41

02:00:05 PM  CPU    %usr   %nice    %sys %iowait    %irq   %soft  %steal  %guest  %gnice   %idle
02:00:06 PM    0   24.49    0.00   10.20    0.00    0.00    4.08    0.00    0.00    0.00   61.22

02:00:06 PM  CPU    %usr   %nice    %sys %iowait    %irq   %soft  %steal  %guest  %gnice   %idle
02:00:07 PM    0   22.22    0.00   12.12    0.00    0.00    4.04    0.00    0.00    0.00   61.62

02:00:07 PM  CPU    %usr   %nice    %sys %iowait    %irq   %soft  %steal  %guest  %gnice   %idle
02:00:08 PM    0   27.45    0.00    8.82    0.00    0.00    3.92    0.00    0.00    0.00   59.80

02:00:08 PM  CPU    %usr   %nice    %sys %iowait    %irq   %soft  %steal  %guest  %gnice   %idle
02:00:09 PM    0   25.00    0.00    9.00    0.00    0.00    4.00    0.00    0.00    0.00   62.00

02:00:09 PM  CPU    %usr   %nice    %sys %iowait    %irq   %soft  %steal  %guest  %gnice   %idle
02:00:10 PM    0   23.00    0.00   13.00    0.00    0.00    3.00    0.00    0.00    0.00   61.00

02:00:10 PM  CPU    %usr   %nice    %sys %iowait    %irq   %soft  %steal  %guest  %gnice   %idle
02:00:11 PM    0   26.73    0.00   11.88    0.00    0.00    0.99    0.00    0.00    0.00   60.40

02:00:11 PM  CPU    %usr   %nice    %sys %iowait    %irq   %soft  %steal  %guest  %gnice   %idle
02:00:12 PM    0   22.77    0.00   10.89    0.00    0.00    4.95    0.00    0.00    0.00   61.39

02:00:12 PM  CPU    %usr   %nice    %sys %iowait    %irq   %soft  %steal  %guest  %gnice   %idle
02:00:13 PM    0   26.47    0.00   10.78    0.00    0.00    2.94    0.00    0.00    0.00   59.80

02:00:13 PM  CPU    %usr   %nice    %sys %iowait    %irq   %soft  %steal  %guest  %gnice   %idle
02:00:14 PM    0   24.21    0.00   11.58    0.00    0.00    1.05    0.00    0.00    0.00   63.16

02:00:14 PM  CPU    %usr   %nice    %sys %iowait    %irq   %soft  %steal  %guest  %gnice   %idle
02:00:15 PM    0   25.25    0.00   11.11    0.00    0.00    2.02    0.00    0.00    0.00   61.62

02:00:15 PM  CPU    %usr   %nice    %sys %iowait    %irq   %soft  %steal  %guest  %gnice   %idle
02:00:16 PM    0   23.23    0.00   13.13    0.00    0.00    2.02    0.00    0.00    0.00   61.62

02:00:16 PM  CPU    %usr   %nice    %sys %iowait    %irq   %soft  %steal  %guest  %gnice   %idle
02:00:17 PM    0   24.27    0.00   12.62    0.00    0.00    3.88    0.00    0.00    0.00   59.22

02:00:17 PM  CPU    %usr   %nice    %sys %iowait    %irq   %soft  %steal  %guest  %gnice   %idle
02:00:18 PM    0   24.74    0.00    9.28    0.00    0.00    3.09    0.00    0.00    0.00   62.89

02:00:18 PM  CPU    %usr   %nice    %sys %iowait    %irq   %soft  %steal  %guest  %gnice   %idle
02:00:19 PM    0   23.00    0.00   13.00    0.00    0.00    3.00    0.00    0.00    0.00   61.00

02:00:19 PM  CPU    %usr   %nice    %sys %iowait    %irq   %soft  %steal  %guest  %gnice   %idle
02:00:20 PM    0   22.00    0.00   13.00    0.00    0.00    3.00    0.00    0.00    0.00   62.00

02:00:20 PM  CPU    %usr   %nice    %sys %iowait    %irq   %soft  %steal  %guest  %gnice   %idle
02:00:21 PM    0   29.41    0.00    8.82    0.00    0.00    1.96    0.00    0.00    0.00   59.80

02:00:21 PM  CPU    %usr   %nice    %sys %iowait    %irq   %soft  %steal  %guest  %gnice   %idle
02:00:22 PM    0   21.43    0.00   10.20    0.00    0.00    6.12    0.00    0.00    0.00   62.24

02:00:22 PM  CPU    %usr   %nice    %sys %iowait    %irq   %soft  %steal  %guest  %gnice   %idle
02:00:23 PM    0   31.63    0.00    4.08    0.00    0.00    2.04    0.00    0.00    0.00   62.24

02:00:23 PM  CPU    %usr   %nice    %sys %iowait    %irq   %soft  %steal  %guest  %gnice   %idle
02:00:24 PM    0   22.22    0.00   12.12    0.00    0.00    4.04    0.00    0.00    0.00   61.62

02:00:24 PM  CPU    %usr   %nice    %sys %iowait    %irq   %soft  %steal  %guest  %gnice   %idle
02:00:25 PM    0   27.00    0.00    8.00    0.00    0.00    4.00    0.00    0.00    0.00   61.00

02:00:25 PM  CPU    %usr   %nice    %sys %iowait    %irq   %soft  %steal  %guest  %gnice   %idle
02:00:26 PM    0   24.00    0.00   11.00    0.00    0.00    4.00    0.00    0.00    0.00   61.00

02:00:26 PM  CPU    %usr   %nice    %sys %iowait    %irq   %soft  %steal  %guest  %gnice   %idle
02:00:27 PM    0   23.71    0.00   13.40    0.00    0.00    1.03    0.00    0.00    0.00   61.86

02:00:27 PM  CPU    %usr   %nice    %sys %iowait    %irq   %soft  %steal  %guest  %gnice   %idle
02:00:28 PM    0   24.51    0.00   12.75    0.00    0.00    2.94    0.00    0.00    0.00   59.80

02:00:28 PM  CPU    %usr   %nice    %sys %iowait    %irq   %soft  %steal  %guest  %gnice   %idle
02:00:29 PM    0   26.00    0.00   12.00    0.00    0.00    2.00    0.00    0.00    0.00   60.00

02:00:29 PM  CPU    %usr   %nice    %sys %iowait    %irq   %soft  %steal  %guest  %gnice   %idle
02:00:30 PM    0   23.76    0.00   10.89    0.00    0.00    4.95    0.00    0.00    0.00   60.40

02:00:30 PM  CPU    %usr   %nice    %sys %iowait    %irq   %soft  %steal  %guest  %gnice   %idle
02:00:31 PM    0   26.00    0.00   10.00    0.00    0.00    4.00    0.00    0.00    0.00   60.00

02:00:31 PM  CPU    %usr   %nice    %sys %iowait    %irq   %soft  %steal  %guest  %gnice   %idle
02:00:32 PM    0   27.27    0.00   10.10    0.00    0.00    2.02    0.00    0.00    0.00   60.61

02:00:32 PM  CPU    %usr   %nice    %sys %iowait    %irq   %soft  %steal  %guest  %gnice   %idle
02:00:33 PM    0   22.92    0.00   10.42    0.00    0.00    3.12    0.00    0.00    0.00   63.54

02:00:33 PM  CPU    %usr   %nice    %sys %iowait    %irq   %soft  %steal  %guest  %gnice   %idle
02:00:34 PM    0   25.26    0.00    8.42    0.00    0.00    3.16    0.00    0.00    0.00   63.16

02:00:34 PM  CPU    %usr   %nice    %sys %iowait    %irq   %soft  %steal  %guest  %gnice   %idle
02:00:35 PM    0   24.00    0.00   10.00    0.00    0.00    4.00    0.00    0.00    0.00   62.00

02:00:35 PM  CPU    %usr   %nice    %sys %iowait    %irq   %soft  %steal  %guest  %gnice   %idle
02:00:36 PM    0   25.25    0.00   10.10    0.00    0.00    3.03    0.00    0.00    0.00   61.62

02:00:36 PM  CPU    %usr   %nice    %sys %iowait    %irq   %soft  %steal  %guest  %gnice   %idle
02:00:37 PM    0   24.00    0.00   12.00    0.00    0.00    3.00    0.00    0.00    0.00   61.00

02:00:37 PM  CPU    %usr   %nice    %sys %iowait    %irq   %soft  %steal  %guest  %gnice   %idle
02:00:38 PM    0   23.53    0.00   13.73    0.00    0.00    2.94    0.00    0.00    0.00   59.80

02:00:38 PM  CPU    %usr   %nice    %sys %iowait    %irq   %soft  %steal  %guest  %gnice   %idle
02:00:39 PM    0   20.20    0.00   15.15    0.00    0.00    3.03    0.00    0.00    0.00   61.62

02:00:39 PM  CPU    %usr   %nice    %sys %iowait    %irq   %soft  %steal  %guest  %gnice   %idle
02:00:40 PM    0   25.51    0.00   11.22    0.00    0.00    1.02    0.00    0.00    0.00   62.24

02:00:40 PM  CPU    %usr   %nice    %sys %iowait    %irq   %soft  %steal  %guest  %gnice   %idle
02:00:41 PM    0   23.53    0.00   11.76    0.00    0.00    4.90    0.00    0.00    0.00   59.80

02:00:41 PM  CPU    %usr   %nice    %sys %iowait    %irq   %soft  %steal  %guest  %gnice   %idle
02:00:42 PM    0   21.88    0.00   12.50    0.00    0.00    2.08    0.00    0.00    0.00   63.54

02:00:42 PM  CPU    %usr   %nice    %sys %iowait    %irq   %soft  %steal  %guest  %gnice   %idle
02:00:43 PM    0   25.74    0.00    9.90    0.00    0.00    2.97    0.00    0.00    0.00   61.39

02:00:43 PM  CPU    %usr   %nice    %sys %iowait    %irq   %soft  %steal  %guest  %gnice   %idle
02:00:44 PM    0   27.27    0.00    9.09    0.00    0.00    2.02    0.00    0.00    0.00   61.62

02:00:44 PM  CPU    %usr   %nice    %sys %iowait    %irq   %soft  %steal  %guest  %gnice   %idle
02:00:45 PM    0   25.77    0.00    9.28    0.00    0.00    2.06    0.00    0.00    0.00   62.89

02:00:45 PM  CPU    %usr   %nice    %sys %iowait    %irq   %soft  %steal  %guest  %gnice   %idle
02:00:46 PM    0   25.25    0.00   11.11    0.00    0.00    2.02    0.00    0.00    0.00   61.62

02:00:46 PM  CPU    %usr   %nice    %sys %iowait    %irq   %soft  %steal  %guest  %gnice   %idle
02:00:47 PM    0   24.51    0.00   11.76    0.00    0.00    3.92    0.00    0.00    0.00   59.80

02:00:47 PM  CPU    %usr   %nice    %sys %iowait    %irq   %soft  %steal  %guest  %gnice   %idle
02:00:48 PM    0   27.72    0.00   10.89    0.00    0.00    0.99    0.00    0.00    0.00   60.40

02:00:48 PM  CPU    %usr   %nice    %sys %iowait    %irq   %soft  %steal  %guest  %gnice   %idle
02:00:49 PM    0   23.47    0.00   10.20    0.00    0.00    4.08    0.00    0.00    0.00   62.24

02:00:49 PM  CPU    %usr   %nice    %sys %iowait    %irq   %soft  %steal  %guest  %gnice   %idle
02:00:50 PM    0   28.00    0.00    8.00    0.00    0.00    2.00    0.00    0.00    0.00   62.00

02:00:50 PM  CPU    %usr   %nice    %sys %iowait    %irq   %soft  %steal  %guest  %gnice   %idle
02:00:51 PM    0   24.49    0.00   10.20    0.00    0.00    4.08    0.00    0.00    0.00   61.22

02:00:51 PM  CPU    %usr   %nice    %sys %iowait    %irq   %soft  %steal  %guest  %gnice   %idle
02:00:52 PM    0   23.53    0.00   10.78    0.00    0.00    5.88    0.00    0.00    0.00   59.80

02:00:52 PM  CPU    %usr   %nice    %sys %iowait    %irq   %soft  %steal  %guest  %gnice   %idle
02:00:53 PM    0   27.72    0.00    7.92    0.00    0.00    3.96    0.00    0.00    0.00   60.40

02:00:53 PM  CPU    %usr   %nice    %sys %iowait    %irq   %soft  %steal  %guest  %gnice   %idle
02:00:54 PM    0   28.00    0.00    7.00    0.00    0.00    3.00    0.00    0.00    0.00   62.00

02:00:54 PM  CPU    %usr   %nice    %sys %iowait    %irq   %soft  %steal  %guest  %gnice   %idle
02:00:55 PM    0   26.26    0.00    9.09    0.00    0.00    4.04    0.00    0.00    0.00   60.61

02:00:55 PM  CPU    %usr   %nice    %sys %iowait    %irq   %soft  %steal  %guest  %gnice   %idle
02:00:56 PM    0   23.23    0.00   13.13    0.00    0.00    3.03    0.00    0.00    0.00   60.61

02:00:56 PM  CPU    %usr   %nice    %sys %iowait    %irq   %soft  %steal  %guest  %gnice   %idle
02:00:57 PM    0   27.37    0.00    8.42    0.00    0.00    1.05    0.00    0.00    0.00   63.16

02:00:57 PM  CPU    %usr   %nice    %sys %iowait    %irq   %soft  %steal  %guest  %gnice   %idle
02:00:58 PM    0   22.45    0.00   13.27    0.00    0.00    2.04    0.00    0.00    0.00   62.24

02:00:58 PM  CPU    %usr   %nice    %sys %iowait    %irq   %soft  %steal  %guest  %gnice   %idle
02:00:59 PM    0   25.00    0.00   11.00    0.00    0.00    2.00    0.00    0.00    0.00   62.00

02:00:59 PM  CPU    %usr   %nice    %sys %iowait    %irq   %soft  %steal  %guest  %gnice   %idle
02:01:00 PM    0   26.47    0.00   11.76    0.00    0.00    1.96    0.00    0.00    0.00   59.80

02:01:00 PM  CPU    %usr   %nice    %sys %iowait    %irq   %soft  %steal  %guest  %gnice   %idle
02:01:01 PM    0   25.77    0.00    8.25    0.00    0.00    2.06    0.00    0.00    0.00   63.92

02:01:01 PM  CPU    %usr   %nice    %sys %iowait    %irq   %soft  %steal  %guest  %gnice   %idle
02:01:02 PM    0   27.08    0.00    7.29    0.00    0.00    2.08    0.00    0.00    0.00   63.54

02:01:02 PM  CPU    %usr   %nice    %sys %iowait    %irq   %soft  %steal  %guest  %gnice   %idle
02:01:03 PM    0   26.21    0.00   10.68    0.00    0.00    3.88    0.00    0.00    0.00   59.22

02:01:03 PM  CPU    %usr   %nice    %sys %iowait    %irq   %soft  %steal  %guest  %gnice   %idle
02:01:04 PM    0   26.26    0.00   10.10    0.00    0.00    2.02    0.00    0.00    0.00   61.62

02:01:04 PM  CPU    %usr   %nice    %sys %iowait    %irq   %soft  %steal  %guest  %gnice   %idle
02:01:05 PM    0   27.00    0.00   11.00    0.00    0.00    1.00    0.00    0.00    0.00   61.00

02:01:05 PM  CPU    %usr   %nice    %sys %iowait    %irq   %soft  %steal  %guest  %gnice   %idle
02:01:06 PM    0   28.87    0.00    5.15    0.00    0.00    2.06    0.00    0.00    0.00   63.92

02:01:06 PM  CPU    %usr   %nice    %sys %iowait    %irq   %soft  %steal  %guest  %gnice   %idle
02:01:07 PM    0   22.68    0.00    9.28    0.00    0.00    4.12    0.00    0.00    0.00   63.92

02:01:07 PM  CPU    %usr   %nice    %sys %iowait    %irq   %soft  %steal  %guest  %gnice   %idle
02:01:08 PM    0   23.30    0.00   12.62    0.00    0.00    4.85    0.00    0.00    0.00   59.22

02:01:08 PM  CPU    %usr   %nice    %sys %iowait    %irq   %soft  %steal  %guest  %gnice   %idle
02:01:09 PM    0   22.92    0.00    9.38    0.00    0.00    4.17    0.00    0.00    0.00   63.54

02:01:09 PM  CPU    %usr   %nice    %sys %iowait    %irq   %soft  %steal  %guest  %gnice   %idle
02:01:10 PM    0   26.80    0.00    8.25    0.00    0.00    3.09    0.00    0.00    0.00   61.86

02:01:10 PM  CPU    %usr   %nice    %sys %iowait    %irq   %soft  %steal  %guest  %gnice   %idle
02:01:11 PM    0   23.23    0.00   13.13    0.00    0.00    3.03    0.00    0.00    0.00   60.61

02:01:11 PM  CPU    %usr   %nice    %sys %iowait    %irq   %soft  %steal  %guest  %gnice   %idle
02:01:12 PM    0   27.27    0.00    9.09    0.00    0.00    3.03    0.00    0.00    0.00   60.61

02:01:12 PM  CPU    %usr   %nice    %sys %iowait    %irq   %soft  %steal  %guest  %gnice   %idle
02:01:13 PM    0   24.49    0.00   12.24    0.00    0.00    2.04    0.00    0.00    0.00   61.22

02:01:13 PM  CPU    %usr   %nice    %sys %iowait    %irq   %soft  %steal  %guest  %gnice   %idle
02:01:14 PM    0   25.49    0.00   11.76    0.00    0.00    2.94    0.00    0.00    0.00   59.80

02:01:14 PM  CPU    %usr   %nice    %sys %iowait    %irq   %soft  %steal  %guest  %gnice   %idle
02:01:15 PM    0   21.43    0.00   12.24    0.00    0.00    5.10    0.00    0.00    0.00   61.22

02:01:15 PM  CPU    %usr   %nice    %sys %iowait    %irq   %soft  %steal  %guest  %gnice   %idle
02:01:16 PM    0   22.33    0.00   14.56    0.00    0.00    2.91    0.00    0.00    0.00   60.19

02:01:16 PM  CPU    %usr   %nice    %sys %iowait    %irq   %soft  %steal  %guest  %gnice   %idle
02:01:17 PM    0   24.49    0.00   10.20    0.00    0.00    4.08    0.00    0.00    0.00   61.22

02:01:17 PM  CPU    %usr   %nice    %sys %iowait    %irq   %soft  %steal  %guest  %gnice   %idle
02:01:18 PM    0   22.00    0.00   12.00    0.00    0.00    5.00    0.00    0.00    0.00   61.00

02:01:18 PM  CPU    %usr   %nice    %sys %iowait    %irq   %soft  %steal  %guest  %gnice   %idle
02:01:19 PM    0   28.16    0.00   10.68    0.00    0.00    2.91    0.00    0.00    0.00   58.25

02:01:19 PM  CPU    %usr   %nice    %sys %iowait    %irq   %soft  %steal  %guest  %gnice   %idle
02:01:20 PM    0   28.43    0.00    9.80    0.00    0.00    2.94    0.00    0.00    0.00   58.82

02:01:20 PM  CPU    %usr   %nice    %sys %iowait    %irq   %soft  %steal  %guest  %gnice   %idle
02:01:21 PM    0   23.76    0.00   10.89    0.00    0.00    4.95    0.00    0.00    0.00   60.40

02:01:21 PM  CPU    %usr   %nice    %sys %iowait    %irq   %soft  %steal  %guest  %gnice   %idle
02:01:22 PM    0   29.13    0.00    8.74    0.00    0.00    3.88    0.00    0.00    0.00   58.25

02:01:22 PM  CPU    %usr   %nice    %sys %iowait    %irq   %soft  %steal  %guest  %gnice   %idle
02:01:23 PM    0   26.53    0.00   11.22    0.00    0.00    1.02    0.00    0.00    0.00   61.22

02:01:23 PM  CPU    %usr   %nice    %sys %iowait    %irq   %soft  %steal  %guest  %gnice   %idle
02:01:24 PM    0   26.26    0.00   10.10    0.00    0.00    2.02    0.00    0.00    0.00   61.62

02:01:24 PM  CPU    %usr   %nice    %sys %iowait    %irq   %soft  %steal  %guest  %gnice   %idle
02:01:25 PM    0   28.00    0.00   11.00    0.00    0.00    1.00    0.00    0.00    0.00   60.00

02:01:25 PM  CPU    %usr   %nice    %sys %iowait    %irq   %soft  %steal  %guest  %gnice   %idle
02:01:26 PM    0   27.84    0.00    7.22    0.00    0.00    3.09    0.00    0.00    0.00   61.86

02:01:26 PM  CPU    %usr   %nice    %sys %iowait    %irq   %soft  %steal  %guest  %gnice   %idle
02:01:27 PM    0   24.00    0.00   12.00    0.00    0.00    3.00    0.00    0.00    0.00   61.00

02:01:27 PM  CPU    %usr   %nice    %sys %iowait    %irq   %soft  %steal  %guest  %gnice   %idle
02:01:28 PM    0   26.53    0.00    8.16    0.00    0.00    3.06    0.00    0.00    0.00   62.24

02:01:28 PM  CPU    %usr   %nice    %sys %iowait    %irq   %soft  %steal  %guest  %gnice   %idle
02:01:29 PM    0   25.25    0.00   12.12    0.00    0.00    1.01    0.00    0.00    0.00   61.62

02:01:29 PM  CPU    %usr   %nice    %sys %iowait    %irq   %soft  %steal  %guest  %gnice   %idle
02:01:30 PM    0   25.00    0.00   10.42    0.00    0.00    2.08    0.00    0.00    0.00   62.50

02:01:30 PM  CPU    %usr   %nice    %sys %iowait    %irq   %soft  %steal  %guest  %gnice   %idle
02:01:31 PM    0   27.00    0.00    8.00    0.00    0.00    4.00    0.00    0.00    0.00   61.00

02:01:31 PM  CPU    %usr   %nice    %sys %iowait    %irq   %soft  %steal  %guest  %gnice   %idle
02:01:32 PM    0   25.49    0.00   11.76    0.00    0.00    1.96    0.00    0.00    0.00   60.78

02:01:32 PM  CPU    %usr   %nice    %sys %iowait    %irq   %soft  %steal  %guest  %gnice   %idle
02:01:33 PM    0   27.00    0.00    9.00    0.00    0.00    2.00    0.00    0.00    0.00   62.00

02:01:33 PM  CPU    %usr   %nice    %sys %iowait    %irq   %soft  %steal  %guest  %gnice   %idle
02:01:34 PM    0   29.59    0.00    8.16    0.00    0.00    1.02    0.00    0.00    0.00   61.22

02:01:34 PM  CPU    %usr   %nice    %sys %iowait    %irq   %soft  %steal  %guest  %gnice   %idle
02:01:35 PM    0   24.49    0.00    9.18    0.00    0.00    5.10    0.00    0.00    0.00   61.22

02:01:35 PM  CPU    %usr   %nice    %sys %iowait    %irq   %soft  %steal  %guest  %gnice   %idle
02:01:36 PM    0   25.51    0.00   12.24    0.00    0.00    1.02    0.00    0.00    0.00   61.22

02:01:36 PM  CPU    %usr   %nice    %sys %iowait    %irq   %soft  %steal  %guest  %gnice   %idle
02:01:37 PM    0   23.53    0.00   13.73    0.00    0.00    2.94    0.00    0.00    0.00   59.80

02:01:37 PM  CPU    %usr   %nice    %sys %iowait    %irq   %soft  %steal  %guest  %gnice   %idle
02:01:38 PM    0   23.71    0.00   10.31    0.00    0.00    2.06    0.00    0.00    0.00   63.92

02:01:38 PM  CPU    %usr   %nice    %sys %iowait    %irq   %soft  %steal  %guest  %gnice   %idle
02:01:39 PM    0   21.00    0.00   15.00    0.00    0.00    4.00    0.00    0.00    0.00   60.00

02:01:39 PM  CPU    %usr   %nice    %sys %iowait    %irq   %soft  %steal  %guest  %gnice   %idle
02:01:40 PM    0   24.75    0.00   11.88    0.00    0.00    3.96    0.00    0.00    0.00   59.41

02:01:40 PM  CPU    %usr   %nice    %sys %iowait    %irq   %soft  %steal  %guest  %gnice   %idle
02:01:41 PM    0   26.80    0.00   11.34    0.00    0.00    0.00    0.00    0.00    0.00   61.86

02:01:41 PM  CPU    %usr   %nice    %sys %iowait    %irq   %soft  %steal  %guest  %gnice   %idle
02:01:42 PM    0   28.28    0.00    9.09    0.00    0.00    2.02    0.00    0.00    0.00   60.61

02:01:42 PM  CPU    %usr   %nice    %sys %iowait    %irq   %soft  %steal  %guest  %gnice   %idle
02:01:43 PM    0   23.47    0.00   12.24    0.00    0.00    2.04    0.00    0.00    0.00   62.24

02:01:43 PM  CPU    %usr   %nice    %sys %iowait    %irq   %soft  %steal  %guest  %gnice   %idle
02:01:44 PM    0   22.55    0.00   12.75    0.00    0.00    4.90    0.00    0.00    0.00   59.80

02:01:44 PM  CPU    %usr   %nice    %sys %iowait    %irq   %soft  %steal  %guest  %gnice   %idle
02:01:45 PM    0   27.55    0.00    8.16    0.00    0.00    3.06    0.00    0.00    0.00   61.22

02:01:45 PM  CPU    %usr   %nice    %sys %iowait    %irq   %soft  %steal  %guest  %gnice   %idle
02:01:46 PM    0   24.75    0.00   10.89    0.00    0.00    2.97    0.00    0.00    0.00   61.39

02:01:46 PM  CPU    %usr   %nice    %sys %iowait    %irq   %soft  %steal  %guest  %gnice   %idle
02:01:47 PM    0   27.27    0.00    9.09    0.00    0.00    3.03    0.00    0.00    0.00   60.61

02:01:47 PM  CPU    %usr   %nice    %sys %iowait    %irq   %soft  %steal  %guest  %gnice   %idle
02:01:48 PM    0   24.75    0.00   11.88    0.00    0.00    2.97    0.00    0.00    0.00   60.40

02:01:48 PM  CPU    %usr   %nice    %sys %iowait    %irq   %soft  %steal  %guest  %gnice   %idle
02:01:49 PM    0   25.00    0.00   13.00    0.00    0.00    2.00    0.00    0.00    0.00   60.00

02:01:49 PM  CPU    %usr   %nice    %sys %iowait    %irq   %soft  %steal  %guest  %gnice   %idle
02:01:50 PM    0   26.00    0.00   11.00    0.00    0.00    2.00    0.00    0.00    0.00   61.00

Average:     CPU    %usr   %nice    %sys %iowait    %irq   %soft  %steal  %guest  %gnice   %idle
Average:       0   25.21    0.00   10.69    0.00    0.00    2.96    0.00    0.00    0.00   61.14
