Linux 5.3.0-61-generic (cw-zenbook) 	07/16/2020 	_x86_64_	(8 CPU)

03:57:38 PM  CPU    %usr   %nice    %sys %iowait    %irq   %soft  %steal  %guest  %gnice   %idle
03:57:39 PM    0   12.12    0.00    5.05    0.00    0.00    1.01    0.00    0.00    0.00   81.82

03:57:39 PM  CPU    %usr   %nice    %sys %iowait    %irq   %soft  %steal  %guest  %gnice   %idle
03:57:40 PM    0   12.12    0.00    5.05    0.00    0.00    1.01    0.00    0.00    0.00   81.82

03:57:40 PM  CPU    %usr   %nice    %sys %iowait    %irq   %soft  %steal  %guest  %gnice   %idle
03:57:41 PM    0   14.00    0.00    5.00    0.00    0.00    0.00    0.00    0.00    0.00   81.00

03:57:41 PM  CPU    %usr   %nice    %sys %iowait    %irq   %soft  %steal  %guest  %gnice   %idle
03:57:42 PM    0   13.40    0.00    4.12    0.00    0.00    0.00    0.00    0.00    0.00   82.47

03:57:42 PM  CPU    %usr   %nice    %sys %iowait    %irq   %soft  %steal  %guest  %gnice   %idle
03:57:43 PM    0   10.10    0.00    6.06    0.00    0.00    2.02    0.00    0.00    0.00   81.82

03:57:43 PM  CPU    %usr   %nice    %sys %iowait    %irq   %soft  %steal  %guest  %gnice   %idle
03:57:44 PM    0   14.85    0.00    1.98    0.00    0.00    2.97    0.00    0.00    0.00   80.20

03:57:44 PM  CPU    %usr   %nice    %sys %iowait    %irq   %soft  %steal  %guest  %gnice   %idle
03:57:45 PM    0   13.00    0.00    4.00    0.00    0.00    2.00    0.00    0.00    0.00   81.00

03:57:45 PM  CPU    %usr   %nice    %sys %iowait    %irq   %soft  %steal  %guest  %gnice   %idle
03:57:46 PM    0    9.28    0.00    7.22    0.00    0.00    1.03    0.00    0.00    0.00   82.47

03:57:46 PM  CPU    %usr   %nice    %sys %iowait    %irq   %soft  %steal  %guest  %gnice   %idle
03:57:47 PM    0   11.00    0.00    6.00    0.00    0.00    2.00    0.00    0.00    0.00   81.00

03:57:47 PM  CPU    %usr   %nice    %sys %iowait    %irq   %soft  %steal  %guest  %gnice   %idle
03:57:48 PM    0   11.88    0.00    2.97    0.00    0.00    4.95    0.00    0.00    0.00   80.20

03:57:48 PM  CPU    %usr   %nice    %sys %iowait    %irq   %soft  %steal  %guest  %gnice   %idle
03:57:49 PM    0   12.87    0.00    4.95    0.00    0.00    1.98    0.00    0.00    0.00   80.20

03:57:49 PM  CPU    %usr   %nice    %sys %iowait    %irq   %soft  %steal  %guest  %gnice   %idle
03:57:50 PM    0   14.00    0.00    5.00    0.00    0.00    1.00    0.00    0.00    0.00   80.00

03:57:50 PM  CPU    %usr   %nice    %sys %iowait    %irq   %soft  %steal  %guest  %gnice   %idle
03:57:51 PM    0   12.37    0.00    4.12    0.00    0.00    0.00    0.00    0.00    0.00   83.51

03:57:51 PM  CPU    %usr   %nice    %sys %iowait    %irq   %soft  %steal  %guest  %gnice   %idle
03:57:52 PM    0   12.12    0.00    4.04    0.00    0.00    2.02    0.00    0.00    0.00   81.82

03:57:52 PM  CPU    %usr   %nice    %sys %iowait    %irq   %soft  %steal  %guest  %gnice   %idle
03:57:53 PM    0   12.00    0.00    5.00    0.00    0.00    2.00    0.00    0.00    0.00   81.00

03:57:53 PM  CPU    %usr   %nice    %sys %iowait    %irq   %soft  %steal  %guest  %gnice   %idle
03:57:54 PM    0   13.13    0.00    4.04    0.00    0.00    1.01    0.00    0.00    0.00   81.82

03:57:54 PM  CPU    %usr   %nice    %sys %iowait    %irq   %soft  %steal  %guest  %gnice   %idle
03:57:55 PM    0   13.86    0.00    3.96    0.00    0.00    2.97    0.00    0.00    0.00   79.21

03:57:55 PM  CPU    %usr   %nice    %sys %iowait    %irq   %soft  %steal  %guest  %gnice   %idle
03:57:56 PM    0   12.87    0.00    4.95    0.00    0.00    1.98    0.00    0.00    0.00   80.20

03:57:56 PM  CPU    %usr   %nice    %sys %iowait    %irq   %soft  %steal  %guest  %gnice   %idle
03:57:57 PM    0   11.00    0.00    6.00    0.00    0.00    2.00    0.00    0.00    0.00   81.00

03:57:57 PM  CPU    %usr   %nice    %sys %iowait    %irq   %soft  %steal  %guest  %gnice   %idle
03:57:58 PM    0   12.24    0.00    4.08    0.00    0.00    1.02    0.00    0.00    0.00   82.65

03:57:58 PM  CPU    %usr   %nice    %sys %iowait    %irq   %soft  %steal  %guest  %gnice   %idle
03:57:59 PM    0   13.13    0.00    5.05    0.00    0.00    1.01    0.00    0.00    0.00   80.81

03:57:59 PM  CPU    %usr   %nice    %sys %iowait    %irq   %soft  %steal  %guest  %gnice   %idle
03:58:00 PM    0   13.86    0.00    2.97    0.00    0.00    2.97    0.00    0.00    0.00   80.20

03:58:00 PM  CPU    %usr   %nice    %sys %iowait    %irq   %soft  %steal  %guest  %gnice   %idle
03:58:01 PM    0   11.76    0.00    6.86    0.00    0.00    1.96    0.00    0.00    0.00   79.41

03:58:01 PM  CPU    %usr   %nice    %sys %iowait    %irq   %soft  %steal  %guest  %gnice   %idle
03:58:02 PM    0   10.00    0.00    6.00    0.00    0.00    3.00    0.00    0.00    0.00   81.00

03:58:02 PM  CPU    %usr   %nice    %sys %iowait    %irq   %soft  %steal  %guest  %gnice   %idle
03:58:03 PM    0   12.00    0.00    7.00    0.00    0.00    1.00    0.00    0.00    0.00   80.00

03:58:03 PM  CPU    %usr   %nice    %sys %iowait    %irq   %soft  %steal  %guest  %gnice   %idle
03:58:04 PM    0   13.00    0.00    3.00    0.00    0.00    3.00    0.00    0.00    0.00   81.00

03:58:04 PM  CPU    %usr   %nice    %sys %iowait    %irq   %soft  %steal  %guest  %gnice   %idle
03:58:05 PM    0   10.20    0.00    6.12    0.00    0.00    1.02    0.00    0.00    0.00   82.65

03:58:05 PM  CPU    %usr   %nice    %sys %iowait    %irq   %soft  %steal  %guest  %gnice   %idle
03:58:06 PM    0   10.10    0.00    5.05    0.00    0.00    3.03    0.00    0.00    0.00   81.82

03:58:06 PM  CPU    %usr   %nice    %sys %iowait    %irq   %soft  %steal  %guest  %gnice   %idle
03:58:07 PM    0   13.00    0.00    4.00    0.00    0.00    2.00    0.00    0.00    0.00   81.00

03:58:07 PM  CPU    %usr   %nice    %sys %iowait    %irq   %soft  %steal  %guest  %gnice   %idle
03:58:08 PM    0    9.90    0.00    5.94    0.00    0.00    3.96    0.00    0.00    0.00   80.20

03:58:08 PM  CPU    %usr   %nice    %sys %iowait    %irq   %soft  %steal  %guest  %gnice   %idle
03:58:09 PM    0   12.24    0.00    5.10    0.00    0.00    0.00    0.00    0.00    0.00   82.65

03:58:09 PM  CPU    %usr   %nice    %sys %iowait    %irq   %soft  %steal  %guest  %gnice   %idle
03:58:10 PM    0   12.00    0.00    6.00    0.00    0.00    1.00    0.00    0.00    0.00   81.00

03:58:10 PM  CPU    %usr   %nice    %sys %iowait    %irq   %soft  %steal  %guest  %gnice   %idle
03:58:11 PM    0   12.37    0.00    4.12    0.00    0.00    1.03    0.00    0.00    0.00   82.47

03:58:11 PM  CPU    %usr   %nice    %sys %iowait    %irq   %soft  %steal  %guest  %gnice   %idle
03:58:12 PM    0   11.00    0.00    6.00    0.00    0.00    2.00    0.00    0.00    0.00   81.00

03:58:12 PM  CPU    %usr   %nice    %sys %iowait    %irq   %soft  %steal  %guest  %gnice   %idle
03:58:13 PM    0   12.24    0.00    4.08    0.00    0.00    1.02    0.00    0.00    0.00   82.65

03:58:13 PM  CPU    %usr   %nice    %sys %iowait    %irq   %soft  %steal  %guest  %gnice   %idle
03:58:14 PM    0   11.34    0.00    4.12    0.00    0.00    1.03    0.00    0.00    0.00   83.51

03:58:14 PM  CPU    %usr   %nice    %sys %iowait    %irq   %soft  %steal  %guest  %gnice   %idle
03:58:15 PM    0   13.13    0.00    2.02    0.00    0.00    3.03    0.00    0.00    0.00   81.82

03:58:15 PM  CPU    %usr   %nice    %sys %iowait    %irq   %soft  %steal  %guest  %gnice   %idle
03:58:16 PM    0   12.00    0.00    6.00    0.00    0.00    1.00    0.00    0.00    0.00   81.00

03:58:16 PM  CPU    %usr   %nice    %sys %iowait    %irq   %soft  %steal  %guest  %gnice   %idle
03:58:17 PM    0   13.00    0.00    6.00    0.00    0.00    1.00    0.00    0.00    0.00   80.00

03:58:17 PM  CPU    %usr   %nice    %sys %iowait    %irq   %soft  %steal  %guest  %gnice   %idle
03:58:18 PM    0   10.10    0.00    5.05    0.00    0.00    3.03    0.00    0.00    0.00   81.82

03:58:18 PM  CPU    %usr   %nice    %sys %iowait    %irq   %soft  %steal  %guest  %gnice   %idle
03:58:19 PM    0   10.10    0.00    5.05    0.00    0.00    3.03    0.00    0.00    0.00   81.82

03:58:19 PM  CPU    %usr   %nice    %sys %iowait    %irq   %soft  %steal  %guest  %gnice   %idle
03:58:20 PM    0   10.10    0.00    5.05    0.00    0.00    3.03    0.00    0.00    0.00   81.82

03:58:20 PM  CPU    %usr   %nice    %sys %iowait    %irq   %soft  %steal  %guest  %gnice   %idle
03:58:21 PM    0   15.69    0.00    4.90    0.00    0.00    0.00    0.00    0.00    0.00   79.41

03:58:21 PM  CPU    %usr   %nice    %sys %iowait    %irq   %soft  %steal  %guest  %gnice   %idle
03:58:22 PM    0   10.20    0.00    6.12    0.00    0.00    1.02    0.00    0.00    0.00   82.65

03:58:22 PM  CPU    %usr   %nice    %sys %iowait    %irq   %soft  %steal  %guest  %gnice   %idle
03:58:23 PM    0   11.00    0.00    7.00    0.00    0.00    2.00    0.00    0.00    0.00   80.00

03:58:23 PM  CPU    %usr   %nice    %sys %iowait    %irq   %soft  %steal  %guest  %gnice   %idle
03:58:24 PM    0   12.12    0.00    3.03    0.00    0.00    3.03    0.00    0.00    0.00   81.82

03:58:24 PM  CPU    %usr   %nice    %sys %iowait    %irq   %soft  %steal  %guest  %gnice   %idle
03:58:25 PM    0   11.65    0.00    7.77    0.00    0.00    1.94    0.00    0.00    0.00   78.64

03:58:25 PM  CPU    %usr   %nice    %sys %iowait    %irq   %soft  %steal  %guest  %gnice   %idle
03:58:26 PM    0   13.27    0.00    4.08    0.00    0.00    0.00    0.00    0.00    0.00   82.65

03:58:26 PM  CPU    %usr   %nice    %sys %iowait    %irq   %soft  %steal  %guest  %gnice   %idle
03:58:27 PM    0   10.89    0.00    5.94    0.00    0.00    3.96    0.00    0.00    0.00   79.21

03:58:27 PM  CPU    %usr   %nice    %sys %iowait    %irq   %soft  %steal  %guest  %gnice   %idle
03:58:28 PM    0   10.10    0.00    6.06    0.00    0.00    2.02    0.00    0.00    0.00   81.82

03:58:28 PM  CPU    %usr   %nice    %sys %iowait    %irq   %soft  %steal  %guest  %gnice   %idle
03:58:29 PM    0   13.73    0.00    4.90    0.00    0.00    2.94    0.00    0.00    0.00   78.43

03:58:29 PM  CPU    %usr   %nice    %sys %iowait    %irq   %soft  %steal  %guest  %gnice   %idle
03:58:30 PM    0   11.11    0.00    6.06    0.00    0.00    1.01    0.00    0.00    0.00   81.82

03:58:30 PM  CPU    %usr   %nice    %sys %iowait    %irq   %soft  %steal  %guest  %gnice   %idle
03:58:31 PM    0   12.00    0.00    5.00    0.00    0.00    2.00    0.00    0.00    0.00   81.00

03:58:31 PM  CPU    %usr   %nice    %sys %iowait    %irq   %soft  %steal  %guest  %gnice   %idle
03:58:32 PM    0   11.22    0.00    5.10    0.00    0.00    1.02    0.00    0.00    0.00   82.65

03:58:32 PM  CPU    %usr   %nice    %sys %iowait    %irq   %soft  %steal  %guest  %gnice   %idle
03:58:33 PM    0   13.86    0.00    4.95    0.00    0.00    0.99    0.00    0.00    0.00   80.20

03:58:33 PM  CPU    %usr   %nice    %sys %iowait    %irq   %soft  %steal  %guest  %gnice   %idle
03:58:34 PM    0   14.85    0.00    2.97    0.00    0.00    1.98    0.00    0.00    0.00   80.20

03:58:34 PM  CPU    %usr   %nice    %sys %iowait    %irq   %soft  %steal  %guest  %gnice   %idle
03:58:35 PM    0   11.22    0.00    5.10    0.00    0.00    2.04    0.00    0.00    0.00   81.63

03:58:35 PM  CPU    %usr   %nice    %sys %iowait    %irq   %soft  %steal  %guest  %gnice   %idle
03:58:36 PM    0    9.28    0.00    5.15    0.00    0.00    2.06    0.00    0.00    0.00   83.51

03:58:36 PM  CPU    %usr   %nice    %sys %iowait    %irq   %soft  %steal  %guest  %gnice   %idle
03:58:37 PM    0   11.00    0.00    6.00    0.00    0.00    2.00    0.00    0.00    0.00   81.00

03:58:37 PM  CPU    %usr   %nice    %sys %iowait    %irq   %soft  %steal  %guest  %gnice   %idle
03:58:38 PM    0   12.62    0.00    6.80    0.00    0.00    1.94    0.00    0.00    0.00   78.64

03:58:38 PM  CPU    %usr   %nice    %sys %iowait    %irq   %soft  %steal  %guest  %gnice   %idle
03:58:39 PM    0   12.24    0.00    3.06    0.00    0.00    3.06    0.00    0.00    0.00   81.63

03:58:39 PM  CPU    %usr   %nice    %sys %iowait    %irq   %soft  %steal  %guest  %gnice   %idle
03:58:40 PM    0   14.14    0.00    3.03    0.00    0.00    1.01    0.00    0.00    0.00   81.82

03:58:40 PM  CPU    %usr   %nice    %sys %iowait    %irq   %soft  %steal  %guest  %gnice   %idle
03:58:41 PM    0   11.11    0.00    5.05    0.00    0.00    2.02    0.00    0.00    0.00   81.82

03:58:41 PM  CPU    %usr   %nice    %sys %iowait    %irq   %soft  %steal  %guest  %gnice   %idle
03:58:42 PM    0   12.87    0.00    4.95    0.00    0.00    2.97    0.00    0.00    0.00   79.21

03:58:42 PM  CPU    %usr   %nice    %sys %iowait    %irq   %soft  %steal  %guest  %gnice   %idle
03:58:43 PM    0   11.00    0.00    6.00    0.00    0.00    2.00    0.00    0.00    0.00   81.00

03:58:43 PM  CPU    %usr   %nice    %sys %iowait    %irq   %soft  %steal  %guest  %gnice   %idle
03:58:44 PM    0   10.20    0.00    6.12    0.00    0.00    1.02    0.00    0.00    0.00   82.65

03:58:44 PM  CPU    %usr   %nice    %sys %iowait    %irq   %soft  %steal  %guest  %gnice   %idle
03:58:45 PM    0   12.87    0.00    3.96    0.00    0.00    2.97    0.00    0.00    0.00   80.20

03:58:45 PM  CPU    %usr   %nice    %sys %iowait    %irq   %soft  %steal  %guest  %gnice   %idle
03:58:46 PM    0   11.00    0.00    6.00    0.00    0.00    2.00    0.00    0.00    0.00   81.00

03:58:46 PM  CPU    %usr   %nice    %sys %iowait    %irq   %soft  %steal  %guest  %gnice   %idle
03:58:47 PM    0   11.00    0.00    7.00    0.00    0.00    1.00    0.00    0.00    0.00   81.00

03:58:47 PM  CPU    %usr   %nice    %sys %iowait    %irq   %soft  %steal  %guest  %gnice   %idle
03:58:48 PM    0   11.00    0.00    7.00    0.00    0.00    2.00    0.00    0.00    0.00   80.00

03:58:48 PM  CPU    %usr   %nice    %sys %iowait    %irq   %soft  %steal  %guest  %gnice   %idle
03:58:49 PM    0   11.88    0.00    5.94    0.00    0.00    1.98    0.00    0.00    0.00   80.20

03:58:49 PM  CPU    %usr   %nice    %sys %iowait    %irq   %soft  %steal  %guest  %gnice   %idle
03:58:50 PM    0   11.88    0.00    3.96    0.00    0.00    3.96    0.00    0.00    0.00   80.20

03:58:50 PM  CPU    %usr   %nice    %sys %iowait    %irq   %soft  %steal  %guest  %gnice   %idle
03:58:51 PM    0   13.13    0.00    3.03    0.00    0.00    2.02    0.00    0.00    0.00   81.82

03:58:51 PM  CPU    %usr   %nice    %sys %iowait    %irq   %soft  %steal  %guest  %gnice   %idle
03:58:52 PM    0   12.24    0.00    4.08    0.00    0.00    2.04    0.00    0.00    0.00   81.63

03:58:52 PM  CPU    %usr   %nice    %sys %iowait    %irq   %soft  %steal  %guest  %gnice   %idle
03:58:53 PM    0   12.37    0.00    2.06    0.00    0.00    2.06    0.00    0.00    0.00   83.51

03:58:53 PM  CPU    %usr   %nice    %sys %iowait    %irq   %soft  %steal  %guest  %gnice   %idle
03:58:54 PM    0   11.22    0.00    4.08    0.00    0.00    2.04    0.00    0.00    0.00   82.65

03:58:54 PM  CPU    %usr   %nice    %sys %iowait    %irq   %soft  %steal  %guest  %gnice   %idle
03:58:55 PM    0   13.86    0.00    4.95    0.00    0.00    0.99    0.00    0.00    0.00   80.20

03:58:55 PM  CPU    %usr   %nice    %sys %iowait    %irq   %soft  %steal  %guest  %gnice   %idle
03:58:56 PM    0   13.00    0.00    4.00    0.00    0.00    2.00    0.00    0.00    0.00   81.00

03:58:56 PM  CPU    %usr   %nice    %sys %iowait    %irq   %soft  %steal  %guest  %gnice   %idle
03:58:57 PM    0   11.00    0.00    6.00    0.00    0.00    2.00    0.00    0.00    0.00   81.00

03:58:57 PM  CPU    %usr   %nice    %sys %iowait    %irq   %soft  %steal  %guest  %gnice   %idle
03:58:58 PM    0   12.12    0.00    6.06    0.00    0.00    1.01    0.00    0.00    0.00   80.81

03:58:58 PM  CPU    %usr   %nice    %sys %iowait    %irq   %soft  %steal  %guest  %gnice   %idle
03:58:59 PM    0   13.13    0.00    2.02    0.00    0.00    3.03    0.00    0.00    0.00   81.82

03:58:59 PM  CPU    %usr   %nice    %sys %iowait    %irq   %soft  %steal  %guest  %gnice   %idle
03:59:00 PM    0   10.78    0.00    7.84    0.00    0.00    2.94    0.00    0.00    0.00   78.43

03:59:00 PM  CPU    %usr   %nice    %sys %iowait    %irq   %soft  %steal  %guest  %gnice   %idle
03:59:01 PM    0   11.11    0.00    5.05    0.00    0.00    2.02    0.00    0.00    0.00   81.82

03:59:01 PM  CPU    %usr   %nice    %sys %iowait    %irq   %soft  %steal  %guest  %gnice   %idle
03:59:02 PM    0   12.12    0.00    5.05    0.00    0.00    1.01    0.00    0.00    0.00   81.82

03:59:02 PM  CPU    %usr   %nice    %sys %iowait    %irq   %soft  %steal  %guest  %gnice   %idle
03:59:03 PM    0   13.73    0.00    3.92    0.00    0.00    2.94    0.00    0.00    0.00   79.41

03:59:03 PM  CPU    %usr   %nice    %sys %iowait    %irq   %soft  %steal  %guest  %gnice   %idle
03:59:04 PM    0   10.20    0.00    6.12    0.00    0.00    2.04    0.00    0.00    0.00   81.63

03:59:04 PM  CPU    %usr   %nice    %sys %iowait    %irq   %soft  %steal  %guest  %gnice   %idle
03:59:05 PM    0   11.88    0.00    5.94    0.00    0.00    1.98    0.00    0.00    0.00   80.20

03:59:05 PM  CPU    %usr   %nice    %sys %iowait    %irq   %soft  %steal  %guest  %gnice   %idle
03:59:06 PM    0   10.20    0.00    4.08    0.00    0.00    3.06    0.00    0.00    0.00   82.65

03:59:06 PM  CPU    %usr   %nice    %sys %iowait    %irq   %soft  %steal  %guest  %gnice   %idle
03:59:07 PM    0   10.10    0.00    7.07    0.00    0.00    1.01    0.00    0.00    0.00   81.82

03:59:07 PM  CPU    %usr   %nice    %sys %iowait    %irq   %soft  %steal  %guest  %gnice   %idle
03:59:08 PM    0   12.00    0.00    5.00    0.00    0.00    2.00    0.00    0.00    0.00   81.00

03:59:08 PM  CPU    %usr   %nice    %sys %iowait    %irq   %soft  %steal  %guest  %gnice   %idle
03:59:09 PM    0   12.24    0.00    4.08    0.00    0.00    2.04    0.00    0.00    0.00   81.63

03:59:09 PM  CPU    %usr   %nice    %sys %iowait    %irq   %soft  %steal  %guest  %gnice   %idle
03:59:10 PM    0   12.87    0.00    4.95    0.00    0.00    1.98    0.00    0.00    0.00   80.20

03:59:10 PM  CPU    %usr   %nice    %sys %iowait    %irq   %soft  %steal  %guest  %gnice   %idle
03:59:11 PM    0   13.13    0.00    3.03    0.00    0.00    2.02    0.00    0.00    0.00   81.82

03:59:11 PM  CPU    %usr   %nice    %sys %iowait    %irq   %soft  %steal  %guest  %gnice   %idle
03:59:12 PM    0   11.22    0.00    4.08    0.00    0.00    2.04    0.00    0.00    0.00   82.65

03:59:12 PM  CPU    %usr   %nice    %sys %iowait    %irq   %soft  %steal  %guest  %gnice   %idle
03:59:13 PM    0   13.86    0.00    5.94    0.00    0.00    0.00    0.00    0.00    0.00   80.20

03:59:13 PM  CPU    %usr   %nice    %sys %iowait    %irq   %soft  %steal  %guest  %gnice   %idle
03:59:14 PM    0   10.20    0.00    4.08    0.00    0.00    3.06    0.00    0.00    0.00   82.65

03:59:14 PM  CPU    %usr   %nice    %sys %iowait    %irq   %soft  %steal  %guest  %gnice   %idle
03:59:15 PM    0   13.27    0.00    4.08    0.00    0.00    1.02    0.00    0.00    0.00   81.63

03:59:15 PM  CPU    %usr   %nice    %sys %iowait    %irq   %soft  %steal  %guest  %gnice   %idle
03:59:16 PM    0   14.00    0.00    3.00    0.00    0.00    2.00    0.00    0.00    0.00   81.00

03:59:16 PM  CPU    %usr   %nice    %sys %iowait    %irq   %soft  %steal  %guest  %gnice   %idle
03:59:17 PM    0   11.76    0.00    6.86    0.00    0.00    1.96    0.00    0.00    0.00   79.41

03:59:17 PM  CPU    %usr   %nice    %sys %iowait    %irq   %soft  %steal  %guest  %gnice   %idle
03:59:18 PM    0   10.31    0.00    6.19    0.00    0.00    0.00    0.00    0.00    0.00   83.51

03:59:18 PM  CPU    %usr   %nice    %sys %iowait    %irq   %soft  %steal  %guest  %gnice   %idle
03:59:19 PM    0   10.20    0.00    6.12    0.00    0.00    1.02    0.00    0.00    0.00   82.65

03:59:19 PM  CPU    %usr   %nice    %sys %iowait    %irq   %soft  %steal  %guest  %gnice   %idle
03:59:20 PM    0   13.86    0.00    4.95    0.00    0.00    1.98    0.00    0.00    0.00   79.21

03:59:20 PM  CPU    %usr   %nice    %sys %iowait    %irq   %soft  %steal  %guest  %gnice   %idle
03:59:21 PM    0   12.00    0.00    6.00    0.00    0.00    1.00    0.00    0.00    0.00   81.00

03:59:21 PM  CPU    %usr   %nice    %sys %iowait    %irq   %soft  %steal  %guest  %gnice   %idle
03:59:22 PM    0   12.00    0.00    5.00    0.00    0.00    2.00    0.00    0.00    0.00   81.00

03:59:22 PM  CPU    %usr   %nice    %sys %iowait    %irq   %soft  %steal  %guest  %gnice   %idle
03:59:23 PM    0   11.11    0.00    6.06    0.00    0.00    1.01    0.00    0.00    0.00   81.82

03:59:23 PM  CPU    %usr   %nice    %sys %iowait    %irq   %soft  %steal  %guest  %gnice   %idle
03:59:24 PM    0   13.00    0.00    4.00    0.00    0.00    2.00    0.00    0.00    0.00   81.00

03:59:24 PM  CPU    %usr   %nice    %sys %iowait    %irq   %soft  %steal  %guest  %gnice   %idle
03:59:25 PM    0   14.00    0.00    4.00    0.00    0.00    1.00    0.00    0.00    0.00   81.00

03:59:25 PM  CPU    %usr   %nice    %sys %iowait    %irq   %soft  %steal  %guest  %gnice   %idle
03:59:26 PM    0   11.22    0.00    6.12    0.00    0.00    1.02    0.00    0.00    0.00   81.63

03:59:26 PM  CPU    %usr   %nice    %sys %iowait    %irq   %soft  %steal  %guest  %gnice   %idle
03:59:27 PM    0   13.13    0.00    4.04    0.00    0.00    1.01    0.00    0.00    0.00   81.82

03:59:27 PM  CPU    %usr   %nice    %sys %iowait    %irq   %soft  %steal  %guest  %gnice   %idle
03:59:28 PM    0   12.12    0.00    4.04    0.00    0.00    2.02    0.00    0.00    0.00   81.82

03:59:28 PM  CPU    %usr   %nice    %sys %iowait    %irq   %soft  %steal  %guest  %gnice   %idle
03:59:29 PM    0   12.00    0.00    6.00    0.00    0.00    1.00    0.00    0.00    0.00   81.00

03:59:29 PM  CPU    %usr   %nice    %sys %iowait    %irq   %soft  %steal  %guest  %gnice   %idle
03:59:30 PM    0   11.34    0.00    5.15    0.00    0.00    1.03    0.00    0.00    0.00   82.47

03:59:30 PM  CPU    %usr   %nice    %sys %iowait    %irq   %soft  %steal  %guest  %gnice   %idle
03:59:31 PM    0    9.00    0.00    7.00    0.00    0.00    3.00    0.00    0.00    0.00   81.00

03:59:31 PM  CPU    %usr   %nice    %sys %iowait    %irq   %soft  %steal  %guest  %gnice   %idle
03:59:32 PM    0   12.12    0.00    4.04    0.00    0.00    2.02    0.00    0.00    0.00   81.82

03:59:32 PM  CPU    %usr   %nice    %sys %iowait    %irq   %soft  %steal  %guest  %gnice   %idle
03:59:33 PM    0   10.00    0.00    6.00    0.00    0.00    3.00    0.00    0.00    0.00   81.00

03:59:33 PM  CPU    %usr   %nice    %sys %iowait    %irq   %soft  %steal  %guest  %gnice   %idle
03:59:34 PM    0   15.00    0.00    4.00    0.00    0.00    1.00    0.00    0.00    0.00   80.00

03:59:34 PM  CPU    %usr   %nice    %sys %iowait    %irq   %soft  %steal  %guest  %gnice   %idle
03:59:35 PM    0   10.10    0.00    6.06    0.00    0.00    2.02    0.00    0.00    0.00   81.82

03:59:35 PM  CPU    %usr   %nice    %sys %iowait    %irq   %soft  %steal  %guest  %gnice   %idle
03:59:36 PM    0   11.76    0.00    6.86    0.00    0.00    1.96    0.00    0.00    0.00   79.41

03:59:36 PM  CPU    %usr   %nice    %sys %iowait    %irq   %soft  %steal  %guest  %gnice   %idle
03:59:37 PM    0   11.00    0.00    6.00    0.00    0.00    2.00    0.00    0.00    0.00   81.00

03:59:37 PM  CPU    %usr   %nice    %sys %iowait    %irq   %soft  %steal  %guest  %gnice   %idle
03:59:38 PM    0   12.00    0.00    4.00    0.00    0.00    3.00    0.00    0.00    0.00   81.00

Average:     CPU    %usr   %nice    %sys %iowait    %irq   %soft  %steal  %guest  %gnice   %idle
Average:       0   11.97    0.00    5.02    0.00    0.00    1.84    0.00    0.00    0.00   81.17
