Linux 5.3.0-61-generic (cw-zenbook) 	07/16/2020 	_x86_64_	(8 CPU)

11:33:15 AM  CPU    %usr   %nice    %sys %iowait    %irq   %soft  %steal  %guest  %gnice   %idle
11:33:16 AM    0   11.34    0.00    4.12    0.00    0.00    1.03    0.00    0.00    0.00   83.51

11:33:16 AM  CPU    %usr   %nice    %sys %iowait    %irq   %soft  %steal  %guest  %gnice   %idle
11:33:17 AM    0   11.00    0.00    6.00    0.00    0.00    1.00    0.00    0.00    0.00   82.00

11:33:17 AM  CPU    %usr   %nice    %sys %iowait    %irq   %soft  %steal  %guest  %gnice   %idle
11:33:18 AM    0   13.00    0.00    5.00    0.00    0.00    1.00    0.00    0.00    0.00   81.00

11:33:18 AM  CPU    %usr   %nice    %sys %iowait    %irq   %soft  %steal  %guest  %gnice   %idle
11:33:19 AM    0   13.13    0.00    4.04    0.00    0.00    1.01    0.00    0.00    0.00   81.82

11:33:19 AM  CPU    %usr   %nice    %sys %iowait    %irq   %soft  %steal  %guest  %gnice   %idle
11:33:20 AM    0   11.11    0.00    5.05    0.00    0.00    2.02    0.00    0.00    0.00   81.82

11:33:20 AM  CPU    %usr   %nice    %sys %iowait    %irq   %soft  %steal  %guest  %gnice   %idle
11:33:21 AM    0   11.88    0.00    4.95    0.00    0.00    1.98    0.00    0.00    0.00   81.19

11:33:21 AM  CPU    %usr   %nice    %sys %iowait    %irq   %soft  %steal  %guest  %gnice   %idle
11:33:22 AM    0   10.20    0.00    5.10    0.00    0.00    2.04    0.00    0.00    0.00   82.65

11:33:22 AM  CPU    %usr   %nice    %sys %iowait    %irq   %soft  %steal  %guest  %gnice   %idle
11:33:23 AM    0   10.42    0.00    4.17    0.00    0.00    1.04    0.00    0.00    0.00   84.38

11:33:23 AM  CPU    %usr   %nice    %sys %iowait    %irq   %soft  %steal  %guest  %gnice   %idle
11:33:24 AM    0   12.00    0.00    6.00    0.00    0.00    1.00    0.00    0.00    0.00   81.00

11:33:24 AM  CPU    %usr   %nice    %sys %iowait    %irq   %soft  %steal  %guest  %gnice   %idle
11:33:25 AM    0   12.24    0.00    3.06    0.00    0.00    2.04    0.00    0.00    0.00   82.65

11:33:25 AM  CPU    %usr   %nice    %sys %iowait    %irq   %soft  %steal  %guest  %gnice   %idle
11:33:26 AM    0   11.11    0.00    5.05    0.00    0.00    2.02    0.00    0.00    0.00   81.82

11:33:26 AM  CPU    %usr   %nice    %sys %iowait    %irq   %soft  %steal  %guest  %gnice   %idle
11:33:27 AM    0   14.71    0.00    3.92    0.00    0.00    0.98    0.00    0.00    0.00   80.39

11:33:27 AM  CPU    %usr   %nice    %sys %iowait    %irq   %soft  %steal  %guest  %gnice   %idle
11:33:28 AM    0   13.13    0.00    3.03    0.00    0.00    2.02    0.00    0.00    0.00   81.82

11:33:28 AM  CPU    %usr   %nice    %sys %iowait    %irq   %soft  %steal  %guest  %gnice   %idle
11:33:29 AM    0   12.24    0.00    4.08    0.00    0.00    1.02    0.00    0.00    0.00   82.65

11:33:29 AM  CPU    %usr   %nice    %sys %iowait    %irq   %soft  %steal  %guest  %gnice   %idle
11:33:30 AM    0   10.10    0.00    8.08    0.00    0.00    1.01    0.00    0.00    0.00   80.81

11:33:30 AM  CPU    %usr   %nice    %sys %iowait    %irq   %soft  %steal  %guest  %gnice   %idle
11:33:31 AM    0   13.13    0.00    3.03    0.00    0.00    2.02    0.00    0.00    0.00   81.82

11:33:31 AM  CPU    %usr   %nice    %sys %iowait    %irq   %soft  %steal  %guest  %gnice   %idle
11:33:32 AM    0    9.80    0.00    8.82    0.00    0.00    0.98    0.00    0.00    0.00   80.39

11:33:32 AM  CPU    %usr   %nice    %sys %iowait    %irq   %soft  %steal  %guest  %gnice   %idle
11:33:33 AM    0   12.00    0.00    4.00    0.00    0.00    3.00    0.00    0.00    0.00   81.00

11:33:33 AM  CPU    %usr   %nice    %sys %iowait    %irq   %soft  %steal  %guest  %gnice   %idle
11:33:34 AM    0   12.87    0.00    3.96    0.00    0.00    2.97    0.00    0.00    0.00   80.20

11:33:34 AM  CPU    %usr   %nice    %sys %iowait    %irq   %soft  %steal  %guest  %gnice   %idle
11:33:35 AM    0   10.20    0.00    5.10    0.00    0.00    2.04    0.00    0.00    0.00   82.65

11:33:35 AM  CPU    %usr   %nice    %sys %iowait    %irq   %soft  %steal  %guest  %gnice   %idle
11:33:36 AM    0   12.87    0.00    3.96    0.00    0.00    2.97    0.00    0.00    0.00   80.20

11:33:36 AM  CPU    %usr   %nice    %sys %iowait    %irq   %soft  %steal  %guest  %gnice   %idle
11:33:37 AM    0    9.90    0.00    6.93    0.00    0.00    2.97    0.00    0.00    0.00   80.20

11:33:37 AM  CPU    %usr   %nice    %sys %iowait    %irq   %soft  %steal  %guest  %gnice   %idle
11:33:38 AM    0   11.88    0.00    4.95    0.00    0.00    1.98    0.00    0.00    0.00   81.19

11:33:38 AM  CPU    %usr   %nice    %sys %iowait    %irq   %soft  %steal  %guest  %gnice   %idle
11:33:39 AM    0   11.34    0.00    5.15    0.00    0.00    0.00    0.00    0.00    0.00   83.51

11:33:39 AM  CPU    %usr   %nice    %sys %iowait    %irq   %soft  %steal  %guest  %gnice   %idle
11:33:40 AM    0   11.11    0.00    5.05    0.00    0.00    2.02    0.00    0.00    0.00   81.82

11:33:40 AM  CPU    %usr   %nice    %sys %iowait    %irq   %soft  %steal  %guest  %gnice   %idle
11:33:41 AM    0   10.20    0.00    6.12    0.00    0.00    1.02    0.00    0.00    0.00   82.65

11:33:41 AM  CPU    %usr   %nice    %sys %iowait    %irq   %soft  %steal  %guest  %gnice   %idle
11:33:42 AM    0   13.73    0.00    5.88    0.00    0.00    0.98    0.00    0.00    0.00   79.41

11:33:42 AM  CPU    %usr   %nice    %sys %iowait    %irq   %soft  %steal  %guest  %gnice   %idle
11:33:43 AM    0   10.20    0.00    6.12    0.00    0.00    1.02    0.00    0.00    0.00   82.65

11:33:43 AM  CPU    %usr   %nice    %sys %iowait    %irq   %soft  %steal  %guest  %gnice   %idle
11:33:44 AM    0   10.78    0.00    4.90    0.00    0.00    3.92    0.00    0.00    0.00   80.39

11:33:44 AM  CPU    %usr   %nice    %sys %iowait    %irq   %soft  %steal  %guest  %gnice   %idle
11:33:45 AM    0   12.00    0.00    4.00    0.00    0.00    3.00    0.00    0.00    0.00   81.00

11:33:45 AM  CPU    %usr   %nice    %sys %iowait    %irq   %soft  %steal  %guest  %gnice   %idle
11:33:46 AM    0   11.76    0.00    5.88    0.00    0.00    2.94    0.00    0.00    0.00   79.41

11:33:46 AM  CPU    %usr   %nice    %sys %iowait    %irq   %soft  %steal  %guest  %gnice   %idle
11:33:47 AM    0   10.20    0.00    6.12    0.00    0.00    1.02    0.00    0.00    0.00   82.65

11:33:47 AM  CPU    %usr   %nice    %sys %iowait    %irq   %soft  %steal  %guest  %gnice   %idle
11:33:48 AM    0   11.88    0.00    5.94    0.00    0.00    1.98    0.00    0.00    0.00   80.20

11:33:48 AM  CPU    %usr   %nice    %sys %iowait    %irq   %soft  %steal  %guest  %gnice   %idle
11:33:49 AM    0   12.12    0.00    4.04    0.00    0.00    2.02    0.00    0.00    0.00   81.82

11:33:49 AM  CPU    %usr   %nice    %sys %iowait    %irq   %soft  %steal  %guest  %gnice   %idle
11:33:50 AM    0   10.89    0.00    6.93    0.00    0.00    1.98    0.00    0.00    0.00   80.20

11:33:50 AM  CPU    %usr   %nice    %sys %iowait    %irq   %soft  %steal  %guest  %gnice   %idle
11:33:51 AM    0   11.88    0.00    3.96    0.00    0.00    2.97    0.00    0.00    0.00   81.19

11:33:51 AM  CPU    %usr   %nice    %sys %iowait    %irq   %soft  %steal  %guest  %gnice   %idle
11:33:52 AM    0   10.00    0.00    6.00    0.00    0.00    3.00    0.00    0.00    0.00   81.00

11:33:52 AM  CPU    %usr   %nice    %sys %iowait    %irq   %soft  %steal  %guest  %gnice   %idle
11:33:53 AM    0   10.20    0.00    5.10    0.00    0.00    2.04    0.00    0.00    0.00   82.65

11:33:53 AM  CPU    %usr   %nice    %sys %iowait    %irq   %soft  %steal  %guest  %gnice   %idle
11:33:54 AM    0   13.00    0.00    4.00    0.00    0.00    2.00    0.00    0.00    0.00   81.00

11:33:54 AM  CPU    %usr   %nice    %sys %iowait    %irq   %soft  %steal  %guest  %gnice   %idle
11:33:55 AM    0   11.22    0.00    4.08    0.00    0.00    2.04    0.00    0.00    0.00   82.65

11:33:55 AM  CPU    %usr   %nice    %sys %iowait    %irq   %soft  %steal  %guest  %gnice   %idle
11:33:56 AM    0   14.00    0.00    5.00    0.00    0.00    0.00    0.00    0.00    0.00   81.00

11:33:56 AM  CPU    %usr   %nice    %sys %iowait    %irq   %soft  %steal  %guest  %gnice   %idle
11:33:57 AM    0   12.75    0.00    4.90    0.00    0.00    2.94    0.00    0.00    0.00   79.41

11:33:57 AM  CPU    %usr   %nice    %sys %iowait    %irq   %soft  %steal  %guest  %gnice   %idle
11:33:58 AM    0   11.00    0.00    4.00    0.00    0.00    3.00    0.00    0.00    0.00   82.00

11:33:58 AM  CPU    %usr   %nice    %sys %iowait    %irq   %soft  %steal  %guest  %gnice   %idle
11:33:59 AM    0   12.12    0.00    5.05    0.00    0.00    1.01    0.00    0.00    0.00   81.82

11:33:59 AM  CPU    %usr   %nice    %sys %iowait    %irq   %soft  %steal  %guest  %gnice   %idle
11:34:00 AM    0   12.12    0.00    5.05    0.00    0.00    1.01    0.00    0.00    0.00   81.82

11:34:00 AM  CPU    %usr   %nice    %sys %iowait    %irq   %soft  %steal  %guest  %gnice   %idle
11:34:01 AM    0   12.12    0.00    4.04    0.00    0.00    2.02    0.00    0.00    0.00   81.82

11:34:01 AM  CPU    %usr   %nice    %sys %iowait    %irq   %soft  %steal  %guest  %gnice   %idle
11:34:02 AM    0   13.13    0.00    5.05    0.00    0.00    0.00    0.00    0.00    0.00   81.82

11:34:02 AM  CPU    %usr   %nice    %sys %iowait    %irq   %soft  %steal  %guest  %gnice   %idle
11:34:03 AM    0   12.12    0.00    4.04    0.00    0.00    2.02    0.00    0.00    0.00   81.82

11:34:03 AM  CPU    %usr   %nice    %sys %iowait    %irq   %soft  %steal  %guest  %gnice   %idle
11:34:04 AM    0   12.12    0.00    4.04    0.00    0.00    2.02    0.00    0.00    0.00   81.82

11:34:04 AM  CPU    %usr   %nice    %sys %iowait    %irq   %soft  %steal  %guest  %gnice   %idle
11:34:05 AM    0   10.00    0.00    7.00    0.00    0.00    2.00    0.00    0.00    0.00   81.00

11:34:05 AM  CPU    %usr   %nice    %sys %iowait    %irq   %soft  %steal  %guest  %gnice   %idle
11:34:06 AM    0   10.10    0.00    5.05    0.00    0.00    3.03    0.00    0.00    0.00   81.82

11:34:06 AM  CPU    %usr   %nice    %sys %iowait    %irq   %soft  %steal  %guest  %gnice   %idle
11:34:07 AM    0   10.89    0.00    3.96    0.00    0.00    4.95    0.00    0.00    0.00   80.20

11:34:07 AM  CPU    %usr   %nice    %sys %iowait    %irq   %soft  %steal  %guest  %gnice   %idle
11:34:08 AM    0   12.12    0.00    4.04    0.00    0.00    1.01    0.00    0.00    0.00   82.83

11:34:08 AM  CPU    %usr   %nice    %sys %iowait    %irq   %soft  %steal  %guest  %gnice   %idle
11:34:09 AM    0   12.24    0.00    4.08    0.00    0.00    1.02    0.00    0.00    0.00   82.65

11:34:09 AM  CPU    %usr   %nice    %sys %iowait    %irq   %soft  %steal  %guest  %gnice   %idle
11:34:10 AM    0   11.11    0.00    5.05    0.00    0.00    2.02    0.00    0.00    0.00   81.82

11:34:10 AM  CPU    %usr   %nice    %sys %iowait    %irq   %soft  %steal  %guest  %gnice   %idle
11:34:11 AM    0   11.88    0.00    6.93    0.00    0.00    0.99    0.00    0.00    0.00   80.20

11:34:11 AM  CPU    %usr   %nice    %sys %iowait    %irq   %soft  %steal  %guest  %gnice   %idle
11:34:12 AM    0   11.11    0.00    5.05    0.00    0.00    2.02    0.00    0.00    0.00   81.82

11:34:12 AM  CPU    %usr   %nice    %sys %iowait    %irq   %soft  %steal  %guest  %gnice   %idle
11:34:13 AM    0   13.27    0.00    3.06    0.00    0.00    1.02    0.00    0.00    0.00   82.65

11:34:13 AM  CPU    %usr   %nice    %sys %iowait    %irq   %soft  %steal  %guest  %gnice   %idle
11:34:14 AM    0   12.00    0.00    4.00    0.00    0.00    2.00    0.00    0.00    0.00   82.00

11:34:14 AM  CPU    %usr   %nice    %sys %iowait    %irq   %soft  %steal  %guest  %gnice   %idle
11:34:15 AM    0   13.00    0.00    6.00    0.00    0.00    0.00    0.00    0.00    0.00   81.00

11:34:15 AM  CPU    %usr   %nice    %sys %iowait    %irq   %soft  %steal  %guest  %gnice   %idle
11:34:16 AM    0   10.10    0.00    6.06    0.00    0.00    2.02    0.00    0.00    0.00   81.82

11:34:16 AM  CPU    %usr   %nice    %sys %iowait    %irq   %soft  %steal  %guest  %gnice   %idle
11:34:17 AM    0   10.31    0.00    5.15    0.00    0.00    1.03    0.00    0.00    0.00   83.51

11:34:17 AM  CPU    %usr   %nice    %sys %iowait    %irq   %soft  %steal  %guest  %gnice   %idle
11:34:18 AM    0   13.86    0.00    2.97    0.00    0.00    2.97    0.00    0.00    0.00   80.20

11:34:18 AM  CPU    %usr   %nice    %sys %iowait    %irq   %soft  %steal  %guest  %gnice   %idle
11:34:19 AM    0   12.12    0.00    4.04    0.00    0.00    1.01    0.00    0.00    0.00   82.83

11:34:19 AM  CPU    %usr   %nice    %sys %iowait    %irq   %soft  %steal  %guest  %gnice   %idle
11:34:20 AM    0   13.13    0.00    3.03    0.00    0.00    2.02    0.00    0.00    0.00   81.82

11:34:20 AM  CPU    %usr   %nice    %sys %iowait    %irq   %soft  %steal  %guest  %gnice   %idle
11:34:21 AM    0   11.11    0.00    4.04    0.00    0.00    3.03    0.00    0.00    0.00   81.82

11:34:21 AM  CPU    %usr   %nice    %sys %iowait    %irq   %soft  %steal  %guest  %gnice   %idle
11:34:22 AM    0   12.12    0.00    4.04    0.00    0.00    2.02    0.00    0.00    0.00   81.82

11:34:22 AM  CPU    %usr   %nice    %sys %iowait    %irq   %soft  %steal  %guest  %gnice   %idle
11:34:23 AM    0    9.80    0.00    8.82    0.00    0.00    1.96    0.00    0.00    0.00   79.41

11:34:23 AM  CPU    %usr   %nice    %sys %iowait    %irq   %soft  %steal  %guest  %gnice   %idle
11:34:24 AM    0   13.13    0.00    2.02    0.00    0.00    3.03    0.00    0.00    0.00   81.82

11:34:24 AM  CPU    %usr   %nice    %sys %iowait    %irq   %soft  %steal  %guest  %gnice   %idle
11:34:25 AM    0    9.90    0.00    6.93    0.00    0.00    1.98    0.00    0.00    0.00   81.19

11:34:25 AM  CPU    %usr   %nice    %sys %iowait    %irq   %soft  %steal  %guest  %gnice   %idle
11:34:26 AM    0   10.31    0.00    6.19    0.00    0.00    0.00    0.00    0.00    0.00   83.51

11:34:26 AM  CPU    %usr   %nice    %sys %iowait    %irq   %soft  %steal  %guest  %gnice   %idle
11:34:27 AM    0   14.56    0.00    3.88    0.00    0.00    2.91    0.00    0.00    0.00   78.64

11:34:27 AM  CPU    %usr   %nice    %sys %iowait    %irq   %soft  %steal  %guest  %gnice   %idle
11:34:28 AM    0   10.20    0.00    6.12    0.00    0.00    1.02    0.00    0.00    0.00   82.65

11:34:28 AM  CPU    %usr   %nice    %sys %iowait    %irq   %soft  %steal  %guest  %gnice   %idle
11:34:29 AM    0   10.20    0.00    5.10    0.00    0.00    2.04    0.00    0.00    0.00   82.65

11:34:29 AM  CPU    %usr   %nice    %sys %iowait    %irq   %soft  %steal  %guest  %gnice   %idle
11:34:30 AM    0    9.90    0.00    6.93    0.00    0.00    2.97    0.00    0.00    0.00   80.20

11:34:30 AM  CPU    %usr   %nice    %sys %iowait    %irq   %soft  %steal  %guest  %gnice   %idle
11:34:31 AM    0    8.25    0.00    7.22    0.00    0.00    1.03    0.00    0.00    0.00   83.51

11:34:31 AM  CPU    %usr   %nice    %sys %iowait    %irq   %soft  %steal  %guest  %gnice   %idle
11:34:32 AM    0   12.00    0.00    5.00    0.00    0.00    1.00    0.00    0.00    0.00   82.00

11:34:32 AM  CPU    %usr   %nice    %sys %iowait    %irq   %soft  %steal  %guest  %gnice   %idle
11:34:33 AM    0   11.88    0.00    5.94    0.00    0.00    1.98    0.00    0.00    0.00   80.20

11:34:33 AM  CPU    %usr   %nice    %sys %iowait    %irq   %soft  %steal  %guest  %gnice   %idle
11:34:34 AM    0   13.13    0.00    3.03    0.00    0.00    2.02    0.00    0.00    0.00   81.82

11:34:34 AM  CPU    %usr   %nice    %sys %iowait    %irq   %soft  %steal  %guest  %gnice   %idle
11:34:35 AM    0    9.28    0.00    5.15    0.00    0.00    2.06    0.00    0.00    0.00   83.51

11:34:35 AM  CPU    %usr   %nice    %sys %iowait    %irq   %soft  %steal  %guest  %gnice   %idle
11:34:36 AM    0   12.00    0.00    5.00    0.00    0.00    2.00    0.00    0.00    0.00   81.00

11:34:36 AM  CPU    %usr   %nice    %sys %iowait    %irq   %soft  %steal  %guest  %gnice   %idle
11:34:37 AM    0   10.10    0.00    6.06    0.00    0.00    2.02    0.00    0.00    0.00   81.82

11:34:37 AM  CPU    %usr   %nice    %sys %iowait    %irq   %soft  %steal  %guest  %gnice   %idle
11:34:38 AM    0   12.12    0.00    4.04    0.00    0.00    2.02    0.00    0.00    0.00   81.82

11:34:38 AM  CPU    %usr   %nice    %sys %iowait    %irq   %soft  %steal  %guest  %gnice   %idle
11:34:39 AM    0   10.00    0.00    5.00    0.00    0.00    3.00    0.00    0.00    0.00   82.00

11:34:39 AM  CPU    %usr   %nice    %sys %iowait    %irq   %soft  %steal  %guest  %gnice   %idle
11:34:40 AM    0   11.00    0.00    7.00    0.00    0.00    1.00    0.00    0.00    0.00   81.00

11:34:40 AM  CPU    %usr   %nice    %sys %iowait    %irq   %soft  %steal  %guest  %gnice   %idle
11:34:41 AM    0   12.24    0.00    3.06    0.00    0.00    2.04    0.00    0.00    0.00   82.65

11:34:41 AM  CPU    %usr   %nice    %sys %iowait    %irq   %soft  %steal  %guest  %gnice   %idle
11:34:42 AM    0    9.09    0.00    8.08    0.00    0.00    1.01    0.00    0.00    0.00   81.82

11:34:42 AM  CPU    %usr   %nice    %sys %iowait    %irq   %soft  %steal  %guest  %gnice   %idle
11:34:43 AM    0   10.00    0.00    5.00    0.00    0.00    4.00    0.00    0.00    0.00   81.00

11:34:43 AM  CPU    %usr   %nice    %sys %iowait    %irq   %soft  %steal  %guest  %gnice   %idle
11:34:44 AM    0   12.24    0.00    2.04    0.00    0.00    3.06    0.00    0.00    0.00   82.65

11:34:44 AM  CPU    %usr   %nice    %sys %iowait    %irq   %soft  %steal  %guest  %gnice   %idle
11:34:45 AM    0   10.20    0.00    5.10    0.00    0.00    2.04    0.00    0.00    0.00   82.65

11:34:45 AM  CPU    %usr   %nice    %sys %iowait    %irq   %soft  %steal  %guest  %gnice   %idle
11:34:46 AM    0   14.14    0.00    3.03    0.00    0.00    1.01    0.00    0.00    0.00   81.82

11:34:46 AM  CPU    %usr   %nice    %sys %iowait    %irq   %soft  %steal  %guest  %gnice   %idle
11:34:47 AM    0   12.00    0.00    5.00    0.00    0.00    1.00    0.00    0.00    0.00   82.00

11:34:47 AM  CPU    %usr   %nice    %sys %iowait    %irq   %soft  %steal  %guest  %gnice   %idle
11:34:48 AM    0    9.09    0.00    7.07    0.00    0.00    2.02    0.00    0.00    0.00   81.82

11:34:48 AM  CPU    %usr   %nice    %sys %iowait    %irq   %soft  %steal  %guest  %gnice   %idle
11:34:49 AM    0   11.00    0.00    5.00    0.00    0.00    3.00    0.00    0.00    0.00   81.00

11:34:49 AM  CPU    %usr   %nice    %sys %iowait    %irq   %soft  %steal  %guest  %gnice   %idle
11:34:50 AM    0   12.12    0.00    5.05    0.00    0.00    1.01    0.00    0.00    0.00   81.82

11:34:50 AM  CPU    %usr   %nice    %sys %iowait    %irq   %soft  %steal  %guest  %gnice   %idle
11:34:51 AM    0   11.00    0.00    5.00    0.00    0.00    3.00    0.00    0.00    0.00   81.00

11:34:51 AM  CPU    %usr   %nice    %sys %iowait    %irq   %soft  %steal  %guest  %gnice   %idle
11:34:52 AM    0    9.09    0.00    6.06    0.00    0.00    2.02    0.00    0.00    0.00   82.83

11:34:52 AM  CPU    %usr   %nice    %sys %iowait    %irq   %soft  %steal  %guest  %gnice   %idle
11:34:53 AM    0   10.20    0.00    5.10    0.00    0.00    2.04    0.00    0.00    0.00   82.65

11:34:53 AM  CPU    %usr   %nice    %sys %iowait    %irq   %soft  %steal  %guest  %gnice   %idle
11:34:54 AM    0   13.86    0.00    3.96    0.00    0.00    1.98    0.00    0.00    0.00   80.20

11:34:54 AM  CPU    %usr   %nice    %sys %iowait    %irq   %soft  %steal  %guest  %gnice   %idle
11:34:55 AM    0   10.20    0.00    4.08    0.00    0.00    3.06    0.00    0.00    0.00   82.65

11:34:55 AM  CPU    %usr   %nice    %sys %iowait    %irq   %soft  %steal  %guest  %gnice   %idle
11:34:56 AM    0    9.90    0.00    7.92    0.00    0.00    1.98    0.00    0.00    0.00   80.20

11:34:56 AM  CPU    %usr   %nice    %sys %iowait    %irq   %soft  %steal  %guest  %gnice   %idle
11:34:57 AM    0   11.22    0.00    4.08    0.00    0.00    2.04    0.00    0.00    0.00   82.65

11:34:57 AM  CPU    %usr   %nice    %sys %iowait    %irq   %soft  %steal  %guest  %gnice   %idle
11:34:58 AM    0   10.10    0.00    7.07    0.00    0.00    1.01    0.00    0.00    0.00   81.82

11:34:58 AM  CPU    %usr   %nice    %sys %iowait    %irq   %soft  %steal  %guest  %gnice   %idle
11:34:59 AM    0    9.18    0.00    6.12    0.00    0.00    1.02    0.00    0.00    0.00   83.67

11:34:59 AM  CPU    %usr   %nice    %sys %iowait    %irq   %soft  %steal  %guest  %gnice   %idle
11:35:00 AM    0   12.00    0.00    6.00    0.00    0.00    2.00    0.00    0.00    0.00   80.00

11:35:00 AM  CPU    %usr   %nice    %sys %iowait    %irq   %soft  %steal  %guest  %gnice   %idle
11:35:01 AM    0   11.00    0.00    6.00    0.00    0.00    2.00    0.00    0.00    0.00   81.00

11:35:01 AM  CPU    %usr   %nice    %sys %iowait    %irq   %soft  %steal  %guest  %gnice   %idle
11:35:02 AM    0   13.00    0.00    5.00    0.00    0.00    1.00    0.00    0.00    0.00   81.00

11:35:02 AM  CPU    %usr   %nice    %sys %iowait    %irq   %soft  %steal  %guest  %gnice   %idle
11:35:03 AM    0   11.88    0.00    5.94    0.00    0.00    1.98    0.00    0.00    0.00   80.20

11:35:03 AM  CPU    %usr   %nice    %sys %iowait    %irq   %soft  %steal  %guest  %gnice   %idle
11:35:04 AM    0   10.00    0.00    5.00    0.00    0.00    3.00    0.00    0.00    0.00   82.00

11:35:04 AM  CPU    %usr   %nice    %sys %iowait    %irq   %soft  %steal  %guest  %gnice   %idle
11:35:05 AM    0   12.00    0.00    6.00    0.00    0.00    1.00    0.00    0.00    0.00   81.00

11:35:05 AM  CPU    %usr   %nice    %sys %iowait    %irq   %soft  %steal  %guest  %gnice   %idle
11:35:06 AM    0    9.18    0.00    6.12    0.00    0.00    2.04    0.00    0.00    0.00   82.65

11:35:06 AM  CPU    %usr   %nice    %sys %iowait    %irq   %soft  %steal  %guest  %gnice   %idle
11:35:07 AM    0   11.11    0.00    6.06    0.00    0.00    1.01    0.00    0.00    0.00   81.82

11:35:07 AM  CPU    %usr   %nice    %sys %iowait    %irq   %soft  %steal  %guest  %gnice   %idle
11:35:08 AM    0   11.00    0.00    4.00    0.00    0.00    4.00    0.00    0.00    0.00   81.00

11:35:08 AM  CPU    %usr   %nice    %sys %iowait    %irq   %soft  %steal  %guest  %gnice   %idle
11:35:09 AM    0   10.10    0.00    5.05    0.00    0.00    2.02    0.00    0.00    0.00   82.83

11:35:09 AM  CPU    %usr   %nice    %sys %iowait    %irq   %soft  %steal  %guest  %gnice   %idle
11:35:10 AM    0   13.00    0.00    6.00    0.00    0.00    0.00    0.00    0.00    0.00   81.00

11:35:10 AM  CPU    %usr   %nice    %sys %iowait    %irq   %soft  %steal  %guest  %gnice   %idle
11:35:11 AM    0   14.85    0.00    3.96    0.00    0.00    0.99    0.00    0.00    0.00   80.20

11:35:11 AM  CPU    %usr   %nice    %sys %iowait    %irq   %soft  %steal  %guest  %gnice   %idle
11:35:12 AM    0   11.88    0.00    5.94    0.00    0.00    1.98    0.00    0.00    0.00   80.20

11:35:12 AM  CPU    %usr   %nice    %sys %iowait    %irq   %soft  %steal  %guest  %gnice   %idle
11:35:13 AM    0   11.34    0.00    3.09    0.00    0.00    2.06    0.00    0.00    0.00   83.51

11:35:13 AM  CPU    %usr   %nice    %sys %iowait    %irq   %soft  %steal  %guest  %gnice   %idle
11:35:14 AM    0   13.13    0.00    3.03    0.00    0.00    2.02    0.00    0.00    0.00   81.82

11:35:14 AM  CPU    %usr   %nice    %sys %iowait    %irq   %soft  %steal  %guest  %gnice   %idle
11:35:15 AM    0    9.09    0.00    6.06    0.00    0.00    3.03    0.00    0.00    0.00   81.82

Average:     CPU    %usr   %nice    %sys %iowait    %irq   %soft  %steal  %guest  %gnice   %idle
Average:       0   11.46    0.00    5.06    0.00    0.00    1.88    0.00    0.00    0.00   81.60
