Linux 5.3.0-61-generic (cw-zenbook) 	07/16/2020 	_x86_64_	(8 CPU)

11:51:34 AM  CPU    %usr   %nice    %sys %iowait    %irq   %soft  %steal  %guest  %gnice   %idle
11:51:35 AM    0   25.00    0.00   12.00    0.00    0.00    2.00    0.00    0.00    0.00   61.00

11:51:35 AM  CPU    %usr   %nice    %sys %iowait    %irq   %soft  %steal  %guest  %gnice   %idle
11:51:36 AM    0   24.27    0.00   11.65    0.00    0.00    4.85    0.00    0.00    0.00   59.22

11:51:36 AM  CPU    %usr   %nice    %sys %iowait    %irq   %soft  %steal  %guest  %gnice   %idle
11:51:37 AM    0   24.49    0.00   12.24    0.00    0.00    2.04    0.00    0.00    0.00   61.22

11:51:37 AM  CPU    %usr   %nice    %sys %iowait    %irq   %soft  %steal  %guest  %gnice   %idle
11:51:38 AM    0   21.21    0.00   11.11    0.00    0.00    4.04    0.00    0.00    0.00   63.64

11:51:38 AM  CPU    %usr   %nice    %sys %iowait    %irq   %soft  %steal  %guest  %gnice   %idle
11:51:39 AM    0   24.49    0.00    9.18    0.00    0.00    4.08    0.00    0.00    0.00   62.24

11:51:39 AM  CPU    %usr   %nice    %sys %iowait    %irq   %soft  %steal  %guest  %gnice   %idle
11:51:40 AM    0   25.25    0.00   10.10    0.00    0.00    3.03    0.00    0.00    0.00   61.62

11:51:40 AM  CPU    %usr   %nice    %sys %iowait    %irq   %soft  %steal  %guest  %gnice   %idle
11:51:41 AM    0   24.00    0.00   11.00    0.00    0.00    3.00    0.00    0.00    0.00   62.00

11:51:41 AM  CPU    %usr   %nice    %sys %iowait    %irq   %soft  %steal  %guest  %gnice   %idle
11:51:42 AM    0   24.00    0.00   12.00    0.00    0.00    2.00    0.00    0.00    0.00   62.00

11:51:42 AM  CPU    %usr   %nice    %sys %iowait    %irq   %soft  %steal  %guest  %gnice   %idle
11:51:43 AM    0   26.00    0.00    9.00    0.00    0.00    3.00    0.00    0.00    0.00   62.00

11:51:43 AM  CPU    %usr   %nice    %sys %iowait    %irq   %soft  %steal  %guest  %gnice   %idle
11:51:44 AM    0   24.49    0.00   10.20    0.00    0.00    3.06    0.00    0.00    0.00   62.24

11:51:44 AM  CPU    %usr   %nice    %sys %iowait    %irq   %soft  %steal  %guest  %gnice   %idle
11:51:45 AM    0   23.23    0.00   13.13    0.00    0.00    2.02    0.00    0.00    0.00   61.62

11:51:45 AM  CPU    %usr   %nice    %sys %iowait    %irq   %soft  %steal  %guest  %gnice   %idle
11:51:46 AM    0   23.47    0.00   11.22    0.00    0.00    3.06    0.00    0.00    0.00   62.24

11:51:46 AM  CPU    %usr   %nice    %sys %iowait    %irq   %soft  %steal  %guest  %gnice   %idle
11:51:47 AM    0   24.00    0.00   11.00    0.00    0.00    5.00    0.00    0.00    0.00   60.00

11:51:47 AM  CPU    %usr   %nice    %sys %iowait    %irq   %soft  %steal  %guest  %gnice   %idle
11:51:48 AM    0   25.74    0.00   10.89    0.00    0.00    2.97    0.00    0.00    0.00   60.40

11:51:48 AM  CPU    %usr   %nice    %sys %iowait    %irq   %soft  %steal  %guest  %gnice   %idle
11:51:49 AM    0   28.00    0.00    9.00    0.00    0.00    2.00    0.00    0.00    0.00   61.00

11:51:49 AM  CPU    %usr   %nice    %sys %iowait    %irq   %soft  %steal  %guest  %gnice   %idle
11:51:50 AM    0   24.24    0.00   10.10    0.00    0.00    4.04    0.00    0.00    0.00   61.62

11:51:50 AM  CPU    %usr   %nice    %sys %iowait    %irq   %soft  %steal  %guest  %gnice   %idle
11:51:51 AM    0   25.00    0.00   11.00    0.00    0.00    3.00    0.00    0.00    0.00   61.00

11:51:51 AM  CPU    %usr   %nice    %sys %iowait    %irq   %soft  %steal  %guest  %gnice   %idle
11:51:52 AM    0   27.00    0.00    9.00    0.00    0.00    3.00    0.00    0.00    0.00   61.00

11:51:52 AM  CPU    %usr   %nice    %sys %iowait    %irq   %soft  %steal  %guest  %gnice   %idle
11:51:53 AM    0   26.73    0.00   10.89    0.00    0.00    1.98    0.00    0.00    0.00   60.40

11:51:53 AM  CPU    %usr   %nice    %sys %iowait    %irq   %soft  %steal  %guest  %gnice   %idle
11:51:54 AM    0   24.49    0.00   10.20    0.00    0.00    2.04    0.00    0.00    0.00   63.27

11:51:54 AM  CPU    %usr   %nice    %sys %iowait    %irq   %soft  %steal  %guest  %gnice   %idle
11:51:55 AM    0   24.24    0.00   11.11    0.00    0.00    3.03    0.00    0.00    0.00   61.62

11:51:55 AM  CPU    %usr   %nice    %sys %iowait    %irq   %soft  %steal  %guest  %gnice   %idle
11:51:56 AM    0   25.49    0.00   10.78    0.00    0.00    2.94    0.00    0.00    0.00   60.78

11:51:56 AM  CPU    %usr   %nice    %sys %iowait    %irq   %soft  %steal  %guest  %gnice   %idle
11:51:57 AM    0   25.49    0.00   11.76    0.00    0.00    2.94    0.00    0.00    0.00   59.80

11:51:57 AM  CPU    %usr   %nice    %sys %iowait    %irq   %soft  %steal  %guest  %gnice   %idle
11:51:58 AM    0   27.55    0.00    7.14    0.00    0.00    3.06    0.00    0.00    0.00   62.24

11:51:58 AM  CPU    %usr   %nice    %sys %iowait    %irq   %soft  %steal  %guest  %gnice   %idle
11:51:59 AM    0   23.23    0.00   13.13    0.00    0.00    2.02    0.00    0.00    0.00   61.62

11:51:59 AM  CPU    %usr   %nice    %sys %iowait    %irq   %soft  %steal  %guest  %gnice   %idle
11:52:00 AM    0   25.74    0.00    9.90    0.00    0.00    2.97    0.00    0.00    0.00   61.39

11:52:00 AM  CPU    %usr   %nice    %sys %iowait    %irq   %soft  %steal  %guest  %gnice   %idle
11:52:01 AM    0   19.39    0.00   15.31    0.00    0.00    4.08    0.00    0.00    0.00   61.22

11:52:01 AM  CPU    %usr   %nice    %sys %iowait    %irq   %soft  %steal  %guest  %gnice   %idle
11:52:02 AM    0   26.73    0.00    8.91    0.00    0.00    3.96    0.00    0.00    0.00   60.40

11:52:02 AM  CPU    %usr   %nice    %sys %iowait    %irq   %soft  %steal  %guest  %gnice   %idle
11:52:03 AM    0   24.75    0.00   11.88    0.00    0.00    2.97    0.00    0.00    0.00   60.40

11:52:03 AM  CPU    %usr   %nice    %sys %iowait    %irq   %soft  %steal  %guest  %gnice   %idle
11:52:04 AM    0   27.72    0.00    7.92    0.00    0.00    3.96    0.00    0.00    0.00   60.40

11:52:04 AM  CPU    %usr   %nice    %sys %iowait    %irq   %soft  %steal  %guest  %gnice   %idle
11:52:05 AM    0   23.23    0.00   13.13    0.00    0.00    3.03    0.00    0.00    0.00   60.61

11:52:05 AM  CPU    %usr   %nice    %sys %iowait    %irq   %soft  %steal  %guest  %gnice   %idle
11:52:06 AM    0   28.00    0.00   10.00    0.00    0.00    1.00    0.00    0.00    0.00   61.00

11:52:06 AM  CPU    %usr   %nice    %sys %iowait    %irq   %soft  %steal  %guest  %gnice   %idle
11:52:07 AM    0   23.76    0.00   11.88    0.00    0.00    3.96    0.00    0.00    0.00   60.40

11:52:07 AM  CPU    %usr   %nice    %sys %iowait    %irq   %soft  %steal  %guest  %gnice   %idle
11:52:08 AM    0   25.25    0.00   11.11    0.00    0.00    3.03    0.00    0.00    0.00   60.61

11:52:08 AM  CPU    %usr   %nice    %sys %iowait    %irq   %soft  %steal  %guest  %gnice   %idle
11:52:09 AM    0   26.00    0.00    8.00    0.00    0.00    5.00    0.00    0.00    0.00   61.00

11:52:09 AM  CPU    %usr   %nice    %sys %iowait    %irq   %soft  %steal  %guest  %gnice   %idle
11:52:10 AM    0   25.74    0.00    8.91    0.00    0.00    3.96    0.00    0.00    0.00   61.39

11:52:10 AM  CPU    %usr   %nice    %sys %iowait    %irq   %soft  %steal  %guest  %gnice   %idle
11:52:11 AM    0   25.00    0.00   11.00    0.00    0.00    3.00    0.00    0.00    0.00   61.00

11:52:11 AM  CPU    %usr   %nice    %sys %iowait    %irq   %soft  %steal  %guest  %gnice   %idle
11:52:12 AM    0   24.49    0.00   11.22    0.00    0.00    2.04    0.00    0.00    0.00   62.24

11:52:12 AM  CPU    %usr   %nice    %sys %iowait    %irq   %soft  %steal  %guest  %gnice   %idle
11:52:13 AM    0   21.88    0.00   11.46    0.00    0.00    2.08    0.00    0.00    0.00   64.58

11:52:13 AM  CPU    %usr   %nice    %sys %iowait    %irq   %soft  %steal  %guest  %gnice   %idle
11:52:14 AM    0   23.00    0.00   12.00    0.00    0.00    3.00    0.00    0.00    0.00   62.00

11:52:14 AM  CPU    %usr   %nice    %sys %iowait    %irq   %soft  %steal  %guest  %gnice   %idle
11:52:15 AM    0   27.88    0.00   11.54    0.00    0.00    2.88    0.00    0.00    0.00   57.69

11:52:15 AM  CPU    %usr   %nice    %sys %iowait    %irq   %soft  %steal  %guest  %gnice   %idle
11:52:16 AM    0   23.47    0.00   10.20    0.00    0.00    4.08    0.00    0.00    0.00   62.24

11:52:16 AM  CPU    %usr   %nice    %sys %iowait    %irq   %soft  %steal  %guest  %gnice   %idle
11:52:17 AM    0   21.43    0.00   14.29    0.00    0.00    2.04    0.00    0.00    0.00   62.24

11:52:17 AM  CPU    %usr   %nice    %sys %iowait    %irq   %soft  %steal  %guest  %gnice   %idle
11:52:18 AM    0   23.53    0.00   13.73    0.00    0.00    1.96    0.00    0.00    0.00   60.78

11:52:18 AM  CPU    %usr   %nice    %sys %iowait    %irq   %soft  %steal  %guest  %gnice   %idle
11:52:19 AM    0   26.73    0.00    9.90    0.00    0.00    1.98    0.00    0.00    0.00   61.39

11:52:19 AM  CPU    %usr   %nice    %sys %iowait    %irq   %soft  %steal  %guest  %gnice   %idle
11:52:20 AM    0   24.49    0.00   10.20    0.00    0.00    3.06    0.00    0.00    0.00   62.24

11:52:20 AM  CPU    %usr   %nice    %sys %iowait    %irq   %soft  %steal  %guest  %gnice   %idle
11:52:21 AM    0   23.53    0.00   13.73    0.00    0.00    2.94    0.00    0.00    0.00   59.80

11:52:21 AM  CPU    %usr   %nice    %sys %iowait    %irq   %soft  %steal  %guest  %gnice   %idle
11:52:22 AM    0   29.29    0.00    7.07    0.00    0.00    2.02    0.00    0.00    0.00   61.62

11:52:22 AM  CPU    %usr   %nice    %sys %iowait    %irq   %soft  %steal  %guest  %gnice   %idle
11:52:23 AM    0   27.27    0.00    8.08    0.00    0.00    2.02    0.00    0.00    0.00   62.63

11:52:23 AM  CPU    %usr   %nice    %sys %iowait    %irq   %soft  %steal  %guest  %gnice   %idle
11:52:24 AM    0   26.53    0.00    8.16    0.00    0.00    3.06    0.00    0.00    0.00   62.24

11:52:24 AM  CPU    %usr   %nice    %sys %iowait    %irq   %soft  %steal  %guest  %gnice   %idle
11:52:25 AM    0   24.00    0.00   13.00    0.00    0.00    2.00    0.00    0.00    0.00   61.00

11:52:25 AM  CPU    %usr   %nice    %sys %iowait    %irq   %soft  %steal  %guest  %gnice   %idle
11:52:26 AM    0   28.00    0.00    8.00    0.00    0.00    3.00    0.00    0.00    0.00   61.00

11:52:26 AM  CPU    %usr   %nice    %sys %iowait    %irq   %soft  %steal  %guest  %gnice   %idle
11:52:27 AM    0   26.80    0.00    9.28    0.00    0.00    2.06    0.00    0.00    0.00   61.86

11:52:27 AM  CPU    %usr   %nice    %sys %iowait    %irq   %soft  %steal  %guest  %gnice   %idle
11:52:28 AM    0   26.00    0.00   10.00    0.00    0.00    3.00    0.00    0.00    0.00   61.00

11:52:28 AM  CPU    %usr   %nice    %sys %iowait    %irq   %soft  %steal  %guest  %gnice   %idle
11:52:29 AM    0   28.28    0.00    9.09    0.00    0.00    1.01    0.00    0.00    0.00   61.62

11:52:29 AM  CPU    %usr   %nice    %sys %iowait    %irq   %soft  %steal  %guest  %gnice   %idle
11:52:30 AM    0   27.72    0.00    9.90    0.00    0.00    1.98    0.00    0.00    0.00   60.40

11:52:30 AM  CPU    %usr   %nice    %sys %iowait    %irq   %soft  %steal  %guest  %gnice   %idle
11:52:31 AM    0   25.51    0.00   10.20    0.00    0.00    3.06    0.00    0.00    0.00   61.22

11:52:31 AM  CPU    %usr   %nice    %sys %iowait    %irq   %soft  %steal  %guest  %gnice   %idle
11:52:32 AM    0   27.00    0.00    7.00    0.00    0.00    4.00    0.00    0.00    0.00   62.00

11:52:32 AM  CPU    %usr   %nice    %sys %iowait    %irq   %soft  %steal  %guest  %gnice   %idle
11:52:33 AM    0   28.43    0.00    8.82    0.00    0.00    3.92    0.00    0.00    0.00   58.82

11:52:33 AM  CPU    %usr   %nice    %sys %iowait    %irq   %soft  %steal  %guest  %gnice   %idle
11:52:34 AM    0   24.49    0.00   10.20    0.00    0.00    2.04    0.00    0.00    0.00   63.27

11:52:34 AM  CPU    %usr   %nice    %sys %iowait    %irq   %soft  %steal  %guest  %gnice   %idle
11:52:35 AM    0   27.27    0.00    8.08    0.00    0.00    3.03    0.00    0.00    0.00   61.62

11:52:35 AM  CPU    %usr   %nice    %sys %iowait    %irq   %soft  %steal  %guest  %gnice   %idle
11:52:36 AM    0   26.26    0.00   11.11    0.00    0.00    1.01    0.00    0.00    0.00   61.62

11:52:36 AM  CPU    %usr   %nice    %sys %iowait    %irq   %soft  %steal  %guest  %gnice   %idle
11:52:37 AM    0   26.00    0.00    9.00    0.00    0.00    4.00    0.00    0.00    0.00   61.00

11:52:37 AM  CPU    %usr   %nice    %sys %iowait    %irq   %soft  %steal  %guest  %gnice   %idle
11:52:38 AM    0   24.24    0.00   12.12    0.00    0.00    3.03    0.00    0.00    0.00   60.61

11:52:38 AM  CPU    %usr   %nice    %sys %iowait    %irq   %soft  %steal  %guest  %gnice   %idle
11:52:39 AM    0   23.76    0.00   11.88    0.00    0.00    3.96    0.00    0.00    0.00   60.40

11:52:39 AM  CPU    %usr   %nice    %sys %iowait    %irq   %soft  %steal  %guest  %gnice   %idle
11:52:40 AM    0   25.25    0.00   10.10    0.00    0.00    2.02    0.00    0.00    0.00   62.63

11:52:40 AM  CPU    %usr   %nice    %sys %iowait    %irq   %soft  %steal  %guest  %gnice   %idle
11:52:41 AM    0   27.72    0.00    8.91    0.00    0.00    3.96    0.00    0.00    0.00   59.41

11:52:41 AM  CPU    %usr   %nice    %sys %iowait    %irq   %soft  %steal  %guest  %gnice   %idle
11:52:42 AM    0   22.55    0.00   12.75    0.00    0.00    4.90    0.00    0.00    0.00   59.80

11:52:42 AM  CPU    %usr   %nice    %sys %iowait    %irq   %soft  %steal  %guest  %gnice   %idle
11:52:43 AM    0   30.00    0.00    6.00    0.00    0.00    3.00    0.00    0.00    0.00   61.00

11:52:43 AM  CPU    %usr   %nice    %sys %iowait    %irq   %soft  %steal  %guest  %gnice   %idle
11:52:44 AM    0   27.00    0.00    8.00    0.00    0.00    3.00    0.00    0.00    0.00   62.00

11:52:44 AM  CPU    %usr   %nice    %sys %iowait    %irq   %soft  %steal  %guest  %gnice   %idle
11:52:45 AM    0   24.24    0.00   11.11    0.00    0.00    3.03    0.00    0.00    0.00   61.62

11:52:45 AM  CPU    %usr   %nice    %sys %iowait    %irq   %soft  %steal  %guest  %gnice   %idle
11:52:46 AM    0   26.53    0.00   11.22    0.00    0.00    0.00    0.00    0.00    0.00   62.24

11:52:46 AM  CPU    %usr   %nice    %sys %iowait    %irq   %soft  %steal  %guest  %gnice   %idle
11:52:47 AM    0   25.25    0.00   10.10    0.00    0.00    3.03    0.00    0.00    0.00   61.62

11:52:47 AM  CPU    %usr   %nice    %sys %iowait    %irq   %soft  %steal  %guest  %gnice   %idle
11:52:48 AM    0   27.72    0.00    7.92    0.00    0.00    2.97    0.00    0.00    0.00   61.39

11:52:48 AM  CPU    %usr   %nice    %sys %iowait    %irq   %soft  %steal  %guest  %gnice   %idle
11:52:49 AM    0   26.53    0.00    8.16    0.00    0.00    2.04    0.00    0.00    0.00   63.27

11:52:49 AM  CPU    %usr   %nice    %sys %iowait    %irq   %soft  %steal  %guest  %gnice   %idle
11:52:50 AM    0   24.49    0.00    8.16    0.00    0.00    5.10    0.00    0.00    0.00   62.24

11:52:50 AM  CPU    %usr   %nice    %sys %iowait    %irq   %soft  %steal  %guest  %gnice   %idle
11:52:51 AM    0   28.16    0.00    9.71    0.00    0.00    1.94    0.00    0.00    0.00   60.19

11:52:51 AM  CPU    %usr   %nice    %sys %iowait    %irq   %soft  %steal  %guest  %gnice   %idle
11:52:52 AM    0   26.26    0.00   10.10    0.00    0.00    3.03    0.00    0.00    0.00   60.61

11:52:52 AM  CPU    %usr   %nice    %sys %iowait    %irq   %soft  %steal  %guest  %gnice   %idle
11:52:53 AM    0   26.53    0.00    8.16    0.00    0.00    3.06    0.00    0.00    0.00   62.24

11:52:53 AM  CPU    %usr   %nice    %sys %iowait    %irq   %soft  %steal  %guest  %gnice   %idle
11:52:54 AM    0   25.49    0.00   11.76    0.00    0.00    3.92    0.00    0.00    0.00   58.82

11:52:54 AM  CPU    %usr   %nice    %sys %iowait    %irq   %soft  %steal  %guest  %gnice   %idle
11:52:55 AM    0   29.70    0.00    7.92    0.00    0.00    2.97    0.00    0.00    0.00   59.41

11:52:55 AM  CPU    %usr   %nice    %sys %iowait    %irq   %soft  %steal  %guest  %gnice   %idle
11:52:56 AM    0   29.00    0.00    9.00    0.00    0.00    1.00    0.00    0.00    0.00   61.00

11:52:56 AM  CPU    %usr   %nice    %sys %iowait    %irq   %soft  %steal  %guest  %gnice   %idle
11:52:57 AM    0   23.76    0.00   11.88    0.00    0.00    3.96    0.00    0.00    0.00   60.40

11:52:57 AM  CPU    %usr   %nice    %sys %iowait    %irq   %soft  %steal  %guest  %gnice   %idle
11:52:58 AM    0   24.00    0.00   12.00    0.00    0.00    3.00    0.00    0.00    0.00   61.00

11:52:58 AM  CPU    %usr   %nice    %sys %iowait    %irq   %soft  %steal  %guest  %gnice   %idle
11:52:59 AM    0   24.74    0.00    9.28    0.00    0.00    3.09    0.00    0.00    0.00   62.89

11:52:59 AM  CPU    %usr   %nice    %sys %iowait    %irq   %soft  %steal  %guest  %gnice   %idle
11:53:00 AM    0   27.00    0.00   10.00    0.00    0.00    3.00    0.00    0.00    0.00   60.00

11:53:00 AM  CPU    %usr   %nice    %sys %iowait    %irq   %soft  %steal  %guest  %gnice   %idle
11:53:01 AM    0   24.00    0.00   13.00    0.00    0.00    3.00    0.00    0.00    0.00   60.00

11:53:01 AM  CPU    %usr   %nice    %sys %iowait    %irq   %soft  %steal  %guest  %gnice   %idle
11:53:02 AM    0   22.92    0.00   10.42    0.00    0.00    3.12    0.00    0.00    0.00   63.54

11:53:02 AM  CPU    %usr   %nice    %sys %iowait    %irq   %soft  %steal  %guest  %gnice   %idle
11:53:03 AM    0   25.25    0.00    9.09    0.00    0.00    4.04    0.00    0.00    0.00   61.62

11:53:03 AM  CPU    %usr   %nice    %sys %iowait    %irq   %soft  %steal  %guest  %gnice   %idle
11:53:04 AM    0   25.25    0.00   10.10    0.00    0.00    3.03    0.00    0.00    0.00   61.62

11:53:04 AM  CPU    %usr   %nice    %sys %iowait    %irq   %soft  %steal  %guest  %gnice   %idle
11:53:05 AM    0   25.77    0.00   10.31    0.00    0.00    1.03    0.00    0.00    0.00   62.89

11:53:05 AM  CPU    %usr   %nice    %sys %iowait    %irq   %soft  %steal  %guest  %gnice   %idle
11:53:06 AM    0   28.28    0.00    8.08    0.00    0.00    2.02    0.00    0.00    0.00   61.62

11:53:06 AM  CPU    %usr   %nice    %sys %iowait    %irq   %soft  %steal  %guest  %gnice   %idle
11:53:07 AM    0   25.25    0.00    9.09    0.00    0.00    3.03    0.00    0.00    0.00   62.63

11:53:07 AM  CPU    %usr   %nice    %sys %iowait    %irq   %soft  %steal  %guest  %gnice   %idle
11:53:08 AM    0   22.55    0.00   14.71    0.00    0.00    2.94    0.00    0.00    0.00   59.80

11:53:08 AM  CPU    %usr   %nice    %sys %iowait    %irq   %soft  %steal  %guest  %gnice   %idle
11:53:09 AM    0   24.24    0.00   12.12    0.00    0.00    2.02    0.00    0.00    0.00   61.62

11:53:09 AM  CPU    %usr   %nice    %sys %iowait    %irq   %soft  %steal  %guest  %gnice   %idle
11:53:10 AM    0   25.00    0.00   10.00    0.00    0.00    4.00    0.00    0.00    0.00   61.00

11:53:10 AM  CPU    %usr   %nice    %sys %iowait    %irq   %soft  %steal  %guest  %gnice   %idle
11:53:11 AM    0   25.25    0.00   12.12    0.00    0.00    2.02    0.00    0.00    0.00   60.61

11:53:11 AM  CPU    %usr   %nice    %sys %iowait    %irq   %soft  %steal  %guest  %gnice   %idle
11:53:12 AM    0   26.26    0.00    8.08    0.00    0.00    4.04    0.00    0.00    0.00   61.62

11:53:12 AM  CPU    %usr   %nice    %sys %iowait    %irq   %soft  %steal  %guest  %gnice   %idle
11:53:13 AM    0   27.00    0.00   11.00    0.00    0.00    1.00    0.00    0.00    0.00   61.00

11:53:13 AM  CPU    %usr   %nice    %sys %iowait    %irq   %soft  %steal  %guest  %gnice   %idle
11:53:14 AM    0   22.77    0.00   13.86    0.00    0.00    2.97    0.00    0.00    0.00   60.40

11:53:14 AM  CPU    %usr   %nice    %sys %iowait    %irq   %soft  %steal  %guest  %gnice   %idle
11:53:15 AM    0   25.74    0.00    8.91    0.00    0.00    4.95    0.00    0.00    0.00   60.40

11:53:15 AM  CPU    %usr   %nice    %sys %iowait    %irq   %soft  %steal  %guest  %gnice   %idle
11:53:16 AM    0   26.73    0.00    9.90    0.00    0.00    2.97    0.00    0.00    0.00   60.40

11:53:16 AM  CPU    %usr   %nice    %sys %iowait    %irq   %soft  %steal  %guest  %gnice   %idle
11:53:17 AM    0   25.51    0.00   10.20    0.00    0.00    2.04    0.00    0.00    0.00   62.24

11:53:17 AM  CPU    %usr   %nice    %sys %iowait    %irq   %soft  %steal  %guest  %gnice   %idle
11:53:18 AM    0   24.75    0.00   10.89    0.00    0.00    3.96    0.00    0.00    0.00   60.40

11:53:18 AM  CPU    %usr   %nice    %sys %iowait    %irq   %soft  %steal  %guest  %gnice   %idle
11:53:19 AM    0   26.47    0.00    9.80    0.00    0.00    3.92    0.00    0.00    0.00   59.80

11:53:19 AM  CPU    %usr   %nice    %sys %iowait    %irq   %soft  %steal  %guest  %gnice   %idle
11:53:20 AM    0   26.47    0.00   10.78    0.00    0.00    2.94    0.00    0.00    0.00   59.80

11:53:20 AM  CPU    %usr   %nice    %sys %iowait    %irq   %soft  %steal  %guest  %gnice   %idle
11:53:21 AM    0   25.77    0.00   10.31    0.00    0.00    1.03    0.00    0.00    0.00   62.89

11:53:21 AM  CPU    %usr   %nice    %sys %iowait    %irq   %soft  %steal  %guest  %gnice   %idle
11:53:22 AM    0   28.43    0.00    9.80    0.00    0.00    1.96    0.00    0.00    0.00   59.80

11:53:22 AM  CPU    %usr   %nice    %sys %iowait    %irq   %soft  %steal  %guest  %gnice   %idle
11:53:23 AM    0   29.29    0.00    7.07    0.00    0.00    2.02    0.00    0.00    0.00   61.62

11:53:23 AM  CPU    %usr   %nice    %sys %iowait    %irq   %soft  %steal  %guest  %gnice   %idle
11:53:24 AM    0   24.49    0.00   11.22    0.00    0.00    2.04    0.00    0.00    0.00   62.24

11:53:24 AM  CPU    %usr   %nice    %sys %iowait    %irq   %soft  %steal  %guest  %gnice   %idle
11:53:25 AM    0   22.77    0.00   11.88    0.00    0.00    4.95    0.00    0.00    0.00   60.40

11:53:25 AM  CPU    %usr   %nice    %sys %iowait    %irq   %soft  %steal  %guest  %gnice   %idle
11:53:26 AM    0   28.71    0.00    7.92    0.00    0.00    2.97    0.00    0.00    0.00   60.40

11:53:26 AM  CPU    %usr   %nice    %sys %iowait    %irq   %soft  %steal  %guest  %gnice   %idle
11:53:27 AM    0   28.28    0.00    9.09    0.00    0.00    1.01    0.00    0.00    0.00   61.62

11:53:27 AM  CPU    %usr   %nice    %sys %iowait    %irq   %soft  %steal  %guest  %gnice   %idle
11:53:28 AM    0   25.51    0.00   10.20    0.00    0.00    3.06    0.00    0.00    0.00   61.22

11:53:28 AM  CPU    %usr   %nice    %sys %iowait    %irq   %soft  %steal  %guest  %gnice   %idle
11:53:29 AM    0   26.26    0.00   11.11    0.00    0.00    2.02    0.00    0.00    0.00   60.61

11:53:29 AM  CPU    %usr   %nice    %sys %iowait    %irq   %soft  %steal  %guest  %gnice   %idle
11:53:30 AM    0   22.77    0.00   11.88    0.00    0.00    4.95    0.00    0.00    0.00   60.40

11:53:30 AM  CPU    %usr   %nice    %sys %iowait    %irq   %soft  %steal  %guest  %gnice   %idle
11:53:31 AM    0   23.23    0.00   12.12    0.00    0.00    4.04    0.00    0.00    0.00   60.61

11:53:31 AM  CPU    %usr   %nice    %sys %iowait    %irq   %soft  %steal  %guest  %gnice   %idle
11:53:32 AM    0   25.00    0.00   10.00    0.00    0.00    3.00    0.00    0.00    0.00   62.00

11:53:32 AM  CPU    %usr   %nice    %sys %iowait    %irq   %soft  %steal  %guest  %gnice   %idle
11:53:33 AM    0   24.74    0.00   10.31    0.00    0.00    2.06    0.00    0.00    0.00   62.89

11:53:33 AM  CPU    %usr   %nice    %sys %iowait    %irq   %soft  %steal  %guest  %gnice   %idle
11:53:34 AM    0   23.47    0.00   10.20    0.00    0.00    3.06    0.00    0.00    0.00   63.27

Average:     CPU    %usr   %nice    %sys %iowait    %irq   %soft  %steal  %guest  %gnice   %idle
Average:       0   25.47    0.00   10.37    0.00    0.00    2.91    0.00    0.00    0.00   61.25
