Linux 5.3.0-61-generic (cw-zenbook) 	07/16/2020 	_x86_64_	(8 CPU)

11:43:43 AM  CPU    %usr   %nice    %sys %iowait    %irq   %soft  %steal  %guest  %gnice   %idle
11:43:44 AM    0   23.76    0.00   10.89    0.00    0.00    2.97    0.00    0.00    0.00   62.38

11:43:44 AM  CPU    %usr   %nice    %sys %iowait    %irq   %soft  %steal  %guest  %gnice   %idle
11:43:45 AM    0   26.47    0.00   10.78    0.00    0.00    2.94    0.00    0.00    0.00   59.80

11:43:45 AM  CPU    %usr   %nice    %sys %iowait    %irq   %soft  %steal  %guest  %gnice   %idle
11:43:46 AM    0   21.78    0.00   10.89    0.00    0.00    4.95    0.00    0.00    0.00   62.38

11:43:46 AM  CPU    %usr   %nice    %sys %iowait    %irq   %soft  %steal  %guest  %gnice   %idle
11:43:47 AM    0   23.47    0.00    9.18    0.00    0.00    4.08    0.00    0.00    0.00   63.27

11:43:47 AM  CPU    %usr   %nice    %sys %iowait    %irq   %soft  %steal  %guest  %gnice   %idle
11:43:48 AM    0   24.00    0.00   12.00    0.00    0.00    3.00    0.00    0.00    0.00   61.00

11:43:48 AM  CPU    %usr   %nice    %sys %iowait    %irq   %soft  %steal  %guest  %gnice   %idle
11:43:49 AM    0   23.23    0.00   10.10    0.00    0.00    4.04    0.00    0.00    0.00   62.63

11:43:49 AM  CPU    %usr   %nice    %sys %iowait    %irq   %soft  %steal  %guest  %gnice   %idle
11:43:50 AM    0   25.51    0.00    7.14    0.00    0.00    4.08    0.00    0.00    0.00   63.27

11:43:50 AM  CPU    %usr   %nice    %sys %iowait    %irq   %soft  %steal  %guest  %gnice   %idle
11:43:51 AM    0   27.27    0.00   10.10    0.00    0.00    1.01    0.00    0.00    0.00   61.62

11:43:51 AM  CPU    %usr   %nice    %sys %iowait    %irq   %soft  %steal  %guest  %gnice   %idle
11:43:52 AM    0   25.74    0.00   10.89    0.00    0.00    2.97    0.00    0.00    0.00   60.40

11:43:52 AM  CPU    %usr   %nice    %sys %iowait    %irq   %soft  %steal  %guest  %gnice   %idle
11:43:53 AM    0   23.30    0.00   12.62    0.00    0.00    4.85    0.00    0.00    0.00   59.22

11:43:53 AM  CPU    %usr   %nice    %sys %iowait    %irq   %soft  %steal  %guest  %gnice   %idle
11:43:54 AM    0   23.23    0.00   11.11    0.00    0.00    4.04    0.00    0.00    0.00   61.62

11:43:54 AM  CPU    %usr   %nice    %sys %iowait    %irq   %soft  %steal  %guest  %gnice   %idle
11:43:55 AM    0   24.74    0.00   10.31    0.00    0.00    2.06    0.00    0.00    0.00   62.89

11:43:55 AM  CPU    %usr   %nice    %sys %iowait    %irq   %soft  %steal  %guest  %gnice   %idle
11:43:56 AM    0   22.45    0.00   11.22    0.00    0.00    4.08    0.00    0.00    0.00   62.24

11:43:56 AM  CPU    %usr   %nice    %sys %iowait    %irq   %soft  %steal  %guest  %gnice   %idle
11:43:57 AM    0   24.75    0.00   10.89    0.00    0.00    2.97    0.00    0.00    0.00   61.39

11:43:57 AM  CPU    %usr   %nice    %sys %iowait    %irq   %soft  %steal  %guest  %gnice   %idle
11:43:58 AM    0   23.47    0.00   12.24    0.00    0.00    2.04    0.00    0.00    0.00   62.24

11:43:58 AM  CPU    %usr   %nice    %sys %iowait    %irq   %soft  %steal  %guest  %gnice   %idle
11:43:59 AM    0   23.76    0.00   11.88    0.00    0.00    3.96    0.00    0.00    0.00   60.40

11:43:59 AM  CPU    %usr   %nice    %sys %iowait    %irq   %soft  %steal  %guest  %gnice   %idle
11:44:00 AM    0   25.74    0.00   11.88    0.00    0.00    1.98    0.00    0.00    0.00   60.40

11:44:00 AM  CPU    %usr   %nice    %sys %iowait    %irq   %soft  %steal  %guest  %gnice   %idle
11:44:01 AM    0   26.00    0.00   12.00    0.00    0.00    3.00    0.00    0.00    0.00   59.00

11:44:01 AM  CPU    %usr   %nice    %sys %iowait    %irq   %soft  %steal  %guest  %gnice   %idle
11:44:02 AM    0   25.74    0.00    9.90    0.00    0.00    2.97    0.00    0.00    0.00   61.39

11:44:02 AM  CPU    %usr   %nice    %sys %iowait    %irq   %soft  %steal  %guest  %gnice   %idle
11:44:03 AM    0   27.27    0.00    8.08    0.00    0.00    3.03    0.00    0.00    0.00   61.62

11:44:03 AM  CPU    %usr   %nice    %sys %iowait    %irq   %soft  %steal  %guest  %gnice   %idle
11:44:04 AM    0   25.25    0.00   10.10    0.00    0.00    3.03    0.00    0.00    0.00   61.62

11:44:04 AM  CPU    %usr   %nice    %sys %iowait    %irq   %soft  %steal  %guest  %gnice   %idle
11:44:05 AM    0   22.45    0.00   12.24    0.00    0.00    3.06    0.00    0.00    0.00   62.24

11:44:05 AM  CPU    %usr   %nice    %sys %iowait    %irq   %soft  %steal  %guest  %gnice   %idle
11:44:06 AM    0   25.49    0.00    9.80    0.00    0.00    4.90    0.00    0.00    0.00   59.80

11:44:06 AM  CPU    %usr   %nice    %sys %iowait    %irq   %soft  %steal  %guest  %gnice   %idle
11:44:07 AM    0   25.77    0.00   10.31    0.00    0.00    0.00    0.00    0.00    0.00   63.92

11:44:07 AM  CPU    %usr   %nice    %sys %iowait    %irq   %soft  %steal  %guest  %gnice   %idle
11:44:08 AM    0   28.43    0.00    9.80    0.00    0.00    1.96    0.00    0.00    0.00   59.80

11:44:08 AM  CPU    %usr   %nice    %sys %iowait    %irq   %soft  %steal  %guest  %gnice   %idle
11:44:09 AM    0   24.24    0.00   12.12    0.00    0.00    2.02    0.00    0.00    0.00   61.62

11:44:09 AM  CPU    %usr   %nice    %sys %iowait    %irq   %soft  %steal  %guest  %gnice   %idle
11:44:10 AM    0   24.00    0.00   11.00    0.00    0.00    5.00    0.00    0.00    0.00   60.00

11:44:10 AM  CPU    %usr   %nice    %sys %iowait    %irq   %soft  %steal  %guest  %gnice   %idle
11:44:11 AM    0   27.72    0.00    8.91    0.00    0.00    2.97    0.00    0.00    0.00   60.40

11:44:11 AM  CPU    %usr   %nice    %sys %iowait    %irq   %soft  %steal  %guest  %gnice   %idle
11:44:12 AM    0   25.25    0.00   10.10    0.00    0.00    3.03    0.00    0.00    0.00   61.62

11:44:12 AM  CPU    %usr   %nice    %sys %iowait    %irq   %soft  %steal  %guest  %gnice   %idle
11:44:13 AM    0   23.47    0.00   11.22    0.00    0.00    2.04    0.00    0.00    0.00   63.27

11:44:13 AM  CPU    %usr   %nice    %sys %iowait    %irq   %soft  %steal  %guest  %gnice   %idle
11:44:14 AM    0   22.00    0.00   15.00    0.00    0.00    1.00    0.00    0.00    0.00   62.00

11:44:14 AM  CPU    %usr   %nice    %sys %iowait    %irq   %soft  %steal  %guest  %gnice   %idle
11:44:15 AM    0   28.28    0.00    8.08    0.00    0.00    2.02    0.00    0.00    0.00   61.62

11:44:15 AM  CPU    %usr   %nice    %sys %iowait    %irq   %soft  %steal  %guest  %gnice   %idle
11:44:16 AM    0   24.24    0.00   10.10    0.00    0.00    3.03    0.00    0.00    0.00   62.63

11:44:16 AM  CPU    %usr   %nice    %sys %iowait    %irq   %soft  %steal  %guest  %gnice   %idle
11:44:17 AM    0   25.25    0.00    9.09    0.00    0.00    4.04    0.00    0.00    0.00   61.62

11:44:17 AM  CPU    %usr   %nice    %sys %iowait    %irq   %soft  %steal  %guest  %gnice   %idle
11:44:18 AM    0   25.00    0.00   11.00    0.00    0.00    3.00    0.00    0.00    0.00   61.00

11:44:18 AM  CPU    %usr   %nice    %sys %iowait    %irq   %soft  %steal  %guest  %gnice   %idle
11:44:19 AM    0   23.47    0.00   10.20    0.00    0.00    3.06    0.00    0.00    0.00   63.27

11:44:19 AM  CPU    %usr   %nice    %sys %iowait    %irq   %soft  %steal  %guest  %gnice   %idle
11:44:20 AM    0   25.00    0.00   10.00    0.00    0.00    4.00    0.00    0.00    0.00   61.00

11:44:20 AM  CPU    %usr   %nice    %sys %iowait    %irq   %soft  %steal  %guest  %gnice   %idle
11:44:21 AM    0   26.00    0.00    9.00    0.00    0.00    3.00    0.00    0.00    0.00   62.00

11:44:21 AM  CPU    %usr   %nice    %sys %iowait    %irq   %soft  %steal  %guest  %gnice   %idle
11:44:22 AM    0   24.24    0.00   11.11    0.00    0.00    2.02    0.00    0.00    0.00   62.63

11:44:22 AM  CPU    %usr   %nice    %sys %iowait    %irq   %soft  %steal  %guest  %gnice   %idle
11:44:23 AM    0   25.00    0.00   10.00    0.00    0.00    3.00    0.00    0.00    0.00   62.00

11:44:23 AM  CPU    %usr   %nice    %sys %iowait    %irq   %soft  %steal  %guest  %gnice   %idle
11:44:24 AM    0   24.00    0.00   10.00    0.00    0.00    3.00    0.00    0.00    0.00   63.00

11:44:24 AM  CPU    %usr   %nice    %sys %iowait    %irq   %soft  %steal  %guest  %gnice   %idle
11:44:25 AM    0   27.72    0.00   10.89    0.00    0.00    0.99    0.00    0.00    0.00   60.40

11:44:25 AM  CPU    %usr   %nice    %sys %iowait    %irq   %soft  %steal  %guest  %gnice   %idle
11:44:26 AM    0   24.24    0.00    9.09    0.00    0.00    4.04    0.00    0.00    0.00   62.63

11:44:26 AM  CPU    %usr   %nice    %sys %iowait    %irq   %soft  %steal  %guest  %gnice   %idle
11:44:27 AM    0   26.53    0.00    8.16    0.00    0.00    2.04    0.00    0.00    0.00   63.27

11:44:27 AM  CPU    %usr   %nice    %sys %iowait    %irq   %soft  %steal  %guest  %gnice   %idle
11:44:28 AM    0   27.00    0.00   10.00    0.00    0.00    2.00    0.00    0.00    0.00   61.00

11:44:28 AM  CPU    %usr   %nice    %sys %iowait    %irq   %soft  %steal  %guest  %gnice   %idle
11:44:29 AM    0   25.74    0.00   10.89    0.00    0.00    1.98    0.00    0.00    0.00   61.39

11:44:29 AM  CPU    %usr   %nice    %sys %iowait    %irq   %soft  %steal  %guest  %gnice   %idle
11:44:30 AM    0   25.00    0.00   10.00    0.00    0.00    3.00    0.00    0.00    0.00   62.00

11:44:30 AM  CPU    %usr   %nice    %sys %iowait    %irq   %soft  %steal  %guest  %gnice   %idle
11:44:31 AM    0   25.00    0.00   10.00    0.00    0.00    3.00    0.00    0.00    0.00   62.00

11:44:31 AM  CPU    %usr   %nice    %sys %iowait    %irq   %soft  %steal  %guest  %gnice   %idle
11:44:32 AM    0   24.24    0.00   10.10    0.00    0.00    3.03    0.00    0.00    0.00   62.63

11:44:32 AM  CPU    %usr   %nice    %sys %iowait    %irq   %soft  %steal  %guest  %gnice   %idle
11:44:33 AM    0   25.74    0.00    8.91    0.00    0.00    3.96    0.00    0.00    0.00   61.39

11:44:33 AM  CPU    %usr   %nice    %sys %iowait    %irq   %soft  %steal  %guest  %gnice   %idle
11:44:34 AM    0   28.00    0.00    6.00    0.00    0.00    4.00    0.00    0.00    0.00   62.00

11:44:34 AM  CPU    %usr   %nice    %sys %iowait    %irq   %soft  %steal  %guest  %gnice   %idle
11:44:35 AM    0   24.00    0.00   12.00    0.00    0.00    2.00    0.00    0.00    0.00   62.00

11:44:35 AM  CPU    %usr   %nice    %sys %iowait    %irq   %soft  %steal  %guest  %gnice   %idle
11:44:36 AM    0   27.18    0.00    9.71    0.00    0.00    3.88    0.00    0.00    0.00   59.22

11:44:36 AM  CPU    %usr   %nice    %sys %iowait    %irq   %soft  %steal  %guest  %gnice   %idle
11:44:37 AM    0   24.49    0.00    8.16    0.00    0.00    5.10    0.00    0.00    0.00   62.24

11:44:37 AM  CPU    %usr   %nice    %sys %iowait    %irq   %soft  %steal  %guest  %gnice   %idle
11:44:38 AM    0   27.55    0.00    7.14    0.00    0.00    2.04    0.00    0.00    0.00   63.27

11:44:38 AM  CPU    %usr   %nice    %sys %iowait    %irq   %soft  %steal  %guest  %gnice   %idle
11:44:39 AM    0   24.75    0.00    9.90    0.00    0.00    5.94    0.00    0.00    0.00   59.41

11:44:39 AM  CPU    %usr   %nice    %sys %iowait    %irq   %soft  %steal  %guest  %gnice   %idle
11:44:40 AM    0   23.53    0.00   14.71    0.00    0.00    2.94    0.00    0.00    0.00   58.82

11:44:40 AM  CPU    %usr   %nice    %sys %iowait    %irq   %soft  %steal  %guest  %gnice   %idle
11:44:41 AM    0   26.53    0.00   10.20    0.00    0.00    2.04    0.00    0.00    0.00   61.22

11:44:41 AM  CPU    %usr   %nice    %sys %iowait    %irq   %soft  %steal  %guest  %gnice   %idle
11:44:42 AM    0   28.28    0.00    8.08    0.00    0.00    2.02    0.00    0.00    0.00   61.62

11:44:42 AM  CPU    %usr   %nice    %sys %iowait    %irq   %soft  %steal  %guest  %gnice   %idle
11:44:43 AM    0   26.26    0.00    8.08    0.00    0.00    5.05    0.00    0.00    0.00   60.61

11:44:43 AM  CPU    %usr   %nice    %sys %iowait    %irq   %soft  %steal  %guest  %gnice   %idle
11:44:44 AM    0   25.00    0.00   10.00    0.00    0.00    4.00    0.00    0.00    0.00   61.00

11:44:44 AM  CPU    %usr   %nice    %sys %iowait    %irq   %soft  %steal  %guest  %gnice   %idle
11:44:45 AM    0   29.29    0.00    8.08    0.00    0.00    2.02    0.00    0.00    0.00   60.61

11:44:45 AM  CPU    %usr   %nice    %sys %iowait    %irq   %soft  %steal  %guest  %gnice   %idle
11:44:46 AM    0   24.00    0.00   12.00    0.00    0.00    3.00    0.00    0.00    0.00   61.00

11:44:46 AM  CPU    %usr   %nice    %sys %iowait    %irq   %soft  %steal  %guest  %gnice   %idle
11:44:47 AM    0   30.00    0.00    6.00    0.00    0.00    3.00    0.00    0.00    0.00   61.00

11:44:47 AM  CPU    %usr   %nice    %sys %iowait    %irq   %soft  %steal  %guest  %gnice   %idle
11:44:48 AM    0   24.49    0.00   10.20    0.00    0.00    3.06    0.00    0.00    0.00   62.24

11:44:48 AM  CPU    %usr   %nice    %sys %iowait    %irq   %soft  %steal  %guest  %gnice   %idle
11:44:49 AM    0   23.53    0.00   11.76    0.00    0.00    3.92    0.00    0.00    0.00   60.78

11:44:49 AM  CPU    %usr   %nice    %sys %iowait    %irq   %soft  %steal  %guest  %gnice   %idle
11:44:50 AM    0   22.22    0.00   13.13    0.00    0.00    3.03    0.00    0.00    0.00   61.62

11:44:50 AM  CPU    %usr   %nice    %sys %iowait    %irq   %soft  %steal  %guest  %gnice   %idle
11:44:51 AM    0   24.00    0.00   13.00    0.00    0.00    2.00    0.00    0.00    0.00   61.00

11:44:51 AM  CPU    %usr   %nice    %sys %iowait    %irq   %soft  %steal  %guest  %gnice   %idle
11:44:52 AM    0   25.24    0.00   11.65    0.00    0.00    2.91    0.00    0.00    0.00   60.19

11:44:52 AM  CPU    %usr   %nice    %sys %iowait    %irq   %soft  %steal  %guest  %gnice   %idle
11:44:53 AM    0   24.24    0.00   10.10    0.00    0.00    4.04    0.00    0.00    0.00   61.62

11:44:53 AM  CPU    %usr   %nice    %sys %iowait    %irq   %soft  %steal  %guest  %gnice   %idle
11:44:54 AM    0   25.24    0.00   11.65    0.00    0.00    2.91    0.00    0.00    0.00   60.19

11:44:54 AM  CPU    %usr   %nice    %sys %iowait    %irq   %soft  %steal  %guest  %gnice   %idle
11:44:55 AM    0   25.00    0.00   11.00    0.00    0.00    3.00    0.00    0.00    0.00   61.00

11:44:55 AM  CPU    %usr   %nice    %sys %iowait    %irq   %soft  %steal  %guest  %gnice   %idle
11:44:56 AM    0   26.00    0.00   10.00    0.00    0.00    3.00    0.00    0.00    0.00   61.00

11:44:56 AM  CPU    %usr   %nice    %sys %iowait    %irq   %soft  %steal  %guest  %gnice   %idle
11:44:57 AM    0   28.00    0.00    8.00    0.00    0.00    2.00    0.00    0.00    0.00   62.00

11:44:57 AM  CPU    %usr   %nice    %sys %iowait    %irq   %soft  %steal  %guest  %gnice   %idle
11:44:58 AM    0   27.45    0.00   10.78    0.00    0.00    1.96    0.00    0.00    0.00   59.80

11:44:58 AM  CPU    %usr   %nice    %sys %iowait    %irq   %soft  %steal  %guest  %gnice   %idle
11:44:59 AM    0   20.79    0.00   12.87    0.00    0.00    4.95    0.00    0.00    0.00   61.39

11:44:59 AM  CPU    %usr   %nice    %sys %iowait    %irq   %soft  %steal  %guest  %gnice   %idle
11:45:00 AM    0   25.49    0.00   11.76    0.00    0.00    2.94    0.00    0.00    0.00   59.80

11:45:00 AM  CPU    %usr   %nice    %sys %iowait    %irq   %soft  %steal  %guest  %gnice   %idle
11:45:01 AM    0   25.25    0.00   11.11    0.00    0.00    3.03    0.00    0.00    0.00   60.61

11:45:01 AM  CPU    %usr   %nice    %sys %iowait    %irq   %soft  %steal  %guest  %gnice   %idle
11:45:02 AM    0   25.25    0.00   11.11    0.00    0.00    2.02    0.00    0.00    0.00   61.62

11:45:02 AM  CPU    %usr   %nice    %sys %iowait    %irq   %soft  %steal  %guest  %gnice   %idle
11:45:03 AM    0   28.57    0.00    7.14    0.00    0.00    2.04    0.00    0.00    0.00   62.24

11:45:03 AM  CPU    %usr   %nice    %sys %iowait    %irq   %soft  %steal  %guest  %gnice   %idle
11:45:04 AM    0   25.24    0.00   10.68    0.00    0.00    4.85    0.00    0.00    0.00   59.22

11:45:04 AM  CPU    %usr   %nice    %sys %iowait    %irq   %soft  %steal  %guest  %gnice   %idle
11:45:05 AM    0   22.92    0.00   10.42    0.00    0.00    5.21    0.00    0.00    0.00   61.46

11:45:05 AM  CPU    %usr   %nice    %sys %iowait    %irq   %soft  %steal  %guest  %gnice   %idle
11:45:06 AM    0   27.00    0.00   11.00    0.00    0.00    2.00    0.00    0.00    0.00   60.00

11:45:06 AM  CPU    %usr   %nice    %sys %iowait    %irq   %soft  %steal  %guest  %gnice   %idle
11:45:07 AM    0   26.00    0.00    8.00    0.00    0.00    6.00    0.00    0.00    0.00   60.00

11:45:07 AM  CPU    %usr   %nice    %sys %iowait    %irq   %soft  %steal  %guest  %gnice   %idle
11:45:08 AM    0   25.74    0.00   11.88    0.00    0.00    1.98    0.00    0.00    0.00   60.40

11:45:08 AM  CPU    %usr   %nice    %sys %iowait    %irq   %soft  %steal  %guest  %gnice   %idle
11:45:09 AM    0   23.23    0.00   12.12    0.00    0.00    3.03    0.00    0.00    0.00   61.62

11:45:09 AM  CPU    %usr   %nice    %sys %iowait    %irq   %soft  %steal  %guest  %gnice   %idle
11:45:10 AM    0   25.00    0.00   12.00    0.00    0.00    3.00    0.00    0.00    0.00   60.00

11:45:10 AM  CPU    %usr   %nice    %sys %iowait    %irq   %soft  %steal  %guest  %gnice   %idle
11:45:11 AM    0   25.00    0.00   10.00    0.00    0.00    3.00    0.00    0.00    0.00   62.00

11:45:11 AM  CPU    %usr   %nice    %sys %iowait    %irq   %soft  %steal  %guest  %gnice   %idle
11:45:12 AM    0   23.00    0.00   10.00    0.00    0.00    6.00    0.00    0.00    0.00   61.00

11:45:12 AM  CPU    %usr   %nice    %sys %iowait    %irq   %soft  %steal  %guest  %gnice   %idle
11:45:13 AM    0   26.00    0.00   10.00    0.00    0.00    3.00    0.00    0.00    0.00   61.00

11:45:13 AM  CPU    %usr   %nice    %sys %iowait    %irq   %soft  %steal  %guest  %gnice   %idle
11:45:14 AM    0   26.47    0.00    9.80    0.00    0.00    3.92    0.00    0.00    0.00   59.80

11:45:14 AM  CPU    %usr   %nice    %sys %iowait    %irq   %soft  %steal  %guest  %gnice   %idle
11:45:15 AM    0   24.24    0.00    9.09    0.00    0.00    4.04    0.00    0.00    0.00   62.63

11:45:15 AM  CPU    %usr   %nice    %sys %iowait    %irq   %soft  %steal  %guest  %gnice   %idle
11:45:16 AM    0   25.74    0.00   11.88    0.00    0.00    1.98    0.00    0.00    0.00   60.40

11:45:16 AM  CPU    %usr   %nice    %sys %iowait    %irq   %soft  %steal  %guest  %gnice   %idle
11:45:17 AM    0   27.00    0.00    8.00    0.00    0.00    4.00    0.00    0.00    0.00   61.00

11:45:17 AM  CPU    %usr   %nice    %sys %iowait    %irq   %soft  %steal  %guest  %gnice   %idle
11:45:18 AM    0   25.25    0.00   11.11    0.00    0.00    2.02    0.00    0.00    0.00   61.62

11:45:18 AM  CPU    %usr   %nice    %sys %iowait    %irq   %soft  %steal  %guest  %gnice   %idle
11:45:19 AM    0   23.71    0.00    9.28    0.00    0.00    4.12    0.00    0.00    0.00   62.89

11:45:19 AM  CPU    %usr   %nice    %sys %iowait    %irq   %soft  %steal  %guest  %gnice   %idle
11:45:20 AM    0   26.73    0.00   10.89    0.00    0.00    1.98    0.00    0.00    0.00   60.40

11:45:20 AM  CPU    %usr   %nice    %sys %iowait    %irq   %soft  %steal  %guest  %gnice   %idle
11:45:21 AM    0   25.51    0.00   10.20    0.00    0.00    2.04    0.00    0.00    0.00   62.24

11:45:21 AM  CPU    %usr   %nice    %sys %iowait    %irq   %soft  %steal  %guest  %gnice   %idle
11:45:22 AM    0   22.45    0.00   11.22    0.00    0.00    4.08    0.00    0.00    0.00   62.24

11:45:22 AM  CPU    %usr   %nice    %sys %iowait    %irq   %soft  %steal  %guest  %gnice   %idle
11:45:23 AM    0   26.73    0.00    7.92    0.00    0.00    3.96    0.00    0.00    0.00   61.39

11:45:23 AM  CPU    %usr   %nice    %sys %iowait    %irq   %soft  %steal  %guest  %gnice   %idle
11:45:24 AM    0   27.08    0.00    9.38    0.00    0.00    0.00    0.00    0.00    0.00   63.54

11:45:24 AM  CPU    %usr   %nice    %sys %iowait    %irq   %soft  %steal  %guest  %gnice   %idle
11:45:25 AM    0   23.23    0.00    9.09    0.00    0.00    6.06    0.00    0.00    0.00   61.62

11:45:25 AM  CPU    %usr   %nice    %sys %iowait    %irq   %soft  %steal  %guest  %gnice   %idle
11:45:26 AM    0   25.74    0.00    9.90    0.00    0.00    2.97    0.00    0.00    0.00   61.39

11:45:26 AM  CPU    %usr   %nice    %sys %iowait    %irq   %soft  %steal  %guest  %gnice   %idle
11:45:27 AM    0   29.00    0.00    8.00    0.00    0.00    2.00    0.00    0.00    0.00   61.00

11:45:27 AM  CPU    %usr   %nice    %sys %iowait    %irq   %soft  %steal  %guest  %gnice   %idle
11:45:28 AM    0   24.24    0.00   11.11    0.00    0.00    2.02    0.00    0.00    0.00   62.63

11:45:28 AM  CPU    %usr   %nice    %sys %iowait    %irq   %soft  %steal  %guest  %gnice   %idle
11:45:29 AM    0   26.47    0.00    9.80    0.00    0.00    2.94    0.00    0.00    0.00   60.78

11:45:29 AM  CPU    %usr   %nice    %sys %iowait    %irq   %soft  %steal  %guest  %gnice   %idle
11:45:30 AM    0   27.55    0.00    8.16    0.00    0.00    2.04    0.00    0.00    0.00   62.24

11:45:30 AM  CPU    %usr   %nice    %sys %iowait    %irq   %soft  %steal  %guest  %gnice   %idle
11:45:31 AM    0   29.29    0.00    8.08    0.00    0.00    2.02    0.00    0.00    0.00   60.61

11:45:31 AM  CPU    %usr   %nice    %sys %iowait    %irq   %soft  %steal  %guest  %gnice   %idle
11:45:32 AM    0   27.00    0.00   10.00    0.00    0.00    2.00    0.00    0.00    0.00   61.00

11:45:32 AM  CPU    %usr   %nice    %sys %iowait    %irq   %soft  %steal  %guest  %gnice   %idle
11:45:33 AM    0   24.00    0.00   12.00    0.00    0.00    3.00    0.00    0.00    0.00   61.00

11:45:33 AM  CPU    %usr   %nice    %sys %iowait    %irq   %soft  %steal  %guest  %gnice   %idle
11:45:34 AM    0   27.72    0.00    6.93    0.00    0.00    4.95    0.00    0.00    0.00   60.40

11:45:34 AM  CPU    %usr   %nice    %sys %iowait    %irq   %soft  %steal  %guest  %gnice   %idle
11:45:35 AM    0   20.41    0.00   13.27    0.00    0.00    3.06    0.00    0.00    0.00   63.27

11:45:35 AM  CPU    %usr   %nice    %sys %iowait    %irq   %soft  %steal  %guest  %gnice   %idle
11:45:36 AM    0   25.49    0.00   12.75    0.00    0.00    1.96    0.00    0.00    0.00   59.80

11:45:36 AM  CPU    %usr   %nice    %sys %iowait    %irq   %soft  %steal  %guest  %gnice   %idle
11:45:37 AM    0   24.00    0.00   13.00    0.00    0.00    2.00    0.00    0.00    0.00   61.00

11:45:37 AM  CPU    %usr   %nice    %sys %iowait    %irq   %soft  %steal  %guest  %gnice   %idle
11:45:38 AM    0   24.24    0.00   12.12    0.00    0.00    3.03    0.00    0.00    0.00   60.61

11:45:38 AM  CPU    %usr   %nice    %sys %iowait    %irq   %soft  %steal  %guest  %gnice   %idle
11:45:39 AM    0   22.00    0.00   12.00    0.00    0.00    5.00    0.00    0.00    0.00   61.00

11:45:39 AM  CPU    %usr   %nice    %sys %iowait    %irq   %soft  %steal  %guest  %gnice   %idle
11:45:40 AM    0   24.51    0.00   11.76    0.00    0.00    3.92    0.00    0.00    0.00   59.80

11:45:40 AM  CPU    %usr   %nice    %sys %iowait    %irq   %soft  %steal  %guest  %gnice   %idle
11:45:41 AM    0   30.00    0.00    6.00    0.00    0.00    2.00    0.00    0.00    0.00   62.00

11:45:41 AM  CPU    %usr   %nice    %sys %iowait    %irq   %soft  %steal  %guest  %gnice   %idle
11:45:42 AM    0   25.25    0.00   11.11    0.00    0.00    2.02    0.00    0.00    0.00   61.62

11:45:42 AM  CPU    %usr   %nice    %sys %iowait    %irq   %soft  %steal  %guest  %gnice   %idle
11:45:43 AM    0   25.25    0.00   10.10    0.00    0.00    3.03    0.00    0.00    0.00   61.62

Average:     CPU    %usr   %nice    %sys %iowait    %irq   %soft  %steal  %guest  %gnice   %idle
Average:       0   25.28    0.00   10.31    0.00    0.00    3.07    0.00    0.00    0.00   61.34
