Linux 5.3.0-61-generic (cw-zenbook) 	07/16/2020 	_x86_64_	(8 CPU)

03:00:03 PM  CPU    %usr   %nice    %sys %iowait    %irq   %soft  %steal  %guest  %gnice   %idle
03:00:04 PM    0   57.14    0.00   17.35    0.00    0.00    4.08    0.00    0.00    0.00   21.43

03:00:04 PM  CPU    %usr   %nice    %sys %iowait    %irq   %soft  %steal  %guest  %gnice   %idle
03:00:05 PM    0   48.48    0.00   20.20    0.00    0.00    9.09    0.00    0.00    0.00   22.22

03:00:05 PM  CPU    %usr   %nice    %sys %iowait    %irq   %soft  %steal  %guest  %gnice   %idle
03:00:06 PM    0   52.58    0.00   20.62    0.00    0.00    4.12    0.00    0.00    0.00   22.68

03:00:06 PM  CPU    %usr   %nice    %sys %iowait    %irq   %soft  %steal  %guest  %gnice   %idle
03:00:07 PM    0   54.08    0.00   19.39    0.00    0.00    4.08    0.00    0.00    0.00   22.45

03:00:07 PM  CPU    %usr   %nice    %sys %iowait    %irq   %soft  %steal  %guest  %gnice   %idle
03:00:08 PM    0   54.90    0.00   17.65    0.00    0.00    5.88    0.00    0.00    0.00   21.57

03:00:08 PM  CPU    %usr   %nice    %sys %iowait    %irq   %soft  %steal  %guest  %gnice   %idle
03:00:09 PM    0   54.55    0.00   18.18    0.00    0.00    4.04    0.00    0.00    0.00   23.23

03:00:09 PM  CPU    %usr   %nice    %sys %iowait    %irq   %soft  %steal  %guest  %gnice   %idle
03:00:10 PM    0   44.55    0.00   26.73    0.00    0.00    6.93    0.00    0.00    0.00   21.78

03:00:10 PM  CPU    %usr   %nice    %sys %iowait    %irq   %soft  %steal  %guest  %gnice   %idle
03:00:11 PM    0   51.46    0.00   19.42    0.00    0.00    7.77    0.00    0.00    0.00   21.36

03:00:11 PM  CPU    %usr   %nice    %sys %iowait    %irq   %soft  %steal  %guest  %gnice   %idle
03:00:12 PM    0   45.92    0.00   23.47    0.00    0.00    7.14    0.00    0.00    0.00   23.47

03:00:12 PM  CPU    %usr   %nice    %sys %iowait    %irq   %soft  %steal  %guest  %gnice   %idle
03:00:13 PM    0   51.52    0.00   23.23    0.00    0.00    3.03    0.00    0.00    0.00   22.22

03:00:13 PM  CPU    %usr   %nice    %sys %iowait    %irq   %soft  %steal  %guest  %gnice   %idle
03:00:14 PM    0   54.08    0.00   19.39    0.00    0.00    4.08    0.00    0.00    0.00   22.45

03:00:14 PM  CPU    %usr   %nice    %sys %iowait    %irq   %soft  %steal  %guest  %gnice   %idle
03:00:15 PM    0   54.46    0.00   19.80    0.00    0.00    3.96    0.00    0.00    0.00   21.78

03:00:15 PM  CPU    %usr   %nice    %sys %iowait    %irq   %soft  %steal  %guest  %gnice   %idle
03:00:16 PM    0   52.04    0.00   17.35    0.00    0.00    7.14    0.00    0.00    0.00   23.47

03:00:16 PM  CPU    %usr   %nice    %sys %iowait    %irq   %soft  %steal  %guest  %gnice   %idle
03:00:17 PM    0   52.04    0.00   20.41    0.00    0.00    5.10    0.00    0.00    0.00   22.45

03:00:17 PM  CPU    %usr   %nice    %sys %iowait    %irq   %soft  %steal  %guest  %gnice   %idle
03:00:18 PM    0   55.56    0.00   16.16    0.00    0.00    6.06    0.00    0.00    0.00   22.22

03:00:18 PM  CPU    %usr   %nice    %sys %iowait    %irq   %soft  %steal  %guest  %gnice   %idle
03:00:19 PM    0   47.96    0.00   22.45    0.00    0.00    7.14    0.00    0.00    0.00   22.45

03:00:19 PM  CPU    %usr   %nice    %sys %iowait    %irq   %soft  %steal  %guest  %gnice   %idle
03:00:20 PM    0   54.00    0.00   19.00    0.00    0.00    4.00    0.00    0.00    0.00   23.00

03:00:20 PM  CPU    %usr   %nice    %sys %iowait    %irq   %soft  %steal  %guest  %gnice   %idle
03:00:21 PM    0   51.49    0.00   23.76    0.00    0.00    2.97    0.00    0.00    0.00   21.78

03:00:21 PM  CPU    %usr   %nice    %sys %iowait    %irq   %soft  %steal  %guest  %gnice   %idle
03:00:22 PM    0   52.00    0.00   22.00    0.00    0.00    3.00    0.00    0.00    0.00   23.00

03:00:22 PM  CPU    %usr   %nice    %sys %iowait    %irq   %soft  %steal  %guest  %gnice   %idle
03:00:23 PM    0   54.08    0.00   17.35    0.00    0.00    6.12    0.00    0.00    0.00   22.45

03:00:23 PM  CPU    %usr   %nice    %sys %iowait    %irq   %soft  %steal  %guest  %gnice   %idle
03:00:24 PM    0   54.55    0.00   18.18    0.00    0.00    5.05    0.00    0.00    0.00   22.22

03:00:24 PM  CPU    %usr   %nice    %sys %iowait    %irq   %soft  %steal  %guest  %gnice   %idle
03:00:25 PM    0   49.00    0.00   23.00    0.00    0.00    6.00    0.00    0.00    0.00   22.00

03:00:25 PM  CPU    %usr   %nice    %sys %iowait    %irq   %soft  %steal  %guest  %gnice   %idle
03:00:26 PM    0   48.48    0.00   21.21    0.00    0.00    7.07    0.00    0.00    0.00   23.23

03:00:26 PM  CPU    %usr   %nice    %sys %iowait    %irq   %soft  %steal  %guest  %gnice   %idle
03:00:27 PM    0   54.46    0.00   19.80    0.00    0.00    3.96    0.00    0.00    0.00   21.78

03:00:27 PM  CPU    %usr   %nice    %sys %iowait    %irq   %soft  %steal  %guest  %gnice   %idle
03:00:28 PM    0   56.12    0.00   17.35    0.00    0.00    4.08    0.00    0.00    0.00   22.45

03:00:28 PM  CPU    %usr   %nice    %sys %iowait    %irq   %soft  %steal  %guest  %gnice   %idle
03:00:29 PM    0   52.04    0.00   21.43    0.00    0.00    4.08    0.00    0.00    0.00   22.45

03:00:29 PM  CPU    %usr   %nice    %sys %iowait    %irq   %soft  %steal  %guest  %gnice   %idle
03:00:30 PM    0   47.52    0.00   21.78    0.00    0.00    8.91    0.00    0.00    0.00   21.78

03:00:30 PM  CPU    %usr   %nice    %sys %iowait    %irq   %soft  %steal  %guest  %gnice   %idle
03:00:31 PM    0   50.50    0.00   21.78    0.00    0.00    5.94    0.00    0.00    0.00   21.78

03:00:31 PM  CPU    %usr   %nice    %sys %iowait    %irq   %soft  %steal  %guest  %gnice   %idle
03:00:32 PM    0   50.51    0.00   21.21    0.00    0.00    5.05    0.00    0.00    0.00   23.23

03:00:32 PM  CPU    %usr   %nice    %sys %iowait    %irq   %soft  %steal  %guest  %gnice   %idle
03:00:33 PM    0   50.00    0.00   22.00    0.00    0.00    6.00    0.00    0.00    0.00   22.00

03:00:33 PM  CPU    %usr   %nice    %sys %iowait    %irq   %soft  %steal  %guest  %gnice   %idle
03:00:34 PM    0   58.16    0.00   16.33    0.00    0.00    2.04    0.00    0.00    0.00   23.47

03:00:34 PM  CPU    %usr   %nice    %sys %iowait    %irq   %soft  %steal  %guest  %gnice   %idle
03:00:35 PM    0   52.88    0.00   20.19    0.00    0.00    5.77    0.00    0.00    0.00   21.15

03:00:35 PM  CPU    %usr   %nice    %sys %iowait    %irq   %soft  %steal  %guest  %gnice   %idle
03:00:36 PM    0   53.06    0.00   20.41    0.00    0.00    4.08    0.00    0.00    0.00   22.45

03:00:36 PM  CPU    %usr   %nice    %sys %iowait    %irq   %soft  %steal  %guest  %gnice   %idle
03:00:37 PM    0   54.00    0.00   19.00    0.00    0.00    5.00    0.00    0.00    0.00   22.00

03:00:37 PM  CPU    %usr   %nice    %sys %iowait    %irq   %soft  %steal  %guest  %gnice   %idle
03:00:38 PM    0   48.98    0.00   23.47    0.00    0.00    5.10    0.00    0.00    0.00   22.45

03:00:38 PM  CPU    %usr   %nice    %sys %iowait    %irq   %soft  %steal  %guest  %gnice   %idle
03:00:39 PM    0   51.52    0.00   19.19    0.00    0.00    6.06    0.00    0.00    0.00   23.23

03:00:39 PM  CPU    %usr   %nice    %sys %iowait    %irq   %soft  %steal  %guest  %gnice   %idle
03:00:40 PM    0   46.94    0.00   25.51    0.00    0.00    5.10    0.00    0.00    0.00   22.45

03:00:40 PM  CPU    %usr   %nice    %sys %iowait    %irq   %soft  %steal  %guest  %gnice   %idle
03:00:41 PM    0   53.61    0.00   18.56    0.00    0.00    4.12    0.00    0.00    0.00   23.71

03:00:41 PM  CPU    %usr   %nice    %sys %iowait    %irq   %soft  %steal  %guest  %gnice   %idle
03:00:42 PM    0   58.16    0.00   15.31    0.00    0.00    4.08    0.00    0.00    0.00   22.45

03:00:42 PM  CPU    %usr   %nice    %sys %iowait    %irq   %soft  %steal  %guest  %gnice   %idle
03:00:43 PM    0   52.04    0.00   20.41    0.00    0.00    4.08    0.00    0.00    0.00   23.47

03:00:43 PM  CPU    %usr   %nice    %sys %iowait    %irq   %soft  %steal  %guest  %gnice   %idle
03:00:44 PM    0   53.54    0.00   20.20    0.00    0.00    4.04    0.00    0.00    0.00   22.22

03:00:44 PM  CPU    %usr   %nice    %sys %iowait    %irq   %soft  %steal  %guest  %gnice   %idle
03:00:45 PM    0   49.00    0.00   27.00    0.00    0.00    2.00    0.00    0.00    0.00   22.00

03:00:45 PM  CPU    %usr   %nice    %sys %iowait    %irq   %soft  %steal  %guest  %gnice   %idle
03:00:46 PM    0   48.98    0.00   22.45    0.00    0.00    5.10    0.00    0.00    0.00   23.47

03:00:46 PM  CPU    %usr   %nice    %sys %iowait    %irq   %soft  %steal  %guest  %gnice   %idle
03:00:47 PM    0   54.08    0.00   16.33    0.00    0.00    7.14    0.00    0.00    0.00   22.45

03:00:47 PM  CPU    %usr   %nice    %sys %iowait    %irq   %soft  %steal  %guest  %gnice   %idle
03:00:48 PM    0   53.54    0.00   19.19    0.00    0.00    4.04    0.00    0.00    0.00   23.23

03:00:48 PM  CPU    %usr   %nice    %sys %iowait    %irq   %soft  %steal  %guest  %gnice   %idle
03:00:49 PM    0   55.00    0.00   19.00    0.00    0.00    3.00    0.00    0.00    0.00   23.00

03:00:49 PM  CPU    %usr   %nice    %sys %iowait    %irq   %soft  %steal  %guest  %gnice   %idle
03:00:50 PM    0   52.53    0.00   20.20    0.00    0.00    5.05    0.00    0.00    0.00   22.22

03:00:50 PM  CPU    %usr   %nice    %sys %iowait    %irq   %soft  %steal  %guest  %gnice   %idle
03:00:51 PM    0   51.49    0.00   19.80    0.00    0.00    5.94    0.00    0.00    0.00   22.77

03:00:51 PM  CPU    %usr   %nice    %sys %iowait    %irq   %soft  %steal  %guest  %gnice   %idle
03:00:52 PM    0   52.48    0.00   21.78    0.00    0.00    3.96    0.00    0.00    0.00   21.78

03:00:52 PM  CPU    %usr   %nice    %sys %iowait    %irq   %soft  %steal  %guest  %gnice   %idle
03:00:53 PM    0   53.00    0.00   20.00    0.00    0.00    5.00    0.00    0.00    0.00   22.00

03:00:53 PM  CPU    %usr   %nice    %sys %iowait    %irq   %soft  %steal  %guest  %gnice   %idle
03:00:54 PM    0   51.02    0.00   21.43    0.00    0.00    4.08    0.00    0.00    0.00   23.47

03:00:54 PM  CPU    %usr   %nice    %sys %iowait    %irq   %soft  %steal  %guest  %gnice   %idle
03:00:55 PM    0   52.53    0.00   20.20    0.00    0.00    5.05    0.00    0.00    0.00   22.22

03:00:55 PM  CPU    %usr   %nice    %sys %iowait    %irq   %soft  %steal  %guest  %gnice   %idle
03:00:56 PM    0   52.53    0.00   19.19    0.00    0.00    5.05    0.00    0.00    0.00   23.23

03:00:56 PM  CPU    %usr   %nice    %sys %iowait    %irq   %soft  %steal  %guest  %gnice   %idle
03:00:57 PM    0   49.49    0.00   22.22    0.00    0.00    6.06    0.00    0.00    0.00   22.22

03:00:57 PM  CPU    %usr   %nice    %sys %iowait    %irq   %soft  %steal  %guest  %gnice   %idle
03:00:58 PM    0   54.46    0.00   16.83    0.00    0.00    5.94    0.00    0.00    0.00   22.77

03:00:58 PM  CPU    %usr   %nice    %sys %iowait    %irq   %soft  %steal  %guest  %gnice   %idle
03:00:59 PM    0   53.61    0.00   17.53    0.00    0.00    6.19    0.00    0.00    0.00   22.68

03:00:59 PM  CPU    %usr   %nice    %sys %iowait    %irq   %soft  %steal  %guest  %gnice   %idle
03:01:00 PM    0   48.00    0.00   22.00    0.00    0.00    6.00    0.00    0.00    0.00   24.00

03:01:00 PM  CPU    %usr   %nice    %sys %iowait    %irq   %soft  %steal  %guest  %gnice   %idle
03:01:01 PM    0   52.53    0.00   23.23    0.00    0.00    2.02    0.00    0.00    0.00   22.22

03:01:01 PM  CPU    %usr   %nice    %sys %iowait    %irq   %soft  %steal  %guest  %gnice   %idle
03:01:02 PM    0   52.00    0.00   21.00    0.00    0.00    5.00    0.00    0.00    0.00   22.00

03:01:02 PM  CPU    %usr   %nice    %sys %iowait    %irq   %soft  %steal  %guest  %gnice   %idle
03:01:03 PM    0   49.00    0.00   23.00    0.00    0.00    5.00    0.00    0.00    0.00   23.00

03:01:03 PM  CPU    %usr   %nice    %sys %iowait    %irq   %soft  %steal  %guest  %gnice   %idle
03:01:04 PM    0   48.51    0.00   23.76    0.00    0.00    5.94    0.00    0.00    0.00   21.78

03:01:04 PM  CPU    %usr   %nice    %sys %iowait    %irq   %soft  %steal  %guest  %gnice   %idle
03:01:05 PM    0   50.98    0.00   21.57    0.00    0.00    5.88    0.00    0.00    0.00   21.57

03:01:05 PM  CPU    %usr   %nice    %sys %iowait    %irq   %soft  %steal  %guest  %gnice   %idle
03:01:06 PM    0   56.44    0.00   17.82    0.00    0.00    2.97    0.00    0.00    0.00   22.77

03:01:06 PM  CPU    %usr   %nice    %sys %iowait    %irq   %soft  %steal  %guest  %gnice   %idle
03:01:07 PM    0   47.47    0.00   25.25    0.00    0.00    5.05    0.00    0.00    0.00   22.22

03:01:07 PM  CPU    %usr   %nice    %sys %iowait    %irq   %soft  %steal  %guest  %gnice   %idle
03:01:08 PM    0   53.00    0.00   18.00    0.00    0.00    6.00    0.00    0.00    0.00   23.00

03:01:08 PM  CPU    %usr   %nice    %sys %iowait    %irq   %soft  %steal  %guest  %gnice   %idle
03:01:09 PM    0   57.43    0.00   16.83    0.00    0.00    3.96    0.00    0.00    0.00   21.78

03:01:09 PM  CPU    %usr   %nice    %sys %iowait    %irq   %soft  %steal  %guest  %gnice   %idle
03:01:10 PM    0   57.58    0.00   16.16    0.00    0.00    4.04    0.00    0.00    0.00   22.22

03:01:10 PM  CPU    %usr   %nice    %sys %iowait    %irq   %soft  %steal  %guest  %gnice   %idle
03:01:11 PM    0   52.94    0.00   18.63    0.00    0.00    5.88    0.00    0.00    0.00   22.55

03:01:11 PM  CPU    %usr   %nice    %sys %iowait    %irq   %soft  %steal  %guest  %gnice   %idle
03:01:12 PM    0   52.48    0.00   22.77    0.00    0.00    2.97    0.00    0.00    0.00   21.78

03:01:12 PM  CPU    %usr   %nice    %sys %iowait    %irq   %soft  %steal  %guest  %gnice   %idle
03:01:13 PM    0   51.52    0.00   20.20    0.00    0.00    6.06    0.00    0.00    0.00   22.22

03:01:13 PM  CPU    %usr   %nice    %sys %iowait    %irq   %soft  %steal  %guest  %gnice   %idle
03:01:14 PM    0   52.00    0.00   21.00    0.00    0.00    5.00    0.00    0.00    0.00   22.00

03:01:14 PM  CPU    %usr   %nice    %sys %iowait    %irq   %soft  %steal  %guest  %gnice   %idle
03:01:15 PM    0   53.12    0.00   20.83    0.00    0.00    3.12    0.00    0.00    0.00   22.92

03:01:15 PM  CPU    %usr   %nice    %sys %iowait    %irq   %soft  %steal  %guest  %gnice   %idle
03:01:16 PM    0   51.02    0.00   21.43    0.00    0.00    5.10    0.00    0.00    0.00   22.45

03:01:16 PM  CPU    %usr   %nice    %sys %iowait    %irq   %soft  %steal  %guest  %gnice   %idle
03:01:17 PM    0   53.47    0.00   17.82    0.00    0.00    5.94    0.00    0.00    0.00   22.77

03:01:17 PM  CPU    %usr   %nice    %sys %iowait    %irq   %soft  %steal  %guest  %gnice   %idle
03:01:18 PM    0   53.54    0.00   20.20    0.00    0.00    4.04    0.00    0.00    0.00   22.22

03:01:18 PM  CPU    %usr   %nice    %sys %iowait    %irq   %soft  %steal  %guest  %gnice   %idle
03:01:19 PM    0   51.96    0.00   21.57    0.00    0.00    4.90    0.00    0.00    0.00   21.57

03:01:19 PM  CPU    %usr   %nice    %sys %iowait    %irq   %soft  %steal  %guest  %gnice   %idle
03:01:20 PM    0   53.00    0.00   21.00    0.00    0.00    5.00    0.00    0.00    0.00   21.00

03:01:20 PM  CPU    %usr   %nice    %sys %iowait    %irq   %soft  %steal  %guest  %gnice   %idle
03:01:21 PM    0   52.00    0.00   18.00    0.00    0.00    7.00    0.00    0.00    0.00   23.00

03:01:21 PM  CPU    %usr   %nice    %sys %iowait    %irq   %soft  %steal  %guest  %gnice   %idle
03:01:22 PM    0   50.98    0.00   19.61    0.00    0.00    6.86    0.00    0.00    0.00   22.55

03:01:22 PM  CPU    %usr   %nice    %sys %iowait    %irq   %soft  %steal  %guest  %gnice   %idle
03:01:23 PM    0   49.47    0.00   21.05    0.00    0.00    6.32    0.00    0.00    0.00   23.16

03:01:23 PM  CPU    %usr   %nice    %sys %iowait    %irq   %soft  %steal  %guest  %gnice   %idle
03:01:24 PM    0   50.00    0.00   22.92    0.00    0.00    4.17    0.00    0.00    0.00   22.92

03:01:24 PM  CPU    %usr   %nice    %sys %iowait    %irq   %soft  %steal  %guest  %gnice   %idle
03:01:25 PM    0   50.00    0.00   22.00    0.00    0.00    5.00    0.00    0.00    0.00   23.00

03:01:25 PM  CPU    %usr   %nice    %sys %iowait    %irq   %soft  %steal  %guest  %gnice   %idle
03:01:26 PM    0   53.54    0.00   18.18    0.00    0.00    5.05    0.00    0.00    0.00   23.23

03:01:26 PM  CPU    %usr   %nice    %sys %iowait    %irq   %soft  %steal  %guest  %gnice   %idle
03:01:27 PM    0   52.53    0.00   21.21    0.00    0.00    4.04    0.00    0.00    0.00   22.22

03:01:27 PM  CPU    %usr   %nice    %sys %iowait    %irq   %soft  %steal  %guest  %gnice   %idle
03:01:28 PM    0   53.06    0.00   20.41    0.00    0.00    4.08    0.00    0.00    0.00   22.45

03:01:28 PM  CPU    %usr   %nice    %sys %iowait    %irq   %soft  %steal  %guest  %gnice   %idle
03:01:29 PM    0   56.44    0.00   16.83    0.00    0.00    3.96    0.00    0.00    0.00   22.77

03:01:29 PM  CPU    %usr   %nice    %sys %iowait    %irq   %soft  %steal  %guest  %gnice   %idle
03:01:30 PM    0   52.94    0.00   19.61    0.00    0.00    5.88    0.00    0.00    0.00   21.57

03:01:30 PM  CPU    %usr   %nice    %sys %iowait    %irq   %soft  %steal  %guest  %gnice   %idle
03:01:31 PM    0   50.51    0.00   20.20    0.00    0.00    6.06    0.00    0.00    0.00   23.23

03:01:31 PM  CPU    %usr   %nice    %sys %iowait    %irq   %soft  %steal  %guest  %gnice   %idle
03:01:32 PM    0   50.51    0.00   23.23    0.00    0.00    4.04    0.00    0.00    0.00   22.22

03:01:32 PM  CPU    %usr   %nice    %sys %iowait    %irq   %soft  %steal  %guest  %gnice   %idle
03:01:33 PM    0   52.08    0.00   19.79    0.00    0.00    6.25    0.00    0.00    0.00   21.88

03:01:33 PM  CPU    %usr   %nice    %sys %iowait    %irq   %soft  %steal  %guest  %gnice   %idle
03:01:34 PM    0   54.08    0.00   18.37    0.00    0.00    5.10    0.00    0.00    0.00   22.45

03:01:34 PM  CPU    %usr   %nice    %sys %iowait    %irq   %soft  %steal  %guest  %gnice   %idle
03:01:35 PM    0   52.00    0.00   20.00    0.00    0.00    5.00    0.00    0.00    0.00   23.00

03:01:35 PM  CPU    %usr   %nice    %sys %iowait    %irq   %soft  %steal  %guest  %gnice   %idle
03:01:36 PM    0   50.00    0.00   20.41    0.00    0.00    6.12    0.00    0.00    0.00   23.47

03:01:36 PM  CPU    %usr   %nice    %sys %iowait    %irq   %soft  %steal  %guest  %gnice   %idle
03:01:37 PM    0   49.00    0.00   24.00    0.00    0.00    5.00    0.00    0.00    0.00   22.00

03:01:37 PM  CPU    %usr   %nice    %sys %iowait    %irq   %soft  %steal  %guest  %gnice   %idle
03:01:38 PM    0   51.46    0.00   20.39    0.00    0.00    6.80    0.00    0.00    0.00   21.36

03:01:38 PM  CPU    %usr   %nice    %sys %iowait    %irq   %soft  %steal  %guest  %gnice   %idle
03:01:39 PM    0   53.00    0.00   20.00    0.00    0.00    4.00    0.00    0.00    0.00   23.00

03:01:39 PM  CPU    %usr   %nice    %sys %iowait    %irq   %soft  %steal  %guest  %gnice   %idle
03:01:40 PM    0   54.08    0.00   18.37    0.00    0.00    5.10    0.00    0.00    0.00   22.45

03:01:40 PM  CPU    %usr   %nice    %sys %iowait    %irq   %soft  %steal  %guest  %gnice   %idle
03:01:41 PM    0   55.56    0.00   17.17    0.00    0.00    5.05    0.00    0.00    0.00   22.22

03:01:41 PM  CPU    %usr   %nice    %sys %iowait    %irq   %soft  %steal  %guest  %gnice   %idle
03:01:42 PM    0   45.00    0.00   26.00    0.00    0.00    6.00    0.00    0.00    0.00   23.00

03:01:42 PM  CPU    %usr   %nice    %sys %iowait    %irq   %soft  %steal  %guest  %gnice   %idle
03:01:43 PM    0   54.08    0.00   21.43    0.00    0.00    2.04    0.00    0.00    0.00   22.45

03:01:43 PM  CPU    %usr   %nice    %sys %iowait    %irq   %soft  %steal  %guest  %gnice   %idle
03:01:44 PM    0   49.48    0.00   23.71    0.00    0.00    5.15    0.00    0.00    0.00   21.65

03:01:44 PM  CPU    %usr   %nice    %sys %iowait    %irq   %soft  %steal  %guest  %gnice   %idle
03:01:45 PM    0   49.49    0.00   24.24    0.00    0.00    4.04    0.00    0.00    0.00   22.22

03:01:45 PM  CPU    %usr   %nice    %sys %iowait    %irq   %soft  %steal  %guest  %gnice   %idle
03:01:46 PM    0   55.56    0.00   15.15    0.00    0.00    6.06    0.00    0.00    0.00   23.23

03:01:46 PM  CPU    %usr   %nice    %sys %iowait    %irq   %soft  %steal  %guest  %gnice   %idle
03:01:47 PM    0   55.67    0.00   17.53    0.00    0.00    5.15    0.00    0.00    0.00   21.65

03:01:47 PM  CPU    %usr   %nice    %sys %iowait    %irq   %soft  %steal  %guest  %gnice   %idle
03:01:48 PM    0   49.50    0.00   22.77    0.00    0.00    5.94    0.00    0.00    0.00   21.78

03:01:48 PM  CPU    %usr   %nice    %sys %iowait    %irq   %soft  %steal  %guest  %gnice   %idle
03:01:49 PM    0   48.48    0.00   23.23    0.00    0.00    6.06    0.00    0.00    0.00   22.22

03:01:49 PM  CPU    %usr   %nice    %sys %iowait    %irq   %soft  %steal  %guest  %gnice   %idle
03:01:50 PM    0   54.90    0.00   19.61    0.00    0.00    3.92    0.00    0.00    0.00   21.57

03:01:50 PM  CPU    %usr   %nice    %sys %iowait    %irq   %soft  %steal  %guest  %gnice   %idle
03:01:51 PM    0   52.04    0.00   21.43    0.00    0.00    4.08    0.00    0.00    0.00   22.45

03:01:51 PM  CPU    %usr   %nice    %sys %iowait    %irq   %soft  %steal  %guest  %gnice   %idle
03:01:52 PM    0   47.96    0.00   23.47    0.00    0.00    5.10    0.00    0.00    0.00   23.47

03:01:52 PM  CPU    %usr   %nice    %sys %iowait    %irq   %soft  %steal  %guest  %gnice   %idle
03:01:53 PM    0   52.53    0.00   20.20    0.00    0.00    5.05    0.00    0.00    0.00   22.22

03:01:53 PM  CPU    %usr   %nice    %sys %iowait    %irq   %soft  %steal  %guest  %gnice   %idle
03:01:54 PM    0   55.45    0.00   20.79    0.00    0.00    1.98    0.00    0.00    0.00   21.78

03:01:54 PM  CPU    %usr   %nice    %sys %iowait    %irq   %soft  %steal  %guest  %gnice   %idle
03:01:55 PM    0   54.08    0.00   14.29    0.00    0.00    9.18    0.00    0.00    0.00   22.45

03:01:55 PM  CPU    %usr   %nice    %sys %iowait    %irq   %soft  %steal  %guest  %gnice   %idle
03:01:56 PM    0   48.48    0.00   21.21    0.00    0.00    7.07    0.00    0.00    0.00   23.23

03:01:56 PM  CPU    %usr   %nice    %sys %iowait    %irq   %soft  %steal  %guest  %gnice   %idle
03:01:57 PM    0   47.47    0.00   26.26    0.00    0.00    4.04    0.00    0.00    0.00   22.22

03:01:57 PM  CPU    %usr   %nice    %sys %iowait    %irq   %soft  %steal  %guest  %gnice   %idle
03:01:58 PM    0   50.00    0.00   22.00    0.00    0.00    6.00    0.00    0.00    0.00   22.00

03:01:58 PM  CPU    %usr   %nice    %sys %iowait    %irq   %soft  %steal  %guest  %gnice   %idle
03:01:59 PM    0   50.00    0.00   24.00    0.00    0.00    4.00    0.00    0.00    0.00   22.00

03:01:59 PM  CPU    %usr   %nice    %sys %iowait    %irq   %soft  %steal  %guest  %gnice   %idle
03:02:00 PM    0   55.00    0.00   16.00    0.00    0.00    6.00    0.00    0.00    0.00   23.00

03:02:00 PM  CPU    %usr   %nice    %sys %iowait    %irq   %soft  %steal  %guest  %gnice   %idle
03:02:01 PM    0   52.04    0.00   18.37    0.00    0.00    7.14    0.00    0.00    0.00   22.45

03:02:01 PM  CPU    %usr   %nice    %sys %iowait    %irq   %soft  %steal  %guest  %gnice   %idle
03:02:02 PM    0   56.12    0.00   17.35    0.00    0.00    4.08    0.00    0.00    0.00   22.45

03:02:02 PM  CPU    %usr   %nice    %sys %iowait    %irq   %soft  %steal  %guest  %gnice   %idle
03:02:03 PM    0   56.57    0.00   17.17    0.00    0.00    4.04    0.00    0.00    0.00   22.22

Average:     CPU    %usr   %nice    %sys %iowait    %irq   %soft  %steal  %guest  %gnice   %idle
Average:       0   52.11    0.00   20.38    0.00    0.00    5.07    0.00    0.00    0.00   22.44
