Linux 5.3.0-61-generic (cw-zenbook) 	07/16/2020 	_x86_64_	(8 CPU)

04:39:32 PM  CPU    %usr   %nice    %sys %iowait    %irq   %soft  %steal  %guest  %gnice   %idle
04:39:33 PM    0   36.73    0.00   16.33    0.00    0.00    6.12    0.00    0.00    0.00   40.82

04:39:33 PM  CPU    %usr   %nice    %sys %iowait    %irq   %soft  %steal  %guest  %gnice   %idle
04:39:34 PM    0   37.11    0.00   18.56    0.00    0.00    4.12    0.00    0.00    0.00   40.21

04:39:34 PM  CPU    %usr   %nice    %sys %iowait    %irq   %soft  %steal  %guest  %gnice   %idle
04:39:35 PM    0   38.61    0.00   17.82    0.00    0.00    3.96    0.00    0.00    0.00   39.60

04:39:35 PM  CPU    %usr   %nice    %sys %iowait    %irq   %soft  %steal  %guest  %gnice   %idle
04:39:36 PM    0   40.62    0.00   13.54    0.00    0.00    4.17    0.00    0.00    0.00   41.67

04:39:36 PM  CPU    %usr   %nice    %sys %iowait    %irq   %soft  %steal  %guest  %gnice   %idle
04:39:37 PM    0   36.08    0.00   16.49    0.00    0.00    7.22    0.00    0.00    0.00   40.21

04:39:37 PM  CPU    %usr   %nice    %sys %iowait    %irq   %soft  %steal  %guest  %gnice   %idle
04:39:38 PM    0   43.00    0.00   13.00    0.00    0.00    4.00    0.00    0.00    0.00   40.00

04:39:38 PM  CPU    %usr   %nice    %sys %iowait    %irq   %soft  %steal  %guest  %gnice   %idle
04:39:39 PM    0   45.10    0.00    9.80    0.00    0.00    5.88    0.00    0.00    0.00   39.22

04:39:39 PM  CPU    %usr   %nice    %sys %iowait    %irq   %soft  %steal  %guest  %gnice   %idle
04:39:40 PM    0   35.64    0.00   19.80    0.00    0.00    4.95    0.00    0.00    0.00   39.60

04:39:40 PM  CPU    %usr   %nice    %sys %iowait    %irq   %soft  %steal  %guest  %gnice   %idle
04:39:41 PM    0   43.43    0.00   12.12    0.00    0.00    5.05    0.00    0.00    0.00   39.39

04:39:41 PM  CPU    %usr   %nice    %sys %iowait    %irq   %soft  %steal  %guest  %gnice   %idle
04:39:42 PM    0   37.00    0.00   19.00    0.00    0.00    5.00    0.00    0.00    0.00   39.00

04:39:42 PM  CPU    %usr   %nice    %sys %iowait    %irq   %soft  %steal  %guest  %gnice   %idle
04:39:43 PM    0   41.00    0.00   15.00    0.00    0.00    3.00    0.00    0.00    0.00   41.00

04:39:43 PM  CPU    %usr   %nice    %sys %iowait    %irq   %soft  %steal  %guest  %gnice   %idle
04:39:44 PM    0   42.71    0.00   14.58    0.00    0.00    2.08    0.00    0.00    0.00   40.62

04:39:44 PM  CPU    %usr   %nice    %sys %iowait    %irq   %soft  %steal  %guest  %gnice   %idle
04:39:45 PM    0   36.63    0.00   19.80    0.00    0.00    3.96    0.00    0.00    0.00   39.60

04:39:45 PM  CPU    %usr   %nice    %sys %iowait    %irq   %soft  %steal  %guest  %gnice   %idle
04:39:46 PM    0   39.39    0.00   14.14    0.00    0.00    6.06    0.00    0.00    0.00   40.40

04:39:46 PM  CPU    %usr   %nice    %sys %iowait    %irq   %soft  %steal  %guest  %gnice   %idle
04:39:47 PM    0   42.86    0.00   14.29    0.00    0.00    3.06    0.00    0.00    0.00   39.80

04:39:47 PM  CPU    %usr   %nice    %sys %iowait    %irq   %soft  %steal  %guest  %gnice   %idle
04:39:48 PM    0   40.59    0.00   12.87    0.00    0.00    5.94    0.00    0.00    0.00   40.59

04:39:48 PM  CPU    %usr   %nice    %sys %iowait    %irq   %soft  %steal  %guest  %gnice   %idle
04:39:49 PM    0   41.84    0.00   12.24    0.00    0.00    4.08    0.00    0.00    0.00   41.84

04:39:49 PM  CPU    %usr   %nice    %sys %iowait    %irq   %soft  %steal  %guest  %gnice   %idle
04:39:50 PM    0   39.39    0.00   15.15    0.00    0.00    3.03    0.00    0.00    0.00   42.42

04:39:50 PM  CPU    %usr   %nice    %sys %iowait    %irq   %soft  %steal  %guest  %gnice   %idle
04:39:51 PM    0   39.00    0.00   15.00    0.00    0.00    5.00    0.00    0.00    0.00   41.00

04:39:51 PM  CPU    %usr   %nice    %sys %iowait    %irq   %soft  %steal  %guest  %gnice   %idle
04:39:52 PM    0   41.18    0.00   16.67    0.00    0.00    1.96    0.00    0.00    0.00   40.20

04:39:52 PM  CPU    %usr   %nice    %sys %iowait    %irq   %soft  %steal  %guest  %gnice   %idle
04:39:53 PM    0   40.00    0.00   16.00    0.00    0.00    3.00    0.00    0.00    0.00   41.00

04:39:53 PM  CPU    %usr   %nice    %sys %iowait    %irq   %soft  %steal  %guest  %gnice   %idle
04:39:54 PM    0   38.24    0.00   17.65    0.00    0.00    2.94    0.00    0.00    0.00   41.18

04:39:54 PM  CPU    %usr   %nice    %sys %iowait    %irq   %soft  %steal  %guest  %gnice   %idle
04:39:55 PM    0   41.00    0.00   18.00    0.00    0.00    1.00    0.00    0.00    0.00   40.00

04:39:55 PM  CPU    %usr   %nice    %sys %iowait    %irq   %soft  %steal  %guest  %gnice   %idle
04:39:56 PM    0   38.78    0.00   15.31    0.00    0.00    3.06    0.00    0.00    0.00   42.86

04:39:56 PM  CPU    %usr   %nice    %sys %iowait    %irq   %soft  %steal  %guest  %gnice   %idle
04:39:57 PM    0   35.42    0.00   15.62    0.00    0.00    6.25    0.00    0.00    0.00   42.71

04:39:57 PM  CPU    %usr   %nice    %sys %iowait    %irq   %soft  %steal  %guest  %gnice   %idle
04:39:58 PM    0   40.00    0.00   16.00    0.00    0.00    4.00    0.00    0.00    0.00   40.00

04:39:58 PM  CPU    %usr   %nice    %sys %iowait    %irq   %soft  %steal  %guest  %gnice   %idle
04:39:59 PM    0   34.69    0.00   18.37    0.00    0.00    5.10    0.00    0.00    0.00   41.84

04:39:59 PM  CPU    %usr   %nice    %sys %iowait    %irq   %soft  %steal  %guest  %gnice   %idle
04:40:00 PM    0   38.14    0.00   13.40    0.00    0.00    6.19    0.00    0.00    0.00   42.27

04:40:00 PM  CPU    %usr   %nice    %sys %iowait    %irq   %soft  %steal  %guest  %gnice   %idle
04:40:01 PM    0   40.00    0.00   13.00    0.00    0.00    6.00    0.00    0.00    0.00   41.00

04:40:01 PM  CPU    %usr   %nice    %sys %iowait    %irq   %soft  %steal  %guest  %gnice   %idle
04:40:02 PM    0   41.41    0.00   16.16    0.00    0.00    2.02    0.00    0.00    0.00   40.40

04:40:02 PM  CPU    %usr   %nice    %sys %iowait    %irq   %soft  %steal  %guest  %gnice   %idle
04:40:03 PM    0   37.37    0.00   15.15    0.00    0.00    7.07    0.00    0.00    0.00   40.40

04:40:03 PM  CPU    %usr   %nice    %sys %iowait    %irq   %soft  %steal  %guest  %gnice   %idle
04:40:04 PM    0   41.84    0.00   13.27    0.00    0.00    4.08    0.00    0.00    0.00   40.82

04:40:04 PM  CPU    %usr   %nice    %sys %iowait    %irq   %soft  %steal  %guest  %gnice   %idle
04:40:05 PM    0   39.00    0.00   16.00    0.00    0.00    5.00    0.00    0.00    0.00   40.00

04:40:05 PM  CPU    %usr   %nice    %sys %iowait    %irq   %soft  %steal  %guest  %gnice   %idle
04:40:06 PM    0   38.38    0.00   16.16    0.00    0.00    4.04    0.00    0.00    0.00   41.41

04:40:06 PM  CPU    %usr   %nice    %sys %iowait    %irq   %soft  %steal  %guest  %gnice   %idle
04:40:07 PM    0   39.00    0.00   16.00    0.00    0.00    4.00    0.00    0.00    0.00   41.00

04:40:07 PM  CPU    %usr   %nice    %sys %iowait    %irq   %soft  %steal  %guest  %gnice   %idle
04:40:08 PM    0   37.00    0.00   16.00    0.00    0.00    5.00    0.00    0.00    0.00   42.00

04:40:08 PM  CPU    %usr   %nice    %sys %iowait    %irq   %soft  %steal  %guest  %gnice   %idle
04:40:09 PM    0   41.58    0.00   13.86    0.00    0.00    3.96    0.00    0.00    0.00   40.59

04:40:09 PM  CPU    %usr   %nice    %sys %iowait    %irq   %soft  %steal  %guest  %gnice   %idle
04:40:10 PM    0   39.39    0.00   14.14    0.00    0.00    5.05    0.00    0.00    0.00   41.41

04:40:10 PM  CPU    %usr   %nice    %sys %iowait    %irq   %soft  %steal  %guest  %gnice   %idle
04:40:11 PM    0   39.18    0.00   16.49    0.00    0.00    3.09    0.00    0.00    0.00   41.24

04:40:11 PM  CPU    %usr   %nice    %sys %iowait    %irq   %soft  %steal  %guest  %gnice   %idle
04:40:12 PM    0   38.61    0.00   16.83    0.00    0.00    3.96    0.00    0.00    0.00   40.59

04:40:12 PM  CPU    %usr   %nice    %sys %iowait    %irq   %soft  %steal  %guest  %gnice   %idle
04:40:13 PM    0   41.18    0.00   16.67    0.00    0.00    1.96    0.00    0.00    0.00   40.20

04:40:13 PM  CPU    %usr   %nice    %sys %iowait    %irq   %soft  %steal  %guest  %gnice   %idle
04:40:14 PM    0   40.62    0.00   14.58    0.00    0.00    2.08    0.00    0.00    0.00   42.71

04:40:14 PM  CPU    %usr   %nice    %sys %iowait    %irq   %soft  %steal  %guest  %gnice   %idle
04:40:15 PM    0   37.37    0.00   16.16    0.00    0.00    6.06    0.00    0.00    0.00   40.40

04:40:15 PM  CPU    %usr   %nice    %sys %iowait    %irq   %soft  %steal  %guest  %gnice   %idle
04:40:16 PM    0   40.00    0.00   16.00    0.00    0.00    3.00    0.00    0.00    0.00   41.00

04:40:16 PM  CPU    %usr   %nice    %sys %iowait    %irq   %soft  %steal  %guest  %gnice   %idle
04:40:17 PM    0   43.56    0.00   13.86    0.00    0.00    1.98    0.00    0.00    0.00   40.59

04:40:17 PM  CPU    %usr   %nice    %sys %iowait    %irq   %soft  %steal  %guest  %gnice   %idle
04:40:18 PM    0   39.80    0.00   13.27    0.00    0.00    5.10    0.00    0.00    0.00   41.84

04:40:18 PM  CPU    %usr   %nice    %sys %iowait    %irq   %soft  %steal  %guest  %gnice   %idle
04:40:19 PM    0   43.00    0.00   14.00    0.00    0.00    3.00    0.00    0.00    0.00   40.00

04:40:19 PM  CPU    %usr   %nice    %sys %iowait    %irq   %soft  %steal  %guest  %gnice   %idle
04:40:20 PM    0   40.21    0.00   13.40    0.00    0.00    4.12    0.00    0.00    0.00   42.27

04:40:20 PM  CPU    %usr   %nice    %sys %iowait    %irq   %soft  %steal  %guest  %gnice   %idle
04:40:21 PM    0   39.18    0.00   15.46    0.00    0.00    4.12    0.00    0.00    0.00   41.24

04:40:21 PM  CPU    %usr   %nice    %sys %iowait    %irq   %soft  %steal  %guest  %gnice   %idle
04:40:22 PM    0   40.40    0.00   14.14    0.00    0.00    4.04    0.00    0.00    0.00   41.41

04:40:22 PM  CPU    %usr   %nice    %sys %iowait    %irq   %soft  %steal  %guest  %gnice   %idle
04:40:23 PM    0   40.00    0.00   16.00    0.00    0.00    3.00    0.00    0.00    0.00   41.00

04:40:23 PM  CPU    %usr   %nice    %sys %iowait    %irq   %soft  %steal  %guest  %gnice   %idle
04:40:24 PM    0   36.08    0.00   18.56    0.00    0.00    3.09    0.00    0.00    0.00   42.27

04:40:24 PM  CPU    %usr   %nice    %sys %iowait    %irq   %soft  %steal  %guest  %gnice   %idle
04:40:25 PM    0   41.84    0.00   14.29    0.00    0.00    3.06    0.00    0.00    0.00   40.82

04:40:25 PM  CPU    %usr   %nice    %sys %iowait    %irq   %soft  %steal  %guest  %gnice   %idle
04:40:26 PM    0   42.00    0.00   14.00    0.00    0.00    3.00    0.00    0.00    0.00   41.00

04:40:26 PM  CPU    %usr   %nice    %sys %iowait    %irq   %soft  %steal  %guest  %gnice   %idle
04:40:27 PM    0   39.60    0.00   13.86    0.00    0.00    5.94    0.00    0.00    0.00   40.59

04:40:27 PM  CPU    %usr   %nice    %sys %iowait    %irq   %soft  %steal  %guest  %gnice   %idle
04:40:28 PM    0   40.00    0.00   13.68    0.00    0.00    3.16    0.00    0.00    0.00   43.16

04:40:28 PM  CPU    %usr   %nice    %sys %iowait    %irq   %soft  %steal  %guest  %gnice   %idle
04:40:29 PM    0   39.60    0.00   16.83    0.00    0.00    2.97    0.00    0.00    0.00   40.59

04:40:29 PM  CPU    %usr   %nice    %sys %iowait    %irq   %soft  %steal  %guest  %gnice   %idle
04:40:30 PM    0   39.80    0.00   16.33    0.00    0.00    2.04    0.00    0.00    0.00   41.84

04:40:30 PM  CPU    %usr   %nice    %sys %iowait    %irq   %soft  %steal  %guest  %gnice   %idle
04:40:31 PM    0   39.39    0.00   17.17    0.00    0.00    2.02    0.00    0.00    0.00   41.41

04:40:31 PM  CPU    %usr   %nice    %sys %iowait    %irq   %soft  %steal  %guest  %gnice   %idle
04:40:32 PM    0   38.38    0.00   15.15    0.00    0.00    5.05    0.00    0.00    0.00   41.41

04:40:32 PM  CPU    %usr   %nice    %sys %iowait    %irq   %soft  %steal  %guest  %gnice   %idle
04:40:33 PM    0   41.18    0.00   14.71    0.00    0.00    3.92    0.00    0.00    0.00   40.20

04:40:33 PM  CPU    %usr   %nice    %sys %iowait    %irq   %soft  %steal  %guest  %gnice   %idle
04:40:34 PM    0   39.80    0.00   14.29    0.00    0.00    4.08    0.00    0.00    0.00   41.84

04:40:34 PM  CPU    %usr   %nice    %sys %iowait    %irq   %soft  %steal  %guest  %gnice   %idle
04:40:35 PM    0   37.25    0.00   15.69    0.00    0.00    6.86    0.00    0.00    0.00   40.20

04:40:35 PM  CPU    %usr   %nice    %sys %iowait    %irq   %soft  %steal  %guest  %gnice   %idle
04:40:36 PM    0   39.39    0.00   16.16    0.00    0.00    3.03    0.00    0.00    0.00   41.41

04:40:36 PM  CPU    %usr   %nice    %sys %iowait    %irq   %soft  %steal  %guest  %gnice   %idle
04:40:37 PM    0   38.14    0.00   16.49    0.00    0.00    3.09    0.00    0.00    0.00   42.27

04:40:37 PM  CPU    %usr   %nice    %sys %iowait    %irq   %soft  %steal  %guest  %gnice   %idle
04:40:38 PM    0   38.14    0.00   16.49    0.00    0.00    3.09    0.00    0.00    0.00   42.27

04:40:38 PM  CPU    %usr   %nice    %sys %iowait    %irq   %soft  %steal  %guest  %gnice   %idle
04:40:39 PM    0   35.35    0.00   17.17    0.00    0.00    6.06    0.00    0.00    0.00   41.41

04:40:39 PM  CPU    %usr   %nice    %sys %iowait    %irq   %soft  %steal  %guest  %gnice   %idle
04:40:40 PM    0   38.38    0.00   17.17    0.00    0.00    4.04    0.00    0.00    0.00   40.40

04:40:40 PM  CPU    %usr   %nice    %sys %iowait    %irq   %soft  %steal  %guest  %gnice   %idle
04:40:41 PM    0   36.08    0.00   20.62    0.00    0.00    2.06    0.00    0.00    0.00   41.24

04:40:41 PM  CPU    %usr   %nice    %sys %iowait    %irq   %soft  %steal  %guest  %gnice   %idle
04:40:42 PM    0   40.20    0.00   15.69    0.00    0.00    3.92    0.00    0.00    0.00   40.20

04:40:42 PM  CPU    %usr   %nice    %sys %iowait    %irq   %soft  %steal  %guest  %gnice   %idle
04:40:43 PM    0   39.58    0.00   14.58    0.00    0.00    4.17    0.00    0.00    0.00   41.67

04:40:43 PM  CPU    %usr   %nice    %sys %iowait    %irq   %soft  %steal  %guest  %gnice   %idle
04:40:44 PM    0   37.25    0.00   16.67    0.00    0.00    5.88    0.00    0.00    0.00   40.20

04:40:44 PM  CPU    %usr   %nice    %sys %iowait    %irq   %soft  %steal  %guest  %gnice   %idle
04:40:45 PM    0   45.45    0.00   10.10    0.00    0.00    3.03    0.00    0.00    0.00   41.41

04:40:45 PM  CPU    %usr   %nice    %sys %iowait    %irq   %soft  %steal  %guest  %gnice   %idle
04:40:46 PM    0   38.78    0.00   15.31    0.00    0.00    4.08    0.00    0.00    0.00   41.84

04:40:46 PM  CPU    %usr   %nice    %sys %iowait    %irq   %soft  %steal  %guest  %gnice   %idle
04:40:47 PM    0   40.00    0.00   13.00    0.00    0.00    6.00    0.00    0.00    0.00   41.00

04:40:47 PM  CPU    %usr   %nice    %sys %iowait    %irq   %soft  %steal  %guest  %gnice   %idle
04:40:48 PM    0   37.00    0.00   19.00    0.00    0.00    3.00    0.00    0.00    0.00   41.00

04:40:48 PM  CPU    %usr   %nice    %sys %iowait    %irq   %soft  %steal  %guest  %gnice   %idle
04:40:49 PM    0   39.00    0.00   16.00    0.00    0.00    5.00    0.00    0.00    0.00   40.00

04:40:49 PM  CPU    %usr   %nice    %sys %iowait    %irq   %soft  %steal  %guest  %gnice   %idle
04:40:50 PM    0   39.22    0.00   16.67    0.00    0.00    4.90    0.00    0.00    0.00   39.22

04:40:50 PM  CPU    %usr   %nice    %sys %iowait    %irq   %soft  %steal  %guest  %gnice   %idle
04:40:51 PM    0   38.78    0.00   16.33    0.00    0.00    3.06    0.00    0.00    0.00   41.84

04:40:51 PM  CPU    %usr   %nice    %sys %iowait    %irq   %soft  %steal  %guest  %gnice   %idle
04:40:52 PM    0   42.00    0.00   15.00    0.00    0.00    2.00    0.00    0.00    0.00   41.00

04:40:52 PM  CPU    %usr   %nice    %sys %iowait    %irq   %soft  %steal  %guest  %gnice   %idle
04:40:53 PM    0   40.40    0.00   14.14    0.00    0.00    5.05    0.00    0.00    0.00   40.40

04:40:53 PM  CPU    %usr   %nice    %sys %iowait    %irq   %soft  %steal  %guest  %gnice   %idle
04:40:54 PM    0   36.63    0.00   19.80    0.00    0.00    1.98    0.00    0.00    0.00   41.58

04:40:54 PM  CPU    %usr   %nice    %sys %iowait    %irq   %soft  %steal  %guest  %gnice   %idle
04:40:55 PM    0   39.80    0.00   15.31    0.00    0.00    3.06    0.00    0.00    0.00   41.84

04:40:55 PM  CPU    %usr   %nice    %sys %iowait    %irq   %soft  %steal  %guest  %gnice   %idle
04:40:56 PM    0   41.41    0.00   13.13    0.00    0.00    5.05    0.00    0.00    0.00   40.40

04:40:56 PM  CPU    %usr   %nice    %sys %iowait    %irq   %soft  %steal  %guest  %gnice   %idle
04:40:57 PM    0   38.78    0.00   14.29    0.00    0.00    5.10    0.00    0.00    0.00   41.84

04:40:57 PM  CPU    %usr   %nice    %sys %iowait    %irq   %soft  %steal  %guest  %gnice   %idle
04:40:58 PM    0   39.42    0.00   16.35    0.00    0.00    3.85    0.00    0.00    0.00   40.38

04:40:58 PM  CPU    %usr   %nice    %sys %iowait    %irq   %soft  %steal  %guest  %gnice   %idle
04:40:59 PM    0   39.18    0.00   16.49    0.00    0.00    3.09    0.00    0.00    0.00   41.24

04:40:59 PM  CPU    %usr   %nice    %sys %iowait    %irq   %soft  %steal  %guest  %gnice   %idle
04:41:00 PM    0   40.82    0.00   12.24    0.00    0.00    5.10    0.00    0.00    0.00   41.84

04:41:00 PM  CPU    %usr   %nice    %sys %iowait    %irq   %soft  %steal  %guest  %gnice   %idle
04:41:01 PM    0   37.37    0.00   17.17    0.00    0.00    3.03    0.00    0.00    0.00   42.42

04:41:01 PM  CPU    %usr   %nice    %sys %iowait    %irq   %soft  %steal  %guest  %gnice   %idle
04:41:02 PM    0   39.80    0.00   14.29    0.00    0.00    4.08    0.00    0.00    0.00   41.84

04:41:02 PM  CPU    %usr   %nice    %sys %iowait    %irq   %soft  %steal  %guest  %gnice   %idle
04:41:03 PM    0   39.00    0.00   18.00    0.00    0.00    2.00    0.00    0.00    0.00   41.00

04:41:03 PM  CPU    %usr   %nice    %sys %iowait    %irq   %soft  %steal  %guest  %gnice   %idle
04:41:04 PM    0   40.62    0.00   12.50    0.00    0.00    4.17    0.00    0.00    0.00   42.71

04:41:04 PM  CPU    %usr   %nice    %sys %iowait    %irq   %soft  %steal  %guest  %gnice   %idle
04:41:05 PM    0   34.69    0.00   17.35    0.00    0.00    6.12    0.00    0.00    0.00   41.84

04:41:05 PM  CPU    %usr   %nice    %sys %iowait    %irq   %soft  %steal  %guest  %gnice   %idle
04:41:06 PM    0   39.60    0.00   14.85    0.00    0.00    5.94    0.00    0.00    0.00   39.60

04:41:06 PM  CPU    %usr   %nice    %sys %iowait    %irq   %soft  %steal  %guest  %gnice   %idle
04:41:07 PM    0   38.78    0.00   16.33    0.00    0.00    3.06    0.00    0.00    0.00   41.84

04:41:07 PM  CPU    %usr   %nice    %sys %iowait    %irq   %soft  %steal  %guest  %gnice   %idle
04:41:08 PM    0   41.05    0.00   12.63    0.00    0.00    3.16    0.00    0.00    0.00   43.16

04:41:08 PM  CPU    %usr   %nice    %sys %iowait    %irq   %soft  %steal  %guest  %gnice   %idle
04:41:09 PM    0   39.39    0.00   15.15    0.00    0.00    3.03    0.00    0.00    0.00   42.42

04:41:09 PM  CPU    %usr   %nice    %sys %iowait    %irq   %soft  %steal  %guest  %gnice   %idle
04:41:10 PM    0   40.59    0.00   14.85    0.00    0.00    3.96    0.00    0.00    0.00   40.59

04:41:10 PM  CPU    %usr   %nice    %sys %iowait    %irq   %soft  %steal  %guest  %gnice   %idle
04:41:11 PM    0   35.42    0.00   16.67    0.00    0.00    5.21    0.00    0.00    0.00   42.71

04:41:11 PM  CPU    %usr   %nice    %sys %iowait    %irq   %soft  %steal  %guest  %gnice   %idle
04:41:12 PM    0   41.00    0.00   16.00    0.00    0.00    2.00    0.00    0.00    0.00   41.00

04:41:12 PM  CPU    %usr   %nice    %sys %iowait    %irq   %soft  %steal  %guest  %gnice   %idle
04:41:13 PM    0   39.00    0.00   16.00    0.00    0.00    4.00    0.00    0.00    0.00   41.00

04:41:13 PM  CPU    %usr   %nice    %sys %iowait    %irq   %soft  %steal  %guest  %gnice   %idle
04:41:14 PM    0   38.61    0.00   16.83    0.00    0.00    3.96    0.00    0.00    0.00   40.59

04:41:14 PM  CPU    %usr   %nice    %sys %iowait    %irq   %soft  %steal  %guest  %gnice   %idle
04:41:15 PM    0   38.78    0.00   17.35    0.00    0.00    2.04    0.00    0.00    0.00   41.84

04:41:15 PM  CPU    %usr   %nice    %sys %iowait    %irq   %soft  %steal  %guest  %gnice   %idle
04:41:16 PM    0   38.61    0.00   18.81    0.00    0.00    1.98    0.00    0.00    0.00   40.59

04:41:16 PM  CPU    %usr   %nice    %sys %iowait    %irq   %soft  %steal  %guest  %gnice   %idle
04:41:17 PM    0   39.80    0.00   15.31    0.00    0.00    3.06    0.00    0.00    0.00   41.84

04:41:17 PM  CPU    %usr   %nice    %sys %iowait    %irq   %soft  %steal  %guest  %gnice   %idle
04:41:18 PM    0   38.95    0.00   14.74    0.00    0.00    3.16    0.00    0.00    0.00   43.16

04:41:18 PM  CPU    %usr   %nice    %sys %iowait    %irq   %soft  %steal  %guest  %gnice   %idle
04:41:19 PM    0   34.69    0.00   17.35    0.00    0.00    6.12    0.00    0.00    0.00   41.84

04:41:19 PM  CPU    %usr   %nice    %sys %iowait    %irq   %soft  %steal  %guest  %gnice   %idle
04:41:20 PM    0   43.00    0.00   13.00    0.00    0.00    4.00    0.00    0.00    0.00   40.00

04:41:20 PM  CPU    %usr   %nice    %sys %iowait    %irq   %soft  %steal  %guest  %gnice   %idle
04:41:21 PM    0   42.16    0.00   13.73    0.00    0.00    3.92    0.00    0.00    0.00   40.20

04:41:21 PM  CPU    %usr   %nice    %sys %iowait    %irq   %soft  %steal  %guest  %gnice   %idle
04:41:22 PM    0   40.00    0.00   16.00    0.00    0.00    3.00    0.00    0.00    0.00   41.00

04:41:22 PM  CPU    %usr   %nice    %sys %iowait    %irq   %soft  %steal  %guest  %gnice   %idle
04:41:23 PM    0   41.84    0.00   13.27    0.00    0.00    3.06    0.00    0.00    0.00   41.84

04:41:23 PM  CPU    %usr   %nice    %sys %iowait    %irq   %soft  %steal  %guest  %gnice   %idle
04:41:24 PM    0   39.39    0.00   15.15    0.00    0.00    4.04    0.00    0.00    0.00   41.41

04:41:24 PM  CPU    %usr   %nice    %sys %iowait    %irq   %soft  %steal  %guest  %gnice   %idle
04:41:25 PM    0   37.00    0.00   19.00    0.00    0.00    4.00    0.00    0.00    0.00   40.00

04:41:25 PM  CPU    %usr   %nice    %sys %iowait    %irq   %soft  %steal  %guest  %gnice   %idle
04:41:26 PM    0   38.78    0.00   15.31    0.00    0.00    4.08    0.00    0.00    0.00   41.84

04:41:26 PM  CPU    %usr   %nice    %sys %iowait    %irq   %soft  %steal  %guest  %gnice   %idle
04:41:27 PM    0   41.84    0.00   13.27    0.00    0.00    4.08    0.00    0.00    0.00   40.82

04:41:27 PM  CPU    %usr   %nice    %sys %iowait    %irq   %soft  %steal  %guest  %gnice   %idle
04:41:28 PM    0   40.82    0.00   15.31    0.00    0.00    3.06    0.00    0.00    0.00   40.82

04:41:28 PM  CPU    %usr   %nice    %sys %iowait    %irq   %soft  %steal  %guest  %gnice   %idle
04:41:29 PM    0   40.00    0.00   15.00    0.00    0.00    4.00    0.00    0.00    0.00   41.00

04:41:29 PM  CPU    %usr   %nice    %sys %iowait    %irq   %soft  %steal  %guest  %gnice   %idle
04:41:30 PM    0   36.46    0.00   17.71    0.00    0.00    3.12    0.00    0.00    0.00   42.71

04:41:30 PM  CPU    %usr   %nice    %sys %iowait    %irq   %soft  %steal  %guest  %gnice   %idle
04:41:31 PM    0   38.78    0.00   14.29    0.00    0.00    5.10    0.00    0.00    0.00   41.84

04:41:31 PM  CPU    %usr   %nice    %sys %iowait    %irq   %soft  %steal  %guest  %gnice   %idle
04:41:32 PM    0   31.31    0.00   20.20    0.00    0.00    6.06    0.00    0.00    0.00   42.42

Average:     CPU    %usr   %nice    %sys %iowait    %irq   %soft  %steal  %guest  %gnice   %idle
Average:       0   39.37    0.00   15.55    0.00    0.00    3.98    0.00    0.00    0.00   41.10
