Linux 5.3.0-61-generic (cw-zenbook) 	07/16/2020 	_x86_64_	(8 CPU)

05:13:33 PM  CPU    %usr   %nice    %sys %iowait    %irq   %soft  %steal  %guest  %gnice   %idle
05:13:34 PM    0   54.08    0.00   19.39    0.00    0.00    4.08    0.00    0.00    0.00   22.45

05:13:34 PM  CPU    %usr   %nice    %sys %iowait    %irq   %soft  %steal  %guest  %gnice   %idle
05:13:35 PM    0   52.04    0.00   20.41    0.00    0.00    6.12    0.00    0.00    0.00   21.43

05:13:35 PM  CPU    %usr   %nice    %sys %iowait    %irq   %soft  %steal  %guest  %gnice   %idle
05:13:36 PM    0   53.61    0.00   18.56    0.00    0.00    5.15    0.00    0.00    0.00   22.68

05:13:36 PM  CPU    %usr   %nice    %sys %iowait    %irq   %soft  %steal  %guest  %gnice   %idle
05:13:37 PM    0   51.96    0.00   22.55    0.00    0.00    3.92    0.00    0.00    0.00   21.57

05:13:37 PM  CPU    %usr   %nice    %sys %iowait    %irq   %soft  %steal  %guest  %gnice   %idle
05:13:38 PM    0   54.08    0.00   20.41    0.00    0.00    5.10    0.00    0.00    0.00   20.41

05:13:38 PM  CPU    %usr   %nice    %sys %iowait    %irq   %soft  %steal  %guest  %gnice   %idle
05:13:39 PM    0   51.52    0.00   20.20    0.00    0.00    6.06    0.00    0.00    0.00   22.22

05:13:39 PM  CPU    %usr   %nice    %sys %iowait    %irq   %soft  %steal  %guest  %gnice   %idle
05:13:40 PM    0   49.49    0.00   24.24    0.00    0.00    5.05    0.00    0.00    0.00   21.21

05:13:40 PM  CPU    %usr   %nice    %sys %iowait    %irq   %soft  %steal  %guest  %gnice   %idle
05:13:41 PM    0   53.54    0.00   19.19    0.00    0.00    6.06    0.00    0.00    0.00   21.21

05:13:41 PM  CPU    %usr   %nice    %sys %iowait    %irq   %soft  %steal  %guest  %gnice   %idle
05:13:42 PM    0   51.00    0.00   22.00    0.00    0.00    5.00    0.00    0.00    0.00   22.00

05:13:42 PM  CPU    %usr   %nice    %sys %iowait    %irq   %soft  %steal  %guest  %gnice   %idle
05:13:43 PM    0   56.70    0.00   19.59    0.00    0.00    2.06    0.00    0.00    0.00   21.65

05:13:43 PM  CPU    %usr   %nice    %sys %iowait    %irq   %soft  %steal  %guest  %gnice   %idle
05:13:44 PM    0   56.70    0.00   18.56    0.00    0.00    3.09    0.00    0.00    0.00   21.65

05:13:44 PM  CPU    %usr   %nice    %sys %iowait    %irq   %soft  %steal  %guest  %gnice   %idle
05:13:45 PM    0   52.53    0.00   20.20    0.00    0.00    6.06    0.00    0.00    0.00   21.21

05:13:45 PM  CPU    %usr   %nice    %sys %iowait    %irq   %soft  %steal  %guest  %gnice   %idle
05:13:46 PM    0   54.37    0.00   19.42    0.00    0.00    5.83    0.00    0.00    0.00   20.39

05:13:46 PM  CPU    %usr   %nice    %sys %iowait    %irq   %soft  %steal  %guest  %gnice   %idle
05:13:47 PM    0   50.00    0.00   24.00    0.00    0.00    5.00    0.00    0.00    0.00   21.00

05:13:47 PM  CPU    %usr   %nice    %sys %iowait    %irq   %soft  %steal  %guest  %gnice   %idle
05:13:48 PM    0   54.55    0.00   22.22    0.00    0.00    2.02    0.00    0.00    0.00   21.21

05:13:48 PM  CPU    %usr   %nice    %sys %iowait    %irq   %soft  %steal  %guest  %gnice   %idle
05:13:49 PM    0   54.46    0.00   17.82    0.00    0.00    5.94    0.00    0.00    0.00   21.78

05:13:49 PM  CPU    %usr   %nice    %sys %iowait    %irq   %soft  %steal  %guest  %gnice   %idle
05:13:50 PM    0   54.08    0.00   20.41    0.00    0.00    4.08    0.00    0.00    0.00   21.43

05:13:50 PM  CPU    %usr   %nice    %sys %iowait    %irq   %soft  %steal  %guest  %gnice   %idle
05:13:51 PM    0   58.59    0.00   14.14    0.00    0.00    6.06    0.00    0.00    0.00   21.21

05:13:51 PM  CPU    %usr   %nice    %sys %iowait    %irq   %soft  %steal  %guest  %gnice   %idle
05:13:52 PM    0   49.49    0.00   23.23    0.00    0.00    6.06    0.00    0.00    0.00   21.21

05:13:52 PM  CPU    %usr   %nice    %sys %iowait    %irq   %soft  %steal  %guest  %gnice   %idle
05:13:53 PM    0   54.46    0.00   19.80    0.00    0.00    3.96    0.00    0.00    0.00   21.78

05:13:53 PM  CPU    %usr   %nice    %sys %iowait    %irq   %soft  %steal  %guest  %gnice   %idle
05:13:54 PM    0   53.47    0.00   23.76    0.00    0.00    1.98    0.00    0.00    0.00   20.79

05:13:54 PM  CPU    %usr   %nice    %sys %iowait    %irq   %soft  %steal  %guest  %gnice   %idle
05:13:55 PM    0   50.00    0.00   22.55    0.00    0.00    5.88    0.00    0.00    0.00   21.57

05:13:55 PM  CPU    %usr   %nice    %sys %iowait    %irq   %soft  %steal  %guest  %gnice   %idle
05:13:56 PM    0   57.00    0.00   16.00    0.00    0.00    6.00    0.00    0.00    0.00   21.00

05:13:56 PM  CPU    %usr   %nice    %sys %iowait    %irq   %soft  %steal  %guest  %gnice   %idle
05:13:57 PM    0   54.55    0.00   20.20    0.00    0.00    4.04    0.00    0.00    0.00   21.21

05:13:57 PM  CPU    %usr   %nice    %sys %iowait    %irq   %soft  %steal  %guest  %gnice   %idle
05:13:58 PM    0   52.94    0.00   19.61    0.00    0.00    6.86    0.00    0.00    0.00   20.59

05:13:58 PM  CPU    %usr   %nice    %sys %iowait    %irq   %soft  %steal  %guest  %gnice   %idle
05:13:59 PM    0   57.43    0.00   15.84    0.00    0.00    5.94    0.00    0.00    0.00   20.79

05:13:59 PM  CPU    %usr   %nice    %sys %iowait    %irq   %soft  %steal  %guest  %gnice   %idle
05:14:00 PM    0   51.52    0.00   18.18    0.00    0.00    8.08    0.00    0.00    0.00   22.22

05:14:00 PM  CPU    %usr   %nice    %sys %iowait    %irq   %soft  %steal  %guest  %gnice   %idle
05:14:01 PM    0   55.56    0.00   18.18    0.00    0.00    5.05    0.00    0.00    0.00   21.21

05:14:01 PM  CPU    %usr   %nice    %sys %iowait    %irq   %soft  %steal  %guest  %gnice   %idle
05:14:02 PM    0   48.00    0.00   28.00    0.00    0.00    3.00    0.00    0.00    0.00   21.00

05:14:02 PM  CPU    %usr   %nice    %sys %iowait    %irq   %soft  %steal  %guest  %gnice   %idle
05:14:03 PM    0   49.50    0.00   25.74    0.00    0.00    3.96    0.00    0.00    0.00   20.79

05:14:03 PM  CPU    %usr   %nice    %sys %iowait    %irq   %soft  %steal  %guest  %gnice   %idle
05:14:04 PM    0   53.00    0.00   20.00    0.00    0.00    6.00    0.00    0.00    0.00   21.00

05:14:04 PM  CPU    %usr   %nice    %sys %iowait    %irq   %soft  %steal  %guest  %gnice   %idle
05:14:05 PM    0   57.73    0.00   19.59    0.00    0.00    1.03    0.00    0.00    0.00   21.65

05:14:05 PM  CPU    %usr   %nice    %sys %iowait    %irq   %soft  %steal  %guest  %gnice   %idle
05:14:06 PM    0   54.55    0.00   18.18    0.00    0.00    6.06    0.00    0.00    0.00   21.21

05:14:06 PM  CPU    %usr   %nice    %sys %iowait    %irq   %soft  %steal  %guest  %gnice   %idle
05:14:07 PM    0   49.49    0.00   21.21    0.00    0.00    7.07    0.00    0.00    0.00   22.22

05:14:07 PM  CPU    %usr   %nice    %sys %iowait    %irq   %soft  %steal  %guest  %gnice   %idle
05:14:08 PM    0   51.55    0.00   20.62    0.00    0.00    6.19    0.00    0.00    0.00   21.65

05:14:08 PM  CPU    %usr   %nice    %sys %iowait    %irq   %soft  %steal  %guest  %gnice   %idle
05:14:09 PM    0   55.77    0.00   19.23    0.00    0.00    4.81    0.00    0.00    0.00   20.19

05:14:09 PM  CPU    %usr   %nice    %sys %iowait    %irq   %soft  %steal  %guest  %gnice   %idle
05:14:10 PM    0   53.47    0.00   18.81    0.00    0.00    6.93    0.00    0.00    0.00   20.79

05:14:10 PM  CPU    %usr   %nice    %sys %iowait    %irq   %soft  %steal  %guest  %gnice   %idle
05:14:11 PM    0   51.49    0.00   20.79    0.00    0.00    6.93    0.00    0.00    0.00   20.79

05:14:11 PM  CPU    %usr   %nice    %sys %iowait    %irq   %soft  %steal  %guest  %gnice   %idle
05:14:12 PM    0   57.43    0.00   18.81    0.00    0.00    3.96    0.00    0.00    0.00   19.80

05:14:12 PM  CPU    %usr   %nice    %sys %iowait    %irq   %soft  %steal  %guest  %gnice   %idle
05:14:13 PM    0   55.00    0.00   19.00    0.00    0.00    6.00    0.00    0.00    0.00   20.00

05:14:13 PM  CPU    %usr   %nice    %sys %iowait    %irq   %soft  %steal  %guest  %gnice   %idle
05:14:14 PM    0   56.57    0.00   18.18    0.00    0.00    4.04    0.00    0.00    0.00   21.21

05:14:14 PM  CPU    %usr   %nice    %sys %iowait    %irq   %soft  %steal  %guest  %gnice   %idle
05:14:15 PM    0   53.54    0.00   20.20    0.00    0.00    5.05    0.00    0.00    0.00   21.21

05:14:15 PM  CPU    %usr   %nice    %sys %iowait    %irq   %soft  %steal  %guest  %gnice   %idle
05:14:16 PM    0   56.86    0.00   17.65    0.00    0.00    4.90    0.00    0.00    0.00   20.59

05:14:16 PM  CPU    %usr   %nice    %sys %iowait    %irq   %soft  %steal  %guest  %gnice   %idle
05:14:17 PM    0   50.00    0.00   20.83    0.00    0.00    6.25    0.00    0.00    0.00   22.92

05:14:17 PM  CPU    %usr   %nice    %sys %iowait    %irq   %soft  %steal  %guest  %gnice   %idle
05:14:18 PM    0   59.60    0.00   16.16    0.00    0.00    3.03    0.00    0.00    0.00   21.21

05:14:18 PM  CPU    %usr   %nice    %sys %iowait    %irq   %soft  %steal  %guest  %gnice   %idle
05:14:19 PM    0   53.47    0.00   23.76    0.00    0.00    2.97    0.00    0.00    0.00   19.80

05:14:19 PM  CPU    %usr   %nice    %sys %iowait    %irq   %soft  %steal  %guest  %gnice   %idle
05:14:20 PM    0   53.40    0.00   17.48    0.00    0.00    7.77    0.00    0.00    0.00   21.36

05:14:20 PM  CPU    %usr   %nice    %sys %iowait    %irq   %soft  %steal  %guest  %gnice   %idle
05:14:21 PM    0   53.00    0.00   20.00    0.00    0.00    6.00    0.00    0.00    0.00   21.00

05:14:21 PM  CPU    %usr   %nice    %sys %iowait    %irq   %soft  %steal  %guest  %gnice   %idle
05:14:22 PM    0   50.50    0.00   22.77    0.00    0.00    5.94    0.00    0.00    0.00   20.79

05:14:22 PM  CPU    %usr   %nice    %sys %iowait    %irq   %soft  %steal  %guest  %gnice   %idle
05:14:23 PM    0   54.55    0.00   17.17    0.00    0.00    7.07    0.00    0.00    0.00   21.21

05:14:23 PM  CPU    %usr   %nice    %sys %iowait    %irq   %soft  %steal  %guest  %gnice   %idle
05:14:24 PM    0   53.92    0.00   18.63    0.00    0.00    5.88    0.00    0.00    0.00   21.57

05:14:24 PM  CPU    %usr   %nice    %sys %iowait    %irq   %soft  %steal  %guest  %gnice   %idle
05:14:25 PM    0   53.54    0.00   20.20    0.00    0.00    5.05    0.00    0.00    0.00   21.21

05:14:25 PM  CPU    %usr   %nice    %sys %iowait    %irq   %soft  %steal  %guest  %gnice   %idle
05:14:26 PM    0   53.54    0.00   18.18    0.00    0.00    7.07    0.00    0.00    0.00   21.21

05:14:26 PM  CPU    %usr   %nice    %sys %iowait    %irq   %soft  %steal  %guest  %gnice   %idle
05:14:27 PM    0   52.53    0.00   21.21    0.00    0.00    5.05    0.00    0.00    0.00   21.21

05:14:27 PM  CPU    %usr   %nice    %sys %iowait    %irq   %soft  %steal  %guest  %gnice   %idle
05:14:28 PM    0   52.48    0.00   22.77    0.00    0.00    3.96    0.00    0.00    0.00   20.79

05:14:28 PM  CPU    %usr   %nice    %sys %iowait    %irq   %soft  %steal  %guest  %gnice   %idle
05:14:29 PM    0   53.00    0.00   18.00    0.00    0.00    7.00    0.00    0.00    0.00   22.00

05:14:29 PM  CPU    %usr   %nice    %sys %iowait    %irq   %soft  %steal  %guest  %gnice   %idle
05:14:30 PM    0   52.53    0.00   18.18    0.00    0.00    7.07    0.00    0.00    0.00   22.22

05:14:30 PM  CPU    %usr   %nice    %sys %iowait    %irq   %soft  %steal  %guest  %gnice   %idle
05:14:31 PM    0   54.46    0.00   19.80    0.00    0.00    4.95    0.00    0.00    0.00   20.79

05:14:31 PM  CPU    %usr   %nice    %sys %iowait    %irq   %soft  %steal  %guest  %gnice   %idle
05:14:32 PM    0   58.16    0.00   17.35    0.00    0.00    3.06    0.00    0.00    0.00   21.43

05:14:32 PM  CPU    %usr   %nice    %sys %iowait    %irq   %soft  %steal  %guest  %gnice   %idle
05:14:33 PM    0   54.46    0.00   19.80    0.00    0.00    3.96    0.00    0.00    0.00   21.78

05:14:33 PM  CPU    %usr   %nice    %sys %iowait    %irq   %soft  %steal  %guest  %gnice   %idle
05:14:34 PM    0   51.49    0.00   20.79    0.00    0.00    5.94    0.00    0.00    0.00   21.78

05:14:34 PM  CPU    %usr   %nice    %sys %iowait    %irq   %soft  %steal  %guest  %gnice   %idle
05:14:35 PM    0   52.04    0.00   20.41    0.00    0.00    6.12    0.00    0.00    0.00   21.43

05:14:35 PM  CPU    %usr   %nice    %sys %iowait    %irq   %soft  %steal  %guest  %gnice   %idle
05:14:36 PM    0   50.50    0.00   23.76    0.00    0.00    3.96    0.00    0.00    0.00   21.78

05:14:36 PM  CPU    %usr   %nice    %sys %iowait    %irq   %soft  %steal  %guest  %gnice   %idle
05:14:37 PM    0   49.50    0.00   22.77    0.00    0.00    5.94    0.00    0.00    0.00   21.78

05:14:37 PM  CPU    %usr   %nice    %sys %iowait    %irq   %soft  %steal  %guest  %gnice   %idle
05:14:38 PM    0   53.54    0.00   21.21    0.00    0.00    4.04    0.00    0.00    0.00   21.21

05:14:38 PM  CPU    %usr   %nice    %sys %iowait    %irq   %soft  %steal  %guest  %gnice   %idle
05:14:39 PM    0   55.00    0.00   18.00    0.00    0.00    5.00    0.00    0.00    0.00   22.00

05:14:39 PM  CPU    %usr   %nice    %sys %iowait    %irq   %soft  %steal  %guest  %gnice   %idle
05:14:40 PM    0   53.00    0.00   23.00    0.00    0.00    3.00    0.00    0.00    0.00   21.00

05:14:40 PM  CPU    %usr   %nice    %sys %iowait    %irq   %soft  %steal  %guest  %gnice   %idle
05:14:41 PM    0   53.54    0.00   20.20    0.00    0.00    4.04    0.00    0.00    0.00   22.22

05:14:41 PM  CPU    %usr   %nice    %sys %iowait    %irq   %soft  %steal  %guest  %gnice   %idle
05:14:42 PM    0   52.58    0.00   20.62    0.00    0.00    5.15    0.00    0.00    0.00   21.65

05:14:42 PM  CPU    %usr   %nice    %sys %iowait    %irq   %soft  %steal  %guest  %gnice   %idle
05:14:43 PM    0   57.43    0.00   16.83    0.00    0.00    4.95    0.00    0.00    0.00   20.79

05:14:43 PM  CPU    %usr   %nice    %sys %iowait    %irq   %soft  %steal  %guest  %gnice   %idle
05:14:44 PM    0   50.00    0.00   21.00    0.00    0.00    6.00    0.00    0.00    0.00   23.00

05:14:44 PM  CPU    %usr   %nice    %sys %iowait    %irq   %soft  %steal  %guest  %gnice   %idle
05:14:45 PM    0   55.10    0.00   18.37    0.00    0.00    5.10    0.00    0.00    0.00   21.43

05:14:45 PM  CPU    %usr   %nice    %sys %iowait    %irq   %soft  %steal  %guest  %gnice   %idle
05:14:46 PM    0   54.08    0.00   21.43    0.00    0.00    3.06    0.00    0.00    0.00   21.43

05:14:46 PM  CPU    %usr   %nice    %sys %iowait    %irq   %soft  %steal  %guest  %gnice   %idle
05:14:47 PM    0   57.00    0.00   16.00    0.00    0.00    6.00    0.00    0.00    0.00   21.00

05:14:47 PM  CPU    %usr   %nice    %sys %iowait    %irq   %soft  %steal  %guest  %gnice   %idle
05:14:48 PM    0   56.57    0.00   18.18    0.00    0.00    3.03    0.00    0.00    0.00   22.22

05:14:48 PM  CPU    %usr   %nice    %sys %iowait    %irq   %soft  %steal  %guest  %gnice   %idle
05:14:49 PM    0   54.90    0.00   20.59    0.00    0.00    3.92    0.00    0.00    0.00   20.59

05:14:49 PM  CPU    %usr   %nice    %sys %iowait    %irq   %soft  %steal  %guest  %gnice   %idle
05:14:50 PM    0   54.46    0.00   16.83    0.00    0.00    6.93    0.00    0.00    0.00   21.78

05:14:50 PM  CPU    %usr   %nice    %sys %iowait    %irq   %soft  %steal  %guest  %gnice   %idle
05:14:51 PM    0   54.46    0.00   18.81    0.00    0.00    6.93    0.00    0.00    0.00   19.80

05:14:51 PM  CPU    %usr   %nice    %sys %iowait    %irq   %soft  %steal  %guest  %gnice   %idle
05:14:52 PM    0   50.00    0.00   21.57    0.00    0.00    6.86    0.00    0.00    0.00   21.57

05:14:52 PM  CPU    %usr   %nice    %sys %iowait    %irq   %soft  %steal  %guest  %gnice   %idle
05:14:53 PM    0   47.00    0.00   23.00    0.00    0.00    8.00    0.00    0.00    0.00   22.00

05:14:53 PM  CPU    %usr   %nice    %sys %iowait    %irq   %soft  %steal  %guest  %gnice   %idle
05:14:54 PM    0   51.96    0.00   20.59    0.00    0.00    5.88    0.00    0.00    0.00   21.57

05:14:54 PM  CPU    %usr   %nice    %sys %iowait    %irq   %soft  %steal  %guest  %gnice   %idle
05:14:55 PM    0   53.00    0.00   20.00    0.00    0.00    6.00    0.00    0.00    0.00   21.00

05:14:55 PM  CPU    %usr   %nice    %sys %iowait    %irq   %soft  %steal  %guest  %gnice   %idle
05:14:56 PM    0   53.61    0.00   20.62    0.00    0.00    4.12    0.00    0.00    0.00   21.65

05:14:56 PM  CPU    %usr   %nice    %sys %iowait    %irq   %soft  %steal  %guest  %gnice   %idle
05:14:57 PM    0   54.55    0.00   18.18    0.00    0.00    6.06    0.00    0.00    0.00   21.21

05:14:57 PM  CPU    %usr   %nice    %sys %iowait    %irq   %soft  %steal  %guest  %gnice   %idle
05:14:58 PM    0   55.88    0.00   16.67    0.00    0.00    5.88    0.00    0.00    0.00   21.57

05:14:58 PM  CPU    %usr   %nice    %sys %iowait    %irq   %soft  %steal  %guest  %gnice   %idle
05:14:59 PM    0   54.55    0.00   19.19    0.00    0.00    5.05    0.00    0.00    0.00   21.21

05:14:59 PM  CPU    %usr   %nice    %sys %iowait    %irq   %soft  %steal  %guest  %gnice   %idle
05:15:00 PM    0   53.54    0.00   18.18    0.00    0.00    5.05    0.00    0.00    0.00   23.23

05:15:00 PM  CPU    %usr   %nice    %sys %iowait    %irq   %soft  %steal  %guest  %gnice   %idle
05:15:01 PM    0   48.00    0.00   24.00    0.00    0.00    7.00    0.00    0.00    0.00   21.00

05:15:01 PM  CPU    %usr   %nice    %sys %iowait    %irq   %soft  %steal  %guest  %gnice   %idle
05:15:02 PM    0   56.00    0.00   18.00    0.00    0.00    5.00    0.00    0.00    0.00   21.00

05:15:02 PM  CPU    %usr   %nice    %sys %iowait    %irq   %soft  %steal  %guest  %gnice   %idle
05:15:03 PM    0   57.00    0.00   18.00    0.00    0.00    4.00    0.00    0.00    0.00   21.00

05:15:03 PM  CPU    %usr   %nice    %sys %iowait    %irq   %soft  %steal  %guest  %gnice   %idle
05:15:04 PM    0   56.12    0.00   17.35    0.00    0.00    6.12    0.00    0.00    0.00   20.41

05:15:04 PM  CPU    %usr   %nice    %sys %iowait    %irq   %soft  %steal  %guest  %gnice   %idle
05:15:05 PM    0   52.00    0.00   21.00    0.00    0.00    6.00    0.00    0.00    0.00   21.00

05:15:05 PM  CPU    %usr   %nice    %sys %iowait    %irq   %soft  %steal  %guest  %gnice   %idle
05:15:06 PM    0   51.96    0.00   21.57    0.00    0.00    4.90    0.00    0.00    0.00   21.57

05:15:06 PM  CPU    %usr   %nice    %sys %iowait    %irq   %soft  %steal  %guest  %gnice   %idle
05:15:07 PM    0   50.00    0.00   22.00    0.00    0.00    7.00    0.00    0.00    0.00   21.00

05:15:07 PM  CPU    %usr   %nice    %sys %iowait    %irq   %soft  %steal  %guest  %gnice   %idle
05:15:08 PM    0   54.00    0.00   21.00    0.00    0.00    4.00    0.00    0.00    0.00   21.00

05:15:08 PM  CPU    %usr   %nice    %sys %iowait    %irq   %soft  %steal  %guest  %gnice   %idle
05:15:09 PM    0   50.51    0.00   22.22    0.00    0.00    6.06    0.00    0.00    0.00   21.21

05:15:09 PM  CPU    %usr   %nice    %sys %iowait    %irq   %soft  %steal  %guest  %gnice   %idle
05:15:10 PM    0   53.00    0.00   21.00    0.00    0.00    5.00    0.00    0.00    0.00   21.00

05:15:10 PM  CPU    %usr   %nice    %sys %iowait    %irq   %soft  %steal  %guest  %gnice   %idle
05:15:11 PM    0   50.00    0.00   24.00    0.00    0.00    5.00    0.00    0.00    0.00   21.00

05:15:11 PM  CPU    %usr   %nice    %sys %iowait    %irq   %soft  %steal  %guest  %gnice   %idle
05:15:12 PM    0   54.46    0.00   19.80    0.00    0.00    4.95    0.00    0.00    0.00   20.79

05:15:12 PM  CPU    %usr   %nice    %sys %iowait    %irq   %soft  %steal  %guest  %gnice   %idle
05:15:13 PM    0   50.00    0.00   20.59    0.00    0.00    8.82    0.00    0.00    0.00   20.59

05:15:13 PM  CPU    %usr   %nice    %sys %iowait    %irq   %soft  %steal  %guest  %gnice   %idle
05:15:14 PM    0   53.54    0.00   18.18    0.00    0.00    7.07    0.00    0.00    0.00   21.21

05:15:14 PM  CPU    %usr   %nice    %sys %iowait    %irq   %soft  %steal  %guest  %gnice   %idle
05:15:15 PM    0   53.06    0.00   22.45    0.00    0.00    3.06    0.00    0.00    0.00   21.43

05:15:15 PM  CPU    %usr   %nice    %sys %iowait    %irq   %soft  %steal  %guest  %gnice   %idle
05:15:16 PM    0   55.45    0.00   20.79    0.00    0.00    3.96    0.00    0.00    0.00   19.80

05:15:16 PM  CPU    %usr   %nice    %sys %iowait    %irq   %soft  %steal  %guest  %gnice   %idle
05:15:17 PM    0   54.00    0.00   19.00    0.00    0.00    5.00    0.00    0.00    0.00   22.00

05:15:17 PM  CPU    %usr   %nice    %sys %iowait    %irq   %soft  %steal  %guest  %gnice   %idle
05:15:18 PM    0   53.47    0.00   20.79    0.00    0.00    4.95    0.00    0.00    0.00   20.79

05:15:18 PM  CPU    %usr   %nice    %sys %iowait    %irq   %soft  %steal  %guest  %gnice   %idle
05:15:19 PM    0   56.57    0.00   16.16    0.00    0.00    6.06    0.00    0.00    0.00   21.21

05:15:19 PM  CPU    %usr   %nice    %sys %iowait    %irq   %soft  %steal  %guest  %gnice   %idle
05:15:20 PM    0   50.00    0.00   22.55    0.00    0.00    6.86    0.00    0.00    0.00   20.59

05:15:20 PM  CPU    %usr   %nice    %sys %iowait    %irq   %soft  %steal  %guest  %gnice   %idle
05:15:21 PM    0   52.58    0.00   20.62    0.00    0.00    5.15    0.00    0.00    0.00   21.65

05:15:21 PM  CPU    %usr   %nice    %sys %iowait    %irq   %soft  %steal  %guest  %gnice   %idle
05:15:22 PM    0   55.45    0.00   20.79    0.00    0.00    2.97    0.00    0.00    0.00   20.79

05:15:22 PM  CPU    %usr   %nice    %sys %iowait    %irq   %soft  %steal  %guest  %gnice   %idle
05:15:23 PM    0   50.00    0.00   23.47    0.00    0.00    5.10    0.00    0.00    0.00   21.43

05:15:23 PM  CPU    %usr   %nice    %sys %iowait    %irq   %soft  %steal  %guest  %gnice   %idle
05:15:24 PM    0   53.40    0.00   22.33    0.00    0.00    3.88    0.00    0.00    0.00   20.39

05:15:24 PM  CPU    %usr   %nice    %sys %iowait    %irq   %soft  %steal  %guest  %gnice   %idle
05:15:25 PM    0   44.44    0.00   26.26    0.00    0.00    7.07    0.00    0.00    0.00   22.22

05:15:25 PM  CPU    %usr   %nice    %sys %iowait    %irq   %soft  %steal  %guest  %gnice   %idle
05:15:26 PM    0   54.55    0.00   21.21    0.00    0.00    3.03    0.00    0.00    0.00   21.21

05:15:26 PM  CPU    %usr   %nice    %sys %iowait    %irq   %soft  %steal  %guest  %gnice   %idle
05:15:27 PM    0   54.46    0.00   18.81    0.00    0.00    5.94    0.00    0.00    0.00   20.79

05:15:27 PM  CPU    %usr   %nice    %sys %iowait    %irq   %soft  %steal  %guest  %gnice   %idle
05:15:28 PM    0   53.00    0.00   19.00    0.00    0.00    7.00    0.00    0.00    0.00   21.00

05:15:28 PM  CPU    %usr   %nice    %sys %iowait    %irq   %soft  %steal  %guest  %gnice   %idle
05:15:29 PM    0   50.00    0.00   22.55    0.00    0.00    5.88    0.00    0.00    0.00   21.57

05:15:29 PM  CPU    %usr   %nice    %sys %iowait    %irq   %soft  %steal  %guest  %gnice   %idle
05:15:30 PM    0   53.54    0.00   18.18    0.00    0.00    7.07    0.00    0.00    0.00   21.21

05:15:30 PM  CPU    %usr   %nice    %sys %iowait    %irq   %soft  %steal  %guest  %gnice   %idle
05:15:31 PM    0   52.04    0.00   20.41    0.00    0.00    6.12    0.00    0.00    0.00   21.43

05:15:31 PM  CPU    %usr   %nice    %sys %iowait    %irq   %soft  %steal  %guest  %gnice   %idle
05:15:32 PM    0   51.52    0.00   23.23    0.00    0.00    5.05    0.00    0.00    0.00   20.20

05:15:32 PM  CPU    %usr   %nice    %sys %iowait    %irq   %soft  %steal  %guest  %gnice   %idle
05:15:33 PM    0   50.52    0.00   20.62    0.00    0.00    7.22    0.00    0.00    0.00   21.65

Average:     CPU    %usr   %nice    %sys %iowait    %irq   %soft  %steal  %guest  %gnice   %idle
Average:       0   53.25    0.00   20.20    0.00    0.00    5.28    0.00    0.00    0.00   21.27
